<?xml version="1.0" encoding="UTF-8"?>
<testsuite xmlns:xsi="http://www.w3.org/2001/XMLSchema-instance" xsi:noNamespaceSchemaLocation="https://maven.apache.org/surefire/maven-failsafe-plugin/xsd/failsafe-test-report-3.0.xsd" version="3.0" name="starter.cucumberTestSuite" time="266.022" tests="6" errors="2" skipped="0" failures="0">
  <properties>
    <property name="java.specification.version" value="15"/>
    <property name="webdriver.chrome.driver" value="C:\Users\ASUS\.cache\selenium\chromedriver\win32\99.0.4844.51\chromedriver.exe"/>
    <property name="sun.cpu.isalist" value="amd64"/>
    <property name="sun.jnu.encoding" value="Cp1252"/>
    <property name="java.class.path" value="D:\PERKULIAHAN\Semester 6,Hebatt glad!\Altera\New folder\Serenity_Gladys_DDT\target\test-classes;C:\Users\ASUS\.m2\repository\net\serenity-bdd\serenity-core\3.2.1\serenity-core-3.2.1.jar;C:\Users\ASUS\.m2\repository\net\serenity-bdd\serenity-model\3.2.1\serenity-model-3.2.1.jar;C:\Users\ASUS\.m2\repository\org\apache\commons\commons-text\1.9\commons-text-1.9.jar;C:\Users\ASUS\.m2\repository\commons-net\commons-net\3.8.0\commons-net-3.8.0.jar;C:\Users\ASUS\.m2\repository\com\google\guava\guava\31.1-jre\guava-31.1-jre.jar;C:\Users\ASUS\.m2\repository\com\google\guava\failureaccess\1.0.1\failureaccess-1.0.1.jar;C:\Users\ASUS\.m2\repository\com\google\guava\listenablefuture\9999.0-empty-to-avoid-conflict-with-guava\listenablefuture-9999.0-empty-to-avoid-conflict-with-guava.jar;C:\Users\ASUS\.m2\repository\com\google\code\findbugs\jsr305\3.0.2\jsr305-3.0.2.jar;C:\Users\ASUS\.m2\repository\org\checkerframework\checker-qual\3.12.0\checker-qual-3.12.0.jar;C:\Users\ASUS\.m2\repository\com\google\errorprone\error_prone_annotations\2.11.0\error_prone_annotations-2.11.0.jar;C:\Users\ASUS\.m2\repository\com\google\j2objc\j2objc-annotations\1.3\j2objc-annotations-1.3.jar;C:\Users\ASUS\.m2\repository\com\google\inject\guice\5.1.0\guice-5.1.0.jar;C:\Users\ASUS\.m2\repository\javax\inject\javax.inject\1\javax.inject-1.jar;C:\Users\ASUS\.m2\repository\aopalliance\aopalliance\1.0\aopalliance-1.0.jar;C:\Users\ASUS\.m2\repository\org\jsoup\jsoup\1.14.3\jsoup-1.14.3.jar;C:\Users\ASUS\.m2\repository\com\thoughtworks\xstream\xstream\1.4.19\xstream-1.4.19.jar;C:\Users\ASUS\.m2\repository\io\github\x-stream\mxparser\1.2.2\mxparser-1.2.2.jar;C:\Users\ASUS\.m2\repository\xmlpull\xmlpull\1.1.3.1\xmlpull-1.1.3.1.jar;C:\Users\ASUS\.m2\repository\io\cucumber\cucumber-java\7.2.3\cucumber-java-7.2.3.jar;C:\Users\ASUS\.m2\repository\com\typesafe\config\1.4.2\config-1.4.2.jar;C:\Users\ASUS\.m2\repository\org\imgscalr\imgscalr-lib\4.2\imgscalr-lib-4.2.jar;C:\Users\ASUS\.m2\repository\org\awaitility\awaitility\4.2.0\awaitility-4.2.0.jar;C:\Users\ASUS\.m2\repository\org\freemarker\freemarker\2.3.31\freemarker-2.3.31.jar;C:\Users\ASUS\.m2\repository\io\github\classgraph\classgraph\4.8.138\classgraph-4.8.138.jar;C:\Users\ASUS\.m2\repository\net\sourceforge\jexcelapi\jxl\2.6.12\jxl-2.6.12.jar;C:\Users\ASUS\.m2\repository\net\bytebuddy\byte-buddy\1.12.8\byte-buddy-1.12.8.jar;C:\Users\ASUS\.m2\repository\net\bytebuddy\byte-buddy-agent\1.12.8\byte-buddy-agent-1.12.8.jar;C:\Users\ASUS\.m2\repository\org\objenesis\objenesis\3.1\objenesis-3.1.jar;C:\Users\ASUS\.m2\repository\net\serenity-bdd\serenity-reports\3.2.1\serenity-reports-3.2.1.jar;C:\Users\ASUS\.m2\repository\net\serenity-bdd\serenity-stats\3.2.1\serenity-stats-3.2.1.jar;C:\Users\ASUS\.m2\repository\net\serenity-bdd\serenity-reports-configuration\3.2.1\serenity-reports-configuration-3.2.1.jar;C:\Users\ASUS\.m2\repository\com\vladsch\flexmark\flexmark-all\0.34.30\flexmark-all-0.34.30.jar;C:\Users\ASUS\.m2\repository\com\vladsch\flexmark\flexmark\0.34.30\flexmark-0.34.30.jar;C:\Users\ASUS\.m2\repository\com\vladsch\flexmark\flexmark-ext-abbreviation\0.34.30\flexmark-ext-abbreviation-0.34.30.jar;C:\Users\ASUS\.m2\repository\com\vladsch\flexmark\flexmark-ext-admonition\0.34.30\flexmark-ext-admonition-0.34.30.jar;C:\Users\ASUS\.m2\repository\com\vladsch\flexmark\flexmark-ext-anchorlink\0.34.30\flexmark-ext-anchorlink-0.34.30.jar;C:\Users\ASUS\.m2\repository\com\vladsch\flexmark\flexmark-ext-aside\0.34.30\flexmark-ext-aside-0.34.30.jar;C:\Users\ASUS\.m2\repository\com\vladsch\flexmark\flexmark-ext-attributes\0.34.30\flexmark-ext-attributes-0.34.30.jar;C:\Users\ASUS\.m2\repository\com\vladsch\flexmark\flexmark-ext-autolink\0.34.30\flexmark-ext-autolink-0.34.30.jar;C:\Users\ASUS\.m2\repository\org\nibor\autolink\autolink\0.6.0\autolink-0.6.0.jar;C:\Users\ASUS\.m2\repository\com\vladsch\flexmark\flexmark-ext-definition\0.34.30\flexmark-ext-definition-0.34.30.jar;C:\Users\ASUS\.m2\repository\com\vladsch\flexmark\flexmark-ext-emoji\0.34.30\flexmark-ext-emoji-0.34.30.jar;C:\Users\ASUS\.m2\repository\com\vladsch\flexmark\flexmark-ext-enumerated-reference\0.34.30\flexmark-ext-enumerated-reference-0.34.30.jar;C:\Users\ASUS\.m2\repository\com\vladsch\flexmark\flexmark-ext-escaped-character\0.34.30\flexmark-ext-escaped-character-0.34.30.jar;C:\Users\ASUS\.m2\repository\com\vladsch\flexmark\flexmark-ext-footnotes\0.34.30\flexmark-ext-footnotes-0.34.30.jar;C:\Users\ASUS\.m2\repository\com\vladsch\flexmark\flexmark-ext-gfm-issues\0.34.30\flexmark-ext-gfm-issues-0.34.30.jar;C:\Users\ASUS\.m2\repository\com\vladsch\flexmark\flexmark-ext-gfm-strikethrough\0.34.30\flexmark-ext-gfm-strikethrough-0.34.30.jar;C:\Users\ASUS\.m2\repository\com\vladsch\flexmark\flexmark-ext-gfm-tables\0.34.30\flexmark-ext-gfm-tables-0.34.30.jar;C:\Users\ASUS\.m2\repository\com\vladsch\flexmark\flexmark-ext-gfm-tasklist\0.34.30\flexmark-ext-gfm-tasklist-0.34.30.jar;C:\Users\ASUS\.m2\repository\com\vladsch\flexmark\flexmark-ext-gfm-users\0.34.30\flexmark-ext-gfm-users-0.34.30.jar;C:\Users\ASUS\.m2\repository\com\vladsch\flexmark\flexmark-ext-gitlab\0.34.30\flexmark-ext-gitlab-0.34.30.jar;C:\Users\ASUS\.m2\repository\com\vladsch\flexmark\flexmark-ext-jekyll-front-matter\0.34.30\flexmark-ext-jekyll-front-matter-0.34.30.jar;C:\Users\ASUS\.m2\repository\com\vladsch\flexmark\flexmark-ext-jekyll-tag\0.34.30\flexmark-ext-jekyll-tag-0.34.30.jar;C:\Users\ASUS\.m2\repository\com\vladsch\flexmark\flexmark-ext-media-tags\0.34.30\flexmark-ext-media-tags-0.34.30.jar;C:\Users\ASUS\.m2\repository\com\vladsch\flexmark\flexmark-test-util\0.34.30\flexmark-test-util-0.34.30.jar;C:\Users\ASUS\.m2\repository\com\vladsch\flexmark\flexmark-ext-ins\0.34.30\flexmark-ext-ins-0.34.30.jar;C:\Users\ASUS\.m2\repository\com\vladsch\flexmark\flexmark-ext-xwiki-macros\0.34.30\flexmark-ext-xwiki-macros-0.34.30.jar;C:\Users\ASUS\.m2\repository\com\vladsch\flexmark\flexmark-ext-superscript\0.34.30\flexmark-ext-superscript-0.34.30.jar;C:\Users\ASUS\.m2\repository\com\vladsch\flexmark\flexmark-ext-tables\0.34.30\flexmark-ext-tables-0.34.30.jar;C:\Users\ASUS\.m2\repository\com\vladsch\flexmark\flexmark-ext-toc\0.34.30\flexmark-ext-toc-0.34.30.jar;C:\Users\ASUS\.m2\repository\com\vladsch\flexmark\flexmark-ext-typographic\0.34.30\flexmark-ext-typographic-0.34.30.jar;C:\Users\ASUS\.m2\repository\com\vladsch\flexmark\flexmark-ext-wikilink\0.34.30\flexmark-ext-wikilink-0.34.30.jar;C:\Users\ASUS\.m2\repository\com\vladsch\flexmark\flexmark-ext-yaml-front-matter\0.34.30\flexmark-ext-yaml-front-matter-0.34.30.jar;C:\Users\ASUS\.m2\repository\com\vladsch\flexmark\flexmark-ext-youtube-embedded\0.34.30\flexmark-ext-youtube-embedded-0.34.30.jar;C:\Users\ASUS\.m2\repository\com\vladsch\flexmark\flexmark-formatter\0.34.30\flexmark-formatter-0.34.30.jar;C:\Users\ASUS\.m2\repository\com\vladsch\flexmark\flexmark-html-parser\0.34.30\flexmark-html-parser-0.34.30.jar;C:\Users\ASUS\.m2\repository\com\vladsch\flexmark\flexmark-jira-converter\0.34.30\flexmark-jira-converter-0.34.30.jar;C:\Users\ASUS\.m2\repository\com\vladsch\flexmark\flexmark-pdf-converter\0.34.30\flexmark-pdf-converter-0.34.30.jar;C:\Users\ASUS\.m2\repository\com\openhtmltopdf\openhtmltopdf-core\0.0.1-RC13\openhtmltopdf-core-0.0.1-RC13.jar;C:\Users\ASUS\.m2\repository\com\openhtmltopdf\openhtmltopdf-pdfbox\0.0.1-RC13\openhtmltopdf-pdfbox-0.0.1-RC13.jar;C:\Users\ASUS\.m2\repository\org\apache\pdfbox\pdfbox\2.0.8\pdfbox-2.0.8.jar;C:\Users\ASUS\.m2\repository\org\apache\pdfbox\fontbox\2.0.8\fontbox-2.0.8.jar;C:\Users\ASUS\.m2\repository\commons-logging\commons-logging\1.2\commons-logging-1.2.jar;C:\Users\ASUS\.m2\repository\org\apache\pdfbox\xmpbox\2.0.8\xmpbox-2.0.8.jar;C:\Users\ASUS\.m2\repository\de\rototor\pdfbox\graphics2d\0.12\graphics2d-0.12.jar;C:\Users\ASUS\.m2\repository\com\openhtmltopdf\openhtmltopdf-rtl-support\0.0.1-RC13\openhtmltopdf-rtl-support-0.0.1-RC13.jar;C:\Users\ASUS\.m2\repository\com\ibm\icu\icu4j\59.1\icu4j-59.1.jar;C:\Users\ASUS\.m2\repository\com\openhtmltopdf\openhtmltopdf-jsoup-dom-converter\0.0.1-RC13\openhtmltopdf-jsoup-dom-converter-0.0.1-RC13.jar;C:\Users\ASUS\.m2\repository\com\vladsch\flexmark\flexmark-profile-pegdown\0.34.30\flexmark-profile-pegdown-0.34.30.jar;C:\Users\ASUS\.m2\repository\com\vladsch\flexmark\flexmark-util\0.34.30\flexmark-util-0.34.30.jar;C:\Users\ASUS\.m2\repository\com\vladsch\flexmark\flexmark-youtrack-converter\0.34.30\flexmark-youtrack-converter-0.34.30.jar;C:\Users\ASUS\.m2\repository\es\nitaur\markdown\txtmark\0.16\txtmark-0.16.jar;C:\Users\ASUS\.m2\repository\net\serenity-bdd\serenity-report-resources\3.2.1\serenity-report-resources-3.2.1.jar;C:\Users\ASUS\.m2\repository\com\google\code\gson\gson\2.9.0\gson-2.9.0.jar;C:\Users\ASUS\.m2\repository\com\fasterxml\jackson\core\jackson-core\2.13.2\jackson-core-2.13.2.jar;C:\Users\ASUS\.m2\repository\com\fasterxml\jackson\core\jackson-databind\2.13.2\jackson-databind-2.13.2.jar;C:\Users\ASUS\.m2\repository\com\fasterxml\jackson\core\jackson-annotations\2.13.2\jackson-annotations-2.13.2.jar;C:\Users\ASUS\.m2\repository\commons-codec\commons-codec\1.15\commons-codec-1.15.jar;C:\Users\ASUS\.m2\repository\commons-io\commons-io\2.11.0\commons-io-2.11.0.jar;C:\Users\ASUS\.m2\repository\org\seleniumhq\selenium\selenium-java\4.1.2\selenium-java-4.1.2.jar;C:\Users\ASUS\.m2\repository\org\seleniumhq\selenium\selenium-devtools-v85\4.1.2\selenium-devtools-v85-4.1.2.jar;C:\Users\ASUS\.m2\repository\org\seleniumhq\selenium\selenium-devtools-v95\4.1.2\selenium-devtools-v95-4.1.2.jar;C:\Users\ASUS\.m2\repository\org\seleniumhq\selenium\selenium-devtools-v96\4.1.2\selenium-devtools-v96-4.1.2.jar;C:\Users\ASUS\.m2\repository\org\seleniumhq\selenium\selenium-devtools-v97\4.1.2\selenium-devtools-v97-4.1.2.jar;C:\Users\ASUS\.m2\repository\org\seleniumhq\selenium\selenium-firefox-xpi-driver\4.1.2\selenium-firefox-xpi-driver-4.1.2.jar;C:\Users\ASUS\.m2\repository\org\seleniumhq\selenium\selenium-opera-driver\4.1.2\selenium-opera-driver-4.1.2.jar;C:\Users\ASUS\.m2\repository\org\seleniumhq\selenium\selenium-remote-driver\4.1.2\selenium-remote-driver-4.1.2.jar;C:\Users\ASUS\.m2\repository\com\beust\jcommander\1.82\jcommander-1.82.jar;C:\Users\ASUS\.m2\repository\io\netty\netty-buffer\4.1.73.Final\netty-buffer-4.1.73.Final.jar;C:\Users\ASUS\.m2\repository\io\netty\netty-codec-http\4.1.73.Final\netty-codec-http-4.1.73.Final.jar;C:\Users\ASUS\.m2\repository\io\netty\netty-codec\4.1.73.Final\netty-codec-4.1.73.Final.jar;C:\Users\ASUS\.m2\repository\io\netty\netty-handler\4.1.73.Final\netty-handler-4.1.73.Final.jar;C:\Users\ASUS\.m2\repository\io\netty\netty-tcnative-classes\2.0.46.Final\netty-tcnative-classes-2.0.46.Final.jar;C:\Users\ASUS\.m2\repository\io\netty\netty-common\4.1.73.Final\netty-common-4.1.73.Final.jar;C:\Users\ASUS\.m2\repository\io\netty\netty-transport-classes-epoll\4.1.73.Final\netty-transport-classes-epoll-4.1.73.Final.jar;C:\Users\ASUS\.m2\repository\io\netty\netty-transport-classes-kqueue\4.1.73.Final\netty-transport-classes-kqueue-4.1.73.Final.jar;C:\Users\ASUS\.m2\repository\io\netty\netty-transport-native-epoll\4.1.73.Final\netty-transport-native-epoll-4.1.73.Final.jar;C:\Users\ASUS\.m2\repository\io\netty\netty-transport-native-kqueue\4.1.73.Final\netty-transport-native-kqueue-4.1.73.Final.jar;C:\Users\ASUS\.m2\repository\io\netty\netty-transport-native-unix-common\4.1.73.Final\netty-transport-native-unix-common-4.1.73.Final.jar;C:\Users\ASUS\.m2\repository\io\netty\netty-transport\4.1.73.Final\netty-transport-4.1.73.Final.jar;C:\Users\ASUS\.m2\repository\io\netty\netty-resolver\4.1.73.Final\netty-resolver-4.1.73.Final.jar;C:\Users\ASUS\.m2\repository\io\opentelemetry\opentelemetry-api\1.10.1\opentelemetry-api-1.10.1.jar;C:\Users\ASUS\.m2\repository\io\opentelemetry\opentelemetry-context\1.10.1\opentelemetry-context-1.10.1.jar;C:\Users\ASUS\.m2\repository\io\opentelemetry\opentelemetry-exporter-logging\1.10.1\opentelemetry-exporter-logging-1.10.1.jar;C:\Users\ASUS\.m2\repository\io\opentelemetry\opentelemetry-sdk-metrics\1.10.1-alpha\opentelemetry-sdk-metrics-1.10.1-alpha.jar;C:\Users\ASUS\.m2\repository\io\opentelemetry\opentelemetry-sdk-logs\1.10.1-alpha\opentelemetry-sdk-logs-1.10.1-alpha.jar;C:\Users\ASUS\.m2\repository\io\opentelemetry\opentelemetry-sdk-common\1.10.1\opentelemetry-sdk-common-1.10.1.jar;C:\Users\ASUS\.m2\repository\io\opentelemetry\opentelemetry-sdk-extension-autoconfigure-spi\1.10.1\opentelemetry-sdk-extension-autoconfigure-spi-1.10.1.jar;C:\Users\ASUS\.m2\repository\io\opentelemetry\opentelemetry-sdk-extension-autoconfigure\1.10.1-alpha\opentelemetry-sdk-extension-autoconfigure-1.10.1-alpha.jar;C:\Users\ASUS\.m2\repository\io\opentelemetry\opentelemetry-sdk-trace\1.10.1\opentelemetry-sdk-trace-1.10.1.jar;C:\Users\ASUS\.m2\repository\io\opentelemetry\opentelemetry-sdk\1.10.1\opentelemetry-sdk-1.10.1.jar;C:\Users\ASUS\.m2\repository\io\opentelemetry\opentelemetry-semconv\1.10.1-alpha\opentelemetry-semconv-1.10.1-alpha.jar;C:\Users\ASUS\.m2\repository\io\ous\jtoml\2.0.0\jtoml-2.0.0.jar;C:\Users\ASUS\.m2\repository\org\apache\commons\commons-exec\1.3\commons-exec-1.3.jar;C:\Users\ASUS\.m2\repository\org\asynchttpclient\async-http-client\2.12.3\async-http-client-2.12.3.jar;C:\Users\ASUS\.m2\repository\org\asynchttpclient\async-http-client-netty-utils\2.12.3\async-http-client-netty-utils-2.12.3.jar;C:\Users\ASUS\.m2\repository\io\netty\netty-codec-socks\4.1.60.Final\netty-codec-socks-4.1.60.Final.jar;C:\Users\ASUS\.m2\repository\io\netty\netty-handler-proxy\4.1.60.Final\netty-handler-proxy-4.1.60.Final.jar;C:\Users\ASUS\.m2\repository\io\netty\netty-transport-native-epoll\4.1.60.Final\netty-transport-native-epoll-4.1.60.Final-linux-x86_64.jar;C:\Users\ASUS\.m2\repository\io\netty\netty-transport-native-kqueue\4.1.60.Final\netty-transport-native-kqueue-4.1.60.Final-osx-x86_64.jar;C:\Users\ASUS\.m2\repository\org\reactivestreams\reactive-streams\1.0.3\reactive-streams-1.0.3.jar;C:\Users\ASUS\.m2\repository\com\typesafe\netty\netty-reactive-streams\2.0.4\netty-reactive-streams-2.0.4.jar;C:\Users\ASUS\.m2\repository\org\seleniumhq\selenium\selenium-http\4.1.2\selenium-http-4.1.2.jar;C:\Users\ASUS\.m2\repository\net\jodah\failsafe\2.4.4\failsafe-2.4.4.jar;C:\Users\ASUS\.m2\repository\org\seleniumhq\selenium\selenium-safari-driver\4.1.2\selenium-safari-driver-4.1.2.jar;C:\Users\ASUS\.m2\repository\org\seleniumhq\selenium\selenium-api\4.1.2\selenium-api-4.1.2.jar;C:\Users\ASUS\.m2\repository\org\seleniumhq\selenium\selenium-support\4.1.2\selenium-support-4.1.2.jar;C:\Users\ASUS\.m2\repository\com\google\auto\service\auto-service-annotations\1.0.1\auto-service-annotations-1.0.1.jar;C:\Users\ASUS\.m2\repository\com\google\auto\service\auto-service\1.0.1\auto-service-1.0.1.jar;C:\Users\ASUS\.m2\repository\com\google\auto\auto-common\1.2\auto-common-1.2.jar;C:\Users\ASUS\.m2\repository\org\seleniumhq\selenium\selenium-json\4.1.2\selenium-json-4.1.2.jar;C:\Users\ASUS\.m2\repository\org\seleniumhq\selenium\selenium-chrome-driver\4.1.2\selenium-chrome-driver-4.1.2.jar;C:\Users\ASUS\.m2\repository\org\seleniumhq\selenium\selenium-chromium-driver\4.1.2\selenium-chromium-driver-4.1.2.jar;C:\Users\ASUS\.m2\repository\org\seleniumhq\selenium\selenium-firefox-driver\4.1.2\selenium-firefox-driver-4.1.2.jar;C:\Users\ASUS\.m2\repository\org\seleniumhq\selenium\selenium-edge-driver\4.1.2\selenium-edge-driver-4.1.2.jar;C:\Users\ASUS\.m2\repository\org\seleniumhq\selenium\selenium-ie-driver\4.1.2\selenium-ie-driver-4.1.2.jar;C:\Users\ASUS\.m2\repository\org\projectlombok\lombok\1.18.20\lombok-1.18.20.jar;C:\Users\ASUS\.m2\repository\io\appium\java-client\8.0.0\java-client-8.0.0.jar;C:\Users\ASUS\.m2\repository\commons-validator\commons-validator\1.7\commons-validator-1.7.jar;C:\Users\ASUS\.m2\repository\commons-digester\commons-digester\2.1\commons-digester-2.1.jar;C:\Users\ASUS\.m2\repository\org\aspectj\aspectjweaver\1.9.8\aspectjweaver-1.9.8.jar;C:\Users\ASUS\.m2\repository\org\codehaus\groovy\groovy\3.0.10\groovy-3.0.10.jar;C:\Users\ASUS\.m2\repository\net\sf\opencsv\opencsv\2.0\opencsv-2.0.jar;C:\Users\ASUS\.m2\repository\commons-beanutils\commons-beanutils\1.9.4\commons-beanutils-1.9.4.jar;C:\Users\ASUS\.m2\repository\org\apache\commons\commons-lang3\3.12.0\commons-lang3-3.12.0.jar;C:\Users\ASUS\.m2\repository\commons-collections\commons-collections\3.2.2\commons-collections-3.2.2.jar;C:\Users\ASUS\.m2\repository\org\fluentlenium\fluentlenium-core\0.10.2\fluentlenium-core-0.10.2.jar;C:\Users\ASUS\.m2\repository\io\github\bonigarcia\webdrivermanager\5.1.0\webdrivermanager-5.1.0.jar;C:\Users\ASUS\.m2\repository\com\github\docker-java\docker-java\3.2.13\docker-java-3.2.13.jar;C:\Users\ASUS\.m2\repository\com\github\docker-java\docker-java-core\3.2.13\docker-java-core-3.2.13.jar;C:\Users\ASUS\.m2\repository\com\github\docker-java\docker-java-api\3.2.13\docker-java-api-3.2.13.jar;C:\Users\ASUS\.m2\repository\org\apache\commons\commons-compress\1.21\commons-compress-1.21.jar;C:\Users\ASUS\.m2\repository\org\bouncycastle\bcpkix-jdk15on\1.64\bcpkix-jdk15on-1.64.jar;C:\Users\ASUS\.m2\repository\org\bouncycastle\bcprov-jdk15on\1.64\bcprov-jdk15on-1.64.jar;C:\Users\ASUS\.m2\repository\org\slf4j\jcl-over-slf4j\1.7.30\jcl-over-slf4j-1.7.30.jar;C:\Users\ASUS\.m2\repository\com\github\docker-java\docker-java-transport-httpclient5\3.2.13\docker-java-transport-httpclient5-3.2.13.jar;C:\Users\ASUS\.m2\repository\com\github\docker-java\docker-java-transport\3.2.13\docker-java-transport-3.2.13.jar;C:\Users\ASUS\.m2\repository\org\apache\httpcomponents\client5\httpclient5\5.0.3\httpclient5-5.0.3.jar;C:\Users\ASUS\.m2\repository\org\apache\httpcomponents\core5\httpcore5\5.0.2\httpcore5-5.0.2.jar;C:\Users\ASUS\.m2\repository\net\java\dev\jna\jna\5.8.0\jna-5.8.0.jar;C:\Users\ASUS\.m2\repository\org\brotli\dec\0.1.2\dec-0.1.2.jar;C:\Users\ASUS\.m2\repository\com\jhlabs\filters\2.0.235\filters-2.0.235.jar;C:\Users\ASUS\.m2\repository\com\paulhammant\ngwebdriver\1.1.6\ngwebdriver-1.1.6.jar;C:\Users\ASUS\.m2\repository\joda-time\joda-time\2.8.2\joda-time-2.8.2.jar;C:\Users\ASUS\.m2\repository\org\hamcrest\hamcrest\2.2\hamcrest-2.2.jar;C:\Users\ASUS\.m2\repository\com\google\jimfs\jimfs\1.2\jimfs-1.2.jar;C:\Users\ASUS\.m2\repository\org\mockito\mockito-core\3.3.3\mockito-core-3.3.3.jar;C:\Users\ASUS\.m2\repository\javax\xml\bind\jaxb-api\2.3.1\jaxb-api-2.3.1.jar;C:\Users\ASUS\.m2\repository\javax\activation\javax.activation-api\1.2.0\javax.activation-api-1.2.0.jar;C:\Users\ASUS\.m2\repository\com\sun\xml\bind\jaxb-core\2.3.0.1\jaxb-core-2.3.0.1.jar;C:\Users\ASUS\.m2\repository\com\sun\xml\bind\jaxb-impl\2.3.3\jaxb-impl-2.3.3.jar;C:\Users\ASUS\.m2\repository\jakarta\xml\bind\jakarta.xml.bind-api\2.3.3\jakarta.xml.bind-api-2.3.3.jar;C:\Users\ASUS\.m2\repository\com\sun\activation\jakarta.activation\1.2.2\jakarta.activation-1.2.2.jar;C:\Users\ASUS\.m2\repository\javax\activation\activation\1.1.1\activation-1.1.1.jar;C:\Users\ASUS\.m2\repository\net\serenity-bdd\serenity-cucumber\3.2.1\serenity-cucumber-3.2.1.jar;C:\Users\ASUS\.m2\repository\io\cucumber\cucumber-core\7.2.3\cucumber-core-7.2.3.jar;C:\Users\ASUS\.m2\repository\io\cucumber\cucumber-gherkin\7.2.3\cucumber-gherkin-7.2.3.jar;C:\Users\ASUS\.m2\repository\io\cucumber\cucumber-gherkin-messages\7.2.3\cucumber-gherkin-messages-7.2.3.jar;C:\Users\ASUS\.m2\repository\io\cucumber\messages\17.1.1\messages-17.1.1.jar;C:\Users\ASUS\.m2\repository\io\cucumber\tag-expressions\4.1.0\tag-expressions-4.1.0.jar;C:\Users\ASUS\.m2\repository\io\cucumber\cucumber-expressions\15.0.1\cucumber-expressions-15.0.1.jar;C:\Users\ASUS\.m2\repository\io\cucumber\datatable\7.2.3\datatable-7.2.3.jar;C:\Users\ASUS\.m2\repository\io\cucumber\cucumber-plugin\7.2.3\cucumber-plugin-7.2.3.jar;C:\Users\ASUS\.m2\repository\io\cucumber\docstring\7.2.3\docstring-7.2.3.jar;C:\Users\ASUS\.m2\repository\io\cucumber\html-formatter\17.0.0\html-formatter-17.0.0.jar;C:\Users\ASUS\.m2\repository\io\cucumber\ci-environment\8.1.0\ci-environment-8.1.0.jar;C:\Users\ASUS\.m2\repository\io\cucumber\cucumber-junit\7.2.3\cucumber-junit-7.2.3.jar;C:\Users\ASUS\.m2\repository\org\apache\commons\commons-csv\1.5\commons-csv-1.5.jar;C:\Users\ASUS\.m2\repository\net\serenity-bdd\serenity-screenplay\3.2.1\serenity-screenplay-3.2.1.jar;C:\Users\ASUS\.m2\repository\net\serenity-bdd\serenity-screenplay-webdriver\3.2.1\serenity-screenplay-webdriver-3.2.1.jar;C:\Users\ASUS\.m2\repository\net\serenity-bdd\serenity-ensure\3.2.1\serenity-ensure-3.2.1.jar;C:\Users\ASUS\.m2\repository\net\serenity-bdd\serenity-junit\3.2.1\serenity-junit-3.2.1.jar;C:\Users\ASUS\.m2\repository\org\jetbrains\kotlin\kotlin-stdlib\1.6.0\kotlin-stdlib-1.6.0.jar;C:\Users\ASUS\.m2\repository\org\jetbrains\annotations\13.0\annotations-13.0.jar;C:\Users\ASUS\.m2\repository\org\jetbrains\kotlin\kotlin-stdlib-common\1.6.0\kotlin-stdlib-common-1.6.0.jar;C:\Users\ASUS\.m2\repository\org\junit\platform\junit-platform-launcher\1.8.1\junit-platform-launcher-1.8.1.jar;C:\Users\ASUS\.m2\repository\org\junit\platform\junit-platform-engine\1.8.1\junit-platform-engine-1.8.1.jar;C:\Users\ASUS\.m2\repository\org\opentest4j\opentest4j\1.2.0\opentest4j-1.2.0.jar;C:\Users\ASUS\.m2\repository\org\junit\platform\junit-platform-commons\1.8.1\junit-platform-commons-1.8.1.jar;C:\Users\ASUS\.m2\repository\org\apiguardian\apiguardian-api\1.1.2\apiguardian-api-1.1.2.jar;C:\Users\ASUS\.m2\repository\org\junit\jupiter\junit-jupiter-engine\5.8.2\junit-jupiter-engine-5.8.2.jar;C:\Users\ASUS\.m2\repository\org\junit\jupiter\junit-jupiter-api\5.8.2\junit-jupiter-api-5.8.2.jar;C:\Users\ASUS\.m2\repository\org\junit\vintage\junit-vintage-engine\5.8.2\junit-vintage-engine-5.8.2.jar;C:\Users\ASUS\.m2\repository\junit\junit\4.13.2\junit-4.13.2.jar;C:\Users\ASUS\.m2\repository\org\hamcrest\hamcrest-core\1.3\hamcrest-core-1.3.jar;C:\Users\ASUS\.m2\repository\ch\qos\logback\logback-classic\1.2.10\logback-classic-1.2.10.jar;C:\Users\ASUS\.m2\repository\ch\qos\logback\logback-core\1.2.10\logback-core-1.2.10.jar;C:\Users\ASUS\.m2\repository\org\slf4j\slf4j-api\1.7.32\slf4j-api-1.7.32.jar;C:\Users\ASUS\.m2\repository\org\assertj\assertj-core\3.6.2\assertj-core-3.6.2.jar;"/>
    <property name="java.vm.vendor" value="Oracle Corporation"/>
    <property name="sun.arch.data.model" value="64"/>
    <property name="user.variant" value=""/>
    <property name="java.vendor.url" value="https://java.oracle.com/"/>
    <property name="user.timezone" value="Asia/Jakarta"/>
    <property name="log4j2.formatMsgNoLookups" value="true"/>
    <property name="os.name" value="Windows 10"/>
    <property name="java.vm.specification.version" value="15"/>
    <property name="sun.java.launcher" value="SUN_STANDARD"/>
    <property name="user.country" value="ID"/>
    <property name="sun.boot.library.path" value="C:\Program Files\Java\jdk-15.0.2\bin"/>
    <property name="sun.java.command" value="org.apache.maven.surefire.booter.ForkedBooter C:\Users\ASUS\AppData\Local\Temp\surefire17604449885605818369 2022-03-31T16-06-43_369-jvmRun1 surefire14934817074090488112tmp surefire_010253154937487707450tmp"/>
    <property name="jdk.debug" value="release"/>
    <property name="surefire.test.class.path" value="D:\PERKULIAHAN\Semester 6,Hebatt glad!\Altera\New folder\Serenity_Gladys_DDT\target\test-classes;C:\Users\ASUS\.m2\repository\net\serenity-bdd\serenity-core\3.2.1\serenity-core-3.2.1.jar;C:\Users\ASUS\.m2\repository\net\serenity-bdd\serenity-model\3.2.1\serenity-model-3.2.1.jar;C:\Users\ASUS\.m2\repository\org\apache\commons\commons-text\1.9\commons-text-1.9.jar;C:\Users\ASUS\.m2\repository\commons-net\commons-net\3.8.0\commons-net-3.8.0.jar;C:\Users\ASUS\.m2\repository\com\google\guava\guava\31.1-jre\guava-31.1-jre.jar;C:\Users\ASUS\.m2\repository\com\google\guava\failureaccess\1.0.1\failureaccess-1.0.1.jar;C:\Users\ASUS\.m2\repository\com\google\guava\listenablefuture\9999.0-empty-to-avoid-conflict-with-guava\listenablefuture-9999.0-empty-to-avoid-conflict-with-guava.jar;C:\Users\ASUS\.m2\repository\com\google\code\findbugs\jsr305\3.0.2\jsr305-3.0.2.jar;C:\Users\ASUS\.m2\repository\org\checkerframework\checker-qual\3.12.0\checker-qual-3.12.0.jar;C:\Users\ASUS\.m2\repository\com\google\errorprone\error_prone_annotations\2.11.0\error_prone_annotations-2.11.0.jar;C:\Users\ASUS\.m2\repository\com\google\j2objc\j2objc-annotations\1.3\j2objc-annotations-1.3.jar;C:\Users\ASUS\.m2\repository\com\google\inject\guice\5.1.0\guice-5.1.0.jar;C:\Users\ASUS\.m2\repository\javax\inject\javax.inject\1\javax.inject-1.jar;C:\Users\ASUS\.m2\repository\aopalliance\aopalliance\1.0\aopalliance-1.0.jar;C:\Users\ASUS\.m2\repository\org\jsoup\jsoup\1.14.3\jsoup-1.14.3.jar;C:\Users\ASUS\.m2\repository\com\thoughtworks\xstream\xstream\1.4.19\xstream-1.4.19.jar;C:\Users\ASUS\.m2\repository\io\github\x-stream\mxparser\1.2.2\mxparser-1.2.2.jar;C:\Users\ASUS\.m2\repository\xmlpull\xmlpull\1.1.3.1\xmlpull-1.1.3.1.jar;C:\Users\ASUS\.m2\repository\io\cucumber\cucumber-java\7.2.3\cucumber-java-7.2.3.jar;C:\Users\ASUS\.m2\repository\com\typesafe\config\1.4.2\config-1.4.2.jar;C:\Users\ASUS\.m2\repository\org\imgscalr\imgscalr-lib\4.2\imgscalr-lib-4.2.jar;C:\Users\ASUS\.m2\repository\org\awaitility\awaitility\4.2.0\awaitility-4.2.0.jar;C:\Users\ASUS\.m2\repository\org\freemarker\freemarker\2.3.31\freemarker-2.3.31.jar;C:\Users\ASUS\.m2\repository\io\github\classgraph\classgraph\4.8.138\classgraph-4.8.138.jar;C:\Users\ASUS\.m2\repository\net\sourceforge\jexcelapi\jxl\2.6.12\jxl-2.6.12.jar;C:\Users\ASUS\.m2\repository\net\bytebuddy\byte-buddy\1.12.8\byte-buddy-1.12.8.jar;C:\Users\ASUS\.m2\repository\net\bytebuddy\byte-buddy-agent\1.12.8\byte-buddy-agent-1.12.8.jar;C:\Users\ASUS\.m2\repository\org\objenesis\objenesis\3.1\objenesis-3.1.jar;C:\Users\ASUS\.m2\repository\net\serenity-bdd\serenity-reports\3.2.1\serenity-reports-3.2.1.jar;C:\Users\ASUS\.m2\repository\net\serenity-bdd\serenity-stats\3.2.1\serenity-stats-3.2.1.jar;C:\Users\ASUS\.m2\repository\net\serenity-bdd\serenity-reports-configuration\3.2.1\serenity-reports-configuration-3.2.1.jar;C:\Users\ASUS\.m2\repository\com\vladsch\flexmark\flexmark-all\0.34.30\flexmark-all-0.34.30.jar;C:\Users\ASUS\.m2\repository\com\vladsch\flexmark\flexmark\0.34.30\flexmark-0.34.30.jar;C:\Users\ASUS\.m2\repository\com\vladsch\flexmark\flexmark-ext-abbreviation\0.34.30\flexmark-ext-abbreviation-0.34.30.jar;C:\Users\ASUS\.m2\repository\com\vladsch\flexmark\flexmark-ext-admonition\0.34.30\flexmark-ext-admonition-0.34.30.jar;C:\Users\ASUS\.m2\repository\com\vladsch\flexmark\flexmark-ext-anchorlink\0.34.30\flexmark-ext-anchorlink-0.34.30.jar;C:\Users\ASUS\.m2\repository\com\vladsch\flexmark\flexmark-ext-aside\0.34.30\flexmark-ext-aside-0.34.30.jar;C:\Users\ASUS\.m2\repository\com\vladsch\flexmark\flexmark-ext-attributes\0.34.30\flexmark-ext-attributes-0.34.30.jar;C:\Users\ASUS\.m2\repository\com\vladsch\flexmark\flexmark-ext-autolink\0.34.30\flexmark-ext-autolink-0.34.30.jar;C:\Users\ASUS\.m2\repository\org\nibor\autolink\autolink\0.6.0\autolink-0.6.0.jar;C:\Users\ASUS\.m2\repository\com\vladsch\flexmark\flexmark-ext-definition\0.34.30\flexmark-ext-definition-0.34.30.jar;C:\Users\ASUS\.m2\repository\com\vladsch\flexmark\flexmark-ext-emoji\0.34.30\flexmark-ext-emoji-0.34.30.jar;C:\Users\ASUS\.m2\repository\com\vladsch\flexmark\flexmark-ext-enumerated-reference\0.34.30\flexmark-ext-enumerated-reference-0.34.30.jar;C:\Users\ASUS\.m2\repository\com\vladsch\flexmark\flexmark-ext-escaped-character\0.34.30\flexmark-ext-escaped-character-0.34.30.jar;C:\Users\ASUS\.m2\repository\com\vladsch\flexmark\flexmark-ext-footnotes\0.34.30\flexmark-ext-footnotes-0.34.30.jar;C:\Users\ASUS\.m2\repository\com\vladsch\flexmark\flexmark-ext-gfm-issues\0.34.30\flexmark-ext-gfm-issues-0.34.30.jar;C:\Users\ASUS\.m2\repository\com\vladsch\flexmark\flexmark-ext-gfm-strikethrough\0.34.30\flexmark-ext-gfm-strikethrough-0.34.30.jar;C:\Users\ASUS\.m2\repository\com\vladsch\flexmark\flexmark-ext-gfm-tables\0.34.30\flexmark-ext-gfm-tables-0.34.30.jar;C:\Users\ASUS\.m2\repository\com\vladsch\flexmark\flexmark-ext-gfm-tasklist\0.34.30\flexmark-ext-gfm-tasklist-0.34.30.jar;C:\Users\ASUS\.m2\repository\com\vladsch\flexmark\flexmark-ext-gfm-users\0.34.30\flexmark-ext-gfm-users-0.34.30.jar;C:\Users\ASUS\.m2\repository\com\vladsch\flexmark\flexmark-ext-gitlab\0.34.30\flexmark-ext-gitlab-0.34.30.jar;C:\Users\ASUS\.m2\repository\com\vladsch\flexmark\flexmark-ext-jekyll-front-matter\0.34.30\flexmark-ext-jekyll-front-matter-0.34.30.jar;C:\Users\ASUS\.m2\repository\com\vladsch\flexmark\flexmark-ext-jekyll-tag\0.34.30\flexmark-ext-jekyll-tag-0.34.30.jar;C:\Users\ASUS\.m2\repository\com\vladsch\flexmark\flexmark-ext-media-tags\0.34.30\flexmark-ext-media-tags-0.34.30.jar;C:\Users\ASUS\.m2\repository\com\vladsch\flexmark\flexmark-test-util\0.34.30\flexmark-test-util-0.34.30.jar;C:\Users\ASUS\.m2\repository\com\vladsch\flexmark\flexmark-ext-ins\0.34.30\flexmark-ext-ins-0.34.30.jar;C:\Users\ASUS\.m2\repository\com\vladsch\flexmark\flexmark-ext-xwiki-macros\0.34.30\flexmark-ext-xwiki-macros-0.34.30.jar;C:\Users\ASUS\.m2\repository\com\vladsch\flexmark\flexmark-ext-superscript\0.34.30\flexmark-ext-superscript-0.34.30.jar;C:\Users\ASUS\.m2\repository\com\vladsch\flexmark\flexmark-ext-tables\0.34.30\flexmark-ext-tables-0.34.30.jar;C:\Users\ASUS\.m2\repository\com\vladsch\flexmark\flexmark-ext-toc\0.34.30\flexmark-ext-toc-0.34.30.jar;C:\Users\ASUS\.m2\repository\com\vladsch\flexmark\flexmark-ext-typographic\0.34.30\flexmark-ext-typographic-0.34.30.jar;C:\Users\ASUS\.m2\repository\com\vladsch\flexmark\flexmark-ext-wikilink\0.34.30\flexmark-ext-wikilink-0.34.30.jar;C:\Users\ASUS\.m2\repository\com\vladsch\flexmark\flexmark-ext-yaml-front-matter\0.34.30\flexmark-ext-yaml-front-matter-0.34.30.jar;C:\Users\ASUS\.m2\repository\com\vladsch\flexmark\flexmark-ext-youtube-embedded\0.34.30\flexmark-ext-youtube-embedded-0.34.30.jar;C:\Users\ASUS\.m2\repository\com\vladsch\flexmark\flexmark-formatter\0.34.30\flexmark-formatter-0.34.30.jar;C:\Users\ASUS\.m2\repository\com\vladsch\flexmark\flexmark-html-parser\0.34.30\flexmark-html-parser-0.34.30.jar;C:\Users\ASUS\.m2\repository\com\vladsch\flexmark\flexmark-jira-converter\0.34.30\flexmark-jira-converter-0.34.30.jar;C:\Users\ASUS\.m2\repository\com\vladsch\flexmark\flexmark-pdf-converter\0.34.30\flexmark-pdf-converter-0.34.30.jar;C:\Users\ASUS\.m2\repository\com\openhtmltopdf\openhtmltopdf-core\0.0.1-RC13\openhtmltopdf-core-0.0.1-RC13.jar;C:\Users\ASUS\.m2\repository\com\openhtmltopdf\openhtmltopdf-pdfbox\0.0.1-RC13\openhtmltopdf-pdfbox-0.0.1-RC13.jar;C:\Users\ASUS\.m2\repository\org\apache\pdfbox\pdfbox\2.0.8\pdfbox-2.0.8.jar;C:\Users\ASUS\.m2\repository\org\apache\pdfbox\fontbox\2.0.8\fontbox-2.0.8.jar;C:\Users\ASUS\.m2\repository\commons-logging\commons-logging\1.2\commons-logging-1.2.jar;C:\Users\ASUS\.m2\repository\org\apache\pdfbox\xmpbox\2.0.8\xmpbox-2.0.8.jar;C:\Users\ASUS\.m2\repository\de\rototor\pdfbox\graphics2d\0.12\graphics2d-0.12.jar;C:\Users\ASUS\.m2\repository\com\openhtmltopdf\openhtmltopdf-rtl-support\0.0.1-RC13\openhtmltopdf-rtl-support-0.0.1-RC13.jar;C:\Users\ASUS\.m2\repository\com\ibm\icu\icu4j\59.1\icu4j-59.1.jar;C:\Users\ASUS\.m2\repository\com\openhtmltopdf\openhtmltopdf-jsoup-dom-converter\0.0.1-RC13\openhtmltopdf-jsoup-dom-converter-0.0.1-RC13.jar;C:\Users\ASUS\.m2\repository\com\vladsch\flexmark\flexmark-profile-pegdown\0.34.30\flexmark-profile-pegdown-0.34.30.jar;C:\Users\ASUS\.m2\repository\com\vladsch\flexmark\flexmark-util\0.34.30\flexmark-util-0.34.30.jar;C:\Users\ASUS\.m2\repository\com\vladsch\flexmark\flexmark-youtrack-converter\0.34.30\flexmark-youtrack-converter-0.34.30.jar;C:\Users\ASUS\.m2\repository\es\nitaur\markdown\txtmark\0.16\txtmark-0.16.jar;C:\Users\ASUS\.m2\repository\net\serenity-bdd\serenity-report-resources\3.2.1\serenity-report-resources-3.2.1.jar;C:\Users\ASUS\.m2\repository\com\google\code\gson\gson\2.9.0\gson-2.9.0.jar;C:\Users\ASUS\.m2\repository\com\fasterxml\jackson\core\jackson-core\2.13.2\jackson-core-2.13.2.jar;C:\Users\ASUS\.m2\repository\com\fasterxml\jackson\core\jackson-databind\2.13.2\jackson-databind-2.13.2.jar;C:\Users\ASUS\.m2\repository\com\fasterxml\jackson\core\jackson-annotations\2.13.2\jackson-annotations-2.13.2.jar;C:\Users\ASUS\.m2\repository\commons-codec\commons-codec\1.15\commons-codec-1.15.jar;C:\Users\ASUS\.m2\repository\commons-io\commons-io\2.11.0\commons-io-2.11.0.jar;C:\Users\ASUS\.m2\repository\org\seleniumhq\selenium\selenium-java\4.1.2\selenium-java-4.1.2.jar;C:\Users\ASUS\.m2\repository\org\seleniumhq\selenium\selenium-devtools-v85\4.1.2\selenium-devtools-v85-4.1.2.jar;C:\Users\ASUS\.m2\repository\org\seleniumhq\selenium\selenium-devtools-v95\4.1.2\selenium-devtools-v95-4.1.2.jar;C:\Users\ASUS\.m2\repository\org\seleniumhq\selenium\selenium-devtools-v96\4.1.2\selenium-devtools-v96-4.1.2.jar;C:\Users\ASUS\.m2\repository\org\seleniumhq\selenium\selenium-devtools-v97\4.1.2\selenium-devtools-v97-4.1.2.jar;C:\Users\ASUS\.m2\repository\org\seleniumhq\selenium\selenium-firefox-xpi-driver\4.1.2\selenium-firefox-xpi-driver-4.1.2.jar;C:\Users\ASUS\.m2\repository\org\seleniumhq\selenium\selenium-opera-driver\4.1.2\selenium-opera-driver-4.1.2.jar;C:\Users\ASUS\.m2\repository\org\seleniumhq\selenium\selenium-remote-driver\4.1.2\selenium-remote-driver-4.1.2.jar;C:\Users\ASUS\.m2\repository\com\beust\jcommander\1.82\jcommander-1.82.jar;C:\Users\ASUS\.m2\repository\io\netty\netty-buffer\4.1.73.Final\netty-buffer-4.1.73.Final.jar;C:\Users\ASUS\.m2\repository\io\netty\netty-codec-http\4.1.73.Final\netty-codec-http-4.1.73.Final.jar;C:\Users\ASUS\.m2\repository\io\netty\netty-codec\4.1.73.Final\netty-codec-4.1.73.Final.jar;C:\Users\ASUS\.m2\repository\io\netty\netty-handler\4.1.73.Final\netty-handler-4.1.73.Final.jar;C:\Users\ASUS\.m2\repository\io\netty\netty-tcnative-classes\2.0.46.Final\netty-tcnative-classes-2.0.46.Final.jar;C:\Users\ASUS\.m2\repository\io\netty\netty-common\4.1.73.Final\netty-common-4.1.73.Final.jar;C:\Users\ASUS\.m2\repository\io\netty\netty-transport-classes-epoll\4.1.73.Final\netty-transport-classes-epoll-4.1.73.Final.jar;C:\Users\ASUS\.m2\repository\io\netty\netty-transport-classes-kqueue\4.1.73.Final\netty-transport-classes-kqueue-4.1.73.Final.jar;C:\Users\ASUS\.m2\repository\io\netty\netty-transport-native-epoll\4.1.73.Final\netty-transport-native-epoll-4.1.73.Final.jar;C:\Users\ASUS\.m2\repository\io\netty\netty-transport-native-kqueue\4.1.73.Final\netty-transport-native-kqueue-4.1.73.Final.jar;C:\Users\ASUS\.m2\repository\io\netty\netty-transport-native-unix-common\4.1.73.Final\netty-transport-native-unix-common-4.1.73.Final.jar;C:\Users\ASUS\.m2\repository\io\netty\netty-transport\4.1.73.Final\netty-transport-4.1.73.Final.jar;C:\Users\ASUS\.m2\repository\io\netty\netty-resolver\4.1.73.Final\netty-resolver-4.1.73.Final.jar;C:\Users\ASUS\.m2\repository\io\opentelemetry\opentelemetry-api\1.10.1\opentelemetry-api-1.10.1.jar;C:\Users\ASUS\.m2\repository\io\opentelemetry\opentelemetry-context\1.10.1\opentelemetry-context-1.10.1.jar;C:\Users\ASUS\.m2\repository\io\opentelemetry\opentelemetry-exporter-logging\1.10.1\opentelemetry-exporter-logging-1.10.1.jar;C:\Users\ASUS\.m2\repository\io\opentelemetry\opentelemetry-sdk-metrics\1.10.1-alpha\opentelemetry-sdk-metrics-1.10.1-alpha.jar;C:\Users\ASUS\.m2\repository\io\opentelemetry\opentelemetry-sdk-logs\1.10.1-alpha\opentelemetry-sdk-logs-1.10.1-alpha.jar;C:\Users\ASUS\.m2\repository\io\opentelemetry\opentelemetry-sdk-common\1.10.1\opentelemetry-sdk-common-1.10.1.jar;C:\Users\ASUS\.m2\repository\io\opentelemetry\opentelemetry-sdk-extension-autoconfigure-spi\1.10.1\opentelemetry-sdk-extension-autoconfigure-spi-1.10.1.jar;C:\Users\ASUS\.m2\repository\io\opentelemetry\opentelemetry-sdk-extension-autoconfigure\1.10.1-alpha\opentelemetry-sdk-extension-autoconfigure-1.10.1-alpha.jar;C:\Users\ASUS\.m2\repository\io\opentelemetry\opentelemetry-sdk-trace\1.10.1\opentelemetry-sdk-trace-1.10.1.jar;C:\Users\ASUS\.m2\repository\io\opentelemetry\opentelemetry-sdk\1.10.1\opentelemetry-sdk-1.10.1.jar;C:\Users\ASUS\.m2\repository\io\opentelemetry\opentelemetry-semconv\1.10.1-alpha\opentelemetry-semconv-1.10.1-alpha.jar;C:\Users\ASUS\.m2\repository\io\ous\jtoml\2.0.0\jtoml-2.0.0.jar;C:\Users\ASUS\.m2\repository\org\apache\commons\commons-exec\1.3\commons-exec-1.3.jar;C:\Users\ASUS\.m2\repository\org\asynchttpclient\async-http-client\2.12.3\async-http-client-2.12.3.jar;C:\Users\ASUS\.m2\repository\org\asynchttpclient\async-http-client-netty-utils\2.12.3\async-http-client-netty-utils-2.12.3.jar;C:\Users\ASUS\.m2\repository\io\netty\netty-codec-socks\4.1.60.Final\netty-codec-socks-4.1.60.Final.jar;C:\Users\ASUS\.m2\repository\io\netty\netty-handler-proxy\4.1.60.Final\netty-handler-proxy-4.1.60.Final.jar;C:\Users\ASUS\.m2\repository\io\netty\netty-transport-native-epoll\4.1.60.Final\netty-transport-native-epoll-4.1.60.Final-linux-x86_64.jar;C:\Users\ASUS\.m2\repository\io\netty\netty-transport-native-kqueue\4.1.60.Final\netty-transport-native-kqueue-4.1.60.Final-osx-x86_64.jar;C:\Users\ASUS\.m2\repository\org\reactivestreams\reactive-streams\1.0.3\reactive-streams-1.0.3.jar;C:\Users\ASUS\.m2\repository\com\typesafe\netty\netty-reactive-streams\2.0.4\netty-reactive-streams-2.0.4.jar;C:\Users\ASUS\.m2\repository\org\seleniumhq\selenium\selenium-http\4.1.2\selenium-http-4.1.2.jar;C:\Users\ASUS\.m2\repository\net\jodah\failsafe\2.4.4\failsafe-2.4.4.jar;C:\Users\ASUS\.m2\repository\org\seleniumhq\selenium\selenium-safari-driver\4.1.2\selenium-safari-driver-4.1.2.jar;C:\Users\ASUS\.m2\repository\org\seleniumhq\selenium\selenium-api\4.1.2\selenium-api-4.1.2.jar;C:\Users\ASUS\.m2\repository\org\seleniumhq\selenium\selenium-support\4.1.2\selenium-support-4.1.2.jar;C:\Users\ASUS\.m2\repository\com\google\auto\service\auto-service-annotations\1.0.1\auto-service-annotations-1.0.1.jar;C:\Users\ASUS\.m2\repository\com\google\auto\service\auto-service\1.0.1\auto-service-1.0.1.jar;C:\Users\ASUS\.m2\repository\com\google\auto\auto-common\1.2\auto-common-1.2.jar;C:\Users\ASUS\.m2\repository\org\seleniumhq\selenium\selenium-json\4.1.2\selenium-json-4.1.2.jar;C:\Users\ASUS\.m2\repository\org\seleniumhq\selenium\selenium-chrome-driver\4.1.2\selenium-chrome-driver-4.1.2.jar;C:\Users\ASUS\.m2\repository\org\seleniumhq\selenium\selenium-chromium-driver\4.1.2\selenium-chromium-driver-4.1.2.jar;C:\Users\ASUS\.m2\repository\org\seleniumhq\selenium\selenium-firefox-driver\4.1.2\selenium-firefox-driver-4.1.2.jar;C:\Users\ASUS\.m2\repository\org\seleniumhq\selenium\selenium-edge-driver\4.1.2\selenium-edge-driver-4.1.2.jar;C:\Users\ASUS\.m2\repository\org\seleniumhq\selenium\selenium-ie-driver\4.1.2\selenium-ie-driver-4.1.2.jar;C:\Users\ASUS\.m2\repository\org\projectlombok\lombok\1.18.20\lombok-1.18.20.jar;C:\Users\ASUS\.m2\repository\io\appium\java-client\8.0.0\java-client-8.0.0.jar;C:\Users\ASUS\.m2\repository\commons-validator\commons-validator\1.7\commons-validator-1.7.jar;C:\Users\ASUS\.m2\repository\commons-digester\commons-digester\2.1\commons-digester-2.1.jar;C:\Users\ASUS\.m2\repository\org\aspectj\aspectjweaver\1.9.8\aspectjweaver-1.9.8.jar;C:\Users\ASUS\.m2\repository\org\codehaus\groovy\groovy\3.0.10\groovy-3.0.10.jar;C:\Users\ASUS\.m2\repository\net\sf\opencsv\opencsv\2.0\opencsv-2.0.jar;C:\Users\ASUS\.m2\repository\commons-beanutils\commons-beanutils\1.9.4\commons-beanutils-1.9.4.jar;C:\Users\ASUS\.m2\repository\org\apache\commons\commons-lang3\3.12.0\commons-lang3-3.12.0.jar;C:\Users\ASUS\.m2\repository\commons-collections\commons-collections\3.2.2\commons-collections-3.2.2.jar;C:\Users\ASUS\.m2\repository\org\fluentlenium\fluentlenium-core\0.10.2\fluentlenium-core-0.10.2.jar;C:\Users\ASUS\.m2\repository\io\github\bonigarcia\webdrivermanager\5.1.0\webdrivermanager-5.1.0.jar;C:\Users\ASUS\.m2\repository\com\github\docker-java\docker-java\3.2.13\docker-java-3.2.13.jar;C:\Users\ASUS\.m2\repository\com\github\docker-java\docker-java-core\3.2.13\docker-java-core-3.2.13.jar;C:\Users\ASUS\.m2\repository\com\github\docker-java\docker-java-api\3.2.13\docker-java-api-3.2.13.jar;C:\Users\ASUS\.m2\repository\org\apache\commons\commons-compress\1.21\commons-compress-1.21.jar;C:\Users\ASUS\.m2\repository\org\bouncycastle\bcpkix-jdk15on\1.64\bcpkix-jdk15on-1.64.jar;C:\Users\ASUS\.m2\repository\org\bouncycastle\bcprov-jdk15on\1.64\bcprov-jdk15on-1.64.jar;C:\Users\ASUS\.m2\repository\org\slf4j\jcl-over-slf4j\1.7.30\jcl-over-slf4j-1.7.30.jar;C:\Users\ASUS\.m2\repository\com\github\docker-java\docker-java-transport-httpclient5\3.2.13\docker-java-transport-httpclient5-3.2.13.jar;C:\Users\ASUS\.m2\repository\com\github\docker-java\docker-java-transport\3.2.13\docker-java-transport-3.2.13.jar;C:\Users\ASUS\.m2\repository\org\apache\httpcomponents\client5\httpclient5\5.0.3\httpclient5-5.0.3.jar;C:\Users\ASUS\.m2\repository\org\apache\httpcomponents\core5\httpcore5\5.0.2\httpcore5-5.0.2.jar;C:\Users\ASUS\.m2\repository\net\java\dev\jna\jna\5.8.0\jna-5.8.0.jar;C:\Users\ASUS\.m2\repository\org\brotli\dec\0.1.2\dec-0.1.2.jar;C:\Users\ASUS\.m2\repository\com\jhlabs\filters\2.0.235\filters-2.0.235.jar;C:\Users\ASUS\.m2\repository\com\paulhammant\ngwebdriver\1.1.6\ngwebdriver-1.1.6.jar;C:\Users\ASUS\.m2\repository\joda-time\joda-time\2.8.2\joda-time-2.8.2.jar;C:\Users\ASUS\.m2\repository\org\hamcrest\hamcrest\2.2\hamcrest-2.2.jar;C:\Users\ASUS\.m2\repository\com\google\jimfs\jimfs\1.2\jimfs-1.2.jar;C:\Users\ASUS\.m2\repository\org\mockito\mockito-core\3.3.3\mockito-core-3.3.3.jar;C:\Users\ASUS\.m2\repository\javax\xml\bind\jaxb-api\2.3.1\jaxb-api-2.3.1.jar;C:\Users\ASUS\.m2\repository\javax\activation\javax.activation-api\1.2.0\javax.activation-api-1.2.0.jar;C:\Users\ASUS\.m2\repository\com\sun\xml\bind\jaxb-core\2.3.0.1\jaxb-core-2.3.0.1.jar;C:\Users\ASUS\.m2\repository\com\sun\xml\bind\jaxb-impl\2.3.3\jaxb-impl-2.3.3.jar;C:\Users\ASUS\.m2\repository\jakarta\xml\bind\jakarta.xml.bind-api\2.3.3\jakarta.xml.bind-api-2.3.3.jar;C:\Users\ASUS\.m2\repository\com\sun\activation\jakarta.activation\1.2.2\jakarta.activation-1.2.2.jar;C:\Users\ASUS\.m2\repository\javax\activation\activation\1.1.1\activation-1.1.1.jar;C:\Users\ASUS\.m2\repository\net\serenity-bdd\serenity-cucumber\3.2.1\serenity-cucumber-3.2.1.jar;C:\Users\ASUS\.m2\repository\io\cucumber\cucumber-core\7.2.3\cucumber-core-7.2.3.jar;C:\Users\ASUS\.m2\repository\io\cucumber\cucumber-gherkin\7.2.3\cucumber-gherkin-7.2.3.jar;C:\Users\ASUS\.m2\repository\io\cucumber\cucumber-gherkin-messages\7.2.3\cucumber-gherkin-messages-7.2.3.jar;C:\Users\ASUS\.m2\repository\io\cucumber\messages\17.1.1\messages-17.1.1.jar;C:\Users\ASUS\.m2\repository\io\cucumber\tag-expressions\4.1.0\tag-expressions-4.1.0.jar;C:\Users\ASUS\.m2\repository\io\cucumber\cucumber-expressions\15.0.1\cucumber-expressions-15.0.1.jar;C:\Users\ASUS\.m2\repository\io\cucumber\datatable\7.2.3\datatable-7.2.3.jar;C:\Users\ASUS\.m2\repository\io\cucumber\cucumber-plugin\7.2.3\cucumber-plugin-7.2.3.jar;C:\Users\ASUS\.m2\repository\io\cucumber\docstring\7.2.3\docstring-7.2.3.jar;C:\Users\ASUS\.m2\repository\io\cucumber\html-formatter\17.0.0\html-formatter-17.0.0.jar;C:\Users\ASUS\.m2\repository\io\cucumber\ci-environment\8.1.0\ci-environment-8.1.0.jar;C:\Users\ASUS\.m2\repository\io\cucumber\cucumber-junit\7.2.3\cucumber-junit-7.2.3.jar;C:\Users\ASUS\.m2\repository\org\apache\commons\commons-csv\1.5\commons-csv-1.5.jar;C:\Users\ASUS\.m2\repository\net\serenity-bdd\serenity-screenplay\3.2.1\serenity-screenplay-3.2.1.jar;C:\Users\ASUS\.m2\repository\net\serenity-bdd\serenity-screenplay-webdriver\3.2.1\serenity-screenplay-webdriver-3.2.1.jar;C:\Users\ASUS\.m2\repository\net\serenity-bdd\serenity-ensure\3.2.1\serenity-ensure-3.2.1.jar;C:\Users\ASUS\.m2\repository\net\serenity-bdd\serenity-junit\3.2.1\serenity-junit-3.2.1.jar;C:\Users\ASUS\.m2\repository\org\jetbrains\kotlin\kotlin-stdlib\1.6.0\kotlin-stdlib-1.6.0.jar;C:\Users\ASUS\.m2\repository\org\jetbrains\annotations\13.0\annotations-13.0.jar;C:\Users\ASUS\.m2\repository\org\jetbrains\kotlin\kotlin-stdlib-common\1.6.0\kotlin-stdlib-common-1.6.0.jar;C:\Users\ASUS\.m2\repository\org\junit\platform\junit-platform-launcher\1.8.1\junit-platform-launcher-1.8.1.jar;C:\Users\ASUS\.m2\repository\org\junit\platform\junit-platform-engine\1.8.1\junit-platform-engine-1.8.1.jar;C:\Users\ASUS\.m2\repository\org\opentest4j\opentest4j\1.2.0\opentest4j-1.2.0.jar;C:\Users\ASUS\.m2\repository\org\junit\platform\junit-platform-commons\1.8.1\junit-platform-commons-1.8.1.jar;C:\Users\ASUS\.m2\repository\org\apiguardian\apiguardian-api\1.1.2\apiguardian-api-1.1.2.jar;C:\Users\ASUS\.m2\repository\org\junit\jupiter\junit-jupiter-engine\5.8.2\junit-jupiter-engine-5.8.2.jar;C:\Users\ASUS\.m2\repository\org\junit\jupiter\junit-jupiter-api\5.8.2\junit-jupiter-api-5.8.2.jar;C:\Users\ASUS\.m2\repository\org\junit\vintage\junit-vintage-engine\5.8.2\junit-vintage-engine-5.8.2.jar;C:\Users\ASUS\.m2\repository\junit\junit\4.13.2\junit-4.13.2.jar;C:\Users\ASUS\.m2\repository\org\hamcrest\hamcrest-core\1.3\hamcrest-core-1.3.jar;C:\Users\ASUS\.m2\repository\ch\qos\logback\logback-classic\1.2.10\logback-classic-1.2.10.jar;C:\Users\ASUS\.m2\repository\ch\qos\logback\logback-core\1.2.10\logback-core-1.2.10.jar;C:\Users\ASUS\.m2\repository\org\slf4j\slf4j-api\1.7.32\slf4j-api-1.7.32.jar;C:\Users\ASUS\.m2\repository\org\assertj\assertj-core\3.6.2\assertj-core-3.6.2.jar;"/>
    <property name="sun.cpu.endian" value="little"/>
    <property name="user.home" value="C:\Users\ASUS"/>
    <property name="user.language" value="en"/>
    <property name="java.specification.vendor" value="Oracle Corporation"/>
    <property name="jdk.module.path" value="D:\PERKULIAHAN\Semester 6,Hebatt glad!\Altera\New folder\Serenity_Gladys_DDT\target\Serenity_Gladys_DDT-1.0.0-SNAPSHOT.jar"/>
    <property name="java.version.date" value="2021-01-19"/>
    <property name="java.home" value="C:\Program Files\Java\jdk-15.0.2"/>
    <property name="file.separator" value="\"/>
    <property name="basedir" value="D:\PERKULIAHAN\Semester 6,Hebatt glad!\Altera\New folder\Serenity_Gladys_DDT"/>
    <property name="java.vm.compressedOopsMode" value="32-bit"/>
    <property name="line.separator" value="&#10;"/>
    <property name="java.vm.specification.vendor" value="Oracle Corporation"/>
    <property name="java.specification.name" value="Java Platform API Specification"/>
    <property name="surefire.real.class.path" value="C:\Users\ASUS\.m2\repository\org\apache\maven\surefire\surefire-booter\3.0.0-M5\surefire-booter-3.0.0-M5.jar;C:\Users\ASUS\.m2\repository\org\apache\maven\surefire\surefire-api\3.0.0-M5\surefire-api-3.0.0-M5.jar;C:\Users\ASUS\.m2\repository\org\apache\maven\surefire\surefire-logger-api\3.0.0-M5\surefire-logger-api-3.0.0-M5.jar;C:\Users\ASUS\.m2\repository\org\apache\maven\surefire\surefire-shared-utils\3.0.0-M4\surefire-shared-utils-3.0.0-M4.jar;C:\Users\ASUS\.m2\repository\org\apache\maven\surefire\surefire-extensions-spi\3.0.0-M5\surefire-extensions-spi-3.0.0-M5.jar;D:\PERKULIAHAN\Semester 6,Hebatt glad!\Altera\New folder\Serenity_Gladys_DDT\target\test-classes;C:\Users\ASUS\.m2\repository\net\serenity-bdd\serenity-core\3.2.1\serenity-core-3.2.1.jar;C:\Users\ASUS\.m2\repository\net\serenity-bdd\serenity-model\3.2.1\serenity-model-3.2.1.jar;C:\Users\ASUS\.m2\repository\org\apache\commons\commons-text\1.9\commons-text-1.9.jar;C:\Users\ASUS\.m2\repository\commons-net\commons-net\3.8.0\commons-net-3.8.0.jar;C:\Users\ASUS\.m2\repository\com\google\guava\guava\31.1-jre\guava-31.1-jre.jar;C:\Users\ASUS\.m2\repository\com\google\guava\failureaccess\1.0.1\failureaccess-1.0.1.jar;C:\Users\ASUS\.m2\repository\com\google\guava\listenablefuture\9999.0-empty-to-avoid-conflict-with-guava\listenablefuture-9999.0-empty-to-avoid-conflict-with-guava.jar;C:\Users\ASUS\.m2\repository\com\google\code\findbugs\jsr305\3.0.2\jsr305-3.0.2.jar;C:\Users\ASUS\.m2\repository\org\checkerframework\checker-qual\3.12.0\checker-qual-3.12.0.jar;C:\Users\ASUS\.m2\repository\com\google\errorprone\error_prone_annotations\2.11.0\error_prone_annotations-2.11.0.jar;C:\Users\ASUS\.m2\repository\com\google\j2objc\j2objc-annotations\1.3\j2objc-annotations-1.3.jar;C:\Users\ASUS\.m2\repository\com\google\inject\guice\5.1.0\guice-5.1.0.jar;C:\Users\ASUS\.m2\repository\javax\inject\javax.inject\1\javax.inject-1.jar;C:\Users\ASUS\.m2\repository\aopalliance\aopalliance\1.0\aopalliance-1.0.jar;C:\Users\ASUS\.m2\repository\org\jsoup\jsoup\1.14.3\jsoup-1.14.3.jar;C:\Users\ASUS\.m2\repository\com\thoughtworks\xstream\xstream\1.4.19\xstream-1.4.19.jar;C:\Users\ASUS\.m2\repository\io\github\x-stream\mxparser\1.2.2\mxparser-1.2.2.jar;C:\Users\ASUS\.m2\repository\xmlpull\xmlpull\1.1.3.1\xmlpull-1.1.3.1.jar;C:\Users\ASUS\.m2\repository\io\cucumber\cucumber-java\7.2.3\cucumber-java-7.2.3.jar;C:\Users\ASUS\.m2\repository\com\typesafe\config\1.4.2\config-1.4.2.jar;C:\Users\ASUS\.m2\repository\org\imgscalr\imgscalr-lib\4.2\imgscalr-lib-4.2.jar;C:\Users\ASUS\.m2\repository\org\awaitility\awaitility\4.2.0\awaitility-4.2.0.jar;C:\Users\ASUS\.m2\repository\org\freemarker\freemarker\2.3.31\freemarker-2.3.31.jar;C:\Users\ASUS\.m2\repository\io\github\classgraph\classgraph\4.8.138\classgraph-4.8.138.jar;C:\Users\ASUS\.m2\repository\net\sourceforge\jexcelapi\jxl\2.6.12\jxl-2.6.12.jar;C:\Users\ASUS\.m2\repository\net\bytebuddy\byte-buddy\1.12.8\byte-buddy-1.12.8.jar;C:\Users\ASUS\.m2\repository\net\bytebuddy\byte-buddy-agent\1.12.8\byte-buddy-agent-1.12.8.jar;C:\Users\ASUS\.m2\repository\org\objenesis\objenesis\3.1\objenesis-3.1.jar;C:\Users\ASUS\.m2\repository\net\serenity-bdd\serenity-reports\3.2.1\serenity-reports-3.2.1.jar;C:\Users\ASUS\.m2\repository\net\serenity-bdd\serenity-stats\3.2.1\serenity-stats-3.2.1.jar;C:\Users\ASUS\.m2\repository\net\serenity-bdd\serenity-reports-configuration\3.2.1\serenity-reports-configuration-3.2.1.jar;C:\Users\ASUS\.m2\repository\com\vladsch\flexmark\flexmark-all\0.34.30\flexmark-all-0.34.30.jar;C:\Users\ASUS\.m2\repository\com\vladsch\flexmark\flexmark\0.34.30\flexmark-0.34.30.jar;C:\Users\ASUS\.m2\repository\com\vladsch\flexmark\flexmark-ext-abbreviation\0.34.30\flexmark-ext-abbreviation-0.34.30.jar;C:\Users\ASUS\.m2\repository\com\vladsch\flexmark\flexmark-ext-admonition\0.34.30\flexmark-ext-admonition-0.34.30.jar;C:\Users\ASUS\.m2\repository\com\vladsch\flexmark\flexmark-ext-anchorlink\0.34.30\flexmark-ext-anchorlink-0.34.30.jar;C:\Users\ASUS\.m2\repository\com\vladsch\flexmark\flexmark-ext-aside\0.34.30\flexmark-ext-aside-0.34.30.jar;C:\Users\ASUS\.m2\repository\com\vladsch\flexmark\flexmark-ext-attributes\0.34.30\flexmark-ext-attributes-0.34.30.jar;C:\Users\ASUS\.m2\repository\com\vladsch\flexmark\flexmark-ext-autolink\0.34.30\flexmark-ext-autolink-0.34.30.jar;C:\Users\ASUS\.m2\repository\org\nibor\autolink\autolink\0.6.0\autolink-0.6.0.jar;C:\Users\ASUS\.m2\repository\com\vladsch\flexmark\flexmark-ext-definition\0.34.30\flexmark-ext-definition-0.34.30.jar;C:\Users\ASUS\.m2\repository\com\vladsch\flexmark\flexmark-ext-emoji\0.34.30\flexmark-ext-emoji-0.34.30.jar;C:\Users\ASUS\.m2\repository\com\vladsch\flexmark\flexmark-ext-enumerated-reference\0.34.30\flexmark-ext-enumerated-reference-0.34.30.jar;C:\Users\ASUS\.m2\repository\com\vladsch\flexmark\flexmark-ext-escaped-character\0.34.30\flexmark-ext-escaped-character-0.34.30.jar;C:\Users\ASUS\.m2\repository\com\vladsch\flexmark\flexmark-ext-footnotes\0.34.30\flexmark-ext-footnotes-0.34.30.jar;C:\Users\ASUS\.m2\repository\com\vladsch\flexmark\flexmark-ext-gfm-issues\0.34.30\flexmark-ext-gfm-issues-0.34.30.jar;C:\Users\ASUS\.m2\repository\com\vladsch\flexmark\flexmark-ext-gfm-strikethrough\0.34.30\flexmark-ext-gfm-strikethrough-0.34.30.jar;C:\Users\ASUS\.m2\repository\com\vladsch\flexmark\flexmark-ext-gfm-tables\0.34.30\flexmark-ext-gfm-tables-0.34.30.jar;C:\Users\ASUS\.m2\repository\com\vladsch\flexmark\flexmark-ext-gfm-tasklist\0.34.30\flexmark-ext-gfm-tasklist-0.34.30.jar;C:\Users\ASUS\.m2\repository\com\vladsch\flexmark\flexmark-ext-gfm-users\0.34.30\flexmark-ext-gfm-users-0.34.30.jar;C:\Users\ASUS\.m2\repository\com\vladsch\flexmark\flexmark-ext-gitlab\0.34.30\flexmark-ext-gitlab-0.34.30.jar;C:\Users\ASUS\.m2\repository\com\vladsch\flexmark\flexmark-ext-jekyll-front-matter\0.34.30\flexmark-ext-jekyll-front-matter-0.34.30.jar;C:\Users\ASUS\.m2\repository\com\vladsch\flexmark\flexmark-ext-jekyll-tag\0.34.30\flexmark-ext-jekyll-tag-0.34.30.jar;C:\Users\ASUS\.m2\repository\com\vladsch\flexmark\flexmark-ext-media-tags\0.34.30\flexmark-ext-media-tags-0.34.30.jar;C:\Users\ASUS\.m2\repository\com\vladsch\flexmark\flexmark-test-util\0.34.30\flexmark-test-util-0.34.30.jar;C:\Users\ASUS\.m2\repository\com\vladsch\flexmark\flexmark-ext-ins\0.34.30\flexmark-ext-ins-0.34.30.jar;C:\Users\ASUS\.m2\repository\com\vladsch\flexmark\flexmark-ext-xwiki-macros\0.34.30\flexmark-ext-xwiki-macros-0.34.30.jar;C:\Users\ASUS\.m2\repository\com\vladsch\flexmark\flexmark-ext-superscript\0.34.30\flexmark-ext-superscript-0.34.30.jar;C:\Users\ASUS\.m2\repository\com\vladsch\flexmark\flexmark-ext-tables\0.34.30\flexmark-ext-tables-0.34.30.jar;C:\Users\ASUS\.m2\repository\com\vladsch\flexmark\flexmark-ext-toc\0.34.30\flexmark-ext-toc-0.34.30.jar;C:\Users\ASUS\.m2\repository\com\vladsch\flexmark\flexmark-ext-typographic\0.34.30\flexmark-ext-typographic-0.34.30.jar;C:\Users\ASUS\.m2\repository\com\vladsch\flexmark\flexmark-ext-wikilink\0.34.30\flexmark-ext-wikilink-0.34.30.jar;C:\Users\ASUS\.m2\repository\com\vladsch\flexmark\flexmark-ext-yaml-front-matter\0.34.30\flexmark-ext-yaml-front-matter-0.34.30.jar;C:\Users\ASUS\.m2\repository\com\vladsch\flexmark\flexmark-ext-youtube-embedded\0.34.30\flexmark-ext-youtube-embedded-0.34.30.jar;C:\Users\ASUS\.m2\repository\com\vladsch\flexmark\flexmark-formatter\0.34.30\flexmark-formatter-0.34.30.jar;C:\Users\ASUS\.m2\repository\com\vladsch\flexmark\flexmark-html-parser\0.34.30\flexmark-html-parser-0.34.30.jar;C:\Users\ASUS\.m2\repository\com\vladsch\flexmark\flexmark-jira-converter\0.34.30\flexmark-jira-converter-0.34.30.jar;C:\Users\ASUS\.m2\repository\com\vladsch\flexmark\flexmark-pdf-converter\0.34.30\flexmark-pdf-converter-0.34.30.jar;C:\Users\ASUS\.m2\repository\com\openhtmltopdf\openhtmltopdf-core\0.0.1-RC13\openhtmltopdf-core-0.0.1-RC13.jar;C:\Users\ASUS\.m2\repository\com\openhtmltopdf\openhtmltopdf-pdfbox\0.0.1-RC13\openhtmltopdf-pdfbox-0.0.1-RC13.jar;C:\Users\ASUS\.m2\repository\org\apache\pdfbox\pdfbox\2.0.8\pdfbox-2.0.8.jar;C:\Users\ASUS\.m2\repository\org\apache\pdfbox\fontbox\2.0.8\fontbox-2.0.8.jar;C:\Users\ASUS\.m2\repository\commons-logging\commons-logging\1.2\commons-logging-1.2.jar;C:\Users\ASUS\.m2\repository\org\apache\pdfbox\xmpbox\2.0.8\xmpbox-2.0.8.jar;C:\Users\ASUS\.m2\repository\de\rototor\pdfbox\graphics2d\0.12\graphics2d-0.12.jar;C:\Users\ASUS\.m2\repository\com\openhtmltopdf\openhtmltopdf-rtl-support\0.0.1-RC13\openhtmltopdf-rtl-support-0.0.1-RC13.jar;C:\Users\ASUS\.m2\repository\com\ibm\icu\icu4j\59.1\icu4j-59.1.jar;C:\Users\ASUS\.m2\repository\com\openhtmltopdf\openhtmltopdf-jsoup-dom-converter\0.0.1-RC13\openhtmltopdf-jsoup-dom-converter-0.0.1-RC13.jar;C:\Users\ASUS\.m2\repository\com\vladsch\flexmark\flexmark-profile-pegdown\0.34.30\flexmark-profile-pegdown-0.34.30.jar;C:\Users\ASUS\.m2\repository\com\vladsch\flexmark\flexmark-util\0.34.30\flexmark-util-0.34.30.jar;C:\Users\ASUS\.m2\repository\com\vladsch\flexmark\flexmark-youtrack-converter\0.34.30\flexmark-youtrack-converter-0.34.30.jar;C:\Users\ASUS\.m2\repository\es\nitaur\markdown\txtmark\0.16\txtmark-0.16.jar;C:\Users\ASUS\.m2\repository\net\serenity-bdd\serenity-report-resources\3.2.1\serenity-report-resources-3.2.1.jar;C:\Users\ASUS\.m2\repository\com\google\code\gson\gson\2.9.0\gson-2.9.0.jar;C:\Users\ASUS\.m2\repository\com\fasterxml\jackson\core\jackson-core\2.13.2\jackson-core-2.13.2.jar;C:\Users\ASUS\.m2\repository\com\fasterxml\jackson\core\jackson-databind\2.13.2\jackson-databind-2.13.2.jar;C:\Users\ASUS\.m2\repository\com\fasterxml\jackson\core\jackson-annotations\2.13.2\jackson-annotations-2.13.2.jar;C:\Users\ASUS\.m2\repository\commons-codec\commons-codec\1.15\commons-codec-1.15.jar;C:\Users\ASUS\.m2\repository\commons-io\commons-io\2.11.0\commons-io-2.11.0.jar;C:\Users\ASUS\.m2\repository\org\seleniumhq\selenium\selenium-java\4.1.2\selenium-java-4.1.2.jar;C:\Users\ASUS\.m2\repository\org\seleniumhq\selenium\selenium-devtools-v85\4.1.2\selenium-devtools-v85-4.1.2.jar;C:\Users\ASUS\.m2\repository\org\seleniumhq\selenium\selenium-devtools-v95\4.1.2\selenium-devtools-v95-4.1.2.jar;C:\Users\ASUS\.m2\repository\org\seleniumhq\selenium\selenium-devtools-v96\4.1.2\selenium-devtools-v96-4.1.2.jar;C:\Users\ASUS\.m2\repository\org\seleniumhq\selenium\selenium-devtools-v97\4.1.2\selenium-devtools-v97-4.1.2.jar;C:\Users\ASUS\.m2\repository\org\seleniumhq\selenium\selenium-firefox-xpi-driver\4.1.2\selenium-firefox-xpi-driver-4.1.2.jar;C:\Users\ASUS\.m2\repository\org\seleniumhq\selenium\selenium-opera-driver\4.1.2\selenium-opera-driver-4.1.2.jar;C:\Users\ASUS\.m2\repository\org\seleniumhq\selenium\selenium-remote-driver\4.1.2\selenium-remote-driver-4.1.2.jar;C:\Users\ASUS\.m2\repository\com\beust\jcommander\1.82\jcommander-1.82.jar;C:\Users\ASUS\.m2\repository\io\netty\netty-buffer\4.1.73.Final\netty-buffer-4.1.73.Final.jar;C:\Users\ASUS\.m2\repository\io\netty\netty-codec-http\4.1.73.Final\netty-codec-http-4.1.73.Final.jar;C:\Users\ASUS\.m2\repository\io\netty\netty-codec\4.1.73.Final\netty-codec-4.1.73.Final.jar;C:\Users\ASUS\.m2\repository\io\netty\netty-handler\4.1.73.Final\netty-handler-4.1.73.Final.jar;C:\Users\ASUS\.m2\repository\io\netty\netty-tcnative-classes\2.0.46.Final\netty-tcnative-classes-2.0.46.Final.jar;C:\Users\ASUS\.m2\repository\io\netty\netty-common\4.1.73.Final\netty-common-4.1.73.Final.jar;C:\Users\ASUS\.m2\repository\io\netty\netty-transport-classes-epoll\4.1.73.Final\netty-transport-classes-epoll-4.1.73.Final.jar;C:\Users\ASUS\.m2\repository\io\netty\netty-transport-classes-kqueue\4.1.73.Final\netty-transport-classes-kqueue-4.1.73.Final.jar;C:\Users\ASUS\.m2\repository\io\netty\netty-transport-native-epoll\4.1.73.Final\netty-transport-native-epoll-4.1.73.Final.jar;C:\Users\ASUS\.m2\repository\io\netty\netty-transport-native-kqueue\4.1.73.Final\netty-transport-native-kqueue-4.1.73.Final.jar;C:\Users\ASUS\.m2\repository\io\netty\netty-transport-native-unix-common\4.1.73.Final\netty-transport-native-unix-common-4.1.73.Final.jar;C:\Users\ASUS\.m2\repository\io\netty\netty-transport\4.1.73.Final\netty-transport-4.1.73.Final.jar;C:\Users\ASUS\.m2\repository\io\netty\netty-resolver\4.1.73.Final\netty-resolver-4.1.73.Final.jar;C:\Users\ASUS\.m2\repository\io\opentelemetry\opentelemetry-api\1.10.1\opentelemetry-api-1.10.1.jar;C:\Users\ASUS\.m2\repository\io\opentelemetry\opentelemetry-context\1.10.1\opentelemetry-context-1.10.1.jar;C:\Users\ASUS\.m2\repository\io\opentelemetry\opentelemetry-exporter-logging\1.10.1\opentelemetry-exporter-logging-1.10.1.jar;C:\Users\ASUS\.m2\repository\io\opentelemetry\opentelemetry-sdk-metrics\1.10.1-alpha\opentelemetry-sdk-metrics-1.10.1-alpha.jar;C:\Users\ASUS\.m2\repository\io\opentelemetry\opentelemetry-sdk-logs\1.10.1-alpha\opentelemetry-sdk-logs-1.10.1-alpha.jar;C:\Users\ASUS\.m2\repository\io\opentelemetry\opentelemetry-sdk-common\1.10.1\opentelemetry-sdk-common-1.10.1.jar;C:\Users\ASUS\.m2\repository\io\opentelemetry\opentelemetry-sdk-extension-autoconfigure-spi\1.10.1\opentelemetry-sdk-extension-autoconfigure-spi-1.10.1.jar;C:\Users\ASUS\.m2\repository\io\opentelemetry\opentelemetry-sdk-extension-autoconfigure\1.10.1-alpha\opentelemetry-sdk-extension-autoconfigure-1.10.1-alpha.jar;C:\Users\ASUS\.m2\repository\io\opentelemetry\opentelemetry-sdk-trace\1.10.1\opentelemetry-sdk-trace-1.10.1.jar;C:\Users\ASUS\.m2\repository\io\opentelemetry\opentelemetry-sdk\1.10.1\opentelemetry-sdk-1.10.1.jar;C:\Users\ASUS\.m2\repository\io\opentelemetry\opentelemetry-semconv\1.10.1-alpha\opentelemetry-semconv-1.10.1-alpha.jar;C:\Users\ASUS\.m2\repository\io\ous\jtoml\2.0.0\jtoml-2.0.0.jar;C:\Users\ASUS\.m2\repository\org\apache\commons\commons-exec\1.3\commons-exec-1.3.jar;C:\Users\ASUS\.m2\repository\org\asynchttpclient\async-http-client\2.12.3\async-http-client-2.12.3.jar;C:\Users\ASUS\.m2\repository\org\asynchttpclient\async-http-client-netty-utils\2.12.3\async-http-client-netty-utils-2.12.3.jar;C:\Users\ASUS\.m2\repository\io\netty\netty-codec-socks\4.1.60.Final\netty-codec-socks-4.1.60.Final.jar;C:\Users\ASUS\.m2\repository\io\netty\netty-handler-proxy\4.1.60.Final\netty-handler-proxy-4.1.60.Final.jar;C:\Users\ASUS\.m2\repository\io\netty\netty-transport-native-epoll\4.1.60.Final\netty-transport-native-epoll-4.1.60.Final-linux-x86_64.jar;C:\Users\ASUS\.m2\repository\io\netty\netty-transport-native-kqueue\4.1.60.Final\netty-transport-native-kqueue-4.1.60.Final-osx-x86_64.jar;C:\Users\ASUS\.m2\repository\org\reactivestreams\reactive-streams\1.0.3\reactive-streams-1.0.3.jar;C:\Users\ASUS\.m2\repository\com\typesafe\netty\netty-reactive-streams\2.0.4\netty-reactive-streams-2.0.4.jar;C:\Users\ASUS\.m2\repository\org\seleniumhq\selenium\selenium-http\4.1.2\selenium-http-4.1.2.jar;C:\Users\ASUS\.m2\repository\net\jodah\failsafe\2.4.4\failsafe-2.4.4.jar;C:\Users\ASUS\.m2\repository\org\seleniumhq\selenium\selenium-safari-driver\4.1.2\selenium-safari-driver-4.1.2.jar;C:\Users\ASUS\.m2\repository\org\seleniumhq\selenium\selenium-api\4.1.2\selenium-api-4.1.2.jar;C:\Users\ASUS\.m2\repository\org\seleniumhq\selenium\selenium-support\4.1.2\selenium-support-4.1.2.jar;C:\Users\ASUS\.m2\repository\com\google\auto\service\auto-service-annotations\1.0.1\auto-service-annotations-1.0.1.jar;C:\Users\ASUS\.m2\repository\com\google\auto\service\auto-service\1.0.1\auto-service-1.0.1.jar;C:\Users\ASUS\.m2\repository\com\google\auto\auto-common\1.2\auto-common-1.2.jar;C:\Users\ASUS\.m2\repository\org\seleniumhq\selenium\selenium-json\4.1.2\selenium-json-4.1.2.jar;C:\Users\ASUS\.m2\repository\org\seleniumhq\selenium\selenium-chrome-driver\4.1.2\selenium-chrome-driver-4.1.2.jar;C:\Users\ASUS\.m2\repository\org\seleniumhq\selenium\selenium-chromium-driver\4.1.2\selenium-chromium-driver-4.1.2.jar;C:\Users\ASUS\.m2\repository\org\seleniumhq\selenium\selenium-firefox-driver\4.1.2\selenium-firefox-driver-4.1.2.jar;C:\Users\ASUS\.m2\repository\org\seleniumhq\selenium\selenium-edge-driver\4.1.2\selenium-edge-driver-4.1.2.jar;C:\Users\ASUS\.m2\repository\org\seleniumhq\selenium\selenium-ie-driver\4.1.2\selenium-ie-driver-4.1.2.jar;C:\Users\ASUS\.m2\repository\org\projectlombok\lombok\1.18.20\lombok-1.18.20.jar;C:\Users\ASUS\.m2\repository\io\appium\java-client\8.0.0\java-client-8.0.0.jar;C:\Users\ASUS\.m2\repository\commons-validator\commons-validator\1.7\commons-validator-1.7.jar;C:\Users\ASUS\.m2\repository\commons-digester\commons-digester\2.1\commons-digester-2.1.jar;C:\Users\ASUS\.m2\repository\org\aspectj\aspectjweaver\1.9.8\aspectjweaver-1.9.8.jar;C:\Users\ASUS\.m2\repository\org\codehaus\groovy\groovy\3.0.10\groovy-3.0.10.jar;C:\Users\ASUS\.m2\repository\net\sf\opencsv\opencsv\2.0\opencsv-2.0.jar;C:\Users\ASUS\.m2\repository\commons-beanutils\commons-beanutils\1.9.4\commons-beanutils-1.9.4.jar;C:\Users\ASUS\.m2\repository\org\apache\commons\commons-lang3\3.12.0\commons-lang3-3.12.0.jar;C:\Users\ASUS\.m2\repository\commons-collections\commons-collections\3.2.2\commons-collections-3.2.2.jar;C:\Users\ASUS\.m2\repository\org\fluentlenium\fluentlenium-core\0.10.2\fluentlenium-core-0.10.2.jar;C:\Users\ASUS\.m2\repository\io\github\bonigarcia\webdrivermanager\5.1.0\webdrivermanager-5.1.0.jar;C:\Users\ASUS\.m2\repository\com\github\docker-java\docker-java\3.2.13\docker-java-3.2.13.jar;C:\Users\ASUS\.m2\repository\com\github\docker-java\docker-java-core\3.2.13\docker-java-core-3.2.13.jar;C:\Users\ASUS\.m2\repository\com\github\docker-java\docker-java-api\3.2.13\docker-java-api-3.2.13.jar;C:\Users\ASUS\.m2\repository\org\apache\commons\commons-compress\1.21\commons-compress-1.21.jar;C:\Users\ASUS\.m2\repository\org\bouncycastle\bcpkix-jdk15on\1.64\bcpkix-jdk15on-1.64.jar;C:\Users\ASUS\.m2\repository\org\bouncycastle\bcprov-jdk15on\1.64\bcprov-jdk15on-1.64.jar;C:\Users\ASUS\.m2\repository\org\slf4j\jcl-over-slf4j\1.7.30\jcl-over-slf4j-1.7.30.jar;C:\Users\ASUS\.m2\repository\com\github\docker-java\docker-java-transport-httpclient5\3.2.13\docker-java-transport-httpclient5-3.2.13.jar;C:\Users\ASUS\.m2\repository\com\github\docker-java\docker-java-transport\3.2.13\docker-java-transport-3.2.13.jar;C:\Users\ASUS\.m2\repository\org\apache\httpcomponents\client5\httpclient5\5.0.3\httpclient5-5.0.3.jar;C:\Users\ASUS\.m2\repository\org\apache\httpcomponents\core5\httpcore5\5.0.2\httpcore5-5.0.2.jar;C:\Users\ASUS\.m2\repository\net\java\dev\jna\jna\5.8.0\jna-5.8.0.jar;C:\Users\ASUS\.m2\repository\org\brotli\dec\0.1.2\dec-0.1.2.jar;C:\Users\ASUS\.m2\repository\com\jhlabs\filters\2.0.235\filters-2.0.235.jar;C:\Users\ASUS\.m2\repository\com\paulhammant\ngwebdriver\1.1.6\ngwebdriver-1.1.6.jar;C:\Users\ASUS\.m2\repository\joda-time\joda-time\2.8.2\joda-time-2.8.2.jar;C:\Users\ASUS\.m2\repository\org\hamcrest\hamcrest\2.2\hamcrest-2.2.jar;C:\Users\ASUS\.m2\repository\com\google\jimfs\jimfs\1.2\jimfs-1.2.jar;C:\Users\ASUS\.m2\repository\org\mockito\mockito-core\3.3.3\mockito-core-3.3.3.jar;C:\Users\ASUS\.m2\repository\javax\xml\bind\jaxb-api\2.3.1\jaxb-api-2.3.1.jar;C:\Users\ASUS\.m2\repository\javax\activation\javax.activation-api\1.2.0\javax.activation-api-1.2.0.jar;C:\Users\ASUS\.m2\repository\com\sun\xml\bind\jaxb-core\2.3.0.1\jaxb-core-2.3.0.1.jar;C:\Users\ASUS\.m2\repository\com\sun\xml\bind\jaxb-impl\2.3.3\jaxb-impl-2.3.3.jar;C:\Users\ASUS\.m2\repository\jakarta\xml\bind\jakarta.xml.bind-api\2.3.3\jakarta.xml.bind-api-2.3.3.jar;C:\Users\ASUS\.m2\repository\com\sun\activation\jakarta.activation\1.2.2\jakarta.activation-1.2.2.jar;C:\Users\ASUS\.m2\repository\javax\activation\activation\1.1.1\activation-1.1.1.jar;C:\Users\ASUS\.m2\repository\net\serenity-bdd\serenity-cucumber\3.2.1\serenity-cucumber-3.2.1.jar;C:\Users\ASUS\.m2\repository\io\cucumber\cucumber-core\7.2.3\cucumber-core-7.2.3.jar;C:\Users\ASUS\.m2\repository\io\cucumber\cucumber-gherkin\7.2.3\cucumber-gherkin-7.2.3.jar;C:\Users\ASUS\.m2\repository\io\cucumber\cucumber-gherkin-messages\7.2.3\cucumber-gherkin-messages-7.2.3.jar;C:\Users\ASUS\.m2\repository\io\cucumber\messages\17.1.1\messages-17.1.1.jar;C:\Users\ASUS\.m2\repository\io\cucumber\tag-expressions\4.1.0\tag-expressions-4.1.0.jar;C:\Users\ASUS\.m2\repository\io\cucumber\cucumber-expressions\15.0.1\cucumber-expressions-15.0.1.jar;C:\Users\ASUS\.m2\repository\io\cucumber\datatable\7.2.3\datatable-7.2.3.jar;C:\Users\ASUS\.m2\repository\io\cucumber\cucumber-plugin\7.2.3\cucumber-plugin-7.2.3.jar;C:\Users\ASUS\.m2\repository\io\cucumber\docstring\7.2.3\docstring-7.2.3.jar;C:\Users\ASUS\.m2\repository\io\cucumber\html-formatter\17.0.0\html-formatter-17.0.0.jar;C:\Users\ASUS\.m2\repository\io\cucumber\ci-environment\8.1.0\ci-environment-8.1.0.jar;C:\Users\ASUS\.m2\repository\io\cucumber\cucumber-junit\7.2.3\cucumber-junit-7.2.3.jar;C:\Users\ASUS\.m2\repository\org\apache\commons\commons-csv\1.5\commons-csv-1.5.jar;C:\Users\ASUS\.m2\repository\net\serenity-bdd\serenity-screenplay\3.2.1\serenity-screenplay-3.2.1.jar;C:\Users\ASUS\.m2\repository\net\serenity-bdd\serenity-screenplay-webdriver\3.2.1\serenity-screenplay-webdriver-3.2.1.jar;C:\Users\ASUS\.m2\repository\net\serenity-bdd\serenity-ensure\3.2.1\serenity-ensure-3.2.1.jar;C:\Users\ASUS\.m2\repository\net\serenity-bdd\serenity-junit\3.2.1\serenity-junit-3.2.1.jar;C:\Users\ASUS\.m2\repository\org\jetbrains\kotlin\kotlin-stdlib\1.6.0\kotlin-stdlib-1.6.0.jar;C:\Users\ASUS\.m2\repository\org\jetbrains\annotations\13.0\annotations-13.0.jar;C:\Users\ASUS\.m2\repository\org\jetbrains\kotlin\kotlin-stdlib-common\1.6.0\kotlin-stdlib-common-1.6.0.jar;C:\Users\ASUS\.m2\repository\org\junit\platform\junit-platform-launcher\1.8.1\junit-platform-launcher-1.8.1.jar;C:\Users\ASUS\.m2\repository\org\junit\platform\junit-platform-engine\1.8.1\junit-platform-engine-1.8.1.jar;C:\Users\ASUS\.m2\repository\org\opentest4j\opentest4j\1.2.0\opentest4j-1.2.0.jar;C:\Users\ASUS\.m2\repository\org\junit\platform\junit-platform-commons\1.8.1\junit-platform-commons-1.8.1.jar;C:\Users\ASUS\.m2\repository\org\apiguardian\apiguardian-api\1.1.2\apiguardian-api-1.1.2.jar;C:\Users\ASUS\.m2\repository\org\junit\jupiter\junit-jupiter-engine\5.8.2\junit-jupiter-engine-5.8.2.jar;C:\Users\ASUS\.m2\repository\org\junit\jupiter\junit-jupiter-api\5.8.2\junit-jupiter-api-5.8.2.jar;C:\Users\ASUS\.m2\repository\org\junit\vintage\junit-vintage-engine\5.8.2\junit-vintage-engine-5.8.2.jar;C:\Users\ASUS\.m2\repository\junit\junit\4.13.2\junit-4.13.2.jar;C:\Users\ASUS\.m2\repository\org\hamcrest\hamcrest-core\1.3\hamcrest-core-1.3.jar;C:\Users\ASUS\.m2\repository\ch\qos\logback\logback-classic\1.2.10\logback-classic-1.2.10.jar;C:\Users\ASUS\.m2\repository\ch\qos\logback\logback-core\1.2.10\logback-core-1.2.10.jar;C:\Users\ASUS\.m2\repository\org\slf4j\slf4j-api\1.7.32\slf4j-api-1.7.32.jar;C:\Users\ASUS\.m2\repository\org\assertj\assertj-core\3.6.2\assertj-core-3.6.2.jar;C:\Users\ASUS\.m2\repository\org\apache\maven\surefire\surefire-junit-platform\3.0.0-M5\surefire-junit-platform-3.0.0-M5.jar;C:\Users\ASUS\.m2\repository\org\apache\maven\surefire\common-java5\3.0.0-M5\common-java5-3.0.0-M5.jar"/>
    <property name="user.script" value=""/>
    <property name="java.protocol.handler.pkgs" value="com.google.common"/>
    <property name="sun.management.compiler" value="HotSpot 64-Bit Tiered Compilers"/>
    <property name="java.runtime.version" value="15.0.2+7-27"/>
    <property name="user.name" value="ASUS"/>
    <property name="path.separator" value=";"/>
    <property name="os.version" value="10.0"/>
    <property name="java.runtime.name" value="Java(TM) SE Runtime Environment"/>
    <property name="file.encoding" value="Cp1252"/>
    <property name="webdriver.base.url" value=""/>
    <property name="java.vm.name" value="Java HotSpot(TM) 64-Bit Server VM"/>
    <property name="localRepository" value="C:\Users\ASUS\.m2\repository"/>
    <property name="java.vendor.url.bug" value="https://bugreport.java.com/bugreport/"/>
    <property name="java.io.tmpdir" value="C:\Users\ASUS\AppData\Local\Temp\"/>
    <property name="java.version" value="15.0.2"/>
    <property name="user.dir" value="D:\PERKULIAHAN\Semester 6,Hebatt glad!\Altera\New folder\Serenity_Gladys_DDT"/>
    <property name="os.arch" value="amd64"/>
    <property name="java.vm.specification.name" value="Java Virtual Machine Specification"/>
    <property name="sun.os.patch.level" value=""/>
    <property name="java.library.path" value="C:\Program Files\Java\jdk-15.0.2\bin;C:\WINDOWS\Sun\Java\bin;C:\WINDOWS\system32;C:\WINDOWS;C:\Program Files\Java\jdk-15.0.2\bin;C:\Program Files\Common Files\Oracle\Java\javapath;C:\WINDOWS;C:\WINDOWS\system32;C:\WINDOWS\System32\Wbem;C:\WINDOWS\System32\WindowsPowerShell\v1.0\;C:\WINDOWS\System32\OpenSSH\;C:\Program Files\Intel\WiFi\bin\;C:\Program Files\Common Files\Intel\WirelessCommon\;C:\MinGw\bin;C:\Program Files\Microsoft SQL Server\Client SDK\ODBC\170\Tools\Binn\;C:\Program Files (x86)\Microsoft SQL Server\150\Tools\Binn\;C:\Program Files\Microsoft SQL Server\150\Tools\Binn\;C:\Program Files\Microsoft SQL Server\150\DTS\Binn\;C:\Program Files (x86)\Microsoft SQL Server\150\DTS\Binn\;C:\Program Files\dotnet\;C:\Program Files\Microsoft SQL Server\130\Tools\Binn\;C:\Program Files (x86)\dotnet\;C:\MinGW\bin;C:\Program Files\apache-maven-3.8.1\bin;C:\Program Files\chromedriver_win32;C:\Program Files\Git\cmd;C:\Users\ASUS\AppData\Local\Programs\Python\Python39\Scripts\;C:\Users\ASUS\AppData\Local\Programs\Python\Python39\;C:\Users\ASUS\AppData\Local\Microsoft\WindowsApps;C:\Users\ASUS\AppData\Local\Programs\Microsoft VS Code\bin;C:\Users\ASUS\.dotnet\tools;C:\Program Files\erl-24.1\bin;C:\Program Files\RabbitMQ Server;C:\Program Files (x86)\Sophos\Sophos SSL VPN Client\bin;C:\Program Files\JetBrains\IntelliJ IDEA 2021.3.2\bin;;."/>
    <property name="java.vm.info" value="mixed mode"/>
    <property name="java.vendor" value="Oracle Corporation"/>
    <property name="java.vm.version" value="15.0.2+7-27"/>
    <property name="sun.io.unicode.encoding" value="UnicodeLittle"/>
    <property name="java.class.version" value="59.0"/>
  </properties>
  <testcase name="Login scenario #1" classname="Login" time="102.281">
    <system-out><![CDATA[16:07:03.992 [main] INFO io.cucumber.core.plugin.SerenityReporter - Running feature from file:///D:/PERKULIAHAN/Semester%206,Hebatt%20glad!/Altera/New%20folder/Serenity_Gladys_DDT/src/test/resources/features/login.feature
16:07:04.781 [main] INFO  - 

-------------------------------------------------------------------------------------
     _______. _______ .______       _______ .__   __.  __  .___________.____    ____ 
    /       ||   ____||   _  \     |   ____||  \ |  | |  | |           |\   \  /   / 
   |   (----`|  |__   |  |_)  |    |  |__   |   \|  | |  | `---|  |----` \   \/   /  
    \   \    |   __|  |      /     |   __|  |  . `  | |  |     |  |       \_    _/   
.----)   |   |  |____ |  |\  \----.|  |____ |  |\   | |  |     |  |         |  |     
|_______/    |_______|| _| `._____||_______||__| \__| |__|     |__|         |__|    
                                                                                     
 News and tutorials at http://www.serenity-bdd.info                                  
 Documentation at https://wakaleo.gitbooks.io/the-serenity-book/content/             
 Join the Serenity Community on Gitter: https://gitter.im/serenity-bdd/serenity-core 
 Serenity BDD Support and Training at http://serenity-bdd.info/#/trainingandsupport  
-------------------------------------------------------------------------------------

16:07:04.788 [main] DEBUG net.thucydides.core.steps.StepEventBus - Test suite started for story net.thucydides.core.model.Story@f388ff28
16:07:04.823 [main] INFO  - Test Suite Started: Login
16:07:04.901 [main] INFO io.cucumber.core.plugin.SerenityReporter - Running feature from file:///D:/PERKULIAHAN/Semester%206,Hebatt%20glad!/Altera/New%20folder/Serenity_Gladys_DDT/src/test/resources/features/login.feature
16:07:04.907 [main] DEBUG net.thucydides.core.steps.StepEventBus - Test suite started for story net.thucydides.core.model.Story@f388ff28
16:07:04.908 [main] INFO  - Test Suite Started: Login

@Login @DDT
Scenario Outline: Login scenario     &amp#27;[90m# src/test/resources/features/login.feature:18&amp#27;[0m
16:07:05.437 [main] INFO io.cucumber.core.plugin.SerenityReporter - Running feature from file:///D:/PERKULIAHAN/Semester%206,Hebatt%20glad!/Altera/New%20folder/Serenity_Gladys_DDT/src/test/resources/features/login.feature
16:07:06.212 [main] INFO  - 
  _____   ___   ___   _____     ___   _____     _     ___   _____   ___   ___  
 |_   _| | __| / __| |_   _|   / __| |_   _|   /_\   | _ \ |_   _| | __| |   \ 
   | |   | _|  \__ \   | |     \__ \   | |    / _ \  |   /   | |   | _|  | |) |
   |_|   |___| |___/   |_|     |___/   |_|   /_/ \_\ |_|_\   |_|   |___| |___/ 

Login scenario(login;login-scenario)
--------------------------------------------------------------------------------
16:07:09.527 [main] DEBUG net.thucydides.core.steps.StepInterceptor - STARTING STEP: LoginSteps.iAmOnTheLoginPage - openUrl
16:07:09.944 [main] INFO net.serenitybdd.core.webdriver.driverproviders.ChromeDriverProvider - Using automatically driver download
16:07:14.167 [main] DEBUG io.github.bonigarcia.wdm.cache.ResolutionCache - Removing resolution chrome=99 from cache (expired on Thu Mar 31 15:52:22 WIB 2022)
16:07:14.281 [main] DEBUG org.apache.hc.client5.http.impl.classic.InternalHttpClient - ex-00000001: preparing request execution
16:07:14.289 [main] DEBUG org.apache.hc.client5.http.protocol.RequestAddCookies - Cookie spec selected: strict
16:07:14.312 [main] DEBUG org.apache.hc.client5.http.protocol.RequestAuthCache - Auth cache not set in the context
16:07:14.312 [main] DEBUG org.apache.hc.client5.http.impl.classic.ProtocolExec - ex-00000001: target auth state: UNCHALLENGED
16:07:14.313 [main] DEBUG org.apache.hc.client5.http.impl.classic.ProtocolExec - ex-00000001: proxy auth state: UNCHALLENGED
16:07:14.313 [main] DEBUG org.apache.hc.client5.http.impl.classic.ConnectExec - ex-00000001: acquiring connection with route {s}->https://raw.githubusercontent.com:443
16:07:14.313 [main] DEBUG org.apache.hc.client5.http.impl.classic.InternalHttpClient - ex-00000001: acquiring endpoint (3 MINUTES)
16:07:14.316 [main] DEBUG org.apache.hc.client5.http.impl.io.PoolingHttpClientConnectionManager - ex-00000001: endpoint lease request (3 MINUTES) [route: {s}->https://raw.githubusercontent.com:443][total available: 0; route allocated: 0 of 5; total allocated: 0 of 25]
16:07:14.322 [main] DEBUG org.apache.hc.client5.http.impl.io.PoolingHttpClientConnectionManager - ex-00000001: endpoint leased [route: {s}->https://raw.githubusercontent.com:443][total available: 0; route allocated: 1 of 5; total allocated: 1 of 25]
16:07:14.344 [main] DEBUG org.apache.hc.client5.http.impl.io.PoolingHttpClientConnectionManager - ex-00000001: acquired ep-00000000
16:07:14.344 [main] DEBUG org.apache.hc.client5.http.impl.classic.InternalHttpClient - ex-00000001: acquired endpoint ep-00000000
16:07:14.344 [main] DEBUG org.apache.hc.client5.http.impl.classic.ConnectExec - ex-00000001: opening connection {s}->https://raw.githubusercontent.com:443
16:07:14.346 [main] DEBUG org.apache.hc.client5.http.impl.classic.InternalHttpClient - ep-00000000: connecting endpoint (30 SECONDS)
16:07:14.347 [main] DEBUG org.apache.hc.client5.http.impl.io.PoolingHttpClientConnectionManager - ep-00000000: connecting endpoint to https://raw.githubusercontent.com:443 (30 SECONDS)
16:07:14.492 [main] DEBUG org.apache.hc.client5.http.impl.io.DefaultHttpClientConnectionOperator - http-outgoing-0: connecting to raw.githubusercontent.com/185.199.108.133:443
16:07:14.492 [main] DEBUG org.apache.hc.client5.http.ssl.SSLConnectionSocketFactory - Connecting socket to raw.githubusercontent.com/185.199.108.133:443 with timeout 30 SECONDS
16:07:14.664 [main] DEBUG org.apache.hc.client5.http.ssl.SSLConnectionSocketFactory - Enabled protocols: [TLSv1.3, TLSv1.2]
16:07:14.664 [main] DEBUG org.apache.hc.client5.http.ssl.SSLConnectionSocketFactory - Enabled cipher suites: [TLS_AES_256_GCM_SHA384, TLS_AES_128_GCM_SHA256, TLS_CHACHA20_POLY1305_SHA256, TLS_ECDHE_ECDSA_WITH_AES_256_GCM_SHA384, TLS_ECDHE_ECDSA_WITH_AES_128_GCM_SHA256, TLS_ECDHE_ECDSA_WITH_CHACHA20_POLY1305_SHA256, TLS_ECDHE_RSA_WITH_AES_256_GCM_SHA384, TLS_ECDHE_RSA_WITH_CHACHA20_POLY1305_SHA256, TLS_ECDHE_RSA_WITH_AES_128_GCM_SHA256, TLS_DHE_RSA_WITH_AES_256_GCM_SHA384, TLS_DHE_RSA_WITH_CHACHA20_POLY1305_SHA256, TLS_DHE_DSS_WITH_AES_256_GCM_SHA384, TLS_DHE_RSA_WITH_AES_128_GCM_SHA256, TLS_DHE_DSS_WITH_AES_128_GCM_SHA256, TLS_ECDHE_ECDSA_WITH_AES_256_CBC_SHA384, TLS_ECDHE_RSA_WITH_AES_256_CBC_SHA384, TLS_ECDHE_ECDSA_WITH_AES_128_CBC_SHA256, TLS_ECDHE_RSA_WITH_AES_128_CBC_SHA256, TLS_DHE_RSA_WITH_AES_256_CBC_SHA256, TLS_DHE_DSS_WITH_AES_256_CBC_SHA256, TLS_DHE_RSA_WITH_AES_128_CBC_SHA256, TLS_DHE_DSS_WITH_AES_128_CBC_SHA256, TLS_ECDH_ECDSA_WITH_AES_256_GCM_SHA384, TLS_ECDH_RSA_WITH_AES_256_GCM_SHA384, TLS_ECDH_ECDSA_WITH_AES_128_GCM_SHA256, TLS_ECDH_RSA_WITH_AES_128_GCM_SHA256, TLS_ECDH_ECDSA_WITH_AES_256_CBC_SHA384, TLS_ECDH_RSA_WITH_AES_256_CBC_SHA384, TLS_ECDH_ECDSA_WITH_AES_128_CBC_SHA256, TLS_ECDH_RSA_WITH_AES_128_CBC_SHA256, TLS_ECDHE_ECDSA_WITH_AES_256_CBC_SHA, TLS_ECDHE_RSA_WITH_AES_256_CBC_SHA, TLS_ECDHE_ECDSA_WITH_AES_128_CBC_SHA, TLS_ECDHE_RSA_WITH_AES_128_CBC_SHA, TLS_DHE_RSA_WITH_AES_256_CBC_SHA, TLS_DHE_DSS_WITH_AES_256_CBC_SHA, TLS_DHE_RSA_WITH_AES_128_CBC_SHA, TLS_DHE_DSS_WITH_AES_128_CBC_SHA, TLS_ECDH_ECDSA_WITH_AES_256_CBC_SHA, TLS_ECDH_RSA_WITH_AES_256_CBC_SHA, TLS_ECDH_ECDSA_WITH_AES_128_CBC_SHA, TLS_ECDH_RSA_WITH_AES_128_CBC_SHA, TLS_RSA_WITH_AES_256_GCM_SHA384, TLS_RSA_WITH_AES_128_GCM_SHA256, TLS_RSA_WITH_AES_256_CBC_SHA256, TLS_RSA_WITH_AES_128_CBC_SHA256, TLS_RSA_WITH_AES_256_CBC_SHA, TLS_RSA_WITH_AES_128_CBC_SHA, TLS_EMPTY_RENEGOTIATION_INFO_SCSV]
16:07:14.665 [main] DEBUG org.apache.hc.client5.http.ssl.SSLConnectionSocketFactory - Starting handshake
16:07:14.946 [main] DEBUG org.apache.hc.client5.http.ssl.SSLConnectionSocketFactory - Secure session established
16:07:14.946 [main] DEBUG org.apache.hc.client5.http.ssl.SSLConnectionSocketFactory -  negotiated protocol: TLSv1.3
16:07:14.946 [main] DEBUG org.apache.hc.client5.http.ssl.SSLConnectionSocketFactory -  negotiated cipher suite: TLS_AES_256_GCM_SHA384
16:07:14.946 [main] DEBUG org.apache.hc.client5.http.ssl.SSLConnectionSocketFactory -  peer principal: CN=*.github.io, O="GitHub, Inc.", L=San Francisco, ST=California, C=US
16:07:14.950 [main] DEBUG org.apache.hc.client5.http.ssl.SSLConnectionSocketFactory -  peer alternative names: [*.github.io, github.com, *.github.com, www.github.com, github.io, githubusercontent.com, *.githubusercontent.com]
16:07:14.950 [main] DEBUG org.apache.hc.client5.http.ssl.SSLConnectionSocketFactory -  issuer principal: CN=DigiCert TLS RSA SHA256 2020 CA1, O=DigiCert Inc, C=US
16:07:14.951 [main] DEBUG org.apache.hc.client5.http.impl.io.DefaultHttpClientConnectionOperator - http-outgoing-0: connection established 192.168.100.8:58630<->185.199.108.133:443
16:07:14.953 [main] DEBUG org.apache.hc.client5.http.impl.io.PoolingHttpClientConnectionManager - ep-00000000: connected http-outgoing-0
16:07:14.954 [main] DEBUG org.apache.hc.client5.http.impl.classic.InternalHttpClient - ep-00000000: endpoint connected
16:07:14.955 [main] DEBUG org.apache.hc.client5.http.impl.classic.MainClientExec - ex-00000001: executing GET /bonigarcia/webdrivermanager/master/src/main/resources/commands.properties HTTP/1.1
16:07:14.957 [main] DEBUG org.apache.hc.client5.http.impl.classic.InternalHttpClient - ep-00000000: start execution ex-00000001
16:07:14.958 [main] DEBUG org.apache.hc.client5.http.impl.io.PoolingHttpClientConnectionManager - ep-00000000: executing exchange ex-00000001 over http-outgoing-0
16:07:14.959 [main] DEBUG org.apache.hc.client5.http.headers - http-outgoing-0 >> GET /bonigarcia/webdrivermanager/master/src/main/resources/commands.properties HTTP/1.1
16:07:14.959 [main] DEBUG org.apache.hc.client5.http.headers - http-outgoing-0 >> user-agent: Apache-HttpClient/5.0
16:07:14.959 [main] DEBUG org.apache.hc.client5.http.headers - http-outgoing-0 >> accept-encoding: gzip, deflate, br
16:07:14.959 [main] DEBUG org.apache.hc.client5.http.headers - http-outgoing-0 >> cache-control: max-age=0
16:07:14.959 [main] DEBUG org.apache.hc.client5.http.headers - http-outgoing-0 >> connection: keep-alive
16:07:14.959 [main] DEBUG org.apache.hc.client5.http.headers - http-outgoing-0 >> Host: raw.githubusercontent.com
16:07:14.960 [main] DEBUG org.apache.hc.client5.http.wire - http-outgoing-0 >> "GET /bonigarcia/webdrivermanager/master/src/main/resources/commands.properties HTTP/1.1[\r][\n]"
16:07:14.960 [main] DEBUG org.apache.hc.client5.http.wire - http-outgoing-0 >> "user-agent: Apache-HttpClient/5.0[\r][\n]"
16:07:14.960 [main] DEBUG org.apache.hc.client5.http.wire - http-outgoing-0 >> "accept-encoding: gzip, deflate, br[\r][\n]"
16:07:14.960 [main] DEBUG org.apache.hc.client5.http.wire - http-outgoing-0 >> "cache-control: max-age=0[\r][\n]"
16:07:14.960 [main] DEBUG org.apache.hc.client5.http.wire - http-outgoing-0 >> "connection: keep-alive[\r][\n]"
16:07:14.961 [main] DEBUG org.apache.hc.client5.http.wire - http-outgoing-0 >> "Host: raw.githubusercontent.com[\r][\n]"
16:07:14.961 [main] DEBUG org.apache.hc.client5.http.wire - http-outgoing-0 >> "[\r][\n]"
16:07:14.991 [main] DEBUG org.apache.hc.client5.http.wire - http-outgoing-0 << "HTTP/1.1 200 OK[\r][\n]"
16:07:14.991 [main] DEBUG org.apache.hc.client5.http.wire - http-outgoing-0 << "Connection: keep-alive[\r][\n]"
16:07:14.991 [main] DEBUG org.apache.hc.client5.http.wire - http-outgoing-0 << "Content-Length: 728[\r][\n]"
16:07:14.991 [main] DEBUG org.apache.hc.client5.http.wire - http-outgoing-0 << "Cache-Control: max-age=300[\r][\n]"
16:07:14.991 [main] DEBUG org.apache.hc.client5.http.wire - http-outgoing-0 << "Content-Security-Policy: default-src 'none'; style-src 'unsafe-inline'; sandbox[\r][\n]"
16:07:14.991 [main] DEBUG org.apache.hc.client5.http.wire - http-outgoing-0 << "Content-Type: text/plain; charset=utf-8[\r][\n]"
16:07:14.991 [main] DEBUG org.apache.hc.client5.http.wire - http-outgoing-0 << "ETag: W/"f670816d6bfbef80584dadbb549bb9c4ccd5de869d5b63cc2a694a74613014b5"[\r][\n]"
16:07:14.992 [main] DEBUG org.apache.hc.client5.http.wire - http-outgoing-0 << "Strict-Transport-Security: max-age=31536000[\r][\n]"
16:07:14.992 [main] DEBUG org.apache.hc.client5.http.wire - http-outgoing-0 << "X-Content-Type-Options: nosniff[\r][\n]"
16:07:14.992 [main] DEBUG org.apache.hc.client5.http.wire - http-outgoing-0 << "X-Frame-Options: deny[\r][\n]"
16:07:14.992 [main] DEBUG org.apache.hc.client5.http.wire - http-outgoing-0 << "X-XSS-Protection: 1; mode=block[\r][\n]"
16:07:14.992 [main] DEBUG org.apache.hc.client5.http.wire - http-outgoing-0 << "X-GitHub-Request-Id: 5642:79AA:8EB26:2237E8:62326B52[\r][\n]"
16:07:14.992 [main] DEBUG org.apache.hc.client5.http.wire - http-outgoing-0 << "Content-Encoding: gzip[\r][\n]"
16:07:14.992 [main] DEBUG org.apache.hc.client5.http.wire - http-outgoing-0 << "Fastly-Original-Body-Size: 0[\r][\n]"
16:07:14.992 [main] DEBUG org.apache.hc.client5.http.wire - http-outgoing-0 << "Accept-Ranges: bytes[\r][\n]"
16:07:14.992 [main] DEBUG org.apache.hc.client5.http.wire - http-outgoing-0 << "Date: Thu, 31 Mar 2022 09:08:22 GMT[\r][\n]"
16:07:14.992 [main] DEBUG org.apache.hc.client5.http.wire - http-outgoing-0 << "Via: 1.1 varnish[\r][\n]"
16:07:14.992 [main] DEBUG org.apache.hc.client5.http.wire - http-outgoing-0 << "X-Served-By: cache-qpg1237-QPG[\r][\n]"
16:07:14.993 [main] DEBUG org.apache.hc.client5.http.wire - http-outgoing-0 << "X-Cache: HIT[\r][\n]"
16:07:14.993 [main] DEBUG org.apache.hc.client5.http.wire - http-outgoing-0 << "X-Cache-Hits: 1[\r][\n]"
16:07:14.993 [main] DEBUG org.apache.hc.client5.http.wire - http-outgoing-0 << "X-Timer: S1648717703.598071,VS0,VE1[\r][\n]"
16:07:14.993 [main] DEBUG org.apache.hc.client5.http.wire - http-outgoing-0 << "Vary: Authorization,Accept-Encoding,Origin[\r][\n]"
16:07:14.993 [main] DEBUG org.apache.hc.client5.http.wire - http-outgoing-0 << "Access-Control-Allow-Origin: *[\r][\n]"
16:07:14.993 [main] DEBUG org.apache.hc.client5.http.wire - http-outgoing-0 << "X-Fastly-Request-ID: 45ae7df4d79928c19ad3804a24d7cee4ad1325f8[\r][\n]"
16:07:14.993 [main] DEBUG org.apache.hc.client5.http.wire - http-outgoing-0 << "Expires: Thu, 31 Mar 2022 09:13:22 GMT[\r][\n]"
16:07:14.993 [main] DEBUG org.apache.hc.client5.http.wire - http-outgoing-0 << "Source-Age: 8[\r][\n]"
16:07:14.993 [main] DEBUG org.apache.hc.client5.http.wire - http-outgoing-0 << "[\r][\n]"
16:07:14.997 [main] DEBUG org.apache.hc.client5.http.headers - http-outgoing-0 << HTTP/1.1 200 OK
16:07:14.997 [main] DEBUG org.apache.hc.client5.http.headers - http-outgoing-0 << Connection: keep-alive
16:07:14.998 [main] DEBUG org.apache.hc.client5.http.headers - http-outgoing-0 << Content-Length: 728
16:07:14.998 [main] DEBUG org.apache.hc.client5.http.headers - http-outgoing-0 << Cache-Control: max-age=300
16:07:14.998 [main] DEBUG org.apache.hc.client5.http.headers - http-outgoing-0 << Content-Security-Policy: default-src 'none'; style-src 'unsafe-inline'; sandbox
16:07:14.998 [main] DEBUG org.apache.hc.client5.http.headers - http-outgoing-0 << Content-Type: text/plain; charset=utf-8
16:07:14.998 [main] DEBUG org.apache.hc.client5.http.headers - http-outgoing-0 << ETag: W/"f670816d6bfbef80584dadbb549bb9c4ccd5de869d5b63cc2a694a74613014b5"
16:07:14.998 [main] DEBUG org.apache.hc.client5.http.headers - http-outgoing-0 << Strict-Transport-Security: max-age=31536000
16:07:14.998 [main] DEBUG org.apache.hc.client5.http.headers - http-outgoing-0 << X-Content-Type-Options: nosniff
16:07:14.998 [main] DEBUG org.apache.hc.client5.http.headers - http-outgoing-0 << X-Frame-Options: deny
16:07:14.998 [main] DEBUG org.apache.hc.client5.http.headers - http-outgoing-0 << X-XSS-Protection: 1; mode=block
16:07:14.998 [main] DEBUG org.apache.hc.client5.http.headers - http-outgoing-0 << X-GitHub-Request-Id: 5642:79AA:8EB26:2237E8:62326B52
16:07:14.998 [main] DEBUG org.apache.hc.client5.http.headers - http-outgoing-0 << Content-Encoding: gzip
16:07:14.998 [main] DEBUG org.apache.hc.client5.http.headers - http-outgoing-0 << Fastly-Original-Body-Size: 0
16:07:14.998 [main] DEBUG org.apache.hc.client5.http.headers - http-outgoing-0 << Accept-Ranges: bytes
16:07:14.998 [main] DEBUG org.apache.hc.client5.http.headers - http-outgoing-0 << Date: Thu, 31 Mar 2022 09:08:22 GMT
16:07:14.998 [main] DEBUG org.apache.hc.client5.http.headers - http-outgoing-0 << Via: 1.1 varnish
16:07:14.998 [main] DEBUG org.apache.hc.client5.http.headers - http-outgoing-0 << X-Served-By: cache-qpg1237-QPG
16:07:14.998 [main] DEBUG org.apache.hc.client5.http.headers - http-outgoing-0 << X-Cache: HIT
16:07:14.998 [main] DEBUG org.apache.hc.client5.http.headers - http-outgoing-0 << X-Cache-Hits: 1
16:07:14.998 [main] DEBUG org.apache.hc.client5.http.headers - http-outgoing-0 << X-Timer: S1648717703.598071,VS0,VE1
16:07:14.998 [main] DEBUG org.apache.hc.client5.http.headers - http-outgoing-0 << Vary: Authorization,Accept-Encoding,Origin
16:07:14.998 [main] DEBUG org.apache.hc.client5.http.headers - http-outgoing-0 << Access-Control-Allow-Origin: *
16:07:14.998 [main] DEBUG org.apache.hc.client5.http.headers - http-outgoing-0 << X-Fastly-Request-ID: 45ae7df4d79928c19ad3804a24d7cee4ad1325f8
16:07:14.998 [main] DEBUG org.apache.hc.client5.http.headers - http-outgoing-0 << Expires: Thu, 31 Mar 2022 09:13:22 GMT
16:07:14.998 [main] DEBUG org.apache.hc.client5.http.headers - http-outgoing-0 << Source-Age: 8
16:07:15.006 [main] DEBUG org.apache.hc.client5.http.impl.classic.MainClientExec - ex-00000001: connection can be kept alive for 3 MINUTES
16:07:15.012 [main] DEBUG org.apache.hc.client5.http.wire - http-outgoing-0 << "[0x1f][0xffffff8b][0x8][0x0][0x0][0x0][0x0][0x0][0x0][0x3][0xffffffb5]V]o[0xffffffda]0[0x14]}[0xffffffe7]W\[0xffffff81]*[0xffffffb5][0x12][0x1f][[M[0xffffffd3]$[0x1e]hF[0xffffffbb]i [0x18][0xffffffb4][0xffffffdd]&[0xfffffff9][0xffffffc5]Mn[0xffffff82][0xffffffa5]$Fv([0xffffffed]~[0xfffffffd]l[0xffffffe7]c$u[0x6]k[0xffffffe8][l_[0xffffff9f]s|[0xffffffef]q|;[0xffffffe0][0xfffffff0]([0xffffffa2][0xffffffb1]'[0xffffffc1][0xffffffa3][0x9]}[0xffffffa0][0x12][[0x1d][0xffffffb8]]1[0x9]>[0xb][0x11]\[0x1e]'[0xffffff94][0xffffffc5][0x12][0xffffff92][0xffffff95][0x1e]d[0xffffffa1][0x9][0xffffff87][0x7][0x4]|Bw[0xffffff93][0xffffffa0][0x7],6[0xffffffcb]r[0xffffff85]a[0xffffffa8][0x7]\x(t[0xffffff90][0xffffff87][0x9][0xffffffba][0xffffff89]Y|D![0x19]Wk>[0xffffffa0][0xfffffffa][0xe][0x4]b[0xc][0xf][0xffffff82]o[0xffffffa5]ZP[0xffffff94][0xffffffa7][0xffffffce]J[0xfffffff0][0x8][0xffffffbb]p[0xffffffcd][0x4][0xfffffffa][0xfffffffc][0xffffffa9][0xb][0xffffffb3]5[\n]"
16:07:15.013 [main] DEBUG org.apache.hc.client5.http.wire - http-outgoing-0 << "[0xffffffda][0xffffff85][0xffffffb1][0x17][0xffffffa8]Y[0xffffffb3][0xffffffca]6[0xffffffd1][0xffffff99][0xffffffc6][0xfffffff7][0xffffff98][0xffffffef][0xffffffa3][0xffffffc0]8[0x1][0xffffffae]c[0x12][0x16][0x7] [0xffffff9f]e[0xffffff82][0xffffff91][0xffffff84][0xffffffd3][0x1f],[0xfffffff6][0x14]j[0x17]&,[0xffffffde]([0xffffff98])ua[0xffffffb6]<k)[0xffffff8e][0xffffff94][0xffffffa2][0xffffff95][0x1d][0xffffffa3][0xffffffef][0xffffff9a]a[0x7f][0xffffff9b]n[0xffffffe8][0xffffffbf]{?t#[0xffffffaf][0xffffffaf]N[0x5][0x3][0x7][0xffffffb6][0x11]sMJL[0x1a][0xffffffb6]+[0xffffffc5][0x7]1[0xffffff8d]p[0xffffffd8]>[0xffffff99]/f7[0xffffff8b][0xffffffd1][0xfffffff4][0xfffffffa][0xffffffeb]d[0xffffffbc]<[0xfffffffd][0xfffffff9][0xfffffff1][0xffffffc3][0xffffffd9]'2$[0xffffffe4][0xffffff84][0xffffff90][0x1b][0xffffffce][0xffffff83][0x10][0x9]Iy[0x8][0x19][0xffffffad][0xffffffd7]!s[0xffffff95]>[0x1e][0x13][0xffffff92][0xffffffb1])[0xfffffff8]6[0x4][0xffffff98][0xffffffc0]}[0xffffff96][0xffffff90][0xffffffc1]#[\r]7[0xfffffff5][0xffffffa2][0xffffffce][0xf][0x14]5[0xffffff99]9[0xffffffa3][0xffffffc9]h>[0xffffffff]<[0xffffffba][0x1d][0xffffffbd][0xffffffa5][0xffffff9e][0xffffff8b]W$[0xffffffe9]-[0xfffffff5]\[0xe][0x17][0xffffffe3][0x1b][0xfffffff8]~7^[0xfffffffc][0xffffff82]/[0xffffffdf][0xffffff9c];[0xffffffb2][0xffffffe4]~[0xffffffb2][0xffffffa5][0x2]s[0xffffffb6][0xffffff8c][0xffffffec]jr[0xffffff85][0xffffffd4]5x[0xffffffb9][0x17][U[0xffffffd0]P;F[0xfffffffb] 0[{[0xffffffe9]4[0xfffffff4]zu[0x1b]"[0xffffffea][0xffffffea][0xfffffff0][0xffffffc1][0xffffffce]A[0xffffffe4] [0xffffffe5][0xffffffcd][0xffffffcc][0xffffffd6][0xffffffa7][0xffffffeb][0xfffffff5][0xffffffc0]Q[0xffffff97]H[0xffffffb9]U[0xe][0xffffff94][0x17]g[0xffffffcb]r[0xffffffc0].[0xffffffba][0xffffffb2]h[0xffffffe6][0xfffffffe][0xffffff82][0xffffffc8]O[0xffffffc7][0xffffffcd]L[0xffffff9a][0xffffffe7][0x7f][0xffffffca][0x7f][0xffffffb3]0[0xffffffa4]9[0x9]!9[0xfffffffa][0xffffffbe][0xffffffa4][0xffffffbf]Pq[0xffffffa8]+k[0xffffffaf][0xffffffca][0xfffffff1][0xffffffa4]\[0xffffffec][0x18][0xffffffa0]]v@FR%kk[0xf]8[0x1b][0xffffffa1][0xffffffff] [0xfffffff7][0xffffffd5][0xffffffca][0xffffffe6][0xfffffff8][0xffffff85][0x17][0xffffffb2][0x9][0xffffffe8]=[0xffffffbe][0xc][0xffffffb2][0xffffffd6]?c[0xffffffb1]U~[0x17]K[0x15][[0xffffffff][0xffffffda][\n]"
16:07:15.013 [main] DEBUG org.apache.hc.client5.http.wire - http-outgoing-0 << "LT[0xffffff83]#[0xfffffffe][0xffffff8b][0xffffffa6][0xffffffcc][0x15]\[0xffffffaa]L[0x10][0xffffffa2]i*[0xffffff97]-[0xffffff92][0xffffff86]n_[0xffffffb2][0xffffffcb][0xffffff9a]^S[0xfffffff4]7[0xffffff94]sQ{[0xfffffff3][0xffffffff][0xffffff92][0x19][0xffffffae][0x7f]^}[0xffffff83]Y[0x14];[0xffffffca]w[0xfffffff6][0xfffffff4][0xffffffbc][0xffffffed][0xffffffe6][0xffffff9b]xk[0xffffffdd][0xb]VSW[[0xfffffff9][0xffffffcb][0x11]P[0xffffffba][0xfffffff8][0xffffffe6][0xffffffb5]+X[0xffffffcc][0xffffffbb][0xfffffff6][0xffffffff]n[0xffffffb0]=[0x2]s[0xffffffc1][0x3]A#I[0xffffff88][0xffffffa1] $[0xffffffa4][0xffffff9b][0xffffffd8]U[0xffffffbb][0xfffffff6][0xffffffa6][0xffffffbb]"[0xffffffa2]I[0xfffffff9][0xffffff8f]&[0xffffffe2][0xffffffd0][0xffffffe7][0xffffffc7][0xffffff96][0xffffff89][0xffffff86][0xffffffd4][0xffffff97][\r][0xffffffce][0x7f](u[0xffffff85][0xffffffbb][0xfffffff0][0xffffffa5][0x19][0xffffffda][0xffffffec][0xffffff98][0xffffffc6]Y[0xfffffffd]h8m6[0xffffff9c]U[0xffffffc1][0xfffffff2][0xffffffd6]H[0xfffffff5]W[0xffffffe5][0x17]NM[0x1c][0xffffffc7][0xffffff84]9|[0xffffff83]7[0xffffffbf][0xffffffa4][0xffffffa5][0xfffffff1][0xfffffffb]slAM[0xffffffda][0xffffffa2]ck[0xffffffa9]o[0xffffff89][\n]"
16:07:15.013 [main] DEBUG org.apache.hc.client5.http.wire - http-outgoing-0 << "[0xffffffa6][0xfffffffd][0xffffffdd][0xffffff90]F,[0xffffffec][0xffffff97][0xffffffcf][0xfffffff4][0xffffffb2][0xffffff86]}[0xffffffc7]<u[0xffffff9b][0xffffffce][0xffffff8b]M[0xffffffb5][0xfffffffd][0xffffff93][0xffffff8e][0xffffffb6]:7[0xffffff97]i3[0xffffffaf]cA[0xffffffed][0xffffffc0][0xffffff92][0xfffffffa]T[0xffffffb0][0x2]^[0xffffff9a][0xffffffa1][0x1d]<[\r][0xffffffb5]A[0xffffffa7]+;[0xffffffc0][0x7f][0x0][0xffffffb2]$|[0xffffff88][0x1d][\r][0x0][0x0]"
16:07:15.015 [main] DEBUG org.apache.hc.client5.http.impl.classic.InternalHttpClient - ep-00000000: releasing valid endpoint
16:07:15.015 [main] DEBUG org.apache.hc.client5.http.impl.io.PoolingHttpClientConnectionManager - ep-00000000: releasing endpoint
16:07:15.016 [main] DEBUG org.apache.hc.client5.http.impl.io.PoolingHttpClientConnectionManager - ep-00000000: connection http-outgoing-0 can be kept alive for 3 MINUTES
16:07:15.016 [main] DEBUG org.apache.hc.client5.http.impl.io.PoolingHttpClientConnectionManager - ep-00000000: connection released [route: {s}->https://raw.githubusercontent.com:443][total available: 1; route allocated: 1 of 5; total allocated: 1 of 25]
16:07:15.016 [main] DEBUG io.github.bonigarcia.wdm.versions.VersionDetector - Detecting chrome version using online commands.properties
16:07:15.020 [main] DEBUG io.github.bonigarcia.wdm.versions.Shell - Running command on the shell: [cmd.exe, /C, wmic, datafile, where, name="%PROGRAMFILES(X86):\=\\%\\Google\\Chrome\\Application\\chrome.exe", get, Version, /value]
16:07:17.082 [main] DEBUG io.github.bonigarcia.wdm.versions.Shell - Result: 
16:07:17.082 [main] DEBUG io.github.bonigarcia.wdm.versions.Shell - Running command on the shell: [cmd.exe, /C, wmic, datafile, where, name="%LOCALAPPDATA:\=\\%\\Google\\Chrome\\Application\\chrome.exe", get, Version, /value]
16:07:17.427 [main] DEBUG io.github.bonigarcia.wdm.versions.Shell - Result: 
16:07:17.429 [main] DEBUG io.github.bonigarcia.wdm.versions.Shell - Running command on the shell: [cmd.exe, /C, wmic, datafile, where, name="%PROGRAMFILES:\=\\%\\Google\\Chrome\\Application\\chrome.exe", get, Version, /value]
16:07:17.730 [main] DEBUG io.github.bonigarcia.wdm.versions.Shell - Result: Version=99.0.4844.84
16:07:17.741 [main] DEBUG io.github.bonigarcia.wdm.cache.ResolutionCache - Resolution chrome99=99.0.4844.51 in cache (valid until 13:47:20 01/04/2022 WIB)
16:07:17.746 [main] INFO io.github.bonigarcia.wdm.WebDriverManager - Using chromedriver 99.0.4844.51 (resolved driver for Chrome 99)
16:07:17.762 [main] DEBUG io.github.bonigarcia.wdm.cache.ResolutionCache - Storing resolution chrome=99 in cache (valid until 17:07:17 31/03/2022 WIB)
16:07:17.829 [main] DEBUG io.github.bonigarcia.wdm.WebDriverManager - Driver chromedriver 99.0.4844.51 found in cache
16:07:17.831 [main] INFO io.github.bonigarcia.wdm.WebDriverManager - Exporting webdriver.chrome.driver as C:\Users\ASUS\.cache\selenium\chromedriver\win32\99.0.4844.51\chromedriver.exe
16:07:20.350 [main] DEBUG net.thucydides.core.reflection.ClassFinder - Could not load class .starter.cucumberTestSuite
16:07:20.350 [main] DEBUG net.thucydides.core.reflection.ClassFinder - Could not load class .starter.pages.HomePage
16:07:20.351 [main] DEBUG net.thucydides.core.reflection.ClassFinder - Could not load class .starter.pages.LoginPage
16:07:20.351 [main] DEBUG net.thucydides.core.reflection.ClassFinder - Could not load class .starter.stepdefinitions.LoginSteps
16:07:20.352 [main] DEBUG net.thucydides.core.reflection.ClassFinder - Could not load class META-INF.versions.9.com.sun.istack.logging.StackHelper
16:07:20.353 [main] DEBUG net.thucydides.core.reflection.ClassFinder - Could not load class META-INF.versions.9.com.sun.xml.bind.v2.runtime.reflect.opt.AccessorInjector
16:07:20.355 [main] DEBUG net.thucydides.core.reflection.ClassFinder - Could not load class META-INF.versions.9.com.sun.xml.bind.v2.runtime.reflect.opt.Injector
16:07:20.356 [main] DEBUG net.thucydides.core.reflection.ClassFinder - Could not load class META-INF.versions.9.com.sun.xml.bind.v2.runtime.reflect.opt.OptimizedAccessorFactory
16:07:20.358 [main] DEBUG net.thucydides.core.reflection.ClassFinder - Could not load class META-INF.versions.9.com.sun.xml.bind.v2.runtime.reflect.opt.OptimizedTransducedAccessorFactory
16:07:20.360 [main] DEBUG net.thucydides.core.reflection.ClassFinder - Could not load class META-INF.versions.9.io.opentelemetry.sdk.internal.CurrentJavaVersionSpecific
16:07:20.360 [main] DEBUG net.thucydides.core.reflection.ClassFinder - Could not load class META-INF.versions.9.io.opentelemetry.sdk.internal.Java9VersionSpecific
16:07:20.362 [main] DEBUG net.thucydides.core.reflection.ClassFinder - Could not load class META-INF.versions.9.javax.xml.bind.ModuleUtil
16:07:20.384 [main] DEBUG net.thucydides.core.reflection.ClassFinder - Could not load class META-INF.versions.9.module-info
16:07:20.386 [main] DEBUG net.thucydides.core.reflection.ClassFinder - Could not load class META-INF.versions.9.org.junit.platform.commons.util.ModuleUtils
16:07:21.187 [main] DEBUG net.thucydides.core.reflection.ClassFinder - Could not load class com.google.gson.internal.
16:07:21.705 [main] DEBUG net.thucydides.core.reflection.ClassFinder - Could not load class com.sun.xml.bind.v2.runtime.output.FastInfosetStreamWriterOutput
16:07:22.765 [main] DEBUG net.thucydides.core.reflection.ClassFinder - Could not load class module-info
16:07:31.649 [main] DEBUG io.netty.util.internal.logging.InternalLoggerFactory - Using SLF4J as the default logging framework
16:07:31.663 [main] DEBUG io.netty.util.ResourceLeakDetector - -Dio.netty.leakDetection.level: simple
16:07:31.664 [main] DEBUG io.netty.util.ResourceLeakDetector - -Dio.netty.leakDetection.targetRecords: 4
16:07:31.728 [main] DEBUG io.netty.util.ResourceLeakDetectorFactory - Loaded default ResourceLeakDetector: io.netty.util.ResourceLeakDetector@52bd1783
16:07:31.834 [main] DEBUG io.netty.util.internal.PlatformDependent0 - -Dio.netty.noUnsafe: false
16:07:31.834 [main] DEBUG io.netty.util.internal.PlatformDependent0 - Java version: 15
16:07:31.837 [main] DEBUG io.netty.util.internal.PlatformDependent0 - sun.misc.Unsafe.theUnsafe: available
16:07:31.839 [main] DEBUG io.netty.util.internal.PlatformDependent0 - sun.misc.Unsafe.copyMemory: available
16:07:31.840 [main] DEBUG io.netty.util.internal.PlatformDependent0 - java.nio.Buffer.address: available
16:07:31.842 [main] DEBUG io.netty.util.internal.PlatformDependent0 - direct buffer constructor: unavailable: Reflective setAccessible(true) disabled
16:07:31.845 [main] DEBUG io.netty.util.internal.PlatformDependent0 - java.nio.Bits.unaligned: available, true
16:07:31.848 [main] DEBUG io.netty.util.internal.PlatformDependent0 - jdk.internal.misc.Unsafe.allocateUninitializedArray(int): unavailable: class io.netty.util.internal.PlatformDependent0$6 cannot access class jdk.internal.misc.Unsafe (in module java.base) because module java.base does not export jdk.internal.misc to unnamed module @6c4f9535
16:07:31.852 [main] DEBUG io.netty.util.internal.PlatformDependent0 - java.nio.DirectByteBuffer.<init>(long, int): unavailable
16:07:31.852 [main] DEBUG io.netty.util.internal.PlatformDependent - sun.misc.Unsafe: available
16:07:31.876 [main] DEBUG io.netty.util.internal.PlatformDependent - maxDirectMemory: 1598029824 bytes (maybe)
16:07:31.876 [main] DEBUG io.netty.util.internal.PlatformDependent - -Dio.netty.tmpdir: C:\Users\ASUS\AppData\Local\Temp (java.io.tmpdir)
16:07:31.876 [main] DEBUG io.netty.util.internal.PlatformDependent - -Dio.netty.bitMode: 64 (sun.arch.data.model)
16:07:31.877 [main] DEBUG io.netty.util.internal.PlatformDependent - Platform: Windows
16:07:31.879 [main] DEBUG io.netty.util.internal.PlatformDependent - -Dio.netty.maxDirectMemory: -1 bytes
16:07:31.879 [main] DEBUG io.netty.util.internal.PlatformDependent - -Dio.netty.uninitializedArrayAllocationThreshold: -1
16:07:31.881 [main] DEBUG io.netty.util.internal.CleanerJava9 - java.nio.ByteBuffer.cleaner(): available
16:07:31.881 [main] DEBUG io.netty.util.internal.PlatformDependent - -Dio.netty.noPreferDirect: false
16:07:31.905 [main] DEBUG io.netty.util.internal.PlatformDependent - org.jctools-core.MpscChunkedArrayQueue: available
16:07:32.122 [main] DEBUG io.netty.util.internal.InternalThreadLocalMap - -Dio.netty.threadLocalMap.stringBuilder.initialSize: 1024
16:07:32.122 [main] DEBUG io.netty.util.internal.InternalThreadLocalMap - -Dio.netty.threadLocalMap.stringBuilder.maxSize: 4096
16:07:32.283 [main] DEBUG io.netty.handler.ssl.JdkSslContext - Default protocols (JDK): [TLSv1.3, TLSv1.2, TLSv1.1, TLSv1] 
16:07:32.284 [main] DEBUG io.netty.handler.ssl.JdkSslContext - Default cipher suites (JDK): [TLS_ECDHE_ECDSA_WITH_AES_256_GCM_SHA384, TLS_ECDHE_ECDSA_WITH_AES_128_GCM_SHA256, TLS_ECDHE_RSA_WITH_AES_128_GCM_SHA256, TLS_ECDHE_RSA_WITH_AES_256_GCM_SHA384, TLS_ECDHE_RSA_WITH_AES_128_CBC_SHA, TLS_ECDHE_RSA_WITH_AES_256_CBC_SHA, TLS_RSA_WITH_AES_128_GCM_SHA256, TLS_RSA_WITH_AES_128_CBC_SHA, TLS_RSA_WITH_AES_256_CBC_SHA, TLS_AES_128_GCM_SHA256, TLS_AES_256_GCM_SHA384]
16:07:32.394 [main] DEBUG io.netty.channel.MultithreadEventLoopGroup - -Dio.netty.eventLoopThreads: 16
16:07:32.439 [main] DEBUG io.netty.channel.nio.NioEventLoop - -Dio.netty.noKeySetOptimization: false
16:07:32.440 [main] DEBUG io.netty.channel.nio.NioEventLoop - -Dio.netty.selectorAutoRebuildThreshold: 512
16:07:32.695 [main] DEBUG io.netty.buffer.PooledByteBufAllocator - -Dio.netty.allocator.numHeapArenas: 15
16:07:32.695 [main] DEBUG io.netty.buffer.PooledByteBufAllocator - -Dio.netty.allocator.numDirectArenas: 15
16:07:32.696 [main] DEBUG io.netty.buffer.PooledByteBufAllocator - -Dio.netty.allocator.pageSize: 8192
16:07:32.696 [main] DEBUG io.netty.buffer.PooledByteBufAllocator - -Dio.netty.allocator.maxOrder: 11
16:07:32.696 [main] DEBUG io.netty.buffer.PooledByteBufAllocator - -Dio.netty.allocator.chunkSize: 16777216
16:07:32.696 [main] DEBUG io.netty.buffer.PooledByteBufAllocator - -Dio.netty.allocator.smallCacheSize: 256
16:07:32.696 [main] DEBUG io.netty.buffer.PooledByteBufAllocator - -Dio.netty.allocator.normalCacheSize: 64
16:07:32.696 [main] DEBUG io.netty.buffer.PooledByteBufAllocator - -Dio.netty.allocator.maxCachedBufferCapacity: 32768
16:07:32.696 [main] DEBUG io.netty.buffer.PooledByteBufAllocator - -Dio.netty.allocator.cacheTrimInterval: 8192
16:07:32.697 [main] DEBUG io.netty.buffer.PooledByteBufAllocator - -Dio.netty.allocator.cacheTrimIntervalMillis: 0
16:07:32.697 [main] DEBUG io.netty.buffer.PooledByteBufAllocator - -Dio.netty.allocator.useCacheForAllThreads: true
16:07:32.697 [main] DEBUG io.netty.buffer.PooledByteBufAllocator - -Dio.netty.allocator.maxCachedByteBuffersPerChunk: 1023
16:07:32.738 [main] DEBUG io.netty.buffer.ByteBufUtil - -Dio.netty.allocator.type: pooled
16:07:32.739 [main] DEBUG io.netty.buffer.ByteBufUtil - -Dio.netty.threadLocalDirectBufferSize: 0
16:07:32.739 [main] DEBUG io.netty.buffer.ByteBufUtil - -Dio.netty.maxThreadLocalCharBufferSize: 16384
16:07:33.559 [main] DEBUG net.serenitybdd.core.webdriver.driverproviders.ProvideNewDriver - Instantiating driver
16:07:33.559 [main] DEBUG net.serenitybdd.core.webdriver.driverproviders.ProvideNewDriver - Driver capabilities: Capabilities {acceptInsecureCerts: false, base.url: https://demoqa.com/login, browserName: chrome, chrome.driver: src/test/resources/webdrive..., driver: chrome, goog:chromeOptions: {args: [], extensions: []}}
16:07:37.925 [Forwarding newSession on session null to remote] DEBUG io.netty.channel.DefaultChannelId - -Dio.netty.processId: 3048 (auto-detected)
16:07:37.942 [Forwarding newSession on session null to remote] DEBUG io.netty.util.NetUtil - -Djava.net.preferIPv4Stack: false
16:07:37.942 [Forwarding newSession on session null to remote] DEBUG io.netty.util.NetUtil - -Djava.net.preferIPv6Addresses: false
16:07:37.979 [Forwarding newSession on session null to remote] DEBUG io.netty.util.NetUtilInitializations - Loopback interface: lo (Software Loopback Interface 1, 127.0.0.1)
16:07:37.995 [Forwarding newSession on session null to remote] DEBUG io.netty.util.NetUtil - Failed to get SOMAXCONN from sysctl and file \proc\sys\net\core\somaxconn. Default: 200
16:07:38.072 [Forwarding newSession on session null to remote] DEBUG io.netty.channel.DefaultChannelId - -Dio.netty.machineId: 04:ea:56:ff:fe:54:1b:1e (auto-detected)
16:07:38.364 [AsyncHttpClient-1-2] DEBUG io.netty.buffer.AbstractByteBuf - -Dio.netty.buffer.checkAccessible: true
16:07:38.365 [AsyncHttpClient-1-2] DEBUG io.netty.buffer.AbstractByteBuf - -Dio.netty.buffer.checkBounds: true
16:07:38.365 [AsyncHttpClient-1-2] DEBUG io.netty.util.ResourceLeakDetectorFactory - Loaded default ResourceLeakDetector: io.netty.util.ResourceLeakDetector@72120669
16:07:38.425 [AsyncHttpClient-1-2] DEBUG org.asynchttpclient.netty.channel.NettyConnectListener - Using new Channel '[id: 0x73993516, L:/127.0.0.1:58684 - R:localhost/127.0.0.1:57430]' for 'POST' to '/session'
16:07:38.520 [AsyncHttpClient-1-2] DEBUG io.netty.util.Recycler - -Dio.netty.recycler.maxCapacityPerThread: 4096
16:07:38.520 [AsyncHttpClient-1-2] DEBUG io.netty.util.Recycler - -Dio.netty.recycler.ratio: 8
16:07:38.520 [AsyncHttpClient-1-2] DEBUG io.netty.util.Recycler - -Dio.netty.recycler.chunkSize: 32
16:07:38.520 [AsyncHttpClient-1-2] DEBUG io.netty.util.Recycler - -Dio.netty.recycler.blocking: false
16:08:04.633 [AsyncHttpClient-1-2] DEBUG io.netty.handler.codec.compression.Brotli - brotli4j not in the classpath; Brotli support will be unavailable.
16:08:04.633 [AsyncHttpClient-1-2] DEBUG org.asynchttpclient.netty.handler.HttpHandler - 

Request DefaultHttpRequest(decodeResult: success, version: HTTP/1.1)
POST /session HTTP/1.1
User-Agent: selenium/4.1.2 (java windows)
Content-Length: 610
Content-Type: application/json; charset=utf-8
host: localhost:57430
accept: */*

Response DefaultHttpResponse(decodeResult: success, version: HTTP/1.1)
HTTP/1.1 200 OK
Content-Type: application/json; charset=utf-8
cache-control: no-cache
content-length: 786

16:08:04.760 [AsyncHttpClient-1-2] DEBUG org.asynchttpclient.netty.channel.ChannelManager - Adding key: http://localhost:57430 for channel [id: 0x73993516, L:/127.0.0.1:58684 - R:localhost/127.0.0.1:57430]
16:08:05.211 [AsyncHttpClient-1-3] DEBUG org.asynchttpclient.netty.channel.NettyConnectListener - Using new Channel '[id: 0x461f059a, L:/127.0.0.1:58702 - R:localhost/127.0.0.1:58685]' for 'GET' to '/json/version'
16:08:05.218 [AsyncHttpClient-1-1] DEBUG org.asynchttpclient.netty.channel.DefaultChannelPool - Entry count for : http://localhost:57430 : 1
16:08:05.219 [AsyncHttpClient-1-3] DEBUG org.asynchttpclient.netty.handler.HttpHandler - 

Request DefaultFullHttpRequest(decodeResult: success, version: HTTP/1.1, content: EmptyByteBufBE)
GET /json/version HTTP/1.1
User-Agent: selenium/4.1.2 (java windows)
host: localhost:58685
accept: */*

Response DefaultHttpResponse(decodeResult: success, version: HTTP/1.1)
HTTP/1.1 200 OK
Content-Type: application/json; charset=UTF-8
content-length: 424

16:08:05.220 [AsyncHttpClient-1-3] DEBUG org.asynchttpclient.netty.channel.ChannelManager - Adding key: http://localhost:58685 for channel [id: 0x461f059a, L:/127.0.0.1:58702 - R:localhost/127.0.0.1:58685]
16:08:05.407 [main] DEBUG io.netty.util.internal.ThreadLocalRandom - -Dio.netty.initialSeedUniquifier: 0x9fef3d0a0f12ec00
16:08:05.411 [AsyncHttpClient-1-4] DEBUG org.asynchttpclient.netty.channel.NettyConnectListener - Using new Channel '[id: 0xd871f825, L:/127.0.0.1:58703 - R:localhost/127.0.0.1:58685]' for 'GET' to '/devtools/browser/a892d134-6e44-4771-b341-bc540ad24516'
16:08:05.421 [AsyncHttpClient-1-4] DEBUG org.asynchttpclient.netty.handler.WebSocketHandler - 

Request DefaultFullHttpRequest(decodeResult: success, version: HTTP/1.1, content: EmptyByteBufBE)
GET /devtools/browser/a892d134-6e44-4771-b341-bc540ad24516 HTTP/1.1
upgrade: websocket
connection: upgrade
sec-websocket-key: N3/wAhmlREDNoVArYCbRdg==
sec-websocket-version: 13
origin: http://localhost:58685
host: localhost:58685
accept: */*
user-agent: AHC/2.1

Response DefaultHttpResponse(decodeResult: success, version: HTTP/1.1)
HTTP/1.1 101 WebSocket Protocol Handshake
Upgrade: WebSocket
Connection: Upgrade
Sec-WebSocket-Accept: 92CRombCSS4LI/S2hYvCiUc07j8=

16:08:05.638 [Forwarding maximizeCurrentWindow on session 537c76206c53b2834c6401580aa10157 to remote] DEBUG org.asynchttpclient.netty.request.NettyRequestSender - Using pooled Channel '[id: 0x73993516, L:/127.0.0.1:58684 - R:localhost/127.0.0.1:57430]' for 'POST' to 'http://localhost:57430/session/537c76206c53b2834c6401580aa10157/window/maximize'
16:08:05.638 [Forwarding maximizeCurrentWindow on session 537c76206c53b2834c6401580aa10157 to remote] DEBUG org.asynchttpclient.netty.request.NettyRequestSender - Using open Channel [id: 0x73993516, L:/127.0.0.1:58684 - R:localhost/127.0.0.1:57430] for POST '/session/537c76206c53b2834c6401580aa10157/window/maximize'
16:08:05.982 [AsyncHttpClient-1-2] DEBUG org.asynchttpclient.netty.handler.HttpHandler - 

Request DefaultHttpRequest(decodeResult: success, version: HTTP/1.1)
POST /session/537c76206c53b2834c6401580aa10157/window/maximize HTTP/1.1
User-Agent: selenium/4.1.2 (java windows)
Content-Length: 3
Content-Type: application/json; charset=utf-8
host: localhost:57430
accept: */*

Response DefaultHttpResponse(decodeResult: success, version: HTTP/1.1)
HTTP/1.1 200 OK
Content-Type: application/json; charset=utf-8
cache-control: no-cache
content-length: 51

16:08:05.983 [AsyncHttpClient-1-2] DEBUG org.asynchttpclient.netty.channel.ChannelManager - Adding key: http://localhost:57430 for channel [id: 0x73993516, L:/127.0.0.1:58684 - R:localhost/127.0.0.1:57430]
16:08:06.317 [AsyncHttpClient-1-1] DEBUG org.asynchttpclient.netty.channel.DefaultChannelPool - Entry count for : http://localhost:58685 : 1
16:08:06.317 [AsyncHttpClient-1-1] DEBUG org.asynchttpclient.netty.channel.DefaultChannelPool - Entry count for : http://localhost:57430 : 1
16:08:07.423 [AsyncHttpClient-1-1] DEBUG org.asynchttpclient.netty.channel.DefaultChannelPool - Entry count for : http://localhost:58685 : 1
16:08:07.423 [AsyncHttpClient-1-1] DEBUG org.asynchttpclient.netty.channel.DefaultChannelPool - Entry count for : http://localhost:57430 : 1
16:08:08.519 [AsyncHttpClient-1-1] DEBUG org.asynchttpclient.netty.channel.DefaultChannelPool - Entry count for : http://localhost:58685 : 1
16:08:08.519 [AsyncHttpClient-1-1] DEBUG org.asynchttpclient.netty.channel.DefaultChannelPool - Entry count for : http://localhost:57430 : 1
16:08:08.522 [main] DEBUG net.thucydides.core.reflection.ClassFinder - Could not load class .starter.cucumberTestSuite
16:08:08.523 [main] DEBUG net.thucydides.core.reflection.ClassFinder - Could not load class .starter.pages.HomePage
16:08:08.523 [main] DEBUG net.thucydides.core.reflection.ClassFinder - Could not load class .starter.pages.LoginPage
16:08:08.523 [main] DEBUG net.thucydides.core.reflection.ClassFinder - Could not load class .starter.stepdefinitions.LoginSteps
16:08:08.524 [main] DEBUG net.thucydides.core.reflection.ClassFinder - Could not load class META-INF.versions.9.com.sun.istack.logging.StackHelper
16:08:08.525 [main] DEBUG net.thucydides.core.reflection.ClassFinder - Could not load class META-INF.versions.9.com.sun.xml.bind.v2.runtime.reflect.opt.AccessorInjector
16:08:08.526 [main] DEBUG net.thucydides.core.reflection.ClassFinder - Could not load class META-INF.versions.9.com.sun.xml.bind.v2.runtime.reflect.opt.Injector
16:08:08.526 [main] DEBUG net.thucydides.core.reflection.ClassFinder - Could not load class META-INF.versions.9.com.sun.xml.bind.v2.runtime.reflect.opt.OptimizedAccessorFactory
16:08:08.526 [main] DEBUG net.thucydides.core.reflection.ClassFinder - Could not load class META-INF.versions.9.com.sun.xml.bind.v2.runtime.reflect.opt.OptimizedTransducedAccessorFactory
16:08:08.527 [main] DEBUG net.thucydides.core.reflection.ClassFinder - Could not load class META-INF.versions.9.io.opentelemetry.sdk.internal.CurrentJavaVersionSpecific
16:08:08.527 [main] DEBUG net.thucydides.core.reflection.ClassFinder - Could not load class META-INF.versions.9.io.opentelemetry.sdk.internal.Java9VersionSpecific
16:08:08.527 [main] DEBUG net.thucydides.core.reflection.ClassFinder - Could not load class META-INF.versions.9.javax.xml.bind.ModuleUtil
16:08:08.528 [main] DEBUG net.thucydides.core.reflection.ClassFinder - Could not load class META-INF.versions.9.module-info
16:08:08.529 [main] DEBUG net.thucydides.core.reflection.ClassFinder - Could not load class META-INF.versions.9.org.junit.platform.commons.util.ModuleUtils
16:08:08.532 [main] DEBUG net.thucydides.core.reflection.ClassFinder - Could not load class com.google.gson.internal.
16:08:08.534 [main] DEBUG net.thucydides.core.reflection.ClassFinder - Could not load class com.sun.xml.bind.v2.runtime.output.FastInfosetStreamWriterOutput
16:08:08.538 [main] DEBUG net.thucydides.core.reflection.ClassFinder - Could not load class module-info
16:08:08.568 [Forwarding get on session 537c76206c53b2834c6401580aa10157 to remote] DEBUG org.asynchttpclient.netty.request.NettyRequestSender - Using pooled Channel '[id: 0x73993516, L:/127.0.0.1:58684 - R:localhost/127.0.0.1:57430]' for 'POST' to 'http://localhost:57430/session/537c76206c53b2834c6401580aa10157/url'
16:08:08.568 [Forwarding get on session 537c76206c53b2834c6401580aa10157 to remote] DEBUG org.asynchttpclient.netty.request.NettyRequestSender - Using open Channel [id: 0x73993516, L:/127.0.0.1:58684 - R:localhost/127.0.0.1:57430] for POST '/session/537c76206c53b2834c6401580aa10157/url'
16:08:09.620 [AsyncHttpClient-1-1] DEBUG org.asynchttpclient.netty.channel.DefaultChannelPool - Entry count for : http://localhost:58685 : 1
16:08:10.723 [AsyncHttpClient-1-1] DEBUG org.asynchttpclient.netty.channel.DefaultChannelPool - Entry count for : http://localhost:58685 : 1
16:08:11.822 [AsyncHttpClient-1-1] DEBUG org.asynchttpclient.netty.channel.DefaultChannelPool - Entry count for : http://localhost:58685 : 1
16:08:12.919 [AsyncHttpClient-1-1] DEBUG org.asynchttpclient.netty.channel.DefaultChannelPool - Entry count for : http://localhost:58685 : 1
16:08:14.028 [AsyncHttpClient-1-1] DEBUG org.asynchttpclient.netty.channel.DefaultChannelPool - Entry count for : http://localhost:58685 : 1
16:08:15.118 [AsyncHttpClient-1-1] DEBUG org.asynchttpclient.netty.channel.DefaultChannelPool - Entry count for : http://localhost:58685 : 1
16:08:16.228 [AsyncHttpClient-1-1] DEBUG org.asynchttpclient.netty.channel.DefaultChannelPool - Entry count for : http://localhost:58685 : 1
16:08:17.328 [AsyncHttpClient-1-1] DEBUG org.asynchttpclient.netty.channel.DefaultChannelPool - Entry count for : http://localhost:58685 : 1
16:08:18.427 [AsyncHttpClient-1-1] DEBUG org.asynchttpclient.netty.channel.DefaultChannelPool - Entry count for : http://localhost:58685 : 1
16:08:19.519 [AsyncHttpClient-1-1] DEBUG org.asynchttpclient.netty.channel.DefaultChannelPool - Entry count for : http://localhost:58685 : 1
16:08:20.618 [AsyncHttpClient-1-1] DEBUG org.asynchttpclient.netty.channel.DefaultChannelPool - Entry count for : http://localhost:58685 : 1
16:08:21.722 [AsyncHttpClient-1-1] DEBUG org.asynchttpclient.netty.channel.DefaultChannelPool - Entry count for : http://localhost:58685 : 1
16:08:22.819 [AsyncHttpClient-1-1] DEBUG org.asynchttpclient.netty.channel.DefaultChannelPool - Entry count for : http://localhost:58685 : 1
16:08:23.403 [AsyncHttpClient-1-2] DEBUG org.asynchttpclient.netty.handler.HttpHandler - 

Request DefaultHttpRequest(decodeResult: success, version: HTTP/1.1)
POST /session/537c76206c53b2834c6401580aa10157/url HTTP/1.1
User-Agent: selenium/4.1.2 (java windows)
Content-Length: 54
Content-Type: application/json; charset=utf-8
host: localhost:57430
accept: */*

Response DefaultHttpResponse(decodeResult: success, version: HTTP/1.1)
HTTP/1.1 200 OK
Content-Type: application/json; charset=utf-8
cache-control: no-cache
content-length: 14

16:08:23.403 [AsyncHttpClient-1-2] DEBUG org.asynchttpclient.netty.channel.ChannelManager - Adding key: http://localhost:57430 for channel [id: 0x73993516, L:/127.0.0.1:58684 - R:localhost/127.0.0.1:57430]
16:08:23.411 [Forwarding setTimeout on session 537c76206c53b2834c6401580aa10157 to remote] DEBUG org.asynchttpclient.netty.request.NettyRequestSender - Using pooled Channel '[id: 0x73993516, L:/127.0.0.1:58684 - R:localhost/127.0.0.1:57430]' for 'POST' to 'http://localhost:57430/session/537c76206c53b2834c6401580aa10157/timeouts'
16:08:23.411 [Forwarding setTimeout on session 537c76206c53b2834c6401580aa10157 to remote] DEBUG org.asynchttpclient.netty.request.NettyRequestSender - Using open Channel [id: 0x73993516, L:/127.0.0.1:58684 - R:localhost/127.0.0.1:57430] for POST '/session/537c76206c53b2834c6401580aa10157/timeouts'
16:08:23.518 [AsyncHttpClient-1-2] DEBUG org.asynchttpclient.netty.handler.HttpHandler - 

Request DefaultHttpRequest(decodeResult: success, version: HTTP/1.1)
POST /session/537c76206c53b2834c6401580aa10157/timeouts HTTP/1.1
User-Agent: selenium/4.1.2 (java windows)
Content-Length: 22
Content-Type: application/json; charset=utf-8
host: localhost:57430
accept: */*

Response DefaultHttpResponse(decodeResult: success, version: HTTP/1.1)
HTTP/1.1 200 OK
Content-Type: application/json; charset=utf-8
cache-control: no-cache
content-length: 14

16:08:23.519 [AsyncHttpClient-1-2] DEBUG org.asynchttpclient.netty.channel.ChannelManager - Adding key: http://localhost:57430 for channel [id: 0x73993516, L:/127.0.0.1:58684 - R:localhost/127.0.0.1:57430]
16:08:23.537 [Forwarding getCurrentUrl on session 537c76206c53b2834c6401580aa10157 to remote] DEBUG org.asynchttpclient.netty.request.NettyRequestSender - Using pooled Channel '[id: 0x73993516, L:/127.0.0.1:58684 - R:localhost/127.0.0.1:57430]' for 'GET' to 'http://localhost:57430/session/537c76206c53b2834c6401580aa10157/url'
16:08:23.537 [Forwarding getCurrentUrl on session 537c76206c53b2834c6401580aa10157 to remote] DEBUG org.asynchttpclient.netty.request.NettyRequestSender - Using open Channel [id: 0x73993516, L:/127.0.0.1:58684 - R:localhost/127.0.0.1:57430] for GET '/session/537c76206c53b2834c6401580aa10157/url'
16:08:23.918 [AsyncHttpClient-1-1] DEBUG org.asynchttpclient.netty.channel.DefaultChannelPool - Entry count for : http://localhost:58685 : 1
16:08:25.018 [AsyncHttpClient-1-1] DEBUG org.asynchttpclient.netty.channel.DefaultChannelPool - Entry count for : http://localhost:58685 : 1
16:08:25.068 [AsyncHttpClient-1-2] DEBUG org.asynchttpclient.netty.handler.HttpHandler - 

Request DefaultFullHttpRequest(decodeResult: success, version: HTTP/1.1, content: EmptyByteBufBE)
GET /session/537c76206c53b2834c6401580aa10157/url HTTP/1.1
User-Agent: selenium/4.1.2 (java windows)
Cache-Control: no-cache
Content-Type: application/json; charset=utf-8
host: localhost:57430
accept: */*

Response DefaultHttpResponse(decodeResult: success, version: HTTP/1.1)
HTTP/1.1 200 OK
Content-Type: application/json; charset=utf-8
cache-control: no-cache
content-length: 36

16:08:25.069 [AsyncHttpClient-1-2] DEBUG org.asynchttpclient.netty.channel.ChannelManager - Adding key: http://localhost:57430 for channel [id: 0x73993516, L:/127.0.0.1:58684 - R:localhost/127.0.0.1:57430]
16:08:25.108 [main] DEBUG net.serenitybdd.core.photography.Darkroom - Opening darkroom
16:08:25.111 [Forwarding screenshot on session 537c76206c53b2834c6401580aa10157 to remote] DEBUG org.asynchttpclient.netty.request.NettyRequestSender - Using pooled Channel '[id: 0x73993516, L:/127.0.0.1:58684 - R:localhost/127.0.0.1:57430]' for 'GET' to 'http://localhost:57430/session/537c76206c53b2834c6401580aa10157/screenshot'
16:08:25.111 [Forwarding screenshot on session 537c76206c53b2834c6401580aa10157 to remote] DEBUG org.asynchttpclient.netty.request.NettyRequestSender - Using open Channel [id: 0x73993516, L:/127.0.0.1:58684 - R:localhost/127.0.0.1:57430] for GET '/session/537c76206c53b2834c6401580aa10157/screenshot'
16:08:25.111 [Darkroom Processing Line] DEBUG net.serenitybdd.core.photography.DarkroomProcessingLine - Darkroom processing line starting up
16:08:26.117 [AsyncHttpClient-1-1] DEBUG org.asynchttpclient.netty.channel.DefaultChannelPool - Entry count for : http://localhost:58685 : 1
16:08:26.475 [AsyncHttpClient-1-2] DEBUG org.asynchttpclient.netty.handler.HttpHandler - 

Request DefaultFullHttpRequest(decodeResult: success, version: HTTP/1.1, content: EmptyByteBufBE)
GET /session/537c76206c53b2834c6401580aa10157/screenshot HTTP/1.1
User-Agent: selenium/4.1.2 (java windows)
Cache-Control: no-cache
Content-Type: application/json; charset=utf-8
host: localhost:57430
accept: */*

Response DefaultHttpResponse(decodeResult: success, version: HTTP/1.1)
HTTP/1.1 200 OK
Content-Type: application/json; charset=utf-8
cache-control: no-cache
content-length: 404980

16:08:26.483 [AsyncHttpClient-1-2] DEBUG org.asynchttpclient.netty.channel.ChannelManager - Adding key: http://localhost:57430 for channel [id: 0x73993516, L:/127.0.0.1:58684 - R:localhost/127.0.0.1:57430]
16:08:27.220 [AsyncHttpClient-1-1] DEBUG org.asynchttpclient.netty.channel.DefaultChannelPool - Entry count for : http://localhost:58685 : 1
16:08:27.220 [AsyncHttpClient-1-1] DEBUG org.asynchttpclient.netty.channel.DefaultChannelPool - Entry count for : http://localhost:57430 : 1
16:08:27.372 [main] DEBUG net.serenitybdd.core.photography.Darkroom - Send negative for processing for target\site\serenity\5de002a5d4b5604e037f5f010ebd311ac2905820c4e265205bf47db72e23aefe.png
16:08:27.373 [Darkroom Processing Line] DEBUG net.serenitybdd.core.photography.DarkroomProcessingLine - Processing screenshot image in /var/screenshots/screenshot-1776930867404127053
16:08:27.373 [Darkroom Processing Line] DEBUG net.serenitybdd.core.photography.DarkroomProcessingLine - Saving screenshot to target\site\serenity\5de002a5d4b5604e037f5f010ebd311ac2905820c4e265205bf47db72e23aefe.png
16:08:27.428 [main] DEBUG net.thucydides.core.steps.StepInterceptor - STEP DONE: openUrl
16:08:27.444 [Forwarding screenshot on session 537c76206c53b2834c6401580aa10157 to remote] DEBUG org.asynchttpclient.netty.request.NettyRequestSender - Using pooled Channel '[id: 0x73993516, L:/127.0.0.1:58684 - R:localhost/127.0.0.1:57430]' for 'GET' to 'http://localhost:57430/session/537c76206c53b2834c6401580aa10157/screenshot'
16:08:27.444 [Forwarding screenshot on session 537c76206c53b2834c6401580aa10157 to remote] DEBUG org.asynchttpclient.netty.request.NettyRequestSender - Using open Channel [id: 0x73993516, L:/127.0.0.1:58684 - R:localhost/127.0.0.1:57430] for GET '/session/537c76206c53b2834c6401580aa10157/screenshot'
16:08:27.717 [AsyncHttpClient-1-2] DEBUG org.asynchttpclient.netty.handler.HttpHandler - 

Request DefaultFullHttpRequest(decodeResult: success, version: HTTP/1.1, content: EmptyByteBufBE)
GET /session/537c76206c53b2834c6401580aa10157/screenshot HTTP/1.1
User-Agent: selenium/4.1.2 (java windows)
Cache-Control: no-cache
Content-Type: application/json; charset=utf-8
host: localhost:57430
accept: */*

Response DefaultHttpResponse(decodeResult: success, version: HTTP/1.1)
HTTP/1.1 200 OK
Content-Type: application/json; charset=utf-8
cache-control: no-cache
content-length: 404980

16:08:27.720 [AsyncHttpClient-1-2] DEBUG org.asynchttpclient.netty.channel.ChannelManager - Adding key: http://localhost:57430 for channel [id: 0x73993516, L:/127.0.0.1:58684 - R:localhost/127.0.0.1:57430]
16:08:27.756 [main] DEBUG net.serenitybdd.core.photography.Darkroom - Send negative for processing for target\site\serenity\5de002a5d4b5604e037f5f010ebd311ac2905820c4e265205bf47db72e23aefe.png
16:08:27.757 [main] DEBUG net.thucydides.core.steps.StepInterceptor - STARTING STEP: LoginSteps.iAmOnTheLoginPage - validateIfButtonLoginIsAppear
16:08:27.766 [Forwarding findElement on session 537c76206c53b2834c6401580aa10157 to remote] DEBUG org.asynchttpclient.netty.request.NettyRequestSender - Using pooled Channel '[id: 0x73993516, L:/127.0.0.1:58684 - R:localhost/127.0.0.1:57430]' for 'POST' to 'http://localhost:57430/session/537c76206c53b2834c6401580aa10157/element'
16:08:27.766 [Forwarding findElement on session 537c76206c53b2834c6401580aa10157 to remote] DEBUG org.asynchttpclient.netty.request.NettyRequestSender - Using open Channel [id: 0x73993516, L:/127.0.0.1:58684 - R:localhost/127.0.0.1:57430] for POST '/session/537c76206c53b2834c6401580aa10157/element'
16:08:28.038 [AsyncHttpClient-1-2] DEBUG org.asynchttpclient.netty.handler.HttpHandler - 

Request DefaultHttpRequest(decodeResult: success, version: HTTP/1.1)
POST /session/537c76206c53b2834c6401580aa10157/element HTTP/1.1
User-Agent: selenium/4.1.2 (java windows)
Content-Length: 50
Content-Type: application/json; charset=utf-8
host: localhost:57430
accept: */*

Response DefaultHttpResponse(decodeResult: success, version: HTTP/1.1)
HTTP/1.1 200 OK
Content-Type: application/json; charset=utf-8
cache-control: no-cache
content-length: 88

16:08:28.038 [AsyncHttpClient-1-2] DEBUG org.asynchttpclient.netty.channel.ChannelManager - Adding key: http://localhost:57430 for channel [id: 0x73993516, L:/127.0.0.1:58684 - R:localhost/127.0.0.1:57430]
16:08:28.053 [Forwarding isElementDisplayed on session 537c76206c53b2834c6401580aa10157 to remote] DEBUG org.asynchttpclient.netty.request.NettyRequestSender - Using pooled Channel '[id: 0x73993516, L:/127.0.0.1:58684 - R:localhost/127.0.0.1:57430]' for 'POST' to 'http://localhost:57430/session/537c76206c53b2834c6401580aa10157/execute/sync'
16:08:28.053 [Forwarding isElementDisplayed on session 537c76206c53b2834c6401580aa10157 to remote] DEBUG org.asynchttpclient.netty.request.NettyRequestSender - Using open Channel [id: 0x73993516, L:/127.0.0.1:58684 - R:localhost/127.0.0.1:57430] for POST '/session/537c76206c53b2834c6401580aa10157/execute/sync'
16:08:28.116 [AsyncHttpClient-1-2] DEBUG org.asynchttpclient.netty.handler.HttpHandler - 

Request DefaultHttpRequest(decodeResult: success, version: HTTP/1.1)
POST /session/537c76206c53b2834c6401580aa10157/execute/sync HTTP/1.1
User-Agent: selenium/4.1.2 (java windows)
Content-Length: 48780
Content-Type: application/json; charset=utf-8
host: localhost:57430
accept: */*

Response DefaultHttpResponse(decodeResult: success, version: HTTP/1.1)
HTTP/1.1 200 OK
Content-Type: application/json; charset=utf-8
cache-control: no-cache
content-length: 14

16:08:28.116 [AsyncHttpClient-1-2] DEBUG org.asynchttpclient.netty.channel.ChannelManager - Adding key: http://localhost:57430 for channel [id: 0x73993516, L:/127.0.0.1:58684 - R:localhost/127.0.0.1:57430]
16:08:28.126 [Forwarding screenshot on session 537c76206c53b2834c6401580aa10157 to remote] DEBUG org.asynchttpclient.netty.request.NettyRequestSender - Using pooled Channel '[id: 0x73993516, L:/127.0.0.1:58684 - R:localhost/127.0.0.1:57430]' for 'GET' to 'http://localhost:57430/session/537c76206c53b2834c6401580aa10157/screenshot'
16:08:28.126 [Forwarding screenshot on session 537c76206c53b2834c6401580aa10157 to remote] DEBUG org.asynchttpclient.netty.request.NettyRequestSender - Using open Channel [id: 0x73993516, L:/127.0.0.1:58684 - R:localhost/127.0.0.1:57430] for GET '/session/537c76206c53b2834c6401580aa10157/screenshot'
16:08:28.318 [AsyncHttpClient-1-1] DEBUG org.asynchttpclient.netty.channel.DefaultChannelPool - Entry count for : http://localhost:58685 : 1
16:08:28.538 [AsyncHttpClient-1-2] DEBUG org.asynchttpclient.netty.handler.HttpHandler - 

Request DefaultFullHttpRequest(decodeResult: success, version: HTTP/1.1, content: EmptyByteBufBE)
GET /session/537c76206c53b2834c6401580aa10157/screenshot HTTP/1.1
User-Agent: selenium/4.1.2 (java windows)
Cache-Control: no-cache
Content-Type: application/json; charset=utf-8
host: localhost:57430
accept: */*

Response DefaultHttpResponse(decodeResult: success, version: HTTP/1.1)
HTTP/1.1 200 OK
Content-Type: application/json; charset=utf-8
cache-control: no-cache
content-length: 404980

16:08:28.545 [AsyncHttpClient-1-2] DEBUG org.asynchttpclient.netty.channel.ChannelManager - Adding key: http://localhost:57430 for channel [id: 0x73993516, L:/127.0.0.1:58684 - R:localhost/127.0.0.1:57430]
16:08:28.567 [main] DEBUG net.serenitybdd.core.photography.Darkroom - Send negative for processing for target\site\serenity\5de002a5d4b5604e037f5f010ebd311ac2905820c4e265205bf47db72e23aefe.png
16:08:28.568 [main] DEBUG net.thucydides.core.steps.StepInterceptor - STEP DONE: validateIfButtonLoginIsAppear
  &amp#27;[32mGiven &amp#27;[0m&amp#27;[32mI am on the login page&amp#27;[0m       &amp#27;[90m# starter.stepdefinitions.LoginSteps.iAmOnTheLoginPage()&amp#27;[0m
16:08:28.657 [Forwarding screenshot on session 537c76206c53b2834c6401580aa10157 to remote] DEBUG org.asynchttpclient.netty.request.NettyRequestSender - Using pooled Channel '[id: 0x73993516, L:/127.0.0.1:58684 - R:localhost/127.0.0.1:57430]' for 'GET' to 'http://localhost:57430/session/537c76206c53b2834c6401580aa10157/screenshot'
16:08:28.657 [Forwarding screenshot on session 537c76206c53b2834c6401580aa10157 to remote] DEBUG org.asynchttpclient.netty.request.NettyRequestSender - Using open Channel [id: 0x73993516, L:/127.0.0.1:58684 - R:localhost/127.0.0.1:57430] for GET '/session/537c76206c53b2834c6401580aa10157/screenshot'
16:08:29.121 [AsyncHttpClient-1-2] DEBUG org.asynchttpclient.netty.handler.HttpHandler - 

Request DefaultFullHttpRequest(decodeResult: success, version: HTTP/1.1, content: EmptyByteBufBE)
GET /session/537c76206c53b2834c6401580aa10157/screenshot HTTP/1.1
User-Agent: selenium/4.1.2 (java windows)
Cache-Control: no-cache
Content-Type: application/json; charset=utf-8
host: localhost:57430
accept: */*

Response DefaultHttpResponse(decodeResult: success, version: HTTP/1.1)
HTTP/1.1 200 OK
Content-Type: application/json; charset=utf-8
cache-control: no-cache
content-length: 404980

16:08:29.125 [AsyncHttpClient-1-2] DEBUG org.asynchttpclient.netty.channel.ChannelManager - Adding key: http://localhost:57430 for channel [id: 0x73993516, L:/127.0.0.1:58684 - R:localhost/127.0.0.1:57430]
16:08:29.152 [main] DEBUG net.serenitybdd.core.photography.Darkroom - Send negative for processing for target\site\serenity\5de002a5d4b5604e037f5f010ebd311ac2905820c4e265205bf47db72e23aefe.png
16:08:29.153 [main] DEBUG net.thucydides.core.steps.StepInterceptor - STARTING STEP: LoginSteps.iInputUsername - inputUsernameToField
16:08:29.163 [Forwarding findElement on session 537c76206c53b2834c6401580aa10157 to remote] DEBUG org.asynchttpclient.netty.request.NettyRequestSender - Using pooled Channel '[id: 0x73993516, L:/127.0.0.1:58684 - R:localhost/127.0.0.1:57430]' for 'POST' to 'http://localhost:57430/session/537c76206c53b2834c6401580aa10157/element'
16:08:29.163 [Forwarding findElement on session 537c76206c53b2834c6401580aa10157 to remote] DEBUG org.asynchttpclient.netty.request.NettyRequestSender - Using open Channel [id: 0x73993516, L:/127.0.0.1:58684 - R:localhost/127.0.0.1:57430] for POST '/session/537c76206c53b2834c6401580aa10157/element'
16:08:29.188 [AsyncHttpClient-1-2] DEBUG org.asynchttpclient.netty.handler.HttpHandler - 

Request DefaultHttpRequest(decodeResult: success, version: HTTP/1.1)
POST /session/537c76206c53b2834c6401580aa10157/element HTTP/1.1
User-Agent: selenium/4.1.2 (java windows)
Content-Length: 53
Content-Type: application/json; charset=utf-8
host: localhost:57430
accept: */*

Response DefaultHttpResponse(decodeResult: success, version: HTTP/1.1)
HTTP/1.1 200 OK
Content-Type: application/json; charset=utf-8
cache-control: no-cache
content-length: 88

16:08:29.189 [AsyncHttpClient-1-2] DEBUG org.asynchttpclient.netty.channel.ChannelManager - Adding key: http://localhost:57430 for channel [id: 0x73993516, L:/127.0.0.1:58684 - R:localhost/127.0.0.1:57430]
16:08:29.202 [Forwarding clearElement on session 537c76206c53b2834c6401580aa10157 to remote] DEBUG org.asynchttpclient.netty.request.NettyRequestSender - Using pooled Channel '[id: 0x73993516, L:/127.0.0.1:58684 - R:localhost/127.0.0.1:57430]' for 'POST' to 'http://localhost:57430/session/537c76206c53b2834c6401580aa10157/element/e1c60f84-ee45-4e6e-b336-11066675827d/clear'
16:08:29.202 [Forwarding clearElement on session 537c76206c53b2834c6401580aa10157 to remote] DEBUG org.asynchttpclient.netty.request.NettyRequestSender - Using open Channel [id: 0x73993516, L:/127.0.0.1:58684 - R:localhost/127.0.0.1:57430] for POST '/session/537c76206c53b2834c6401580aa10157/element/e1c60f84-ee45-4e6e-b336-11066675827d/clear'
16:08:29.426 [AsyncHttpClient-1-1] DEBUG org.asynchttpclient.netty.channel.DefaultChannelPool - Entry count for : http://localhost:58685 : 1
16:08:29.680 [AsyncHttpClient-1-2] DEBUG org.asynchttpclient.netty.handler.HttpHandler - 

Request DefaultHttpRequest(decodeResult: success, version: HTTP/1.1)
POST /session/537c76206c53b2834c6401580aa10157/element/e1c60f84-ee45-4e6e-b336-11066675827d/clear HTTP/1.1
User-Agent: selenium/4.1.2 (java windows)
Content-Length: 50
Content-Type: application/json; charset=utf-8
host: localhost:57430
accept: */*

Response DefaultHttpResponse(decodeResult: success, version: HTTP/1.1)
HTTP/1.1 200 OK
Content-Type: application/json; charset=utf-8
cache-control: no-cache
content-length: 14

16:08:29.680 [AsyncHttpClient-1-2] DEBUG org.asynchttpclient.netty.channel.ChannelManager - Adding key: http://localhost:57430 for channel [id: 0x73993516, L:/127.0.0.1:58684 - R:localhost/127.0.0.1:57430]
16:08:29.690 [Forwarding sendKeysToElement on session 537c76206c53b2834c6401580aa10157 to remote] DEBUG org.asynchttpclient.netty.request.NettyRequestSender - Using pooled Channel '[id: 0x73993516, L:/127.0.0.1:58684 - R:localhost/127.0.0.1:57430]' for 'POST' to 'http://localhost:57430/session/537c76206c53b2834c6401580aa10157/element/e1c60f84-ee45-4e6e-b336-11066675827d/value'
16:08:29.690 [Forwarding sendKeysToElement on session 537c76206c53b2834c6401580aa10157 to remote] DEBUG org.asynchttpclient.netty.request.NettyRequestSender - Using open Channel [id: 0x73993516, L:/127.0.0.1:58684 - R:localhost/127.0.0.1:57430] for POST '/session/537c76206c53b2834c6401580aa10157/element/e1c60f84-ee45-4e6e-b336-11066675827d/value'
16:08:30.518 [AsyncHttpClient-1-1] DEBUG org.asynchttpclient.netty.channel.DefaultChannelPool - Entry count for : http://localhost:58685 : 1
16:08:31.149 [AsyncHttpClient-1-2] DEBUG org.asynchttpclient.netty.handler.HttpHandler - 

Request DefaultHttpRequest(decodeResult: success, version: HTTP/1.1)
POST /session/537c76206c53b2834c6401580aa10157/element/e1c60f84-ee45-4e6e-b336-11066675827d/value HTTP/1.1
User-Agent: selenium/4.1.2 (java windows)
Content-Length: 181
Content-Type: application/json; charset=utf-8
host: localhost:57430
accept: */*

Response DefaultHttpResponse(decodeResult: success, version: HTTP/1.1)
HTTP/1.1 200 OK
Content-Type: application/json; charset=utf-8
cache-control: no-cache
content-length: 14

16:08:31.149 [AsyncHttpClient-1-2] DEBUG org.asynchttpclient.netty.channel.ChannelManager - Adding key: http://localhost:57430 for channel [id: 0x73993516, L:/127.0.0.1:58684 - R:localhost/127.0.0.1:57430]
16:08:31.159 [Forwarding screenshot on session 537c76206c53b2834c6401580aa10157 to remote] DEBUG org.asynchttpclient.netty.request.NettyRequestSender - Using pooled Channel '[id: 0x73993516, L:/127.0.0.1:58684 - R:localhost/127.0.0.1:57430]' for 'GET' to 'http://localhost:57430/session/537c76206c53b2834c6401580aa10157/screenshot'
16:08:31.159 [Forwarding screenshot on session 537c76206c53b2834c6401580aa10157 to remote] DEBUG org.asynchttpclient.netty.request.NettyRequestSender - Using open Channel [id: 0x73993516, L:/127.0.0.1:58684 - R:localhost/127.0.0.1:57430] for GET '/session/537c76206c53b2834c6401580aa10157/screenshot'
16:08:31.461 [AsyncHttpClient-1-2] DEBUG org.asynchttpclient.netty.handler.HttpHandler - 

Request DefaultFullHttpRequest(decodeResult: success, version: HTTP/1.1, content: EmptyByteBufBE)
GET /session/537c76206c53b2834c6401580aa10157/screenshot HTTP/1.1
User-Agent: selenium/4.1.2 (java windows)
Cache-Control: no-cache
Content-Type: application/json; charset=utf-8
host: localhost:57430
accept: */*

Response DefaultHttpResponse(decodeResult: success, version: HTTP/1.1)
HTTP/1.1 200 OK
Content-Type: application/json; charset=utf-8
cache-control: no-cache
content-length: 406236

16:08:31.464 [AsyncHttpClient-1-2] DEBUG org.asynchttpclient.netty.channel.ChannelManager - Adding key: http://localhost:57430 for channel [id: 0x73993516, L:/127.0.0.1:58684 - R:localhost/127.0.0.1:57430]
16:08:31.481 [main] DEBUG net.serenitybdd.core.photography.Darkroom - Send negative for processing for target\site\serenity\5a863d9ec3adc96c669adea0a7d330a2d57c03812b1a29a62327b27fdf5fa275.png
16:08:31.482 [main] DEBUG net.thucydides.core.steps.StepInterceptor - STEP DONE: inputUsernameToField
16:08:31.482 [Darkroom Processing Line] DEBUG net.serenitybdd.core.photography.DarkroomProcessingLine - Processing screenshot image in /var/screenshots/screenshot-10631583752362229903
  &amp#27;[32mWhen &amp#27;[0m&amp#27;[32mI input &amp#27;[0m&amp#27;[32m&amp#27;[1m"gladysprds"&amp#27;[0m&amp#27;[32m username&amp#27;[0m &amp#27;[90m# starter.stepdefinitions.LoginSteps.iInputUsername(java.lang.String)&amp#27;[0m
16:08:31.482 [Darkroom Processing Line] DEBUG net.serenitybdd.core.photography.DarkroomProcessingLine - Saving screenshot to target\site\serenity\5a863d9ec3adc96c669adea0a7d330a2d57c03812b1a29a62327b27fdf5fa275.png
16:08:31.514 [main] DEBUG net.thucydides.core.steps.StepInterceptor - STARTING STEP: LoginSteps.iInputPassword - inputPasswordToField
16:08:31.521 [Forwarding findElement on session 537c76206c53b2834c6401580aa10157 to remote] DEBUG org.asynchttpclient.netty.request.NettyRequestSender - Using pooled Channel '[id: 0x73993516, L:/127.0.0.1:58684 - R:localhost/127.0.0.1:57430]' for 'POST' to 'http://localhost:57430/session/537c76206c53b2834c6401580aa10157/element'
16:08:31.522 [Forwarding findElement on session 537c76206c53b2834c6401580aa10157 to remote] DEBUG org.asynchttpclient.netty.request.NettyRequestSender - Using open Channel [id: 0x73993516, L:/127.0.0.1:58684 - R:localhost/127.0.0.1:57430] for POST '/session/537c76206c53b2834c6401580aa10157/element'
16:08:31.539 [AsyncHttpClient-1-2] DEBUG org.asynchttpclient.netty.handler.HttpHandler - 

Request DefaultHttpRequest(decodeResult: success, version: HTTP/1.1)
POST /session/537c76206c53b2834c6401580aa10157/element HTTP/1.1
User-Agent: selenium/4.1.2 (java windows)
Content-Length: 53
Content-Type: application/json; charset=utf-8
host: localhost:57430
accept: */*

Response DefaultHttpResponse(decodeResult: success, version: HTTP/1.1)
HTTP/1.1 200 OK
Content-Type: application/json; charset=utf-8
cache-control: no-cache
content-length: 88

16:08:31.540 [AsyncHttpClient-1-2] DEBUG org.asynchttpclient.netty.channel.ChannelManager - Adding key: http://localhost:57430 for channel [id: 0x73993516, L:/127.0.0.1:58684 - R:localhost/127.0.0.1:57430]
16:08:31.543 [Forwarding clearElement on session 537c76206c53b2834c6401580aa10157 to remote] DEBUG org.asynchttpclient.netty.request.NettyRequestSender - Using pooled Channel '[id: 0x73993516, L:/127.0.0.1:58684 - R:localhost/127.0.0.1:57430]' for 'POST' to 'http://localhost:57430/session/537c76206c53b2834c6401580aa10157/element/8e4da78f-11b4-487c-8633-c07d4af840d3/clear'
16:08:31.544 [Forwarding clearElement on session 537c76206c53b2834c6401580aa10157 to remote] DEBUG org.asynchttpclient.netty.request.NettyRequestSender - Using open Channel [id: 0x73993516, L:/127.0.0.1:58684 - R:localhost/127.0.0.1:57430] for POST '/session/537c76206c53b2834c6401580aa10157/element/8e4da78f-11b4-487c-8633-c07d4af840d3/clear'
16:08:31.591 [AsyncHttpClient-1-2] DEBUG org.asynchttpclient.netty.handler.HttpHandler - 

Request DefaultHttpRequest(decodeResult: success, version: HTTP/1.1)
POST /session/537c76206c53b2834c6401580aa10157/element/8e4da78f-11b4-487c-8633-c07d4af840d3/clear HTTP/1.1
User-Agent: selenium/4.1.2 (java windows)
Content-Length: 50
Content-Type: application/json; charset=utf-8
host: localhost:57430
accept: */*

Response DefaultHttpResponse(decodeResult: success, version: HTTP/1.1)
HTTP/1.1 200 OK
Content-Type: application/json; charset=utf-8
cache-control: no-cache
content-length: 14

16:08:31.592 [AsyncHttpClient-1-2] DEBUG org.asynchttpclient.netty.channel.ChannelManager - Adding key: http://localhost:57430 for channel [id: 0x73993516, L:/127.0.0.1:58684 - R:localhost/127.0.0.1:57430]
16:08:31.599 [Forwarding sendKeysToElement on session 537c76206c53b2834c6401580aa10157 to remote] DEBUG org.asynchttpclient.netty.request.NettyRequestSender - Using pooled Channel '[id: 0x73993516, L:/127.0.0.1:58684 - R:localhost/127.0.0.1:57430]' for 'POST' to 'http://localhost:57430/session/537c76206c53b2834c6401580aa10157/element/8e4da78f-11b4-487c-8633-c07d4af840d3/value'
16:08:31.599 [Forwarding sendKeysToElement on session 537c76206c53b2834c6401580aa10157 to remote] DEBUG org.asynchttpclient.netty.request.NettyRequestSender - Using open Channel [id: 0x73993516, L:/127.0.0.1:58684 - R:localhost/127.0.0.1:57430] for POST '/session/537c76206c53b2834c6401580aa10157/element/8e4da78f-11b4-487c-8633-c07d4af840d3/value'
16:08:31.617 [AsyncHttpClient-1-1] DEBUG org.asynchttpclient.netty.channel.DefaultChannelPool - Entry count for : http://localhost:58685 : 1
16:08:31.990 [AsyncHttpClient-1-2] DEBUG org.asynchttpclient.netty.handler.HttpHandler - 

Request DefaultHttpRequest(decodeResult: success, version: HTTP/1.1)
POST /session/537c76206c53b2834c6401580aa10157/element/8e4da78f-11b4-487c-8633-c07d4af840d3/value HTTP/1.1
User-Agent: selenium/4.1.2 (java windows)
Content-Length: 171
Content-Type: application/json; charset=utf-8
host: localhost:57430
accept: */*

Response DefaultHttpResponse(decodeResult: success, version: HTTP/1.1)
HTTP/1.1 200 OK
Content-Type: application/json; charset=utf-8
cache-control: no-cache
content-length: 14

16:08:31.991 [AsyncHttpClient-1-2] DEBUG org.asynchttpclient.netty.channel.ChannelManager - Adding key: http://localhost:57430 for channel [id: 0x73993516, L:/127.0.0.1:58684 - R:localhost/127.0.0.1:57430]
16:08:32.003 [Forwarding screenshot on session 537c76206c53b2834c6401580aa10157 to remote] DEBUG org.asynchttpclient.netty.request.NettyRequestSender - Using pooled Channel '[id: 0x73993516, L:/127.0.0.1:58684 - R:localhost/127.0.0.1:57430]' for 'GET' to 'http://localhost:57430/session/537c76206c53b2834c6401580aa10157/screenshot'
16:08:32.003 [Forwarding screenshot on session 537c76206c53b2834c6401580aa10157 to remote] DEBUG org.asynchttpclient.netty.request.NettyRequestSender - Using open Channel [id: 0x73993516, L:/127.0.0.1:58684 - R:localhost/127.0.0.1:57430] for GET '/session/537c76206c53b2834c6401580aa10157/screenshot'
16:08:32.393 [AsyncHttpClient-1-2] DEBUG org.asynchttpclient.netty.handler.HttpHandler - 

Request DefaultFullHttpRequest(decodeResult: success, version: HTTP/1.1, content: EmptyByteBufBE)
GET /session/537c76206c53b2834c6401580aa10157/screenshot HTTP/1.1
User-Agent: selenium/4.1.2 (java windows)
Cache-Control: no-cache
Content-Type: application/json; charset=utf-8
host: localhost:57430
accept: */*

Response DefaultHttpResponse(decodeResult: success, version: HTTP/1.1)
HTTP/1.1 200 OK
Content-Type: application/json; charset=utf-8
cache-control: no-cache
content-length: 403892

16:08:32.400 [AsyncHttpClient-1-2] DEBUG org.asynchttpclient.netty.channel.ChannelManager - Adding key: http://localhost:57430 for channel [id: 0x73993516, L:/127.0.0.1:58684 - R:localhost/127.0.0.1:57430]
16:08:32.427 [main] DEBUG net.serenitybdd.core.photography.Darkroom - Send negative for processing for target\site\serenity\050cd145c7b0599e65e7c5be968b1ecbfb91dc65758c5a0ed9b1b0d760cf053a.png
16:08:32.428 [main] DEBUG net.thucydides.core.steps.StepInterceptor - STEP DONE: inputPasswordToField
16:08:32.428 [Darkroom Processing Line] DEBUG net.serenitybdd.core.photography.DarkroomProcessingLine - Processing screenshot image in /var/screenshots/screenshot-14789542340295039451
16:08:32.428 [Darkroom Processing Line] DEBUG net.serenitybdd.core.photography.DarkroomProcessingLine - Saving screenshot to target\site\serenity\050cd145c7b0599e65e7c5be968b1ecbfb91dc65758c5a0ed9b1b0d760cf053a.png
  &amp#27;[32mAnd &amp#27;[0m&amp#27;[32mI input &amp#27;[0m&amp#27;[32m&amp#27;[1m"1!KinoSu#"&amp#27;[0m&amp#27;[32m password&amp#27;[0m   &amp#27;[90m# starter.stepdefinitions.LoginSteps.iInputPassword(java.lang.String)&amp#27;[0m
16:08:32.475 [main] DEBUG net.thucydides.core.steps.StepInterceptor - STARTING STEP: LoginSteps.clickLoginButton - clickLogin
16:08:32.583 [Forwarding findElement on session 537c76206c53b2834c6401580aa10157 to remote] DEBUG org.asynchttpclient.netty.request.NettyRequestSender - Using pooled Channel '[id: 0x73993516, L:/127.0.0.1:58684 - R:localhost/127.0.0.1:57430]' for 'POST' to 'http://localhost:57430/session/537c76206c53b2834c6401580aa10157/element'
16:08:32.583 [Forwarding findElement on session 537c76206c53b2834c6401580aa10157 to remote] DEBUG org.asynchttpclient.netty.request.NettyRequestSender - Using open Channel [id: 0x73993516, L:/127.0.0.1:58684 - R:localhost/127.0.0.1:57430] for POST '/session/537c76206c53b2834c6401580aa10157/element'
16:08:32.721 [AsyncHttpClient-1-1] DEBUG org.asynchttpclient.netty.channel.DefaultChannelPool - Entry count for : http://localhost:58685 : 1
16:08:32.818 [AsyncHttpClient-1-2] DEBUG org.asynchttpclient.netty.handler.HttpHandler - 

Request DefaultHttpRequest(decodeResult: success, version: HTTP/1.1)
POST /session/537c76206c53b2834c6401580aa10157/element HTTP/1.1
User-Agent: selenium/4.1.2 (java windows)
Content-Length: 74
Content-Type: application/json; charset=utf-8
host: localhost:57430
accept: */*

Response DefaultHttpResponse(decodeResult: success, version: HTTP/1.1)
HTTP/1.1 200 OK
Content-Type: application/json; charset=utf-8
cache-control: no-cache
content-length: 88

16:08:32.818 [AsyncHttpClient-1-2] DEBUG org.asynchttpclient.netty.channel.ChannelManager - Adding key: http://localhost:57430 for channel [id: 0x73993516, L:/127.0.0.1:58684 - R:localhost/127.0.0.1:57430]
16:08:32.822 [Forwarding getElementTagName on session 537c76206c53b2834c6401580aa10157 to remote] DEBUG org.asynchttpclient.netty.request.NettyRequestSender - Using pooled Channel '[id: 0x73993516, L:/127.0.0.1:58684 - R:localhost/127.0.0.1:57430]' for 'GET' to 'http://localhost:57430/session/537c76206c53b2834c6401580aa10157/element/9c748a86-9f89-4743-ab02-1294247d5ecc/name'
16:08:32.822 [Forwarding getElementTagName on session 537c76206c53b2834c6401580aa10157 to remote] DEBUG org.asynchttpclient.netty.request.NettyRequestSender - Using open Channel [id: 0x73993516, L:/127.0.0.1:58684 - R:localhost/127.0.0.1:57430] for GET '/session/537c76206c53b2834c6401580aa10157/element/9c748a86-9f89-4743-ab02-1294247d5ecc/name'
16:08:32.828 [AsyncHttpClient-1-2] DEBUG org.asynchttpclient.netty.handler.HttpHandler - 

Request DefaultFullHttpRequest(decodeResult: success, version: HTTP/1.1, content: EmptyByteBufBE)
GET /session/537c76206c53b2834c6401580aa10157/element/9c748a86-9f89-4743-ab02-1294247d5ecc/name HTTP/1.1
User-Agent: selenium/4.1.2 (java windows)
Cache-Control: no-cache
Content-Type: application/json; charset=utf-8
host: localhost:57430
accept: */*

Response DefaultHttpResponse(decodeResult: success, version: HTTP/1.1)
HTTP/1.1 200 OK
Content-Type: application/json; charset=utf-8
cache-control: no-cache
content-length: 13

16:08:32.828 [AsyncHttpClient-1-2] DEBUG org.asynchttpclient.netty.channel.ChannelManager - Adding key: http://localhost:57430 for channel [id: 0x73993516, L:/127.0.0.1:58684 - R:localhost/127.0.0.1:57430]
16:08:32.831 [Forwarding getElementTagName on session 537c76206c53b2834c6401580aa10157 to remote] DEBUG org.asynchttpclient.netty.request.NettyRequestSender - Using pooled Channel '[id: 0x73993516, L:/127.0.0.1:58684 - R:localhost/127.0.0.1:57430]' for 'GET' to 'http://localhost:57430/session/537c76206c53b2834c6401580aa10157/element/9c748a86-9f89-4743-ab02-1294247d5ecc/name'
16:08:32.831 [Forwarding getElementTagName on session 537c76206c53b2834c6401580aa10157 to remote] DEBUG org.asynchttpclient.netty.request.NettyRequestSender - Using open Channel [id: 0x73993516, L:/127.0.0.1:58684 - R:localhost/127.0.0.1:57430] for GET '/session/537c76206c53b2834c6401580aa10157/element/9c748a86-9f89-4743-ab02-1294247d5ecc/name'
16:08:32.836 [AsyncHttpClient-1-2] DEBUG org.asynchttpclient.netty.handler.HttpHandler - 

Request DefaultFullHttpRequest(decodeResult: success, version: HTTP/1.1, content: EmptyByteBufBE)
GET /session/537c76206c53b2834c6401580aa10157/element/9c748a86-9f89-4743-ab02-1294247d5ecc/name HTTP/1.1
User-Agent: selenium/4.1.2 (java windows)
Cache-Control: no-cache
Content-Type: application/json; charset=utf-8
host: localhost:57430
accept: */*

Response DefaultHttpResponse(decodeResult: success, version: HTTP/1.1)
HTTP/1.1 200 OK
Content-Type: application/json; charset=utf-8
cache-control: no-cache
content-length: 13

16:08:32.837 [AsyncHttpClient-1-2] DEBUG org.asynchttpclient.netty.channel.ChannelManager - Adding key: http://localhost:57430 for channel [id: 0x73993516, L:/127.0.0.1:58684 - R:localhost/127.0.0.1:57430]
16:08:32.840 [Forwarding findElement on session 537c76206c53b2834c6401580aa10157 to remote] DEBUG org.asynchttpclient.netty.request.NettyRequestSender - Using pooled Channel '[id: 0x73993516, L:/127.0.0.1:58684 - R:localhost/127.0.0.1:57430]' for 'POST' to 'http://localhost:57430/session/537c76206c53b2834c6401580aa10157/element'
16:08:32.841 [Forwarding findElement on session 537c76206c53b2834c6401580aa10157 to remote] DEBUG org.asynchttpclient.netty.request.NettyRequestSender - Using open Channel [id: 0x73993516, L:/127.0.0.1:58684 - R:localhost/127.0.0.1:57430] for POST '/session/537c76206c53b2834c6401580aa10157/element'
16:08:32.848 [AsyncHttpClient-1-2] DEBUG org.asynchttpclient.netty.handler.HttpHandler - 

Request DefaultHttpRequest(decodeResult: success, version: HTTP/1.1)
POST /session/537c76206c53b2834c6401580aa10157/element HTTP/1.1
User-Agent: selenium/4.1.2 (java windows)
Content-Length: 74
Content-Type: application/json; charset=utf-8
host: localhost:57430
accept: */*

Response DefaultHttpResponse(decodeResult: success, version: HTTP/1.1)
HTTP/1.1 200 OK
Content-Type: application/json; charset=utf-8
cache-control: no-cache
content-length: 88

16:08:32.848 [AsyncHttpClient-1-2] DEBUG org.asynchttpclient.netty.channel.ChannelManager - Adding key: http://localhost:57430 for channel [id: 0x73993516, L:/127.0.0.1:58684 - R:localhost/127.0.0.1:57430]
16:08:32.852 [Forwarding clickElement on session 537c76206c53b2834c6401580aa10157 to remote] DEBUG org.asynchttpclient.netty.request.NettyRequestSender - Using pooled Channel '[id: 0x73993516, L:/127.0.0.1:58684 - R:localhost/127.0.0.1:57430]' for 'POST' to 'http://localhost:57430/session/537c76206c53b2834c6401580aa10157/element/9c748a86-9f89-4743-ab02-1294247d5ecc/click'
16:08:32.853 [Forwarding clickElement on session 537c76206c53b2834c6401580aa10157 to remote] DEBUG org.asynchttpclient.netty.request.NettyRequestSender - Using open Channel [id: 0x73993516, L:/127.0.0.1:58684 - R:localhost/127.0.0.1:57430] for POST '/session/537c76206c53b2834c6401580aa10157/element/9c748a86-9f89-4743-ab02-1294247d5ecc/click'
16:08:33.242 [AsyncHttpClient-1-2] DEBUG org.asynchttpclient.netty.handler.HttpHandler - 

Request DefaultHttpRequest(decodeResult: success, version: HTTP/1.1)
POST /session/537c76206c53b2834c6401580aa10157/element/9c748a86-9f89-4743-ab02-1294247d5ecc/click HTTP/1.1
User-Agent: selenium/4.1.2 (java windows)
Content-Length: 50
Content-Type: application/json; charset=utf-8
host: localhost:57430
accept: */*

Response DefaultHttpResponse(decodeResult: success, version: HTTP/1.1)
HTTP/1.1 200 OK
Content-Type: application/json; charset=utf-8
cache-control: no-cache
content-length: 14

16:08:33.242 [AsyncHttpClient-1-2] DEBUG org.asynchttpclient.netty.channel.ChannelManager - Adding key: http://localhost:57430 for channel [id: 0x73993516, L:/127.0.0.1:58684 - R:localhost/127.0.0.1:57430]
16:08:33.257 [Forwarding findElement on session 537c76206c53b2834c6401580aa10157 to remote] DEBUG org.asynchttpclient.netty.request.NettyRequestSender - Using pooled Channel '[id: 0x73993516, L:/127.0.0.1:58684 - R:localhost/127.0.0.1:57430]' for 'POST' to 'http://localhost:57430/session/537c76206c53b2834c6401580aa10157/element'
16:08:33.258 [Forwarding findElement on session 537c76206c53b2834c6401580aa10157 to remote] DEBUG org.asynchttpclient.netty.request.NettyRequestSender - Using open Channel [id: 0x73993516, L:/127.0.0.1:58684 - R:localhost/127.0.0.1:57430] for POST '/session/537c76206c53b2834c6401580aa10157/element'
16:08:33.272 [AsyncHttpClient-1-2] DEBUG org.asynchttpclient.netty.handler.HttpHandler - 

Request DefaultHttpRequest(decodeResult: success, version: HTTP/1.1)
POST /session/537c76206c53b2834c6401580aa10157/element HTTP/1.1
User-Agent: selenium/4.1.2 (java windows)
Content-Length: 50
Content-Type: application/json; charset=utf-8
host: localhost:57430
accept: */*

Response DefaultHttpResponse(decodeResult: success, version: HTTP/1.1)
HTTP/1.1 200 OK
Content-Type: application/json; charset=utf-8
cache-control: no-cache
content-length: 88

16:08:33.273 [AsyncHttpClient-1-2] DEBUG org.asynchttpclient.netty.channel.ChannelManager - Adding key: http://localhost:57430 for channel [id: 0x73993516, L:/127.0.0.1:58684 - R:localhost/127.0.0.1:57430]
16:08:33.278 [Forwarding getElementTagName on session 537c76206c53b2834c6401580aa10157 to remote] DEBUG org.asynchttpclient.netty.request.NettyRequestSender - Using pooled Channel '[id: 0x73993516, L:/127.0.0.1:58684 - R:localhost/127.0.0.1:57430]' for 'GET' to 'http://localhost:57430/session/537c76206c53b2834c6401580aa10157/element/2710a4f5-3b2b-4082-a309-474b798f468a/name'
16:08:33.278 [Forwarding getElementTagName on session 537c76206c53b2834c6401580aa10157 to remote] DEBUG org.asynchttpclient.netty.request.NettyRequestSender - Using open Channel [id: 0x73993516, L:/127.0.0.1:58684 - R:localhost/127.0.0.1:57430] for GET '/session/537c76206c53b2834c6401580aa10157/element/2710a4f5-3b2b-4082-a309-474b798f468a/name'
16:08:33.285 [AsyncHttpClient-1-2] DEBUG org.asynchttpclient.netty.handler.HttpHandler - 

Request DefaultFullHttpRequest(decodeResult: success, version: HTTP/1.1, content: EmptyByteBufBE)
GET /session/537c76206c53b2834c6401580aa10157/element/2710a4f5-3b2b-4082-a309-474b798f468a/name HTTP/1.1
User-Agent: selenium/4.1.2 (java windows)
Cache-Control: no-cache
Content-Type: application/json; charset=utf-8
host: localhost:57430
accept: */*

Response DefaultHttpResponse(decodeResult: success, version: HTTP/1.1)
HTTP/1.1 200 OK
Content-Type: application/json; charset=utf-8
cache-control: no-cache
content-length: 18

16:08:33.286 [AsyncHttpClient-1-2] DEBUG org.asynchttpclient.netty.channel.ChannelManager - Adding key: http://localhost:57430 for channel [id: 0x73993516, L:/127.0.0.1:58684 - R:localhost/127.0.0.1:57430]
16:08:33.291 [Forwarding getElementTagName on session 537c76206c53b2834c6401580aa10157 to remote] DEBUG org.asynchttpclient.netty.request.NettyRequestSender - Using pooled Channel '[id: 0x73993516, L:/127.0.0.1:58684 - R:localhost/127.0.0.1:57430]' for 'GET' to 'http://localhost:57430/session/537c76206c53b2834c6401580aa10157/element/2710a4f5-3b2b-4082-a309-474b798f468a/name'
16:08:33.292 [Forwarding getElementTagName on session 537c76206c53b2834c6401580aa10157 to remote] DEBUG org.asynchttpclient.netty.request.NettyRequestSender - Using open Channel [id: 0x73993516, L:/127.0.0.1:58684 - R:localhost/127.0.0.1:57430] for GET '/session/537c76206c53b2834c6401580aa10157/element/2710a4f5-3b2b-4082-a309-474b798f468a/name'
16:08:33.297 [AsyncHttpClient-1-2] DEBUG org.asynchttpclient.netty.handler.HttpHandler - 

Request DefaultFullHttpRequest(decodeResult: success, version: HTTP/1.1, content: EmptyByteBufBE)
GET /session/537c76206c53b2834c6401580aa10157/element/2710a4f5-3b2b-4082-a309-474b798f468a/name HTTP/1.1
User-Agent: selenium/4.1.2 (java windows)
Cache-Control: no-cache
Content-Type: application/json; charset=utf-8
host: localhost:57430
accept: */*

Response DefaultHttpResponse(decodeResult: success, version: HTTP/1.1)
HTTP/1.1 200 OK
Content-Type: application/json; charset=utf-8
cache-control: no-cache
content-length: 18

16:08:33.297 [AsyncHttpClient-1-2] DEBUG org.asynchttpclient.netty.channel.ChannelManager - Adding key: http://localhost:57430 for channel [id: 0x73993516, L:/127.0.0.1:58684 - R:localhost/127.0.0.1:57430]
16:08:33.328 [Forwarding isElementEnabled on session 537c76206c53b2834c6401580aa10157 to remote] DEBUG org.asynchttpclient.netty.request.NettyRequestSender - Using pooled Channel '[id: 0x73993516, L:/127.0.0.1:58684 - R:localhost/127.0.0.1:57430]' for 'GET' to 'http://localhost:57430/session/537c76206c53b2834c6401580aa10157/element/2710a4f5-3b2b-4082-a309-474b798f468a/enabled'
16:08:33.328 [Forwarding isElementEnabled on session 537c76206c53b2834c6401580aa10157 to remote] DEBUG org.asynchttpclient.netty.request.NettyRequestSender - Using open Channel [id: 0x73993516, L:/127.0.0.1:58684 - R:localhost/127.0.0.1:57430] for GET '/session/537c76206c53b2834c6401580aa10157/element/2710a4f5-3b2b-4082-a309-474b798f468a/enabled'
16:08:33.344 [AsyncHttpClient-1-2] DEBUG org.asynchttpclient.netty.handler.HttpHandler - 

Request DefaultFullHttpRequest(decodeResult: success, version: HTTP/1.1, content: EmptyByteBufBE)
GET /session/537c76206c53b2834c6401580aa10157/element/2710a4f5-3b2b-4082-a309-474b798f468a/enabled HTTP/1.1
User-Agent: selenium/4.1.2 (java windows)
Cache-Control: no-cache
Content-Type: application/json; charset=utf-8
host: localhost:57430
accept: */*

Response DefaultHttpResponse(decodeResult: success, version: HTTP/1.1)
HTTP/1.1 200 OK
Content-Type: application/json; charset=utf-8
cache-control: no-cache
content-length: 14

16:08:33.345 [AsyncHttpClient-1-2] DEBUG org.asynchttpclient.netty.channel.ChannelManager - Adding key: http://localhost:57430 for channel [id: 0x73993516, L:/127.0.0.1:58684 - R:localhost/127.0.0.1:57430]
16:08:33.348 [Forwarding isElementEnabled on session 537c76206c53b2834c6401580aa10157 to remote] DEBUG org.asynchttpclient.netty.request.NettyRequestSender - Using pooled Channel '[id: 0x73993516, L:/127.0.0.1:58684 - R:localhost/127.0.0.1:57430]' for 'GET' to 'http://localhost:57430/session/537c76206c53b2834c6401580aa10157/element/2710a4f5-3b2b-4082-a309-474b798f468a/enabled'
16:08:33.348 [Forwarding isElementEnabled on session 537c76206c53b2834c6401580aa10157 to remote] DEBUG org.asynchttpclient.netty.request.NettyRequestSender - Using open Channel [id: 0x73993516, L:/127.0.0.1:58684 - R:localhost/127.0.0.1:57430] for GET '/session/537c76206c53b2834c6401580aa10157/element/2710a4f5-3b2b-4082-a309-474b798f468a/enabled'
16:08:33.359 [AsyncHttpClient-1-2] DEBUG org.asynchttpclient.netty.handler.HttpHandler - 

Request DefaultFullHttpRequest(decodeResult: success, version: HTTP/1.1, content: EmptyByteBufBE)
GET /session/537c76206c53b2834c6401580aa10157/element/2710a4f5-3b2b-4082-a309-474b798f468a/enabled HTTP/1.1
User-Agent: selenium/4.1.2 (java windows)
Cache-Control: no-cache
Content-Type: application/json; charset=utf-8
host: localhost:57430
accept: */*

Response DefaultHttpResponse(decodeResult: success, version: HTTP/1.1)
HTTP/1.1 200 OK
Content-Type: application/json; charset=utf-8
cache-control: no-cache
content-length: 14

16:08:33.360 [AsyncHttpClient-1-2] DEBUG org.asynchttpclient.netty.channel.ChannelManager - Adding key: http://localhost:57430 for channel [id: 0x73993516, L:/127.0.0.1:58684 - R:localhost/127.0.0.1:57430]
16:08:33.364 [Forwarding findElement on session 537c76206c53b2834c6401580aa10157 to remote] DEBUG org.asynchttpclient.netty.request.NettyRequestSender - Using pooled Channel '[id: 0x73993516, L:/127.0.0.1:58684 - R:localhost/127.0.0.1:57430]' for 'POST' to 'http://localhost:57430/session/537c76206c53b2834c6401580aa10157/element'
16:08:33.364 [Forwarding findElement on session 537c76206c53b2834c6401580aa10157 to remote] DEBUG org.asynchttpclient.netty.request.NettyRequestSender - Using open Channel [id: 0x73993516, L:/127.0.0.1:58684 - R:localhost/127.0.0.1:57430] for POST '/session/537c76206c53b2834c6401580aa10157/element'
16:08:33.377 [AsyncHttpClient-1-2] DEBUG org.asynchttpclient.netty.handler.HttpHandler - 

Request DefaultHttpRequest(decodeResult: success, version: HTTP/1.1)
POST /session/537c76206c53b2834c6401580aa10157/element HTTP/1.1
User-Agent: selenium/4.1.2 (java windows)
Content-Length: 50
Content-Type: application/json; charset=utf-8
host: localhost:57430
accept: */*

Response DefaultHttpResponse(decodeResult: success, version: HTTP/1.1)
HTTP/1.1 200 OK
Content-Type: application/json; charset=utf-8
cache-control: no-cache
content-length: 88

16:08:33.377 [AsyncHttpClient-1-2] DEBUG org.asynchttpclient.netty.channel.ChannelManager - Adding key: http://localhost:57430 for channel [id: 0x73993516, L:/127.0.0.1:58684 - R:localhost/127.0.0.1:57430]
16:08:33.381 [Forwarding clickElement on session 537c76206c53b2834c6401580aa10157 to remote] DEBUG org.asynchttpclient.netty.request.NettyRequestSender - Using pooled Channel '[id: 0x73993516, L:/127.0.0.1:58684 - R:localhost/127.0.0.1:57430]' for 'POST' to 'http://localhost:57430/session/537c76206c53b2834c6401580aa10157/element/2710a4f5-3b2b-4082-a309-474b798f468a/click'
16:08:33.382 [Forwarding clickElement on session 537c76206c53b2834c6401580aa10157 to remote] DEBUG org.asynchttpclient.netty.request.NettyRequestSender - Using open Channel [id: 0x73993516, L:/127.0.0.1:58684 - R:localhost/127.0.0.1:57430] for POST '/session/537c76206c53b2834c6401580aa10157/element/2710a4f5-3b2b-4082-a309-474b798f468a/click'
16:08:33.506 [AsyncHttpClient-1-2] DEBUG org.asynchttpclient.netty.handler.HttpHandler - 

Request DefaultHttpRequest(decodeResult: success, version: HTTP/1.1)
POST /session/537c76206c53b2834c6401580aa10157/element/2710a4f5-3b2b-4082-a309-474b798f468a/click HTTP/1.1
User-Agent: selenium/4.1.2 (java windows)
Content-Length: 50
Content-Type: application/json; charset=utf-8
host: localhost:57430
accept: */*

Response DefaultHttpResponse(decodeResult: success, version: HTTP/1.1)
HTTP/1.1 200 OK
Content-Type: application/json; charset=utf-8
cache-control: no-cache
content-length: 14

16:08:33.507 [AsyncHttpClient-1-2] DEBUG org.asynchttpclient.netty.channel.ChannelManager - Adding key: http://localhost:57430 for channel [id: 0x73993516, L:/127.0.0.1:58684 - R:localhost/127.0.0.1:57430]
16:08:33.520 [Forwarding screenshot on session 537c76206c53b2834c6401580aa10157 to remote] DEBUG org.asynchttpclient.netty.request.NettyRequestSender - Using pooled Channel '[id: 0x73993516, L:/127.0.0.1:58684 - R:localhost/127.0.0.1:57430]' for 'GET' to 'http://localhost:57430/session/537c76206c53b2834c6401580aa10157/screenshot'
16:08:33.520 [Forwarding screenshot on session 537c76206c53b2834c6401580aa10157 to remote] DEBUG org.asynchttpclient.netty.request.NettyRequestSender - Using open Channel [id: 0x73993516, L:/127.0.0.1:58684 - R:localhost/127.0.0.1:57430] for GET '/session/537c76206c53b2834c6401580aa10157/screenshot'
16:08:33.820 [AsyncHttpClient-1-1] DEBUG org.asynchttpclient.netty.channel.DefaultChannelPool - Entry count for : http://localhost:58685 : 1
16:08:33.958 [AsyncHttpClient-1-2] DEBUG org.asynchttpclient.netty.handler.HttpHandler - 

Request DefaultFullHttpRequest(decodeResult: success, version: HTTP/1.1, content: EmptyByteBufBE)
GET /session/537c76206c53b2834c6401580aa10157/screenshot HTTP/1.1
User-Agent: selenium/4.1.2 (java windows)
Cache-Control: no-cache
Content-Type: application/json; charset=utf-8
host: localhost:57430
accept: */*

Response DefaultHttpResponse(decodeResult: success, version: HTTP/1.1)
HTTP/1.1 200 OK
Content-Type: application/json; charset=utf-8
cache-control: no-cache
content-length: 287308

16:08:33.963 [AsyncHttpClient-1-2] DEBUG org.asynchttpclient.netty.channel.ChannelManager - Adding key: http://localhost:57430 for channel [id: 0x73993516, L:/127.0.0.1:58684 - R:localhost/127.0.0.1:57430]
16:08:33.984 [main] DEBUG net.serenitybdd.core.photography.Darkroom - Send negative for processing for target\site\serenity\d65dd0b3eafc65dda0775e2b7d7bac25c81ba49e01927a21093d48ac6b1db5f6.png
16:08:33.984 [main] DEBUG net.thucydides.core.steps.StepInterceptor - STEP DONE: clickLogin
  &amp#27;[32mAnd &amp#27;[0m&amp#27;[32mclick login button&amp#27;[0m             &amp#27;[90m# starter.stepdefinitions.LoginSteps.clickLoginButton()&amp#27;[0m
16:08:33.984 [Darkroom Processing Line] DEBUG net.serenitybdd.core.photography.DarkroomProcessingLine - Processing screenshot image in /var/screenshots/screenshot-2651695128291563001
16:08:33.985 [Darkroom Processing Line] DEBUG net.serenitybdd.core.photography.DarkroomProcessingLine - Saving screenshot to target\site\serenity\d65dd0b3eafc65dda0775e2b7d7bac25c81ba49e01927a21093d48ac6b1db5f6.png
16:08:34.051 [Forwarding screenshot on session 537c76206c53b2834c6401580aa10157 to remote] DEBUG org.asynchttpclient.netty.request.NettyRequestSender - Using pooled Channel '[id: 0x73993516, L:/127.0.0.1:58684 - R:localhost/127.0.0.1:57430]' for 'GET' to 'http://localhost:57430/session/537c76206c53b2834c6401580aa10157/screenshot'
16:08:34.051 [Forwarding screenshot on session 537c76206c53b2834c6401580aa10157 to remote] DEBUG org.asynchttpclient.netty.request.NettyRequestSender - Using open Channel [id: 0x73993516, L:/127.0.0.1:58684 - R:localhost/127.0.0.1:57430] for GET '/session/537c76206c53b2834c6401580aa10157/screenshot'
16:08:34.920 [AsyncHttpClient-1-1] DEBUG org.asynchttpclient.netty.channel.DefaultChannelPool - Entry count for : http://localhost:58685 : 1
16:08:35.071 [AsyncHttpClient-1-2] DEBUG org.asynchttpclient.netty.handler.HttpHandler - 

Request DefaultFullHttpRequest(decodeResult: success, version: HTTP/1.1, content: EmptyByteBufBE)
GET /session/537c76206c53b2834c6401580aa10157/screenshot HTTP/1.1
User-Agent: selenium/4.1.2 (java windows)
Cache-Control: no-cache
Content-Type: application/json; charset=utf-8
host: localhost:57430
accept: */*

Response DefaultHttpResponse(decodeResult: success, version: HTTP/1.1)
HTTP/1.1 200 OK
Content-Type: application/json; charset=utf-8
cache-control: no-cache
content-length: 287308

16:08:35.076 [AsyncHttpClient-1-2] DEBUG org.asynchttpclient.netty.channel.ChannelManager - Adding key: http://localhost:57430 for channel [id: 0x73993516, L:/127.0.0.1:58684 - R:localhost/127.0.0.1:57430]
16:08:35.102 [main] DEBUG net.serenitybdd.core.photography.Darkroom - Send negative for processing for target\site\serenity\d65dd0b3eafc65dda0775e2b7d7bac25c81ba49e01927a21093d48ac6b1db5f6.png
16:08:35.145 [main] DEBUG net.thucydides.core.steps.StepInterceptor - STARTING STEP: LoginSteps.iGetThe - validateHomePageAppear
16:08:35.154 [Forwarding findElement on session 537c76206c53b2834c6401580aa10157 to remote] DEBUG org.asynchttpclient.netty.request.NettyRequestSender - Using pooled Channel '[id: 0x73993516, L:/127.0.0.1:58684 - R:localhost/127.0.0.1:57430]' for 'POST' to 'http://localhost:57430/session/537c76206c53b2834c6401580aa10157/element'
16:08:35.154 [Forwarding findElement on session 537c76206c53b2834c6401580aa10157 to remote] DEBUG org.asynchttpclient.netty.request.NettyRequestSender - Using open Channel [id: 0x73993516, L:/127.0.0.1:58684 - R:localhost/127.0.0.1:57430] for POST '/session/537c76206c53b2834c6401580aa10157/element'
16:08:36.027 [AsyncHttpClient-1-1] DEBUG org.asynchttpclient.netty.channel.DefaultChannelPool - Entry count for : http://localhost:58685 : 1
16:08:37.068 [AsyncHttpClient-1-2] DEBUG org.asynchttpclient.netty.handler.HttpHandler - 

Request DefaultHttpRequest(decodeResult: success, version: HTTP/1.1)
POST /session/537c76206c53b2834c6401580aa10157/element HTTP/1.1
User-Agent: selenium/4.1.2 (java windows)
Content-Length: 74
Content-Type: application/json; charset=utf-8
host: localhost:57430
accept: */*

Response DefaultHttpResponse(decodeResult: success, version: HTTP/1.1)
HTTP/1.1 200 OK
Content-Type: application/json; charset=utf-8
cache-control: no-cache
content-length: 88

16:08:37.069 [AsyncHttpClient-1-2] DEBUG org.asynchttpclient.netty.channel.ChannelManager - Adding key: http://localhost:57430 for channel [id: 0x73993516, L:/127.0.0.1:58684 - R:localhost/127.0.0.1:57430]
16:08:37.081 [Forwarding isElementDisplayed on session 537c76206c53b2834c6401580aa10157 to remote] DEBUG org.asynchttpclient.netty.request.NettyRequestSender - Using pooled Channel '[id: 0x73993516, L:/127.0.0.1:58684 - R:localhost/127.0.0.1:57430]' for 'POST' to 'http://localhost:57430/session/537c76206c53b2834c6401580aa10157/execute/sync'
16:08:37.081 [Forwarding isElementDisplayed on session 537c76206c53b2834c6401580aa10157 to remote] DEBUG org.asynchttpclient.netty.request.NettyRequestSender - Using open Channel [id: 0x73993516, L:/127.0.0.1:58684 - R:localhost/127.0.0.1:57430] for POST '/session/537c76206c53b2834c6401580aa10157/execute/sync'
16:08:37.111 [AsyncHttpClient-1-2] DEBUG org.asynchttpclient.netty.handler.HttpHandler - 

Request DefaultHttpRequest(decodeResult: success, version: HTTP/1.1)
POST /session/537c76206c53b2834c6401580aa10157/execute/sync HTTP/1.1
User-Agent: selenium/4.1.2 (java windows)
Content-Length: 48780
Content-Type: application/json; charset=utf-8
host: localhost:57430
accept: */*

Response DefaultHttpResponse(decodeResult: success, version: HTTP/1.1)
HTTP/1.1 200 OK
Content-Type: application/json; charset=utf-8
cache-control: no-cache
content-length: 14

16:08:37.112 [AsyncHttpClient-1-2] DEBUG org.asynchttpclient.netty.channel.ChannelManager - Adding key: http://localhost:57430 for channel [id: 0x73993516, L:/127.0.0.1:58684 - R:localhost/127.0.0.1:57430]
16:08:37.119 [Forwarding screenshot on session 537c76206c53b2834c6401580aa10157 to remote] DEBUG org.asynchttpclient.netty.request.NettyRequestSender - Using pooled Channel '[id: 0x73993516, L:/127.0.0.1:58684 - R:localhost/127.0.0.1:57430]' for 'GET' to 'http://localhost:57430/session/537c76206c53b2834c6401580aa10157/screenshot'
16:08:37.119 [Forwarding screenshot on session 537c76206c53b2834c6401580aa10157 to remote] DEBUG org.asynchttpclient.netty.request.NettyRequestSender - Using open Channel [id: 0x73993516, L:/127.0.0.1:58684 - R:localhost/127.0.0.1:57430] for GET '/session/537c76206c53b2834c6401580aa10157/screenshot'
16:08:37.121 [AsyncHttpClient-1-1] DEBUG org.asynchttpclient.netty.channel.DefaultChannelPool - Entry count for : http://localhost:58685 : 1
16:08:37.859 [AsyncHttpClient-1-2] DEBUG org.asynchttpclient.netty.handler.HttpHandler - 

Request DefaultFullHttpRequest(decodeResult: success, version: HTTP/1.1, content: EmptyByteBufBE)
GET /session/537c76206c53b2834c6401580aa10157/screenshot HTTP/1.1
User-Agent: selenium/4.1.2 (java windows)
Cache-Control: no-cache
Content-Type: application/json; charset=utf-8
host: localhost:57430
accept: */*

Response DefaultHttpResponse(decodeResult: success, version: HTTP/1.1)
HTTP/1.1 200 OK
Content-Type: application/json; charset=utf-8
cache-control: no-cache
content-length: 314692

16:08:37.861 [AsyncHttpClient-1-2] DEBUG org.asynchttpclient.netty.channel.ChannelManager - Adding key: http://localhost:57430 for channel [id: 0x73993516, L:/127.0.0.1:58684 - R:localhost/127.0.0.1:57430]
16:08:37.882 [main] DEBUG net.serenitybdd.core.photography.Darkroom - Send negative for processing for target\site\serenity\e5fbd6e318c0308b54426353e452a4832f2a85ca33c02f83469e27c996dc036c.png
16:08:37.883 [main] DEBUG net.thucydides.core.steps.StepInterceptor - STEP DONE: validateHomePageAppear
16:08:37.883 [Darkroom Processing Line] DEBUG net.serenitybdd.core.photography.DarkroomProcessingLine - Processing screenshot image in /var/screenshots/screenshot-4417847869615588948
16:08:37.883 [Darkroom Processing Line] DEBUG net.serenitybdd.core.photography.DarkroomProcessingLine - Saving screenshot to target\site\serenity\e5fbd6e318c0308b54426353e452a4832f2a85ca33c02f83469e27c996dc036c.png
16:08:37.901 [main] DEBUG net.thucydides.core.steps.StepInterceptor - STARTING STEP: LoginSteps.iGetThe - headerTextEqual
16:08:37.913 [Forwarding findElement on session 537c76206c53b2834c6401580aa10157 to remote] DEBUG org.asynchttpclient.netty.request.NettyRequestSender - Using pooled Channel '[id: 0x73993516, L:/127.0.0.1:58684 - R:localhost/127.0.0.1:57430]' for 'POST' to 'http://localhost:57430/session/537c76206c53b2834c6401580aa10157/element'
16:08:37.913 [Forwarding findElement on session 537c76206c53b2834c6401580aa10157 to remote] DEBUG org.asynchttpclient.netty.request.NettyRequestSender - Using open Channel [id: 0x73993516, L:/127.0.0.1:58684 - R:localhost/127.0.0.1:57430] for POST '/session/537c76206c53b2834c6401580aa10157/element'
16:08:37.925 [AsyncHttpClient-1-2] DEBUG org.asynchttpclient.netty.handler.HttpHandler - 

Request DefaultHttpRequest(decodeResult: success, version: HTTP/1.1)
POST /session/537c76206c53b2834c6401580aa10157/element HTTP/1.1
User-Agent: selenium/4.1.2 (java windows)
Content-Length: 74
Content-Type: application/json; charset=utf-8
host: localhost:57430
accept: */*

Response DefaultHttpResponse(decodeResult: success, version: HTTP/1.1)
HTTP/1.1 200 OK
Content-Type: application/json; charset=utf-8
cache-control: no-cache
content-length: 88

16:08:37.925 [AsyncHttpClient-1-2] DEBUG org.asynchttpclient.netty.channel.ChannelManager - Adding key: http://localhost:57430 for channel [id: 0x73993516, L:/127.0.0.1:58684 - R:localhost/127.0.0.1:57430]
16:08:37.928 [Forwarding getElementText on session 537c76206c53b2834c6401580aa10157 to remote] DEBUG org.asynchttpclient.netty.request.NettyRequestSender - Using pooled Channel '[id: 0x73993516, L:/127.0.0.1:58684 - R:localhost/127.0.0.1:57430]' for 'GET' to 'http://localhost:57430/session/537c76206c53b2834c6401580aa10157/element/d904175a-1fae-4910-a18f-d7b01fdb4676/text'
16:08:37.928 [Forwarding getElementText on session 537c76206c53b2834c6401580aa10157 to remote] DEBUG org.asynchttpclient.netty.request.NettyRequestSender - Using open Channel [id: 0x73993516, L:/127.0.0.1:58684 - R:localhost/127.0.0.1:57430] for GET '/session/537c76206c53b2834c6401580aa10157/element/d904175a-1fae-4910-a18f-d7b01fdb4676/text'
16:08:38.004 [AsyncHttpClient-1-2] DEBUG org.asynchttpclient.netty.handler.HttpHandler - 

Request DefaultFullHttpRequest(decodeResult: success, version: HTTP/1.1, content: EmptyByteBufBE)
GET /session/537c76206c53b2834c6401580aa10157/element/d904175a-1fae-4910-a18f-d7b01fdb4676/text HTTP/1.1
User-Agent: selenium/4.1.2 (java windows)
Cache-Control: no-cache
Content-Type: application/json; charset=utf-8
host: localhost:57430
accept: */*

Response DefaultHttpResponse(decodeResult: success, version: HTTP/1.1)
HTTP/1.1 200 OK
Content-Type: application/json; charset=utf-8
cache-control: no-cache
content-length: 19

16:08:38.004 [AsyncHttpClient-1-2] DEBUG org.asynchttpclient.netty.channel.ChannelManager - Adding key: http://localhost:57430 for channel [id: 0x73993516, L:/127.0.0.1:58684 - R:localhost/127.0.0.1:57430]
16:08:38.016 [Forwarding screenshot on session 537c76206c53b2834c6401580aa10157 to remote] DEBUG org.asynchttpclient.netty.request.NettyRequestSender - Using pooled Channel '[id: 0x73993516, L:/127.0.0.1:58684 - R:localhost/127.0.0.1:57430]' for 'GET' to 'http://localhost:57430/session/537c76206c53b2834c6401580aa10157/screenshot'
16:08:38.016 [Forwarding screenshot on session 537c76206c53b2834c6401580aa10157 to remote] DEBUG org.asynchttpclient.netty.request.NettyRequestSender - Using open Channel [id: 0x73993516, L:/127.0.0.1:58684 - R:localhost/127.0.0.1:57430] for GET '/session/537c76206c53b2834c6401580aa10157/screenshot'
16:08:38.220 [AsyncHttpClient-1-1] DEBUG org.asynchttpclient.netty.channel.DefaultChannelPool - Entry count for : http://localhost:58685 : 1
16:08:38.420 [AsyncHttpClient-1-2] DEBUG org.asynchttpclient.netty.handler.HttpHandler - 

Request DefaultFullHttpRequest(decodeResult: success, version: HTTP/1.1, content: EmptyByteBufBE)
GET /session/537c76206c53b2834c6401580aa10157/screenshot HTTP/1.1
User-Agent: selenium/4.1.2 (java windows)
Cache-Control: no-cache
Content-Type: application/json; charset=utf-8
host: localhost:57430
accept: */*

Response DefaultHttpResponse(decodeResult: success, version: HTTP/1.1)
HTTP/1.1 200 OK
Content-Type: application/json; charset=utf-8
cache-control: no-cache
content-length: 314692

16:08:38.425 [AsyncHttpClient-1-2] DEBUG org.asynchttpclient.netty.channel.ChannelManager - Adding key: http://localhost:57430 for channel [id: 0x73993516, L:/127.0.0.1:58684 - R:localhost/127.0.0.1:57430]
16:08:38.442 [main] DEBUG net.serenitybdd.core.photography.Darkroom - Send negative for processing for target\site\serenity\e5fbd6e318c0308b54426353e452a4832f2a85ca33c02f83469e27c996dc036c.png
16:08:38.443 [main] DEBUG net.thucydides.core.steps.StepInterceptor - STEP DONE: headerTextEqual
  &amp#27;[32mThen &amp#27;[0m&amp#27;[32mI get the &amp#27;[0m&amp#27;[32m&amp#27;[1m"home page"&amp#27;[0m         &amp#27;[90m# starter.stepdefinitions.LoginSteps.iGetThe(java.lang.String)&amp#27;[0m
16:08:39.327 [AsyncHttpClient-1-1] DEBUG org.asynchttpclient.netty.channel.DefaultChannelPool - Entry count for : http://localhost:58685 : 1
16:08:39.327 [AsyncHttpClient-1-1] DEBUG org.asynchttpclient.netty.channel.DefaultChannelPool - Entry count for : http://localhost:57430 : 1
16:08:39.478 [Driver Command Executor] DEBUG org.asynchttpclient.netty.request.NettyRequestSender - Using pooled Channel '[id: 0x73993516, L:/127.0.0.1:58684 - R:localhost/127.0.0.1:57430]' for 'DELETE' to 'http://localhost:57430/session/537c76206c53b2834c6401580aa10157'
16:08:39.478 [Driver Command Executor] DEBUG org.asynchttpclient.netty.request.NettyRequestSender - Using open Channel [id: 0x73993516, L:/127.0.0.1:58684 - R:localhost/127.0.0.1:57430] for DELETE '/session/537c76206c53b2834c6401580aa10157'
16:08:39.479 [AsyncHttpClient-1-4] DEBUG org.asynchttpclient.netty.handler.WebSocketHandler - Channel Closed: [id: 0xd871f825, L:/127.0.0.1:58703 ! R:localhost/127.0.0.1:58685] with attribute NettyResponseFuture{currentRetry=5,
	isDone=1,
	isCancelled=0,
	asyncHandler=org.asynchttpclient.ws.WebSocketUpgradeHandler@2739289a,
	nettyRequest=org.asynchttpclient.netty.request.NettyRequest@58b2a017,
	future=java.util.concurrent.CompletableFuture@1b66a7f5[Completed normally],
	uri=ws://localhost:58685/devtools/browser/a892d134-6e44-4771-b341-bc540ad24516,
	keepAlive=true,
	redirectCount=0,
	timeoutsHolder=null,
	inAuth=0,
	touch=1648717685608}
16:08:39.480 [AsyncHttpClient-1-4] DEBUG org.asynchttpclient.netty.channel.ChannelManager - Closing Channel [id: 0xd871f825, L:/127.0.0.1:58703 ! R:localhost/127.0.0.1:58685] 
16:08:40.443 [AsyncHttpClient-1-1] DEBUG org.asynchttpclient.netty.channel.DefaultChannelPool - Entry count for : http://localhost:58685 : 1
16:08:41.522 [AsyncHttpClient-1-1] DEBUG org.asynchttpclient.netty.channel.DefaultChannelPool - Entry count for : http://localhost:58685 : 1
16:08:42.617 [AsyncHttpClient-1-1] DEBUG org.asynchttpclient.netty.channel.DefaultChannelPool - Entry count for : http://localhost:58685 : 1
16:08:43.723 [AsyncHttpClient-1-1] DEBUG org.asynchttpclient.netty.channel.DefaultChannelPool - Entry count for : http://localhost:58685 : 1
16:08:44.817 [AsyncHttpClient-1-1] DEBUG org.asynchttpclient.netty.channel.DefaultChannelPool - Entry count for : http://localhost:58685 : 1
16:08:45.918 [AsyncHttpClient-1-1] DEBUG org.asynchttpclient.netty.channel.DefaultChannelPool - Entry count for : http://localhost:58685 : 1
16:08:46.264 [AsyncHttpClient-1-2] DEBUG org.asynchttpclient.netty.handler.HttpHandler - 

Request DefaultFullHttpRequest(decodeResult: success, version: HTTP/1.1, content: EmptyByteBufBE)
DELETE /session/537c76206c53b2834c6401580aa10157 HTTP/1.1
User-Agent: selenium/4.1.2 (java windows)
Content-Type: application/json; charset=utf-8
host: localhost:57430
accept: */*

Response DefaultHttpResponse(decodeResult: success, version: HTTP/1.1)
HTTP/1.1 200 OK
Content-Type: application/json; charset=utf-8
cache-control: no-cache
content-length: 14

16:08:46.265 [AsyncHttpClient-1-2] DEBUG org.asynchttpclient.netty.channel.ChannelManager - Adding key: http://localhost:57430 for channel [id: 0x73993516, L:/127.0.0.1:58684 - R:localhost/127.0.0.1:57430]
16:08:46.372 [AsyncHttpClient-1-3] DEBUG org.asynchttpclient.netty.handler.HttpHandler - Unexpected I/O exception on channel [id: 0x461f059a, L:/127.0.0.1:58702 - R:localhost/127.0.0.1:58685]
java.net.SocketException: Connection reset
	at java.base/sun.nio.ch.SocketChannelImpl.throwConnectionReset(SocketChannelImpl.java:367)
	at java.base/sun.nio.ch.SocketChannelImpl.read(SocketChannelImpl.java:398)
	at io.netty.buffer.PooledByteBuf.setBytes(PooledByteBuf.java:258)
	at io.netty.buffer.AbstractByteBuf.writeBytes(AbstractByteBuf.java:1132)
	at io.netty.channel.socket.nio.NioSocketChannel.doReadBytes(NioSocketChannel.java:350)
	at io.netty.channel.nio.AbstractNioByteChannel$NioByteUnsafe.read(AbstractNioByteChannel.java:151)
	at io.netty.channel.nio.NioEventLoop.processSelectedKey(NioEventLoop.java:722)
	at io.netty.channel.nio.NioEventLoop.processSelectedKeysOptimized(NioEventLoop.java:658)
	at io.netty.channel.nio.NioEventLoop.processSelectedKeys(NioEventLoop.java:584)
	at io.netty.channel.nio.NioEventLoop.run(NioEventLoop.java:496)
	at io.netty.util.concurrent.SingleThreadEventExecutor$4.run(SingleThreadEventExecutor.java:986)
	at io.netty.util.internal.ThreadExecutorMap$2.run(ThreadExecutorMap.java:74)
	at io.netty.util.concurrent.FastThreadLocalRunnable.run(FastThreadLocalRunnable.java:30)
	at java.base/java.lang.Thread.run(Thread.java:832)
16:08:46.372 [AsyncHttpClient-1-3] DEBUG org.asynchttpclient.netty.channel.ChannelManager - Closing Channel [id: 0x461f059a, L:/127.0.0.1:58702 - R:localhost/127.0.0.1:58685] 
16:08:46.528 [AsyncHttpClient-1-2] DEBUG org.asynchttpclient.netty.handler.HttpHandler - Channel Closed: [id: 0x73993516, L:/127.0.0.1:58684 ! R:localhost/127.0.0.1:57430] with attribute DISCARD
16:08:46.633 [AsyncHttpClient-1-3] DEBUG org.asynchttpclient.netty.handler.HttpHandler - Channel Closed: [id: 0x461f059a, L:/127.0.0.1:58702 ! R:localhost/127.0.0.1:58685] with attribute DISCARD
16:08:47.021 [AsyncHttpClient-1-1] DEBUG org.asynchttpclient.netty.channel.DefaultChannelPool - Entry count for : http://localhost:58685 : 1
16:08:47.021 [AsyncHttpClient-1-1] DEBUG org.asynchttpclient.netty.channel.DefaultChannelPool - Entry count for : http://localhost:57430 : 1
16:08:47.021 [AsyncHttpClient-1-1] DEBUG org.asynchttpclient.netty.channel.DefaultChannelPool - Adding Candidate expired Channel [id: 0x461f059a, L:/127.0.0.1:58702 ! R:localhost/127.0.0.1:58685] isIdleTimeoutExpired=false isRemotelyClosed=true isTtlExpired=false
16:08:47.021 [AsyncHttpClient-1-1] DEBUG org.asynchttpclient.netty.channel.DefaultChannelPool - Closing Idle Channel [id: 0x461f059a, L:/127.0.0.1:58702 ! R:localhost/127.0.0.1:58685]
16:08:47.022 [AsyncHttpClient-1-1] DEBUG org.asynchttpclient.netty.channel.DefaultChannelPool - Adding Candidate expired Channel [id: 0x73993516, L:/127.0.0.1:58684 ! R:localhost/127.0.0.1:57430] isIdleTimeoutExpired=false isRemotelyClosed=true isTtlExpired=false
16:08:47.023 [AsyncHttpClient-1-1] DEBUG org.asynchttpclient.netty.channel.DefaultChannelPool - Closing Idle Channel [id: 0x73993516, L:/127.0.0.1:58684 ! R:localhost/127.0.0.1:57430]
16:08:47.023 [AsyncHttpClient-1-1] DEBUG org.asynchttpclient.netty.channel.DefaultChannelPool - Closed 2 connections out of 2 in 2 ms
16:08:47.188 [main] INFO  - 
  _____   ___   ___   _____     ___     _     ___   ___   ___   ___  
 |_   _| | __| / __| |_   _|   | _ \   /_\   / __| / __| | __| |   \ 
   | |   | _|  \__ \   | |     |  _/  / _ \  \__ \ \__ \ | _|  | |) |
   |_|   |___| |___/   |_|     |_|   /_/ \_\ |___/ |___/ |___| |___/ 

Login scenario
----------------------------------------------------------------------
]]></system-out>
    <system-err><![CDATA[Starting ChromeDriver 99.0.4844.51 (d537ec02474b5afe23684e7963d538896c63ac77-refs/branch-heads/4844@{#875}) on port 57430
Only local connections are allowed.
Please see https://chromedriver.chromium.org/security-considerations for suggestions on keeping ChromeDriver safe.
ChromeDriver was started successfully.
Mar 31, 2022 4:08:05 PM org.openqa.selenium.remote.ProtocolHandshake createSession
INFO: Detected dialect: W3C
Mar 31, 2022 4:08:05 PM org.openqa.selenium.devtools.CdpVersionFinder findNearestMatch
WARNING: Unable to find an exact match for CDP version 99, so returning the closest version found: 97
Mar 31, 2022 4:08:05 PM org.openqa.selenium.devtools.CdpVersionFinder findNearestMatch
INFO: Found CDP implementation for version 99 of 97
]]></system-err>
  </testcase>
  <testcase name="Login scenario #2" classname="Login" time="35.528">
    <system-out><![CDATA[
@Login @DDT
Scenario Outline: Login scenario                 &amp#27;[90m# src/test/resources/features/login.feature:19&amp#27;[0m
16:08:47.209 [main] INFO io.cucumber.core.plugin.SerenityReporter - Running feature from file:///D:/PERKULIAHAN/Semester%206,Hebatt%20glad!/Altera/New%20folder/Serenity_Gladys_DDT/src/test/resources/features/login.feature
16:08:47.261 [main] DEBUG net.thucydides.core.steps.StepInterceptor - STARTING STEP: LoginSteps.iAmOnTheLoginPage - openUrl
16:08:47.263 [main] INFO net.serenitybdd.core.webdriver.driverproviders.ChromeDriverProvider - Using automatically driver download
16:08:47.936 [main] DEBUG io.github.bonigarcia.wdm.cache.ResolutionCache - Resolution chrome=99 in cache (valid until 17:07:17 31/03/2022 WIB)
16:08:47.955 [main] DEBUG io.github.bonigarcia.wdm.cache.ResolutionCache - Resolution chrome99=99.0.4844.51 in cache (valid until 13:47:20 01/04/2022 WIB)
16:08:47.965 [main] INFO io.github.bonigarcia.wdm.WebDriverManager - Using chromedriver 99.0.4844.51 (resolved driver for Chrome 99)
16:08:48.075 [main] DEBUG io.github.bonigarcia.wdm.WebDriverManager - Driver chromedriver 99.0.4844.51 found in cache
16:08:48.079 [main] INFO io.github.bonigarcia.wdm.WebDriverManager - Exporting webdriver.chrome.driver as C:\Users\ASUS\.cache\selenium\chromedriver\win32\99.0.4844.51\chromedriver.exe
16:08:48.430 [main] DEBUG net.serenitybdd.core.webdriver.driverproviders.ProvideNewDriver - Instantiating driver
16:08:48.430 [main] DEBUG net.serenitybdd.core.webdriver.driverproviders.ProvideNewDriver - Driver capabilities: Capabilities {acceptInsecureCerts: false, base.url: https://demoqa.com/login, browserName: chrome, chrome.driver: src/test/resources/webdrive..., driver: chrome, goog:chromeOptions: {args: [], extensions: []}}
16:08:51.394 [AsyncHttpClient-1-5] DEBUG org.asynchttpclient.netty.channel.NettyConnectListener - Using new Channel '[id: 0xf63bd09c, L:/127.0.0.1:58786 - R:localhost/127.0.0.1:56645]' for 'POST' to '/session'
16:08:58.465 [AsyncHttpClient-1-5] DEBUG org.asynchttpclient.netty.handler.HttpHandler - 

Request DefaultHttpRequest(decodeResult: success, version: HTTP/1.1)
POST /session HTTP/1.1
User-Agent: selenium/4.1.2 (java windows)
Content-Length: 610
Content-Type: application/json; charset=utf-8
host: localhost:56645
accept: */*

Response DefaultHttpResponse(decodeResult: success, version: HTTP/1.1)
HTTP/1.1 200 OK
Content-Type: application/json; charset=utf-8
cache-control: no-cache
content-length: 786

16:08:58.466 [AsyncHttpClient-1-5] DEBUG org.asynchttpclient.netty.channel.ChannelManager - Adding key: http://localhost:56645 for channel [id: 0xf63bd09c, L:/127.0.0.1:58786 - R:localhost/127.0.0.1:56645]
16:08:58.479 [AsyncHttpClient-1-6] DEBUG org.asynchttpclient.netty.channel.NettyConnectListener - Using new Channel '[id: 0xc9541a9c, L:/127.0.0.1:58795 - R:localhost/127.0.0.1:58787]' for 'GET' to '/json/version'
16:08:58.486 [AsyncHttpClient-1-6] DEBUG org.asynchttpclient.netty.handler.HttpHandler - 

Request DefaultFullHttpRequest(decodeResult: success, version: HTTP/1.1, content: EmptyByteBufBE)
GET /json/version HTTP/1.1
User-Agent: selenium/4.1.2 (java windows)
host: localhost:58787
accept: */*

Response DefaultHttpResponse(decodeResult: success, version: HTTP/1.1)
HTTP/1.1 200 OK
Content-Type: application/json; charset=UTF-8
content-length: 424

16:08:58.486 [AsyncHttpClient-1-6] DEBUG org.asynchttpclient.netty.channel.ChannelManager - Adding key: http://localhost:58787 for channel [id: 0xc9541a9c, L:/127.0.0.1:58795 - R:localhost/127.0.0.1:58787]
16:08:58.491 [AsyncHttpClient-1-7] DEBUG org.asynchttpclient.netty.channel.NettyConnectListener - Using new Channel '[id: 0xb603bb1f, L:/127.0.0.1:58796 - R:localhost/127.0.0.1:58787]' for 'GET' to '/devtools/browser/71d96626-74cc-4857-a7ad-c6e0c4a01da5'
16:08:58.500 [AsyncHttpClient-1-7] DEBUG org.asynchttpclient.netty.handler.WebSocketHandler - 

Request DefaultFullHttpRequest(decodeResult: success, version: HTTP/1.1, content: EmptyByteBufBE)
GET /devtools/browser/71d96626-74cc-4857-a7ad-c6e0c4a01da5 HTTP/1.1
upgrade: websocket
connection: upgrade
sec-websocket-key: 0yjWwXgoiBEjPWtrNDeSGA==
sec-websocket-version: 13
origin: http://localhost:58787
host: localhost:58787
accept: */*
user-agent: AHC/2.1

Response DefaultHttpResponse(decodeResult: success, version: HTTP/1.1)
HTTP/1.1 101 WebSocket Protocol Handshake
Upgrade: WebSocket
Connection: Upgrade
Sec-WebSocket-Accept: 3nB+/PL7/PzZ4drdvv+KSDRmV+Y=

16:08:58.508 [Forwarding maximizeCurrentWindow on session 307ac4dd9da650350769c52aeb12907d to remote] DEBUG org.asynchttpclient.netty.request.NettyRequestSender - Using pooled Channel '[id: 0xf63bd09c, L:/127.0.0.1:58786 - R:localhost/127.0.0.1:56645]' for 'POST' to 'http://localhost:56645/session/307ac4dd9da650350769c52aeb12907d/window/maximize'
16:08:58.508 [Forwarding maximizeCurrentWindow on session 307ac4dd9da650350769c52aeb12907d to remote] DEBUG org.asynchttpclient.netty.request.NettyRequestSender - Using open Channel [id: 0xf63bd09c, L:/127.0.0.1:58786 - R:localhost/127.0.0.1:56645] for POST '/session/307ac4dd9da650350769c52aeb12907d/window/maximize'
16:08:58.646 [AsyncHttpClient-1-5] DEBUG org.asynchttpclient.netty.handler.HttpHandler - 

Request DefaultHttpRequest(decodeResult: success, version: HTTP/1.1)
POST /session/307ac4dd9da650350769c52aeb12907d/window/maximize HTTP/1.1
User-Agent: selenium/4.1.2 (java windows)
Content-Length: 3
Content-Type: application/json; charset=utf-8
host: localhost:56645
accept: */*

Response DefaultHttpResponse(decodeResult: success, version: HTTP/1.1)
HTTP/1.1 200 OK
Content-Type: application/json; charset=utf-8
cache-control: no-cache
content-length: 51

16:08:58.646 [AsyncHttpClient-1-5] DEBUG org.asynchttpclient.netty.channel.ChannelManager - Adding key: http://localhost:56645 for channel [id: 0xf63bd09c, L:/127.0.0.1:58786 - R:localhost/127.0.0.1:56645]
16:08:58.648 [Forwarding get on session 307ac4dd9da650350769c52aeb12907d to remote] DEBUG org.asynchttpclient.netty.request.NettyRequestSender - Using pooled Channel '[id: 0xf63bd09c, L:/127.0.0.1:58786 - R:localhost/127.0.0.1:56645]' for 'POST' to 'http://localhost:56645/session/307ac4dd9da650350769c52aeb12907d/url'
16:08:58.648 [Forwarding get on session 307ac4dd9da650350769c52aeb12907d to remote] DEBUG org.asynchttpclient.netty.request.NettyRequestSender - Using open Channel [id: 0xf63bd09c, L:/127.0.0.1:58786 - R:localhost/127.0.0.1:56645] for POST '/session/307ac4dd9da650350769c52aeb12907d/url'
16:08:59.120 [AsyncHttpClient-1-1] DEBUG org.asynchttpclient.netty.channel.DefaultChannelPool - Entry count for : http://localhost:58787 : 1
16:09:00.218 [AsyncHttpClient-1-1] DEBUG org.asynchttpclient.netty.channel.DefaultChannelPool - Entry count for : http://localhost:58787 : 1
16:09:01.328 [AsyncHttpClient-1-1] DEBUG org.asynchttpclient.netty.channel.DefaultChannelPool - Entry count for : http://localhost:58787 : 1
16:09:02.418 [AsyncHttpClient-1-1] DEBUG org.asynchttpclient.netty.channel.DefaultChannelPool - Entry count for : http://localhost:58787 : 1
16:09:03.521 [AsyncHttpClient-1-1] DEBUG org.asynchttpclient.netty.channel.DefaultChannelPool - Entry count for : http://localhost:58787 : 1
16:09:04.619 [AsyncHttpClient-1-1] DEBUG org.asynchttpclient.netty.channel.DefaultChannelPool - Entry count for : http://localhost:58787 : 1
16:09:05.717 [AsyncHttpClient-1-1] DEBUG org.asynchttpclient.netty.channel.DefaultChannelPool - Entry count for : http://localhost:58787 : 1
16:09:06.818 [AsyncHttpClient-1-1] DEBUG org.asynchttpclient.netty.channel.DefaultChannelPool - Entry count for : http://localhost:58787 : 1
16:09:07.924 [AsyncHttpClient-1-1] DEBUG org.asynchttpclient.netty.channel.DefaultChannelPool - Entry count for : http://localhost:58787 : 1
16:09:09.021 [AsyncHttpClient-1-1] DEBUG org.asynchttpclient.netty.channel.DefaultChannelPool - Entry count for : http://localhost:58787 : 1
16:09:10.119 [AsyncHttpClient-1-1] DEBUG org.asynchttpclient.netty.channel.DefaultChannelPool - Entry count for : http://localhost:58787 : 1
16:09:11.064 [AsyncHttpClient-1-5] DEBUG org.asynchttpclient.netty.handler.HttpHandler - 

Request DefaultHttpRequest(decodeResult: success, version: HTTP/1.1)
POST /session/307ac4dd9da650350769c52aeb12907d/url HTTP/1.1
User-Agent: selenium/4.1.2 (java windows)
Content-Length: 54
Content-Type: application/json; charset=utf-8
host: localhost:56645
accept: */*

Response DefaultHttpResponse(decodeResult: success, version: HTTP/1.1)
HTTP/1.1 200 OK
Content-Type: application/json; charset=utf-8
cache-control: no-cache
content-length: 14

16:09:11.065 [AsyncHttpClient-1-5] DEBUG org.asynchttpclient.netty.channel.ChannelManager - Adding key: http://localhost:56645 for channel [id: 0xf63bd09c, L:/127.0.0.1:58786 - R:localhost/127.0.0.1:56645]
16:09:11.069 [Forwarding setTimeout on session 307ac4dd9da650350769c52aeb12907d to remote] DEBUG org.asynchttpclient.netty.request.NettyRequestSender - Using pooled Channel '[id: 0xf63bd09c, L:/127.0.0.1:58786 - R:localhost/127.0.0.1:56645]' for 'POST' to 'http://localhost:56645/session/307ac4dd9da650350769c52aeb12907d/timeouts'
16:09:11.069 [Forwarding setTimeout on session 307ac4dd9da650350769c52aeb12907d to remote] DEBUG org.asynchttpclient.netty.request.NettyRequestSender - Using open Channel [id: 0xf63bd09c, L:/127.0.0.1:58786 - R:localhost/127.0.0.1:56645] for POST '/session/307ac4dd9da650350769c52aeb12907d/timeouts'
16:09:11.078 [AsyncHttpClient-1-5] DEBUG org.asynchttpclient.netty.handler.HttpHandler - 

Request DefaultHttpRequest(decodeResult: success, version: HTTP/1.1)
POST /session/307ac4dd9da650350769c52aeb12907d/timeouts HTTP/1.1
User-Agent: selenium/4.1.2 (java windows)
Content-Length: 22
Content-Type: application/json; charset=utf-8
host: localhost:56645
accept: */*

Response DefaultHttpResponse(decodeResult: success, version: HTTP/1.1)
HTTP/1.1 200 OK
Content-Type: application/json; charset=utf-8
cache-control: no-cache
content-length: 14

16:09:11.079 [AsyncHttpClient-1-5] DEBUG org.asynchttpclient.netty.channel.ChannelManager - Adding key: http://localhost:56645 for channel [id: 0xf63bd09c, L:/127.0.0.1:58786 - R:localhost/127.0.0.1:56645]
16:09:11.090 [Forwarding getCurrentUrl on session 307ac4dd9da650350769c52aeb12907d to remote] DEBUG org.asynchttpclient.netty.request.NettyRequestSender - Using pooled Channel '[id: 0xf63bd09c, L:/127.0.0.1:58786 - R:localhost/127.0.0.1:56645]' for 'GET' to 'http://localhost:56645/session/307ac4dd9da650350769c52aeb12907d/url'
16:09:11.091 [Forwarding getCurrentUrl on session 307ac4dd9da650350769c52aeb12907d to remote] DEBUG org.asynchttpclient.netty.request.NettyRequestSender - Using open Channel [id: 0xf63bd09c, L:/127.0.0.1:58786 - R:localhost/127.0.0.1:56645] for GET '/session/307ac4dd9da650350769c52aeb12907d/url'
16:09:11.102 [AsyncHttpClient-1-5] DEBUG org.asynchttpclient.netty.handler.HttpHandler - 

Request DefaultFullHttpRequest(decodeResult: success, version: HTTP/1.1, content: EmptyByteBufBE)
GET /session/307ac4dd9da650350769c52aeb12907d/url HTTP/1.1
User-Agent: selenium/4.1.2 (java windows)
Cache-Control: no-cache
Content-Type: application/json; charset=utf-8
host: localhost:56645
accept: */*

Response DefaultHttpResponse(decodeResult: success, version: HTTP/1.1)
HTTP/1.1 200 OK
Content-Type: application/json; charset=utf-8
cache-control: no-cache
content-length: 36

16:09:11.103 [AsyncHttpClient-1-5] DEBUG org.asynchttpclient.netty.channel.ChannelManager - Adding key: http://localhost:56645 for channel [id: 0xf63bd09c, L:/127.0.0.1:58786 - R:localhost/127.0.0.1:56645]
16:09:11.114 [Forwarding screenshot on session 307ac4dd9da650350769c52aeb12907d to remote] DEBUG org.asynchttpclient.netty.request.NettyRequestSender - Using pooled Channel '[id: 0xf63bd09c, L:/127.0.0.1:58786 - R:localhost/127.0.0.1:56645]' for 'GET' to 'http://localhost:56645/session/307ac4dd9da650350769c52aeb12907d/screenshot'
16:09:11.115 [Forwarding screenshot on session 307ac4dd9da650350769c52aeb12907d to remote] DEBUG org.asynchttpclient.netty.request.NettyRequestSender - Using open Channel [id: 0xf63bd09c, L:/127.0.0.1:58786 - R:localhost/127.0.0.1:56645] for GET '/session/307ac4dd9da650350769c52aeb12907d/screenshot'
16:09:11.222 [AsyncHttpClient-1-1] DEBUG org.asynchttpclient.netty.channel.DefaultChannelPool - Entry count for : http://localhost:58787 : 1
16:09:11.753 [AsyncHttpClient-1-5] DEBUG org.asynchttpclient.netty.handler.HttpHandler - 

Request DefaultFullHttpRequest(decodeResult: success, version: HTTP/1.1, content: EmptyByteBufBE)
GET /session/307ac4dd9da650350769c52aeb12907d/screenshot HTTP/1.1
User-Agent: selenium/4.1.2 (java windows)
Cache-Control: no-cache
Content-Type: application/json; charset=utf-8
host: localhost:56645
accept: */*

Response DefaultHttpResponse(decodeResult: success, version: HTTP/1.1)
HTTP/1.1 200 OK
Content-Type: application/json; charset=utf-8
cache-control: no-cache
content-length: 405756

16:09:11.761 [AsyncHttpClient-1-5] DEBUG org.asynchttpclient.netty.channel.ChannelManager - Adding key: http://localhost:56645 for channel [id: 0xf63bd09c, L:/127.0.0.1:58786 - R:localhost/127.0.0.1:56645]
16:09:11.798 [main] DEBUG net.serenitybdd.core.photography.Darkroom - Send negative for processing for target\site\serenity\258568528bcb3d61d1a986d058baea5e7d663db5e81dadc9e80b6ba0e23b6874.png
16:09:11.798 [main] DEBUG net.thucydides.core.steps.StepInterceptor - STEP DONE: openUrl
16:09:11.803 [Darkroom Processing Line] DEBUG net.serenitybdd.core.photography.DarkroomProcessingLine - Processing screenshot image in /var/screenshots/screenshot-13760480444283677736
16:09:11.804 [Darkroom Processing Line] DEBUG net.serenitybdd.core.photography.DarkroomProcessingLine - Saving screenshot to target\site\serenity\258568528bcb3d61d1a986d058baea5e7d663db5e81dadc9e80b6ba0e23b6874.png
16:09:11.832 [main] DEBUG net.thucydides.core.steps.StepInterceptor - STARTING STEP: LoginSteps.iAmOnTheLoginPage - validateIfButtonLoginIsAppear
16:09:11.842 [Forwarding findElement on session 307ac4dd9da650350769c52aeb12907d to remote] DEBUG org.asynchttpclient.netty.request.NettyRequestSender - Using pooled Channel '[id: 0xf63bd09c, L:/127.0.0.1:58786 - R:localhost/127.0.0.1:56645]' for 'POST' to 'http://localhost:56645/session/307ac4dd9da650350769c52aeb12907d/element'
16:09:11.842 [Forwarding findElement on session 307ac4dd9da650350769c52aeb12907d to remote] DEBUG org.asynchttpclient.netty.request.NettyRequestSender - Using open Channel [id: 0xf63bd09c, L:/127.0.0.1:58786 - R:localhost/127.0.0.1:56645] for POST '/session/307ac4dd9da650350769c52aeb12907d/element'
16:09:12.318 [AsyncHttpClient-1-1] DEBUG org.asynchttpclient.netty.channel.DefaultChannelPool - Entry count for : http://localhost:58787 : 1
16:09:12.569 [AsyncHttpClient-1-5] DEBUG org.asynchttpclient.netty.handler.HttpHandler - 

Request DefaultHttpRequest(decodeResult: success, version: HTTP/1.1)
POST /session/307ac4dd9da650350769c52aeb12907d/element HTTP/1.1
User-Agent: selenium/4.1.2 (java windows)
Content-Length: 50
Content-Type: application/json; charset=utf-8
host: localhost:56645
accept: */*

Response DefaultHttpResponse(decodeResult: success, version: HTTP/1.1)
HTTP/1.1 200 OK
Content-Type: application/json; charset=utf-8
cache-control: no-cache
content-length: 88

16:09:12.570 [AsyncHttpClient-1-5] DEBUG org.asynchttpclient.netty.channel.ChannelManager - Adding key: http://localhost:56645 for channel [id: 0xf63bd09c, L:/127.0.0.1:58786 - R:localhost/127.0.0.1:56645]
16:09:12.583 [Forwarding isElementDisplayed on session 307ac4dd9da650350769c52aeb12907d to remote] DEBUG org.asynchttpclient.netty.request.NettyRequestSender - Using pooled Channel '[id: 0xf63bd09c, L:/127.0.0.1:58786 - R:localhost/127.0.0.1:56645]' for 'POST' to 'http://localhost:56645/session/307ac4dd9da650350769c52aeb12907d/execute/sync'
16:09:12.583 [Forwarding isElementDisplayed on session 307ac4dd9da650350769c52aeb12907d to remote] DEBUG org.asynchttpclient.netty.request.NettyRequestSender - Using open Channel [id: 0xf63bd09c, L:/127.0.0.1:58786 - R:localhost/127.0.0.1:56645] for POST '/session/307ac4dd9da650350769c52aeb12907d/execute/sync'
16:09:12.625 [AsyncHttpClient-1-5] DEBUG org.asynchttpclient.netty.handler.HttpHandler - 

Request DefaultHttpRequest(decodeResult: success, version: HTTP/1.1)
POST /session/307ac4dd9da650350769c52aeb12907d/execute/sync HTTP/1.1
User-Agent: selenium/4.1.2 (java windows)
Content-Length: 48780
Content-Type: application/json; charset=utf-8
host: localhost:56645
accept: */*

Response DefaultHttpResponse(decodeResult: success, version: HTTP/1.1)
HTTP/1.1 200 OK
Content-Type: application/json; charset=utf-8
cache-control: no-cache
content-length: 14

16:09:12.626 [AsyncHttpClient-1-5] DEBUG org.asynchttpclient.netty.channel.ChannelManager - Adding key: http://localhost:56645 for channel [id: 0xf63bd09c, L:/127.0.0.1:58786 - R:localhost/127.0.0.1:56645]
16:09:12.642 [Forwarding screenshot on session 307ac4dd9da650350769c52aeb12907d to remote] DEBUG org.asynchttpclient.netty.request.NettyRequestSender - Using pooled Channel '[id: 0xf63bd09c, L:/127.0.0.1:58786 - R:localhost/127.0.0.1:56645]' for 'GET' to 'http://localhost:56645/session/307ac4dd9da650350769c52aeb12907d/screenshot'
16:09:12.643 [Forwarding screenshot on session 307ac4dd9da650350769c52aeb12907d to remote] DEBUG org.asynchttpclient.netty.request.NettyRequestSender - Using open Channel [id: 0xf63bd09c, L:/127.0.0.1:58786 - R:localhost/127.0.0.1:56645] for GET '/session/307ac4dd9da650350769c52aeb12907d/screenshot'
16:09:13.212 [AsyncHttpClient-1-5] DEBUG org.asynchttpclient.netty.handler.HttpHandler - 

Request DefaultFullHttpRequest(decodeResult: success, version: HTTP/1.1, content: EmptyByteBufBE)
GET /session/307ac4dd9da650350769c52aeb12907d/screenshot HTTP/1.1
User-Agent: selenium/4.1.2 (java windows)
Cache-Control: no-cache
Content-Type: application/json; charset=utf-8
host: localhost:56645
accept: */*

Response DefaultHttpResponse(decodeResult: success, version: HTTP/1.1)
HTTP/1.1 200 OK
Content-Type: application/json; charset=utf-8
cache-control: no-cache
content-length: 405756

16:09:13.218 [AsyncHttpClient-1-5] DEBUG org.asynchttpclient.netty.channel.ChannelManager - Adding key: http://localhost:56645 for channel [id: 0xf63bd09c, L:/127.0.0.1:58786 - R:localhost/127.0.0.1:56645]
16:09:13.260 [main] DEBUG net.serenitybdd.core.photography.Darkroom - Send negative for processing for target\site\serenity\258568528bcb3d61d1a986d058baea5e7d663db5e81dadc9e80b6ba0e23b6874.png
16:09:13.261 [main] DEBUG net.thucydides.core.steps.StepInterceptor - STEP DONE: validateIfButtonLoginIsAppear
  &amp#27;[32mGiven &amp#27;[0m&amp#27;[32mI am on the login page&amp#27;[0m                   &amp#27;[90m# starter.stepdefinitions.LoginSteps.iAmOnTheLoginPage()&amp#27;[0m
16:09:13.330 [Forwarding screenshot on session 307ac4dd9da650350769c52aeb12907d to remote] DEBUG org.asynchttpclient.netty.request.NettyRequestSender - Using pooled Channel '[id: 0xf63bd09c, L:/127.0.0.1:58786 - R:localhost/127.0.0.1:56645]' for 'GET' to 'http://localhost:56645/session/307ac4dd9da650350769c52aeb12907d/screenshot'
16:09:13.330 [Forwarding screenshot on session 307ac4dd9da650350769c52aeb12907d to remote] DEBUG org.asynchttpclient.netty.request.NettyRequestSender - Using open Channel [id: 0xf63bd09c, L:/127.0.0.1:58786 - R:localhost/127.0.0.1:56645] for GET '/session/307ac4dd9da650350769c52aeb12907d/screenshot'
16:09:13.429 [AsyncHttpClient-1-1] DEBUG org.asynchttpclient.netty.channel.DefaultChannelPool - Entry count for : http://localhost:58787 : 1
16:09:13.920 [AsyncHttpClient-1-5] DEBUG org.asynchttpclient.netty.handler.HttpHandler - 

Request DefaultFullHttpRequest(decodeResult: success, version: HTTP/1.1, content: EmptyByteBufBE)
GET /session/307ac4dd9da650350769c52aeb12907d/screenshot HTTP/1.1
User-Agent: selenium/4.1.2 (java windows)
Cache-Control: no-cache
Content-Type: application/json; charset=utf-8
host: localhost:56645
accept: */*

Response DefaultHttpResponse(decodeResult: success, version: HTTP/1.1)
HTTP/1.1 200 OK
Content-Type: application/json; charset=utf-8
cache-control: no-cache
content-length: 405756

16:09:13.926 [AsyncHttpClient-1-5] DEBUG org.asynchttpclient.netty.channel.ChannelManager - Adding key: http://localhost:56645 for channel [id: 0xf63bd09c, L:/127.0.0.1:58786 - R:localhost/127.0.0.1:56645]
16:09:13.952 [main] DEBUG net.serenitybdd.core.photography.Darkroom - Send negative for processing for target\site\serenity\258568528bcb3d61d1a986d058baea5e7d663db5e81dadc9e80b6ba0e23b6874.png
16:09:13.993 [main] DEBUG net.thucydides.core.steps.StepInterceptor - STARTING STEP: LoginSteps.iInputUsername - inputUsernameToField
16:09:14.013 [Forwarding findElement on session 307ac4dd9da650350769c52aeb12907d to remote] DEBUG org.asynchttpclient.netty.request.NettyRequestSender - Using pooled Channel '[id: 0xf63bd09c, L:/127.0.0.1:58786 - R:localhost/127.0.0.1:56645]' for 'POST' to 'http://localhost:56645/session/307ac4dd9da650350769c52aeb12907d/element'
16:09:14.013 [Forwarding findElement on session 307ac4dd9da650350769c52aeb12907d to remote] DEBUG org.asynchttpclient.netty.request.NettyRequestSender - Using open Channel [id: 0xf63bd09c, L:/127.0.0.1:58786 - R:localhost/127.0.0.1:56645] for POST '/session/307ac4dd9da650350769c52aeb12907d/element'
16:09:14.077 [AsyncHttpClient-1-5] DEBUG org.asynchttpclient.netty.handler.HttpHandler - 

Request DefaultHttpRequest(decodeResult: success, version: HTTP/1.1)
POST /session/307ac4dd9da650350769c52aeb12907d/element HTTP/1.1
User-Agent: selenium/4.1.2 (java windows)
Content-Length: 53
Content-Type: application/json; charset=utf-8
host: localhost:56645
accept: */*

Response DefaultHttpResponse(decodeResult: success, version: HTTP/1.1)
HTTP/1.1 200 OK
Content-Type: application/json; charset=utf-8
cache-control: no-cache
content-length: 88

16:09:14.078 [AsyncHttpClient-1-5] DEBUG org.asynchttpclient.netty.channel.ChannelManager - Adding key: http://localhost:56645 for channel [id: 0xf63bd09c, L:/127.0.0.1:58786 - R:localhost/127.0.0.1:56645]
16:09:14.082 [Forwarding clearElement on session 307ac4dd9da650350769c52aeb12907d to remote] DEBUG org.asynchttpclient.netty.request.NettyRequestSender - Using pooled Channel '[id: 0xf63bd09c, L:/127.0.0.1:58786 - R:localhost/127.0.0.1:56645]' for 'POST' to 'http://localhost:56645/session/307ac4dd9da650350769c52aeb12907d/element/24f6e5e7-ccaa-4864-8521-28e247bf2da2/clear'
16:09:14.083 [Forwarding clearElement on session 307ac4dd9da650350769c52aeb12907d to remote] DEBUG org.asynchttpclient.netty.request.NettyRequestSender - Using open Channel [id: 0xf63bd09c, L:/127.0.0.1:58786 - R:localhost/127.0.0.1:56645] for POST '/session/307ac4dd9da650350769c52aeb12907d/element/24f6e5e7-ccaa-4864-8521-28e247bf2da2/clear'
16:09:14.158 [AsyncHttpClient-1-5] DEBUG org.asynchttpclient.netty.handler.HttpHandler - 

Request DefaultHttpRequest(decodeResult: success, version: HTTP/1.1)
POST /session/307ac4dd9da650350769c52aeb12907d/element/24f6e5e7-ccaa-4864-8521-28e247bf2da2/clear HTTP/1.1
User-Agent: selenium/4.1.2 (java windows)
Content-Length: 50
Content-Type: application/json; charset=utf-8
host: localhost:56645
accept: */*

Response DefaultHttpResponse(decodeResult: success, version: HTTP/1.1)
HTTP/1.1 200 OK
Content-Type: application/json; charset=utf-8
cache-control: no-cache
content-length: 14

16:09:14.158 [AsyncHttpClient-1-5] DEBUG org.asynchttpclient.netty.channel.ChannelManager - Adding key: http://localhost:56645 for channel [id: 0xf63bd09c, L:/127.0.0.1:58786 - R:localhost/127.0.0.1:56645]
16:09:14.162 [Forwarding sendKeysToElement on session 307ac4dd9da650350769c52aeb12907d to remote] DEBUG org.asynchttpclient.netty.request.NettyRequestSender - Using pooled Channel '[id: 0xf63bd09c, L:/127.0.0.1:58786 - R:localhost/127.0.0.1:56645]' for 'POST' to 'http://localhost:56645/session/307ac4dd9da650350769c52aeb12907d/element/24f6e5e7-ccaa-4864-8521-28e247bf2da2/value'
16:09:14.162 [Forwarding sendKeysToElement on session 307ac4dd9da650350769c52aeb12907d to remote] DEBUG org.asynchttpclient.netty.request.NettyRequestSender - Using open Channel [id: 0xf63bd09c, L:/127.0.0.1:58786 - R:localhost/127.0.0.1:56645] for POST '/session/307ac4dd9da650350769c52aeb12907d/element/24f6e5e7-ccaa-4864-8521-28e247bf2da2/value'
16:09:14.524 [AsyncHttpClient-1-1] DEBUG org.asynchttpclient.netty.channel.DefaultChannelPool - Entry count for : http://localhost:58787 : 1
16:09:14.530 [AsyncHttpClient-1-5] DEBUG org.asynchttpclient.netty.handler.HttpHandler - 

Request DefaultHttpRequest(decodeResult: success, version: HTTP/1.1)
POST /session/307ac4dd9da650350769c52aeb12907d/element/24f6e5e7-ccaa-4864-8521-28e247bf2da2/value HTTP/1.1
User-Agent: selenium/4.1.2 (java windows)
Content-Length: 141
Content-Type: application/json; charset=utf-8
host: localhost:56645
accept: */*

Response DefaultHttpResponse(decodeResult: success, version: HTTP/1.1)
HTTP/1.1 200 OK
Content-Type: application/json; charset=utf-8
cache-control: no-cache
content-length: 14

16:09:14.531 [AsyncHttpClient-1-5] DEBUG org.asynchttpclient.netty.channel.ChannelManager - Adding key: http://localhost:56645 for channel [id: 0xf63bd09c, L:/127.0.0.1:58786 - R:localhost/127.0.0.1:56645]
16:09:14.539 [Forwarding screenshot on session 307ac4dd9da650350769c52aeb12907d to remote] DEBUG org.asynchttpclient.netty.request.NettyRequestSender - Using pooled Channel '[id: 0xf63bd09c, L:/127.0.0.1:58786 - R:localhost/127.0.0.1:56645]' for 'GET' to 'http://localhost:56645/session/307ac4dd9da650350769c52aeb12907d/screenshot'
16:09:14.539 [Forwarding screenshot on session 307ac4dd9da650350769c52aeb12907d to remote] DEBUG org.asynchttpclient.netty.request.NettyRequestSender - Using open Channel [id: 0xf63bd09c, L:/127.0.0.1:58786 - R:localhost/127.0.0.1:56645] for GET '/session/307ac4dd9da650350769c52aeb12907d/screenshot'
16:09:14.953 [AsyncHttpClient-1-5] DEBUG org.asynchttpclient.netty.handler.HttpHandler - 

Request DefaultFullHttpRequest(decodeResult: success, version: HTTP/1.1, content: EmptyByteBufBE)
GET /session/307ac4dd9da650350769c52aeb12907d/screenshot HTTP/1.1
User-Agent: selenium/4.1.2 (java windows)
Cache-Control: no-cache
Content-Type: application/json; charset=utf-8
host: localhost:56645
accept: */*

Response DefaultHttpResponse(decodeResult: success, version: HTTP/1.1)
HTTP/1.1 200 OK
Content-Type: application/json; charset=utf-8
cache-control: no-cache
content-length: 405664

16:09:14.957 [AsyncHttpClient-1-5] DEBUG org.asynchttpclient.netty.channel.ChannelManager - Adding key: http://localhost:56645 for channel [id: 0xf63bd09c, L:/127.0.0.1:58786 - R:localhost/127.0.0.1:56645]
16:09:14.985 [main] DEBUG net.serenitybdd.core.photography.Darkroom - Send negative for processing for target\site\serenity\d3306eb1c445c45bdac7f7197b756c9cb0074ecbd551e5a0d2921e59afdad3e1.png
16:09:14.986 [main] DEBUG net.thucydides.core.steps.StepInterceptor - STEP DONE: inputUsernameToField
  &amp#27;[32mWhen &amp#27;[0m&amp#27;[32mI input &amp#27;[0m&amp#27;[32m&amp#27;[1m"gladys"&amp#27;[0m&amp#27;[32m username&amp#27;[0m                 &amp#27;[90m# starter.stepdefinitions.LoginSteps.iInputUsername(java.lang.String)&amp#27;[0m
16:09:14.987 [Darkroom Processing Line] DEBUG net.serenitybdd.core.photography.DarkroomProcessingLine - Processing screenshot image in /var/screenshots/screenshot-11468908851453930875
16:09:14.987 [Darkroom Processing Line] DEBUG net.serenitybdd.core.photography.DarkroomProcessingLine - Saving screenshot to target\site\serenity\d3306eb1c445c45bdac7f7197b756c9cb0074ecbd551e5a0d2921e59afdad3e1.png
16:09:15.036 [Forwarding screenshot on session 307ac4dd9da650350769c52aeb12907d to remote] DEBUG org.asynchttpclient.netty.request.NettyRequestSender - Using pooled Channel '[id: 0xf63bd09c, L:/127.0.0.1:58786 - R:localhost/127.0.0.1:56645]' for 'GET' to 'http://localhost:56645/session/307ac4dd9da650350769c52aeb12907d/screenshot'
16:09:15.037 [Forwarding screenshot on session 307ac4dd9da650350769c52aeb12907d to remote] DEBUG org.asynchttpclient.netty.request.NettyRequestSender - Using open Channel [id: 0xf63bd09c, L:/127.0.0.1:58786 - R:localhost/127.0.0.1:56645] for GET '/session/307ac4dd9da650350769c52aeb12907d/screenshot'
16:09:15.621 [AsyncHttpClient-1-1] DEBUG org.asynchttpclient.netty.channel.DefaultChannelPool - Entry count for : http://localhost:58787 : 1
16:09:15.763 [AsyncHttpClient-1-5] DEBUG org.asynchttpclient.netty.handler.HttpHandler - 

Request DefaultFullHttpRequest(decodeResult: success, version: HTTP/1.1, content: EmptyByteBufBE)
GET /session/307ac4dd9da650350769c52aeb12907d/screenshot HTTP/1.1
User-Agent: selenium/4.1.2 (java windows)
Cache-Control: no-cache
Content-Type: application/json; charset=utf-8
host: localhost:56645
accept: */*

Response DefaultHttpResponse(decodeResult: success, version: HTTP/1.1)
HTTP/1.1 200 OK
Content-Type: application/json; charset=utf-8
cache-control: no-cache
content-length: 405664

16:09:15.765 [AsyncHttpClient-1-5] DEBUG org.asynchttpclient.netty.channel.ChannelManager - Adding key: http://localhost:56645 for channel [id: 0xf63bd09c, L:/127.0.0.1:58786 - R:localhost/127.0.0.1:56645]
16:09:15.790 [main] DEBUG net.serenitybdd.core.photography.Darkroom - Send negative for processing for target\site\serenity\2e19f6c9c542a0710ebf644fc108be5c81a99aee6826faa55b198b3b1334b0d9.png
16:09:15.791 [main] DEBUG net.thucydides.core.steps.StepInterceptor - STARTING STEP: LoginSteps.iInputPassword - inputPasswordToField
16:09:15.791 [Darkroom Processing Line] DEBUG net.serenitybdd.core.photography.DarkroomProcessingLine - Processing screenshot image in /var/screenshots/screenshot-9650649922826552611
16:09:15.791 [Darkroom Processing Line] DEBUG net.serenitybdd.core.photography.DarkroomProcessingLine - Saving screenshot to target\site\serenity\2e19f6c9c542a0710ebf644fc108be5c81a99aee6826faa55b198b3b1334b0d9.png
16:09:15.803 [Forwarding findElement on session 307ac4dd9da650350769c52aeb12907d to remote] DEBUG org.asynchttpclient.netty.request.NettyRequestSender - Using pooled Channel '[id: 0xf63bd09c, L:/127.0.0.1:58786 - R:localhost/127.0.0.1:56645]' for 'POST' to 'http://localhost:56645/session/307ac4dd9da650350769c52aeb12907d/element'
16:09:15.803 [Forwarding findElement on session 307ac4dd9da650350769c52aeb12907d to remote] DEBUG org.asynchttpclient.netty.request.NettyRequestSender - Using open Channel [id: 0xf63bd09c, L:/127.0.0.1:58786 - R:localhost/127.0.0.1:56645] for POST '/session/307ac4dd9da650350769c52aeb12907d/element'
16:09:15.865 [AsyncHttpClient-1-5] DEBUG org.asynchttpclient.netty.handler.HttpHandler - 

Request DefaultHttpRequest(decodeResult: success, version: HTTP/1.1)
POST /session/307ac4dd9da650350769c52aeb12907d/element HTTP/1.1
User-Agent: selenium/4.1.2 (java windows)
Content-Length: 53
Content-Type: application/json; charset=utf-8
host: localhost:56645
accept: */*

Response DefaultHttpResponse(decodeResult: success, version: HTTP/1.1)
HTTP/1.1 200 OK
Content-Type: application/json; charset=utf-8
cache-control: no-cache
content-length: 88

16:09:15.865 [AsyncHttpClient-1-5] DEBUG org.asynchttpclient.netty.channel.ChannelManager - Adding key: http://localhost:56645 for channel [id: 0xf63bd09c, L:/127.0.0.1:58786 - R:localhost/127.0.0.1:56645]
16:09:15.868 [Forwarding clearElement on session 307ac4dd9da650350769c52aeb12907d to remote] DEBUG org.asynchttpclient.netty.request.NettyRequestSender - Using pooled Channel '[id: 0xf63bd09c, L:/127.0.0.1:58786 - R:localhost/127.0.0.1:56645]' for 'POST' to 'http://localhost:56645/session/307ac4dd9da650350769c52aeb12907d/element/67ee4c4e-3b6a-411d-b4b5-c924c5f062da/clear'
16:09:15.868 [Forwarding clearElement on session 307ac4dd9da650350769c52aeb12907d to remote] DEBUG org.asynchttpclient.netty.request.NettyRequestSender - Using open Channel [id: 0xf63bd09c, L:/127.0.0.1:58786 - R:localhost/127.0.0.1:56645] for POST '/session/307ac4dd9da650350769c52aeb12907d/element/67ee4c4e-3b6a-411d-b4b5-c924c5f062da/clear'
16:09:15.929 [AsyncHttpClient-1-5] DEBUG org.asynchttpclient.netty.handler.HttpHandler - 

Request DefaultHttpRequest(decodeResult: success, version: HTTP/1.1)
POST /session/307ac4dd9da650350769c52aeb12907d/element/67ee4c4e-3b6a-411d-b4b5-c924c5f062da/clear HTTP/1.1
User-Agent: selenium/4.1.2 (java windows)
Content-Length: 50
Content-Type: application/json; charset=utf-8
host: localhost:56645
accept: */*

Response DefaultHttpResponse(decodeResult: success, version: HTTP/1.1)
HTTP/1.1 200 OK
Content-Type: application/json; charset=utf-8
cache-control: no-cache
content-length: 14

16:09:15.929 [AsyncHttpClient-1-5] DEBUG org.asynchttpclient.netty.channel.ChannelManager - Adding key: http://localhost:56645 for channel [id: 0xf63bd09c, L:/127.0.0.1:58786 - R:localhost/127.0.0.1:56645]
16:09:15.933 [Forwarding sendKeysToElement on session 307ac4dd9da650350769c52aeb12907d to remote] DEBUG org.asynchttpclient.netty.request.NettyRequestSender - Using pooled Channel '[id: 0xf63bd09c, L:/127.0.0.1:58786 - R:localhost/127.0.0.1:56645]' for 'POST' to 'http://localhost:56645/session/307ac4dd9da650350769c52aeb12907d/element/67ee4c4e-3b6a-411d-b4b5-c924c5f062da/value'
16:09:15.933 [Forwarding sendKeysToElement on session 307ac4dd9da650350769c52aeb12907d to remote] DEBUG org.asynchttpclient.netty.request.NettyRequestSender - Using open Channel [id: 0xf63bd09c, L:/127.0.0.1:58786 - R:localhost/127.0.0.1:56645] for POST '/session/307ac4dd9da650350769c52aeb12907d/element/67ee4c4e-3b6a-411d-b4b5-c924c5f062da/value'
16:09:16.193 [AsyncHttpClient-1-5] DEBUG org.asynchttpclient.netty.handler.HttpHandler - 

Request DefaultHttpRequest(decodeResult: success, version: HTTP/1.1)
POST /session/307ac4dd9da650350769c52aeb12907d/element/67ee4c4e-3b6a-411d-b4b5-c924c5f062da/value HTTP/1.1
User-Agent: selenium/4.1.2 (java windows)
Content-Length: 171
Content-Type: application/json; charset=utf-8
host: localhost:56645
accept: */*

Response DefaultHttpResponse(decodeResult: success, version: HTTP/1.1)
HTTP/1.1 200 OK
Content-Type: application/json; charset=utf-8
cache-control: no-cache
content-length: 14

16:09:16.194 [AsyncHttpClient-1-5] DEBUG org.asynchttpclient.netty.channel.ChannelManager - Adding key: http://localhost:56645 for channel [id: 0xf63bd09c, L:/127.0.0.1:58786 - R:localhost/127.0.0.1:56645]
16:09:16.206 [Forwarding screenshot on session 307ac4dd9da650350769c52aeb12907d to remote] DEBUG org.asynchttpclient.netty.request.NettyRequestSender - Using pooled Channel '[id: 0xf63bd09c, L:/127.0.0.1:58786 - R:localhost/127.0.0.1:56645]' for 'GET' to 'http://localhost:56645/session/307ac4dd9da650350769c52aeb12907d/screenshot'
16:09:16.207 [Forwarding screenshot on session 307ac4dd9da650350769c52aeb12907d to remote] DEBUG org.asynchttpclient.netty.request.NettyRequestSender - Using open Channel [id: 0xf63bd09c, L:/127.0.0.1:58786 - R:localhost/127.0.0.1:56645] for GET '/session/307ac4dd9da650350769c52aeb12907d/screenshot'
16:09:16.602 [AsyncHttpClient-1-5] DEBUG org.asynchttpclient.netty.handler.HttpHandler - 

Request DefaultFullHttpRequest(decodeResult: success, version: HTTP/1.1, content: EmptyByteBufBE)
GET /session/307ac4dd9da650350769c52aeb12907d/screenshot HTTP/1.1
User-Agent: selenium/4.1.2 (java windows)
Cache-Control: no-cache
Content-Type: application/json; charset=utf-8
host: localhost:56645
accept: */*

Response DefaultHttpResponse(decodeResult: success, version: HTTP/1.1)
HTTP/1.1 200 OK
Content-Type: application/json; charset=utf-8
cache-control: no-cache
content-length: 403300

16:09:16.606 [AsyncHttpClient-1-5] DEBUG org.asynchttpclient.netty.channel.ChannelManager - Adding key: http://localhost:56645 for channel [id: 0xf63bd09c, L:/127.0.0.1:58786 - R:localhost/127.0.0.1:56645]
16:09:16.628 [main] DEBUG net.serenitybdd.core.photography.Darkroom - Send negative for processing for target\site\serenity\4569174296fed9445df32eec685cb1df205f0005c48eb91754e825304e811853.png
16:09:16.629 [Darkroom Processing Line] DEBUG net.serenitybdd.core.photography.DarkroomProcessingLine - Processing screenshot image in /var/screenshots/screenshot-9607048807855806083
16:09:16.629 [Darkroom Processing Line] DEBUG net.serenitybdd.core.photography.DarkroomProcessingLine - Saving screenshot to target\site\serenity\4569174296fed9445df32eec685cb1df205f0005c48eb91754e825304e811853.png
16:09:16.629 [main] DEBUG net.thucydides.core.steps.StepInterceptor - STEP DONE: inputPasswordToField
  &amp#27;[32mAnd &amp#27;[0m&amp#27;[32mI input &amp#27;[0m&amp#27;[32m&amp#27;[1m"1!KinoSu#"&amp#27;[0m&amp#27;[32m password&amp#27;[0m               &amp#27;[90m# starter.stepdefinitions.LoginSteps.iInputPassword(java.lang.String)&amp#27;[0m
16:09:16.680 [Forwarding screenshot on session 307ac4dd9da650350769c52aeb12907d to remote] DEBUG org.asynchttpclient.netty.request.NettyRequestSender - Using pooled Channel '[id: 0xf63bd09c, L:/127.0.0.1:58786 - R:localhost/127.0.0.1:56645]' for 'GET' to 'http://localhost:56645/session/307ac4dd9da650350769c52aeb12907d/screenshot'
16:09:16.680 [Forwarding screenshot on session 307ac4dd9da650350769c52aeb12907d to remote] DEBUG org.asynchttpclient.netty.request.NettyRequestSender - Using open Channel [id: 0xf63bd09c, L:/127.0.0.1:58786 - R:localhost/127.0.0.1:56645] for GET '/session/307ac4dd9da650350769c52aeb12907d/screenshot'
16:09:16.721 [AsyncHttpClient-1-1] DEBUG org.asynchttpclient.netty.channel.DefaultChannelPool - Entry count for : http://localhost:58787 : 1
16:09:17.058 [AsyncHttpClient-1-5] DEBUG org.asynchttpclient.netty.handler.HttpHandler - 

Request DefaultFullHttpRequest(decodeResult: success, version: HTTP/1.1, content: EmptyByteBufBE)
GET /session/307ac4dd9da650350769c52aeb12907d/screenshot HTTP/1.1
User-Agent: selenium/4.1.2 (java windows)
Cache-Control: no-cache
Content-Type: application/json; charset=utf-8
host: localhost:56645
accept: */*

Response DefaultHttpResponse(decodeResult: success, version: HTTP/1.1)
HTTP/1.1 200 OK
Content-Type: application/json; charset=utf-8
cache-control: no-cache
content-length: 403752

16:09:17.062 [AsyncHttpClient-1-5] DEBUG org.asynchttpclient.netty.channel.ChannelManager - Adding key: http://localhost:56645 for channel [id: 0xf63bd09c, L:/127.0.0.1:58786 - R:localhost/127.0.0.1:56645]
16:09:17.079 [main] DEBUG net.serenitybdd.core.photography.Darkroom - Send negative for processing for target\site\serenity\79f4265c4a4539f6390bc3c3f94884ba24b45fa8aba26171385365edd6dc5956.png
16:09:17.079 [main] DEBUG net.thucydides.core.steps.StepInterceptor - STARTING STEP: LoginSteps.clickLoginButton - clickLogin
16:09:17.079 [Darkroom Processing Line] DEBUG net.serenitybdd.core.photography.DarkroomProcessingLine - Processing screenshot image in /var/screenshots/screenshot-6321471148994802636
16:09:17.079 [Darkroom Processing Line] DEBUG net.serenitybdd.core.photography.DarkroomProcessingLine - Saving screenshot to target\site\serenity\79f4265c4a4539f6390bc3c3f94884ba24b45fa8aba26171385365edd6dc5956.png
16:09:17.085 [Forwarding findElement on session 307ac4dd9da650350769c52aeb12907d to remote] DEBUG org.asynchttpclient.netty.request.NettyRequestSender - Using pooled Channel '[id: 0xf63bd09c, L:/127.0.0.1:58786 - R:localhost/127.0.0.1:56645]' for 'POST' to 'http://localhost:56645/session/307ac4dd9da650350769c52aeb12907d/element'
16:09:17.085 [Forwarding findElement on session 307ac4dd9da650350769c52aeb12907d to remote] DEBUG org.asynchttpclient.netty.request.NettyRequestSender - Using open Channel [id: 0xf63bd09c, L:/127.0.0.1:58786 - R:localhost/127.0.0.1:56645] for POST '/session/307ac4dd9da650350769c52aeb12907d/element'
16:09:17.170 [AsyncHttpClient-1-5] DEBUG org.asynchttpclient.netty.handler.HttpHandler - 

Request DefaultHttpRequest(decodeResult: success, version: HTTP/1.1)
POST /session/307ac4dd9da650350769c52aeb12907d/element HTTP/1.1
User-Agent: selenium/4.1.2 (java windows)
Content-Length: 74
Content-Type: application/json; charset=utf-8
host: localhost:56645
accept: */*

Response DefaultHttpResponse(decodeResult: success, version: HTTP/1.1)
HTTP/1.1 200 OK
Content-Type: application/json; charset=utf-8
cache-control: no-cache
content-length: 88

16:09:17.171 [AsyncHttpClient-1-5] DEBUG org.asynchttpclient.netty.channel.ChannelManager - Adding key: http://localhost:56645 for channel [id: 0xf63bd09c, L:/127.0.0.1:58786 - R:localhost/127.0.0.1:56645]
16:09:17.175 [Forwarding getElementTagName on session 307ac4dd9da650350769c52aeb12907d to remote] DEBUG org.asynchttpclient.netty.request.NettyRequestSender - Using pooled Channel '[id: 0xf63bd09c, L:/127.0.0.1:58786 - R:localhost/127.0.0.1:56645]' for 'GET' to 'http://localhost:56645/session/307ac4dd9da650350769c52aeb12907d/element/251cfc3c-6c25-465c-ae04-470a97767202/name'
16:09:17.175 [Forwarding getElementTagName on session 307ac4dd9da650350769c52aeb12907d to remote] DEBUG org.asynchttpclient.netty.request.NettyRequestSender - Using open Channel [id: 0xf63bd09c, L:/127.0.0.1:58786 - R:localhost/127.0.0.1:56645] for GET '/session/307ac4dd9da650350769c52aeb12907d/element/251cfc3c-6c25-465c-ae04-470a97767202/name'
16:09:17.183 [AsyncHttpClient-1-5] DEBUG org.asynchttpclient.netty.handler.HttpHandler - 

Request DefaultFullHttpRequest(decodeResult: success, version: HTTP/1.1, content: EmptyByteBufBE)
GET /session/307ac4dd9da650350769c52aeb12907d/element/251cfc3c-6c25-465c-ae04-470a97767202/name HTTP/1.1
User-Agent: selenium/4.1.2 (java windows)
Cache-Control: no-cache
Content-Type: application/json; charset=utf-8
host: localhost:56645
accept: */*

Response DefaultHttpResponse(decodeResult: success, version: HTTP/1.1)
HTTP/1.1 200 OK
Content-Type: application/json; charset=utf-8
cache-control: no-cache
content-length: 13

16:09:17.183 [AsyncHttpClient-1-5] DEBUG org.asynchttpclient.netty.channel.ChannelManager - Adding key: http://localhost:56645 for channel [id: 0xf63bd09c, L:/127.0.0.1:58786 - R:localhost/127.0.0.1:56645]
16:09:17.188 [Forwarding getElementTagName on session 307ac4dd9da650350769c52aeb12907d to remote] DEBUG org.asynchttpclient.netty.request.NettyRequestSender - Using pooled Channel '[id: 0xf63bd09c, L:/127.0.0.1:58786 - R:localhost/127.0.0.1:56645]' for 'GET' to 'http://localhost:56645/session/307ac4dd9da650350769c52aeb12907d/element/251cfc3c-6c25-465c-ae04-470a97767202/name'
16:09:17.188 [Forwarding getElementTagName on session 307ac4dd9da650350769c52aeb12907d to remote] DEBUG org.asynchttpclient.netty.request.NettyRequestSender - Using open Channel [id: 0xf63bd09c, L:/127.0.0.1:58786 - R:localhost/127.0.0.1:56645] for GET '/session/307ac4dd9da650350769c52aeb12907d/element/251cfc3c-6c25-465c-ae04-470a97767202/name'
16:09:17.206 [AsyncHttpClient-1-5] DEBUG org.asynchttpclient.netty.handler.HttpHandler - 

Request DefaultFullHttpRequest(decodeResult: success, version: HTTP/1.1, content: EmptyByteBufBE)
GET /session/307ac4dd9da650350769c52aeb12907d/element/251cfc3c-6c25-465c-ae04-470a97767202/name HTTP/1.1
User-Agent: selenium/4.1.2 (java windows)
Cache-Control: no-cache
Content-Type: application/json; charset=utf-8
host: localhost:56645
accept: */*

Response DefaultHttpResponse(decodeResult: success, version: HTTP/1.1)
HTTP/1.1 200 OK
Content-Type: application/json; charset=utf-8
cache-control: no-cache
content-length: 13

16:09:17.206 [AsyncHttpClient-1-5] DEBUG org.asynchttpclient.netty.channel.ChannelManager - Adding key: http://localhost:56645 for channel [id: 0xf63bd09c, L:/127.0.0.1:58786 - R:localhost/127.0.0.1:56645]
16:09:17.211 [Forwarding findElement on session 307ac4dd9da650350769c52aeb12907d to remote] DEBUG org.asynchttpclient.netty.request.NettyRequestSender - Using pooled Channel '[id: 0xf63bd09c, L:/127.0.0.1:58786 - R:localhost/127.0.0.1:56645]' for 'POST' to 'http://localhost:56645/session/307ac4dd9da650350769c52aeb12907d/element'
16:09:17.211 [Forwarding findElement on session 307ac4dd9da650350769c52aeb12907d to remote] DEBUG org.asynchttpclient.netty.request.NettyRequestSender - Using open Channel [id: 0xf63bd09c, L:/127.0.0.1:58786 - R:localhost/127.0.0.1:56645] for POST '/session/307ac4dd9da650350769c52aeb12907d/element'
16:09:17.241 [AsyncHttpClient-1-5] DEBUG org.asynchttpclient.netty.handler.HttpHandler - 

Request DefaultHttpRequest(decodeResult: success, version: HTTP/1.1)
POST /session/307ac4dd9da650350769c52aeb12907d/element HTTP/1.1
User-Agent: selenium/4.1.2 (java windows)
Content-Length: 74
Content-Type: application/json; charset=utf-8
host: localhost:56645
accept: */*

Response DefaultHttpResponse(decodeResult: success, version: HTTP/1.1)
HTTP/1.1 200 OK
Content-Type: application/json; charset=utf-8
cache-control: no-cache
content-length: 88

16:09:17.242 [AsyncHttpClient-1-5] DEBUG org.asynchttpclient.netty.channel.ChannelManager - Adding key: http://localhost:56645 for channel [id: 0xf63bd09c, L:/127.0.0.1:58786 - R:localhost/127.0.0.1:56645]
16:09:17.245 [Forwarding clickElement on session 307ac4dd9da650350769c52aeb12907d to remote] DEBUG org.asynchttpclient.netty.request.NettyRequestSender - Using pooled Channel '[id: 0xf63bd09c, L:/127.0.0.1:58786 - R:localhost/127.0.0.1:56645]' for 'POST' to 'http://localhost:56645/session/307ac4dd9da650350769c52aeb12907d/element/251cfc3c-6c25-465c-ae04-470a97767202/click'
16:09:17.245 [Forwarding clickElement on session 307ac4dd9da650350769c52aeb12907d to remote] DEBUG org.asynchttpclient.netty.request.NettyRequestSender - Using open Channel [id: 0xf63bd09c, L:/127.0.0.1:58786 - R:localhost/127.0.0.1:56645] for POST '/session/307ac4dd9da650350769c52aeb12907d/element/251cfc3c-6c25-465c-ae04-470a97767202/click'
16:09:17.337 [AsyncHttpClient-1-5] DEBUG org.asynchttpclient.netty.handler.HttpHandler - 

Request DefaultHttpRequest(decodeResult: success, version: HTTP/1.1)
POST /session/307ac4dd9da650350769c52aeb12907d/element/251cfc3c-6c25-465c-ae04-470a97767202/click HTTP/1.1
User-Agent: selenium/4.1.2 (java windows)
Content-Length: 50
Content-Type: application/json; charset=utf-8
host: localhost:56645
accept: */*

Response DefaultHttpResponse(decodeResult: success, version: HTTP/1.1)
HTTP/1.1 200 OK
Content-Type: application/json; charset=utf-8
cache-control: no-cache
content-length: 14

16:09:17.338 [AsyncHttpClient-1-5] DEBUG org.asynchttpclient.netty.channel.ChannelManager - Adding key: http://localhost:56645 for channel [id: 0xf63bd09c, L:/127.0.0.1:58786 - R:localhost/127.0.0.1:56645]
16:09:17.352 [Forwarding findElement on session 307ac4dd9da650350769c52aeb12907d to remote] DEBUG org.asynchttpclient.netty.request.NettyRequestSender - Using pooled Channel '[id: 0xf63bd09c, L:/127.0.0.1:58786 - R:localhost/127.0.0.1:56645]' for 'POST' to 'http://localhost:56645/session/307ac4dd9da650350769c52aeb12907d/element'
16:09:17.352 [Forwarding findElement on session 307ac4dd9da650350769c52aeb12907d to remote] DEBUG org.asynchttpclient.netty.request.NettyRequestSender - Using open Channel [id: 0xf63bd09c, L:/127.0.0.1:58786 - R:localhost/127.0.0.1:56645] for POST '/session/307ac4dd9da650350769c52aeb12907d/element'
16:09:17.391 [AsyncHttpClient-1-5] DEBUG org.asynchttpclient.netty.handler.HttpHandler - 

Request DefaultHttpRequest(decodeResult: success, version: HTTP/1.1)
POST /session/307ac4dd9da650350769c52aeb12907d/element HTTP/1.1
User-Agent: selenium/4.1.2 (java windows)
Content-Length: 50
Content-Type: application/json; charset=utf-8
host: localhost:56645
accept: */*

Response DefaultHttpResponse(decodeResult: success, version: HTTP/1.1)
HTTP/1.1 200 OK
Content-Type: application/json; charset=utf-8
cache-control: no-cache
content-length: 88

16:09:17.392 [AsyncHttpClient-1-5] DEBUG org.asynchttpclient.netty.channel.ChannelManager - Adding key: http://localhost:56645 for channel [id: 0xf63bd09c, L:/127.0.0.1:58786 - R:localhost/127.0.0.1:56645]
16:09:17.397 [Forwarding getElementTagName on session 307ac4dd9da650350769c52aeb12907d to remote] DEBUG org.asynchttpclient.netty.request.NettyRequestSender - Using pooled Channel '[id: 0xf63bd09c, L:/127.0.0.1:58786 - R:localhost/127.0.0.1:56645]' for 'GET' to 'http://localhost:56645/session/307ac4dd9da650350769c52aeb12907d/element/a555cb88-d545-47be-bc68-1dcf6ff9478e/name'
16:09:17.398 [Forwarding getElementTagName on session 307ac4dd9da650350769c52aeb12907d to remote] DEBUG org.asynchttpclient.netty.request.NettyRequestSender - Using open Channel [id: 0xf63bd09c, L:/127.0.0.1:58786 - R:localhost/127.0.0.1:56645] for GET '/session/307ac4dd9da650350769c52aeb12907d/element/a555cb88-d545-47be-bc68-1dcf6ff9478e/name'
16:09:17.531 [AsyncHttpClient-1-5] DEBUG org.asynchttpclient.netty.handler.HttpHandler - 

Request DefaultFullHttpRequest(decodeResult: success, version: HTTP/1.1, content: EmptyByteBufBE)
GET /session/307ac4dd9da650350769c52aeb12907d/element/a555cb88-d545-47be-bc68-1dcf6ff9478e/name HTTP/1.1
User-Agent: selenium/4.1.2 (java windows)
Cache-Control: no-cache
Content-Type: application/json; charset=utf-8
host: localhost:56645
accept: */*

Response DefaultHttpResponse(decodeResult: success, version: HTTP/1.1)
HTTP/1.1 200 OK
Content-Type: application/json; charset=utf-8
cache-control: no-cache
content-length: 18

16:09:17.532 [AsyncHttpClient-1-5] DEBUG org.asynchttpclient.netty.channel.ChannelManager - Adding key: http://localhost:56645 for channel [id: 0xf63bd09c, L:/127.0.0.1:58786 - R:localhost/127.0.0.1:56645]
16:09:17.536 [Forwarding getElementTagName on session 307ac4dd9da650350769c52aeb12907d to remote] DEBUG org.asynchttpclient.netty.request.NettyRequestSender - Using pooled Channel '[id: 0xf63bd09c, L:/127.0.0.1:58786 - R:localhost/127.0.0.1:56645]' for 'GET' to 'http://localhost:56645/session/307ac4dd9da650350769c52aeb12907d/element/a555cb88-d545-47be-bc68-1dcf6ff9478e/name'
16:09:17.536 [Forwarding getElementTagName on session 307ac4dd9da650350769c52aeb12907d to remote] DEBUG org.asynchttpclient.netty.request.NettyRequestSender - Using open Channel [id: 0xf63bd09c, L:/127.0.0.1:58786 - R:localhost/127.0.0.1:56645] for GET '/session/307ac4dd9da650350769c52aeb12907d/element/a555cb88-d545-47be-bc68-1dcf6ff9478e/name'
16:09:17.545 [AsyncHttpClient-1-5] DEBUG org.asynchttpclient.netty.handler.HttpHandler - 

Request DefaultFullHttpRequest(decodeResult: success, version: HTTP/1.1, content: EmptyByteBufBE)
GET /session/307ac4dd9da650350769c52aeb12907d/element/a555cb88-d545-47be-bc68-1dcf6ff9478e/name HTTP/1.1
User-Agent: selenium/4.1.2 (java windows)
Cache-Control: no-cache
Content-Type: application/json; charset=utf-8
host: localhost:56645
accept: */*

Response DefaultHttpResponse(decodeResult: success, version: HTTP/1.1)
HTTP/1.1 200 OK
Content-Type: application/json; charset=utf-8
cache-control: no-cache
content-length: 18

16:09:17.546 [AsyncHttpClient-1-5] DEBUG org.asynchttpclient.netty.channel.ChannelManager - Adding key: http://localhost:56645 for channel [id: 0xf63bd09c, L:/127.0.0.1:58786 - R:localhost/127.0.0.1:56645]
16:09:17.554 [Forwarding isElementEnabled on session 307ac4dd9da650350769c52aeb12907d to remote] DEBUG org.asynchttpclient.netty.request.NettyRequestSender - Using pooled Channel '[id: 0xf63bd09c, L:/127.0.0.1:58786 - R:localhost/127.0.0.1:56645]' for 'GET' to 'http://localhost:56645/session/307ac4dd9da650350769c52aeb12907d/element/a555cb88-d545-47be-bc68-1dcf6ff9478e/enabled'
16:09:17.554 [Forwarding isElementEnabled on session 307ac4dd9da650350769c52aeb12907d to remote] DEBUG org.asynchttpclient.netty.request.NettyRequestSender - Using open Channel [id: 0xf63bd09c, L:/127.0.0.1:58786 - R:localhost/127.0.0.1:56645] for GET '/session/307ac4dd9da650350769c52aeb12907d/element/a555cb88-d545-47be-bc68-1dcf6ff9478e/enabled'
16:09:17.576 [AsyncHttpClient-1-5] DEBUG org.asynchttpclient.netty.handler.HttpHandler - 

Request DefaultFullHttpRequest(decodeResult: success, version: HTTP/1.1, content: EmptyByteBufBE)
GET /session/307ac4dd9da650350769c52aeb12907d/element/a555cb88-d545-47be-bc68-1dcf6ff9478e/enabled HTTP/1.1
User-Agent: selenium/4.1.2 (java windows)
Cache-Control: no-cache
Content-Type: application/json; charset=utf-8
host: localhost:56645
accept: */*

Response DefaultHttpResponse(decodeResult: success, version: HTTP/1.1)
HTTP/1.1 200 OK
Content-Type: application/json; charset=utf-8
cache-control: no-cache
content-length: 14

16:09:17.576 [AsyncHttpClient-1-5] DEBUG org.asynchttpclient.netty.channel.ChannelManager - Adding key: http://localhost:56645 for channel [id: 0xf63bd09c, L:/127.0.0.1:58786 - R:localhost/127.0.0.1:56645]
16:09:17.582 [Forwarding isElementEnabled on session 307ac4dd9da650350769c52aeb12907d to remote] DEBUG org.asynchttpclient.netty.request.NettyRequestSender - Using pooled Channel '[id: 0xf63bd09c, L:/127.0.0.1:58786 - R:localhost/127.0.0.1:56645]' for 'GET' to 'http://localhost:56645/session/307ac4dd9da650350769c52aeb12907d/element/a555cb88-d545-47be-bc68-1dcf6ff9478e/enabled'
16:09:17.582 [Forwarding isElementEnabled on session 307ac4dd9da650350769c52aeb12907d to remote] DEBUG org.asynchttpclient.netty.request.NettyRequestSender - Using open Channel [id: 0xf63bd09c, L:/127.0.0.1:58786 - R:localhost/127.0.0.1:56645] for GET '/session/307ac4dd9da650350769c52aeb12907d/element/a555cb88-d545-47be-bc68-1dcf6ff9478e/enabled'
16:09:17.596 [AsyncHttpClient-1-5] DEBUG org.asynchttpclient.netty.handler.HttpHandler - 

Request DefaultFullHttpRequest(decodeResult: success, version: HTTP/1.1, content: EmptyByteBufBE)
GET /session/307ac4dd9da650350769c52aeb12907d/element/a555cb88-d545-47be-bc68-1dcf6ff9478e/enabled HTTP/1.1
User-Agent: selenium/4.1.2 (java windows)
Cache-Control: no-cache
Content-Type: application/json; charset=utf-8
host: localhost:56645
accept: */*

Response DefaultHttpResponse(decodeResult: success, version: HTTP/1.1)
HTTP/1.1 200 OK
Content-Type: application/json; charset=utf-8
cache-control: no-cache
content-length: 14

16:09:17.597 [AsyncHttpClient-1-5] DEBUG org.asynchttpclient.netty.channel.ChannelManager - Adding key: http://localhost:56645 for channel [id: 0xf63bd09c, L:/127.0.0.1:58786 - R:localhost/127.0.0.1:56645]
16:09:17.603 [Forwarding findElement on session 307ac4dd9da650350769c52aeb12907d to remote] DEBUG org.asynchttpclient.netty.request.NettyRequestSender - Using pooled Channel '[id: 0xf63bd09c, L:/127.0.0.1:58786 - R:localhost/127.0.0.1:56645]' for 'POST' to 'http://localhost:56645/session/307ac4dd9da650350769c52aeb12907d/element'
16:09:17.603 [Forwarding findElement on session 307ac4dd9da650350769c52aeb12907d to remote] DEBUG org.asynchttpclient.netty.request.NettyRequestSender - Using open Channel [id: 0xf63bd09c, L:/127.0.0.1:58786 - R:localhost/127.0.0.1:56645] for POST '/session/307ac4dd9da650350769c52aeb12907d/element'
16:09:17.620 [AsyncHttpClient-1-5] DEBUG org.asynchttpclient.netty.handler.HttpHandler - 

Request DefaultHttpRequest(decodeResult: success, version: HTTP/1.1)
POST /session/307ac4dd9da650350769c52aeb12907d/element HTTP/1.1
User-Agent: selenium/4.1.2 (java windows)
Content-Length: 50
Content-Type: application/json; charset=utf-8
host: localhost:56645
accept: */*

Response DefaultHttpResponse(decodeResult: success, version: HTTP/1.1)
HTTP/1.1 200 OK
Content-Type: application/json; charset=utf-8
cache-control: no-cache
content-length: 88

16:09:17.621 [AsyncHttpClient-1-5] DEBUG org.asynchttpclient.netty.channel.ChannelManager - Adding key: http://localhost:56645 for channel [id: 0xf63bd09c, L:/127.0.0.1:58786 - R:localhost/127.0.0.1:56645]
16:09:17.626 [Forwarding clickElement on session 307ac4dd9da650350769c52aeb12907d to remote] DEBUG org.asynchttpclient.netty.request.NettyRequestSender - Using pooled Channel '[id: 0xf63bd09c, L:/127.0.0.1:58786 - R:localhost/127.0.0.1:56645]' for 'POST' to 'http://localhost:56645/session/307ac4dd9da650350769c52aeb12907d/element/a555cb88-d545-47be-bc68-1dcf6ff9478e/click'
16:09:17.626 [Forwarding clickElement on session 307ac4dd9da650350769c52aeb12907d to remote] DEBUG org.asynchttpclient.netty.request.NettyRequestSender - Using open Channel [id: 0xf63bd09c, L:/127.0.0.1:58786 - R:localhost/127.0.0.1:56645] for POST '/session/307ac4dd9da650350769c52aeb12907d/element/a555cb88-d545-47be-bc68-1dcf6ff9478e/click'
16:09:17.763 [AsyncHttpClient-1-5] DEBUG org.asynchttpclient.netty.handler.HttpHandler - 

Request DefaultHttpRequest(decodeResult: success, version: HTTP/1.1)
POST /session/307ac4dd9da650350769c52aeb12907d/element/a555cb88-d545-47be-bc68-1dcf6ff9478e/click HTTP/1.1
User-Agent: selenium/4.1.2 (java windows)
Content-Length: 50
Content-Type: application/json; charset=utf-8
host: localhost:56645
accept: */*

Response DefaultHttpResponse(decodeResult: success, version: HTTP/1.1)
HTTP/1.1 200 OK
Content-Type: application/json; charset=utf-8
cache-control: no-cache
content-length: 14

16:09:17.764 [AsyncHttpClient-1-5] DEBUG org.asynchttpclient.netty.channel.ChannelManager - Adding key: http://localhost:56645 for channel [id: 0xf63bd09c, L:/127.0.0.1:58786 - R:localhost/127.0.0.1:56645]
16:09:17.780 [Forwarding screenshot on session 307ac4dd9da650350769c52aeb12907d to remote] DEBUG org.asynchttpclient.netty.request.NettyRequestSender - Using pooled Channel '[id: 0xf63bd09c, L:/127.0.0.1:58786 - R:localhost/127.0.0.1:56645]' for 'GET' to 'http://localhost:56645/session/307ac4dd9da650350769c52aeb12907d/screenshot'
16:09:17.780 [Forwarding screenshot on session 307ac4dd9da650350769c52aeb12907d to remote] DEBUG org.asynchttpclient.netty.request.NettyRequestSender - Using open Channel [id: 0xf63bd09c, L:/127.0.0.1:58786 - R:localhost/127.0.0.1:56645] for GET '/session/307ac4dd9da650350769c52aeb12907d/screenshot'
16:09:17.855 [AsyncHttpClient-1-1] DEBUG org.asynchttpclient.netty.channel.DefaultChannelPool - Entry count for : http://localhost:58787 : 1
16:09:18.427 [AsyncHttpClient-1-5] DEBUG org.asynchttpclient.netty.handler.HttpHandler - 

Request DefaultFullHttpRequest(decodeResult: success, version: HTTP/1.1, content: EmptyByteBufBE)
GET /session/307ac4dd9da650350769c52aeb12907d/screenshot HTTP/1.1
User-Agent: selenium/4.1.2 (java windows)
Cache-Control: no-cache
Content-Type: application/json; charset=utf-8
host: localhost:56645
accept: */*

Response DefaultHttpResponse(decodeResult: success, version: HTTP/1.1)
HTTP/1.1 200 OK
Content-Type: application/json; charset=utf-8
cache-control: no-cache
content-length: 287308

16:09:18.431 [AsyncHttpClient-1-5] DEBUG org.asynchttpclient.netty.channel.ChannelManager - Adding key: http://localhost:56645 for channel [id: 0xf63bd09c, L:/127.0.0.1:58786 - R:localhost/127.0.0.1:56645]
16:09:18.453 [main] DEBUG net.serenitybdd.core.photography.Darkroom - Send negative for processing for target\site\serenity\d65dd0b3eafc65dda0775e2b7d7bac25c81ba49e01927a21093d48ac6b1db5f6.png
16:09:18.454 [main] DEBUG net.thucydides.core.steps.StepInterceptor - STEP DONE: clickLogin
  &amp#27;[32mAnd &amp#27;[0m&amp#27;[32mclick login button&amp#27;[0m                         &amp#27;[90m# starter.stepdefinitions.LoginSteps.clickLoginButton()&amp#27;[0m
16:09:18.525 [Forwarding screenshot on session 307ac4dd9da650350769c52aeb12907d to remote] DEBUG org.asynchttpclient.netty.request.NettyRequestSender - Using pooled Channel '[id: 0xf63bd09c, L:/127.0.0.1:58786 - R:localhost/127.0.0.1:56645]' for 'GET' to 'http://localhost:56645/session/307ac4dd9da650350769c52aeb12907d/screenshot'
16:09:18.525 [Forwarding screenshot on session 307ac4dd9da650350769c52aeb12907d to remote] DEBUG org.asynchttpclient.netty.request.NettyRequestSender - Using open Channel [id: 0xf63bd09c, L:/127.0.0.1:58786 - R:localhost/127.0.0.1:56645] for GET '/session/307ac4dd9da650350769c52aeb12907d/screenshot'
16:09:18.954 [AsyncHttpClient-1-1] DEBUG org.asynchttpclient.netty.channel.DefaultChannelPool - Entry count for : http://localhost:58787 : 1
16:09:19.186 [AsyncHttpClient-1-5] DEBUG org.asynchttpclient.netty.handler.HttpHandler - 

Request DefaultFullHttpRequest(decodeResult: success, version: HTTP/1.1, content: EmptyByteBufBE)
GET /session/307ac4dd9da650350769c52aeb12907d/screenshot HTTP/1.1
User-Agent: selenium/4.1.2 (java windows)
Cache-Control: no-cache
Content-Type: application/json; charset=utf-8
host: localhost:56645
accept: */*

Response DefaultHttpResponse(decodeResult: success, version: HTTP/1.1)
HTTP/1.1 200 OK
Content-Type: application/json; charset=utf-8
cache-control: no-cache
content-length: 287308

16:09:19.189 [AsyncHttpClient-1-5] DEBUG org.asynchttpclient.netty.channel.ChannelManager - Adding key: http://localhost:56645 for channel [id: 0xf63bd09c, L:/127.0.0.1:58786 - R:localhost/127.0.0.1:56645]
16:09:19.255 [main] DEBUG net.serenitybdd.core.photography.Darkroom - Send negative for processing for target\site\serenity\d65dd0b3eafc65dda0775e2b7d7bac25c81ba49e01927a21093d48ac6b1db5f6.png
16:09:19.255 [main] DEBUG net.thucydides.core.steps.StepInterceptor - STARTING STEP: LoginSteps.iGetThe - errorMessageAlert
16:09:19.286 [Forwarding findElement on session 307ac4dd9da650350769c52aeb12907d to remote] DEBUG org.asynchttpclient.netty.request.NettyRequestSender - Using pooled Channel '[id: 0xf63bd09c, L:/127.0.0.1:58786 - R:localhost/127.0.0.1:56645]' for 'POST' to 'http://localhost:56645/session/307ac4dd9da650350769c52aeb12907d/element'
16:09:19.287 [Forwarding findElement on session 307ac4dd9da650350769c52aeb12907d to remote] DEBUG org.asynchttpclient.netty.request.NettyRequestSender - Using open Channel [id: 0xf63bd09c, L:/127.0.0.1:58786 - R:localhost/127.0.0.1:56645] for POST '/session/307ac4dd9da650350769c52aeb12907d/element'
16:09:19.664 [AsyncHttpClient-1-5] DEBUG org.asynchttpclient.netty.handler.HttpHandler - 

Request DefaultHttpRequest(decodeResult: success, version: HTTP/1.1)
POST /session/307ac4dd9da650350769c52aeb12907d/element HTTP/1.1
User-Agent: selenium/4.1.2 (java windows)
Content-Length: 49
Content-Type: application/json; charset=utf-8
host: localhost:56645
accept: */*

Response DefaultHttpResponse(decodeResult: success, version: HTTP/1.1)
HTTP/1.1 200 OK
Content-Type: application/json; charset=utf-8
cache-control: no-cache
content-length: 88

16:09:19.666 [AsyncHttpClient-1-5] DEBUG org.asynchttpclient.netty.channel.ChannelManager - Adding key: http://localhost:56645 for channel [id: 0xf63bd09c, L:/127.0.0.1:58786 - R:localhost/127.0.0.1:56645]
16:09:19.673 [Forwarding getElementText on session 307ac4dd9da650350769c52aeb12907d to remote] DEBUG org.asynchttpclient.netty.request.NettyRequestSender - Using pooled Channel '[id: 0xf63bd09c, L:/127.0.0.1:58786 - R:localhost/127.0.0.1:56645]' for 'GET' to 'http://localhost:56645/session/307ac4dd9da650350769c52aeb12907d/element/62ae39a7-e38e-47f9-b1db-37ce540b79af/text'
16:09:19.673 [Forwarding getElementText on session 307ac4dd9da650350769c52aeb12907d to remote] DEBUG org.asynchttpclient.netty.request.NettyRequestSender - Using open Channel [id: 0xf63bd09c, L:/127.0.0.1:58786 - R:localhost/127.0.0.1:56645] for GET '/session/307ac4dd9da650350769c52aeb12907d/element/62ae39a7-e38e-47f9-b1db-37ce540b79af/text'
16:09:19.733 [AsyncHttpClient-1-5] DEBUG org.asynchttpclient.netty.handler.HttpHandler - 

Request DefaultFullHttpRequest(decodeResult: success, version: HTTP/1.1, content: EmptyByteBufBE)
GET /session/307ac4dd9da650350769c52aeb12907d/element/62ae39a7-e38e-47f9-b1db-37ce540b79af/text HTTP/1.1
User-Agent: selenium/4.1.2 (java windows)
Cache-Control: no-cache
Content-Type: application/json; charset=utf-8
host: localhost:56645
accept: */*

Response DefaultHttpResponse(decodeResult: success, version: HTTP/1.1)
HTTP/1.1 200 OK
Content-Type: application/json; charset=utf-8
cache-control: no-cache
content-length: 41

16:09:19.734 [AsyncHttpClient-1-5] DEBUG org.asynchttpclient.netty.channel.ChannelManager - Adding key: http://localhost:56645 for channel [id: 0xf63bd09c, L:/127.0.0.1:58786 - R:localhost/127.0.0.1:56645]
16:09:19.748 [Forwarding screenshot on session 307ac4dd9da650350769c52aeb12907d to remote] DEBUG org.asynchttpclient.netty.request.NettyRequestSender - Using pooled Channel '[id: 0xf63bd09c, L:/127.0.0.1:58786 - R:localhost/127.0.0.1:56645]' for 'GET' to 'http://localhost:56645/session/307ac4dd9da650350769c52aeb12907d/screenshot'
16:09:19.748 [Forwarding screenshot on session 307ac4dd9da650350769c52aeb12907d to remote] DEBUG org.asynchttpclient.netty.request.NettyRequestSender - Using open Channel [id: 0xf63bd09c, L:/127.0.0.1:58786 - R:localhost/127.0.0.1:56645] for GET '/session/307ac4dd9da650350769c52aeb12907d/screenshot'
16:09:20.023 [AsyncHttpClient-1-1] DEBUG org.asynchttpclient.netty.channel.DefaultChannelPool - Entry count for : http://localhost:58787 : 1
16:09:20.249 [AsyncHttpClient-1-5] DEBUG org.asynchttpclient.netty.handler.HttpHandler - 

Request DefaultFullHttpRequest(decodeResult: success, version: HTTP/1.1, content: EmptyByteBufBE)
GET /session/307ac4dd9da650350769c52aeb12907d/screenshot HTTP/1.1
User-Agent: selenium/4.1.2 (java windows)
Cache-Control: no-cache
Content-Type: application/json; charset=utf-8
host: localhost:56645
accept: */*

Response DefaultHttpResponse(decodeResult: success, version: HTTP/1.1)
HTTP/1.1 200 OK
Content-Type: application/json; charset=utf-8
cache-control: no-cache
content-length: 312920

16:09:20.251 [AsyncHttpClient-1-5] DEBUG org.asynchttpclient.netty.channel.ChannelManager - Adding key: http://localhost:56645 for channel [id: 0xf63bd09c, L:/127.0.0.1:58786 - R:localhost/127.0.0.1:56645]
16:09:20.264 [main] DEBUG net.serenitybdd.core.photography.Darkroom - Send negative for processing for target\site\serenity\2eed80c60a8d7efdea18eb02513f5efdd7071b078733a1fa43ea43ff4db4434b.png
16:09:20.264 [main] DEBUG net.thucydides.core.steps.StepInterceptor - STEP DONE: errorMessageAlert
16:09:20.264 [Darkroom Processing Line] DEBUG net.serenitybdd.core.photography.DarkroomProcessingLine - Processing screenshot image in /var/screenshots/screenshot-15692419036829904623
16:09:20.265 [Darkroom Processing Line] DEBUG net.serenitybdd.core.photography.DarkroomProcessingLine - Saving screenshot to target\site\serenity\2eed80c60a8d7efdea18eb02513f5efdd7071b078733a1fa43ea43ff4db4434b.png
16:09:20.276 [main] DEBUG net.thucydides.core.steps.StepInterceptor - STARTING STEP: LoginSteps.iGetThe - headerTextLogin
16:09:20.282 [Forwarding findElement on session 307ac4dd9da650350769c52aeb12907d to remote] DEBUG org.asynchttpclient.netty.request.NettyRequestSender - Using pooled Channel '[id: 0xf63bd09c, L:/127.0.0.1:58786 - R:localhost/127.0.0.1:56645]' for 'POST' to 'http://localhost:56645/session/307ac4dd9da650350769c52aeb12907d/element'
16:09:20.282 [Forwarding findElement on session 307ac4dd9da650350769c52aeb12907d to remote] DEBUG org.asynchttpclient.netty.request.NettyRequestSender - Using open Channel [id: 0xf63bd09c, L:/127.0.0.1:58786 - R:localhost/127.0.0.1:56645] for POST '/session/307ac4dd9da650350769c52aeb12907d/element'
16:09:20.288 [AsyncHttpClient-1-5] DEBUG org.asynchttpclient.netty.handler.HttpHandler - 

Request DefaultHttpRequest(decodeResult: success, version: HTTP/1.1)
POST /session/307ac4dd9da650350769c52aeb12907d/element HTTP/1.1
User-Agent: selenium/4.1.2 (java windows)
Content-Length: 48
Content-Type: application/json; charset=utf-8
host: localhost:56645
accept: */*

Response DefaultHttpResponse(decodeResult: success, version: HTTP/1.1)
HTTP/1.1 400 Bad Request
Content-Type: application/json; charset=utf-8
cache-control: no-cache
content-length: 987

16:09:20.288 [AsyncHttpClient-1-5] DEBUG org.asynchttpclient.netty.channel.ChannelManager - Adding key: http://localhost:56645 for channel [id: 0xf63bd09c, L:/127.0.0.1:58786 - R:localhost/127.0.0.1:56645]
16:09:20.315 [Forwarding findElement on session 307ac4dd9da650350769c52aeb12907d to remote] DEBUG org.asynchttpclient.netty.request.NettyRequestSender - Using pooled Channel '[id: 0xf63bd09c, L:/127.0.0.1:58786 - R:localhost/127.0.0.1:56645]' for 'POST' to 'http://localhost:56645/session/307ac4dd9da650350769c52aeb12907d/element'
16:09:20.315 [Forwarding findElement on session 307ac4dd9da650350769c52aeb12907d to remote] DEBUG org.asynchttpclient.netty.request.NettyRequestSender - Using open Channel [id: 0xf63bd09c, L:/127.0.0.1:58786 - R:localhost/127.0.0.1:56645] for POST '/session/307ac4dd9da650350769c52aeb12907d/element'
16:09:20.345 [AsyncHttpClient-1-5] DEBUG org.asynchttpclient.netty.handler.HttpHandler - 

Request DefaultHttpRequest(decodeResult: success, version: HTTP/1.1)
POST /session/307ac4dd9da650350769c52aeb12907d/element HTTP/1.1
User-Agent: selenium/4.1.2 (java windows)
Content-Length: 58
Content-Type: application/json; charset=utf-8
host: localhost:56645
accept: */*

Response DefaultHttpResponse(decodeResult: success, version: HTTP/1.1)
HTTP/1.1 200 OK
Content-Type: application/json; charset=utf-8
cache-control: no-cache
content-length: 88

16:09:20.345 [AsyncHttpClient-1-5] DEBUG org.asynchttpclient.netty.channel.ChannelManager - Adding key: http://localhost:56645 for channel [id: 0xf63bd09c, L:/127.0.0.1:58786 - R:localhost/127.0.0.1:56645]
16:09:20.348 [Forwarding getElementText on session 307ac4dd9da650350769c52aeb12907d to remote] DEBUG org.asynchttpclient.netty.request.NettyRequestSender - Using pooled Channel '[id: 0xf63bd09c, L:/127.0.0.1:58786 - R:localhost/127.0.0.1:56645]' for 'GET' to 'http://localhost:56645/session/307ac4dd9da650350769c52aeb12907d/element/35478e5c-c1c3-4081-a512-b40669fa37eb/text'
16:09:20.348 [Forwarding getElementText on session 307ac4dd9da650350769c52aeb12907d to remote] DEBUG org.asynchttpclient.netty.request.NettyRequestSender - Using open Channel [id: 0xf63bd09c, L:/127.0.0.1:58786 - R:localhost/127.0.0.1:56645] for GET '/session/307ac4dd9da650350769c52aeb12907d/element/35478e5c-c1c3-4081-a512-b40669fa37eb/text'
16:09:20.369 [AsyncHttpClient-1-5] DEBUG org.asynchttpclient.netty.handler.HttpHandler - 

Request DefaultFullHttpRequest(decodeResult: success, version: HTTP/1.1, content: EmptyByteBufBE)
GET /session/307ac4dd9da650350769c52aeb12907d/element/35478e5c-c1c3-4081-a512-b40669fa37eb/text HTTP/1.1
User-Agent: selenium/4.1.2 (java windows)
Cache-Control: no-cache
Content-Type: application/json; charset=utf-8
host: localhost:56645
accept: */*

Response DefaultHttpResponse(decodeResult: success, version: HTTP/1.1)
HTTP/1.1 200 OK
Content-Type: application/json; charset=utf-8
cache-control: no-cache
content-length: 17

16:09:20.370 [AsyncHttpClient-1-5] DEBUG org.asynchttpclient.netty.channel.ChannelManager - Adding key: http://localhost:56645 for channel [id: 0xf63bd09c, L:/127.0.0.1:58786 - R:localhost/127.0.0.1:56645]
16:09:20.379 [Forwarding screenshot on session 307ac4dd9da650350769c52aeb12907d to remote] DEBUG org.asynchttpclient.netty.request.NettyRequestSender - Using pooled Channel '[id: 0xf63bd09c, L:/127.0.0.1:58786 - R:localhost/127.0.0.1:56645]' for 'GET' to 'http://localhost:56645/session/307ac4dd9da650350769c52aeb12907d/screenshot'
16:09:20.380 [Forwarding screenshot on session 307ac4dd9da650350769c52aeb12907d to remote] DEBUG org.asynchttpclient.netty.request.NettyRequestSender - Using open Channel [id: 0xf63bd09c, L:/127.0.0.1:58786 - R:localhost/127.0.0.1:56645] for GET '/session/307ac4dd9da650350769c52aeb12907d/screenshot'
16:09:20.815 [AsyncHttpClient-1-5] DEBUG org.asynchttpclient.netty.handler.HttpHandler - 

Request DefaultFullHttpRequest(decodeResult: success, version: HTTP/1.1, content: EmptyByteBufBE)
GET /session/307ac4dd9da650350769c52aeb12907d/screenshot HTTP/1.1
User-Agent: selenium/4.1.2 (java windows)
Cache-Control: no-cache
Content-Type: application/json; charset=utf-8
host: localhost:56645
accept: */*

Response DefaultHttpResponse(decodeResult: success, version: HTTP/1.1)
HTTP/1.1 200 OK
Content-Type: application/json; charset=utf-8
cache-control: no-cache
content-length: 312920

16:09:20.817 [AsyncHttpClient-1-5] DEBUG org.asynchttpclient.netty.channel.ChannelManager - Adding key: http://localhost:56645 for channel [id: 0xf63bd09c, L:/127.0.0.1:58786 - R:localhost/127.0.0.1:56645]
16:09:20.828 [main] DEBUG net.serenitybdd.core.photography.Darkroom - Send negative for processing for target\site\serenity\2eed80c60a8d7efdea18eb02513f5efdd7071b078733a1fa43ea43ff4db4434b.png
16:09:20.829 [main] DEBUG net.thucydides.core.steps.StepInterceptor - STEP DONE: headerTextLogin
  &amp#27;[32mThen &amp#27;[0m&amp#27;[32mI get the &amp#27;[0m&amp#27;[32m&amp#27;[1m"Invalid username or password!"&amp#27;[0m &amp#27;[90m# starter.stepdefinitions.LoginSteps.iGetThe(java.lang.String)&amp#27;[0m
16:09:20.846 [AsyncHttpClient-1-7] DEBUG org.asynchttpclient.netty.handler.WebSocketHandler - Channel Closed: [id: 0xb603bb1f, L:/127.0.0.1:58796 ! R:localhost/127.0.0.1:58787] with attribute NettyResponseFuture{currentRetry=5,
	isDone=1,
	isCancelled=0,
	asyncHandler=org.asynchttpclient.ws.WebSocketUpgradeHandler@37970ed4,
	nettyRequest=org.asynchttpclient.netty.request.NettyRequest@72958642,
	future=java.util.concurrent.CompletableFuture@34118ff1[Completed normally],
	uri=ws://localhost:58787/devtools/browser/71d96626-74cc-4857-a7ad-c6e0c4a01da5,
	keepAlive=true,
	redirectCount=0,
	timeoutsHolder=null,
	inAuth=0,
	touch=1648717738501}
16:09:20.846 [AsyncHttpClient-1-7] DEBUG org.asynchttpclient.netty.channel.ChannelManager - Closing Channel [id: 0xb603bb1f, L:/127.0.0.1:58796 ! R:localhost/127.0.0.1:58787] 
16:09:20.849 [Driver Command Executor] DEBUG org.asynchttpclient.netty.request.NettyRequestSender - Using pooled Channel '[id: 0xf63bd09c, L:/127.0.0.1:58786 - R:localhost/127.0.0.1:56645]' for 'DELETE' to 'http://localhost:56645/session/307ac4dd9da650350769c52aeb12907d'
16:09:20.849 [Driver Command Executor] DEBUG org.asynchttpclient.netty.request.NettyRequestSender - Using open Channel [id: 0xf63bd09c, L:/127.0.0.1:58786 - R:localhost/127.0.0.1:56645] for DELETE '/session/307ac4dd9da650350769c52aeb12907d'
16:09:21.117 [AsyncHttpClient-1-1] DEBUG org.asynchttpclient.netty.channel.DefaultChannelPool - Entry count for : http://localhost:58787 : 1
16:09:21.559 [AsyncHttpClient-1-6] DEBUG org.asynchttpclient.netty.handler.HttpHandler - Unexpected I/O exception on channel [id: 0xc9541a9c, L:/127.0.0.1:58795 - R:localhost/127.0.0.1:58787]
java.net.SocketException: Connection reset
	at java.base/sun.nio.ch.SocketChannelImpl.throwConnectionReset(SocketChannelImpl.java:367)
	at java.base/sun.nio.ch.SocketChannelImpl.read(SocketChannelImpl.java:398)
	at io.netty.buffer.PooledByteBuf.setBytes(PooledByteBuf.java:258)
	at io.netty.buffer.AbstractByteBuf.writeBytes(AbstractByteBuf.java:1132)
	at io.netty.channel.socket.nio.NioSocketChannel.doReadBytes(NioSocketChannel.java:350)
	at io.netty.channel.nio.AbstractNioByteChannel$NioByteUnsafe.read(AbstractNioByteChannel.java:151)
	at io.netty.channel.nio.NioEventLoop.processSelectedKey(NioEventLoop.java:722)
	at io.netty.channel.nio.NioEventLoop.processSelectedKeysOptimized(NioEventLoop.java:658)
	at io.netty.channel.nio.NioEventLoop.processSelectedKeys(NioEventLoop.java:584)
	at io.netty.channel.nio.NioEventLoop.run(NioEventLoop.java:496)
	at io.netty.util.concurrent.SingleThreadEventExecutor$4.run(SingleThreadEventExecutor.java:986)
	at io.netty.util.internal.ThreadExecutorMap$2.run(ThreadExecutorMap.java:74)
	at io.netty.util.concurrent.FastThreadLocalRunnable.run(FastThreadLocalRunnable.java:30)
	at java.base/java.lang.Thread.run(Thread.java:832)
16:09:21.559 [AsyncHttpClient-1-6] DEBUG org.asynchttpclient.netty.channel.ChannelManager - Closing Channel [id: 0xc9541a9c, L:/127.0.0.1:58795 - R:localhost/127.0.0.1:58787] 
16:09:21.559 [AsyncHttpClient-1-6] DEBUG org.asynchttpclient.netty.handler.HttpHandler - Channel Closed: [id: 0xc9541a9c, L:/127.0.0.1:58795 ! R:localhost/127.0.0.1:58787] with attribute DISCARD
16:09:21.667 [AsyncHttpClient-1-5] DEBUG org.asynchttpclient.netty.handler.HttpHandler - 

Request DefaultFullHttpRequest(decodeResult: success, version: HTTP/1.1, content: EmptyByteBufBE)
DELETE /session/307ac4dd9da650350769c52aeb12907d HTTP/1.1
User-Agent: selenium/4.1.2 (java windows)
Content-Type: application/json; charset=utf-8
host: localhost:56645
accept: */*

Response DefaultHttpResponse(decodeResult: success, version: HTTP/1.1)
HTTP/1.1 200 OK
Content-Type: application/json; charset=utf-8
cache-control: no-cache
content-length: 14

16:09:21.667 [AsyncHttpClient-1-5] DEBUG org.asynchttpclient.netty.channel.ChannelManager - Adding key: http://localhost:56645 for channel [id: 0xf63bd09c, L:/127.0.0.1:58786 - R:localhost/127.0.0.1:56645]
16:09:22.122 [AsyncHttpClient-1-5] DEBUG org.asynchttpclient.netty.handler.HttpHandler - Channel Closed: [id: 0xf63bd09c, L:/127.0.0.1:58786 ! R:localhost/127.0.0.1:56645] with attribute DISCARD
16:09:22.238 [AsyncHttpClient-1-1] DEBUG org.asynchttpclient.netty.channel.DefaultChannelPool - Entry count for : http://localhost:58787 : 1
16:09:22.239 [AsyncHttpClient-1-1] DEBUG org.asynchttpclient.netty.channel.DefaultChannelPool - Entry count for : http://localhost:56645 : 1
16:09:22.239 [AsyncHttpClient-1-1] DEBUG org.asynchttpclient.netty.channel.DefaultChannelPool - Adding Candidate expired Channel [id: 0xc9541a9c, L:/127.0.0.1:58795 ! R:localhost/127.0.0.1:58787] isIdleTimeoutExpired=false isRemotelyClosed=true isTtlExpired=false
16:09:22.239 [AsyncHttpClient-1-1] DEBUG org.asynchttpclient.netty.channel.DefaultChannelPool - Closing Idle Channel [id: 0xc9541a9c, L:/127.0.0.1:58795 ! R:localhost/127.0.0.1:58787]
16:09:22.239 [AsyncHttpClient-1-1] DEBUG org.asynchttpclient.netty.channel.DefaultChannelPool - Adding Candidate expired Channel [id: 0xf63bd09c, L:/127.0.0.1:58786 ! R:localhost/127.0.0.1:56645] isIdleTimeoutExpired=false isRemotelyClosed=true isTtlExpired=false
16:09:22.239 [AsyncHttpClient-1-1] DEBUG org.asynchttpclient.netty.channel.DefaultChannelPool - Closing Idle Channel [id: 0xf63bd09c, L:/127.0.0.1:58786 ! R:localhost/127.0.0.1:56645]
16:09:22.239 [AsyncHttpClient-1-1] DEBUG org.asynchttpclient.netty.channel.DefaultChannelPool - Closed 2 connections out of 2 in 0 ms
16:09:22.714 [main] INFO  - 
  _____   ___   ___   _____     ___     _     ___   ___   ___   ___  
 |_   _| | __| / __| |_   _|   | _ \   /_\   / __| / __| | __| |   \ 
   | |   | _|  \__ \   | |     |  _/  / _ \  \__ \ \__ \ | _|  | |) |
   |_|   |___| |___/   |_|     |_|   /_/ \_\ |___/ |___/ |___| |___/ 

Login scenario
----------------------------------------------------------------------
]]></system-out>
    <system-err><![CDATA[Starting ChromeDriver 99.0.4844.51 (d537ec02474b5afe23684e7963d538896c63ac77-refs/branch-heads/4844@{#875}) on port 56645
Only local connections are allowed.
Please see https://chromedriver.chromium.org/security-considerations for suggestions on keeping ChromeDriver safe.
ChromeDriver was started successfully.
Mar 31, 2022 4:08:58 PM org.openqa.selenium.remote.ProtocolHandshake createSession
INFO: Detected dialect: W3C
Mar 31, 2022 4:08:58 PM org.openqa.selenium.devtools.CdpVersionFinder findNearestMatch
WARNING: Unable to find an exact match for CDP version 99, so returning the closest version found: 97
Mar 31, 2022 4:08:58 PM org.openqa.selenium.devtools.CdpVersionFinder findNearestMatch
INFO: Found CDP implementation for version 99 of 97
]]></system-err>
  </testcase>
  <testcase name="Login scenario #3" classname="Login" time="26.2">
    <system-out><![CDATA[
@Login @DDT
Scenario Outline: Login scenario                 &amp#27;[90m# src/test/resources/features/login.feature:20&amp#27;[0m
16:09:22.751 [main] INFO io.cucumber.core.plugin.SerenityReporter - Running feature from file:///D:/PERKULIAHAN/Semester%206,Hebatt%20glad!/Altera/New%20folder/Serenity_Gladys_DDT/src/test/resources/features/login.feature
16:09:22.805 [main] DEBUG net.thucydides.core.steps.StepInterceptor - STARTING STEP: LoginSteps.iAmOnTheLoginPage - openUrl
16:09:22.807 [main] INFO net.serenitybdd.core.webdriver.driverproviders.ChromeDriverProvider - Using automatically driver download
16:09:23.326 [main] DEBUG io.github.bonigarcia.wdm.cache.ResolutionCache - Resolution chrome=99 in cache (valid until 17:07:17 31/03/2022 WIB)
16:09:23.334 [main] DEBUG io.github.bonigarcia.wdm.cache.ResolutionCache - Resolution chrome99=99.0.4844.51 in cache (valid until 13:47:20 01/04/2022 WIB)
16:09:23.340 [main] INFO io.github.bonigarcia.wdm.WebDriverManager - Using chromedriver 99.0.4844.51 (resolved driver for Chrome 99)
16:09:23.367 [main] DEBUG io.github.bonigarcia.wdm.WebDriverManager - Driver chromedriver 99.0.4844.51 found in cache
16:09:23.368 [main] INFO io.github.bonigarcia.wdm.WebDriverManager - Exporting webdriver.chrome.driver as C:\Users\ASUS\.cache\selenium\chromedriver\win32\99.0.4844.51\chromedriver.exe
16:09:23.680 [main] DEBUG net.serenitybdd.core.webdriver.driverproviders.ProvideNewDriver - Instantiating driver
16:09:23.680 [main] DEBUG net.serenitybdd.core.webdriver.driverproviders.ProvideNewDriver - Driver capabilities: Capabilities {acceptInsecureCerts: false, base.url: https://demoqa.com/login, browserName: chrome, chrome.driver: src/test/resources/webdrive..., driver: chrome, goog:chromeOptions: {args: [], extensions: []}}
16:09:25.954 [AsyncHttpClient-1-8] DEBUG org.asynchttpclient.netty.channel.NettyConnectListener - Using new Channel '[id: 0xccfa6252, L:/127.0.0.1:58856 - R:localhost/127.0.0.1:59907]' for 'POST' to '/session'
16:09:30.194 [AsyncHttpClient-1-8] DEBUG org.asynchttpclient.netty.handler.HttpHandler - 

Request DefaultHttpRequest(decodeResult: success, version: HTTP/1.1)
POST /session HTTP/1.1
User-Agent: selenium/4.1.2 (java windows)
Content-Length: 610
Content-Type: application/json; charset=utf-8
host: localhost:59907
accept: */*

Response DefaultHttpResponse(decodeResult: success, version: HTTP/1.1)
HTTP/1.1 200 OK
Content-Type: application/json; charset=utf-8
cache-control: no-cache
content-length: 787

16:09:30.194 [AsyncHttpClient-1-8] DEBUG org.asynchttpclient.netty.channel.ChannelManager - Adding key: http://localhost:59907 for channel [id: 0xccfa6252, L:/127.0.0.1:58856 - R:localhost/127.0.0.1:59907]
16:09:30.212 [AsyncHttpClient-1-9] DEBUG org.asynchttpclient.netty.channel.NettyConnectListener - Using new Channel '[id: 0x62ed0104, L:/127.0.0.1:58865 - R:localhost/127.0.0.1:58857]' for 'GET' to '/json/version'
16:09:30.222 [AsyncHttpClient-1-9] DEBUG org.asynchttpclient.netty.handler.HttpHandler - 

Request DefaultFullHttpRequest(decodeResult: success, version: HTTP/1.1, content: EmptyByteBufBE)
GET /json/version HTTP/1.1
User-Agent: selenium/4.1.2 (java windows)
host: localhost:58857
accept: */*

Response DefaultHttpResponse(decodeResult: success, version: HTTP/1.1)
HTTP/1.1 200 OK
Content-Type: application/json; charset=UTF-8
content-length: 424

16:09:30.222 [AsyncHttpClient-1-9] DEBUG org.asynchttpclient.netty.channel.ChannelManager - Adding key: http://localhost:58857 for channel [id: 0x62ed0104, L:/127.0.0.1:58865 - R:localhost/127.0.0.1:58857]
16:09:30.227 [AsyncHttpClient-1-10] DEBUG org.asynchttpclient.netty.channel.NettyConnectListener - Using new Channel '[id: 0x4019688e, L:/127.0.0.1:58866 - R:localhost/127.0.0.1:58857]' for 'GET' to '/devtools/browser/5cb1fe07-d06a-407e-9c3c-11c7c22e4865'
16:09:30.240 [AsyncHttpClient-1-10] DEBUG org.asynchttpclient.netty.handler.WebSocketHandler - 

Request DefaultFullHttpRequest(decodeResult: success, version: HTTP/1.1, content: EmptyByteBufBE)
GET /devtools/browser/5cb1fe07-d06a-407e-9c3c-11c7c22e4865 HTTP/1.1
upgrade: websocket
connection: upgrade
sec-websocket-key: h6nXAwlzq/VEUyqt5+RJ9w==
sec-websocket-version: 13
origin: http://localhost:58857
host: localhost:58857
accept: */*
user-agent: AHC/2.1

Response DefaultHttpResponse(decodeResult: success, version: HTTP/1.1)
HTTP/1.1 101 WebSocket Protocol Handshake
Upgrade: WebSocket
Connection: Upgrade
Sec-WebSocket-Accept: 73oh1KqzgullmA2vSa8YZEGnN2c=

16:09:30.267 [Forwarding maximizeCurrentWindow on session 1735c397104cf87681f51082eebbf465 to remote] DEBUG org.asynchttpclient.netty.request.NettyRequestSender - Using pooled Channel '[id: 0xccfa6252, L:/127.0.0.1:58856 - R:localhost/127.0.0.1:59907]' for 'POST' to 'http://localhost:59907/session/1735c397104cf87681f51082eebbf465/window/maximize'
16:09:30.267 [Forwarding maximizeCurrentWindow on session 1735c397104cf87681f51082eebbf465 to remote] DEBUG org.asynchttpclient.netty.request.NettyRequestSender - Using open Channel [id: 0xccfa6252, L:/127.0.0.1:58856 - R:localhost/127.0.0.1:59907] for POST '/session/1735c397104cf87681f51082eebbf465/window/maximize'
16:09:30.434 [AsyncHttpClient-1-8] DEBUG org.asynchttpclient.netty.handler.HttpHandler - 

Request DefaultHttpRequest(decodeResult: success, version: HTTP/1.1)
POST /session/1735c397104cf87681f51082eebbf465/window/maximize HTTP/1.1
User-Agent: selenium/4.1.2 (java windows)
Content-Length: 3
Content-Type: application/json; charset=utf-8
host: localhost:59907
accept: */*

Response DefaultHttpResponse(decodeResult: success, version: HTTP/1.1)
HTTP/1.1 200 OK
Content-Type: application/json; charset=utf-8
cache-control: no-cache
content-length: 51

16:09:30.435 [AsyncHttpClient-1-8] DEBUG org.asynchttpclient.netty.channel.ChannelManager - Adding key: http://localhost:59907 for channel [id: 0xccfa6252, L:/127.0.0.1:58856 - R:localhost/127.0.0.1:59907]
16:09:30.439 [Forwarding get on session 1735c397104cf87681f51082eebbf465 to remote] DEBUG org.asynchttpclient.netty.request.NettyRequestSender - Using pooled Channel '[id: 0xccfa6252, L:/127.0.0.1:58856 - R:localhost/127.0.0.1:59907]' for 'POST' to 'http://localhost:59907/session/1735c397104cf87681f51082eebbf465/url'
16:09:30.439 [Forwarding get on session 1735c397104cf87681f51082eebbf465 to remote] DEBUG org.asynchttpclient.netty.request.NettyRequestSender - Using open Channel [id: 0xccfa6252, L:/127.0.0.1:58856 - R:localhost/127.0.0.1:59907] for POST '/session/1735c397104cf87681f51082eebbf465/url'
16:09:31.019 [AsyncHttpClient-1-1] DEBUG org.asynchttpclient.netty.channel.DefaultChannelPool - Entry count for : http://localhost:58857 : 1
16:09:32.119 [AsyncHttpClient-1-1] DEBUG org.asynchttpclient.netty.channel.DefaultChannelPool - Entry count for : http://localhost:58857 : 1
16:09:33.218 [AsyncHttpClient-1-1] DEBUG org.asynchttpclient.netty.channel.DefaultChannelPool - Entry count for : http://localhost:58857 : 1
16:09:34.323 [AsyncHttpClient-1-1] DEBUG org.asynchttpclient.netty.channel.DefaultChannelPool - Entry count for : http://localhost:58857 : 1
16:09:35.429 [AsyncHttpClient-1-1] DEBUG org.asynchttpclient.netty.channel.DefaultChannelPool - Entry count for : http://localhost:58857 : 1
16:09:36.522 [AsyncHttpClient-1-1] DEBUG org.asynchttpclient.netty.channel.DefaultChannelPool - Entry count for : http://localhost:58857 : 1
16:09:37.618 [AsyncHttpClient-1-1] DEBUG org.asynchttpclient.netty.channel.DefaultChannelPool - Entry count for : http://localhost:58857 : 1
16:09:38.718 [AsyncHttpClient-1-1] DEBUG org.asynchttpclient.netty.channel.DefaultChannelPool - Entry count for : http://localhost:58857 : 1
16:09:39.692 [AsyncHttpClient-1-8] DEBUG org.asynchttpclient.netty.handler.HttpHandler - 

Request DefaultHttpRequest(decodeResult: success, version: HTTP/1.1)
POST /session/1735c397104cf87681f51082eebbf465/url HTTP/1.1
User-Agent: selenium/4.1.2 (java windows)
Content-Length: 54
Content-Type: application/json; charset=utf-8
host: localhost:59907
accept: */*

Response DefaultHttpResponse(decodeResult: success, version: HTTP/1.1)
HTTP/1.1 200 OK
Content-Type: application/json; charset=utf-8
cache-control: no-cache
content-length: 14

16:09:39.692 [AsyncHttpClient-1-8] DEBUG org.asynchttpclient.netty.channel.ChannelManager - Adding key: http://localhost:59907 for channel [id: 0xccfa6252, L:/127.0.0.1:58856 - R:localhost/127.0.0.1:59907]
16:09:39.697 [Forwarding setTimeout on session 1735c397104cf87681f51082eebbf465 to remote] DEBUG org.asynchttpclient.netty.request.NettyRequestSender - Using pooled Channel '[id: 0xccfa6252, L:/127.0.0.1:58856 - R:localhost/127.0.0.1:59907]' for 'POST' to 'http://localhost:59907/session/1735c397104cf87681f51082eebbf465/timeouts'
16:09:39.697 [Forwarding setTimeout on session 1735c397104cf87681f51082eebbf465 to remote] DEBUG org.asynchttpclient.netty.request.NettyRequestSender - Using open Channel [id: 0xccfa6252, L:/127.0.0.1:58856 - R:localhost/127.0.0.1:59907] for POST '/session/1735c397104cf87681f51082eebbf465/timeouts'
16:09:39.711 [AsyncHttpClient-1-8] DEBUG org.asynchttpclient.netty.handler.HttpHandler - 

Request DefaultHttpRequest(decodeResult: success, version: HTTP/1.1)
POST /session/1735c397104cf87681f51082eebbf465/timeouts HTTP/1.1
User-Agent: selenium/4.1.2 (java windows)
Content-Length: 22
Content-Type: application/json; charset=utf-8
host: localhost:59907
accept: */*

Response DefaultHttpResponse(decodeResult: success, version: HTTP/1.1)
HTTP/1.1 200 OK
Content-Type: application/json; charset=utf-8
cache-control: no-cache
content-length: 14

16:09:39.711 [AsyncHttpClient-1-8] DEBUG org.asynchttpclient.netty.channel.ChannelManager - Adding key: http://localhost:59907 for channel [id: 0xccfa6252, L:/127.0.0.1:58856 - R:localhost/127.0.0.1:59907]
16:09:39.722 [Forwarding getCurrentUrl on session 1735c397104cf87681f51082eebbf465 to remote] DEBUG org.asynchttpclient.netty.request.NettyRequestSender - Using pooled Channel '[id: 0xccfa6252, L:/127.0.0.1:58856 - R:localhost/127.0.0.1:59907]' for 'GET' to 'http://localhost:59907/session/1735c397104cf87681f51082eebbf465/url'
16:09:39.722 [Forwarding getCurrentUrl on session 1735c397104cf87681f51082eebbf465 to remote] DEBUG org.asynchttpclient.netty.request.NettyRequestSender - Using open Channel [id: 0xccfa6252, L:/127.0.0.1:58856 - R:localhost/127.0.0.1:59907] for GET '/session/1735c397104cf87681f51082eebbf465/url'
16:09:39.754 [AsyncHttpClient-1-8] DEBUG org.asynchttpclient.netty.handler.HttpHandler - 

Request DefaultFullHttpRequest(decodeResult: success, version: HTTP/1.1, content: EmptyByteBufBE)
GET /session/1735c397104cf87681f51082eebbf465/url HTTP/1.1
User-Agent: selenium/4.1.2 (java windows)
Cache-Control: no-cache
Content-Type: application/json; charset=utf-8
host: localhost:59907
accept: */*

Response DefaultHttpResponse(decodeResult: success, version: HTTP/1.1)
HTTP/1.1 200 OK
Content-Type: application/json; charset=utf-8
cache-control: no-cache
content-length: 36

16:09:39.754 [AsyncHttpClient-1-8] DEBUG org.asynchttpclient.netty.channel.ChannelManager - Adding key: http://localhost:59907 for channel [id: 0xccfa6252, L:/127.0.0.1:58856 - R:localhost/127.0.0.1:59907]
16:09:39.770 [Forwarding screenshot on session 1735c397104cf87681f51082eebbf465 to remote] DEBUG org.asynchttpclient.netty.request.NettyRequestSender - Using pooled Channel '[id: 0xccfa6252, L:/127.0.0.1:58856 - R:localhost/127.0.0.1:59907]' for 'GET' to 'http://localhost:59907/session/1735c397104cf87681f51082eebbf465/screenshot'
16:09:39.770 [Forwarding screenshot on session 1735c397104cf87681f51082eebbf465 to remote] DEBUG org.asynchttpclient.netty.request.NettyRequestSender - Using open Channel [id: 0xccfa6252, L:/127.0.0.1:58856 - R:localhost/127.0.0.1:59907] for GET '/session/1735c397104cf87681f51082eebbf465/screenshot'
16:09:39.828 [AsyncHttpClient-1-1] DEBUG org.asynchttpclient.netty.channel.DefaultChannelPool - Entry count for : http://localhost:58857 : 1
16:09:40.341 [AsyncHttpClient-1-8] DEBUG org.asynchttpclient.netty.handler.HttpHandler - 

Request DefaultFullHttpRequest(decodeResult: success, version: HTTP/1.1, content: EmptyByteBufBE)
GET /session/1735c397104cf87681f51082eebbf465/screenshot HTTP/1.1
User-Agent: selenium/4.1.2 (java windows)
Cache-Control: no-cache
Content-Type: application/json; charset=utf-8
host: localhost:59907
accept: */*

Response DefaultHttpResponse(decodeResult: success, version: HTTP/1.1)
HTTP/1.1 200 OK
Content-Type: application/json; charset=utf-8
cache-control: no-cache
content-length: 405420

16:09:40.347 [AsyncHttpClient-1-8] DEBUG org.asynchttpclient.netty.channel.ChannelManager - Adding key: http://localhost:59907 for channel [id: 0xccfa6252, L:/127.0.0.1:58856 - R:localhost/127.0.0.1:59907]
16:09:40.379 [main] DEBUG net.serenitybdd.core.photography.Darkroom - Send negative for processing for target\site\serenity\36f90ad6e78b1efe87afd37d794928be27fd389a3124fd4160309f66673a706b.png
16:09:40.379 [main] DEBUG net.thucydides.core.steps.StepInterceptor - STEP DONE: openUrl
16:09:40.380 [Darkroom Processing Line] DEBUG net.serenitybdd.core.photography.DarkroomProcessingLine - Processing screenshot image in /var/screenshots/screenshot-12903042049042046114
16:09:40.380 [Darkroom Processing Line] DEBUG net.serenitybdd.core.photography.DarkroomProcessingLine - Saving screenshot to target\site\serenity\36f90ad6e78b1efe87afd37d794928be27fd389a3124fd4160309f66673a706b.png
16:09:40.404 [main] DEBUG net.thucydides.core.steps.StepInterceptor - STARTING STEP: LoginSteps.iAmOnTheLoginPage - validateIfButtonLoginIsAppear
16:09:40.415 [Forwarding findElement on session 1735c397104cf87681f51082eebbf465 to remote] DEBUG org.asynchttpclient.netty.request.NettyRequestSender - Using pooled Channel '[id: 0xccfa6252, L:/127.0.0.1:58856 - R:localhost/127.0.0.1:59907]' for 'POST' to 'http://localhost:59907/session/1735c397104cf87681f51082eebbf465/element'
16:09:40.415 [Forwarding findElement on session 1735c397104cf87681f51082eebbf465 to remote] DEBUG org.asynchttpclient.netty.request.NettyRequestSender - Using open Channel [id: 0xccfa6252, L:/127.0.0.1:58856 - R:localhost/127.0.0.1:59907] for POST '/session/1735c397104cf87681f51082eebbf465/element'
16:09:40.928 [AsyncHttpClient-1-1] DEBUG org.asynchttpclient.netty.channel.DefaultChannelPool - Entry count for : http://localhost:58857 : 1
16:09:41.178 [AsyncHttpClient-1-8] DEBUG org.asynchttpclient.netty.handler.HttpHandler - 

Request DefaultHttpRequest(decodeResult: success, version: HTTP/1.1)
POST /session/1735c397104cf87681f51082eebbf465/element HTTP/1.1
User-Agent: selenium/4.1.2 (java windows)
Content-Length: 50
Content-Type: application/json; charset=utf-8
host: localhost:59907
accept: */*

Response DefaultHttpResponse(decodeResult: success, version: HTTP/1.1)
HTTP/1.1 200 OK
Content-Type: application/json; charset=utf-8
cache-control: no-cache
content-length: 88

16:09:41.178 [AsyncHttpClient-1-8] DEBUG org.asynchttpclient.netty.channel.ChannelManager - Adding key: http://localhost:59907 for channel [id: 0xccfa6252, L:/127.0.0.1:58856 - R:localhost/127.0.0.1:59907]
16:09:41.185 [Forwarding isElementDisplayed on session 1735c397104cf87681f51082eebbf465 to remote] DEBUG org.asynchttpclient.netty.request.NettyRequestSender - Using pooled Channel '[id: 0xccfa6252, L:/127.0.0.1:58856 - R:localhost/127.0.0.1:59907]' for 'POST' to 'http://localhost:59907/session/1735c397104cf87681f51082eebbf465/execute/sync'
16:09:41.185 [Forwarding isElementDisplayed on session 1735c397104cf87681f51082eebbf465 to remote] DEBUG org.asynchttpclient.netty.request.NettyRequestSender - Using open Channel [id: 0xccfa6252, L:/127.0.0.1:58856 - R:localhost/127.0.0.1:59907] for POST '/session/1735c397104cf87681f51082eebbf465/execute/sync'
16:09:41.208 [AsyncHttpClient-1-8] DEBUG org.asynchttpclient.netty.handler.HttpHandler - 

Request DefaultHttpRequest(decodeResult: success, version: HTTP/1.1)
POST /session/1735c397104cf87681f51082eebbf465/execute/sync HTTP/1.1
User-Agent: selenium/4.1.2 (java windows)
Content-Length: 48780
Content-Type: application/json; charset=utf-8
host: localhost:59907
accept: */*

Response DefaultHttpResponse(decodeResult: success, version: HTTP/1.1)
HTTP/1.1 200 OK
Content-Type: application/json; charset=utf-8
cache-control: no-cache
content-length: 14

16:09:41.208 [AsyncHttpClient-1-8] DEBUG org.asynchttpclient.netty.channel.ChannelManager - Adding key: http://localhost:59907 for channel [id: 0xccfa6252, L:/127.0.0.1:58856 - R:localhost/127.0.0.1:59907]
16:09:41.216 [Forwarding screenshot on session 1735c397104cf87681f51082eebbf465 to remote] DEBUG org.asynchttpclient.netty.request.NettyRequestSender - Using pooled Channel '[id: 0xccfa6252, L:/127.0.0.1:58856 - R:localhost/127.0.0.1:59907]' for 'GET' to 'http://localhost:59907/session/1735c397104cf87681f51082eebbf465/screenshot'
16:09:41.216 [Forwarding screenshot on session 1735c397104cf87681f51082eebbf465 to remote] DEBUG org.asynchttpclient.netty.request.NettyRequestSender - Using open Channel [id: 0xccfa6252, L:/127.0.0.1:58856 - R:localhost/127.0.0.1:59907] for GET '/session/1735c397104cf87681f51082eebbf465/screenshot'
16:09:41.508 [AsyncHttpClient-1-8] DEBUG org.asynchttpclient.netty.handler.HttpHandler - 

Request DefaultFullHttpRequest(decodeResult: success, version: HTTP/1.1, content: EmptyByteBufBE)
GET /session/1735c397104cf87681f51082eebbf465/screenshot HTTP/1.1
User-Agent: selenium/4.1.2 (java windows)
Cache-Control: no-cache
Content-Type: application/json; charset=utf-8
host: localhost:59907
accept: */*

Response DefaultHttpResponse(decodeResult: success, version: HTTP/1.1)
HTTP/1.1 200 OK
Content-Type: application/json; charset=utf-8
cache-control: no-cache
content-length: 405420

16:09:41.510 [AsyncHttpClient-1-8] DEBUG org.asynchttpclient.netty.channel.ChannelManager - Adding key: http://localhost:59907 for channel [id: 0xccfa6252, L:/127.0.0.1:58856 - R:localhost/127.0.0.1:59907]
16:09:41.526 [main] DEBUG net.serenitybdd.core.photography.Darkroom - Send negative for processing for target\site\serenity\36f90ad6e78b1efe87afd37d794928be27fd389a3124fd4160309f66673a706b.png
16:09:41.526 [main] DEBUG net.thucydides.core.steps.StepInterceptor - STEP DONE: validateIfButtonLoginIsAppear
  &amp#27;[32mGiven &amp#27;[0m&amp#27;[32mI am on the login page&amp#27;[0m                   &amp#27;[90m# starter.stepdefinitions.LoginSteps.iAmOnTheLoginPage()&amp#27;[0m
16:09:41.551 [main] DEBUG net.thucydides.core.steps.StepInterceptor - STARTING STEP: LoginSteps.iInputUsername - inputUsernameToField
16:09:41.562 [Forwarding findElement on session 1735c397104cf87681f51082eebbf465 to remote] DEBUG org.asynchttpclient.netty.request.NettyRequestSender - Using pooled Channel '[id: 0xccfa6252, L:/127.0.0.1:58856 - R:localhost/127.0.0.1:59907]' for 'POST' to 'http://localhost:59907/session/1735c397104cf87681f51082eebbf465/element'
16:09:41.562 [Forwarding findElement on session 1735c397104cf87681f51082eebbf465 to remote] DEBUG org.asynchttpclient.netty.request.NettyRequestSender - Using open Channel [id: 0xccfa6252, L:/127.0.0.1:58856 - R:localhost/127.0.0.1:59907] for POST '/session/1735c397104cf87681f51082eebbf465/element'
16:09:41.581 [AsyncHttpClient-1-8] DEBUG org.asynchttpclient.netty.handler.HttpHandler - 

Request DefaultHttpRequest(decodeResult: success, version: HTTP/1.1)
POST /session/1735c397104cf87681f51082eebbf465/element HTTP/1.1
User-Agent: selenium/4.1.2 (java windows)
Content-Length: 53
Content-Type: application/json; charset=utf-8
host: localhost:59907
accept: */*

Response DefaultHttpResponse(decodeResult: success, version: HTTP/1.1)
HTTP/1.1 200 OK
Content-Type: application/json; charset=utf-8
cache-control: no-cache
content-length: 88

16:09:41.581 [AsyncHttpClient-1-8] DEBUG org.asynchttpclient.netty.channel.ChannelManager - Adding key: http://localhost:59907 for channel [id: 0xccfa6252, L:/127.0.0.1:58856 - R:localhost/127.0.0.1:59907]
16:09:41.583 [Forwarding clearElement on session 1735c397104cf87681f51082eebbf465 to remote] DEBUG org.asynchttpclient.netty.request.NettyRequestSender - Using pooled Channel '[id: 0xccfa6252, L:/127.0.0.1:58856 - R:localhost/127.0.0.1:59907]' for 'POST' to 'http://localhost:59907/session/1735c397104cf87681f51082eebbf465/element/02d9e87e-2bf2-4e14-b178-a85bdc0dccd6/clear'
16:09:41.583 [Forwarding clearElement on session 1735c397104cf87681f51082eebbf465 to remote] DEBUG org.asynchttpclient.netty.request.NettyRequestSender - Using open Channel [id: 0xccfa6252, L:/127.0.0.1:58856 - R:localhost/127.0.0.1:59907] for POST '/session/1735c397104cf87681f51082eebbf465/element/02d9e87e-2bf2-4e14-b178-a85bdc0dccd6/clear'
16:09:41.627 [AsyncHttpClient-1-8] DEBUG org.asynchttpclient.netty.handler.HttpHandler - 

Request DefaultHttpRequest(decodeResult: success, version: HTTP/1.1)
POST /session/1735c397104cf87681f51082eebbf465/element/02d9e87e-2bf2-4e14-b178-a85bdc0dccd6/clear HTTP/1.1
User-Agent: selenium/4.1.2 (java windows)
Content-Length: 50
Content-Type: application/json; charset=utf-8
host: localhost:59907
accept: */*

Response DefaultHttpResponse(decodeResult: success, version: HTTP/1.1)
HTTP/1.1 200 OK
Content-Type: application/json; charset=utf-8
cache-control: no-cache
content-length: 14

16:09:41.627 [AsyncHttpClient-1-8] DEBUG org.asynchttpclient.netty.channel.ChannelManager - Adding key: http://localhost:59907 for channel [id: 0xccfa6252, L:/127.0.0.1:58856 - R:localhost/127.0.0.1:59907]
16:09:41.631 [Forwarding sendKeysToElement on session 1735c397104cf87681f51082eebbf465 to remote] DEBUG org.asynchttpclient.netty.request.NettyRequestSender - Using pooled Channel '[id: 0xccfa6252, L:/127.0.0.1:58856 - R:localhost/127.0.0.1:59907]' for 'POST' to 'http://localhost:59907/session/1735c397104cf87681f51082eebbf465/element/02d9e87e-2bf2-4e14-b178-a85bdc0dccd6/value'
16:09:41.631 [Forwarding sendKeysToElement on session 1735c397104cf87681f51082eebbf465 to remote] DEBUG org.asynchttpclient.netty.request.NettyRequestSender - Using open Channel [id: 0xccfa6252, L:/127.0.0.1:58856 - R:localhost/127.0.0.1:59907] for POST '/session/1735c397104cf87681f51082eebbf465/element/02d9e87e-2bf2-4e14-b178-a85bdc0dccd6/value'
16:09:41.751 [AsyncHttpClient-1-8] DEBUG org.asynchttpclient.netty.handler.HttpHandler - 

Request DefaultHttpRequest(decodeResult: success, version: HTTP/1.1)
POST /session/1735c397104cf87681f51082eebbf465/element/02d9e87e-2bf2-4e14-b178-a85bdc0dccd6/value HTTP/1.1
User-Agent: selenium/4.1.2 (java windows)
Content-Length: 181
Content-Type: application/json; charset=utf-8
host: localhost:59907
accept: */*

Response DefaultHttpResponse(decodeResult: success, version: HTTP/1.1)
HTTP/1.1 200 OK
Content-Type: application/json; charset=utf-8
cache-control: no-cache
content-length: 14

16:09:41.751 [AsyncHttpClient-1-8] DEBUG org.asynchttpclient.netty.channel.ChannelManager - Adding key: http://localhost:59907 for channel [id: 0xccfa6252, L:/127.0.0.1:58856 - R:localhost/127.0.0.1:59907]
16:09:41.763 [Forwarding screenshot on session 1735c397104cf87681f51082eebbf465 to remote] DEBUG org.asynchttpclient.netty.request.NettyRequestSender - Using pooled Channel '[id: 0xccfa6252, L:/127.0.0.1:58856 - R:localhost/127.0.0.1:59907]' for 'GET' to 'http://localhost:59907/session/1735c397104cf87681f51082eebbf465/screenshot'
16:09:41.763 [Forwarding screenshot on session 1735c397104cf87681f51082eebbf465 to remote] DEBUG org.asynchttpclient.netty.request.NettyRequestSender - Using open Channel [id: 0xccfa6252, L:/127.0.0.1:58856 - R:localhost/127.0.0.1:59907] for GET '/session/1735c397104cf87681f51082eebbf465/screenshot'
16:09:42.019 [AsyncHttpClient-1-1] DEBUG org.asynchttpclient.netty.channel.DefaultChannelPool - Entry count for : http://localhost:58857 : 1
16:09:42.126 [AsyncHttpClient-1-8] DEBUG org.asynchttpclient.netty.handler.HttpHandler - 

Request DefaultFullHttpRequest(decodeResult: success, version: HTTP/1.1, content: EmptyByteBufBE)
GET /session/1735c397104cf87681f51082eebbf465/screenshot HTTP/1.1
User-Agent: selenium/4.1.2 (java windows)
Cache-Control: no-cache
Content-Type: application/json; charset=utf-8
host: localhost:59907
accept: */*

Response DefaultHttpResponse(decodeResult: success, version: HTTP/1.1)
HTTP/1.1 200 OK
Content-Type: application/json; charset=utf-8
cache-control: no-cache
content-length: 406692

16:09:42.129 [AsyncHttpClient-1-8] DEBUG org.asynchttpclient.netty.channel.ChannelManager - Adding key: http://localhost:59907 for channel [id: 0xccfa6252, L:/127.0.0.1:58856 - R:localhost/127.0.0.1:59907]
16:09:42.149 [main] DEBUG net.serenitybdd.core.photography.Darkroom - Send negative for processing for target\site\serenity\38eef773668d9a84e84a465fd51890762d28642c7cf40f4fad469e2a5bf0b694.png
16:09:42.150 [main] DEBUG net.thucydides.core.steps.StepInterceptor - STEP DONE: inputUsernameToField
16:09:42.150 [Darkroom Processing Line] DEBUG net.serenitybdd.core.photography.DarkroomProcessingLine - Processing screenshot image in /var/screenshots/screenshot-3917438569524473645
16:09:42.150 [Darkroom Processing Line] DEBUG net.serenitybdd.core.photography.DarkroomProcessingLine - Saving screenshot to target\site\serenity\38eef773668d9a84e84a465fd51890762d28642c7cf40f4fad469e2a5bf0b694.png
  &amp#27;[32mWhen &amp#27;[0m&amp#27;[32mI input &amp#27;[0m&amp#27;[32m&amp#27;[1m"gladysprds"&amp#27;[0m&amp#27;[32m username&amp#27;[0m             &amp#27;[90m# starter.stepdefinitions.LoginSteps.iInputUsername(java.lang.String)&amp#27;[0m
16:09:42.185 [main] DEBUG net.thucydides.core.steps.StepInterceptor - STARTING STEP: LoginSteps.iInputPassword - inputPasswordToField
16:09:42.191 [Forwarding findElement on session 1735c397104cf87681f51082eebbf465 to remote] DEBUG org.asynchttpclient.netty.request.NettyRequestSender - Using pooled Channel '[id: 0xccfa6252, L:/127.0.0.1:58856 - R:localhost/127.0.0.1:59907]' for 'POST' to 'http://localhost:59907/session/1735c397104cf87681f51082eebbf465/element'
16:09:42.191 [Forwarding findElement on session 1735c397104cf87681f51082eebbf465 to remote] DEBUG org.asynchttpclient.netty.request.NettyRequestSender - Using open Channel [id: 0xccfa6252, L:/127.0.0.1:58856 - R:localhost/127.0.0.1:59907] for POST '/session/1735c397104cf87681f51082eebbf465/element'
16:09:42.213 [AsyncHttpClient-1-8] DEBUG org.asynchttpclient.netty.handler.HttpHandler - 

Request DefaultHttpRequest(decodeResult: success, version: HTTP/1.1)
POST /session/1735c397104cf87681f51082eebbf465/element HTTP/1.1
User-Agent: selenium/4.1.2 (java windows)
Content-Length: 53
Content-Type: application/json; charset=utf-8
host: localhost:59907
accept: */*

Response DefaultHttpResponse(decodeResult: success, version: HTTP/1.1)
HTTP/1.1 200 OK
Content-Type: application/json; charset=utf-8
cache-control: no-cache
content-length: 88

16:09:42.213 [AsyncHttpClient-1-8] DEBUG org.asynchttpclient.netty.channel.ChannelManager - Adding key: http://localhost:59907 for channel [id: 0xccfa6252, L:/127.0.0.1:58856 - R:localhost/127.0.0.1:59907]
16:09:42.215 [Forwarding clearElement on session 1735c397104cf87681f51082eebbf465 to remote] DEBUG org.asynchttpclient.netty.request.NettyRequestSender - Using pooled Channel '[id: 0xccfa6252, L:/127.0.0.1:58856 - R:localhost/127.0.0.1:59907]' for 'POST' to 'http://localhost:59907/session/1735c397104cf87681f51082eebbf465/element/22745ef3-868a-4b47-9ef7-72784b8192e5/clear'
16:09:42.215 [Forwarding clearElement on session 1735c397104cf87681f51082eebbf465 to remote] DEBUG org.asynchttpclient.netty.request.NettyRequestSender - Using open Channel [id: 0xccfa6252, L:/127.0.0.1:58856 - R:localhost/127.0.0.1:59907] for POST '/session/1735c397104cf87681f51082eebbf465/element/22745ef3-868a-4b47-9ef7-72784b8192e5/clear'
16:09:42.260 [AsyncHttpClient-1-8] DEBUG org.asynchttpclient.netty.handler.HttpHandler - 

Request DefaultHttpRequest(decodeResult: success, version: HTTP/1.1)
POST /session/1735c397104cf87681f51082eebbf465/element/22745ef3-868a-4b47-9ef7-72784b8192e5/clear HTTP/1.1
User-Agent: selenium/4.1.2 (java windows)
Content-Length: 50
Content-Type: application/json; charset=utf-8
host: localhost:59907
accept: */*

Response DefaultHttpResponse(decodeResult: success, version: HTTP/1.1)
HTTP/1.1 200 OK
Content-Type: application/json; charset=utf-8
cache-control: no-cache
content-length: 14

16:09:42.260 [AsyncHttpClient-1-8] DEBUG org.asynchttpclient.netty.channel.ChannelManager - Adding key: http://localhost:59907 for channel [id: 0xccfa6252, L:/127.0.0.1:58856 - R:localhost/127.0.0.1:59907]
16:09:42.264 [Forwarding sendKeysToElement on session 1735c397104cf87681f51082eebbf465 to remote] DEBUG org.asynchttpclient.netty.request.NettyRequestSender - Using pooled Channel '[id: 0xccfa6252, L:/127.0.0.1:58856 - R:localhost/127.0.0.1:59907]' for 'POST' to 'http://localhost:59907/session/1735c397104cf87681f51082eebbf465/element/22745ef3-868a-4b47-9ef7-72784b8192e5/value'
16:09:42.264 [Forwarding sendKeysToElement on session 1735c397104cf87681f51082eebbf465 to remote] DEBUG org.asynchttpclient.netty.request.NettyRequestSender - Using open Channel [id: 0xccfa6252, L:/127.0.0.1:58856 - R:localhost/127.0.0.1:59907] for POST '/session/1735c397104cf87681f51082eebbf465/element/22745ef3-868a-4b47-9ef7-72784b8192e5/value'
16:09:42.341 [AsyncHttpClient-1-8] DEBUG org.asynchttpclient.netty.handler.HttpHandler - 

Request DefaultHttpRequest(decodeResult: success, version: HTTP/1.1)
POST /session/1735c397104cf87681f51082eebbf465/element/22745ef3-868a-4b47-9ef7-72784b8192e5/value HTTP/1.1
User-Agent: selenium/4.1.2 (java windows)
Content-Length: 141
Content-Type: application/json; charset=utf-8
host: localhost:59907
accept: */*

Response DefaultHttpResponse(decodeResult: success, version: HTTP/1.1)
HTTP/1.1 200 OK
Content-Type: application/json; charset=utf-8
cache-control: no-cache
content-length: 14

16:09:42.341 [AsyncHttpClient-1-8] DEBUG org.asynchttpclient.netty.channel.ChannelManager - Adding key: http://localhost:59907 for channel [id: 0xccfa6252, L:/127.0.0.1:58856 - R:localhost/127.0.0.1:59907]
16:09:42.355 [Forwarding screenshot on session 1735c397104cf87681f51082eebbf465 to remote] DEBUG org.asynchttpclient.netty.request.NettyRequestSender - Using pooled Channel '[id: 0xccfa6252, L:/127.0.0.1:58856 - R:localhost/127.0.0.1:59907]' for 'GET' to 'http://localhost:59907/session/1735c397104cf87681f51082eebbf465/screenshot'
16:09:42.355 [Forwarding screenshot on session 1735c397104cf87681f51082eebbf465 to remote] DEBUG org.asynchttpclient.netty.request.NettyRequestSender - Using open Channel [id: 0xccfa6252, L:/127.0.0.1:58856 - R:localhost/127.0.0.1:59907] for GET '/session/1735c397104cf87681f51082eebbf465/screenshot'
16:09:42.807 [AsyncHttpClient-1-8] DEBUG org.asynchttpclient.netty.handler.HttpHandler - 

Request DefaultFullHttpRequest(decodeResult: success, version: HTTP/1.1, content: EmptyByteBufBE)
GET /session/1735c397104cf87681f51082eebbf465/screenshot HTTP/1.1
User-Agent: selenium/4.1.2 (java windows)
Cache-Control: no-cache
Content-Type: application/json; charset=utf-8
host: localhost:59907
accept: */*

Response DefaultHttpResponse(decodeResult: success, version: HTTP/1.1)
HTTP/1.1 200 OK
Content-Type: application/json; charset=utf-8
cache-control: no-cache
content-length: 404564

16:09:42.810 [AsyncHttpClient-1-8] DEBUG org.asynchttpclient.netty.channel.ChannelManager - Adding key: http://localhost:59907 for channel [id: 0xccfa6252, L:/127.0.0.1:58856 - R:localhost/127.0.0.1:59907]
16:09:42.833 [main] DEBUG net.serenitybdd.core.photography.Darkroom - Send negative for processing for target\site\serenity\3b3928b9bb940b5a82e79dead7f041a3628719e8c47039e5b49d4d6af3a3d562.png
16:09:42.833 [main] DEBUG net.thucydides.core.steps.StepInterceptor - STEP DONE: inputPasswordToField
16:09:42.833 [Darkroom Processing Line] DEBUG net.serenitybdd.core.photography.DarkroomProcessingLine - Processing screenshot image in /var/screenshots/screenshot-1936231668234140670
16:09:42.833 [Darkroom Processing Line] DEBUG net.serenitybdd.core.photography.DarkroomProcessingLine - Saving screenshot to target\site\serenity\3b3928b9bb940b5a82e79dead7f041a3628719e8c47039e5b49d4d6af3a3d562.png
  &amp#27;[32mAnd &amp#27;[0m&amp#27;[32mI input &amp#27;[0m&amp#27;[32m&amp#27;[1m"KinoSu"&amp#27;[0m&amp#27;[32m password&amp#27;[0m                  &amp#27;[90m# starter.stepdefinitions.LoginSteps.iInputPassword(java.lang.String)&amp#27;[0m
16:09:42.892 [Forwarding screenshot on session 1735c397104cf87681f51082eebbf465 to remote] DEBUG org.asynchttpclient.netty.request.NettyRequestSender - Using pooled Channel '[id: 0xccfa6252, L:/127.0.0.1:58856 - R:localhost/127.0.0.1:59907]' for 'GET' to 'http://localhost:59907/session/1735c397104cf87681f51082eebbf465/screenshot'
16:09:42.892 [Forwarding screenshot on session 1735c397104cf87681f51082eebbf465 to remote] DEBUG org.asynchttpclient.netty.request.NettyRequestSender - Using open Channel [id: 0xccfa6252, L:/127.0.0.1:58856 - R:localhost/127.0.0.1:59907] for GET '/session/1735c397104cf87681f51082eebbf465/screenshot'
16:09:43.126 [AsyncHttpClient-1-1] DEBUG org.asynchttpclient.netty.channel.DefaultChannelPool - Entry count for : http://localhost:58857 : 1
16:09:43.477 [AsyncHttpClient-1-8] DEBUG org.asynchttpclient.netty.handler.HttpHandler - 

Request DefaultFullHttpRequest(decodeResult: success, version: HTTP/1.1, content: EmptyByteBufBE)
GET /session/1735c397104cf87681f51082eebbf465/screenshot HTTP/1.1
User-Agent: selenium/4.1.2 (java windows)
Cache-Control: no-cache
Content-Type: application/json; charset=utf-8
host: localhost:59907
accept: */*

Response DefaultHttpResponse(decodeResult: success, version: HTTP/1.1)
HTTP/1.1 200 OK
Content-Type: application/json; charset=utf-8
cache-control: no-cache
content-length: 404316

16:09:43.479 [AsyncHttpClient-1-8] DEBUG org.asynchttpclient.netty.channel.ChannelManager - Adding key: http://localhost:59907 for channel [id: 0xccfa6252, L:/127.0.0.1:58856 - R:localhost/127.0.0.1:59907]
16:09:43.495 [main] DEBUG net.serenitybdd.core.photography.Darkroom - Send negative for processing for target\site\serenity\4491f28b12e658cc11da6601fc1069d44af06549bf9a87c5a698089c79d274b1.png
16:09:43.495 [main] DEBUG net.thucydides.core.steps.StepInterceptor - STARTING STEP: LoginSteps.clickLoginButton - clickLogin
16:09:43.495 [Darkroom Processing Line] DEBUG net.serenitybdd.core.photography.DarkroomProcessingLine - Processing screenshot image in /var/screenshots/screenshot-3356566300729564424
16:09:43.495 [Darkroom Processing Line] DEBUG net.serenitybdd.core.photography.DarkroomProcessingLine - Saving screenshot to target\site\serenity\4491f28b12e658cc11da6601fc1069d44af06549bf9a87c5a698089c79d274b1.png
16:09:43.509 [Forwarding findElement on session 1735c397104cf87681f51082eebbf465 to remote] DEBUG org.asynchttpclient.netty.request.NettyRequestSender - Using pooled Channel '[id: 0xccfa6252, L:/127.0.0.1:58856 - R:localhost/127.0.0.1:59907]' for 'POST' to 'http://localhost:59907/session/1735c397104cf87681f51082eebbf465/element'
16:09:43.509 [Forwarding findElement on session 1735c397104cf87681f51082eebbf465 to remote] DEBUG org.asynchttpclient.netty.request.NettyRequestSender - Using open Channel [id: 0xccfa6252, L:/127.0.0.1:58856 - R:localhost/127.0.0.1:59907] for POST '/session/1735c397104cf87681f51082eebbf465/element'
16:09:43.745 [AsyncHttpClient-1-8] DEBUG org.asynchttpclient.netty.handler.HttpHandler - 

Request DefaultHttpRequest(decodeResult: success, version: HTTP/1.1)
POST /session/1735c397104cf87681f51082eebbf465/element HTTP/1.1
User-Agent: selenium/4.1.2 (java windows)
Content-Length: 74
Content-Type: application/json; charset=utf-8
host: localhost:59907
accept: */*

Response DefaultHttpResponse(decodeResult: success, version: HTTP/1.1)
HTTP/1.1 200 OK
Content-Type: application/json; charset=utf-8
cache-control: no-cache
content-length: 88

16:09:43.745 [AsyncHttpClient-1-8] DEBUG org.asynchttpclient.netty.channel.ChannelManager - Adding key: http://localhost:59907 for channel [id: 0xccfa6252, L:/127.0.0.1:58856 - R:localhost/127.0.0.1:59907]
16:09:43.748 [Forwarding getElementTagName on session 1735c397104cf87681f51082eebbf465 to remote] DEBUG org.asynchttpclient.netty.request.NettyRequestSender - Using pooled Channel '[id: 0xccfa6252, L:/127.0.0.1:58856 - R:localhost/127.0.0.1:59907]' for 'GET' to 'http://localhost:59907/session/1735c397104cf87681f51082eebbf465/element/d3839949-99fe-40dc-9556-696959e776d1/name'
16:09:43.748 [Forwarding getElementTagName on session 1735c397104cf87681f51082eebbf465 to remote] DEBUG org.asynchttpclient.netty.request.NettyRequestSender - Using open Channel [id: 0xccfa6252, L:/127.0.0.1:58856 - R:localhost/127.0.0.1:59907] for GET '/session/1735c397104cf87681f51082eebbf465/element/d3839949-99fe-40dc-9556-696959e776d1/name'
16:09:43.755 [AsyncHttpClient-1-8] DEBUG org.asynchttpclient.netty.handler.HttpHandler - 

Request DefaultFullHttpRequest(decodeResult: success, version: HTTP/1.1, content: EmptyByteBufBE)
GET /session/1735c397104cf87681f51082eebbf465/element/d3839949-99fe-40dc-9556-696959e776d1/name HTTP/1.1
User-Agent: selenium/4.1.2 (java windows)
Cache-Control: no-cache
Content-Type: application/json; charset=utf-8
host: localhost:59907
accept: */*

Response DefaultHttpResponse(decodeResult: success, version: HTTP/1.1)
HTTP/1.1 200 OK
Content-Type: application/json; charset=utf-8
cache-control: no-cache
content-length: 13

16:09:43.755 [AsyncHttpClient-1-8] DEBUG org.asynchttpclient.netty.channel.ChannelManager - Adding key: http://localhost:59907 for channel [id: 0xccfa6252, L:/127.0.0.1:58856 - R:localhost/127.0.0.1:59907]
16:09:43.758 [Forwarding getElementTagName on session 1735c397104cf87681f51082eebbf465 to remote] DEBUG org.asynchttpclient.netty.request.NettyRequestSender - Using pooled Channel '[id: 0xccfa6252, L:/127.0.0.1:58856 - R:localhost/127.0.0.1:59907]' for 'GET' to 'http://localhost:59907/session/1735c397104cf87681f51082eebbf465/element/d3839949-99fe-40dc-9556-696959e776d1/name'
16:09:43.758 [Forwarding getElementTagName on session 1735c397104cf87681f51082eebbf465 to remote] DEBUG org.asynchttpclient.netty.request.NettyRequestSender - Using open Channel [id: 0xccfa6252, L:/127.0.0.1:58856 - R:localhost/127.0.0.1:59907] for GET '/session/1735c397104cf87681f51082eebbf465/element/d3839949-99fe-40dc-9556-696959e776d1/name'
16:09:43.765 [AsyncHttpClient-1-8] DEBUG org.asynchttpclient.netty.handler.HttpHandler - 

Request DefaultFullHttpRequest(decodeResult: success, version: HTTP/1.1, content: EmptyByteBufBE)
GET /session/1735c397104cf87681f51082eebbf465/element/d3839949-99fe-40dc-9556-696959e776d1/name HTTP/1.1
User-Agent: selenium/4.1.2 (java windows)
Cache-Control: no-cache
Content-Type: application/json; charset=utf-8
host: localhost:59907
accept: */*

Response DefaultHttpResponse(decodeResult: success, version: HTTP/1.1)
HTTP/1.1 200 OK
Content-Type: application/json; charset=utf-8
cache-control: no-cache
content-length: 13

16:09:43.765 [AsyncHttpClient-1-8] DEBUG org.asynchttpclient.netty.channel.ChannelManager - Adding key: http://localhost:59907 for channel [id: 0xccfa6252, L:/127.0.0.1:58856 - R:localhost/127.0.0.1:59907]
16:09:43.770 [Forwarding findElement on session 1735c397104cf87681f51082eebbf465 to remote] DEBUG org.asynchttpclient.netty.request.NettyRequestSender - Using pooled Channel '[id: 0xccfa6252, L:/127.0.0.1:58856 - R:localhost/127.0.0.1:59907]' for 'POST' to 'http://localhost:59907/session/1735c397104cf87681f51082eebbf465/element'
16:09:43.770 [Forwarding findElement on session 1735c397104cf87681f51082eebbf465 to remote] DEBUG org.asynchttpclient.netty.request.NettyRequestSender - Using open Channel [id: 0xccfa6252, L:/127.0.0.1:58856 - R:localhost/127.0.0.1:59907] for POST '/session/1735c397104cf87681f51082eebbf465/element'
16:09:43.860 [AsyncHttpClient-1-8] DEBUG org.asynchttpclient.netty.handler.HttpHandler - 

Request DefaultHttpRequest(decodeResult: success, version: HTTP/1.1)
POST /session/1735c397104cf87681f51082eebbf465/element HTTP/1.1
User-Agent: selenium/4.1.2 (java windows)
Content-Length: 74
Content-Type: application/json; charset=utf-8
host: localhost:59907
accept: */*

Response DefaultHttpResponse(decodeResult: success, version: HTTP/1.1)
HTTP/1.1 200 OK
Content-Type: application/json; charset=utf-8
cache-control: no-cache
content-length: 88

16:09:43.860 [AsyncHttpClient-1-8] DEBUG org.asynchttpclient.netty.channel.ChannelManager - Adding key: http://localhost:59907 for channel [id: 0xccfa6252, L:/127.0.0.1:58856 - R:localhost/127.0.0.1:59907]
16:09:43.863 [Forwarding clickElement on session 1735c397104cf87681f51082eebbf465 to remote] DEBUG org.asynchttpclient.netty.request.NettyRequestSender - Using pooled Channel '[id: 0xccfa6252, L:/127.0.0.1:58856 - R:localhost/127.0.0.1:59907]' for 'POST' to 'http://localhost:59907/session/1735c397104cf87681f51082eebbf465/element/d3839949-99fe-40dc-9556-696959e776d1/click'
16:09:43.864 [Forwarding clickElement on session 1735c397104cf87681f51082eebbf465 to remote] DEBUG org.asynchttpclient.netty.request.NettyRequestSender - Using open Channel [id: 0xccfa6252, L:/127.0.0.1:58856 - R:localhost/127.0.0.1:59907] for POST '/session/1735c397104cf87681f51082eebbf465/element/d3839949-99fe-40dc-9556-696959e776d1/click'
16:09:44.230 [AsyncHttpClient-1-1] DEBUG org.asynchttpclient.netty.channel.DefaultChannelPool - Entry count for : http://localhost:58857 : 1
16:09:44.308 [AsyncHttpClient-1-8] DEBUG org.asynchttpclient.netty.handler.HttpHandler - 

Request DefaultHttpRequest(decodeResult: success, version: HTTP/1.1)
POST /session/1735c397104cf87681f51082eebbf465/element/d3839949-99fe-40dc-9556-696959e776d1/click HTTP/1.1
User-Agent: selenium/4.1.2 (java windows)
Content-Length: 50
Content-Type: application/json; charset=utf-8
host: localhost:59907
accept: */*

Response DefaultHttpResponse(decodeResult: success, version: HTTP/1.1)
HTTP/1.1 200 OK
Content-Type: application/json; charset=utf-8
cache-control: no-cache
content-length: 14

16:09:44.308 [AsyncHttpClient-1-8] DEBUG org.asynchttpclient.netty.channel.ChannelManager - Adding key: http://localhost:59907 for channel [id: 0xccfa6252, L:/127.0.0.1:58856 - R:localhost/127.0.0.1:59907]
16:09:44.327 [Forwarding findElement on session 1735c397104cf87681f51082eebbf465 to remote] DEBUG org.asynchttpclient.netty.request.NettyRequestSender - Using pooled Channel '[id: 0xccfa6252, L:/127.0.0.1:58856 - R:localhost/127.0.0.1:59907]' for 'POST' to 'http://localhost:59907/session/1735c397104cf87681f51082eebbf465/element'
16:09:44.327 [Forwarding findElement on session 1735c397104cf87681f51082eebbf465 to remote] DEBUG org.asynchttpclient.netty.request.NettyRequestSender - Using open Channel [id: 0xccfa6252, L:/127.0.0.1:58856 - R:localhost/127.0.0.1:59907] for POST '/session/1735c397104cf87681f51082eebbf465/element'
16:09:44.378 [AsyncHttpClient-1-8] DEBUG org.asynchttpclient.netty.handler.HttpHandler - 

Request DefaultHttpRequest(decodeResult: success, version: HTTP/1.1)
POST /session/1735c397104cf87681f51082eebbf465/element HTTP/1.1
User-Agent: selenium/4.1.2 (java windows)
Content-Length: 50
Content-Type: application/json; charset=utf-8
host: localhost:59907
accept: */*

Response DefaultHttpResponse(decodeResult: success, version: HTTP/1.1)
HTTP/1.1 200 OK
Content-Type: application/json; charset=utf-8
cache-control: no-cache
content-length: 88

16:09:44.378 [AsyncHttpClient-1-8] DEBUG org.asynchttpclient.netty.channel.ChannelManager - Adding key: http://localhost:59907 for channel [id: 0xccfa6252, L:/127.0.0.1:58856 - R:localhost/127.0.0.1:59907]
16:09:44.383 [Forwarding getElementTagName on session 1735c397104cf87681f51082eebbf465 to remote] DEBUG org.asynchttpclient.netty.request.NettyRequestSender - Using pooled Channel '[id: 0xccfa6252, L:/127.0.0.1:58856 - R:localhost/127.0.0.1:59907]' for 'GET' to 'http://localhost:59907/session/1735c397104cf87681f51082eebbf465/element/beebb065-63d9-47b0-a94e-f4387fec6548/name'
16:09:44.383 [Forwarding getElementTagName on session 1735c397104cf87681f51082eebbf465 to remote] DEBUG org.asynchttpclient.netty.request.NettyRequestSender - Using open Channel [id: 0xccfa6252, L:/127.0.0.1:58856 - R:localhost/127.0.0.1:59907] for GET '/session/1735c397104cf87681f51082eebbf465/element/beebb065-63d9-47b0-a94e-f4387fec6548/name'
16:09:44.409 [AsyncHttpClient-1-8] DEBUG org.asynchttpclient.netty.handler.HttpHandler - 

Request DefaultFullHttpRequest(decodeResult: success, version: HTTP/1.1, content: EmptyByteBufBE)
GET /session/1735c397104cf87681f51082eebbf465/element/beebb065-63d9-47b0-a94e-f4387fec6548/name HTTP/1.1
User-Agent: selenium/4.1.2 (java windows)
Cache-Control: no-cache
Content-Type: application/json; charset=utf-8
host: localhost:59907
accept: */*

Response DefaultHttpResponse(decodeResult: success, version: HTTP/1.1)
HTTP/1.1 200 OK
Content-Type: application/json; charset=utf-8
cache-control: no-cache
content-length: 18

16:09:44.410 [AsyncHttpClient-1-8] DEBUG org.asynchttpclient.netty.channel.ChannelManager - Adding key: http://localhost:59907 for channel [id: 0xccfa6252, L:/127.0.0.1:58856 - R:localhost/127.0.0.1:59907]
16:09:44.414 [Forwarding getElementTagName on session 1735c397104cf87681f51082eebbf465 to remote] DEBUG org.asynchttpclient.netty.request.NettyRequestSender - Using pooled Channel '[id: 0xccfa6252, L:/127.0.0.1:58856 - R:localhost/127.0.0.1:59907]' for 'GET' to 'http://localhost:59907/session/1735c397104cf87681f51082eebbf465/element/beebb065-63d9-47b0-a94e-f4387fec6548/name'
16:09:44.414 [Forwarding getElementTagName on session 1735c397104cf87681f51082eebbf465 to remote] DEBUG org.asynchttpclient.netty.request.NettyRequestSender - Using open Channel [id: 0xccfa6252, L:/127.0.0.1:58856 - R:localhost/127.0.0.1:59907] for GET '/session/1735c397104cf87681f51082eebbf465/element/beebb065-63d9-47b0-a94e-f4387fec6548/name'
16:09:44.431 [AsyncHttpClient-1-8] DEBUG org.asynchttpclient.netty.handler.HttpHandler - 

Request DefaultFullHttpRequest(decodeResult: success, version: HTTP/1.1, content: EmptyByteBufBE)
GET /session/1735c397104cf87681f51082eebbf465/element/beebb065-63d9-47b0-a94e-f4387fec6548/name HTTP/1.1
User-Agent: selenium/4.1.2 (java windows)
Cache-Control: no-cache
Content-Type: application/json; charset=utf-8
host: localhost:59907
accept: */*

Response DefaultHttpResponse(decodeResult: success, version: HTTP/1.1)
HTTP/1.1 200 OK
Content-Type: application/json; charset=utf-8
cache-control: no-cache
content-length: 18

16:09:44.432 [AsyncHttpClient-1-8] DEBUG org.asynchttpclient.netty.channel.ChannelManager - Adding key: http://localhost:59907 for channel [id: 0xccfa6252, L:/127.0.0.1:58856 - R:localhost/127.0.0.1:59907]
16:09:44.440 [Forwarding isElementEnabled on session 1735c397104cf87681f51082eebbf465 to remote] DEBUG org.asynchttpclient.netty.request.NettyRequestSender - Using pooled Channel '[id: 0xccfa6252, L:/127.0.0.1:58856 - R:localhost/127.0.0.1:59907]' for 'GET' to 'http://localhost:59907/session/1735c397104cf87681f51082eebbf465/element/beebb065-63d9-47b0-a94e-f4387fec6548/enabled'
16:09:44.440 [Forwarding isElementEnabled on session 1735c397104cf87681f51082eebbf465 to remote] DEBUG org.asynchttpclient.netty.request.NettyRequestSender - Using open Channel [id: 0xccfa6252, L:/127.0.0.1:58856 - R:localhost/127.0.0.1:59907] for GET '/session/1735c397104cf87681f51082eebbf465/element/beebb065-63d9-47b0-a94e-f4387fec6548/enabled'
16:09:44.476 [AsyncHttpClient-1-8] DEBUG org.asynchttpclient.netty.handler.HttpHandler - 

Request DefaultFullHttpRequest(decodeResult: success, version: HTTP/1.1, content: EmptyByteBufBE)
GET /session/1735c397104cf87681f51082eebbf465/element/beebb065-63d9-47b0-a94e-f4387fec6548/enabled HTTP/1.1
User-Agent: selenium/4.1.2 (java windows)
Cache-Control: no-cache
Content-Type: application/json; charset=utf-8
host: localhost:59907
accept: */*

Response DefaultHttpResponse(decodeResult: success, version: HTTP/1.1)
HTTP/1.1 200 OK
Content-Type: application/json; charset=utf-8
cache-control: no-cache
content-length: 14

16:09:44.477 [AsyncHttpClient-1-8] DEBUG org.asynchttpclient.netty.channel.ChannelManager - Adding key: http://localhost:59907 for channel [id: 0xccfa6252, L:/127.0.0.1:58856 - R:localhost/127.0.0.1:59907]
16:09:44.481 [Forwarding isElementEnabled on session 1735c397104cf87681f51082eebbf465 to remote] DEBUG org.asynchttpclient.netty.request.NettyRequestSender - Using pooled Channel '[id: 0xccfa6252, L:/127.0.0.1:58856 - R:localhost/127.0.0.1:59907]' for 'GET' to 'http://localhost:59907/session/1735c397104cf87681f51082eebbf465/element/beebb065-63d9-47b0-a94e-f4387fec6548/enabled'
16:09:44.482 [Forwarding isElementEnabled on session 1735c397104cf87681f51082eebbf465 to remote] DEBUG org.asynchttpclient.netty.request.NettyRequestSender - Using open Channel [id: 0xccfa6252, L:/127.0.0.1:58856 - R:localhost/127.0.0.1:59907] for GET '/session/1735c397104cf87681f51082eebbf465/element/beebb065-63d9-47b0-a94e-f4387fec6548/enabled'
16:09:44.510 [AsyncHttpClient-1-8] DEBUG org.asynchttpclient.netty.handler.HttpHandler - 

Request DefaultFullHttpRequest(decodeResult: success, version: HTTP/1.1, content: EmptyByteBufBE)
GET /session/1735c397104cf87681f51082eebbf465/element/beebb065-63d9-47b0-a94e-f4387fec6548/enabled HTTP/1.1
User-Agent: selenium/4.1.2 (java windows)
Cache-Control: no-cache
Content-Type: application/json; charset=utf-8
host: localhost:59907
accept: */*

Response DefaultHttpResponse(decodeResult: success, version: HTTP/1.1)
HTTP/1.1 200 OK
Content-Type: application/json; charset=utf-8
cache-control: no-cache
content-length: 14

16:09:44.511 [AsyncHttpClient-1-8] DEBUG org.asynchttpclient.netty.channel.ChannelManager - Adding key: http://localhost:59907 for channel [id: 0xccfa6252, L:/127.0.0.1:58856 - R:localhost/127.0.0.1:59907]
16:09:44.517 [Forwarding findElement on session 1735c397104cf87681f51082eebbf465 to remote] DEBUG org.asynchttpclient.netty.request.NettyRequestSender - Using pooled Channel '[id: 0xccfa6252, L:/127.0.0.1:58856 - R:localhost/127.0.0.1:59907]' for 'POST' to 'http://localhost:59907/session/1735c397104cf87681f51082eebbf465/element'
16:09:44.517 [Forwarding findElement on session 1735c397104cf87681f51082eebbf465 to remote] DEBUG org.asynchttpclient.netty.request.NettyRequestSender - Using open Channel [id: 0xccfa6252, L:/127.0.0.1:58856 - R:localhost/127.0.0.1:59907] for POST '/session/1735c397104cf87681f51082eebbf465/element'
16:09:44.536 [AsyncHttpClient-1-8] DEBUG org.asynchttpclient.netty.handler.HttpHandler - 

Request DefaultHttpRequest(decodeResult: success, version: HTTP/1.1)
POST /session/1735c397104cf87681f51082eebbf465/element HTTP/1.1
User-Agent: selenium/4.1.2 (java windows)
Content-Length: 50
Content-Type: application/json; charset=utf-8
host: localhost:59907
accept: */*

Response DefaultHttpResponse(decodeResult: success, version: HTTP/1.1)
HTTP/1.1 200 OK
Content-Type: application/json; charset=utf-8
cache-control: no-cache
content-length: 88

16:09:44.537 [AsyncHttpClient-1-8] DEBUG org.asynchttpclient.netty.channel.ChannelManager - Adding key: http://localhost:59907 for channel [id: 0xccfa6252, L:/127.0.0.1:58856 - R:localhost/127.0.0.1:59907]
16:09:44.540 [Forwarding clickElement on session 1735c397104cf87681f51082eebbf465 to remote] DEBUG org.asynchttpclient.netty.request.NettyRequestSender - Using pooled Channel '[id: 0xccfa6252, L:/127.0.0.1:58856 - R:localhost/127.0.0.1:59907]' for 'POST' to 'http://localhost:59907/session/1735c397104cf87681f51082eebbf465/element/beebb065-63d9-47b0-a94e-f4387fec6548/click'
16:09:44.540 [Forwarding clickElement on session 1735c397104cf87681f51082eebbf465 to remote] DEBUG org.asynchttpclient.netty.request.NettyRequestSender - Using open Channel [id: 0xccfa6252, L:/127.0.0.1:58856 - R:localhost/127.0.0.1:59907] for POST '/session/1735c397104cf87681f51082eebbf465/element/beebb065-63d9-47b0-a94e-f4387fec6548/click'
16:09:44.644 [AsyncHttpClient-1-8] DEBUG org.asynchttpclient.netty.handler.HttpHandler - 

Request DefaultHttpRequest(decodeResult: success, version: HTTP/1.1)
POST /session/1735c397104cf87681f51082eebbf465/element/beebb065-63d9-47b0-a94e-f4387fec6548/click HTTP/1.1
User-Agent: selenium/4.1.2 (java windows)
Content-Length: 50
Content-Type: application/json; charset=utf-8
host: localhost:59907
accept: */*

Response DefaultHttpResponse(decodeResult: success, version: HTTP/1.1)
HTTP/1.1 200 OK
Content-Type: application/json; charset=utf-8
cache-control: no-cache
content-length: 14

16:09:44.644 [AsyncHttpClient-1-8] DEBUG org.asynchttpclient.netty.channel.ChannelManager - Adding key: http://localhost:59907 for channel [id: 0xccfa6252, L:/127.0.0.1:58856 - R:localhost/127.0.0.1:59907]
16:09:44.661 [Forwarding screenshot on session 1735c397104cf87681f51082eebbf465 to remote] DEBUG org.asynchttpclient.netty.request.NettyRequestSender - Using pooled Channel '[id: 0xccfa6252, L:/127.0.0.1:58856 - R:localhost/127.0.0.1:59907]' for 'GET' to 'http://localhost:59907/session/1735c397104cf87681f51082eebbf465/screenshot'
16:09:44.661 [Forwarding screenshot on session 1735c397104cf87681f51082eebbf465 to remote] DEBUG org.asynchttpclient.netty.request.NettyRequestSender - Using open Channel [id: 0xccfa6252, L:/127.0.0.1:58856 - R:localhost/127.0.0.1:59907] for GET '/session/1735c397104cf87681f51082eebbf465/screenshot'
16:09:45.228 [AsyncHttpClient-1-8] DEBUG org.asynchttpclient.netty.handler.HttpHandler - 

Request DefaultFullHttpRequest(decodeResult: success, version: HTTP/1.1, content: EmptyByteBufBE)
GET /session/1735c397104cf87681f51082eebbf465/screenshot HTTP/1.1
User-Agent: selenium/4.1.2 (java windows)
Cache-Control: no-cache
Content-Type: application/json; charset=utf-8
host: localhost:59907
accept: */*

Response DefaultHttpResponse(decodeResult: success, version: HTTP/1.1)
HTTP/1.1 200 OK
Content-Type: application/json; charset=utf-8
cache-control: no-cache
content-length: 287308

16:09:45.232 [AsyncHttpClient-1-8] DEBUG org.asynchttpclient.netty.channel.ChannelManager - Adding key: http://localhost:59907 for channel [id: 0xccfa6252, L:/127.0.0.1:58856 - R:localhost/127.0.0.1:59907]
16:09:45.254 [main] DEBUG net.serenitybdd.core.photography.Darkroom - Send negative for processing for target\site\serenity\d65dd0b3eafc65dda0775e2b7d7bac25c81ba49e01927a21093d48ac6b1db5f6.png
16:09:45.254 [main] DEBUG net.thucydides.core.steps.StepInterceptor - STEP DONE: clickLogin
  &amp#27;[32mAnd &amp#27;[0m&amp#27;[32mclick login button&amp#27;[0m                         &amp#27;[90m# starter.stepdefinitions.LoginSteps.clickLoginButton()&amp#27;[0m
16:09:45.301 [main] DEBUG net.thucydides.core.steps.StepInterceptor - STARTING STEP: LoginSteps.iGetThe - errorMessageAlert
16:09:45.314 [Forwarding findElement on session 1735c397104cf87681f51082eebbf465 to remote] DEBUG org.asynchttpclient.netty.request.NettyRequestSender - Using pooled Channel '[id: 0xccfa6252, L:/127.0.0.1:58856 - R:localhost/127.0.0.1:59907]' for 'POST' to 'http://localhost:59907/session/1735c397104cf87681f51082eebbf465/element'
16:09:45.314 [Forwarding findElement on session 1735c397104cf87681f51082eebbf465 to remote] DEBUG org.asynchttpclient.netty.request.NettyRequestSender - Using open Channel [id: 0xccfa6252, L:/127.0.0.1:58856 - R:localhost/127.0.0.1:59907] for POST '/session/1735c397104cf87681f51082eebbf465/element'
16:09:45.322 [AsyncHttpClient-1-1] DEBUG org.asynchttpclient.netty.channel.DefaultChannelPool - Entry count for : http://localhost:58857 : 1
16:09:46.127 [AsyncHttpClient-1-8] DEBUG org.asynchttpclient.netty.handler.HttpHandler - 

Request DefaultHttpRequest(decodeResult: success, version: HTTP/1.1)
POST /session/1735c397104cf87681f51082eebbf465/element HTTP/1.1
User-Agent: selenium/4.1.2 (java windows)
Content-Length: 49
Content-Type: application/json; charset=utf-8
host: localhost:59907
accept: */*

Response DefaultHttpResponse(decodeResult: success, version: HTTP/1.1)
HTTP/1.1 200 OK
Content-Type: application/json; charset=utf-8
cache-control: no-cache
content-length: 88

16:09:46.127 [AsyncHttpClient-1-8] DEBUG org.asynchttpclient.netty.channel.ChannelManager - Adding key: http://localhost:59907 for channel [id: 0xccfa6252, L:/127.0.0.1:58856 - R:localhost/127.0.0.1:59907]
16:09:46.130 [Forwarding getElementText on session 1735c397104cf87681f51082eebbf465 to remote] DEBUG org.asynchttpclient.netty.request.NettyRequestSender - Using pooled Channel '[id: 0xccfa6252, L:/127.0.0.1:58856 - R:localhost/127.0.0.1:59907]' for 'GET' to 'http://localhost:59907/session/1735c397104cf87681f51082eebbf465/element/d6bff871-815a-401a-922d-7f954122b79a/text'
16:09:46.130 [Forwarding getElementText on session 1735c397104cf87681f51082eebbf465 to remote] DEBUG org.asynchttpclient.netty.request.NettyRequestSender - Using open Channel [id: 0xccfa6252, L:/127.0.0.1:58856 - R:localhost/127.0.0.1:59907] for GET '/session/1735c397104cf87681f51082eebbf465/element/d6bff871-815a-401a-922d-7f954122b79a/text'
16:09:46.280 [AsyncHttpClient-1-8] DEBUG org.asynchttpclient.netty.handler.HttpHandler - 

Request DefaultFullHttpRequest(decodeResult: success, version: HTTP/1.1, content: EmptyByteBufBE)
GET /session/1735c397104cf87681f51082eebbf465/element/d6bff871-815a-401a-922d-7f954122b79a/text HTTP/1.1
User-Agent: selenium/4.1.2 (java windows)
Cache-Control: no-cache
Content-Type: application/json; charset=utf-8
host: localhost:59907
accept: */*

Response DefaultHttpResponse(decodeResult: success, version: HTTP/1.1)
HTTP/1.1 200 OK
Content-Type: application/json; charset=utf-8
cache-control: no-cache
content-length: 41

16:09:46.280 [AsyncHttpClient-1-8] DEBUG org.asynchttpclient.netty.channel.ChannelManager - Adding key: http://localhost:59907 for channel [id: 0xccfa6252, L:/127.0.0.1:58856 - R:localhost/127.0.0.1:59907]
16:09:46.297 [Forwarding screenshot on session 1735c397104cf87681f51082eebbf465 to remote] DEBUG org.asynchttpclient.netty.request.NettyRequestSender - Using pooled Channel '[id: 0xccfa6252, L:/127.0.0.1:58856 - R:localhost/127.0.0.1:59907]' for 'GET' to 'http://localhost:59907/session/1735c397104cf87681f51082eebbf465/screenshot'
16:09:46.297 [Forwarding screenshot on session 1735c397104cf87681f51082eebbf465 to remote] DEBUG org.asynchttpclient.netty.request.NettyRequestSender - Using open Channel [id: 0xccfa6252, L:/127.0.0.1:58856 - R:localhost/127.0.0.1:59907] for GET '/session/1735c397104cf87681f51082eebbf465/screenshot'
16:09:46.417 [AsyncHttpClient-1-1] DEBUG org.asynchttpclient.netty.channel.DefaultChannelPool - Entry count for : http://localhost:58857 : 1
16:09:46.904 [AsyncHttpClient-1-8] DEBUG org.asynchttpclient.netty.handler.HttpHandler - 

Request DefaultFullHttpRequest(decodeResult: success, version: HTTP/1.1, content: EmptyByteBufBE)
GET /session/1735c397104cf87681f51082eebbf465/screenshot HTTP/1.1
User-Agent: selenium/4.1.2 (java windows)
Cache-Control: no-cache
Content-Type: application/json; charset=utf-8
host: localhost:59907
accept: */*

Response DefaultHttpResponse(decodeResult: success, version: HTTP/1.1)
HTTP/1.1 200 OK
Content-Type: application/json; charset=utf-8
cache-control: no-cache
content-length: 313780

16:09:46.907 [AsyncHttpClient-1-8] DEBUG org.asynchttpclient.netty.channel.ChannelManager - Adding key: http://localhost:59907 for channel [id: 0xccfa6252, L:/127.0.0.1:58856 - R:localhost/127.0.0.1:59907]
16:09:46.927 [main] DEBUG net.serenitybdd.core.photography.Darkroom - Send negative for processing for target\site\serenity\4abd506be7d5244418779e80674ed0dc22410c486469b7167b111b80d5f6ef41.png
16:09:46.928 [main] DEBUG net.thucydides.core.steps.StepInterceptor - STEP DONE: errorMessageAlert
16:09:46.928 [Darkroom Processing Line] DEBUG net.serenitybdd.core.photography.DarkroomProcessingLine - Processing screenshot image in /var/screenshots/screenshot-16622853165102708754
16:09:46.928 [Darkroom Processing Line] DEBUG net.serenitybdd.core.photography.DarkroomProcessingLine - Saving screenshot to target\site\serenity\4abd506be7d5244418779e80674ed0dc22410c486469b7167b111b80d5f6ef41.png
16:09:46.943 [main] DEBUG net.thucydides.core.steps.StepInterceptor - STARTING STEP: LoginSteps.iGetThe - headerTextLogin
16:09:46.950 [Forwarding findElement on session 1735c397104cf87681f51082eebbf465 to remote] DEBUG org.asynchttpclient.netty.request.NettyRequestSender - Using pooled Channel '[id: 0xccfa6252, L:/127.0.0.1:58856 - R:localhost/127.0.0.1:59907]' for 'POST' to 'http://localhost:59907/session/1735c397104cf87681f51082eebbf465/element'
16:09:46.951 [Forwarding findElement on session 1735c397104cf87681f51082eebbf465 to remote] DEBUG org.asynchttpclient.netty.request.NettyRequestSender - Using open Channel [id: 0xccfa6252, L:/127.0.0.1:58856 - R:localhost/127.0.0.1:59907] for POST '/session/1735c397104cf87681f51082eebbf465/element'
16:09:46.959 [AsyncHttpClient-1-8] DEBUG org.asynchttpclient.netty.handler.HttpHandler - 

Request DefaultHttpRequest(decodeResult: success, version: HTTP/1.1)
POST /session/1735c397104cf87681f51082eebbf465/element HTTP/1.1
User-Agent: selenium/4.1.2 (java windows)
Content-Length: 48
Content-Type: application/json; charset=utf-8
host: localhost:59907
accept: */*

Response DefaultHttpResponse(decodeResult: success, version: HTTP/1.1)
HTTP/1.1 400 Bad Request
Content-Type: application/json; charset=utf-8
cache-control: no-cache
content-length: 987

16:09:46.960 [AsyncHttpClient-1-8] DEBUG org.asynchttpclient.netty.channel.ChannelManager - Adding key: http://localhost:59907 for channel [id: 0xccfa6252, L:/127.0.0.1:58856 - R:localhost/127.0.0.1:59907]
16:09:46.967 [Forwarding findElement on session 1735c397104cf87681f51082eebbf465 to remote] DEBUG org.asynchttpclient.netty.request.NettyRequestSender - Using pooled Channel '[id: 0xccfa6252, L:/127.0.0.1:58856 - R:localhost/127.0.0.1:59907]' for 'POST' to 'http://localhost:59907/session/1735c397104cf87681f51082eebbf465/element'
16:09:46.968 [Forwarding findElement on session 1735c397104cf87681f51082eebbf465 to remote] DEBUG org.asynchttpclient.netty.request.NettyRequestSender - Using open Channel [id: 0xccfa6252, L:/127.0.0.1:58856 - R:localhost/127.0.0.1:59907] for POST '/session/1735c397104cf87681f51082eebbf465/element'
16:09:47.008 [AsyncHttpClient-1-8] DEBUG org.asynchttpclient.netty.handler.HttpHandler - 

Request DefaultHttpRequest(decodeResult: success, version: HTTP/1.1)
POST /session/1735c397104cf87681f51082eebbf465/element HTTP/1.1
User-Agent: selenium/4.1.2 (java windows)
Content-Length: 58
Content-Type: application/json; charset=utf-8
host: localhost:59907
accept: */*

Response DefaultHttpResponse(decodeResult: success, version: HTTP/1.1)
HTTP/1.1 200 OK
Content-Type: application/json; charset=utf-8
cache-control: no-cache
content-length: 88

16:09:47.009 [AsyncHttpClient-1-8] DEBUG org.asynchttpclient.netty.channel.ChannelManager - Adding key: http://localhost:59907 for channel [id: 0xccfa6252, L:/127.0.0.1:58856 - R:localhost/127.0.0.1:59907]
16:09:47.013 [Forwarding getElementText on session 1735c397104cf87681f51082eebbf465 to remote] DEBUG org.asynchttpclient.netty.request.NettyRequestSender - Using pooled Channel '[id: 0xccfa6252, L:/127.0.0.1:58856 - R:localhost/127.0.0.1:59907]' for 'GET' to 'http://localhost:59907/session/1735c397104cf87681f51082eebbf465/element/0ae9e902-3e8d-4814-bbdd-e690abb4a34c/text'
16:09:47.013 [Forwarding getElementText on session 1735c397104cf87681f51082eebbf465 to remote] DEBUG org.asynchttpclient.netty.request.NettyRequestSender - Using open Channel [id: 0xccfa6252, L:/127.0.0.1:58856 - R:localhost/127.0.0.1:59907] for GET '/session/1735c397104cf87681f51082eebbf465/element/0ae9e902-3e8d-4814-bbdd-e690abb4a34c/text'
16:09:47.052 [AsyncHttpClient-1-8] DEBUG org.asynchttpclient.netty.handler.HttpHandler - 

Request DefaultFullHttpRequest(decodeResult: success, version: HTTP/1.1, content: EmptyByteBufBE)
GET /session/1735c397104cf87681f51082eebbf465/element/0ae9e902-3e8d-4814-bbdd-e690abb4a34c/text HTTP/1.1
User-Agent: selenium/4.1.2 (java windows)
Cache-Control: no-cache
Content-Type: application/json; charset=utf-8
host: localhost:59907
accept: */*

Response DefaultHttpResponse(decodeResult: success, version: HTTP/1.1)
HTTP/1.1 200 OK
Content-Type: application/json; charset=utf-8
cache-control: no-cache
content-length: 17

16:09:47.052 [AsyncHttpClient-1-8] DEBUG org.asynchttpclient.netty.channel.ChannelManager - Adding key: http://localhost:59907 for channel [id: 0xccfa6252, L:/127.0.0.1:58856 - R:localhost/127.0.0.1:59907]
16:09:47.065 [Forwarding screenshot on session 1735c397104cf87681f51082eebbf465 to remote] DEBUG org.asynchttpclient.netty.request.NettyRequestSender - Using pooled Channel '[id: 0xccfa6252, L:/127.0.0.1:58856 - R:localhost/127.0.0.1:59907]' for 'GET' to 'http://localhost:59907/session/1735c397104cf87681f51082eebbf465/screenshot'
16:09:47.065 [Forwarding screenshot on session 1735c397104cf87681f51082eebbf465 to remote] DEBUG org.asynchttpclient.netty.request.NettyRequestSender - Using open Channel [id: 0xccfa6252, L:/127.0.0.1:58856 - R:localhost/127.0.0.1:59907] for GET '/session/1735c397104cf87681f51082eebbf465/screenshot'
16:09:47.382 [AsyncHttpClient-1-8] DEBUG org.asynchttpclient.netty.handler.HttpHandler - 

Request DefaultFullHttpRequest(decodeResult: success, version: HTTP/1.1, content: EmptyByteBufBE)
GET /session/1735c397104cf87681f51082eebbf465/screenshot HTTP/1.1
User-Agent: selenium/4.1.2 (java windows)
Cache-Control: no-cache
Content-Type: application/json; charset=utf-8
host: localhost:59907
accept: */*

Response DefaultHttpResponse(decodeResult: success, version: HTTP/1.1)
HTTP/1.1 200 OK
Content-Type: application/json; charset=utf-8
cache-control: no-cache
content-length: 313780

16:09:47.383 [AsyncHttpClient-1-8] DEBUG org.asynchttpclient.netty.channel.ChannelManager - Adding key: http://localhost:59907 for channel [id: 0xccfa6252, L:/127.0.0.1:58856 - R:localhost/127.0.0.1:59907]
16:09:47.396 [main] DEBUG net.serenitybdd.core.photography.Darkroom - Send negative for processing for target\site\serenity\4abd506be7d5244418779e80674ed0dc22410c486469b7167b111b80d5f6ef41.png
16:09:47.396 [main] DEBUG net.thucydides.core.steps.StepInterceptor - STEP DONE: headerTextLogin
  &amp#27;[32mThen &amp#27;[0m&amp#27;[32mI get the &amp#27;[0m&amp#27;[32m&amp#27;[1m"Invalid username or password!"&amp#27;[0m &amp#27;[90m# starter.stepdefinitions.LoginSteps.iGetThe(java.lang.String)&amp#27;[0m
16:09:47.414 [AsyncHttpClient-1-10] DEBUG org.asynchttpclient.netty.handler.WebSocketHandler - Channel Closed: [id: 0x4019688e, L:/127.0.0.1:58866 ! R:localhost/127.0.0.1:58857] with attribute NettyResponseFuture{currentRetry=5,
	isDone=1,
	isCancelled=0,
	asyncHandler=org.asynchttpclient.ws.WebSocketUpgradeHandler@46ec2adc,
	nettyRequest=org.asynchttpclient.netty.request.NettyRequest@3eebc65,
	future=java.util.concurrent.CompletableFuture@6d199495[Completed normally],
	uri=ws://localhost:58857/devtools/browser/5cb1fe07-d06a-407e-9c3c-11c7c22e4865,
	keepAlive=true,
	redirectCount=0,
	timeoutsHolder=null,
	inAuth=0,
	touch=1648717770241}
16:09:47.415 [AsyncHttpClient-1-10] DEBUG org.asynchttpclient.netty.channel.ChannelManager - Closing Channel [id: 0x4019688e, L:/127.0.0.1:58866 ! R:localhost/127.0.0.1:58857] 
16:09:47.415 [Driver Command Executor] DEBUG org.asynchttpclient.netty.request.NettyRequestSender - Using pooled Channel '[id: 0xccfa6252, L:/127.0.0.1:58856 - R:localhost/127.0.0.1:59907]' for 'DELETE' to 'http://localhost:59907/session/1735c397104cf87681f51082eebbf465'
16:09:47.415 [Driver Command Executor] DEBUG org.asynchttpclient.netty.request.NettyRequestSender - Using open Channel [id: 0xccfa6252, L:/127.0.0.1:58856 - R:localhost/127.0.0.1:59907] for DELETE '/session/1735c397104cf87681f51082eebbf465'
16:09:47.517 [AsyncHttpClient-1-1] DEBUG org.asynchttpclient.netty.channel.DefaultChannelPool - Entry count for : http://localhost:58857 : 1
16:09:48.140 [AsyncHttpClient-1-9] DEBUG org.asynchttpclient.netty.handler.HttpHandler - Unexpected I/O exception on channel [id: 0x62ed0104, L:/127.0.0.1:58865 - R:localhost/127.0.0.1:58857]
java.net.SocketException: Connection reset
	at java.base/sun.nio.ch.SocketChannelImpl.throwConnectionReset(SocketChannelImpl.java:367)
	at java.base/sun.nio.ch.SocketChannelImpl.read(SocketChannelImpl.java:398)
	at io.netty.buffer.PooledByteBuf.setBytes(PooledByteBuf.java:258)
	at io.netty.buffer.AbstractByteBuf.writeBytes(AbstractByteBuf.java:1132)
	at io.netty.channel.socket.nio.NioSocketChannel.doReadBytes(NioSocketChannel.java:350)
	at io.netty.channel.nio.AbstractNioByteChannel$NioByteUnsafe.read(AbstractNioByteChannel.java:151)
	at io.netty.channel.nio.NioEventLoop.processSelectedKey(NioEventLoop.java:722)
	at io.netty.channel.nio.NioEventLoop.processSelectedKeysOptimized(NioEventLoop.java:658)
	at io.netty.channel.nio.NioEventLoop.processSelectedKeys(NioEventLoop.java:584)
	at io.netty.channel.nio.NioEventLoop.run(NioEventLoop.java:496)
	at io.netty.util.concurrent.SingleThreadEventExecutor$4.run(SingleThreadEventExecutor.java:986)
	at io.netty.util.internal.ThreadExecutorMap$2.run(ThreadExecutorMap.java:74)
	at io.netty.util.concurrent.FastThreadLocalRunnable.run(FastThreadLocalRunnable.java:30)
	at java.base/java.lang.Thread.run(Thread.java:832)
16:09:48.140 [AsyncHttpClient-1-9] DEBUG org.asynchttpclient.netty.channel.ChannelManager - Closing Channel [id: 0x62ed0104, L:/127.0.0.1:58865 - R:localhost/127.0.0.1:58857] 
16:09:48.141 [AsyncHttpClient-1-9] DEBUG org.asynchttpclient.netty.handler.HttpHandler - Channel Closed: [id: 0x62ed0104, L:/127.0.0.1:58865 ! R:localhost/127.0.0.1:58857] with attribute DISCARD
16:09:48.173 [AsyncHttpClient-1-8] DEBUG org.asynchttpclient.netty.handler.HttpHandler - 

Request DefaultFullHttpRequest(decodeResult: success, version: HTTP/1.1, content: EmptyByteBufBE)
DELETE /session/1735c397104cf87681f51082eebbf465 HTTP/1.1
User-Agent: selenium/4.1.2 (java windows)
Content-Type: application/json; charset=utf-8
host: localhost:59907
accept: */*

Response DefaultHttpResponse(decodeResult: success, version: HTTP/1.1)
HTTP/1.1 200 OK
Content-Type: application/json; charset=utf-8
cache-control: no-cache
content-length: 14

16:09:48.174 [AsyncHttpClient-1-8] DEBUG org.asynchttpclient.netty.channel.ChannelManager - Adding key: http://localhost:59907 for channel [id: 0xccfa6252, L:/127.0.0.1:58856 - R:localhost/127.0.0.1:59907]
16:09:48.400 [AsyncHttpClient-1-8] DEBUG org.asynchttpclient.netty.handler.HttpHandler - Channel Closed: [id: 0xccfa6252, L:/127.0.0.1:58856 ! R:localhost/127.0.0.1:59907] with attribute DISCARD
16:09:48.621 [AsyncHttpClient-1-1] DEBUG org.asynchttpclient.netty.channel.DefaultChannelPool - Entry count for : http://localhost:59907 : 1
16:09:48.621 [AsyncHttpClient-1-1] DEBUG org.asynchttpclient.netty.channel.DefaultChannelPool - Entry count for : http://localhost:58857 : 1
16:09:48.621 [AsyncHttpClient-1-1] DEBUG org.asynchttpclient.netty.channel.DefaultChannelPool - Adding Candidate expired Channel [id: 0xccfa6252, L:/127.0.0.1:58856 ! R:localhost/127.0.0.1:59907] isIdleTimeoutExpired=false isRemotelyClosed=true isTtlExpired=false
16:09:48.621 [AsyncHttpClient-1-1] DEBUG org.asynchttpclient.netty.channel.DefaultChannelPool - Closing Idle Channel [id: 0xccfa6252, L:/127.0.0.1:58856 ! R:localhost/127.0.0.1:59907]
16:09:48.621 [AsyncHttpClient-1-1] DEBUG org.asynchttpclient.netty.channel.DefaultChannelPool - Adding Candidate expired Channel [id: 0x62ed0104, L:/127.0.0.1:58865 ! R:localhost/127.0.0.1:58857] isIdleTimeoutExpired=false isRemotelyClosed=true isTtlExpired=false
16:09:48.621 [AsyncHttpClient-1-1] DEBUG org.asynchttpclient.netty.channel.DefaultChannelPool - Closing Idle Channel [id: 0x62ed0104, L:/127.0.0.1:58865 ! R:localhost/127.0.0.1:58857]
16:09:48.621 [AsyncHttpClient-1-1] DEBUG org.asynchttpclient.netty.channel.DefaultChannelPool - Closed 2 connections out of 2 in 0 ms
]]></system-out>
    <system-err><![CDATA[Starting ChromeDriver 99.0.4844.51 (d537ec02474b5afe23684e7963d538896c63ac77-refs/branch-heads/4844@{#875}) on port 59907
Only local connections are allowed.
Please see https://chromedriver.chromium.org/security-considerations for suggestions on keeping ChromeDriver safe.
ChromeDriver was started successfully.
Mar 31, 2022 4:09:30 PM org.openqa.selenium.remote.ProtocolHandshake createSession
INFO: Detected dialect: W3C
Mar 31, 2022 4:09:30 PM org.openqa.selenium.devtools.CdpVersionFinder findNearestMatch
WARNING: Unable to find an exact match for CDP version 99, so returning the closest version found: 97
Mar 31, 2022 4:09:30 PM org.openqa.selenium.devtools.CdpVersionFinder findNearestMatch
INFO: Found CDP implementation for version 99 of 97
]]></system-err>
  </testcase>
  <testcase name="Login scenario #4" classname="Login" time="24.982">
    <system-out><![CDATA[
@Login @DDT
Scenario Outline: Login scenario                 &amp#27;[90m# src/test/resources/features/login.feature:21&amp#27;[0m
16:09:48.941 [main] INFO io.cucumber.core.plugin.SerenityReporter - Running feature from file:///D:/PERKULIAHAN/Semester%206,Hebatt%20glad!/Altera/New%20folder/Serenity_Gladys_DDT/src/test/resources/features/login.feature
16:09:48.984 [main] DEBUG net.thucydides.core.steps.StepInterceptor - STARTING STEP: LoginSteps.iAmOnTheLoginPage - openUrl
16:09:48.986 [main] INFO net.serenitybdd.core.webdriver.driverproviders.ChromeDriverProvider - Using automatically driver download
16:09:49.567 [main] DEBUG io.github.bonigarcia.wdm.cache.ResolutionCache - Resolution chrome=99 in cache (valid until 17:07:17 31/03/2022 WIB)
16:09:49.580 [main] DEBUG io.github.bonigarcia.wdm.cache.ResolutionCache - Resolution chrome99=99.0.4844.51 in cache (valid until 13:47:20 01/04/2022 WIB)
16:09:49.583 [main] INFO io.github.bonigarcia.wdm.WebDriverManager - Using chromedriver 99.0.4844.51 (resolved driver for Chrome 99)
16:09:49.602 [main] DEBUG io.github.bonigarcia.wdm.WebDriverManager - Driver chromedriver 99.0.4844.51 found in cache
16:09:49.604 [main] INFO io.github.bonigarcia.wdm.WebDriverManager - Exporting webdriver.chrome.driver as C:\Users\ASUS\.cache\selenium\chromedriver\win32\99.0.4844.51\chromedriver.exe
16:09:49.797 [main] DEBUG net.serenitybdd.core.webdriver.driverproviders.ProvideNewDriver - Instantiating driver
16:09:49.797 [main] DEBUG net.serenitybdd.core.webdriver.driverproviders.ProvideNewDriver - Driver capabilities: Capabilities {acceptInsecureCerts: false, base.url: https://demoqa.com/login, browserName: chrome, chrome.driver: src/test/resources/webdrive..., driver: chrome, goog:chromeOptions: {args: [], extensions: []}}
16:09:52.732 [AsyncHttpClient-1-11] DEBUG org.asynchttpclient.netty.channel.NettyConnectListener - Using new Channel '[id: 0x83001df6, L:/127.0.0.1:58940 - R:localhost/127.0.0.1:61473]' for 'POST' to '/session'
16:09:57.597 [AsyncHttpClient-1-11] DEBUG org.asynchttpclient.netty.handler.HttpHandler - 

Request DefaultHttpRequest(decodeResult: success, version: HTTP/1.1)
POST /session HTTP/1.1
User-Agent: selenium/4.1.2 (java windows)
Content-Length: 610
Content-Type: application/json; charset=utf-8
host: localhost:61473
accept: */*

Response DefaultHttpResponse(decodeResult: success, version: HTTP/1.1)
HTTP/1.1 200 OK
Content-Type: application/json; charset=utf-8
cache-control: no-cache
content-length: 787

16:09:57.597 [AsyncHttpClient-1-11] DEBUG org.asynchttpclient.netty.channel.ChannelManager - Adding key: http://localhost:61473 for channel [id: 0x83001df6, L:/127.0.0.1:58940 - R:localhost/127.0.0.1:61473]
16:09:57.659 [AsyncHttpClient-1-12] DEBUG org.asynchttpclient.netty.channel.NettyConnectListener - Using new Channel '[id: 0x49e7f8e3, L:/127.0.0.1:58949 - R:localhost/127.0.0.1:58941]' for 'GET' to '/json/version'
16:09:57.669 [AsyncHttpClient-1-12] DEBUG org.asynchttpclient.netty.handler.HttpHandler - 

Request DefaultFullHttpRequest(decodeResult: success, version: HTTP/1.1, content: EmptyByteBufBE)
GET /json/version HTTP/1.1
User-Agent: selenium/4.1.2 (java windows)
host: localhost:58941
accept: */*

Response DefaultHttpResponse(decodeResult: success, version: HTTP/1.1)
HTTP/1.1 200 OK
Content-Type: application/json; charset=UTF-8
content-length: 424

16:09:57.669 [AsyncHttpClient-1-12] DEBUG org.asynchttpclient.netty.channel.ChannelManager - Adding key: http://localhost:58941 for channel [id: 0x49e7f8e3, L:/127.0.0.1:58949 - R:localhost/127.0.0.1:58941]
16:09:57.675 [AsyncHttpClient-1-13] DEBUG org.asynchttpclient.netty.channel.NettyConnectListener - Using new Channel '[id: 0x1f91815e, L:/127.0.0.1:58950 - R:localhost/127.0.0.1:58941]' for 'GET' to '/devtools/browser/79905681-2b86-48b0-9c61-345f31fa2167'
16:09:57.688 [AsyncHttpClient-1-13] DEBUG org.asynchttpclient.netty.handler.WebSocketHandler - 

Request DefaultFullHttpRequest(decodeResult: success, version: HTTP/1.1, content: EmptyByteBufBE)
GET /devtools/browser/79905681-2b86-48b0-9c61-345f31fa2167 HTTP/1.1
upgrade: websocket
connection: upgrade
sec-websocket-key: w5TxRRmpzMBD4/aKawmlUQ==
sec-websocket-version: 13
origin: http://localhost:58941
host: localhost:58941
accept: */*
user-agent: AHC/2.1

Response DefaultHttpResponse(decodeResult: success, version: HTTP/1.1)
HTTP/1.1 101 WebSocket Protocol Handshake
Upgrade: WebSocket
Connection: Upgrade
Sec-WebSocket-Accept: ZeczJ8LKzsbjD8/8fXA2wmk6y4Q=

16:09:57.698 [Forwarding maximizeCurrentWindow on session e6e142842aad9a5dde7f86ccab6a2087 to remote] DEBUG org.asynchttpclient.netty.request.NettyRequestSender - Using pooled Channel '[id: 0x83001df6, L:/127.0.0.1:58940 - R:localhost/127.0.0.1:61473]' for 'POST' to 'http://localhost:61473/session/e6e142842aad9a5dde7f86ccab6a2087/window/maximize'
16:09:57.698 [Forwarding maximizeCurrentWindow on session e6e142842aad9a5dde7f86ccab6a2087 to remote] DEBUG org.asynchttpclient.netty.request.NettyRequestSender - Using open Channel [id: 0x83001df6, L:/127.0.0.1:58940 - R:localhost/127.0.0.1:61473] for POST '/session/e6e142842aad9a5dde7f86ccab6a2087/window/maximize'
16:09:58.058 [AsyncHttpClient-1-11] DEBUG org.asynchttpclient.netty.handler.HttpHandler - 

Request DefaultHttpRequest(decodeResult: success, version: HTTP/1.1)
POST /session/e6e142842aad9a5dde7f86ccab6a2087/window/maximize HTTP/1.1
User-Agent: selenium/4.1.2 (java windows)
Content-Length: 3
Content-Type: application/json; charset=utf-8
host: localhost:61473
accept: */*

Response DefaultHttpResponse(decodeResult: success, version: HTTP/1.1)
HTTP/1.1 200 OK
Content-Type: application/json; charset=utf-8
cache-control: no-cache
content-length: 51

16:09:58.058 [AsyncHttpClient-1-11] DEBUG org.asynchttpclient.netty.channel.ChannelManager - Adding key: http://localhost:61473 for channel [id: 0x83001df6, L:/127.0.0.1:58940 - R:localhost/127.0.0.1:61473]
16:09:58.061 [Forwarding get on session e6e142842aad9a5dde7f86ccab6a2087 to remote] DEBUG org.asynchttpclient.netty.request.NettyRequestSender - Using pooled Channel '[id: 0x83001df6, L:/127.0.0.1:58940 - R:localhost/127.0.0.1:61473]' for 'POST' to 'http://localhost:61473/session/e6e142842aad9a5dde7f86ccab6a2087/url'
16:09:58.062 [Forwarding get on session e6e142842aad9a5dde7f86ccab6a2087 to remote] DEBUG org.asynchttpclient.netty.request.NettyRequestSender - Using open Channel [id: 0x83001df6, L:/127.0.0.1:58940 - R:localhost/127.0.0.1:61473] for POST '/session/e6e142842aad9a5dde7f86ccab6a2087/url'
16:09:58.519 [AsyncHttpClient-1-1] DEBUG org.asynchttpclient.netty.channel.DefaultChannelPool - Entry count for : http://localhost:58941 : 1
16:09:59.619 [AsyncHttpClient-1-1] DEBUG org.asynchttpclient.netty.channel.DefaultChannelPool - Entry count for : http://localhost:58941 : 1
16:10:00.719 [AsyncHttpClient-1-1] DEBUG org.asynchttpclient.netty.channel.DefaultChannelPool - Entry count for : http://localhost:58941 : 1
16:10:01.823 [AsyncHttpClient-1-1] DEBUG org.asynchttpclient.netty.channel.DefaultChannelPool - Entry count for : http://localhost:58941 : 1
16:10:02.922 [AsyncHttpClient-1-1] DEBUG org.asynchttpclient.netty.channel.DefaultChannelPool - Entry count for : http://localhost:58941 : 1
16:10:04.018 [AsyncHttpClient-1-1] DEBUG org.asynchttpclient.netty.channel.DefaultChannelPool - Entry count for : http://localhost:58941 : 1
16:10:05.119 [AsyncHttpClient-1-1] DEBUG org.asynchttpclient.netty.channel.DefaultChannelPool - Entry count for : http://localhost:58941 : 1
16:10:06.221 [AsyncHttpClient-1-1] DEBUG org.asynchttpclient.netty.channel.DefaultChannelPool - Entry count for : http://localhost:58941 : 1
16:10:06.574 [AsyncHttpClient-1-11] DEBUG org.asynchttpclient.netty.handler.HttpHandler - 

Request DefaultHttpRequest(decodeResult: success, version: HTTP/1.1)
POST /session/e6e142842aad9a5dde7f86ccab6a2087/url HTTP/1.1
User-Agent: selenium/4.1.2 (java windows)
Content-Length: 54
Content-Type: application/json; charset=utf-8
host: localhost:61473
accept: */*

Response DefaultHttpResponse(decodeResult: success, version: HTTP/1.1)
HTTP/1.1 200 OK
Content-Type: application/json; charset=utf-8
cache-control: no-cache
content-length: 14

16:10:06.575 [AsyncHttpClient-1-11] DEBUG org.asynchttpclient.netty.channel.ChannelManager - Adding key: http://localhost:61473 for channel [id: 0x83001df6, L:/127.0.0.1:58940 - R:localhost/127.0.0.1:61473]
16:10:06.578 [Forwarding setTimeout on session e6e142842aad9a5dde7f86ccab6a2087 to remote] DEBUG org.asynchttpclient.netty.request.NettyRequestSender - Using pooled Channel '[id: 0x83001df6, L:/127.0.0.1:58940 - R:localhost/127.0.0.1:61473]' for 'POST' to 'http://localhost:61473/session/e6e142842aad9a5dde7f86ccab6a2087/timeouts'
16:10:06.578 [Forwarding setTimeout on session e6e142842aad9a5dde7f86ccab6a2087 to remote] DEBUG org.asynchttpclient.netty.request.NettyRequestSender - Using open Channel [id: 0x83001df6, L:/127.0.0.1:58940 - R:localhost/127.0.0.1:61473] for POST '/session/e6e142842aad9a5dde7f86ccab6a2087/timeouts'
16:10:06.581 [AsyncHttpClient-1-11] DEBUG org.asynchttpclient.netty.handler.HttpHandler - 

Request DefaultHttpRequest(decodeResult: success, version: HTTP/1.1)
POST /session/e6e142842aad9a5dde7f86ccab6a2087/timeouts HTTP/1.1
User-Agent: selenium/4.1.2 (java windows)
Content-Length: 22
Content-Type: application/json; charset=utf-8
host: localhost:61473
accept: */*

Response DefaultHttpResponse(decodeResult: success, version: HTTP/1.1)
HTTP/1.1 200 OK
Content-Type: application/json; charset=utf-8
cache-control: no-cache
content-length: 14

16:10:06.582 [AsyncHttpClient-1-11] DEBUG org.asynchttpclient.netty.channel.ChannelManager - Adding key: http://localhost:61473 for channel [id: 0x83001df6, L:/127.0.0.1:58940 - R:localhost/127.0.0.1:61473]
16:10:06.589 [Forwarding getCurrentUrl on session e6e142842aad9a5dde7f86ccab6a2087 to remote] DEBUG org.asynchttpclient.netty.request.NettyRequestSender - Using pooled Channel '[id: 0x83001df6, L:/127.0.0.1:58940 - R:localhost/127.0.0.1:61473]' for 'GET' to 'http://localhost:61473/session/e6e142842aad9a5dde7f86ccab6a2087/url'
16:10:06.589 [Forwarding getCurrentUrl on session e6e142842aad9a5dde7f86ccab6a2087 to remote] DEBUG org.asynchttpclient.netty.request.NettyRequestSender - Using open Channel [id: 0x83001df6, L:/127.0.0.1:58940 - R:localhost/127.0.0.1:61473] for GET '/session/e6e142842aad9a5dde7f86ccab6a2087/url'
16:10:06.598 [AsyncHttpClient-1-11] DEBUG org.asynchttpclient.netty.handler.HttpHandler - 

Request DefaultFullHttpRequest(decodeResult: success, version: HTTP/1.1, content: EmptyByteBufBE)
GET /session/e6e142842aad9a5dde7f86ccab6a2087/url HTTP/1.1
User-Agent: selenium/4.1.2 (java windows)
Cache-Control: no-cache
Content-Type: application/json; charset=utf-8
host: localhost:61473
accept: */*

Response DefaultHttpResponse(decodeResult: success, version: HTTP/1.1)
HTTP/1.1 200 OK
Content-Type: application/json; charset=utf-8
cache-control: no-cache
content-length: 36

16:10:06.599 [AsyncHttpClient-1-11] DEBUG org.asynchttpclient.netty.channel.ChannelManager - Adding key: http://localhost:61473 for channel [id: 0x83001df6, L:/127.0.0.1:58940 - R:localhost/127.0.0.1:61473]
16:10:06.609 [Forwarding screenshot on session e6e142842aad9a5dde7f86ccab6a2087 to remote] DEBUG org.asynchttpclient.netty.request.NettyRequestSender - Using pooled Channel '[id: 0x83001df6, L:/127.0.0.1:58940 - R:localhost/127.0.0.1:61473]' for 'GET' to 'http://localhost:61473/session/e6e142842aad9a5dde7f86ccab6a2087/screenshot'
16:10:06.609 [Forwarding screenshot on session e6e142842aad9a5dde7f86ccab6a2087 to remote] DEBUG org.asynchttpclient.netty.request.NettyRequestSender - Using open Channel [id: 0x83001df6, L:/127.0.0.1:58940 - R:localhost/127.0.0.1:61473] for GET '/session/e6e142842aad9a5dde7f86ccab6a2087/screenshot'
16:10:07.320 [AsyncHttpClient-1-1] DEBUG org.asynchttpclient.netty.channel.DefaultChannelPool - Entry count for : http://localhost:58941 : 1
16:10:07.483 [AsyncHttpClient-1-11] DEBUG org.asynchttpclient.netty.handler.HttpHandler - 

Request DefaultFullHttpRequest(decodeResult: success, version: HTTP/1.1, content: EmptyByteBufBE)
GET /session/e6e142842aad9a5dde7f86ccab6a2087/screenshot HTTP/1.1
User-Agent: selenium/4.1.2 (java windows)
Cache-Control: no-cache
Content-Type: application/json; charset=utf-8
host: localhost:61473
accept: */*

Response DefaultHttpResponse(decodeResult: success, version: HTTP/1.1)
HTTP/1.1 200 OK
Content-Type: application/json; charset=utf-8
cache-control: no-cache
content-length: 493100

16:10:07.485 [AsyncHttpClient-1-11] DEBUG org.asynchttpclient.netty.channel.ChannelManager - Adding key: http://localhost:61473 for channel [id: 0x83001df6, L:/127.0.0.1:58940 - R:localhost/127.0.0.1:61473]
16:10:07.501 [main] DEBUG net.serenitybdd.core.photography.Darkroom - Send negative for processing for target\site\serenity\64f50c4302de4a7fecd76d72ab7ac2c989b6e02abd0354af631899257a178fef.png
16:10:07.502 [main] DEBUG net.thucydides.core.steps.StepInterceptor - STEP DONE: openUrl
16:10:07.502 [Darkroom Processing Line] DEBUG net.serenitybdd.core.photography.DarkroomProcessingLine - Processing screenshot image in /var/screenshots/screenshot-6059806255112234375
16:10:07.502 [Darkroom Processing Line] DEBUG net.serenitybdd.core.photography.DarkroomProcessingLine - Saving screenshot to target\site\serenity\64f50c4302de4a7fecd76d72ab7ac2c989b6e02abd0354af631899257a178fef.png
16:10:07.511 [main] DEBUG net.thucydides.core.steps.StepInterceptor - STARTING STEP: LoginSteps.iAmOnTheLoginPage - validateIfButtonLoginIsAppear
16:10:07.515 [Forwarding findElement on session e6e142842aad9a5dde7f86ccab6a2087 to remote] DEBUG org.asynchttpclient.netty.request.NettyRequestSender - Using pooled Channel '[id: 0x83001df6, L:/127.0.0.1:58940 - R:localhost/127.0.0.1:61473]' for 'POST' to 'http://localhost:61473/session/e6e142842aad9a5dde7f86ccab6a2087/element'
16:10:07.515 [Forwarding findElement on session e6e142842aad9a5dde7f86ccab6a2087 to remote] DEBUG org.asynchttpclient.netty.request.NettyRequestSender - Using open Channel [id: 0x83001df6, L:/127.0.0.1:58940 - R:localhost/127.0.0.1:61473] for POST '/session/e6e142842aad9a5dde7f86ccab6a2087/element'
16:10:07.537 [AsyncHttpClient-1-11] DEBUG org.asynchttpclient.netty.handler.HttpHandler - 

Request DefaultHttpRequest(decodeResult: success, version: HTTP/1.1)
POST /session/e6e142842aad9a5dde7f86ccab6a2087/element HTTP/1.1
User-Agent: selenium/4.1.2 (java windows)
Content-Length: 50
Content-Type: application/json; charset=utf-8
host: localhost:61473
accept: */*

Response DefaultHttpResponse(decodeResult: success, version: HTTP/1.1)
HTTP/1.1 200 OK
Content-Type: application/json; charset=utf-8
cache-control: no-cache
content-length: 88

16:10:07.537 [AsyncHttpClient-1-11] DEBUG org.asynchttpclient.netty.channel.ChannelManager - Adding key: http://localhost:61473 for channel [id: 0x83001df6, L:/127.0.0.1:58940 - R:localhost/127.0.0.1:61473]
16:10:07.544 [Forwarding isElementDisplayed on session e6e142842aad9a5dde7f86ccab6a2087 to remote] DEBUG org.asynchttpclient.netty.request.NettyRequestSender - Using pooled Channel '[id: 0x83001df6, L:/127.0.0.1:58940 - R:localhost/127.0.0.1:61473]' for 'POST' to 'http://localhost:61473/session/e6e142842aad9a5dde7f86ccab6a2087/execute/sync'
16:10:07.544 [Forwarding isElementDisplayed on session e6e142842aad9a5dde7f86ccab6a2087 to remote] DEBUG org.asynchttpclient.netty.request.NettyRequestSender - Using open Channel [id: 0x83001df6, L:/127.0.0.1:58940 - R:localhost/127.0.0.1:61473] for POST '/session/e6e142842aad9a5dde7f86ccab6a2087/execute/sync'
16:10:07.567 [AsyncHttpClient-1-11] DEBUG org.asynchttpclient.netty.handler.HttpHandler - 

Request DefaultHttpRequest(decodeResult: success, version: HTTP/1.1)
POST /session/e6e142842aad9a5dde7f86ccab6a2087/execute/sync HTTP/1.1
User-Agent: selenium/4.1.2 (java windows)
Content-Length: 48780
Content-Type: application/json; charset=utf-8
host: localhost:61473
accept: */*

Response DefaultHttpResponse(decodeResult: success, version: HTTP/1.1)
HTTP/1.1 200 OK
Content-Type: application/json; charset=utf-8
cache-control: no-cache
content-length: 14

16:10:07.567 [AsyncHttpClient-1-11] DEBUG org.asynchttpclient.netty.channel.ChannelManager - Adding key: http://localhost:61473 for channel [id: 0x83001df6, L:/127.0.0.1:58940 - R:localhost/127.0.0.1:61473]
16:10:07.575 [Forwarding screenshot on session e6e142842aad9a5dde7f86ccab6a2087 to remote] DEBUG org.asynchttpclient.netty.request.NettyRequestSender - Using pooled Channel '[id: 0x83001df6, L:/127.0.0.1:58940 - R:localhost/127.0.0.1:61473]' for 'GET' to 'http://localhost:61473/session/e6e142842aad9a5dde7f86ccab6a2087/screenshot'
16:10:07.575 [Forwarding screenshot on session e6e142842aad9a5dde7f86ccab6a2087 to remote] DEBUG org.asynchttpclient.netty.request.NettyRequestSender - Using open Channel [id: 0x83001df6, L:/127.0.0.1:58940 - R:localhost/127.0.0.1:61473] for GET '/session/e6e142842aad9a5dde7f86ccab6a2087/screenshot'
16:10:07.915 [AsyncHttpClient-1-11] DEBUG org.asynchttpclient.netty.handler.HttpHandler - 

Request DefaultFullHttpRequest(decodeResult: success, version: HTTP/1.1, content: EmptyByteBufBE)
GET /session/e6e142842aad9a5dde7f86ccab6a2087/screenshot HTTP/1.1
User-Agent: selenium/4.1.2 (java windows)
Cache-Control: no-cache
Content-Type: application/json; charset=utf-8
host: localhost:61473
accept: */*

Response DefaultHttpResponse(decodeResult: success, version: HTTP/1.1)
HTTP/1.1 200 OK
Content-Type: application/json; charset=utf-8
cache-control: no-cache
content-length: 493100

16:10:07.917 [AsyncHttpClient-1-11] DEBUG org.asynchttpclient.netty.channel.ChannelManager - Adding key: http://localhost:61473 for channel [id: 0x83001df6, L:/127.0.0.1:58940 - R:localhost/127.0.0.1:61473]
16:10:07.932 [main] DEBUG net.serenitybdd.core.photography.Darkroom - Send negative for processing for target\site\serenity\64f50c4302de4a7fecd76d72ab7ac2c989b6e02abd0354af631899257a178fef.png
16:10:07.932 [main] DEBUG net.thucydides.core.steps.StepInterceptor - STEP DONE: validateIfButtonLoginIsAppear
  &amp#27;[32mGiven &amp#27;[0m&amp#27;[32mI am on the login page&amp#27;[0m                   &amp#27;[90m# starter.stepdefinitions.LoginSteps.iAmOnTheLoginPage()&amp#27;[0m
16:10:07.965 [main] DEBUG net.thucydides.core.steps.StepInterceptor - STARTING STEP: LoginSteps.iInputUsername - inputUsernameToField
16:10:07.968 [Forwarding findElement on session e6e142842aad9a5dde7f86ccab6a2087 to remote] DEBUG org.asynchttpclient.netty.request.NettyRequestSender - Using pooled Channel '[id: 0x83001df6, L:/127.0.0.1:58940 - R:localhost/127.0.0.1:61473]' for 'POST' to 'http://localhost:61473/session/e6e142842aad9a5dde7f86ccab6a2087/element'
16:10:07.968 [Forwarding findElement on session e6e142842aad9a5dde7f86ccab6a2087 to remote] DEBUG org.asynchttpclient.netty.request.NettyRequestSender - Using open Channel [id: 0x83001df6, L:/127.0.0.1:58940 - R:localhost/127.0.0.1:61473] for POST '/session/e6e142842aad9a5dde7f86ccab6a2087/element'
16:10:07.982 [AsyncHttpClient-1-11] DEBUG org.asynchttpclient.netty.handler.HttpHandler - 

Request DefaultHttpRequest(decodeResult: success, version: HTTP/1.1)
POST /session/e6e142842aad9a5dde7f86ccab6a2087/element HTTP/1.1
User-Agent: selenium/4.1.2 (java windows)
Content-Length: 53
Content-Type: application/json; charset=utf-8
host: localhost:61473
accept: */*

Response DefaultHttpResponse(decodeResult: success, version: HTTP/1.1)
HTTP/1.1 200 OK
Content-Type: application/json; charset=utf-8
cache-control: no-cache
content-length: 88

16:10:07.982 [AsyncHttpClient-1-11] DEBUG org.asynchttpclient.netty.channel.ChannelManager - Adding key: http://localhost:61473 for channel [id: 0x83001df6, L:/127.0.0.1:58940 - R:localhost/127.0.0.1:61473]
16:10:07.984 [Forwarding clearElement on session e6e142842aad9a5dde7f86ccab6a2087 to remote] DEBUG org.asynchttpclient.netty.request.NettyRequestSender - Using pooled Channel '[id: 0x83001df6, L:/127.0.0.1:58940 - R:localhost/127.0.0.1:61473]' for 'POST' to 'http://localhost:61473/session/e6e142842aad9a5dde7f86ccab6a2087/element/d8a68e1a-feb3-4917-b49c-665161af0e0b/clear'
16:10:07.984 [Forwarding clearElement on session e6e142842aad9a5dde7f86ccab6a2087 to remote] DEBUG org.asynchttpclient.netty.request.NettyRequestSender - Using open Channel [id: 0x83001df6, L:/127.0.0.1:58940 - R:localhost/127.0.0.1:61473] for POST '/session/e6e142842aad9a5dde7f86ccab6a2087/element/d8a68e1a-feb3-4917-b49c-665161af0e0b/clear'
16:10:08.029 [AsyncHttpClient-1-11] DEBUG org.asynchttpclient.netty.handler.HttpHandler - 

Request DefaultHttpRequest(decodeResult: success, version: HTTP/1.1)
POST /session/e6e142842aad9a5dde7f86ccab6a2087/element/d8a68e1a-feb3-4917-b49c-665161af0e0b/clear HTTP/1.1
User-Agent: selenium/4.1.2 (java windows)
Content-Length: 50
Content-Type: application/json; charset=utf-8
host: localhost:61473
accept: */*

Response DefaultHttpResponse(decodeResult: success, version: HTTP/1.1)
HTTP/1.1 200 OK
Content-Type: application/json; charset=utf-8
cache-control: no-cache
content-length: 14

16:10:08.029 [AsyncHttpClient-1-11] DEBUG org.asynchttpclient.netty.channel.ChannelManager - Adding key: http://localhost:61473 for channel [id: 0x83001df6, L:/127.0.0.1:58940 - R:localhost/127.0.0.1:61473]
16:10:08.031 [Forwarding sendKeysToElement on session e6e142842aad9a5dde7f86ccab6a2087 to remote] DEBUG org.asynchttpclient.netty.request.NettyRequestSender - Using pooled Channel '[id: 0x83001df6, L:/127.0.0.1:58940 - R:localhost/127.0.0.1:61473]' for 'POST' to 'http://localhost:61473/session/e6e142842aad9a5dde7f86ccab6a2087/element/d8a68e1a-feb3-4917-b49c-665161af0e0b/value'
16:10:08.031 [Forwarding sendKeysToElement on session e6e142842aad9a5dde7f86ccab6a2087 to remote] DEBUG org.asynchttpclient.netty.request.NettyRequestSender - Using open Channel [id: 0x83001df6, L:/127.0.0.1:58940 - R:localhost/127.0.0.1:61473] for POST '/session/e6e142842aad9a5dde7f86ccab6a2087/element/d8a68e1a-feb3-4917-b49c-665161af0e0b/value'
16:10:08.112 [AsyncHttpClient-1-11] DEBUG org.asynchttpclient.netty.handler.HttpHandler - 

Request DefaultHttpRequest(decodeResult: success, version: HTTP/1.1)
POST /session/e6e142842aad9a5dde7f86ccab6a2087/element/d8a68e1a-feb3-4917-b49c-665161af0e0b/value HTTP/1.1
User-Agent: selenium/4.1.2 (java windows)
Content-Length: 141
Content-Type: application/json; charset=utf-8
host: localhost:61473
accept: */*

Response DefaultHttpResponse(decodeResult: success, version: HTTP/1.1)
HTTP/1.1 200 OK
Content-Type: application/json; charset=utf-8
cache-control: no-cache
content-length: 14

16:10:08.112 [AsyncHttpClient-1-11] DEBUG org.asynchttpclient.netty.channel.ChannelManager - Adding key: http://localhost:61473 for channel [id: 0x83001df6, L:/127.0.0.1:58940 - R:localhost/127.0.0.1:61473]
16:10:08.119 [Forwarding screenshot on session e6e142842aad9a5dde7f86ccab6a2087 to remote] DEBUG org.asynchttpclient.netty.request.NettyRequestSender - Using pooled Channel '[id: 0x83001df6, L:/127.0.0.1:58940 - R:localhost/127.0.0.1:61473]' for 'GET' to 'http://localhost:61473/session/e6e142842aad9a5dde7f86ccab6a2087/screenshot'
16:10:08.119 [Forwarding screenshot on session e6e142842aad9a5dde7f86ccab6a2087 to remote] DEBUG org.asynchttpclient.netty.request.NettyRequestSender - Using open Channel [id: 0x83001df6, L:/127.0.0.1:58940 - R:localhost/127.0.0.1:61473] for GET '/session/e6e142842aad9a5dde7f86ccab6a2087/screenshot'
16:10:08.418 [AsyncHttpClient-1-1] DEBUG org.asynchttpclient.netty.channel.DefaultChannelPool - Entry count for : http://localhost:58941 : 1
16:10:08.554 [AsyncHttpClient-1-11] DEBUG org.asynchttpclient.netty.handler.HttpHandler - 

Request DefaultFullHttpRequest(decodeResult: success, version: HTTP/1.1, content: EmptyByteBufBE)
GET /session/e6e142842aad9a5dde7f86ccab6a2087/screenshot HTTP/1.1
User-Agent: selenium/4.1.2 (java windows)
Cache-Control: no-cache
Content-Type: application/json; charset=utf-8
host: localhost:61473
accept: */*

Response DefaultHttpResponse(decodeResult: success, version: HTTP/1.1)
HTTP/1.1 200 OK
Content-Type: application/json; charset=utf-8
cache-control: no-cache
content-length: 492996

16:10:08.558 [AsyncHttpClient-1-11] DEBUG org.asynchttpclient.netty.channel.ChannelManager - Adding key: http://localhost:61473 for channel [id: 0x83001df6, L:/127.0.0.1:58940 - R:localhost/127.0.0.1:61473]
16:10:08.586 [main] DEBUG net.serenitybdd.core.photography.Darkroom - Send negative for processing for target\site\serenity\15406c2aec087054d52f496b969f231a8a6a3ccb245f8aa9791ab41a8b48147c.png
16:10:08.586 [main] DEBUG net.thucydides.core.steps.StepInterceptor - STEP DONE: inputUsernameToField
16:10:08.586 [Darkroom Processing Line] DEBUG net.serenitybdd.core.photography.DarkroomProcessingLine - Processing screenshot image in /var/screenshots/screenshot-4237371980152164025
16:10:08.586 [Darkroom Processing Line] DEBUG net.serenitybdd.core.photography.DarkroomProcessingLine - Saving screenshot to target\site\serenity\15406c2aec087054d52f496b969f231a8a6a3ccb245f8aa9791ab41a8b48147c.png
  &amp#27;[32mWhen &amp#27;[0m&amp#27;[32mI input &amp#27;[0m&amp#27;[32m&amp#27;[1m"gladys"&amp#27;[0m&amp#27;[32m username&amp#27;[0m                 &amp#27;[90m# starter.stepdefinitions.LoginSteps.iInputUsername(java.lang.String)&amp#27;[0m
16:10:08.626 [main] DEBUG net.thucydides.core.steps.StepInterceptor - STARTING STEP: LoginSteps.iInputPassword - inputPasswordToField
16:10:08.631 [Forwarding findElement on session e6e142842aad9a5dde7f86ccab6a2087 to remote] DEBUG org.asynchttpclient.netty.request.NettyRequestSender - Using pooled Channel '[id: 0x83001df6, L:/127.0.0.1:58940 - R:localhost/127.0.0.1:61473]' for 'POST' to 'http://localhost:61473/session/e6e142842aad9a5dde7f86ccab6a2087/element'
16:10:08.631 [Forwarding findElement on session e6e142842aad9a5dde7f86ccab6a2087 to remote] DEBUG org.asynchttpclient.netty.request.NettyRequestSender - Using open Channel [id: 0x83001df6, L:/127.0.0.1:58940 - R:localhost/127.0.0.1:61473] for POST '/session/e6e142842aad9a5dde7f86ccab6a2087/element'
16:10:08.652 [AsyncHttpClient-1-11] DEBUG org.asynchttpclient.netty.handler.HttpHandler - 

Request DefaultHttpRequest(decodeResult: success, version: HTTP/1.1)
POST /session/e6e142842aad9a5dde7f86ccab6a2087/element HTTP/1.1
User-Agent: selenium/4.1.2 (java windows)
Content-Length: 53
Content-Type: application/json; charset=utf-8
host: localhost:61473
accept: */*

Response DefaultHttpResponse(decodeResult: success, version: HTTP/1.1)
HTTP/1.1 200 OK
Content-Type: application/json; charset=utf-8
cache-control: no-cache
content-length: 88

16:10:08.653 [AsyncHttpClient-1-11] DEBUG org.asynchttpclient.netty.channel.ChannelManager - Adding key: http://localhost:61473 for channel [id: 0x83001df6, L:/127.0.0.1:58940 - R:localhost/127.0.0.1:61473]
16:10:08.656 [Forwarding clearElement on session e6e142842aad9a5dde7f86ccab6a2087 to remote] DEBUG org.asynchttpclient.netty.request.NettyRequestSender - Using pooled Channel '[id: 0x83001df6, L:/127.0.0.1:58940 - R:localhost/127.0.0.1:61473]' for 'POST' to 'http://localhost:61473/session/e6e142842aad9a5dde7f86ccab6a2087/element/f3c71c6a-a7a5-450c-ac36-536ea367422b/clear'
16:10:08.656 [Forwarding clearElement on session e6e142842aad9a5dde7f86ccab6a2087 to remote] DEBUG org.asynchttpclient.netty.request.NettyRequestSender - Using open Channel [id: 0x83001df6, L:/127.0.0.1:58940 - R:localhost/127.0.0.1:61473] for POST '/session/e6e142842aad9a5dde7f86ccab6a2087/element/f3c71c6a-a7a5-450c-ac36-536ea367422b/clear'
16:10:08.711 [AsyncHttpClient-1-11] DEBUG org.asynchttpclient.netty.handler.HttpHandler - 

Request DefaultHttpRequest(decodeResult: success, version: HTTP/1.1)
POST /session/e6e142842aad9a5dde7f86ccab6a2087/element/f3c71c6a-a7a5-450c-ac36-536ea367422b/clear HTTP/1.1
User-Agent: selenium/4.1.2 (java windows)
Content-Length: 50
Content-Type: application/json; charset=utf-8
host: localhost:61473
accept: */*

Response DefaultHttpResponse(decodeResult: success, version: HTTP/1.1)
HTTP/1.1 200 OK
Content-Type: application/json; charset=utf-8
cache-control: no-cache
content-length: 14

16:10:08.711 [AsyncHttpClient-1-11] DEBUG org.asynchttpclient.netty.channel.ChannelManager - Adding key: http://localhost:61473 for channel [id: 0x83001df6, L:/127.0.0.1:58940 - R:localhost/127.0.0.1:61473]
16:10:08.713 [Forwarding sendKeysToElement on session e6e142842aad9a5dde7f86ccab6a2087 to remote] DEBUG org.asynchttpclient.netty.request.NettyRequestSender - Using pooled Channel '[id: 0x83001df6, L:/127.0.0.1:58940 - R:localhost/127.0.0.1:61473]' for 'POST' to 'http://localhost:61473/session/e6e142842aad9a5dde7f86ccab6a2087/element/f3c71c6a-a7a5-450c-ac36-536ea367422b/value'
16:10:08.713 [Forwarding sendKeysToElement on session e6e142842aad9a5dde7f86ccab6a2087 to remote] DEBUG org.asynchttpclient.netty.request.NettyRequestSender - Using open Channel [id: 0x83001df6, L:/127.0.0.1:58940 - R:localhost/127.0.0.1:61473] for POST '/session/e6e142842aad9a5dde7f86ccab6a2087/element/f3c71c6a-a7a5-450c-ac36-536ea367422b/value'
16:10:08.806 [AsyncHttpClient-1-11] DEBUG org.asynchttpclient.netty.handler.HttpHandler - 

Request DefaultHttpRequest(decodeResult: success, version: HTTP/1.1)
POST /session/e6e142842aad9a5dde7f86ccab6a2087/element/f3c71c6a-a7a5-450c-ac36-536ea367422b/value HTTP/1.1
User-Agent: selenium/4.1.2 (java windows)
Content-Length: 141
Content-Type: application/json; charset=utf-8
host: localhost:61473
accept: */*

Response DefaultHttpResponse(decodeResult: success, version: HTTP/1.1)
HTTP/1.1 200 OK
Content-Type: application/json; charset=utf-8
cache-control: no-cache
content-length: 14

16:10:08.806 [AsyncHttpClient-1-11] DEBUG org.asynchttpclient.netty.channel.ChannelManager - Adding key: http://localhost:61473 for channel [id: 0x83001df6, L:/127.0.0.1:58940 - R:localhost/127.0.0.1:61473]
16:10:08.819 [Forwarding screenshot on session e6e142842aad9a5dde7f86ccab6a2087 to remote] DEBUG org.asynchttpclient.netty.request.NettyRequestSender - Using pooled Channel '[id: 0x83001df6, L:/127.0.0.1:58940 - R:localhost/127.0.0.1:61473]' for 'GET' to 'http://localhost:61473/session/e6e142842aad9a5dde7f86ccab6a2087/screenshot'
16:10:08.819 [Forwarding screenshot on session e6e142842aad9a5dde7f86ccab6a2087 to remote] DEBUG org.asynchttpclient.netty.request.NettyRequestSender - Using open Channel [id: 0x83001df6, L:/127.0.0.1:58940 - R:localhost/127.0.0.1:61473] for GET '/session/e6e142842aad9a5dde7f86ccab6a2087/screenshot'
16:10:09.363 [AsyncHttpClient-1-11] DEBUG org.asynchttpclient.netty.handler.HttpHandler - 

Request DefaultFullHttpRequest(decodeResult: success, version: HTTP/1.1, content: EmptyByteBufBE)
GET /session/e6e142842aad9a5dde7f86ccab6a2087/screenshot HTTP/1.1
User-Agent: selenium/4.1.2 (java windows)
Cache-Control: no-cache
Content-Type: application/json; charset=utf-8
host: localhost:61473
accept: */*

Response DefaultHttpResponse(decodeResult: success, version: HTTP/1.1)
HTTP/1.1 200 OK
Content-Type: application/json; charset=utf-8
cache-control: no-cache
content-length: 490880

16:10:09.366 [AsyncHttpClient-1-11] DEBUG org.asynchttpclient.netty.channel.ChannelManager - Adding key: http://localhost:61473 for channel [id: 0x83001df6, L:/127.0.0.1:58940 - R:localhost/127.0.0.1:61473]
16:10:09.388 [main] DEBUG net.serenitybdd.core.photography.Darkroom - Send negative for processing for target\site\serenity\7ed82b52d3526eadf4ffd428dd71577da93d35e7dc1a43cfd863138c09168f39.png
16:10:09.389 [main] DEBUG net.thucydides.core.steps.StepInterceptor - STEP DONE: inputPasswordToField
  &amp#27;[32mAnd &amp#27;[0m&amp#27;[32mI input &amp#27;[0m&amp#27;[32m&amp#27;[1m"KinoSu"&amp#27;[0m&amp#27;[32m password&amp#27;[0m                  &amp#27;[90m# starter.stepdefinitions.LoginSteps.iInputPassword(java.lang.String)&amp#27;[0m
16:10:09.395 [Darkroom Processing Line] DEBUG net.serenitybdd.core.photography.DarkroomProcessingLine - Processing screenshot image in /var/screenshots/screenshot-18212882426514704240
16:10:09.395 [Darkroom Processing Line] DEBUG net.serenitybdd.core.photography.DarkroomProcessingLine - Saving screenshot to target\site\serenity\7ed82b52d3526eadf4ffd428dd71577da93d35e7dc1a43cfd863138c09168f39.png
16:10:09.431 [main] DEBUG net.thucydides.core.steps.StepInterceptor - STARTING STEP: LoginSteps.clickLoginButton - clickLogin
16:10:09.435 [Forwarding findElement on session e6e142842aad9a5dde7f86ccab6a2087 to remote] DEBUG org.asynchttpclient.netty.request.NettyRequestSender - Using pooled Channel '[id: 0x83001df6, L:/127.0.0.1:58940 - R:localhost/127.0.0.1:61473]' for 'POST' to 'http://localhost:61473/session/e6e142842aad9a5dde7f86ccab6a2087/element'
16:10:09.435 [Forwarding findElement on session e6e142842aad9a5dde7f86ccab6a2087 to remote] DEBUG org.asynchttpclient.netty.request.NettyRequestSender - Using open Channel [id: 0x83001df6, L:/127.0.0.1:58940 - R:localhost/127.0.0.1:61473] for POST '/session/e6e142842aad9a5dde7f86ccab6a2087/element'
16:10:09.504 [AsyncHttpClient-1-11] DEBUG org.asynchttpclient.netty.handler.HttpHandler - 

Request DefaultHttpRequest(decodeResult: success, version: HTTP/1.1)
POST /session/e6e142842aad9a5dde7f86ccab6a2087/element HTTP/1.1
User-Agent: selenium/4.1.2 (java windows)
Content-Length: 74
Content-Type: application/json; charset=utf-8
host: localhost:61473
accept: */*

Response DefaultHttpResponse(decodeResult: success, version: HTTP/1.1)
HTTP/1.1 200 OK
Content-Type: application/json; charset=utf-8
cache-control: no-cache
content-length: 88

16:10:09.504 [AsyncHttpClient-1-11] DEBUG org.asynchttpclient.netty.channel.ChannelManager - Adding key: http://localhost:61473 for channel [id: 0x83001df6, L:/127.0.0.1:58940 - R:localhost/127.0.0.1:61473]
16:10:09.508 [Forwarding getElementTagName on session e6e142842aad9a5dde7f86ccab6a2087 to remote] DEBUG org.asynchttpclient.netty.request.NettyRequestSender - Using pooled Channel '[id: 0x83001df6, L:/127.0.0.1:58940 - R:localhost/127.0.0.1:61473]' for 'GET' to 'http://localhost:61473/session/e6e142842aad9a5dde7f86ccab6a2087/element/b209d95e-9406-4c38-aacf-993bfbe5b5e3/name'
16:10:09.508 [Forwarding getElementTagName on session e6e142842aad9a5dde7f86ccab6a2087 to remote] DEBUG org.asynchttpclient.netty.request.NettyRequestSender - Using open Channel [id: 0x83001df6, L:/127.0.0.1:58940 - R:localhost/127.0.0.1:61473] for GET '/session/e6e142842aad9a5dde7f86ccab6a2087/element/b209d95e-9406-4c38-aacf-993bfbe5b5e3/name'
16:10:09.516 [AsyncHttpClient-1-11] DEBUG org.asynchttpclient.netty.handler.HttpHandler - 

Request DefaultFullHttpRequest(decodeResult: success, version: HTTP/1.1, content: EmptyByteBufBE)
GET /session/e6e142842aad9a5dde7f86ccab6a2087/element/b209d95e-9406-4c38-aacf-993bfbe5b5e3/name HTTP/1.1
User-Agent: selenium/4.1.2 (java windows)
Cache-Control: no-cache
Content-Type: application/json; charset=utf-8
host: localhost:61473
accept: */*

Response DefaultHttpResponse(decodeResult: success, version: HTTP/1.1)
HTTP/1.1 200 OK
Content-Type: application/json; charset=utf-8
cache-control: no-cache
content-length: 13

16:10:09.516 [AsyncHttpClient-1-11] DEBUG org.asynchttpclient.netty.channel.ChannelManager - Adding key: http://localhost:61473 for channel [id: 0x83001df6, L:/127.0.0.1:58940 - R:localhost/127.0.0.1:61473]
16:10:09.519 [Forwarding getElementTagName on session e6e142842aad9a5dde7f86ccab6a2087 to remote] DEBUG org.asynchttpclient.netty.request.NettyRequestSender - Using pooled Channel '[id: 0x83001df6, L:/127.0.0.1:58940 - R:localhost/127.0.0.1:61473]' for 'GET' to 'http://localhost:61473/session/e6e142842aad9a5dde7f86ccab6a2087/element/b209d95e-9406-4c38-aacf-993bfbe5b5e3/name'
16:10:09.519 [Forwarding getElementTagName on session e6e142842aad9a5dde7f86ccab6a2087 to remote] DEBUG org.asynchttpclient.netty.request.NettyRequestSender - Using open Channel [id: 0x83001df6, L:/127.0.0.1:58940 - R:localhost/127.0.0.1:61473] for GET '/session/e6e142842aad9a5dde7f86ccab6a2087/element/b209d95e-9406-4c38-aacf-993bfbe5b5e3/name'
16:10:09.525 [AsyncHttpClient-1-11] DEBUG org.asynchttpclient.netty.handler.HttpHandler - 

Request DefaultFullHttpRequest(decodeResult: success, version: HTTP/1.1, content: EmptyByteBufBE)
GET /session/e6e142842aad9a5dde7f86ccab6a2087/element/b209d95e-9406-4c38-aacf-993bfbe5b5e3/name HTTP/1.1
User-Agent: selenium/4.1.2 (java windows)
Cache-Control: no-cache
Content-Type: application/json; charset=utf-8
host: localhost:61473
accept: */*

Response DefaultHttpResponse(decodeResult: success, version: HTTP/1.1)
HTTP/1.1 200 OK
Content-Type: application/json; charset=utf-8
cache-control: no-cache
content-length: 13

16:10:09.525 [AsyncHttpClient-1-11] DEBUG org.asynchttpclient.netty.channel.ChannelManager - Adding key: http://localhost:61473 for channel [id: 0x83001df6, L:/127.0.0.1:58940 - R:localhost/127.0.0.1:61473]
16:10:09.528 [AsyncHttpClient-1-1] DEBUG org.asynchttpclient.netty.channel.DefaultChannelPool - Entry count for : http://localhost:61473 : 1
16:10:09.528 [AsyncHttpClient-1-1] DEBUG org.asynchttpclient.netty.channel.DefaultChannelPool - Entry count for : http://localhost:58941 : 1
16:10:09.528 [Forwarding findElement on session e6e142842aad9a5dde7f86ccab6a2087 to remote] DEBUG org.asynchttpclient.netty.request.NettyRequestSender - Using pooled Channel '[id: 0x83001df6, L:/127.0.0.1:58940 - R:localhost/127.0.0.1:61473]' for 'POST' to 'http://localhost:61473/session/e6e142842aad9a5dde7f86ccab6a2087/element'
16:10:09.529 [Forwarding findElement on session e6e142842aad9a5dde7f86ccab6a2087 to remote] DEBUG org.asynchttpclient.netty.request.NettyRequestSender - Using open Channel [id: 0x83001df6, L:/127.0.0.1:58940 - R:localhost/127.0.0.1:61473] for POST '/session/e6e142842aad9a5dde7f86ccab6a2087/element'
16:10:09.543 [AsyncHttpClient-1-11] DEBUG org.asynchttpclient.netty.handler.HttpHandler - 

Request DefaultHttpRequest(decodeResult: success, version: HTTP/1.1)
POST /session/e6e142842aad9a5dde7f86ccab6a2087/element HTTP/1.1
User-Agent: selenium/4.1.2 (java windows)
Content-Length: 74
Content-Type: application/json; charset=utf-8
host: localhost:61473
accept: */*

Response DefaultHttpResponse(decodeResult: success, version: HTTP/1.1)
HTTP/1.1 200 OK
Content-Type: application/json; charset=utf-8
cache-control: no-cache
content-length: 88

16:10:09.543 [AsyncHttpClient-1-11] DEBUG org.asynchttpclient.netty.channel.ChannelManager - Adding key: http://localhost:61473 for channel [id: 0x83001df6, L:/127.0.0.1:58940 - R:localhost/127.0.0.1:61473]
16:10:09.546 [Forwarding clickElement on session e6e142842aad9a5dde7f86ccab6a2087 to remote] DEBUG org.asynchttpclient.netty.request.NettyRequestSender - Using pooled Channel '[id: 0x83001df6, L:/127.0.0.1:58940 - R:localhost/127.0.0.1:61473]' for 'POST' to 'http://localhost:61473/session/e6e142842aad9a5dde7f86ccab6a2087/element/b209d95e-9406-4c38-aacf-993bfbe5b5e3/click'
16:10:09.546 [Forwarding clickElement on session e6e142842aad9a5dde7f86ccab6a2087 to remote] DEBUG org.asynchttpclient.netty.request.NettyRequestSender - Using open Channel [id: 0x83001df6, L:/127.0.0.1:58940 - R:localhost/127.0.0.1:61473] for POST '/session/e6e142842aad9a5dde7f86ccab6a2087/element/b209d95e-9406-4c38-aacf-993bfbe5b5e3/click'
16:10:09.755 [AsyncHttpClient-1-11] DEBUG org.asynchttpclient.netty.handler.HttpHandler - 

Request DefaultHttpRequest(decodeResult: success, version: HTTP/1.1)
POST /session/e6e142842aad9a5dde7f86ccab6a2087/element/b209d95e-9406-4c38-aacf-993bfbe5b5e3/click HTTP/1.1
User-Agent: selenium/4.1.2 (java windows)
Content-Length: 50
Content-Type: application/json; charset=utf-8
host: localhost:61473
accept: */*

Response DefaultHttpResponse(decodeResult: success, version: HTTP/1.1)
HTTP/1.1 200 OK
Content-Type: application/json; charset=utf-8
cache-control: no-cache
content-length: 14

16:10:09.756 [AsyncHttpClient-1-11] DEBUG org.asynchttpclient.netty.channel.ChannelManager - Adding key: http://localhost:61473 for channel [id: 0x83001df6, L:/127.0.0.1:58940 - R:localhost/127.0.0.1:61473]
16:10:09.763 [Forwarding findElement on session e6e142842aad9a5dde7f86ccab6a2087 to remote] DEBUG org.asynchttpclient.netty.request.NettyRequestSender - Using pooled Channel '[id: 0x83001df6, L:/127.0.0.1:58940 - R:localhost/127.0.0.1:61473]' for 'POST' to 'http://localhost:61473/session/e6e142842aad9a5dde7f86ccab6a2087/element'
16:10:09.764 [Forwarding findElement on session e6e142842aad9a5dde7f86ccab6a2087 to remote] DEBUG org.asynchttpclient.netty.request.NettyRequestSender - Using open Channel [id: 0x83001df6, L:/127.0.0.1:58940 - R:localhost/127.0.0.1:61473] for POST '/session/e6e142842aad9a5dde7f86ccab6a2087/element'
16:10:09.788 [AsyncHttpClient-1-11] DEBUG org.asynchttpclient.netty.handler.HttpHandler - 

Request DefaultHttpRequest(decodeResult: success, version: HTTP/1.1)
POST /session/e6e142842aad9a5dde7f86ccab6a2087/element HTTP/1.1
User-Agent: selenium/4.1.2 (java windows)
Content-Length: 50
Content-Type: application/json; charset=utf-8
host: localhost:61473
accept: */*

Response DefaultHttpResponse(decodeResult: success, version: HTTP/1.1)
HTTP/1.1 200 OK
Content-Type: application/json; charset=utf-8
cache-control: no-cache
content-length: 88

16:10:09.788 [AsyncHttpClient-1-11] DEBUG org.asynchttpclient.netty.channel.ChannelManager - Adding key: http://localhost:61473 for channel [id: 0x83001df6, L:/127.0.0.1:58940 - R:localhost/127.0.0.1:61473]
16:10:09.791 [Forwarding getElementTagName on session e6e142842aad9a5dde7f86ccab6a2087 to remote] DEBUG org.asynchttpclient.netty.request.NettyRequestSender - Using pooled Channel '[id: 0x83001df6, L:/127.0.0.1:58940 - R:localhost/127.0.0.1:61473]' for 'GET' to 'http://localhost:61473/session/e6e142842aad9a5dde7f86ccab6a2087/element/e623ae69-6e2c-4b43-9f19-053e69d006cd/name'
16:10:09.792 [Forwarding getElementTagName on session e6e142842aad9a5dde7f86ccab6a2087 to remote] DEBUG org.asynchttpclient.netty.request.NettyRequestSender - Using open Channel [id: 0x83001df6, L:/127.0.0.1:58940 - R:localhost/127.0.0.1:61473] for GET '/session/e6e142842aad9a5dde7f86ccab6a2087/element/e623ae69-6e2c-4b43-9f19-053e69d006cd/name'
16:10:09.803 [AsyncHttpClient-1-11] DEBUG org.asynchttpclient.netty.handler.HttpHandler - 

Request DefaultFullHttpRequest(decodeResult: success, version: HTTP/1.1, content: EmptyByteBufBE)
GET /session/e6e142842aad9a5dde7f86ccab6a2087/element/e623ae69-6e2c-4b43-9f19-053e69d006cd/name HTTP/1.1
User-Agent: selenium/4.1.2 (java windows)
Cache-Control: no-cache
Content-Type: application/json; charset=utf-8
host: localhost:61473
accept: */*

Response DefaultHttpResponse(decodeResult: success, version: HTTP/1.1)
HTTP/1.1 200 OK
Content-Type: application/json; charset=utf-8
cache-control: no-cache
content-length: 18

16:10:09.803 [AsyncHttpClient-1-11] DEBUG org.asynchttpclient.netty.channel.ChannelManager - Adding key: http://localhost:61473 for channel [id: 0x83001df6, L:/127.0.0.1:58940 - R:localhost/127.0.0.1:61473]
16:10:09.808 [Forwarding getElementTagName on session e6e142842aad9a5dde7f86ccab6a2087 to remote] DEBUG org.asynchttpclient.netty.request.NettyRequestSender - Using pooled Channel '[id: 0x83001df6, L:/127.0.0.1:58940 - R:localhost/127.0.0.1:61473]' for 'GET' to 'http://localhost:61473/session/e6e142842aad9a5dde7f86ccab6a2087/element/e623ae69-6e2c-4b43-9f19-053e69d006cd/name'
16:10:09.808 [Forwarding getElementTagName on session e6e142842aad9a5dde7f86ccab6a2087 to remote] DEBUG org.asynchttpclient.netty.request.NettyRequestSender - Using open Channel [id: 0x83001df6, L:/127.0.0.1:58940 - R:localhost/127.0.0.1:61473] for GET '/session/e6e142842aad9a5dde7f86ccab6a2087/element/e623ae69-6e2c-4b43-9f19-053e69d006cd/name'
16:10:09.814 [AsyncHttpClient-1-11] DEBUG org.asynchttpclient.netty.handler.HttpHandler - 

Request DefaultFullHttpRequest(decodeResult: success, version: HTTP/1.1, content: EmptyByteBufBE)
GET /session/e6e142842aad9a5dde7f86ccab6a2087/element/e623ae69-6e2c-4b43-9f19-053e69d006cd/name HTTP/1.1
User-Agent: selenium/4.1.2 (java windows)
Cache-Control: no-cache
Content-Type: application/json; charset=utf-8
host: localhost:61473
accept: */*

Response DefaultHttpResponse(decodeResult: success, version: HTTP/1.1)
HTTP/1.1 200 OK
Content-Type: application/json; charset=utf-8
cache-control: no-cache
content-length: 18

16:10:09.814 [AsyncHttpClient-1-11] DEBUG org.asynchttpclient.netty.channel.ChannelManager - Adding key: http://localhost:61473 for channel [id: 0x83001df6, L:/127.0.0.1:58940 - R:localhost/127.0.0.1:61473]
16:10:09.819 [Forwarding isElementEnabled on session e6e142842aad9a5dde7f86ccab6a2087 to remote] DEBUG org.asynchttpclient.netty.request.NettyRequestSender - Using pooled Channel '[id: 0x83001df6, L:/127.0.0.1:58940 - R:localhost/127.0.0.1:61473]' for 'GET' to 'http://localhost:61473/session/e6e142842aad9a5dde7f86ccab6a2087/element/e623ae69-6e2c-4b43-9f19-053e69d006cd/enabled'
16:10:09.820 [Forwarding isElementEnabled on session e6e142842aad9a5dde7f86ccab6a2087 to remote] DEBUG org.asynchttpclient.netty.request.NettyRequestSender - Using open Channel [id: 0x83001df6, L:/127.0.0.1:58940 - R:localhost/127.0.0.1:61473] for GET '/session/e6e142842aad9a5dde7f86ccab6a2087/element/e623ae69-6e2c-4b43-9f19-053e69d006cd/enabled'
16:10:09.836 [AsyncHttpClient-1-11] DEBUG org.asynchttpclient.netty.handler.HttpHandler - 

Request DefaultFullHttpRequest(decodeResult: success, version: HTTP/1.1, content: EmptyByteBufBE)
GET /session/e6e142842aad9a5dde7f86ccab6a2087/element/e623ae69-6e2c-4b43-9f19-053e69d006cd/enabled HTTP/1.1
User-Agent: selenium/4.1.2 (java windows)
Cache-Control: no-cache
Content-Type: application/json; charset=utf-8
host: localhost:61473
accept: */*

Response DefaultHttpResponse(decodeResult: success, version: HTTP/1.1)
HTTP/1.1 200 OK
Content-Type: application/json; charset=utf-8
cache-control: no-cache
content-length: 14

16:10:09.836 [AsyncHttpClient-1-11] DEBUG org.asynchttpclient.netty.channel.ChannelManager - Adding key: http://localhost:61473 for channel [id: 0x83001df6, L:/127.0.0.1:58940 - R:localhost/127.0.0.1:61473]
16:10:09.838 [Forwarding isElementEnabled on session e6e142842aad9a5dde7f86ccab6a2087 to remote] DEBUG org.asynchttpclient.netty.request.NettyRequestSender - Using pooled Channel '[id: 0x83001df6, L:/127.0.0.1:58940 - R:localhost/127.0.0.1:61473]' for 'GET' to 'http://localhost:61473/session/e6e142842aad9a5dde7f86ccab6a2087/element/e623ae69-6e2c-4b43-9f19-053e69d006cd/enabled'
16:10:09.838 [Forwarding isElementEnabled on session e6e142842aad9a5dde7f86ccab6a2087 to remote] DEBUG org.asynchttpclient.netty.request.NettyRequestSender - Using open Channel [id: 0x83001df6, L:/127.0.0.1:58940 - R:localhost/127.0.0.1:61473] for GET '/session/e6e142842aad9a5dde7f86ccab6a2087/element/e623ae69-6e2c-4b43-9f19-053e69d006cd/enabled'
16:10:09.848 [AsyncHttpClient-1-11] DEBUG org.asynchttpclient.netty.handler.HttpHandler - 

Request DefaultFullHttpRequest(decodeResult: success, version: HTTP/1.1, content: EmptyByteBufBE)
GET /session/e6e142842aad9a5dde7f86ccab6a2087/element/e623ae69-6e2c-4b43-9f19-053e69d006cd/enabled HTTP/1.1
User-Agent: selenium/4.1.2 (java windows)
Cache-Control: no-cache
Content-Type: application/json; charset=utf-8
host: localhost:61473
accept: */*

Response DefaultHttpResponse(decodeResult: success, version: HTTP/1.1)
HTTP/1.1 200 OK
Content-Type: application/json; charset=utf-8
cache-control: no-cache
content-length: 14

16:10:09.849 [AsyncHttpClient-1-11] DEBUG org.asynchttpclient.netty.channel.ChannelManager - Adding key: http://localhost:61473 for channel [id: 0x83001df6, L:/127.0.0.1:58940 - R:localhost/127.0.0.1:61473]
16:10:09.852 [Forwarding findElement on session e6e142842aad9a5dde7f86ccab6a2087 to remote] DEBUG org.asynchttpclient.netty.request.NettyRequestSender - Using pooled Channel '[id: 0x83001df6, L:/127.0.0.1:58940 - R:localhost/127.0.0.1:61473]' for 'POST' to 'http://localhost:61473/session/e6e142842aad9a5dde7f86ccab6a2087/element'
16:10:09.852 [Forwarding findElement on session e6e142842aad9a5dde7f86ccab6a2087 to remote] DEBUG org.asynchttpclient.netty.request.NettyRequestSender - Using open Channel [id: 0x83001df6, L:/127.0.0.1:58940 - R:localhost/127.0.0.1:61473] for POST '/session/e6e142842aad9a5dde7f86ccab6a2087/element'
16:10:09.865 [AsyncHttpClient-1-11] DEBUG org.asynchttpclient.netty.handler.HttpHandler - 

Request DefaultHttpRequest(decodeResult: success, version: HTTP/1.1)
POST /session/e6e142842aad9a5dde7f86ccab6a2087/element HTTP/1.1
User-Agent: selenium/4.1.2 (java windows)
Content-Length: 50
Content-Type: application/json; charset=utf-8
host: localhost:61473
accept: */*

Response DefaultHttpResponse(decodeResult: success, version: HTTP/1.1)
HTTP/1.1 200 OK
Content-Type: application/json; charset=utf-8
cache-control: no-cache
content-length: 88

16:10:09.865 [AsyncHttpClient-1-11] DEBUG org.asynchttpclient.netty.channel.ChannelManager - Adding key: http://localhost:61473 for channel [id: 0x83001df6, L:/127.0.0.1:58940 - R:localhost/127.0.0.1:61473]
16:10:09.868 [Forwarding clickElement on session e6e142842aad9a5dde7f86ccab6a2087 to remote] DEBUG org.asynchttpclient.netty.request.NettyRequestSender - Using pooled Channel '[id: 0x83001df6, L:/127.0.0.1:58940 - R:localhost/127.0.0.1:61473]' for 'POST' to 'http://localhost:61473/session/e6e142842aad9a5dde7f86ccab6a2087/element/e623ae69-6e2c-4b43-9f19-053e69d006cd/click'
16:10:09.868 [Forwarding clickElement on session e6e142842aad9a5dde7f86ccab6a2087 to remote] DEBUG org.asynchttpclient.netty.request.NettyRequestSender - Using open Channel [id: 0x83001df6, L:/127.0.0.1:58940 - R:localhost/127.0.0.1:61473] for POST '/session/e6e142842aad9a5dde7f86ccab6a2087/element/e623ae69-6e2c-4b43-9f19-053e69d006cd/click'
16:10:09.997 [AsyncHttpClient-1-11] DEBUG org.asynchttpclient.netty.handler.HttpHandler - 

Request DefaultHttpRequest(decodeResult: success, version: HTTP/1.1)
POST /session/e6e142842aad9a5dde7f86ccab6a2087/element/e623ae69-6e2c-4b43-9f19-053e69d006cd/click HTTP/1.1
User-Agent: selenium/4.1.2 (java windows)
Content-Length: 50
Content-Type: application/json; charset=utf-8
host: localhost:61473
accept: */*

Response DefaultHttpResponse(decodeResult: success, version: HTTP/1.1)
HTTP/1.1 200 OK
Content-Type: application/json; charset=utf-8
cache-control: no-cache
content-length: 14

16:10:09.997 [AsyncHttpClient-1-11] DEBUG org.asynchttpclient.netty.channel.ChannelManager - Adding key: http://localhost:61473 for channel [id: 0x83001df6, L:/127.0.0.1:58940 - R:localhost/127.0.0.1:61473]
16:10:10.010 [Forwarding screenshot on session e6e142842aad9a5dde7f86ccab6a2087 to remote] DEBUG org.asynchttpclient.netty.request.NettyRequestSender - Using pooled Channel '[id: 0x83001df6, L:/127.0.0.1:58940 - R:localhost/127.0.0.1:61473]' for 'GET' to 'http://localhost:61473/session/e6e142842aad9a5dde7f86ccab6a2087/screenshot'
16:10:10.010 [Forwarding screenshot on session e6e142842aad9a5dde7f86ccab6a2087 to remote] DEBUG org.asynchttpclient.netty.request.NettyRequestSender - Using open Channel [id: 0x83001df6, L:/127.0.0.1:58940 - R:localhost/127.0.0.1:61473] for GET '/session/e6e142842aad9a5dde7f86ccab6a2087/screenshot'
16:10:10.524 [AsyncHttpClient-1-11] DEBUG org.asynchttpclient.netty.handler.HttpHandler - 

Request DefaultFullHttpRequest(decodeResult: success, version: HTTP/1.1, content: EmptyByteBufBE)
GET /session/e6e142842aad9a5dde7f86ccab6a2087/screenshot HTTP/1.1
User-Agent: selenium/4.1.2 (java windows)
Cache-Control: no-cache
Content-Type: application/json; charset=utf-8
host: localhost:61473
accept: */*

Response DefaultHttpResponse(decodeResult: success, version: HTTP/1.1)
HTTP/1.1 200 OK
Content-Type: application/json; charset=utf-8
cache-control: no-cache
content-length: 287308

16:10:10.527 [AsyncHttpClient-1-11] DEBUG org.asynchttpclient.netty.channel.ChannelManager - Adding key: http://localhost:61473 for channel [id: 0x83001df6, L:/127.0.0.1:58940 - R:localhost/127.0.0.1:61473]
16:10:10.547 [main] DEBUG net.serenitybdd.core.photography.Darkroom - Send negative for processing for target\site\serenity\d65dd0b3eafc65dda0775e2b7d7bac25c81ba49e01927a21093d48ac6b1db5f6.png
16:10:10.548 [main] DEBUG net.thucydides.core.steps.StepInterceptor - STEP DONE: clickLogin
  &amp#27;[32mAnd &amp#27;[0m&amp#27;[32mclick login button&amp#27;[0m                         &amp#27;[90m# starter.stepdefinitions.LoginSteps.clickLoginButton()&amp#27;[0m
16:10:10.624 [Forwarding screenshot on session e6e142842aad9a5dde7f86ccab6a2087 to remote] DEBUG org.asynchttpclient.netty.request.NettyRequestSender - Using pooled Channel '[id: 0x83001df6, L:/127.0.0.1:58940 - R:localhost/127.0.0.1:61473]' for 'GET' to 'http://localhost:61473/session/e6e142842aad9a5dde7f86ccab6a2087/screenshot'
16:10:10.624 [Forwarding screenshot on session e6e142842aad9a5dde7f86ccab6a2087 to remote] DEBUG org.asynchttpclient.netty.request.NettyRequestSender - Using open Channel [id: 0x83001df6, L:/127.0.0.1:58940 - R:localhost/127.0.0.1:61473] for GET '/session/e6e142842aad9a5dde7f86ccab6a2087/screenshot'
16:10:10.654 [AsyncHttpClient-1-1] DEBUG org.asynchttpclient.netty.channel.DefaultChannelPool - Entry count for : http://localhost:58941 : 1
16:10:11.242 [AsyncHttpClient-1-11] DEBUG org.asynchttpclient.netty.handler.HttpHandler - 

Request DefaultFullHttpRequest(decodeResult: success, version: HTTP/1.1, content: EmptyByteBufBE)
GET /session/e6e142842aad9a5dde7f86ccab6a2087/screenshot HTTP/1.1
User-Agent: selenium/4.1.2 (java windows)
Cache-Control: no-cache
Content-Type: application/json; charset=utf-8
host: localhost:61473
accept: */*

Response DefaultHttpResponse(decodeResult: success, version: HTTP/1.1)
HTTP/1.1 200 OK
Content-Type: application/json; charset=utf-8
cache-control: no-cache
content-length: 312520

16:10:11.245 [AsyncHttpClient-1-11] DEBUG org.asynchttpclient.netty.channel.ChannelManager - Adding key: http://localhost:61473 for channel [id: 0x83001df6, L:/127.0.0.1:58940 - R:localhost/127.0.0.1:61473]
16:10:11.264 [main] DEBUG net.serenitybdd.core.photography.Darkroom - Send negative for processing for target\site\serenity\1dc322a70474fb5aeb5c0499268ba23489dbb4bdcaff041e28a3ce44339f3be0.png
16:10:11.265 [main] DEBUG net.thucydides.core.steps.StepInterceptor - STARTING STEP: LoginSteps.iGetThe - errorMessageAlert
16:10:11.265 [Darkroom Processing Line] DEBUG net.serenitybdd.core.photography.DarkroomProcessingLine - Processing screenshot image in /var/screenshots/screenshot-15719847533913872005
16:10:11.265 [Darkroom Processing Line] DEBUG net.serenitybdd.core.photography.DarkroomProcessingLine - Saving screenshot to target\site\serenity\1dc322a70474fb5aeb5c0499268ba23489dbb4bdcaff041e28a3ce44339f3be0.png
16:10:11.272 [Forwarding findElement on session e6e142842aad9a5dde7f86ccab6a2087 to remote] DEBUG org.asynchttpclient.netty.request.NettyRequestSender - Using pooled Channel '[id: 0x83001df6, L:/127.0.0.1:58940 - R:localhost/127.0.0.1:61473]' for 'POST' to 'http://localhost:61473/session/e6e142842aad9a5dde7f86ccab6a2087/element'
16:10:11.272 [Forwarding findElement on session e6e142842aad9a5dde7f86ccab6a2087 to remote] DEBUG org.asynchttpclient.netty.request.NettyRequestSender - Using open Channel [id: 0x83001df6, L:/127.0.0.1:58940 - R:localhost/127.0.0.1:61473] for POST '/session/e6e142842aad9a5dde7f86ccab6a2087/element'
16:10:11.302 [AsyncHttpClient-1-11] DEBUG org.asynchttpclient.netty.handler.HttpHandler - 

Request DefaultHttpRequest(decodeResult: success, version: HTTP/1.1)
POST /session/e6e142842aad9a5dde7f86ccab6a2087/element HTTP/1.1
User-Agent: selenium/4.1.2 (java windows)
Content-Length: 49
Content-Type: application/json; charset=utf-8
host: localhost:61473
accept: */*

Response DefaultHttpResponse(decodeResult: success, version: HTTP/1.1)
HTTP/1.1 200 OK
Content-Type: application/json; charset=utf-8
cache-control: no-cache
content-length: 88

16:10:11.303 [AsyncHttpClient-1-11] DEBUG org.asynchttpclient.netty.channel.ChannelManager - Adding key: http://localhost:61473 for channel [id: 0x83001df6, L:/127.0.0.1:58940 - R:localhost/127.0.0.1:61473]
16:10:11.305 [Forwarding getElementText on session e6e142842aad9a5dde7f86ccab6a2087 to remote] DEBUG org.asynchttpclient.netty.request.NettyRequestSender - Using pooled Channel '[id: 0x83001df6, L:/127.0.0.1:58940 - R:localhost/127.0.0.1:61473]' for 'GET' to 'http://localhost:61473/session/e6e142842aad9a5dde7f86ccab6a2087/element/5f32c53a-15cb-41a3-b6ca-7f3748b0c508/text'
16:10:11.305 [Forwarding getElementText on session e6e142842aad9a5dde7f86ccab6a2087 to remote] DEBUG org.asynchttpclient.netty.request.NettyRequestSender - Using open Channel [id: 0x83001df6, L:/127.0.0.1:58940 - R:localhost/127.0.0.1:61473] for GET '/session/e6e142842aad9a5dde7f86ccab6a2087/element/5f32c53a-15cb-41a3-b6ca-7f3748b0c508/text'
16:10:11.344 [AsyncHttpClient-1-11] DEBUG org.asynchttpclient.netty.handler.HttpHandler - 

Request DefaultFullHttpRequest(decodeResult: success, version: HTTP/1.1, content: EmptyByteBufBE)
GET /session/e6e142842aad9a5dde7f86ccab6a2087/element/5f32c53a-15cb-41a3-b6ca-7f3748b0c508/text HTTP/1.1
User-Agent: selenium/4.1.2 (java windows)
Cache-Control: no-cache
Content-Type: application/json; charset=utf-8
host: localhost:61473
accept: */*

Response DefaultHttpResponse(decodeResult: success, version: HTTP/1.1)
HTTP/1.1 200 OK
Content-Type: application/json; charset=utf-8
cache-control: no-cache
content-length: 41

16:10:11.344 [AsyncHttpClient-1-11] DEBUG org.asynchttpclient.netty.channel.ChannelManager - Adding key: http://localhost:61473 for channel [id: 0x83001df6, L:/127.0.0.1:58940 - R:localhost/127.0.0.1:61473]
16:10:11.356 [Forwarding screenshot on session e6e142842aad9a5dde7f86ccab6a2087 to remote] DEBUG org.asynchttpclient.netty.request.NettyRequestSender - Using pooled Channel '[id: 0x83001df6, L:/127.0.0.1:58940 - R:localhost/127.0.0.1:61473]' for 'GET' to 'http://localhost:61473/session/e6e142842aad9a5dde7f86ccab6a2087/screenshot'
16:10:11.356 [Forwarding screenshot on session e6e142842aad9a5dde7f86ccab6a2087 to remote] DEBUG org.asynchttpclient.netty.request.NettyRequestSender - Using open Channel [id: 0x83001df6, L:/127.0.0.1:58940 - R:localhost/127.0.0.1:61473] for GET '/session/e6e142842aad9a5dde7f86ccab6a2087/screenshot'
16:10:11.729 [AsyncHttpClient-1-1] DEBUG org.asynchttpclient.netty.channel.DefaultChannelPool - Entry count for : http://localhost:58941 : 1
16:10:11.882 [AsyncHttpClient-1-11] DEBUG org.asynchttpclient.netty.handler.HttpHandler - 

Request DefaultFullHttpRequest(decodeResult: success, version: HTTP/1.1, content: EmptyByteBufBE)
GET /session/e6e142842aad9a5dde7f86ccab6a2087/screenshot HTTP/1.1
User-Agent: selenium/4.1.2 (java windows)
Cache-Control: no-cache
Content-Type: application/json; charset=utf-8
host: localhost:61473
accept: */*

Response DefaultHttpResponse(decodeResult: success, version: HTTP/1.1)
HTTP/1.1 200 OK
Content-Type: application/json; charset=utf-8
cache-control: no-cache
content-length: 312520

16:10:11.884 [AsyncHttpClient-1-11] DEBUG org.asynchttpclient.netty.channel.ChannelManager - Adding key: http://localhost:61473 for channel [id: 0x83001df6, L:/127.0.0.1:58940 - R:localhost/127.0.0.1:61473]
16:10:11.904 [main] DEBUG net.serenitybdd.core.photography.Darkroom - Send negative for processing for target\site\serenity\1dc322a70474fb5aeb5c0499268ba23489dbb4bdcaff041e28a3ce44339f3be0.png
16:10:11.904 [main] DEBUG net.thucydides.core.steps.StepInterceptor - STEP DONE: errorMessageAlert
16:10:11.918 [main] DEBUG net.thucydides.core.steps.StepInterceptor - STARTING STEP: LoginSteps.iGetThe - headerTextLogin
16:10:11.924 [Forwarding findElement on session e6e142842aad9a5dde7f86ccab6a2087 to remote] DEBUG org.asynchttpclient.netty.request.NettyRequestSender - Using pooled Channel '[id: 0x83001df6, L:/127.0.0.1:58940 - R:localhost/127.0.0.1:61473]' for 'POST' to 'http://localhost:61473/session/e6e142842aad9a5dde7f86ccab6a2087/element'
16:10:11.925 [Forwarding findElement on session e6e142842aad9a5dde7f86ccab6a2087 to remote] DEBUG org.asynchttpclient.netty.request.NettyRequestSender - Using open Channel [id: 0x83001df6, L:/127.0.0.1:58940 - R:localhost/127.0.0.1:61473] for POST '/session/e6e142842aad9a5dde7f86ccab6a2087/element'
16:10:11.931 [AsyncHttpClient-1-11] DEBUG org.asynchttpclient.netty.handler.HttpHandler - 

Request DefaultHttpRequest(decodeResult: success, version: HTTP/1.1)
POST /session/e6e142842aad9a5dde7f86ccab6a2087/element HTTP/1.1
User-Agent: selenium/4.1.2 (java windows)
Content-Length: 48
Content-Type: application/json; charset=utf-8
host: localhost:61473
accept: */*

Response DefaultHttpResponse(decodeResult: success, version: HTTP/1.1)
HTTP/1.1 400 Bad Request
Content-Type: application/json; charset=utf-8
cache-control: no-cache
content-length: 987

16:10:11.931 [AsyncHttpClient-1-11] DEBUG org.asynchttpclient.netty.channel.ChannelManager - Adding key: http://localhost:61473 for channel [id: 0x83001df6, L:/127.0.0.1:58940 - R:localhost/127.0.0.1:61473]
16:10:11.936 [Forwarding findElement on session e6e142842aad9a5dde7f86ccab6a2087 to remote] DEBUG org.asynchttpclient.netty.request.NettyRequestSender - Using pooled Channel '[id: 0x83001df6, L:/127.0.0.1:58940 - R:localhost/127.0.0.1:61473]' for 'POST' to 'http://localhost:61473/session/e6e142842aad9a5dde7f86ccab6a2087/element'
16:10:11.936 [Forwarding findElement on session e6e142842aad9a5dde7f86ccab6a2087 to remote] DEBUG org.asynchttpclient.netty.request.NettyRequestSender - Using open Channel [id: 0x83001df6, L:/127.0.0.1:58940 - R:localhost/127.0.0.1:61473] for POST '/session/e6e142842aad9a5dde7f86ccab6a2087/element'
16:10:12.019 [AsyncHttpClient-1-11] DEBUG org.asynchttpclient.netty.handler.HttpHandler - 

Request DefaultHttpRequest(decodeResult: success, version: HTTP/1.1)
POST /session/e6e142842aad9a5dde7f86ccab6a2087/element HTTP/1.1
User-Agent: selenium/4.1.2 (java windows)
Content-Length: 58
Content-Type: application/json; charset=utf-8
host: localhost:61473
accept: */*

Response DefaultHttpResponse(decodeResult: success, version: HTTP/1.1)
HTTP/1.1 200 OK
Content-Type: application/json; charset=utf-8
cache-control: no-cache
content-length: 88

16:10:12.020 [AsyncHttpClient-1-11] DEBUG org.asynchttpclient.netty.channel.ChannelManager - Adding key: http://localhost:61473 for channel [id: 0x83001df6, L:/127.0.0.1:58940 - R:localhost/127.0.0.1:61473]
16:10:12.022 [Forwarding getElementText on session e6e142842aad9a5dde7f86ccab6a2087 to remote] DEBUG org.asynchttpclient.netty.request.NettyRequestSender - Using pooled Channel '[id: 0x83001df6, L:/127.0.0.1:58940 - R:localhost/127.0.0.1:61473]' for 'GET' to 'http://localhost:61473/session/e6e142842aad9a5dde7f86ccab6a2087/element/7da8f72f-b026-476a-b77d-f64804fe8a2f/text'
16:10:12.022 [Forwarding getElementText on session e6e142842aad9a5dde7f86ccab6a2087 to remote] DEBUG org.asynchttpclient.netty.request.NettyRequestSender - Using open Channel [id: 0x83001df6, L:/127.0.0.1:58940 - R:localhost/127.0.0.1:61473] for GET '/session/e6e142842aad9a5dde7f86ccab6a2087/element/7da8f72f-b026-476a-b77d-f64804fe8a2f/text'
16:10:12.069 [AsyncHttpClient-1-11] DEBUG org.asynchttpclient.netty.handler.HttpHandler - 

Request DefaultFullHttpRequest(decodeResult: success, version: HTTP/1.1, content: EmptyByteBufBE)
GET /session/e6e142842aad9a5dde7f86ccab6a2087/element/7da8f72f-b026-476a-b77d-f64804fe8a2f/text HTTP/1.1
User-Agent: selenium/4.1.2 (java windows)
Cache-Control: no-cache
Content-Type: application/json; charset=utf-8
host: localhost:61473
accept: */*

Response DefaultHttpResponse(decodeResult: success, version: HTTP/1.1)
HTTP/1.1 200 OK
Content-Type: application/json; charset=utf-8
cache-control: no-cache
content-length: 17

16:10:12.069 [AsyncHttpClient-1-11] DEBUG org.asynchttpclient.netty.channel.ChannelManager - Adding key: http://localhost:61473 for channel [id: 0x83001df6, L:/127.0.0.1:58940 - R:localhost/127.0.0.1:61473]
16:10:12.082 [Forwarding screenshot on session e6e142842aad9a5dde7f86ccab6a2087 to remote] DEBUG org.asynchttpclient.netty.request.NettyRequestSender - Using pooled Channel '[id: 0x83001df6, L:/127.0.0.1:58940 - R:localhost/127.0.0.1:61473]' for 'GET' to 'http://localhost:61473/session/e6e142842aad9a5dde7f86ccab6a2087/screenshot'
16:10:12.082 [Forwarding screenshot on session e6e142842aad9a5dde7f86ccab6a2087 to remote] DEBUG org.asynchttpclient.netty.request.NettyRequestSender - Using open Channel [id: 0x83001df6, L:/127.0.0.1:58940 - R:localhost/127.0.0.1:61473] for GET '/session/e6e142842aad9a5dde7f86ccab6a2087/screenshot'
16:10:12.629 [AsyncHttpClient-1-11] DEBUG org.asynchttpclient.netty.handler.HttpHandler - 

Request DefaultFullHttpRequest(decodeResult: success, version: HTTP/1.1, content: EmptyByteBufBE)
GET /session/e6e142842aad9a5dde7f86ccab6a2087/screenshot HTTP/1.1
User-Agent: selenium/4.1.2 (java windows)
Cache-Control: no-cache
Content-Type: application/json; charset=utf-8
host: localhost:61473
accept: */*

Response DefaultHttpResponse(decodeResult: success, version: HTTP/1.1)
HTTP/1.1 200 OK
Content-Type: application/json; charset=utf-8
cache-control: no-cache
content-length: 312520

16:10:12.632 [AsyncHttpClient-1-11] DEBUG org.asynchttpclient.netty.channel.ChannelManager - Adding key: http://localhost:61473 for channel [id: 0x83001df6, L:/127.0.0.1:58940 - R:localhost/127.0.0.1:61473]
16:10:12.651 [main] DEBUG net.serenitybdd.core.photography.Darkroom - Send negative for processing for target\site\serenity\1dc322a70474fb5aeb5c0499268ba23489dbb4bdcaff041e28a3ce44339f3be0.png
16:10:12.651 [main] DEBUG net.thucydides.core.steps.StepInterceptor - STEP DONE: headerTextLogin
  &amp#27;[32mThen &amp#27;[0m&amp#27;[32mI get the &amp#27;[0m&amp#27;[32m&amp#27;[1m"Invalid username or password!"&amp#27;[0m &amp#27;[90m# starter.stepdefinitions.LoginSteps.iGetThe(java.lang.String)&amp#27;[0m
16:10:12.679 [AsyncHttpClient-1-13] DEBUG org.asynchttpclient.netty.handler.WebSocketHandler - Channel Closed: [id: 0x1f91815e, L:/127.0.0.1:58950 ! R:localhost/127.0.0.1:58941] with attribute NettyResponseFuture{currentRetry=5,
	isDone=1,
	isCancelled=0,
	asyncHandler=org.asynchttpclient.ws.WebSocketUpgradeHandler@5a6f2eaf,
	nettyRequest=org.asynchttpclient.netty.request.NettyRequest@1f6dbb86,
	future=java.util.concurrent.CompletableFuture@753eac09[Completed normally],
	uri=ws://localhost:58941/devtools/browser/79905681-2b86-48b0-9c61-345f31fa2167,
	keepAlive=true,
	redirectCount=0,
	timeoutsHolder=null,
	inAuth=0,
	touch=1648717797692}
16:10:12.679 [AsyncHttpClient-1-13] DEBUG org.asynchttpclient.netty.channel.ChannelManager - Closing Channel [id: 0x1f91815e, L:/127.0.0.1:58950 ! R:localhost/127.0.0.1:58941] 
16:10:12.680 [Driver Command Executor] DEBUG org.asynchttpclient.netty.request.NettyRequestSender - Using pooled Channel '[id: 0x83001df6, L:/127.0.0.1:58940 - R:localhost/127.0.0.1:61473]' for 'DELETE' to 'http://localhost:61473/session/e6e142842aad9a5dde7f86ccab6a2087'
16:10:12.680 [Driver Command Executor] DEBUG org.asynchttpclient.netty.request.NettyRequestSender - Using open Channel [id: 0x83001df6, L:/127.0.0.1:58940 - R:localhost/127.0.0.1:61473] for DELETE '/session/e6e142842aad9a5dde7f86ccab6a2087'
16:10:12.826 [AsyncHttpClient-1-1] DEBUG org.asynchttpclient.netty.channel.DefaultChannelPool - Entry count for : http://localhost:58941 : 1
16:10:13.100 [AsyncHttpClient-1-12] DEBUG org.asynchttpclient.netty.handler.HttpHandler - Unexpected I/O exception on channel [id: 0x49e7f8e3, L:/127.0.0.1:58949 - R:localhost/127.0.0.1:58941]
java.net.SocketException: Connection reset
	at java.base/sun.nio.ch.SocketChannelImpl.throwConnectionReset(SocketChannelImpl.java:367)
	at java.base/sun.nio.ch.SocketChannelImpl.read(SocketChannelImpl.java:398)
	at io.netty.buffer.PooledByteBuf.setBytes(PooledByteBuf.java:258)
	at io.netty.buffer.AbstractByteBuf.writeBytes(AbstractByteBuf.java:1132)
	at io.netty.channel.socket.nio.NioSocketChannel.doReadBytes(NioSocketChannel.java:350)
	at io.netty.channel.nio.AbstractNioByteChannel$NioByteUnsafe.read(AbstractNioByteChannel.java:151)
	at io.netty.channel.nio.NioEventLoop.processSelectedKey(NioEventLoop.java:722)
	at io.netty.channel.nio.NioEventLoop.processSelectedKeysOptimized(NioEventLoop.java:658)
	at io.netty.channel.nio.NioEventLoop.processSelectedKeys(NioEventLoop.java:584)
	at io.netty.channel.nio.NioEventLoop.run(NioEventLoop.java:496)
	at io.netty.util.concurrent.SingleThreadEventExecutor$4.run(SingleThreadEventExecutor.java:986)
	at io.netty.util.internal.ThreadExecutorMap$2.run(ThreadExecutorMap.java:74)
	at io.netty.util.concurrent.FastThreadLocalRunnable.run(FastThreadLocalRunnable.java:30)
	at java.base/java.lang.Thread.run(Thread.java:832)
16:10:13.100 [AsyncHttpClient-1-12] DEBUG org.asynchttpclient.netty.channel.ChannelManager - Closing Channel [id: 0x49e7f8e3, L:/127.0.0.1:58949 - R:localhost/127.0.0.1:58941] 
16:10:13.101 [AsyncHttpClient-1-12] DEBUG org.asynchttpclient.netty.handler.HttpHandler - Channel Closed: [id: 0x49e7f8e3, L:/127.0.0.1:58949 ! R:localhost/127.0.0.1:58941] with attribute DISCARD
16:10:13.221 [AsyncHttpClient-1-11] DEBUG org.asynchttpclient.netty.handler.HttpHandler - 

Request DefaultFullHttpRequest(decodeResult: success, version: HTTP/1.1, content: EmptyByteBufBE)
DELETE /session/e6e142842aad9a5dde7f86ccab6a2087 HTTP/1.1
User-Agent: selenium/4.1.2 (java windows)
Content-Type: application/json; charset=utf-8
host: localhost:61473
accept: */*

Response DefaultHttpResponse(decodeResult: success, version: HTTP/1.1)
HTTP/1.1 200 OK
Content-Type: application/json; charset=utf-8
cache-control: no-cache
content-length: 14

16:10:13.222 [AsyncHttpClient-1-11] DEBUG org.asynchttpclient.netty.channel.ChannelManager - Adding key: http://localhost:61473 for channel [id: 0x83001df6, L:/127.0.0.1:58940 - R:localhost/127.0.0.1:61473]
16:10:13.387 [AsyncHttpClient-1-11] DEBUG org.asynchttpclient.netty.handler.HttpHandler - Channel Closed: [id: 0x83001df6, L:/127.0.0.1:58940 ! R:localhost/127.0.0.1:61473] with attribute DISCARD
]]></system-out>
    <system-err><![CDATA[Starting ChromeDriver 99.0.4844.51 (d537ec02474b5afe23684e7963d538896c63ac77-refs/branch-heads/4844@{#875}) on port 61473
Only local connections are allowed.
Please see https://chromedriver.chromium.org/security-considerations for suggestions on keeping ChromeDriver safe.
ChromeDriver was started successfully.
Mar 31, 2022 4:09:57 PM org.openqa.selenium.remote.ProtocolHandshake createSession
INFO: Detected dialect: W3C
Mar 31, 2022 4:09:57 PM org.openqa.selenium.devtools.CdpVersionFinder findNearestMatch
WARNING: Unable to find an exact match for CDP version 99, so returning the closest version found: 97
Mar 31, 2022 4:09:57 PM org.openqa.selenium.devtools.CdpVersionFinder findNearestMatch
INFO: Found CDP implementation for version 99 of 97
]]></system-err>
  </testcase>
  <testcase name="Login scenario #5" classname="Login" time="27.101">
    <error type="org.openqa.selenium.NoSuchElementException"><![CDATA[org.openqa.selenium.NoSuchElementException: 
no such element: Unable to locate element: {"method":"css selector","selector":"#name"}
  (Session info: chrome=99.0.4844.84)
For documentation on this error, please visit: https://selenium.dev/exceptions/#no_such_element
Build info: version: '4.1.2', revision: '9a5a329c5a'
System info: host: 'DESKTOP-01SKV80', ip: '192.168.100.8', os.name: 'Windows 10', os.arch: 'amd64', os.version: '10.0', java.version: '15.0.2'
Driver info: org.openqa.selenium.chrome.ChromeDriver
Command: [2bb28c3c16538f0139a117283b3c52f4, findElement {using=id, value=name}]
Capabilities {acceptInsecureCerts: false, browserName: chrome, browserVersion: 99.0.4844.84, chrome: {chromedriverVersion: 99.0.4844.51 (d537ec02474b5..., userDataDir: C:\Users\ASUS\AppData\Local...}, goog:chromeOptions: {debuggerAddress: localhost:59020}, javascriptEnabled: true, networkConnectionEnabled: false, pageLoadStrategy: normal, platform: WINDOWS, platformName: WINDOWS, proxy: Proxy(), se:cdp: ws://localhost:59020/devtoo..., se:cdpVersion: 99.0.4844.84, setWindowRect: true, strictFileInteractability: false, timeouts: {implicit: 0, pageLoad: 300000, script: 30000}, unhandledPromptBehavior: dismiss and notify, webauthn:extension:credBlob: true, webauthn:extension:largeBlob: true, webauthn:virtualAuthenticators: true}
Session ID: 2bb28c3c16538f0139a117283b3c52f4
]]></error>
    <system-out><![CDATA[
@Login @DDT
Scenario Outline: Login scenario   &amp#27;[90m# src/test/resources/features/login.feature:22&amp#27;[0m
16:10:13.919 [main] INFO io.cucumber.core.plugin.SerenityReporter - Running feature from file:///D:/PERKULIAHAN/Semester%206,Hebatt%20glad!/Altera/New%20folder/Serenity_Gladys_DDT/src/test/resources/features/login.feature
16:10:13.923 [AsyncHttpClient-1-1] DEBUG org.asynchttpclient.netty.channel.DefaultChannelPool - Entry count for : http://localhost:61473 : 1
16:10:13.924 [AsyncHttpClient-1-1] DEBUG org.asynchttpclient.netty.channel.DefaultChannelPool - Entry count for : http://localhost:58941 : 1
16:10:13.924 [AsyncHttpClient-1-1] DEBUG org.asynchttpclient.netty.channel.DefaultChannelPool - Adding Candidate expired Channel [id: 0x83001df6, L:/127.0.0.1:58940 ! R:localhost/127.0.0.1:61473] isIdleTimeoutExpired=false isRemotelyClosed=true isTtlExpired=false
16:10:13.924 [AsyncHttpClient-1-1] DEBUG org.asynchttpclient.netty.channel.DefaultChannelPool - Closing Idle Channel [id: 0x83001df6, L:/127.0.0.1:58940 ! R:localhost/127.0.0.1:61473]
16:10:13.924 [AsyncHttpClient-1-1] DEBUG org.asynchttpclient.netty.channel.DefaultChannelPool - Adding Candidate expired Channel [id: 0x49e7f8e3, L:/127.0.0.1:58949 ! R:localhost/127.0.0.1:58941] isIdleTimeoutExpired=false isRemotelyClosed=true isTtlExpired=false
16:10:13.924 [AsyncHttpClient-1-1] DEBUG org.asynchttpclient.netty.channel.DefaultChannelPool - Closing Idle Channel [id: 0x49e7f8e3, L:/127.0.0.1:58949 ! R:localhost/127.0.0.1:58941]
16:10:13.924 [AsyncHttpClient-1-1] DEBUG org.asynchttpclient.netty.channel.DefaultChannelPool - Closed 2 connections out of 2 in 0 ms
16:10:13.950 [main] DEBUG net.thucydides.core.steps.StepInterceptor - STARTING STEP: LoginSteps.iAmOnTheLoginPage - openUrl
16:10:13.951 [main] INFO net.serenitybdd.core.webdriver.driverproviders.ChromeDriverProvider - Using automatically driver download
16:10:14.127 [main] DEBUG io.github.bonigarcia.wdm.cache.ResolutionCache - Resolution chrome=99 in cache (valid until 17:07:17 31/03/2022 WIB)
16:10:14.137 [main] DEBUG io.github.bonigarcia.wdm.cache.ResolutionCache - Resolution chrome99=99.0.4844.51 in cache (valid until 13:47:20 01/04/2022 WIB)
16:10:14.142 [main] INFO io.github.bonigarcia.wdm.WebDriverManager - Using chromedriver 99.0.4844.51 (resolved driver for Chrome 99)
16:10:14.163 [main] DEBUG io.github.bonigarcia.wdm.WebDriverManager - Driver chromedriver 99.0.4844.51 found in cache
16:10:14.164 [main] INFO io.github.bonigarcia.wdm.WebDriverManager - Exporting webdriver.chrome.driver as C:\Users\ASUS\.cache\selenium\chromedriver\win32\99.0.4844.51\chromedriver.exe
16:10:14.371 [main] DEBUG net.serenitybdd.core.webdriver.driverproviders.ProvideNewDriver - Instantiating driver
16:10:14.371 [main] DEBUG net.serenitybdd.core.webdriver.driverproviders.ProvideNewDriver - Driver capabilities: Capabilities {acceptInsecureCerts: false, base.url: https://demoqa.com/login, browserName: chrome, chrome.driver: src/test/resources/webdrive..., driver: chrome, goog:chromeOptions: {args: [], extensions: []}}
16:10:15.501 [AsyncHttpClient-1-14] DEBUG org.asynchttpclient.netty.channel.NettyConnectListener - Using new Channel '[id: 0x9796a04f, L:/127.0.0.1:59019 - R:localhost/127.0.0.1:62556]' for 'POST' to '/session'
16:10:19.349 [AsyncHttpClient-1-14] DEBUG org.asynchttpclient.netty.handler.HttpHandler - 

Request DefaultHttpRequest(decodeResult: success, version: HTTP/1.1)
POST /session HTTP/1.1
User-Agent: selenium/4.1.2 (java windows)
Content-Length: 610
Content-Type: application/json; charset=utf-8
host: localhost:62556
accept: */*

Response DefaultHttpResponse(decodeResult: success, version: HTTP/1.1)
HTTP/1.1 200 OK
Content-Type: application/json; charset=utf-8
cache-control: no-cache
content-length: 785

16:10:19.349 [AsyncHttpClient-1-14] DEBUG org.asynchttpclient.netty.channel.ChannelManager - Adding key: http://localhost:62556 for channel [id: 0x9796a04f, L:/127.0.0.1:59019 - R:localhost/127.0.0.1:62556]
16:10:19.361 [AsyncHttpClient-1-15] DEBUG org.asynchttpclient.netty.channel.NettyConnectListener - Using new Channel '[id: 0x681de501, L:/127.0.0.1:59027 - R:localhost/127.0.0.1:59020]' for 'GET' to '/json/version'
16:10:19.369 [AsyncHttpClient-1-15] DEBUG org.asynchttpclient.netty.handler.HttpHandler - 

Request DefaultFullHttpRequest(decodeResult: success, version: HTTP/1.1, content: EmptyByteBufBE)
GET /json/version HTTP/1.1
User-Agent: selenium/4.1.2 (java windows)
host: localhost:59020
accept: */*

Response DefaultHttpResponse(decodeResult: success, version: HTTP/1.1)
HTTP/1.1 200 OK
Content-Type: application/json; charset=UTF-8
content-length: 424

16:10:19.369 [AsyncHttpClient-1-15] DEBUG org.asynchttpclient.netty.channel.ChannelManager - Adding key: http://localhost:59020 for channel [id: 0x681de501, L:/127.0.0.1:59027 - R:localhost/127.0.0.1:59020]
16:10:19.378 [AsyncHttpClient-1-16] DEBUG org.asynchttpclient.netty.channel.NettyConnectListener - Using new Channel '[id: 0x9ed8a46b, L:/127.0.0.1:59028 - R:localhost/127.0.0.1:59020]' for 'GET' to '/devtools/browser/1538da8b-52f8-444b-ac47-63dc7adb8f59'
16:10:19.391 [AsyncHttpClient-1-16] DEBUG org.asynchttpclient.netty.handler.WebSocketHandler - 

Request DefaultFullHttpRequest(decodeResult: success, version: HTTP/1.1, content: EmptyByteBufBE)
GET /devtools/browser/1538da8b-52f8-444b-ac47-63dc7adb8f59 HTTP/1.1
upgrade: websocket
connection: upgrade
sec-websocket-key: x0yEBZ4Off/AOHn57wclgA==
sec-websocket-version: 13
origin: http://localhost:59020
host: localhost:59020
accept: */*
user-agent: AHC/2.1

Response DefaultHttpResponse(decodeResult: success, version: HTTP/1.1)
HTTP/1.1 101 WebSocket Protocol Handshake
Upgrade: WebSocket
Connection: Upgrade
Sec-WebSocket-Accept: Sf13K4GegDOAKjyY+L3zYuD4fs0=

16:10:19.400 [Forwarding maximizeCurrentWindow on session 2bb28c3c16538f0139a117283b3c52f4 to remote] DEBUG org.asynchttpclient.netty.request.NettyRequestSender - Using pooled Channel '[id: 0x9796a04f, L:/127.0.0.1:59019 - R:localhost/127.0.0.1:62556]' for 'POST' to 'http://localhost:62556/session/2bb28c3c16538f0139a117283b3c52f4/window/maximize'
16:10:19.400 [Forwarding maximizeCurrentWindow on session 2bb28c3c16538f0139a117283b3c52f4 to remote] DEBUG org.asynchttpclient.netty.request.NettyRequestSender - Using open Channel [id: 0x9796a04f, L:/127.0.0.1:59019 - R:localhost/127.0.0.1:62556] for POST '/session/2bb28c3c16538f0139a117283b3c52f4/window/maximize'
16:10:19.429 [AsyncHttpClient-1-1] DEBUG org.asynchttpclient.netty.channel.DefaultChannelPool - Entry count for : http://localhost:59020 : 1
16:10:19.598 [AsyncHttpClient-1-14] DEBUG org.asynchttpclient.netty.handler.HttpHandler - 

Request DefaultHttpRequest(decodeResult: success, version: HTTP/1.1)
POST /session/2bb28c3c16538f0139a117283b3c52f4/window/maximize HTTP/1.1
User-Agent: selenium/4.1.2 (java windows)
Content-Length: 3
Content-Type: application/json; charset=utf-8
host: localhost:62556
accept: */*

Response DefaultHttpResponse(decodeResult: success, version: HTTP/1.1)
HTTP/1.1 200 OK
Content-Type: application/json; charset=utf-8
cache-control: no-cache
content-length: 51

16:10:19.599 [AsyncHttpClient-1-14] DEBUG org.asynchttpclient.netty.channel.ChannelManager - Adding key: http://localhost:62556 for channel [id: 0x9796a04f, L:/127.0.0.1:59019 - R:localhost/127.0.0.1:62556]
16:10:19.602 [Forwarding get on session 2bb28c3c16538f0139a117283b3c52f4 to remote] DEBUG org.asynchttpclient.netty.request.NettyRequestSender - Using pooled Channel '[id: 0x9796a04f, L:/127.0.0.1:59019 - R:localhost/127.0.0.1:62556]' for 'POST' to 'http://localhost:62556/session/2bb28c3c16538f0139a117283b3c52f4/url'
16:10:19.602 [Forwarding get on session 2bb28c3c16538f0139a117283b3c52f4 to remote] DEBUG org.asynchttpclient.netty.request.NettyRequestSender - Using open Channel [id: 0x9796a04f, L:/127.0.0.1:59019 - R:localhost/127.0.0.1:62556] for POST '/session/2bb28c3c16538f0139a117283b3c52f4/url'
16:10:20.517 [AsyncHttpClient-1-1] DEBUG org.asynchttpclient.netty.channel.DefaultChannelPool - Entry count for : http://localhost:59020 : 1
16:10:21.617 [AsyncHttpClient-1-1] DEBUG org.asynchttpclient.netty.channel.DefaultChannelPool - Entry count for : http://localhost:59020 : 1
16:10:22.718 [AsyncHttpClient-1-1] DEBUG org.asynchttpclient.netty.channel.DefaultChannelPool - Entry count for : http://localhost:59020 : 1
16:10:23.817 [AsyncHttpClient-1-1] DEBUG org.asynchttpclient.netty.channel.DefaultChannelPool - Entry count for : http://localhost:59020 : 1
16:10:24.942 [AsyncHttpClient-1-1] DEBUG org.asynchttpclient.netty.channel.DefaultChannelPool - Entry count for : http://localhost:59020 : 1
16:10:26.020 [AsyncHttpClient-1-1] DEBUG org.asynchttpclient.netty.channel.DefaultChannelPool - Entry count for : http://localhost:59020 : 1
16:10:27.118 [AsyncHttpClient-1-1] DEBUG org.asynchttpclient.netty.channel.DefaultChannelPool - Entry count for : http://localhost:59020 : 1
16:10:28.221 [AsyncHttpClient-1-1] DEBUG org.asynchttpclient.netty.channel.DefaultChannelPool - Entry count for : http://localhost:59020 : 1
16:10:29.321 [AsyncHttpClient-1-1] DEBUG org.asynchttpclient.netty.channel.DefaultChannelPool - Entry count for : http://localhost:59020 : 1
16:10:30.176 [AsyncHttpClient-1-14] DEBUG org.asynchttpclient.netty.handler.HttpHandler - 

Request DefaultHttpRequest(decodeResult: success, version: HTTP/1.1)
POST /session/2bb28c3c16538f0139a117283b3c52f4/url HTTP/1.1
User-Agent: selenium/4.1.2 (java windows)
Content-Length: 54
Content-Type: application/json; charset=utf-8
host: localhost:62556
accept: */*

Response DefaultHttpResponse(decodeResult: success, version: HTTP/1.1)
HTTP/1.1 200 OK
Content-Type: application/json; charset=utf-8
cache-control: no-cache
content-length: 14

16:10:30.176 [AsyncHttpClient-1-14] DEBUG org.asynchttpclient.netty.channel.ChannelManager - Adding key: http://localhost:62556 for channel [id: 0x9796a04f, L:/127.0.0.1:59019 - R:localhost/127.0.0.1:62556]
16:10:30.178 [Forwarding setTimeout on session 2bb28c3c16538f0139a117283b3c52f4 to remote] DEBUG org.asynchttpclient.netty.request.NettyRequestSender - Using pooled Channel '[id: 0x9796a04f, L:/127.0.0.1:59019 - R:localhost/127.0.0.1:62556]' for 'POST' to 'http://localhost:62556/session/2bb28c3c16538f0139a117283b3c52f4/timeouts'
16:10:30.179 [Forwarding setTimeout on session 2bb28c3c16538f0139a117283b3c52f4 to remote] DEBUG org.asynchttpclient.netty.request.NettyRequestSender - Using open Channel [id: 0x9796a04f, L:/127.0.0.1:59019 - R:localhost/127.0.0.1:62556] for POST '/session/2bb28c3c16538f0139a117283b3c52f4/timeouts'
16:10:30.179 [AsyncHttpClient-1-14] DEBUG org.asynchttpclient.netty.handler.HttpHandler - 

Request DefaultHttpRequest(decodeResult: success, version: HTTP/1.1)
POST /session/2bb28c3c16538f0139a117283b3c52f4/timeouts HTTP/1.1
User-Agent: selenium/4.1.2 (java windows)
Content-Length: 22
Content-Type: application/json; charset=utf-8
host: localhost:62556
accept: */*

Response DefaultHttpResponse(decodeResult: success, version: HTTP/1.1)
HTTP/1.1 200 OK
Content-Type: application/json; charset=utf-8
cache-control: no-cache
content-length: 14

16:10:30.180 [AsyncHttpClient-1-14] DEBUG org.asynchttpclient.netty.channel.ChannelManager - Adding key: http://localhost:62556 for channel [id: 0x9796a04f, L:/127.0.0.1:59019 - R:localhost/127.0.0.1:62556]
16:10:30.182 [Forwarding getCurrentUrl on session 2bb28c3c16538f0139a117283b3c52f4 to remote] DEBUG org.asynchttpclient.netty.request.NettyRequestSender - Using pooled Channel '[id: 0x9796a04f, L:/127.0.0.1:59019 - R:localhost/127.0.0.1:62556]' for 'GET' to 'http://localhost:62556/session/2bb28c3c16538f0139a117283b3c52f4/url'
16:10:30.183 [Forwarding getCurrentUrl on session 2bb28c3c16538f0139a117283b3c52f4 to remote] DEBUG org.asynchttpclient.netty.request.NettyRequestSender - Using open Channel [id: 0x9796a04f, L:/127.0.0.1:59019 - R:localhost/127.0.0.1:62556] for GET '/session/2bb28c3c16538f0139a117283b3c52f4/url'
16:10:30.193 [AsyncHttpClient-1-14] DEBUG org.asynchttpclient.netty.handler.HttpHandler - 

Request DefaultFullHttpRequest(decodeResult: success, version: HTTP/1.1, content: EmptyByteBufBE)
GET /session/2bb28c3c16538f0139a117283b3c52f4/url HTTP/1.1
User-Agent: selenium/4.1.2 (java windows)
Cache-Control: no-cache
Content-Type: application/json; charset=utf-8
host: localhost:62556
accept: */*

Response DefaultHttpResponse(decodeResult: success, version: HTTP/1.1)
HTTP/1.1 200 OK
Content-Type: application/json; charset=utf-8
cache-control: no-cache
content-length: 36

16:10:30.193 [AsyncHttpClient-1-14] DEBUG org.asynchttpclient.netty.channel.ChannelManager - Adding key: http://localhost:62556 for channel [id: 0x9796a04f, L:/127.0.0.1:59019 - R:localhost/127.0.0.1:62556]
16:10:30.203 [Forwarding screenshot on session 2bb28c3c16538f0139a117283b3c52f4 to remote] DEBUG org.asynchttpclient.netty.request.NettyRequestSender - Using pooled Channel '[id: 0x9796a04f, L:/127.0.0.1:59019 - R:localhost/127.0.0.1:62556]' for 'GET' to 'http://localhost:62556/session/2bb28c3c16538f0139a117283b3c52f4/screenshot'
16:10:30.203 [Forwarding screenshot on session 2bb28c3c16538f0139a117283b3c52f4 to remote] DEBUG org.asynchttpclient.netty.request.NettyRequestSender - Using open Channel [id: 0x9796a04f, L:/127.0.0.1:59019 - R:localhost/127.0.0.1:62556] for GET '/session/2bb28c3c16538f0139a117283b3c52f4/screenshot'
16:10:30.419 [AsyncHttpClient-1-1] DEBUG org.asynchttpclient.netty.channel.DefaultChannelPool - Entry count for : http://localhost:59020 : 1
16:10:31.322 [AsyncHttpClient-1-14] DEBUG org.asynchttpclient.netty.handler.HttpHandler - 

Request DefaultFullHttpRequest(decodeResult: success, version: HTTP/1.1, content: EmptyByteBufBE)
GET /session/2bb28c3c16538f0139a117283b3c52f4/screenshot HTTP/1.1
User-Agent: selenium/4.1.2 (java windows)
Cache-Control: no-cache
Content-Type: application/json; charset=utf-8
host: localhost:62556
accept: */*

Response DefaultHttpResponse(decodeResult: success, version: HTTP/1.1)
HTTP/1.1 200 OK
Content-Type: application/json; charset=utf-8
cache-control: no-cache
content-length: 405756

16:10:31.324 [AsyncHttpClient-1-14] DEBUG org.asynchttpclient.netty.channel.ChannelManager - Adding key: http://localhost:62556 for channel [id: 0x9796a04f, L:/127.0.0.1:59019 - R:localhost/127.0.0.1:62556]
16:10:31.342 [main] DEBUG net.serenitybdd.core.photography.Darkroom - Send negative for processing for target\site\serenity\cee8e18c26a2628dceab72589dbb230709cf0e90ca403700231eb3dec791d0be.png
16:10:31.343 [main] DEBUG net.thucydides.core.steps.StepInterceptor - STEP DONE: openUrl
16:10:31.343 [Darkroom Processing Line] DEBUG net.serenitybdd.core.photography.DarkroomProcessingLine - Processing screenshot image in /var/screenshots/screenshot-5275199515555655220
16:10:31.343 [Darkroom Processing Line] DEBUG net.serenitybdd.core.photography.DarkroomProcessingLine - Saving screenshot to target\site\serenity\cee8e18c26a2628dceab72589dbb230709cf0e90ca403700231eb3dec791d0be.png
16:10:31.355 [main] DEBUG net.thucydides.core.steps.StepInterceptor - STARTING STEP: LoginSteps.iAmOnTheLoginPage - validateIfButtonLoginIsAppear
16:10:31.360 [Forwarding findElement on session 2bb28c3c16538f0139a117283b3c52f4 to remote] DEBUG org.asynchttpclient.netty.request.NettyRequestSender - Using pooled Channel '[id: 0x9796a04f, L:/127.0.0.1:59019 - R:localhost/127.0.0.1:62556]' for 'POST' to 'http://localhost:62556/session/2bb28c3c16538f0139a117283b3c52f4/element'
16:10:31.360 [Forwarding findElement on session 2bb28c3c16538f0139a117283b3c52f4 to remote] DEBUG org.asynchttpclient.netty.request.NettyRequestSender - Using open Channel [id: 0x9796a04f, L:/127.0.0.1:59019 - R:localhost/127.0.0.1:62556] for POST '/session/2bb28c3c16538f0139a117283b3c52f4/element'
16:10:31.384 [AsyncHttpClient-1-14] DEBUG org.asynchttpclient.netty.handler.HttpHandler - 

Request DefaultHttpRequest(decodeResult: success, version: HTTP/1.1)
POST /session/2bb28c3c16538f0139a117283b3c52f4/element HTTP/1.1
User-Agent: selenium/4.1.2 (java windows)
Content-Length: 50
Content-Type: application/json; charset=utf-8
host: localhost:62556
accept: */*

Response DefaultHttpResponse(decodeResult: success, version: HTTP/1.1)
HTTP/1.1 200 OK
Content-Type: application/json; charset=utf-8
cache-control: no-cache
content-length: 88

16:10:31.384 [AsyncHttpClient-1-14] DEBUG org.asynchttpclient.netty.channel.ChannelManager - Adding key: http://localhost:62556 for channel [id: 0x9796a04f, L:/127.0.0.1:59019 - R:localhost/127.0.0.1:62556]
16:10:31.392 [Forwarding isElementDisplayed on session 2bb28c3c16538f0139a117283b3c52f4 to remote] DEBUG org.asynchttpclient.netty.request.NettyRequestSender - Using pooled Channel '[id: 0x9796a04f, L:/127.0.0.1:59019 - R:localhost/127.0.0.1:62556]' for 'POST' to 'http://localhost:62556/session/2bb28c3c16538f0139a117283b3c52f4/execute/sync'
16:10:31.392 [Forwarding isElementDisplayed on session 2bb28c3c16538f0139a117283b3c52f4 to remote] DEBUG org.asynchttpclient.netty.request.NettyRequestSender - Using open Channel [id: 0x9796a04f, L:/127.0.0.1:59019 - R:localhost/127.0.0.1:62556] for POST '/session/2bb28c3c16538f0139a117283b3c52f4/execute/sync'
16:10:31.421 [AsyncHttpClient-1-14] DEBUG org.asynchttpclient.netty.handler.HttpHandler - 

Request DefaultHttpRequest(decodeResult: success, version: HTTP/1.1)
POST /session/2bb28c3c16538f0139a117283b3c52f4/execute/sync HTTP/1.1
User-Agent: selenium/4.1.2 (java windows)
Content-Length: 48780
Content-Type: application/json; charset=utf-8
host: localhost:62556
accept: */*

Response DefaultHttpResponse(decodeResult: success, version: HTTP/1.1)
HTTP/1.1 200 OK
Content-Type: application/json; charset=utf-8
cache-control: no-cache
content-length: 14

16:10:31.421 [AsyncHttpClient-1-14] DEBUG org.asynchttpclient.netty.channel.ChannelManager - Adding key: http://localhost:62556 for channel [id: 0x9796a04f, L:/127.0.0.1:59019 - R:localhost/127.0.0.1:62556]
16:10:31.428 [Forwarding screenshot on session 2bb28c3c16538f0139a117283b3c52f4 to remote] DEBUG org.asynchttpclient.netty.request.NettyRequestSender - Using pooled Channel '[id: 0x9796a04f, L:/127.0.0.1:59019 - R:localhost/127.0.0.1:62556]' for 'GET' to 'http://localhost:62556/session/2bb28c3c16538f0139a117283b3c52f4/screenshot'
16:10:31.429 [Forwarding screenshot on session 2bb28c3c16538f0139a117283b3c52f4 to remote] DEBUG org.asynchttpclient.netty.request.NettyRequestSender - Using open Channel [id: 0x9796a04f, L:/127.0.0.1:59019 - R:localhost/127.0.0.1:62556] for GET '/session/2bb28c3c16538f0139a117283b3c52f4/screenshot'
16:10:31.519 [AsyncHttpClient-1-1] DEBUG org.asynchttpclient.netty.channel.DefaultChannelPool - Entry count for : http://localhost:59020 : 1
16:10:31.846 [AsyncHttpClient-1-14] DEBUG org.asynchttpclient.netty.handler.HttpHandler - 

Request DefaultFullHttpRequest(decodeResult: success, version: HTTP/1.1, content: EmptyByteBufBE)
GET /session/2bb28c3c16538f0139a117283b3c52f4/screenshot HTTP/1.1
User-Agent: selenium/4.1.2 (java windows)
Cache-Control: no-cache
Content-Type: application/json; charset=utf-8
host: localhost:62556
accept: */*

Response DefaultHttpResponse(decodeResult: success, version: HTTP/1.1)
HTTP/1.1 200 OK
Content-Type: application/json; charset=utf-8
cache-control: no-cache
content-length: 405756

16:10:31.848 [AsyncHttpClient-1-14] DEBUG org.asynchttpclient.netty.channel.ChannelManager - Adding key: http://localhost:62556 for channel [id: 0x9796a04f, L:/127.0.0.1:59019 - R:localhost/127.0.0.1:62556]
16:10:31.868 [main] DEBUG net.serenitybdd.core.photography.Darkroom - Send negative for processing for target\site\serenity\cee8e18c26a2628dceab72589dbb230709cf0e90ca403700231eb3dec791d0be.png
16:10:31.868 [main] DEBUG net.thucydides.core.steps.StepInterceptor - STEP DONE: validateIfButtonLoginIsAppear
  &amp#27;[32mGiven &amp#27;[0m&amp#27;[32mI am on the login page&amp#27;[0m     &amp#27;[90m# starter.stepdefinitions.LoginSteps.iAmOnTheLoginPage()&amp#27;[0m
16:10:31.901 [main] DEBUG net.thucydides.core.steps.StepInterceptor - STARTING STEP: LoginSteps.iInputUsername - inputUsernameToField
16:10:31.909 [Forwarding findElement on session 2bb28c3c16538f0139a117283b3c52f4 to remote] DEBUG org.asynchttpclient.netty.request.NettyRequestSender - Using pooled Channel '[id: 0x9796a04f, L:/127.0.0.1:59019 - R:localhost/127.0.0.1:62556]' for 'POST' to 'http://localhost:62556/session/2bb28c3c16538f0139a117283b3c52f4/element'
16:10:31.909 [Forwarding findElement on session 2bb28c3c16538f0139a117283b3c52f4 to remote] DEBUG org.asynchttpclient.netty.request.NettyRequestSender - Using open Channel [id: 0x9796a04f, L:/127.0.0.1:59019 - R:localhost/127.0.0.1:62556] for POST '/session/2bb28c3c16538f0139a117283b3c52f4/element'
16:10:31.937 [AsyncHttpClient-1-14] DEBUG org.asynchttpclient.netty.handler.HttpHandler - 

Request DefaultHttpRequest(decodeResult: success, version: HTTP/1.1)
POST /session/2bb28c3c16538f0139a117283b3c52f4/element HTTP/1.1
User-Agent: selenium/4.1.2 (java windows)
Content-Length: 53
Content-Type: application/json; charset=utf-8
host: localhost:62556
accept: */*

Response DefaultHttpResponse(decodeResult: success, version: HTTP/1.1)
HTTP/1.1 200 OK
Content-Type: application/json; charset=utf-8
cache-control: no-cache
content-length: 88

16:10:31.938 [AsyncHttpClient-1-14] DEBUG org.asynchttpclient.netty.channel.ChannelManager - Adding key: http://localhost:62556 for channel [id: 0x9796a04f, L:/127.0.0.1:59019 - R:localhost/127.0.0.1:62556]
16:10:31.941 [Forwarding clearElement on session 2bb28c3c16538f0139a117283b3c52f4 to remote] DEBUG org.asynchttpclient.netty.request.NettyRequestSender - Using pooled Channel '[id: 0x9796a04f, L:/127.0.0.1:59019 - R:localhost/127.0.0.1:62556]' for 'POST' to 'http://localhost:62556/session/2bb28c3c16538f0139a117283b3c52f4/element/aa11898e-f1cd-4411-92c6-1d8e4d707520/clear'
16:10:31.941 [Forwarding clearElement on session 2bb28c3c16538f0139a117283b3c52f4 to remote] DEBUG org.asynchttpclient.netty.request.NettyRequestSender - Using open Channel [id: 0x9796a04f, L:/127.0.0.1:59019 - R:localhost/127.0.0.1:62556] for POST '/session/2bb28c3c16538f0139a117283b3c52f4/element/aa11898e-f1cd-4411-92c6-1d8e4d707520/clear'
16:10:32.012 [AsyncHttpClient-1-14] DEBUG org.asynchttpclient.netty.handler.HttpHandler - 

Request DefaultHttpRequest(decodeResult: success, version: HTTP/1.1)
POST /session/2bb28c3c16538f0139a117283b3c52f4/element/aa11898e-f1cd-4411-92c6-1d8e4d707520/clear HTTP/1.1
User-Agent: selenium/4.1.2 (java windows)
Content-Length: 50
Content-Type: application/json; charset=utf-8
host: localhost:62556
accept: */*

Response DefaultHttpResponse(decodeResult: success, version: HTTP/1.1)
HTTP/1.1 200 OK
Content-Type: application/json; charset=utf-8
cache-control: no-cache
content-length: 14

16:10:32.013 [AsyncHttpClient-1-14] DEBUG org.asynchttpclient.netty.channel.ChannelManager - Adding key: http://localhost:62556 for channel [id: 0x9796a04f, L:/127.0.0.1:59019 - R:localhost/127.0.0.1:62556]
16:10:32.018 [Forwarding sendKeysToElement on session 2bb28c3c16538f0139a117283b3c52f4 to remote] DEBUG org.asynchttpclient.netty.request.NettyRequestSender - Using pooled Channel '[id: 0x9796a04f, L:/127.0.0.1:59019 - R:localhost/127.0.0.1:62556]' for 'POST' to 'http://localhost:62556/session/2bb28c3c16538f0139a117283b3c52f4/element/aa11898e-f1cd-4411-92c6-1d8e4d707520/value'
16:10:32.018 [Forwarding sendKeysToElement on session 2bb28c3c16538f0139a117283b3c52f4 to remote] DEBUG org.asynchttpclient.netty.request.NettyRequestSender - Using open Channel [id: 0x9796a04f, L:/127.0.0.1:59019 - R:localhost/127.0.0.1:62556] for POST '/session/2bb28c3c16538f0139a117283b3c52f4/element/aa11898e-f1cd-4411-92c6-1d8e4d707520/value'
16:10:32.129 [AsyncHttpClient-1-14] DEBUG org.asynchttpclient.netty.handler.HttpHandler - 

Request DefaultHttpRequest(decodeResult: success, version: HTTP/1.1)
POST /session/2bb28c3c16538f0139a117283b3c52f4/element/aa11898e-f1cd-4411-92c6-1d8e4d707520/value HTTP/1.1
User-Agent: selenium/4.1.2 (java windows)
Content-Length: 82
Content-Type: application/json; charset=utf-8
host: localhost:62556
accept: */*

Response DefaultHttpResponse(decodeResult: success, version: HTTP/1.1)
HTTP/1.1 200 OK
Content-Type: application/json; charset=utf-8
cache-control: no-cache
content-length: 14

16:10:32.129 [AsyncHttpClient-1-14] DEBUG org.asynchttpclient.netty.channel.ChannelManager - Adding key: http://localhost:62556 for channel [id: 0x9796a04f, L:/127.0.0.1:59019 - R:localhost/127.0.0.1:62556]
16:10:32.147 [Forwarding screenshot on session 2bb28c3c16538f0139a117283b3c52f4 to remote] DEBUG org.asynchttpclient.netty.request.NettyRequestSender - Using pooled Channel '[id: 0x9796a04f, L:/127.0.0.1:59019 - R:localhost/127.0.0.1:62556]' for 'GET' to 'http://localhost:62556/session/2bb28c3c16538f0139a117283b3c52f4/screenshot'
16:10:32.148 [Forwarding screenshot on session 2bb28c3c16538f0139a117283b3c52f4 to remote] DEBUG org.asynchttpclient.netty.request.NettyRequestSender - Using open Channel [id: 0x9796a04f, L:/127.0.0.1:59019 - R:localhost/127.0.0.1:62556] for GET '/session/2bb28c3c16538f0139a117283b3c52f4/screenshot'
16:10:32.619 [AsyncHttpClient-1-1] DEBUG org.asynchttpclient.netty.channel.DefaultChannelPool - Entry count for : http://localhost:59020 : 1
16:10:32.764 [AsyncHttpClient-1-14] DEBUG org.asynchttpclient.netty.handler.HttpHandler - 

Request DefaultFullHttpRequest(decodeResult: success, version: HTTP/1.1, content: EmptyByteBufBE)
GET /session/2bb28c3c16538f0139a117283b3c52f4/screenshot HTTP/1.1
User-Agent: selenium/4.1.2 (java windows)
Cache-Control: no-cache
Content-Type: application/json; charset=utf-8
host: localhost:62556
accept: */*

Response DefaultHttpResponse(decodeResult: success, version: HTTP/1.1)
HTTP/1.1 200 OK
Content-Type: application/json; charset=utf-8
cache-control: no-cache
content-length: 406020

16:10:32.766 [AsyncHttpClient-1-14] DEBUG org.asynchttpclient.netty.channel.ChannelManager - Adding key: http://localhost:62556 for channel [id: 0x9796a04f, L:/127.0.0.1:59019 - R:localhost/127.0.0.1:62556]
16:10:32.786 [main] DEBUG net.serenitybdd.core.photography.Darkroom - Send negative for processing for target\site\serenity\9263b36143dad4de97b64da728474e6f15b43454074caba767a9e944e2aa8525.png
16:10:32.786 [main] DEBUG net.thucydides.core.steps.StepInterceptor - STEP DONE: inputUsernameToField
  &amp#27;[32mWhen &amp#27;[0m&amp#27;[32mI input &amp#27;[0m&amp#27;[32m&amp#27;[1m""&amp#27;[0m&amp#27;[32m username&amp#27;[0m         &amp#27;[90m# starter.stepdefinitions.LoginSteps.iInputUsername(java.lang.String)&amp#27;[0m
16:10:32.787 [Darkroom Processing Line] DEBUG net.serenitybdd.core.photography.DarkroomProcessingLine - Processing screenshot image in /var/screenshots/screenshot-13670099791731261346
16:10:32.787 [Darkroom Processing Line] DEBUG net.serenitybdd.core.photography.DarkroomProcessingLine - Saving screenshot to target\site\serenity\9263b36143dad4de97b64da728474e6f15b43454074caba767a9e944e2aa8525.png
16:10:32.819 [main] DEBUG net.thucydides.core.steps.StepInterceptor - STARTING STEP: LoginSteps.iInputPassword - inputPasswordToField
16:10:32.826 [Forwarding findElement on session 2bb28c3c16538f0139a117283b3c52f4 to remote] DEBUG org.asynchttpclient.netty.request.NettyRequestSender - Using pooled Channel '[id: 0x9796a04f, L:/127.0.0.1:59019 - R:localhost/127.0.0.1:62556]' for 'POST' to 'http://localhost:62556/session/2bb28c3c16538f0139a117283b3c52f4/element'
16:10:32.826 [Forwarding findElement on session 2bb28c3c16538f0139a117283b3c52f4 to remote] DEBUG org.asynchttpclient.netty.request.NettyRequestSender - Using open Channel [id: 0x9796a04f, L:/127.0.0.1:59019 - R:localhost/127.0.0.1:62556] for POST '/session/2bb28c3c16538f0139a117283b3c52f4/element'
16:10:32.884 [AsyncHttpClient-1-14] DEBUG org.asynchttpclient.netty.handler.HttpHandler - 

Request DefaultHttpRequest(decodeResult: success, version: HTTP/1.1)
POST /session/2bb28c3c16538f0139a117283b3c52f4/element HTTP/1.1
User-Agent: selenium/4.1.2 (java windows)
Content-Length: 53
Content-Type: application/json; charset=utf-8
host: localhost:62556
accept: */*

Response DefaultHttpResponse(decodeResult: success, version: HTTP/1.1)
HTTP/1.1 200 OK
Content-Type: application/json; charset=utf-8
cache-control: no-cache
content-length: 88

16:10:32.885 [AsyncHttpClient-1-14] DEBUG org.asynchttpclient.netty.channel.ChannelManager - Adding key: http://localhost:62556 for channel [id: 0x9796a04f, L:/127.0.0.1:59019 - R:localhost/127.0.0.1:62556]
16:10:32.888 [Forwarding clearElement on session 2bb28c3c16538f0139a117283b3c52f4 to remote] DEBUG org.asynchttpclient.netty.request.NettyRequestSender - Using pooled Channel '[id: 0x9796a04f, L:/127.0.0.1:59019 - R:localhost/127.0.0.1:62556]' for 'POST' to 'http://localhost:62556/session/2bb28c3c16538f0139a117283b3c52f4/element/62df815e-cb6b-4196-8f42-bb173a119e67/clear'
16:10:32.888 [Forwarding clearElement on session 2bb28c3c16538f0139a117283b3c52f4 to remote] DEBUG org.asynchttpclient.netty.request.NettyRequestSender - Using open Channel [id: 0x9796a04f, L:/127.0.0.1:59019 - R:localhost/127.0.0.1:62556] for POST '/session/2bb28c3c16538f0139a117283b3c52f4/element/62df815e-cb6b-4196-8f42-bb173a119e67/clear'
16:10:32.972 [AsyncHttpClient-1-14] DEBUG org.asynchttpclient.netty.handler.HttpHandler - 

Request DefaultHttpRequest(decodeResult: success, version: HTTP/1.1)
POST /session/2bb28c3c16538f0139a117283b3c52f4/element/62df815e-cb6b-4196-8f42-bb173a119e67/clear HTTP/1.1
User-Agent: selenium/4.1.2 (java windows)
Content-Length: 50
Content-Type: application/json; charset=utf-8
host: localhost:62556
accept: */*

Response DefaultHttpResponse(decodeResult: success, version: HTTP/1.1)
HTTP/1.1 200 OK
Content-Type: application/json; charset=utf-8
cache-control: no-cache
content-length: 14

16:10:32.973 [AsyncHttpClient-1-14] DEBUG org.asynchttpclient.netty.channel.ChannelManager - Adding key: http://localhost:62556 for channel [id: 0x9796a04f, L:/127.0.0.1:59019 - R:localhost/127.0.0.1:62556]
16:10:32.978 [Forwarding sendKeysToElement on session 2bb28c3c16538f0139a117283b3c52f4 to remote] DEBUG org.asynchttpclient.netty.request.NettyRequestSender - Using pooled Channel '[id: 0x9796a04f, L:/127.0.0.1:59019 - R:localhost/127.0.0.1:62556]' for 'POST' to 'http://localhost:62556/session/2bb28c3c16538f0139a117283b3c52f4/element/62df815e-cb6b-4196-8f42-bb173a119e67/value'
16:10:32.979 [Forwarding sendKeysToElement on session 2bb28c3c16538f0139a117283b3c52f4 to remote] DEBUG org.asynchttpclient.netty.request.NettyRequestSender - Using open Channel [id: 0x9796a04f, L:/127.0.0.1:59019 - R:localhost/127.0.0.1:62556] for POST '/session/2bb28c3c16538f0139a117283b3c52f4/element/62df815e-cb6b-4196-8f42-bb173a119e67/value'
16:10:33.161 [AsyncHttpClient-1-14] DEBUG org.asynchttpclient.netty.handler.HttpHandler - 

Request DefaultHttpRequest(decodeResult: success, version: HTTP/1.1)
POST /session/2bb28c3c16538f0139a117283b3c52f4/element/62df815e-cb6b-4196-8f42-bb173a119e67/value HTTP/1.1
User-Agent: selenium/4.1.2 (java windows)
Content-Length: 171
Content-Type: application/json; charset=utf-8
host: localhost:62556
accept: */*

Response DefaultHttpResponse(decodeResult: success, version: HTTP/1.1)
HTTP/1.1 200 OK
Content-Type: application/json; charset=utf-8
cache-control: no-cache
content-length: 14

16:10:33.161 [AsyncHttpClient-1-14] DEBUG org.asynchttpclient.netty.channel.ChannelManager - Adding key: http://localhost:62556 for channel [id: 0x9796a04f, L:/127.0.0.1:59019 - R:localhost/127.0.0.1:62556]
16:10:33.180 [Forwarding screenshot on session 2bb28c3c16538f0139a117283b3c52f4 to remote] DEBUG org.asynchttpclient.netty.request.NettyRequestSender - Using pooled Channel '[id: 0x9796a04f, L:/127.0.0.1:59019 - R:localhost/127.0.0.1:62556]' for 'GET' to 'http://localhost:62556/session/2bb28c3c16538f0139a117283b3c52f4/screenshot'
16:10:33.180 [Forwarding screenshot on session 2bb28c3c16538f0139a117283b3c52f4 to remote] DEBUG org.asynchttpclient.netty.request.NettyRequestSender - Using open Channel [id: 0x9796a04f, L:/127.0.0.1:59019 - R:localhost/127.0.0.1:62556] for GET '/session/2bb28c3c16538f0139a117283b3c52f4/screenshot'
16:10:33.514 [AsyncHttpClient-1-14] DEBUG org.asynchttpclient.netty.handler.HttpHandler - 

Request DefaultFullHttpRequest(decodeResult: success, version: HTTP/1.1, content: EmptyByteBufBE)
GET /session/2bb28c3c16538f0139a117283b3c52f4/screenshot HTTP/1.1
User-Agent: selenium/4.1.2 (java windows)
Cache-Control: no-cache
Content-Type: application/json; charset=utf-8
host: localhost:62556
accept: */*

Response DefaultHttpResponse(decodeResult: success, version: HTTP/1.1)
HTTP/1.1 200 OK
Content-Type: application/json; charset=utf-8
cache-control: no-cache
content-length: 403828

16:10:33.515 [AsyncHttpClient-1-14] DEBUG org.asynchttpclient.netty.channel.ChannelManager - Adding key: http://localhost:62556 for channel [id: 0x9796a04f, L:/127.0.0.1:59019 - R:localhost/127.0.0.1:62556]
16:10:33.528 [main] DEBUG net.serenitybdd.core.photography.Darkroom - Send negative for processing for target\site\serenity\f6fc222fa9ba3328cf772621557050e9f0c66710e93997f831a6815db840cb7d.png
16:10:33.529 [main] DEBUG net.thucydides.core.steps.StepInterceptor - STEP DONE: inputPasswordToField
16:10:33.529 [Darkroom Processing Line] DEBUG net.serenitybdd.core.photography.DarkroomProcessingLine - Processing screenshot image in /var/screenshots/screenshot-17583995689984496322
  &amp#27;[32mAnd &amp#27;[0m&amp#27;[32mI input &amp#27;[0m&amp#27;[32m&amp#27;[1m"1!KinoSu#"&amp#27;[0m&amp#27;[32m password&amp#27;[0m &amp#27;[90m# starter.stepdefinitions.LoginSteps.iInputPassword(java.lang.String)&amp#27;[0m
16:10:33.529 [Darkroom Processing Line] DEBUG net.serenitybdd.core.photography.DarkroomProcessingLine - Saving screenshot to target\site\serenity\f6fc222fa9ba3328cf772621557050e9f0c66710e93997f831a6815db840cb7d.png
16:10:33.567 [main] DEBUG net.thucydides.core.steps.StepInterceptor - STARTING STEP: LoginSteps.clickLoginButton - clickLogin
16:10:33.572 [Forwarding findElement on session 2bb28c3c16538f0139a117283b3c52f4 to remote] DEBUG org.asynchttpclient.netty.request.NettyRequestSender - Using pooled Channel '[id: 0x9796a04f, L:/127.0.0.1:59019 - R:localhost/127.0.0.1:62556]' for 'POST' to 'http://localhost:62556/session/2bb28c3c16538f0139a117283b3c52f4/element'
16:10:33.573 [Forwarding findElement on session 2bb28c3c16538f0139a117283b3c52f4 to remote] DEBUG org.asynchttpclient.netty.request.NettyRequestSender - Using open Channel [id: 0x9796a04f, L:/127.0.0.1:59019 - R:localhost/127.0.0.1:62556] for POST '/session/2bb28c3c16538f0139a117283b3c52f4/element'
16:10:33.602 [AsyncHttpClient-1-14] DEBUG org.asynchttpclient.netty.handler.HttpHandler - 

Request DefaultHttpRequest(decodeResult: success, version: HTTP/1.1)
POST /session/2bb28c3c16538f0139a117283b3c52f4/element HTTP/1.1
User-Agent: selenium/4.1.2 (java windows)
Content-Length: 74
Content-Type: application/json; charset=utf-8
host: localhost:62556
accept: */*

Response DefaultHttpResponse(decodeResult: success, version: HTTP/1.1)
HTTP/1.1 200 OK
Content-Type: application/json; charset=utf-8
cache-control: no-cache
content-length: 88

16:10:33.602 [AsyncHttpClient-1-14] DEBUG org.asynchttpclient.netty.channel.ChannelManager - Adding key: http://localhost:62556 for channel [id: 0x9796a04f, L:/127.0.0.1:59019 - R:localhost/127.0.0.1:62556]
16:10:33.605 [Forwarding getElementTagName on session 2bb28c3c16538f0139a117283b3c52f4 to remote] DEBUG org.asynchttpclient.netty.request.NettyRequestSender - Using pooled Channel '[id: 0x9796a04f, L:/127.0.0.1:59019 - R:localhost/127.0.0.1:62556]' for 'GET' to 'http://localhost:62556/session/2bb28c3c16538f0139a117283b3c52f4/element/e2e49490-d9fd-4728-8e57-35f6e8c54003/name'
16:10:33.605 [Forwarding getElementTagName on session 2bb28c3c16538f0139a117283b3c52f4 to remote] DEBUG org.asynchttpclient.netty.request.NettyRequestSender - Using open Channel [id: 0x9796a04f, L:/127.0.0.1:59019 - R:localhost/127.0.0.1:62556] for GET '/session/2bb28c3c16538f0139a117283b3c52f4/element/e2e49490-d9fd-4728-8e57-35f6e8c54003/name'
16:10:33.619 [AsyncHttpClient-1-14] DEBUG org.asynchttpclient.netty.handler.HttpHandler - 

Request DefaultFullHttpRequest(decodeResult: success, version: HTTP/1.1, content: EmptyByteBufBE)
GET /session/2bb28c3c16538f0139a117283b3c52f4/element/e2e49490-d9fd-4728-8e57-35f6e8c54003/name HTTP/1.1
User-Agent: selenium/4.1.2 (java windows)
Cache-Control: no-cache
Content-Type: application/json; charset=utf-8
host: localhost:62556
accept: */*

Response DefaultHttpResponse(decodeResult: success, version: HTTP/1.1)
HTTP/1.1 200 OK
Content-Type: application/json; charset=utf-8
cache-control: no-cache
content-length: 13

16:10:33.619 [AsyncHttpClient-1-14] DEBUG org.asynchttpclient.netty.channel.ChannelManager - Adding key: http://localhost:62556 for channel [id: 0x9796a04f, L:/127.0.0.1:59019 - R:localhost/127.0.0.1:62556]
16:10:33.622 [Forwarding getElementTagName on session 2bb28c3c16538f0139a117283b3c52f4 to remote] DEBUG org.asynchttpclient.netty.request.NettyRequestSender - Using pooled Channel '[id: 0x9796a04f, L:/127.0.0.1:59019 - R:localhost/127.0.0.1:62556]' for 'GET' to 'http://localhost:62556/session/2bb28c3c16538f0139a117283b3c52f4/element/e2e49490-d9fd-4728-8e57-35f6e8c54003/name'
16:10:33.622 [Forwarding getElementTagName on session 2bb28c3c16538f0139a117283b3c52f4 to remote] DEBUG org.asynchttpclient.netty.request.NettyRequestSender - Using open Channel [id: 0x9796a04f, L:/127.0.0.1:59019 - R:localhost/127.0.0.1:62556] for GET '/session/2bb28c3c16538f0139a117283b3c52f4/element/e2e49490-d9fd-4728-8e57-35f6e8c54003/name'
16:10:33.630 [AsyncHttpClient-1-14] DEBUG org.asynchttpclient.netty.handler.HttpHandler - 

Request DefaultFullHttpRequest(decodeResult: success, version: HTTP/1.1, content: EmptyByteBufBE)
GET /session/2bb28c3c16538f0139a117283b3c52f4/element/e2e49490-d9fd-4728-8e57-35f6e8c54003/name HTTP/1.1
User-Agent: selenium/4.1.2 (java windows)
Cache-Control: no-cache
Content-Type: application/json; charset=utf-8
host: localhost:62556
accept: */*

Response DefaultHttpResponse(decodeResult: success, version: HTTP/1.1)
HTTP/1.1 200 OK
Content-Type: application/json; charset=utf-8
cache-control: no-cache
content-length: 13

16:10:33.630 [AsyncHttpClient-1-14] DEBUG org.asynchttpclient.netty.channel.ChannelManager - Adding key: http://localhost:62556 for channel [id: 0x9796a04f, L:/127.0.0.1:59019 - R:localhost/127.0.0.1:62556]
16:10:33.634 [Forwarding findElement on session 2bb28c3c16538f0139a117283b3c52f4 to remote] DEBUG org.asynchttpclient.netty.request.NettyRequestSender - Using pooled Channel '[id: 0x9796a04f, L:/127.0.0.1:59019 - R:localhost/127.0.0.1:62556]' for 'POST' to 'http://localhost:62556/session/2bb28c3c16538f0139a117283b3c52f4/element'
16:10:33.634 [Forwarding findElement on session 2bb28c3c16538f0139a117283b3c52f4 to remote] DEBUG org.asynchttpclient.netty.request.NettyRequestSender - Using open Channel [id: 0x9796a04f, L:/127.0.0.1:59019 - R:localhost/127.0.0.1:62556] for POST '/session/2bb28c3c16538f0139a117283b3c52f4/element'
16:10:33.646 [AsyncHttpClient-1-14] DEBUG org.asynchttpclient.netty.handler.HttpHandler - 

Request DefaultHttpRequest(decodeResult: success, version: HTTP/1.1)
POST /session/2bb28c3c16538f0139a117283b3c52f4/element HTTP/1.1
User-Agent: selenium/4.1.2 (java windows)
Content-Length: 74
Content-Type: application/json; charset=utf-8
host: localhost:62556
accept: */*

Response DefaultHttpResponse(decodeResult: success, version: HTTP/1.1)
HTTP/1.1 200 OK
Content-Type: application/json; charset=utf-8
cache-control: no-cache
content-length: 88

16:10:33.646 [AsyncHttpClient-1-14] DEBUG org.asynchttpclient.netty.channel.ChannelManager - Adding key: http://localhost:62556 for channel [id: 0x9796a04f, L:/127.0.0.1:59019 - R:localhost/127.0.0.1:62556]
16:10:33.648 [Forwarding clickElement on session 2bb28c3c16538f0139a117283b3c52f4 to remote] DEBUG org.asynchttpclient.netty.request.NettyRequestSender - Using pooled Channel '[id: 0x9796a04f, L:/127.0.0.1:59019 - R:localhost/127.0.0.1:62556]' for 'POST' to 'http://localhost:62556/session/2bb28c3c16538f0139a117283b3c52f4/element/e2e49490-d9fd-4728-8e57-35f6e8c54003/click'
16:10:33.648 [Forwarding clickElement on session 2bb28c3c16538f0139a117283b3c52f4 to remote] DEBUG org.asynchttpclient.netty.request.NettyRequestSender - Using open Channel [id: 0x9796a04f, L:/127.0.0.1:59019 - R:localhost/127.0.0.1:62556] for POST '/session/2bb28c3c16538f0139a117283b3c52f4/element/e2e49490-d9fd-4728-8e57-35f6e8c54003/click'
16:10:33.716 [AsyncHttpClient-1-14] DEBUG org.asynchttpclient.netty.handler.HttpHandler - 

Request DefaultHttpRequest(decodeResult: success, version: HTTP/1.1)
POST /session/2bb28c3c16538f0139a117283b3c52f4/element/e2e49490-d9fd-4728-8e57-35f6e8c54003/click HTTP/1.1
User-Agent: selenium/4.1.2 (java windows)
Content-Length: 50
Content-Type: application/json; charset=utf-8
host: localhost:62556
accept: */*

Response DefaultHttpResponse(decodeResult: success, version: HTTP/1.1)
HTTP/1.1 200 OK
Content-Type: application/json; charset=utf-8
cache-control: no-cache
content-length: 14

16:10:33.716 [AsyncHttpClient-1-14] DEBUG org.asynchttpclient.netty.channel.ChannelManager - Adding key: http://localhost:62556 for channel [id: 0x9796a04f, L:/127.0.0.1:59019 - R:localhost/127.0.0.1:62556]
16:10:33.717 [AsyncHttpClient-1-1] DEBUG org.asynchttpclient.netty.channel.DefaultChannelPool - Entry count for : http://localhost:59020 : 1
16:10:33.717 [AsyncHttpClient-1-1] DEBUG org.asynchttpclient.netty.channel.DefaultChannelPool - Entry count for : http://localhost:62556 : 1
16:10:33.726 [Forwarding findElement on session 2bb28c3c16538f0139a117283b3c52f4 to remote] DEBUG org.asynchttpclient.netty.request.NettyRequestSender - Using pooled Channel '[id: 0x9796a04f, L:/127.0.0.1:59019 - R:localhost/127.0.0.1:62556]' for 'POST' to 'http://localhost:62556/session/2bb28c3c16538f0139a117283b3c52f4/element'
16:10:33.726 [Forwarding findElement on session 2bb28c3c16538f0139a117283b3c52f4 to remote] DEBUG org.asynchttpclient.netty.request.NettyRequestSender - Using open Channel [id: 0x9796a04f, L:/127.0.0.1:59019 - R:localhost/127.0.0.1:62556] for POST '/session/2bb28c3c16538f0139a117283b3c52f4/element'
16:10:33.735 [AsyncHttpClient-1-14] DEBUG org.asynchttpclient.netty.handler.HttpHandler - 

Request DefaultHttpRequest(decodeResult: success, version: HTTP/1.1)
POST /session/2bb28c3c16538f0139a117283b3c52f4/element HTTP/1.1
User-Agent: selenium/4.1.2 (java windows)
Content-Length: 50
Content-Type: application/json; charset=utf-8
host: localhost:62556
accept: */*

Response DefaultHttpResponse(decodeResult: success, version: HTTP/1.1)
HTTP/1.1 200 OK
Content-Type: application/json; charset=utf-8
cache-control: no-cache
content-length: 88

16:10:33.735 [AsyncHttpClient-1-14] DEBUG org.asynchttpclient.netty.channel.ChannelManager - Adding key: http://localhost:62556 for channel [id: 0x9796a04f, L:/127.0.0.1:59019 - R:localhost/127.0.0.1:62556]
16:10:33.738 [Forwarding getElementTagName on session 2bb28c3c16538f0139a117283b3c52f4 to remote] DEBUG org.asynchttpclient.netty.request.NettyRequestSender - Using pooled Channel '[id: 0x9796a04f, L:/127.0.0.1:59019 - R:localhost/127.0.0.1:62556]' for 'GET' to 'http://localhost:62556/session/2bb28c3c16538f0139a117283b3c52f4/element/4dc1b21a-03dc-450c-a260-15483e3e3f08/name'
16:10:33.739 [Forwarding getElementTagName on session 2bb28c3c16538f0139a117283b3c52f4 to remote] DEBUG org.asynchttpclient.netty.request.NettyRequestSender - Using open Channel [id: 0x9796a04f, L:/127.0.0.1:59019 - R:localhost/127.0.0.1:62556] for GET '/session/2bb28c3c16538f0139a117283b3c52f4/element/4dc1b21a-03dc-450c-a260-15483e3e3f08/name'
16:10:33.743 [AsyncHttpClient-1-14] DEBUG org.asynchttpclient.netty.handler.HttpHandler - 

Request DefaultFullHttpRequest(decodeResult: success, version: HTTP/1.1, content: EmptyByteBufBE)
GET /session/2bb28c3c16538f0139a117283b3c52f4/element/4dc1b21a-03dc-450c-a260-15483e3e3f08/name HTTP/1.1
User-Agent: selenium/4.1.2 (java windows)
Cache-Control: no-cache
Content-Type: application/json; charset=utf-8
host: localhost:62556
accept: */*

Response DefaultHttpResponse(decodeResult: success, version: HTTP/1.1)
HTTP/1.1 200 OK
Content-Type: application/json; charset=utf-8
cache-control: no-cache
content-length: 18

16:10:33.744 [AsyncHttpClient-1-14] DEBUG org.asynchttpclient.netty.channel.ChannelManager - Adding key: http://localhost:62556 for channel [id: 0x9796a04f, L:/127.0.0.1:59019 - R:localhost/127.0.0.1:62556]
16:10:33.745 [Forwarding getElementTagName on session 2bb28c3c16538f0139a117283b3c52f4 to remote] DEBUG org.asynchttpclient.netty.request.NettyRequestSender - Using pooled Channel '[id: 0x9796a04f, L:/127.0.0.1:59019 - R:localhost/127.0.0.1:62556]' for 'GET' to 'http://localhost:62556/session/2bb28c3c16538f0139a117283b3c52f4/element/4dc1b21a-03dc-450c-a260-15483e3e3f08/name'
16:10:33.745 [Forwarding getElementTagName on session 2bb28c3c16538f0139a117283b3c52f4 to remote] DEBUG org.asynchttpclient.netty.request.NettyRequestSender - Using open Channel [id: 0x9796a04f, L:/127.0.0.1:59019 - R:localhost/127.0.0.1:62556] for GET '/session/2bb28c3c16538f0139a117283b3c52f4/element/4dc1b21a-03dc-450c-a260-15483e3e3f08/name'
16:10:33.749 [AsyncHttpClient-1-14] DEBUG org.asynchttpclient.netty.handler.HttpHandler - 

Request DefaultFullHttpRequest(decodeResult: success, version: HTTP/1.1, content: EmptyByteBufBE)
GET /session/2bb28c3c16538f0139a117283b3c52f4/element/4dc1b21a-03dc-450c-a260-15483e3e3f08/name HTTP/1.1
User-Agent: selenium/4.1.2 (java windows)
Cache-Control: no-cache
Content-Type: application/json; charset=utf-8
host: localhost:62556
accept: */*

Response DefaultHttpResponse(decodeResult: success, version: HTTP/1.1)
HTTP/1.1 200 OK
Content-Type: application/json; charset=utf-8
cache-control: no-cache
content-length: 18

16:10:33.749 [AsyncHttpClient-1-14] DEBUG org.asynchttpclient.netty.channel.ChannelManager - Adding key: http://localhost:62556 for channel [id: 0x9796a04f, L:/127.0.0.1:59019 - R:localhost/127.0.0.1:62556]
16:10:33.752 [Forwarding isElementEnabled on session 2bb28c3c16538f0139a117283b3c52f4 to remote] DEBUG org.asynchttpclient.netty.request.NettyRequestSender - Using pooled Channel '[id: 0x9796a04f, L:/127.0.0.1:59019 - R:localhost/127.0.0.1:62556]' for 'GET' to 'http://localhost:62556/session/2bb28c3c16538f0139a117283b3c52f4/element/4dc1b21a-03dc-450c-a260-15483e3e3f08/enabled'
16:10:33.752 [Forwarding isElementEnabled on session 2bb28c3c16538f0139a117283b3c52f4 to remote] DEBUG org.asynchttpclient.netty.request.NettyRequestSender - Using open Channel [id: 0x9796a04f, L:/127.0.0.1:59019 - R:localhost/127.0.0.1:62556] for GET '/session/2bb28c3c16538f0139a117283b3c52f4/element/4dc1b21a-03dc-450c-a260-15483e3e3f08/enabled'
16:10:33.770 [AsyncHttpClient-1-14] DEBUG org.asynchttpclient.netty.handler.HttpHandler - 

Request DefaultFullHttpRequest(decodeResult: success, version: HTTP/1.1, content: EmptyByteBufBE)
GET /session/2bb28c3c16538f0139a117283b3c52f4/element/4dc1b21a-03dc-450c-a260-15483e3e3f08/enabled HTTP/1.1
User-Agent: selenium/4.1.2 (java windows)
Cache-Control: no-cache
Content-Type: application/json; charset=utf-8
host: localhost:62556
accept: */*

Response DefaultHttpResponse(decodeResult: success, version: HTTP/1.1)
HTTP/1.1 200 OK
Content-Type: application/json; charset=utf-8
cache-control: no-cache
content-length: 14

16:10:33.770 [AsyncHttpClient-1-14] DEBUG org.asynchttpclient.netty.channel.ChannelManager - Adding key: http://localhost:62556 for channel [id: 0x9796a04f, L:/127.0.0.1:59019 - R:localhost/127.0.0.1:62556]
16:10:33.774 [Forwarding isElementEnabled on session 2bb28c3c16538f0139a117283b3c52f4 to remote] DEBUG org.asynchttpclient.netty.request.NettyRequestSender - Using pooled Channel '[id: 0x9796a04f, L:/127.0.0.1:59019 - R:localhost/127.0.0.1:62556]' for 'GET' to 'http://localhost:62556/session/2bb28c3c16538f0139a117283b3c52f4/element/4dc1b21a-03dc-450c-a260-15483e3e3f08/enabled'
16:10:33.774 [Forwarding isElementEnabled on session 2bb28c3c16538f0139a117283b3c52f4 to remote] DEBUG org.asynchttpclient.netty.request.NettyRequestSender - Using open Channel [id: 0x9796a04f, L:/127.0.0.1:59019 - R:localhost/127.0.0.1:62556] for GET '/session/2bb28c3c16538f0139a117283b3c52f4/element/4dc1b21a-03dc-450c-a260-15483e3e3f08/enabled'
16:10:33.782 [AsyncHttpClient-1-14] DEBUG org.asynchttpclient.netty.handler.HttpHandler - 

Request DefaultFullHttpRequest(decodeResult: success, version: HTTP/1.1, content: EmptyByteBufBE)
GET /session/2bb28c3c16538f0139a117283b3c52f4/element/4dc1b21a-03dc-450c-a260-15483e3e3f08/enabled HTTP/1.1
User-Agent: selenium/4.1.2 (java windows)
Cache-Control: no-cache
Content-Type: application/json; charset=utf-8
host: localhost:62556
accept: */*

Response DefaultHttpResponse(decodeResult: success, version: HTTP/1.1)
HTTP/1.1 200 OK
Content-Type: application/json; charset=utf-8
cache-control: no-cache
content-length: 14

16:10:33.783 [AsyncHttpClient-1-14] DEBUG org.asynchttpclient.netty.channel.ChannelManager - Adding key: http://localhost:62556 for channel [id: 0x9796a04f, L:/127.0.0.1:59019 - R:localhost/127.0.0.1:62556]
16:10:33.786 [Forwarding findElement on session 2bb28c3c16538f0139a117283b3c52f4 to remote] DEBUG org.asynchttpclient.netty.request.NettyRequestSender - Using pooled Channel '[id: 0x9796a04f, L:/127.0.0.1:59019 - R:localhost/127.0.0.1:62556]' for 'POST' to 'http://localhost:62556/session/2bb28c3c16538f0139a117283b3c52f4/element'
16:10:33.786 [Forwarding findElement on session 2bb28c3c16538f0139a117283b3c52f4 to remote] DEBUG org.asynchttpclient.netty.request.NettyRequestSender - Using open Channel [id: 0x9796a04f, L:/127.0.0.1:59019 - R:localhost/127.0.0.1:62556] for POST '/session/2bb28c3c16538f0139a117283b3c52f4/element'
16:10:33.798 [AsyncHttpClient-1-14] DEBUG org.asynchttpclient.netty.handler.HttpHandler - 

Request DefaultHttpRequest(decodeResult: success, version: HTTP/1.1)
POST /session/2bb28c3c16538f0139a117283b3c52f4/element HTTP/1.1
User-Agent: selenium/4.1.2 (java windows)
Content-Length: 50
Content-Type: application/json; charset=utf-8
host: localhost:62556
accept: */*

Response DefaultHttpResponse(decodeResult: success, version: HTTP/1.1)
HTTP/1.1 200 OK
Content-Type: application/json; charset=utf-8
cache-control: no-cache
content-length: 88

16:10:33.798 [AsyncHttpClient-1-14] DEBUG org.asynchttpclient.netty.channel.ChannelManager - Adding key: http://localhost:62556 for channel [id: 0x9796a04f, L:/127.0.0.1:59019 - R:localhost/127.0.0.1:62556]
16:10:33.800 [Forwarding clickElement on session 2bb28c3c16538f0139a117283b3c52f4 to remote] DEBUG org.asynchttpclient.netty.request.NettyRequestSender - Using pooled Channel '[id: 0x9796a04f, L:/127.0.0.1:59019 - R:localhost/127.0.0.1:62556]' for 'POST' to 'http://localhost:62556/session/2bb28c3c16538f0139a117283b3c52f4/element/4dc1b21a-03dc-450c-a260-15483e3e3f08/click'
16:10:33.800 [Forwarding clickElement on session 2bb28c3c16538f0139a117283b3c52f4 to remote] DEBUG org.asynchttpclient.netty.request.NettyRequestSender - Using open Channel [id: 0x9796a04f, L:/127.0.0.1:59019 - R:localhost/127.0.0.1:62556] for POST '/session/2bb28c3c16538f0139a117283b3c52f4/element/4dc1b21a-03dc-450c-a260-15483e3e3f08/click'
16:10:33.873 [AsyncHttpClient-1-14] DEBUG org.asynchttpclient.netty.handler.HttpHandler - 

Request DefaultHttpRequest(decodeResult: success, version: HTTP/1.1)
POST /session/2bb28c3c16538f0139a117283b3c52f4/element/4dc1b21a-03dc-450c-a260-15483e3e3f08/click HTTP/1.1
User-Agent: selenium/4.1.2 (java windows)
Content-Length: 50
Content-Type: application/json; charset=utf-8
host: localhost:62556
accept: */*

Response DefaultHttpResponse(decodeResult: success, version: HTTP/1.1)
HTTP/1.1 200 OK
Content-Type: application/json; charset=utf-8
cache-control: no-cache
content-length: 14

16:10:33.874 [AsyncHttpClient-1-14] DEBUG org.asynchttpclient.netty.channel.ChannelManager - Adding key: http://localhost:62556 for channel [id: 0x9796a04f, L:/127.0.0.1:59019 - R:localhost/127.0.0.1:62556]
16:10:33.882 [Forwarding screenshot on session 2bb28c3c16538f0139a117283b3c52f4 to remote] DEBUG org.asynchttpclient.netty.request.NettyRequestSender - Using pooled Channel '[id: 0x9796a04f, L:/127.0.0.1:59019 - R:localhost/127.0.0.1:62556]' for 'GET' to 'http://localhost:62556/session/2bb28c3c16538f0139a117283b3c52f4/screenshot'
16:10:33.882 [Forwarding screenshot on session 2bb28c3c16538f0139a117283b3c52f4 to remote] DEBUG org.asynchttpclient.netty.request.NettyRequestSender - Using open Channel [id: 0x9796a04f, L:/127.0.0.1:59019 - R:localhost/127.0.0.1:62556] for GET '/session/2bb28c3c16538f0139a117283b3c52f4/screenshot'
16:10:34.231 [AsyncHttpClient-1-14] DEBUG org.asynchttpclient.netty.handler.HttpHandler - 

Request DefaultFullHttpRequest(decodeResult: success, version: HTTP/1.1, content: EmptyByteBufBE)
GET /session/2bb28c3c16538f0139a117283b3c52f4/screenshot HTTP/1.1
User-Agent: selenium/4.1.2 (java windows)
Cache-Control: no-cache
Content-Type: application/json; charset=utf-8
host: localhost:62556
accept: */*

Response DefaultHttpResponse(decodeResult: success, version: HTTP/1.1)
HTTP/1.1 200 OK
Content-Type: application/json; charset=utf-8
cache-control: no-cache
content-length: 314772

16:10:34.233 [AsyncHttpClient-1-14] DEBUG org.asynchttpclient.netty.channel.ChannelManager - Adding key: http://localhost:62556 for channel [id: 0x9796a04f, L:/127.0.0.1:59019 - R:localhost/127.0.0.1:62556]
16:10:34.247 [main] DEBUG net.serenitybdd.core.photography.Darkroom - Send negative for processing for target\site\serenity\d678981337395e84e36d73c1ab53f2269c9f8cf8b9a6177b6ab870cabde59702.png
16:10:34.247 [main] DEBUG net.thucydides.core.steps.StepInterceptor - STEP DONE: clickLogin
  &amp#27;[32mAnd &amp#27;[0m&amp#27;[32mclick login button&amp#27;[0m           &amp#27;[90m# starter.stepdefinitions.LoginSteps.clickLoginButton()&amp#27;[0m
16:10:34.247 [Darkroom Processing Line] DEBUG net.serenitybdd.core.photography.DarkroomProcessingLine - Processing screenshot image in /var/screenshots/screenshot-6768798739669583984
16:10:34.247 [Darkroom Processing Line] DEBUG net.serenitybdd.core.photography.DarkroomProcessingLine - Saving screenshot to target\site\serenity\d678981337395e84e36d73c1ab53f2269c9f8cf8b9a6177b6ab870cabde59702.png
16:10:34.273 [main] DEBUG net.thucydides.core.steps.StepInterceptor - STARTING STEP: LoginSteps.iGetThe - errorMessageAlert
16:10:34.277 [Forwarding findElement on session 2bb28c3c16538f0139a117283b3c52f4 to remote] DEBUG org.asynchttpclient.netty.request.NettyRequestSender - Using pooled Channel '[id: 0x9796a04f, L:/127.0.0.1:59019 - R:localhost/127.0.0.1:62556]' for 'POST' to 'http://localhost:62556/session/2bb28c3c16538f0139a117283b3c52f4/element'
16:10:34.277 [Forwarding findElement on session 2bb28c3c16538f0139a117283b3c52f4 to remote] DEBUG org.asynchttpclient.netty.request.NettyRequestSender - Using open Channel [id: 0x9796a04f, L:/127.0.0.1:59019 - R:localhost/127.0.0.1:62556] for POST '/session/2bb28c3c16538f0139a117283b3c52f4/element'
16:10:34.819 [AsyncHttpClient-1-1] DEBUG org.asynchttpclient.netty.channel.DefaultChannelPool - Entry count for : http://localhost:59020 : 1
16:10:35.940 [AsyncHttpClient-1-1] DEBUG org.asynchttpclient.netty.channel.DefaultChannelPool - Entry count for : http://localhost:59020 : 1
16:10:36.372 [AsyncHttpClient-1-14] DEBUG org.asynchttpclient.netty.handler.HttpHandler - 

Request DefaultHttpRequest(decodeResult: success, version: HTTP/1.1)
POST /session/2bb28c3c16538f0139a117283b3c52f4/element HTTP/1.1
User-Agent: selenium/4.1.2 (java windows)
Content-Length: 49
Content-Type: application/json; charset=utf-8
host: localhost:62556
accept: */*

Response DefaultHttpResponse(decodeResult: success, version: HTTP/1.1)
HTTP/1.1 404 Not Found
Content-Type: application/json; charset=utf-8
cache-control: no-cache
content-length: 1048

16:10:36.373 [AsyncHttpClient-1-14] DEBUG org.asynchttpclient.netty.channel.ChannelManager - Adding key: http://localhost:62556 for channel [id: 0x9796a04f, L:/127.0.0.1:59019 - R:localhost/127.0.0.1:62556]
16:10:36.437 [Forwarding screenshot on session 2bb28c3c16538f0139a117283b3c52f4 to remote] DEBUG org.asynchttpclient.netty.request.NettyRequestSender - Using pooled Channel '[id: 0x9796a04f, L:/127.0.0.1:59019 - R:localhost/127.0.0.1:62556]' for 'GET' to 'http://localhost:62556/session/2bb28c3c16538f0139a117283b3c52f4/screenshot'
16:10:36.437 [Forwarding screenshot on session 2bb28c3c16538f0139a117283b3c52f4 to remote] DEBUG org.asynchttpclient.netty.request.NettyRequestSender - Using open Channel [id: 0x9796a04f, L:/127.0.0.1:59019 - R:localhost/127.0.0.1:62556] for GET '/session/2bb28c3c16538f0139a117283b3c52f4/screenshot'
16:10:37.019 [AsyncHttpClient-1-1] DEBUG org.asynchttpclient.netty.channel.DefaultChannelPool - Entry count for : http://localhost:59020 : 1
16:10:37.059 [AsyncHttpClient-1-14] DEBUG org.asynchttpclient.netty.handler.HttpHandler - 

Request DefaultFullHttpRequest(decodeResult: success, version: HTTP/1.1, content: EmptyByteBufBE)
GET /session/2bb28c3c16538f0139a117283b3c52f4/screenshot HTTP/1.1
User-Agent: selenium/4.1.2 (java windows)
Cache-Control: no-cache
Content-Type: application/json; charset=utf-8
host: localhost:62556
accept: */*

Response DefaultHttpResponse(decodeResult: success, version: HTTP/1.1)
HTTP/1.1 200 OK
Content-Type: application/json; charset=utf-8
cache-control: no-cache
content-length: 314956

16:10:37.063 [AsyncHttpClient-1-14] DEBUG org.asynchttpclient.netty.channel.ChannelManager - Adding key: http://localhost:62556 for channel [id: 0x9796a04f, L:/127.0.0.1:59019 - R:localhost/127.0.0.1:62556]
16:10:37.082 [main] DEBUG net.serenitybdd.core.photography.Darkroom - Send negative for processing for target\site\serenity\63f97747c7da739637a455d06d1c9a207d9512927eab42c2fe8267a2b3088ff1.png
16:10:37.082 [Darkroom Processing Line] DEBUG net.serenitybdd.core.photography.DarkroomProcessingLine - Processing screenshot image in /var/screenshots/screenshot-12991597513376688107
16:10:37.082 [Darkroom Processing Line] DEBUG net.serenitybdd.core.photography.DarkroomProcessingLine - Saving screenshot to target\site\serenity\63f97747c7da739637a455d06d1c9a207d9512927eab42c2fe8267a2b3088ff1.png
16:10:37.205 [Forwarding getPageSource on session 2bb28c3c16538f0139a117283b3c52f4 to remote] DEBUG org.asynchttpclient.netty.request.NettyRequestSender - Using pooled Channel '[id: 0x9796a04f, L:/127.0.0.1:59019 - R:localhost/127.0.0.1:62556]' for 'POST' to 'http://localhost:62556/session/2bb28c3c16538f0139a117283b3c52f4/execute/sync'
16:10:37.205 [Forwarding getPageSource on session 2bb28c3c16538f0139a117283b3c52f4 to remote] DEBUG org.asynchttpclient.netty.request.NettyRequestSender - Using open Channel [id: 0x9796a04f, L:/127.0.0.1:59019 - R:localhost/127.0.0.1:62556] for POST '/session/2bb28c3c16538f0139a117283b3c52f4/execute/sync'
16:10:37.254 [AsyncHttpClient-1-14] DEBUG org.asynchttpclient.netty.handler.HttpHandler - 

Request DefaultHttpRequest(decodeResult: success, version: HTTP/1.1)
POST /session/2bb28c3c16538f0139a117283b3c52f4/execute/sync HTTP/1.1
User-Agent: selenium/4.1.2 (java windows)
Content-Length: 176
Content-Type: application/json; charset=utf-8
host: localhost:62556
accept: */*

Response DefaultHttpResponse(decodeResult: success, version: HTTP/1.1)
HTTP/1.1 200 OK
Content-Type: application/json; charset=utf-8
cache-control: no-cache
content-length: 47198

16:10:37.254 [AsyncHttpClient-1-14] DEBUG org.asynchttpclient.netty.channel.ChannelManager - Adding key: http://localhost:62556 for channel [id: 0x9796a04f, L:/127.0.0.1:59019 - R:localhost/127.0.0.1:62556]
16:10:38.118 [AsyncHttpClient-1-1] DEBUG org.asynchttpclient.netty.channel.DefaultChannelPool - Entry count for : http://localhost:59020 : 1
16:10:38.118 [AsyncHttpClient-1-1] DEBUG org.asynchttpclient.netty.channel.DefaultChannelPool - Entry count for : http://localhost:62556 : 1
16:10:38.621 [Forwarding getCurrentUrl on session 2bb28c3c16538f0139a117283b3c52f4 to remote] DEBUG org.asynchttpclient.netty.request.NettyRequestSender - Using pooled Channel '[id: 0x9796a04f, L:/127.0.0.1:59019 - R:localhost/127.0.0.1:62556]' for 'GET' to 'http://localhost:62556/session/2bb28c3c16538f0139a117283b3c52f4/url'
16:10:38.621 [Forwarding getCurrentUrl on session 2bb28c3c16538f0139a117283b3c52f4 to remote] DEBUG org.asynchttpclient.netty.request.NettyRequestSender - Using open Channel [id: 0x9796a04f, L:/127.0.0.1:59019 - R:localhost/127.0.0.1:62556] for GET '/session/2bb28c3c16538f0139a117283b3c52f4/url'
16:10:38.628 [AsyncHttpClient-1-14] DEBUG org.asynchttpclient.netty.handler.HttpHandler - 

Request DefaultFullHttpRequest(decodeResult: success, version: HTTP/1.1, content: EmptyByteBufBE)
GET /session/2bb28c3c16538f0139a117283b3c52f4/url HTTP/1.1
User-Agent: selenium/4.1.2 (java windows)
Cache-Control: no-cache
Content-Type: application/json; charset=utf-8
host: localhost:62556
accept: */*

Response DefaultHttpResponse(decodeResult: success, version: HTTP/1.1)
HTTP/1.1 200 OK
Content-Type: application/json; charset=utf-8
cache-control: no-cache
content-length: 36

16:10:38.629 [AsyncHttpClient-1-14] DEBUG org.asynchttpclient.netty.channel.ChannelManager - Adding key: http://localhost:62556 for channel [id: 0x9796a04f, L:/127.0.0.1:59019 - R:localhost/127.0.0.1:62556]
  &amp#27;[31mThen &amp#27;[0m&amp#27;[31mI get the &amp#27;[0m&amp#27;[31m&amp#27;[1m"Login Page"&amp#27;[0m      &amp#27;[90m# starter.stepdefinitions.LoginSteps.iGetThe(java.lang.String)&amp#27;[0m
      &amp#27;[31morg.openqa.selenium.NoSuchElementException: no such element: Unable to locate element: {"method":"css selector","selector":"#name"}
  (Session info: chrome=99.0.4844.84)
For documentation on this error, please visit: https://selenium.dev/exceptions/#no_such_element
Build info: version: '4.1.2', revision: '9a5a329c5a'
System info: host: 'DESKTOP-01SKV80', ip: '192.168.100.8', os.name: 'Windows 10', os.arch: 'amd64', os.version: '10.0', java.version: '15.0.2'
Driver info: org.openqa.selenium.chrome.ChromeDriver
Command: [2bb28c3c16538f0139a117283b3c52f4, findElement {using=id, value=name}]
Capabilities {acceptInsecureCerts: false, browserName: chrome, browserVersion: 99.0.4844.84, chrome: {chromedriverVersion: 99.0.4844.51 (d537ec02474b5..., userDataDir: C:\Users\ASUS\AppData\Local...}, goog:chromeOptions: {debuggerAddress: localhost:59020}, javascriptEnabled: true, networkConnectionEnabled: false, pageLoadStrategy: normal, platform: WINDOWS, platformName: WINDOWS, proxy: Proxy(), se:cdp: ws://localhost:59020/devtoo..., se:cdpVersion: 99.0.4844.84, setWindowRect: true, strictFileInteractability: false, timeouts: {implicit: 0, pageLoad: 300000, script: 30000}, unhandledPromptBehavior: dismiss and notify, webauthn:extension:credBlob: true, webauthn:extension:largeBlob: true, webauthn:virtualAuthenticators: true}
Session ID: 2bb28c3c16538f0139a117283b3c52f4
	at java.base/jdk.internal.reflect.NativeConstructorAccessorImpl.newInstance0(Native Method)
	at java.base/jdk.internal.reflect.NativeConstructorAccessorImpl.newInstance(NativeConstructorAccessorImpl.java:64)
	at java.base/jdk.internal.reflect.DelegatingConstructorAccessorImpl.newInstance(DelegatingConstructorAccessorImpl.java:45)
	at java.base/java.lang.reflect.Constructor.newInstanceWithCaller(Constructor.java:500)
	at java.base/java.lang.reflect.Constructor.newInstance(Constructor.java:481)
	at org.openqa.selenium.remote.codec.w3c.W3CHttpResponseCodec.createException(W3CHttpResponseCodec.java:200)
	at org.openqa.selenium.remote.codec.w3c.W3CHttpResponseCodec.decode(W3CHttpResponseCodec.java:133)
	at org.openqa.selenium.remote.codec.w3c.W3CHttpResponseCodec.decode(W3CHttpResponseCodec.java:53)
	at org.openqa.selenium.remote.HttpCommandExecutor.execute(HttpCommandExecutor.java:184)
	at org.openqa.selenium.remote.service.DriverCommandExecutor.invokeExecute(DriverCommandExecutor.java:167)
	at org.openqa.selenium.remote.service.DriverCommandExecutor.execute(DriverCommandExecutor.java:142)
	at org.openqa.selenium.remote.RemoteWebDriver.execute(RemoteWebDriver.java:558)
	at org.openqa.selenium.remote.ElementLocation$ElementFinder$2.findElement(ElementLocation.java:162)
	at org.openqa.selenium.remote.ElementLocation.findElement(ElementLocation.java:60)
	at org.openqa.selenium.remote.RemoteWebDriver.findElement(RemoteWebDriver.java:382)
	at org.openqa.selenium.remote.RemoteWebDriver.findElement(RemoteWebDriver.java:374)
	at net.thucydides.core.webdriver.WebDriverFacade.findElement(WebDriverFacade.java:224)
	at net.serenitybdd.core.pages.WebElementResolverByLocator.resolveForDriver(WebElementResolverByLocator.java:25)
	at net.serenitybdd.core.pages.WebElementFacadeImpl.getResolvedElement(WebElementFacadeImpl.java:191)
	at net.serenitybdd.core.pages.WebElementFacadeImpl.getElement(WebElementFacadeImpl.java:186)
	at net.serenitybdd.core.pages.WebElementFacadeImpl.getText(WebElementFacadeImpl.java:1069)
	at Serenity.Gladys.DDT@1.0.0-SNAPSHOT/starter.pages.LoginPage.errorMessageAlert(LoginPage.java:66)
	at Serenity.Gladys.DDT@1.0.0-SNAPSHOT/starter.pages.LoginPage$ByteBuddy$PSsKwE8k.errorMessageAlert$accessor$6mf7MVZJ(Unknown Source)
	at java.base/jdk.internal.reflect.NativeMethodAccessorImpl.invoke0(Native Method)
	at java.base/jdk.internal.reflect.NativeMethodAccessorImpl.invoke(NativeMethodAccessorImpl.java:64)
	at java.base/jdk.internal.reflect.DelegatingMethodAccessorImpl.invoke(DelegatingMethodAccessorImpl.java:43)
	at java.base/java.lang.reflect.Method.invoke(Method.java:564)
	at net.thucydides.core.steps.StepInterceptor.invokeMethod(StepInterceptor.java:503)
	at net.thucydides.core.steps.StepInterceptor.executeTestStepMethod(StepInterceptor.java:483)
	at net.thucydides.core.steps.StepInterceptor.runTestStep(StepInterceptor.java:457)
	at net.thucydides.core.steps.StepInterceptor.runOrSkipMethod(StepInterceptor.java:209)
	at net.thucydides.core.steps.StepInterceptor.testStepResult(StepInterceptor.java:196)
	at net.thucydides.core.steps.StepInterceptor.intercept(StepInterceptor.java:84)
	at net.thucydides.core.steps.ProxyConfiguration$InterceptorDispatcher.intercept(ProxyConfiguration.java:51)
	at Serenity.Gladys.DDT@1.0.0-SNAPSHOT/starter.pages.LoginPage$ByteBuddy$PSsKwE8k.errorMessageAlert(Unknown Source)
	at Serenity.Gladys.DDT@1.0.0-SNAPSHOT/starter.stepdefinitions.LoginSteps.iGetThe(LoginSteps.java:45)
	at âœ½.I get the "Login Page"(file:///D:/PERKULIAHAN/Semester%206,Hebatt%20glad!/Altera/New%20folder/Serenity_Gladys_DDT/src/test/resources/features/login.feature:15)
&amp#27;[0m
16:10:38.762 [AsyncHttpClient-1-16] DEBUG org.asynchttpclient.netty.handler.WebSocketHandler - Channel Closed: [id: 0x9ed8a46b, L:/127.0.0.1:59028 ! R:localhost/127.0.0.1:59020] with attribute NettyResponseFuture{currentRetry=5,
	isDone=1,
	isCancelled=0,
	asyncHandler=org.asynchttpclient.ws.WebSocketUpgradeHandler@363f6566,
	nettyRequest=org.asynchttpclient.netty.request.NettyRequest@733dfdc5,
	future=java.util.concurrent.CompletableFuture@778eea0a[Completed normally],
	uri=ws://localhost:59020/devtools/browser/1538da8b-52f8-444b-ac47-63dc7adb8f59,
	keepAlive=true,
	redirectCount=0,
	timeoutsHolder=null,
	inAuth=0,
	touch=1648717819393}
16:10:38.762 [AsyncHttpClient-1-16] DEBUG org.asynchttpclient.netty.channel.ChannelManager - Closing Channel [id: 0x9ed8a46b, L:/127.0.0.1:59028 ! R:localhost/127.0.0.1:59020] 
16:10:38.762 [Driver Command Executor] DEBUG org.asynchttpclient.netty.request.NettyRequestSender - Using pooled Channel '[id: 0x9796a04f, L:/127.0.0.1:59019 - R:localhost/127.0.0.1:62556]' for 'DELETE' to 'http://localhost:62556/session/2bb28c3c16538f0139a117283b3c52f4'
16:10:38.762 [Driver Command Executor] DEBUG org.asynchttpclient.netty.request.NettyRequestSender - Using open Channel [id: 0x9796a04f, L:/127.0.0.1:59019 - R:localhost/127.0.0.1:62556] for DELETE '/session/2bb28c3c16538f0139a117283b3c52f4'
16:10:39.218 [AsyncHttpClient-1-1] DEBUG org.asynchttpclient.netty.channel.DefaultChannelPool - Entry count for : http://localhost:59020 : 1
16:10:39.847 [AsyncHttpClient-1-15] DEBUG org.asynchttpclient.netty.handler.HttpHandler - Unexpected I/O exception on channel [id: 0x681de501, L:/127.0.0.1:59027 - R:localhost/127.0.0.1:59020]
java.net.SocketException: Connection reset
	at java.base/sun.nio.ch.SocketChannelImpl.throwConnectionReset(SocketChannelImpl.java:367)
	at java.base/sun.nio.ch.SocketChannelImpl.read(SocketChannelImpl.java:398)
	at io.netty.buffer.PooledByteBuf.setBytes(PooledByteBuf.java:258)
	at io.netty.buffer.AbstractByteBuf.writeBytes(AbstractByteBuf.java:1132)
	at io.netty.channel.socket.nio.NioSocketChannel.doReadBytes(NioSocketChannel.java:350)
	at io.netty.channel.nio.AbstractNioByteChannel$NioByteUnsafe.read(AbstractNioByteChannel.java:151)
	at io.netty.channel.nio.NioEventLoop.processSelectedKey(NioEventLoop.java:722)
	at io.netty.channel.nio.NioEventLoop.processSelectedKeysOptimized(NioEventLoop.java:658)
	at io.netty.channel.nio.NioEventLoop.processSelectedKeys(NioEventLoop.java:584)
	at io.netty.channel.nio.NioEventLoop.run(NioEventLoop.java:496)
	at io.netty.util.concurrent.SingleThreadEventExecutor$4.run(SingleThreadEventExecutor.java:986)
	at io.netty.util.internal.ThreadExecutorMap$2.run(ThreadExecutorMap.java:74)
	at io.netty.util.concurrent.FastThreadLocalRunnable.run(FastThreadLocalRunnable.java:30)
	at java.base/java.lang.Thread.run(Thread.java:832)
16:10:39.848 [AsyncHttpClient-1-15] DEBUG org.asynchttpclient.netty.channel.ChannelManager - Closing Channel [id: 0x681de501, L:/127.0.0.1:59027 - R:localhost/127.0.0.1:59020] 
16:10:39.848 [AsyncHttpClient-1-15] DEBUG org.asynchttpclient.netty.handler.HttpHandler - Channel Closed: [id: 0x681de501, L:/127.0.0.1:59027 ! R:localhost/127.0.0.1:59020] with attribute DISCARD
16:10:39.943 [AsyncHttpClient-1-14] DEBUG org.asynchttpclient.netty.handler.HttpHandler - 

Request DefaultFullHttpRequest(decodeResult: success, version: HTTP/1.1, content: EmptyByteBufBE)
DELETE /session/2bb28c3c16538f0139a117283b3c52f4 HTTP/1.1
User-Agent: selenium/4.1.2 (java windows)
Content-Type: application/json; charset=utf-8
host: localhost:62556
accept: */*

Response DefaultHttpResponse(decodeResult: success, version: HTTP/1.1)
HTTP/1.1 200 OK
Content-Type: application/json; charset=utf-8
cache-control: no-cache
content-length: 14

16:10:39.944 [AsyncHttpClient-1-14] DEBUG org.asynchttpclient.netty.channel.ChannelManager - Adding key: http://localhost:62556 for channel [id: 0x9796a04f, L:/127.0.0.1:59019 - R:localhost/127.0.0.1:62556]
16:10:40.300 [AsyncHttpClient-1-14] DEBUG org.asynchttpclient.netty.handler.HttpHandler - Channel Closed: [id: 0x9796a04f, L:/127.0.0.1:59019 ! R:localhost/127.0.0.1:62556] with attribute DISCARD
16:10:40.318 [AsyncHttpClient-1-1] DEBUG org.asynchttpclient.netty.channel.DefaultChannelPool - Entry count for : http://localhost:59020 : 1
16:10:40.318 [AsyncHttpClient-1-1] DEBUG org.asynchttpclient.netty.channel.DefaultChannelPool - Entry count for : http://localhost:62556 : 1
16:10:40.318 [AsyncHttpClient-1-1] DEBUG org.asynchttpclient.netty.channel.DefaultChannelPool - Adding Candidate expired Channel [id: 0x681de501, L:/127.0.0.1:59027 ! R:localhost/127.0.0.1:59020] isIdleTimeoutExpired=false isRemotelyClosed=true isTtlExpired=false
16:10:40.318 [AsyncHttpClient-1-1] DEBUG org.asynchttpclient.netty.channel.DefaultChannelPool - Closing Idle Channel [id: 0x681de501, L:/127.0.0.1:59027 ! R:localhost/127.0.0.1:59020]
16:10:40.318 [AsyncHttpClient-1-1] DEBUG org.asynchttpclient.netty.channel.DefaultChannelPool - Adding Candidate expired Channel [id: 0x9796a04f, L:/127.0.0.1:59019 ! R:localhost/127.0.0.1:62556] isIdleTimeoutExpired=false isRemotelyClosed=true isTtlExpired=false
16:10:40.318 [AsyncHttpClient-1-1] DEBUG org.asynchttpclient.netty.channel.DefaultChannelPool - Closing Idle Channel [id: 0x9796a04f, L:/127.0.0.1:59019 ! R:localhost/127.0.0.1:62556]
16:10:40.318 [AsyncHttpClient-1-1] DEBUG org.asynchttpclient.netty.channel.DefaultChannelPool - Closed 2 connections out of 2 in 0 ms
]]></system-out>
    <system-err><![CDATA[Starting ChromeDriver 99.0.4844.51 (d537ec02474b5afe23684e7963d538896c63ac77-refs/branch-heads/4844@{#875}) on port 62556
Only local connections are allowed.
Please see https://chromedriver.chromium.org/security-considerations for suggestions on keeping ChromeDriver safe.
ChromeDriver was started successfully.
Mar 31, 2022 4:10:19 PM org.openqa.selenium.remote.ProtocolHandshake createSession
INFO: Detected dialect: W3C
Mar 31, 2022 4:10:19 PM org.openqa.selenium.devtools.CdpVersionFinder findNearestMatch
WARNING: Unable to find an exact match for CDP version 99, so returning the closest version found: 97
Mar 31, 2022 4:10:19 PM org.openqa.selenium.devtools.CdpVersionFinder findNearestMatch
INFO: Found CDP implementation for version 99 of 97
]]></system-err>
  </testcase>
  <testcase name="Login scenario #6" classname="Login" time="22.248">
    <error type="org.openqa.selenium.NoSuchElementException"><![CDATA[org.openqa.selenium.NoSuchElementException: 
no such element: Unable to locate element: {"method":"css selector","selector":"#name"}
  (Session info: chrome=99.0.4844.84)
For documentation on this error, please visit: https://selenium.dev/exceptions/#no_such_element
Build info: version: '4.1.2', revision: '9a5a329c5a'
System info: host: 'DESKTOP-01SKV80', ip: '192.168.100.8', os.name: 'Windows 10', os.arch: 'amd64', os.version: '10.0', java.version: '15.0.2'
Driver info: org.openqa.selenium.chrome.ChromeDriver
Command: [a079c5f13ba83669f9090c8c8694e32c, findElement {using=id, value=name}]
Capabilities {acceptInsecureCerts: false, browserName: chrome, browserVersion: 99.0.4844.84, chrome: {chromedriverVersion: 99.0.4844.51 (d537ec02474b5..., userDataDir: C:\Users\ASUS\AppData\Local...}, goog:chromeOptions: {debuggerAddress: localhost:59102}, javascriptEnabled: true, networkConnectionEnabled: false, pageLoadStrategy: normal, platform: WINDOWS, platformName: WINDOWS, proxy: Proxy(), se:cdp: ws://localhost:59102/devtoo..., se:cdpVersion: 99.0.4844.84, setWindowRect: true, strictFileInteractability: false, timeouts: {implicit: 0, pageLoad: 300000, script: 30000}, unhandledPromptBehavior: dismiss and notify, webauthn:extension:credBlob: true, webauthn:extension:largeBlob: true, webauthn:virtualAuthenticators: true}
Session ID: a079c5f13ba83669f9090c8c8694e32c
]]></error>
    <system-out><![CDATA[
@Login @DDT
Scenario Outline: Login scenario     &amp#27;[90m# src/test/resources/features/login.feature:23&amp#27;[0m
16:10:41.029 [main] INFO io.cucumber.core.plugin.SerenityReporter - Running feature from file:///D:/PERKULIAHAN/Semester%206,Hebatt%20glad!/Altera/New%20folder/Serenity_Gladys_DDT/src/test/resources/features/login.feature
16:10:41.069 [main] DEBUG net.thucydides.core.steps.StepInterceptor - STARTING STEP: LoginSteps.iAmOnTheLoginPage - openUrl
16:10:41.072 [main] INFO net.serenitybdd.core.webdriver.driverproviders.ChromeDriverProvider - Using automatically driver download
16:10:41.527 [main] DEBUG io.github.bonigarcia.wdm.cache.ResolutionCache - Resolution chrome=99 in cache (valid until 17:07:17 31/03/2022 WIB)
16:10:41.536 [main] DEBUG io.github.bonigarcia.wdm.cache.ResolutionCache - Resolution chrome99=99.0.4844.51 in cache (valid until 13:47:20 01/04/2022 WIB)
16:10:41.541 [main] INFO io.github.bonigarcia.wdm.WebDriverManager - Using chromedriver 99.0.4844.51 (resolved driver for Chrome 99)
16:10:41.563 [main] DEBUG io.github.bonigarcia.wdm.WebDriverManager - Driver chromedriver 99.0.4844.51 found in cache
16:10:41.564 [main] INFO io.github.bonigarcia.wdm.WebDriverManager - Exporting webdriver.chrome.driver as C:\Users\ASUS\.cache\selenium\chromedriver\win32\99.0.4844.51\chromedriver.exe
16:10:41.853 [main] DEBUG net.serenitybdd.core.webdriver.driverproviders.ProvideNewDriver - Instantiating driver
16:10:41.854 [main] DEBUG net.serenitybdd.core.webdriver.driverproviders.ProvideNewDriver - Driver capabilities: Capabilities {acceptInsecureCerts: false, base.url: https://demoqa.com/login, browserName: chrome, chrome.driver: src/test/resources/webdrive..., driver: chrome, goog:chromeOptions: {args: [], extensions: []}}
16:10:42.966 [AsyncHttpClient-1-17] DEBUG org.asynchttpclient.netty.channel.NettyConnectListener - Using new Channel '[id: 0xd1133d83, L:/127.0.0.1:59099 - R:localhost/127.0.0.1:56247]' for 'POST' to '/session'
16:10:48.165 [AsyncHttpClient-1-17] DEBUG org.asynchttpclient.netty.handler.HttpHandler - 

Request DefaultHttpRequest(decodeResult: success, version: HTTP/1.1)
POST /session HTTP/1.1
User-Agent: selenium/4.1.2 (java windows)
Content-Length: 610
Content-Type: application/json; charset=utf-8
host: localhost:56247
accept: */*

Response DefaultHttpResponse(decodeResult: success, version: HTTP/1.1)
HTTP/1.1 200 OK
Content-Type: application/json; charset=utf-8
cache-control: no-cache
content-length: 786

16:10:48.165 [AsyncHttpClient-1-17] DEBUG org.asynchttpclient.netty.channel.ChannelManager - Adding key: http://localhost:56247 for channel [id: 0xd1133d83, L:/127.0.0.1:59099 - R:localhost/127.0.0.1:56247]
16:10:48.183 [AsyncHttpClient-1-2] DEBUG org.asynchttpclient.netty.channel.NettyConnectListener - Using new Channel '[id: 0x4af4b275, L:/127.0.0.1:59108 - R:localhost/127.0.0.1:59102]' for 'GET' to '/json/version'
16:10:48.184 [AsyncHttpClient-1-2] DEBUG org.asynchttpclient.netty.handler.HttpHandler - 

Request DefaultFullHttpRequest(decodeResult: success, version: HTTP/1.1, content: EmptyByteBufBE)
GET /json/version HTTP/1.1
User-Agent: selenium/4.1.2 (java windows)
host: localhost:59102
accept: */*

Response DefaultHttpResponse(decodeResult: success, version: HTTP/1.1)
HTTP/1.1 200 OK
Content-Type: application/json; charset=UTF-8
content-length: 424

16:10:48.184 [AsyncHttpClient-1-2] DEBUG org.asynchttpclient.netty.channel.ChannelManager - Adding key: http://localhost:59102 for channel [id: 0x4af4b275, L:/127.0.0.1:59108 - R:localhost/127.0.0.1:59102]
16:10:48.189 [AsyncHttpClient-1-3] DEBUG org.asynchttpclient.netty.channel.NettyConnectListener - Using new Channel '[id: 0x751d8e7e, L:/127.0.0.1:59109 - R:localhost/127.0.0.1:59102]' for 'GET' to '/devtools/browser/5671a591-197f-4587-8a03-79489dff32bf'
16:10:48.191 [AsyncHttpClient-1-3] DEBUG org.asynchttpclient.netty.handler.WebSocketHandler - 

Request DefaultFullHttpRequest(decodeResult: success, version: HTTP/1.1, content: EmptyByteBufBE)
GET /devtools/browser/5671a591-197f-4587-8a03-79489dff32bf HTTP/1.1
upgrade: websocket
connection: upgrade
sec-websocket-key: yTm2+uVOM7Op3urtBYsQXA==
sec-websocket-version: 13
origin: http://localhost:59102
host: localhost:59102
accept: */*
user-agent: AHC/2.1

Response DefaultHttpResponse(decodeResult: success, version: HTTP/1.1)
HTTP/1.1 101 WebSocket Protocol Handshake
Upgrade: WebSocket
Connection: Upgrade
Sec-WebSocket-Accept: UeEcwwZDE1JSJ0LL0xu9iUg/aNM=

16:10:48.200 [Forwarding maximizeCurrentWindow on session a079c5f13ba83669f9090c8c8694e32c to remote] DEBUG org.asynchttpclient.netty.request.NettyRequestSender - Using pooled Channel '[id: 0xd1133d83, L:/127.0.0.1:59099 - R:localhost/127.0.0.1:56247]' for 'POST' to 'http://localhost:56247/session/a079c5f13ba83669f9090c8c8694e32c/window/maximize'
16:10:48.200 [Forwarding maximizeCurrentWindow on session a079c5f13ba83669f9090c8c8694e32c to remote] DEBUG org.asynchttpclient.netty.request.NettyRequestSender - Using open Channel [id: 0xd1133d83, L:/127.0.0.1:59099 - R:localhost/127.0.0.1:56247] for POST '/session/a079c5f13ba83669f9090c8c8694e32c/window/maximize'
16:10:48.397 [AsyncHttpClient-1-17] DEBUG org.asynchttpclient.netty.handler.HttpHandler - 

Request DefaultHttpRequest(decodeResult: success, version: HTTP/1.1)
POST /session/a079c5f13ba83669f9090c8c8694e32c/window/maximize HTTP/1.1
User-Agent: selenium/4.1.2 (java windows)
Content-Length: 3
Content-Type: application/json; charset=utf-8
host: localhost:56247
accept: */*

Response DefaultHttpResponse(decodeResult: success, version: HTTP/1.1)
HTTP/1.1 200 OK
Content-Type: application/json; charset=utf-8
cache-control: no-cache
content-length: 51

16:10:48.397 [AsyncHttpClient-1-17] DEBUG org.asynchttpclient.netty.channel.ChannelManager - Adding key: http://localhost:56247 for channel [id: 0xd1133d83, L:/127.0.0.1:59099 - R:localhost/127.0.0.1:56247]
16:10:48.399 [Forwarding get on session a079c5f13ba83669f9090c8c8694e32c to remote] DEBUG org.asynchttpclient.netty.request.NettyRequestSender - Using pooled Channel '[id: 0xd1133d83, L:/127.0.0.1:59099 - R:localhost/127.0.0.1:56247]' for 'POST' to 'http://localhost:56247/session/a079c5f13ba83669f9090c8c8694e32c/url'
16:10:48.399 [Forwarding get on session a079c5f13ba83669f9090c8c8694e32c to remote] DEBUG org.asynchttpclient.netty.request.NettyRequestSender - Using open Channel [id: 0xd1133d83, L:/127.0.0.1:59099 - R:localhost/127.0.0.1:56247] for POST '/session/a079c5f13ba83669f9090c8c8694e32c/url'
16:10:49.118 [AsyncHttpClient-1-1] DEBUG org.asynchttpclient.netty.channel.DefaultChannelPool - Entry count for : http://localhost:59102 : 1
16:10:50.221 [AsyncHttpClient-1-1] DEBUG org.asynchttpclient.netty.channel.DefaultChannelPool - Entry count for : http://localhost:59102 : 1
16:10:51.318 [AsyncHttpClient-1-1] DEBUG org.asynchttpclient.netty.channel.DefaultChannelPool - Entry count for : http://localhost:59102 : 1
16:10:52.421 [AsyncHttpClient-1-1] DEBUG org.asynchttpclient.netty.channel.DefaultChannelPool - Entry count for : http://localhost:59102 : 1
16:10:53.519 [AsyncHttpClient-1-1] DEBUG org.asynchttpclient.netty.channel.DefaultChannelPool - Entry count for : http://localhost:59102 : 1
16:10:54.617 [AsyncHttpClient-1-1] DEBUG org.asynchttpclient.netty.channel.DefaultChannelPool - Entry count for : http://localhost:59102 : 1
16:10:55.718 [AsyncHttpClient-1-1] DEBUG org.asynchttpclient.netty.channel.DefaultChannelPool - Entry count for : http://localhost:59102 : 1
16:10:56.509 [AsyncHttpClient-1-17] DEBUG org.asynchttpclient.netty.handler.HttpHandler - 

Request DefaultHttpRequest(decodeResult: success, version: HTTP/1.1)
POST /session/a079c5f13ba83669f9090c8c8694e32c/url HTTP/1.1
User-Agent: selenium/4.1.2 (java windows)
Content-Length: 54
Content-Type: application/json; charset=utf-8
host: localhost:56247
accept: */*

Response DefaultHttpResponse(decodeResult: success, version: HTTP/1.1)
HTTP/1.1 200 OK
Content-Type: application/json; charset=utf-8
cache-control: no-cache
content-length: 14

16:10:56.509 [AsyncHttpClient-1-17] DEBUG org.asynchttpclient.netty.channel.ChannelManager - Adding key: http://localhost:56247 for channel [id: 0xd1133d83, L:/127.0.0.1:59099 - R:localhost/127.0.0.1:56247]
16:10:56.511 [Forwarding setTimeout on session a079c5f13ba83669f9090c8c8694e32c to remote] DEBUG org.asynchttpclient.netty.request.NettyRequestSender - Using pooled Channel '[id: 0xd1133d83, L:/127.0.0.1:59099 - R:localhost/127.0.0.1:56247]' for 'POST' to 'http://localhost:56247/session/a079c5f13ba83669f9090c8c8694e32c/timeouts'
16:10:56.511 [Forwarding setTimeout on session a079c5f13ba83669f9090c8c8694e32c to remote] DEBUG org.asynchttpclient.netty.request.NettyRequestSender - Using open Channel [id: 0xd1133d83, L:/127.0.0.1:59099 - R:localhost/127.0.0.1:56247] for POST '/session/a079c5f13ba83669f9090c8c8694e32c/timeouts'
16:10:56.512 [AsyncHttpClient-1-17] DEBUG org.asynchttpclient.netty.handler.HttpHandler - 

Request DefaultHttpRequest(decodeResult: success, version: HTTP/1.1)
POST /session/a079c5f13ba83669f9090c8c8694e32c/timeouts HTTP/1.1
User-Agent: selenium/4.1.2 (java windows)
Content-Length: 22
Content-Type: application/json; charset=utf-8
host: localhost:56247
accept: */*

Response DefaultHttpResponse(decodeResult: success, version: HTTP/1.1)
HTTP/1.1 200 OK
Content-Type: application/json; charset=utf-8
cache-control: no-cache
content-length: 14

16:10:56.512 [AsyncHttpClient-1-17] DEBUG org.asynchttpclient.netty.channel.ChannelManager - Adding key: http://localhost:56247 for channel [id: 0xd1133d83, L:/127.0.0.1:59099 - R:localhost/127.0.0.1:56247]
16:10:56.516 [Forwarding getCurrentUrl on session a079c5f13ba83669f9090c8c8694e32c to remote] DEBUG org.asynchttpclient.netty.request.NettyRequestSender - Using pooled Channel '[id: 0xd1133d83, L:/127.0.0.1:59099 - R:localhost/127.0.0.1:56247]' for 'GET' to 'http://localhost:56247/session/a079c5f13ba83669f9090c8c8694e32c/url'
16:10:56.516 [Forwarding getCurrentUrl on session a079c5f13ba83669f9090c8c8694e32c to remote] DEBUG org.asynchttpclient.netty.request.NettyRequestSender - Using open Channel [id: 0xd1133d83, L:/127.0.0.1:59099 - R:localhost/127.0.0.1:56247] for GET '/session/a079c5f13ba83669f9090c8c8694e32c/url'
16:10:56.523 [AsyncHttpClient-1-17] DEBUG org.asynchttpclient.netty.handler.HttpHandler - 

Request DefaultFullHttpRequest(decodeResult: success, version: HTTP/1.1, content: EmptyByteBufBE)
GET /session/a079c5f13ba83669f9090c8c8694e32c/url HTTP/1.1
User-Agent: selenium/4.1.2 (java windows)
Cache-Control: no-cache
Content-Type: application/json; charset=utf-8
host: localhost:56247
accept: */*

Response DefaultHttpResponse(decodeResult: success, version: HTTP/1.1)
HTTP/1.1 200 OK
Content-Type: application/json; charset=utf-8
cache-control: no-cache
content-length: 36

16:10:56.524 [AsyncHttpClient-1-17] DEBUG org.asynchttpclient.netty.channel.ChannelManager - Adding key: http://localhost:56247 for channel [id: 0xd1133d83, L:/127.0.0.1:59099 - R:localhost/127.0.0.1:56247]
16:10:56.530 [Forwarding screenshot on session a079c5f13ba83669f9090c8c8694e32c to remote] DEBUG org.asynchttpclient.netty.request.NettyRequestSender - Using pooled Channel '[id: 0xd1133d83, L:/127.0.0.1:59099 - R:localhost/127.0.0.1:56247]' for 'GET' to 'http://localhost:56247/session/a079c5f13ba83669f9090c8c8694e32c/screenshot'
16:10:56.531 [Forwarding screenshot on session a079c5f13ba83669f9090c8c8694e32c to remote] DEBUG org.asynchttpclient.netty.request.NettyRequestSender - Using open Channel [id: 0xd1133d83, L:/127.0.0.1:59099 - R:localhost/127.0.0.1:56247] for GET '/session/a079c5f13ba83669f9090c8c8694e32c/screenshot'
16:10:56.818 [AsyncHttpClient-1-1] DEBUG org.asynchttpclient.netty.channel.DefaultChannelPool - Entry count for : http://localhost:59102 : 1
16:10:57.198 [AsyncHttpClient-1-17] DEBUG org.asynchttpclient.netty.handler.HttpHandler - 

Request DefaultFullHttpRequest(decodeResult: success, version: HTTP/1.1, content: EmptyByteBufBE)
GET /session/a079c5f13ba83669f9090c8c8694e32c/screenshot HTTP/1.1
User-Agent: selenium/4.1.2 (java windows)
Cache-Control: no-cache
Content-Type: application/json; charset=utf-8
host: localhost:56247
accept: */*

Response DefaultHttpResponse(decodeResult: success, version: HTTP/1.1)
HTTP/1.1 200 OK
Content-Type: application/json; charset=utf-8
cache-control: no-cache
content-length: 404448

16:10:57.199 [AsyncHttpClient-1-17] DEBUG org.asynchttpclient.netty.channel.ChannelManager - Adding key: http://localhost:56247 for channel [id: 0xd1133d83, L:/127.0.0.1:59099 - R:localhost/127.0.0.1:56247]
16:10:57.211 [main] DEBUG net.serenitybdd.core.photography.Darkroom - Send negative for processing for target\site\serenity\6b43dfb808cc3c133afbec1cfa8106ab22b7689eb05afcd788b875dc85e075d3.png
16:10:57.211 [main] DEBUG net.thucydides.core.steps.StepInterceptor - STEP DONE: openUrl
16:10:57.211 [Darkroom Processing Line] DEBUG net.serenitybdd.core.photography.DarkroomProcessingLine - Processing screenshot image in /var/screenshots/screenshot-17086393694772437001
16:10:57.211 [Darkroom Processing Line] DEBUG net.serenitybdd.core.photography.DarkroomProcessingLine - Saving screenshot to target\site\serenity\6b43dfb808cc3c133afbec1cfa8106ab22b7689eb05afcd788b875dc85e075d3.png
16:10:57.219 [main] DEBUG net.thucydides.core.steps.StepInterceptor - STARTING STEP: LoginSteps.iAmOnTheLoginPage - validateIfButtonLoginIsAppear
16:10:57.223 [Forwarding findElement on session a079c5f13ba83669f9090c8c8694e32c to remote] DEBUG org.asynchttpclient.netty.request.NettyRequestSender - Using pooled Channel '[id: 0xd1133d83, L:/127.0.0.1:59099 - R:localhost/127.0.0.1:56247]' for 'POST' to 'http://localhost:56247/session/a079c5f13ba83669f9090c8c8694e32c/element'
16:10:57.223 [Forwarding findElement on session a079c5f13ba83669f9090c8c8694e32c to remote] DEBUG org.asynchttpclient.netty.request.NettyRequestSender - Using open Channel [id: 0xd1133d83, L:/127.0.0.1:59099 - R:localhost/127.0.0.1:56247] for POST '/session/a079c5f13ba83669f9090c8c8694e32c/element'
16:10:57.241 [AsyncHttpClient-1-17] DEBUG org.asynchttpclient.netty.handler.HttpHandler - 

Request DefaultHttpRequest(decodeResult: success, version: HTTP/1.1)
POST /session/a079c5f13ba83669f9090c8c8694e32c/element HTTP/1.1
User-Agent: selenium/4.1.2 (java windows)
Content-Length: 50
Content-Type: application/json; charset=utf-8
host: localhost:56247
accept: */*

Response DefaultHttpResponse(decodeResult: success, version: HTTP/1.1)
HTTP/1.1 200 OK
Content-Type: application/json; charset=utf-8
cache-control: no-cache
content-length: 88

16:10:57.241 [AsyncHttpClient-1-17] DEBUG org.asynchttpclient.netty.channel.ChannelManager - Adding key: http://localhost:56247 for channel [id: 0xd1133d83, L:/127.0.0.1:59099 - R:localhost/127.0.0.1:56247]
16:10:57.250 [Forwarding isElementDisplayed on session a079c5f13ba83669f9090c8c8694e32c to remote] DEBUG org.asynchttpclient.netty.request.NettyRequestSender - Using pooled Channel '[id: 0xd1133d83, L:/127.0.0.1:59099 - R:localhost/127.0.0.1:56247]' for 'POST' to 'http://localhost:56247/session/a079c5f13ba83669f9090c8c8694e32c/execute/sync'
16:10:57.250 [Forwarding isElementDisplayed on session a079c5f13ba83669f9090c8c8694e32c to remote] DEBUG org.asynchttpclient.netty.request.NettyRequestSender - Using open Channel [id: 0xd1133d83, L:/127.0.0.1:59099 - R:localhost/127.0.0.1:56247] for POST '/session/a079c5f13ba83669f9090c8c8694e32c/execute/sync'
16:10:57.268 [AsyncHttpClient-1-17] DEBUG org.asynchttpclient.netty.handler.HttpHandler - 

Request DefaultHttpRequest(decodeResult: success, version: HTTP/1.1)
POST /session/a079c5f13ba83669f9090c8c8694e32c/execute/sync HTTP/1.1
User-Agent: selenium/4.1.2 (java windows)
Content-Length: 48780
Content-Type: application/json; charset=utf-8
host: localhost:56247
accept: */*

Response DefaultHttpResponse(decodeResult: success, version: HTTP/1.1)
HTTP/1.1 200 OK
Content-Type: application/json; charset=utf-8
cache-control: no-cache
content-length: 14

16:10:57.268 [AsyncHttpClient-1-17] DEBUG org.asynchttpclient.netty.channel.ChannelManager - Adding key: http://localhost:56247 for channel [id: 0xd1133d83, L:/127.0.0.1:59099 - R:localhost/127.0.0.1:56247]
16:10:57.275 [Forwarding screenshot on session a079c5f13ba83669f9090c8c8694e32c to remote] DEBUG org.asynchttpclient.netty.request.NettyRequestSender - Using pooled Channel '[id: 0xd1133d83, L:/127.0.0.1:59099 - R:localhost/127.0.0.1:56247]' for 'GET' to 'http://localhost:56247/session/a079c5f13ba83669f9090c8c8694e32c/screenshot'
16:10:57.275 [Forwarding screenshot on session a079c5f13ba83669f9090c8c8694e32c to remote] DEBUG org.asynchttpclient.netty.request.NettyRequestSender - Using open Channel [id: 0xd1133d83, L:/127.0.0.1:59099 - R:localhost/127.0.0.1:56247] for GET '/session/a079c5f13ba83669f9090c8c8694e32c/screenshot'
16:10:57.647 [AsyncHttpClient-1-17] DEBUG org.asynchttpclient.netty.handler.HttpHandler - 

Request DefaultFullHttpRequest(decodeResult: success, version: HTTP/1.1, content: EmptyByteBufBE)
GET /session/a079c5f13ba83669f9090c8c8694e32c/screenshot HTTP/1.1
User-Agent: selenium/4.1.2 (java windows)
Cache-Control: no-cache
Content-Type: application/json; charset=utf-8
host: localhost:56247
accept: */*

Response DefaultHttpResponse(decodeResult: success, version: HTTP/1.1)
HTTP/1.1 200 OK
Content-Type: application/json; charset=utf-8
cache-control: no-cache
content-length: 404448

16:10:57.648 [AsyncHttpClient-1-17] DEBUG org.asynchttpclient.netty.channel.ChannelManager - Adding key: http://localhost:56247 for channel [id: 0xd1133d83, L:/127.0.0.1:59099 - R:localhost/127.0.0.1:56247]
16:10:57.660 [main] DEBUG net.serenitybdd.core.photography.Darkroom - Send negative for processing for target\site\serenity\6b43dfb808cc3c133afbec1cfa8106ab22b7689eb05afcd788b875dc85e075d3.png
16:10:57.661 [main] DEBUG net.thucydides.core.steps.StepInterceptor - STEP DONE: validateIfButtonLoginIsAppear
  &amp#27;[32mGiven &amp#27;[0m&amp#27;[32mI am on the login page&amp#27;[0m       &amp#27;[90m# starter.stepdefinitions.LoginSteps.iAmOnTheLoginPage()&amp#27;[0m
16:10:57.677 [main] DEBUG net.thucydides.core.steps.StepInterceptor - STARTING STEP: LoginSteps.iInputUsername - inputUsernameToField
16:10:57.680 [Forwarding findElement on session a079c5f13ba83669f9090c8c8694e32c to remote] DEBUG org.asynchttpclient.netty.request.NettyRequestSender - Using pooled Channel '[id: 0xd1133d83, L:/127.0.0.1:59099 - R:localhost/127.0.0.1:56247]' for 'POST' to 'http://localhost:56247/session/a079c5f13ba83669f9090c8c8694e32c/element'
16:10:57.680 [Forwarding findElement on session a079c5f13ba83669f9090c8c8694e32c to remote] DEBUG org.asynchttpclient.netty.request.NettyRequestSender - Using open Channel [id: 0xd1133d83, L:/127.0.0.1:59099 - R:localhost/127.0.0.1:56247] for POST '/session/a079c5f13ba83669f9090c8c8694e32c/element'
16:10:57.698 [AsyncHttpClient-1-17] DEBUG org.asynchttpclient.netty.handler.HttpHandler - 

Request DefaultHttpRequest(decodeResult: success, version: HTTP/1.1)
POST /session/a079c5f13ba83669f9090c8c8694e32c/element HTTP/1.1
User-Agent: selenium/4.1.2 (java windows)
Content-Length: 53
Content-Type: application/json; charset=utf-8
host: localhost:56247
accept: */*

Response DefaultHttpResponse(decodeResult: success, version: HTTP/1.1)
HTTP/1.1 200 OK
Content-Type: application/json; charset=utf-8
cache-control: no-cache
content-length: 88

16:10:57.698 [AsyncHttpClient-1-17] DEBUG org.asynchttpclient.netty.channel.ChannelManager - Adding key: http://localhost:56247 for channel [id: 0xd1133d83, L:/127.0.0.1:59099 - R:localhost/127.0.0.1:56247]
16:10:57.700 [Forwarding clearElement on session a079c5f13ba83669f9090c8c8694e32c to remote] DEBUG org.asynchttpclient.netty.request.NettyRequestSender - Using pooled Channel '[id: 0xd1133d83, L:/127.0.0.1:59099 - R:localhost/127.0.0.1:56247]' for 'POST' to 'http://localhost:56247/session/a079c5f13ba83669f9090c8c8694e32c/element/e657c7fb-8e89-4aa0-914a-185178d0d883/clear'
16:10:57.700 [Forwarding clearElement on session a079c5f13ba83669f9090c8c8694e32c to remote] DEBUG org.asynchttpclient.netty.request.NettyRequestSender - Using open Channel [id: 0xd1133d83, L:/127.0.0.1:59099 - R:localhost/127.0.0.1:56247] for POST '/session/a079c5f13ba83669f9090c8c8694e32c/element/e657c7fb-8e89-4aa0-914a-185178d0d883/clear'
16:10:57.747 [AsyncHttpClient-1-17] DEBUG org.asynchttpclient.netty.handler.HttpHandler - 

Request DefaultHttpRequest(decodeResult: success, version: HTTP/1.1)
POST /session/a079c5f13ba83669f9090c8c8694e32c/element/e657c7fb-8e89-4aa0-914a-185178d0d883/clear HTTP/1.1
User-Agent: selenium/4.1.2 (java windows)
Content-Length: 50
Content-Type: application/json; charset=utf-8
host: localhost:56247
accept: */*

Response DefaultHttpResponse(decodeResult: success, version: HTTP/1.1)
HTTP/1.1 200 OK
Content-Type: application/json; charset=utf-8
cache-control: no-cache
content-length: 14

16:10:57.747 [AsyncHttpClient-1-17] DEBUG org.asynchttpclient.netty.channel.ChannelManager - Adding key: http://localhost:56247 for channel [id: 0xd1133d83, L:/127.0.0.1:59099 - R:localhost/127.0.0.1:56247]
16:10:57.749 [Forwarding sendKeysToElement on session a079c5f13ba83669f9090c8c8694e32c to remote] DEBUG org.asynchttpclient.netty.request.NettyRequestSender - Using pooled Channel '[id: 0xd1133d83, L:/127.0.0.1:59099 - R:localhost/127.0.0.1:56247]' for 'POST' to 'http://localhost:56247/session/a079c5f13ba83669f9090c8c8694e32c/element/e657c7fb-8e89-4aa0-914a-185178d0d883/value'
16:10:57.749 [Forwarding sendKeysToElement on session a079c5f13ba83669f9090c8c8694e32c to remote] DEBUG org.asynchttpclient.netty.request.NettyRequestSender - Using open Channel [id: 0xd1133d83, L:/127.0.0.1:59099 - R:localhost/127.0.0.1:56247] for POST '/session/a079c5f13ba83669f9090c8c8694e32c/element/e657c7fb-8e89-4aa0-914a-185178d0d883/value'
16:10:57.857 [AsyncHttpClient-1-17] DEBUG org.asynchttpclient.netty.handler.HttpHandler - 

Request DefaultHttpRequest(decodeResult: success, version: HTTP/1.1)
POST /session/a079c5f13ba83669f9090c8c8694e32c/element/e657c7fb-8e89-4aa0-914a-185178d0d883/value HTTP/1.1
User-Agent: selenium/4.1.2 (java windows)
Content-Length: 181
Content-Type: application/json; charset=utf-8
host: localhost:56247
accept: */*

Response DefaultHttpResponse(decodeResult: success, version: HTTP/1.1)
HTTP/1.1 200 OK
Content-Type: application/json; charset=utf-8
cache-control: no-cache
content-length: 14

16:10:57.858 [AsyncHttpClient-1-17] DEBUG org.asynchttpclient.netty.channel.ChannelManager - Adding key: http://localhost:56247 for channel [id: 0xd1133d83, L:/127.0.0.1:59099 - R:localhost/127.0.0.1:56247]
16:10:57.868 [Forwarding screenshot on session a079c5f13ba83669f9090c8c8694e32c to remote] DEBUG org.asynchttpclient.netty.request.NettyRequestSender - Using pooled Channel '[id: 0xd1133d83, L:/127.0.0.1:59099 - R:localhost/127.0.0.1:56247]' for 'GET' to 'http://localhost:56247/session/a079c5f13ba83669f9090c8c8694e32c/screenshot'
16:10:57.868 [Forwarding screenshot on session a079c5f13ba83669f9090c8c8694e32c to remote] DEBUG org.asynchttpclient.netty.request.NettyRequestSender - Using open Channel [id: 0xd1133d83, L:/127.0.0.1:59099 - R:localhost/127.0.0.1:56247] for GET '/session/a079c5f13ba83669f9090c8c8694e32c/screenshot'
16:10:57.917 [AsyncHttpClient-1-1] DEBUG org.asynchttpclient.netty.channel.DefaultChannelPool - Entry count for : http://localhost:59102 : 1
16:10:58.178 [AsyncHttpClient-1-17] DEBUG org.asynchttpclient.netty.handler.HttpHandler - 

Request DefaultFullHttpRequest(decodeResult: success, version: HTTP/1.1, content: EmptyByteBufBE)
GET /session/a079c5f13ba83669f9090c8c8694e32c/screenshot HTTP/1.1
User-Agent: selenium/4.1.2 (java windows)
Cache-Control: no-cache
Content-Type: application/json; charset=utf-8
host: localhost:56247
accept: */*

Response DefaultHttpResponse(decodeResult: success, version: HTTP/1.1)
HTTP/1.1 200 OK
Content-Type: application/json; charset=utf-8
cache-control: no-cache
content-length: 405704

16:10:58.179 [AsyncHttpClient-1-17] DEBUG org.asynchttpclient.netty.channel.ChannelManager - Adding key: http://localhost:56247 for channel [id: 0xd1133d83, L:/127.0.0.1:59099 - R:localhost/127.0.0.1:56247]
16:10:58.189 [main] DEBUG net.serenitybdd.core.photography.Darkroom - Send negative for processing for target\site\serenity\06bd7b963c809ff34905d47c964e7b928cfb03d3a17772b4b44021a3d1dfa788.png
16:10:58.189 [main] DEBUG net.thucydides.core.steps.StepInterceptor - STEP DONE: inputUsernameToField
  &amp#27;[32mWhen &amp#27;[0m&amp#27;[32mI input &amp#27;[0m&amp#27;[32m&amp#27;[1m"gladysprds"&amp#27;[0m&amp#27;[32m username&amp#27;[0m &amp#27;[90m# starter.stepdefinitions.LoginSteps.iInputUsername(java.lang.String)&amp#27;[0m
16:10:58.190 [Darkroom Processing Line] DEBUG net.serenitybdd.core.photography.DarkroomProcessingLine - Processing screenshot image in /var/screenshots/screenshot-9095225923138539883
16:10:58.190 [Darkroom Processing Line] DEBUG net.serenitybdd.core.photography.DarkroomProcessingLine - Saving screenshot to target\site\serenity\06bd7b963c809ff34905d47c964e7b928cfb03d3a17772b4b44021a3d1dfa788.png
16:10:58.209 [main] DEBUG net.thucydides.core.steps.StepInterceptor - STARTING STEP: LoginSteps.iInputPassword - inputPasswordToField
16:10:58.213 [Forwarding findElement on session a079c5f13ba83669f9090c8c8694e32c to remote] DEBUG org.asynchttpclient.netty.request.NettyRequestSender - Using pooled Channel '[id: 0xd1133d83, L:/127.0.0.1:59099 - R:localhost/127.0.0.1:56247]' for 'POST' to 'http://localhost:56247/session/a079c5f13ba83669f9090c8c8694e32c/element'
16:10:58.213 [Forwarding findElement on session a079c5f13ba83669f9090c8c8694e32c to remote] DEBUG org.asynchttpclient.netty.request.NettyRequestSender - Using open Channel [id: 0xd1133d83, L:/127.0.0.1:59099 - R:localhost/127.0.0.1:56247] for POST '/session/a079c5f13ba83669f9090c8c8694e32c/element'
16:10:58.227 [AsyncHttpClient-1-17] DEBUG org.asynchttpclient.netty.handler.HttpHandler - 

Request DefaultHttpRequest(decodeResult: success, version: HTTP/1.1)
POST /session/a079c5f13ba83669f9090c8c8694e32c/element HTTP/1.1
User-Agent: selenium/4.1.2 (java windows)
Content-Length: 53
Content-Type: application/json; charset=utf-8
host: localhost:56247
accept: */*

Response DefaultHttpResponse(decodeResult: success, version: HTTP/1.1)
HTTP/1.1 200 OK
Content-Type: application/json; charset=utf-8
cache-control: no-cache
content-length: 88

16:10:58.227 [AsyncHttpClient-1-17] DEBUG org.asynchttpclient.netty.channel.ChannelManager - Adding key: http://localhost:56247 for channel [id: 0xd1133d83, L:/127.0.0.1:59099 - R:localhost/127.0.0.1:56247]
16:10:58.228 [Forwarding clearElement on session a079c5f13ba83669f9090c8c8694e32c to remote] DEBUG org.asynchttpclient.netty.request.NettyRequestSender - Using pooled Channel '[id: 0xd1133d83, L:/127.0.0.1:59099 - R:localhost/127.0.0.1:56247]' for 'POST' to 'http://localhost:56247/session/a079c5f13ba83669f9090c8c8694e32c/element/5c02e607-9381-49a5-8679-dc29d139fe9b/clear'
16:10:58.228 [Forwarding clearElement on session a079c5f13ba83669f9090c8c8694e32c to remote] DEBUG org.asynchttpclient.netty.request.NettyRequestSender - Using open Channel [id: 0xd1133d83, L:/127.0.0.1:59099 - R:localhost/127.0.0.1:56247] for POST '/session/a079c5f13ba83669f9090c8c8694e32c/element/5c02e607-9381-49a5-8679-dc29d139fe9b/clear'
16:10:58.268 [AsyncHttpClient-1-17] DEBUG org.asynchttpclient.netty.handler.HttpHandler - 

Request DefaultHttpRequest(decodeResult: success, version: HTTP/1.1)
POST /session/a079c5f13ba83669f9090c8c8694e32c/element/5c02e607-9381-49a5-8679-dc29d139fe9b/clear HTTP/1.1
User-Agent: selenium/4.1.2 (java windows)
Content-Length: 50
Content-Type: application/json; charset=utf-8
host: localhost:56247
accept: */*

Response DefaultHttpResponse(decodeResult: success, version: HTTP/1.1)
HTTP/1.1 200 OK
Content-Type: application/json; charset=utf-8
cache-control: no-cache
content-length: 14

16:10:58.268 [AsyncHttpClient-1-17] DEBUG org.asynchttpclient.netty.channel.ChannelManager - Adding key: http://localhost:56247 for channel [id: 0xd1133d83, L:/127.0.0.1:59099 - R:localhost/127.0.0.1:56247]
16:10:58.271 [Forwarding sendKeysToElement on session a079c5f13ba83669f9090c8c8694e32c to remote] DEBUG org.asynchttpclient.netty.request.NettyRequestSender - Using pooled Channel '[id: 0xd1133d83, L:/127.0.0.1:59099 - R:localhost/127.0.0.1:56247]' for 'POST' to 'http://localhost:56247/session/a079c5f13ba83669f9090c8c8694e32c/element/5c02e607-9381-49a5-8679-dc29d139fe9b/value'
16:10:58.271 [Forwarding sendKeysToElement on session a079c5f13ba83669f9090c8c8694e32c to remote] DEBUG org.asynchttpclient.netty.request.NettyRequestSender - Using open Channel [id: 0xd1133d83, L:/127.0.0.1:59099 - R:localhost/127.0.0.1:56247] for POST '/session/a079c5f13ba83669f9090c8c8694e32c/element/5c02e607-9381-49a5-8679-dc29d139fe9b/value'
16:10:58.315 [AsyncHttpClient-1-17] DEBUG org.asynchttpclient.netty.handler.HttpHandler - 

Request DefaultHttpRequest(decodeResult: success, version: HTTP/1.1)
POST /session/a079c5f13ba83669f9090c8c8694e32c/element/5c02e607-9381-49a5-8679-dc29d139fe9b/value HTTP/1.1
User-Agent: selenium/4.1.2 (java windows)
Content-Length: 82
Content-Type: application/json; charset=utf-8
host: localhost:56247
accept: */*

Response DefaultHttpResponse(decodeResult: success, version: HTTP/1.1)
HTTP/1.1 200 OK
Content-Type: application/json; charset=utf-8
cache-control: no-cache
content-length: 14

16:10:58.316 [AsyncHttpClient-1-17] DEBUG org.asynchttpclient.netty.channel.ChannelManager - Adding key: http://localhost:56247 for channel [id: 0xd1133d83, L:/127.0.0.1:59099 - R:localhost/127.0.0.1:56247]
16:10:58.326 [Forwarding screenshot on session a079c5f13ba83669f9090c8c8694e32c to remote] DEBUG org.asynchttpclient.netty.request.NettyRequestSender - Using pooled Channel '[id: 0xd1133d83, L:/127.0.0.1:59099 - R:localhost/127.0.0.1:56247]' for 'GET' to 'http://localhost:56247/session/a079c5f13ba83669f9090c8c8694e32c/screenshot'
16:10:58.327 [Forwarding screenshot on session a079c5f13ba83669f9090c8c8694e32c to remote] DEBUG org.asynchttpclient.netty.request.NettyRequestSender - Using open Channel [id: 0xd1133d83, L:/127.0.0.1:59099 - R:localhost/127.0.0.1:56247] for GET '/session/a079c5f13ba83669f9090c8c8694e32c/screenshot'
16:10:58.781 [AsyncHttpClient-1-17] DEBUG org.asynchttpclient.netty.handler.HttpHandler - 

Request DefaultFullHttpRequest(decodeResult: success, version: HTTP/1.1, content: EmptyByteBufBE)
GET /session/a079c5f13ba83669f9090c8c8694e32c/screenshot HTTP/1.1
User-Agent: selenium/4.1.2 (java windows)
Cache-Control: no-cache
Content-Type: application/json; charset=utf-8
host: localhost:56247
accept: */*

Response DefaultHttpResponse(decodeResult: success, version: HTTP/1.1)
HTTP/1.1 200 OK
Content-Type: application/json; charset=utf-8
cache-control: no-cache
content-length: 405748

16:10:58.782 [AsyncHttpClient-1-17] DEBUG org.asynchttpclient.netty.channel.ChannelManager - Adding key: http://localhost:56247 for channel [id: 0xd1133d83, L:/127.0.0.1:59099 - R:localhost/127.0.0.1:56247]
16:10:58.798 [main] DEBUG net.serenitybdd.core.photography.Darkroom - Send negative for processing for target\site\serenity\84cf36225e224863595b57ca4fab39c4c096f650442cd23bef2cd37ff1aaa8a3.png
16:10:58.799 [main] DEBUG net.thucydides.core.steps.StepInterceptor - STEP DONE: inputPasswordToField
16:10:58.799 [Darkroom Processing Line] DEBUG net.serenitybdd.core.photography.DarkroomProcessingLine - Processing screenshot image in /var/screenshots/screenshot-14264665814372025735
16:10:58.799 [Darkroom Processing Line] DEBUG net.serenitybdd.core.photography.DarkroomProcessingLine - Saving screenshot to target\site\serenity\84cf36225e224863595b57ca4fab39c4c096f650442cd23bef2cd37ff1aaa8a3.png
  &amp#27;[32mAnd &amp#27;[0m&amp#27;[32mI input &amp#27;[0m&amp#27;[32m&amp#27;[1m""&amp#27;[0m&amp#27;[32m password&amp#27;[0m            &amp#27;[90m# starter.stepdefinitions.LoginSteps.iInputPassword(java.lang.String)&amp#27;[0m
16:10:58.830 [main] DEBUG net.thucydides.core.steps.StepInterceptor - STARTING STEP: LoginSteps.clickLoginButton - clickLogin
16:10:58.840 [Forwarding findElement on session a079c5f13ba83669f9090c8c8694e32c to remote] DEBUG org.asynchttpclient.netty.request.NettyRequestSender - Using pooled Channel '[id: 0xd1133d83, L:/127.0.0.1:59099 - R:localhost/127.0.0.1:56247]' for 'POST' to 'http://localhost:56247/session/a079c5f13ba83669f9090c8c8694e32c/element'
16:10:58.846 [Forwarding findElement on session a079c5f13ba83669f9090c8c8694e32c to remote] DEBUG org.asynchttpclient.netty.request.NettyRequestSender - Using open Channel [id: 0xd1133d83, L:/127.0.0.1:59099 - R:localhost/127.0.0.1:56247] for POST '/session/a079c5f13ba83669f9090c8c8694e32c/element'
16:10:58.866 [AsyncHttpClient-1-17] DEBUG org.asynchttpclient.netty.handler.HttpHandler - 

Request DefaultHttpRequest(decodeResult: success, version: HTTP/1.1)
POST /session/a079c5f13ba83669f9090c8c8694e32c/element HTTP/1.1
User-Agent: selenium/4.1.2 (java windows)
Content-Length: 74
Content-Type: application/json; charset=utf-8
host: localhost:56247
accept: */*

Response DefaultHttpResponse(decodeResult: success, version: HTTP/1.1)
HTTP/1.1 200 OK
Content-Type: application/json; charset=utf-8
cache-control: no-cache
content-length: 88

16:10:58.866 [AsyncHttpClient-1-17] DEBUG org.asynchttpclient.netty.channel.ChannelManager - Adding key: http://localhost:56247 for channel [id: 0xd1133d83, L:/127.0.0.1:59099 - R:localhost/127.0.0.1:56247]
16:10:58.868 [Forwarding getElementTagName on session a079c5f13ba83669f9090c8c8694e32c to remote] DEBUG org.asynchttpclient.netty.request.NettyRequestSender - Using pooled Channel '[id: 0xd1133d83, L:/127.0.0.1:59099 - R:localhost/127.0.0.1:56247]' for 'GET' to 'http://localhost:56247/session/a079c5f13ba83669f9090c8c8694e32c/element/139a22e9-c48c-4c78-b599-f424b84c06d4/name'
16:10:58.868 [Forwarding getElementTagName on session a079c5f13ba83669f9090c8c8694e32c to remote] DEBUG org.asynchttpclient.netty.request.NettyRequestSender - Using open Channel [id: 0xd1133d83, L:/127.0.0.1:59099 - R:localhost/127.0.0.1:56247] for GET '/session/a079c5f13ba83669f9090c8c8694e32c/element/139a22e9-c48c-4c78-b599-f424b84c06d4/name'
16:10:58.877 [AsyncHttpClient-1-17] DEBUG org.asynchttpclient.netty.handler.HttpHandler - 

Request DefaultFullHttpRequest(decodeResult: success, version: HTTP/1.1, content: EmptyByteBufBE)
GET /session/a079c5f13ba83669f9090c8c8694e32c/element/139a22e9-c48c-4c78-b599-f424b84c06d4/name HTTP/1.1
User-Agent: selenium/4.1.2 (java windows)
Cache-Control: no-cache
Content-Type: application/json; charset=utf-8
host: localhost:56247
accept: */*

Response DefaultHttpResponse(decodeResult: success, version: HTTP/1.1)
HTTP/1.1 200 OK
Content-Type: application/json; charset=utf-8
cache-control: no-cache
content-length: 13

16:10:58.877 [AsyncHttpClient-1-17] DEBUG org.asynchttpclient.netty.channel.ChannelManager - Adding key: http://localhost:56247 for channel [id: 0xd1133d83, L:/127.0.0.1:59099 - R:localhost/127.0.0.1:56247]
16:10:58.879 [Forwarding getElementTagName on session a079c5f13ba83669f9090c8c8694e32c to remote] DEBUG org.asynchttpclient.netty.request.NettyRequestSender - Using pooled Channel '[id: 0xd1133d83, L:/127.0.0.1:59099 - R:localhost/127.0.0.1:56247]' for 'GET' to 'http://localhost:56247/session/a079c5f13ba83669f9090c8c8694e32c/element/139a22e9-c48c-4c78-b599-f424b84c06d4/name'
16:10:58.879 [Forwarding getElementTagName on session a079c5f13ba83669f9090c8c8694e32c to remote] DEBUG org.asynchttpclient.netty.request.NettyRequestSender - Using open Channel [id: 0xd1133d83, L:/127.0.0.1:59099 - R:localhost/127.0.0.1:56247] for GET '/session/a079c5f13ba83669f9090c8c8694e32c/element/139a22e9-c48c-4c78-b599-f424b84c06d4/name'
16:10:58.885 [AsyncHttpClient-1-17] DEBUG org.asynchttpclient.netty.handler.HttpHandler - 

Request DefaultFullHttpRequest(decodeResult: success, version: HTTP/1.1, content: EmptyByteBufBE)
GET /session/a079c5f13ba83669f9090c8c8694e32c/element/139a22e9-c48c-4c78-b599-f424b84c06d4/name HTTP/1.1
User-Agent: selenium/4.1.2 (java windows)
Cache-Control: no-cache
Content-Type: application/json; charset=utf-8
host: localhost:56247
accept: */*

Response DefaultHttpResponse(decodeResult: success, version: HTTP/1.1)
HTTP/1.1 200 OK
Content-Type: application/json; charset=utf-8
cache-control: no-cache
content-length: 13

16:10:58.885 [AsyncHttpClient-1-17] DEBUG org.asynchttpclient.netty.channel.ChannelManager - Adding key: http://localhost:56247 for channel [id: 0xd1133d83, L:/127.0.0.1:59099 - R:localhost/127.0.0.1:56247]
16:10:58.890 [Forwarding findElement on session a079c5f13ba83669f9090c8c8694e32c to remote] DEBUG org.asynchttpclient.netty.request.NettyRequestSender - Using pooled Channel '[id: 0xd1133d83, L:/127.0.0.1:59099 - R:localhost/127.0.0.1:56247]' for 'POST' to 'http://localhost:56247/session/a079c5f13ba83669f9090c8c8694e32c/element'
16:10:58.890 [Forwarding findElement on session a079c5f13ba83669f9090c8c8694e32c to remote] DEBUG org.asynchttpclient.netty.request.NettyRequestSender - Using open Channel [id: 0xd1133d83, L:/127.0.0.1:59099 - R:localhost/127.0.0.1:56247] for POST '/session/a079c5f13ba83669f9090c8c8694e32c/element'
16:10:58.903 [AsyncHttpClient-1-17] DEBUG org.asynchttpclient.netty.handler.HttpHandler - 

Request DefaultHttpRequest(decodeResult: success, version: HTTP/1.1)
POST /session/a079c5f13ba83669f9090c8c8694e32c/element HTTP/1.1
User-Agent: selenium/4.1.2 (java windows)
Content-Length: 74
Content-Type: application/json; charset=utf-8
host: localhost:56247
accept: */*

Response DefaultHttpResponse(decodeResult: success, version: HTTP/1.1)
HTTP/1.1 200 OK
Content-Type: application/json; charset=utf-8
cache-control: no-cache
content-length: 88

16:10:58.903 [AsyncHttpClient-1-17] DEBUG org.asynchttpclient.netty.channel.ChannelManager - Adding key: http://localhost:56247 for channel [id: 0xd1133d83, L:/127.0.0.1:59099 - R:localhost/127.0.0.1:56247]
16:10:58.907 [Forwarding clickElement on session a079c5f13ba83669f9090c8c8694e32c to remote] DEBUG org.asynchttpclient.netty.request.NettyRequestSender - Using pooled Channel '[id: 0xd1133d83, L:/127.0.0.1:59099 - R:localhost/127.0.0.1:56247]' for 'POST' to 'http://localhost:56247/session/a079c5f13ba83669f9090c8c8694e32c/element/139a22e9-c48c-4c78-b599-f424b84c06d4/click'
16:10:58.907 [Forwarding clickElement on session a079c5f13ba83669f9090c8c8694e32c to remote] DEBUG org.asynchttpclient.netty.request.NettyRequestSender - Using open Channel [id: 0xd1133d83, L:/127.0.0.1:59099 - R:localhost/127.0.0.1:56247] for POST '/session/a079c5f13ba83669f9090c8c8694e32c/element/139a22e9-c48c-4c78-b599-f424b84c06d4/click'
16:10:58.975 [AsyncHttpClient-1-17] DEBUG org.asynchttpclient.netty.handler.HttpHandler - 

Request DefaultHttpRequest(decodeResult: success, version: HTTP/1.1)
POST /session/a079c5f13ba83669f9090c8c8694e32c/element/139a22e9-c48c-4c78-b599-f424b84c06d4/click HTTP/1.1
User-Agent: selenium/4.1.2 (java windows)
Content-Length: 50
Content-Type: application/json; charset=utf-8
host: localhost:56247
accept: */*

Response DefaultHttpResponse(decodeResult: success, version: HTTP/1.1)
HTTP/1.1 200 OK
Content-Type: application/json; charset=utf-8
cache-control: no-cache
content-length: 14

16:10:58.975 [AsyncHttpClient-1-17] DEBUG org.asynchttpclient.netty.channel.ChannelManager - Adding key: http://localhost:56247 for channel [id: 0xd1133d83, L:/127.0.0.1:59099 - R:localhost/127.0.0.1:56247]
16:10:58.993 [Forwarding findElement on session a079c5f13ba83669f9090c8c8694e32c to remote] DEBUG org.asynchttpclient.netty.request.NettyRequestSender - Using pooled Channel '[id: 0xd1133d83, L:/127.0.0.1:59099 - R:localhost/127.0.0.1:56247]' for 'POST' to 'http://localhost:56247/session/a079c5f13ba83669f9090c8c8694e32c/element'
16:10:58.993 [Forwarding findElement on session a079c5f13ba83669f9090c8c8694e32c to remote] DEBUG org.asynchttpclient.netty.request.NettyRequestSender - Using open Channel [id: 0xd1133d83, L:/127.0.0.1:59099 - R:localhost/127.0.0.1:56247] for POST '/session/a079c5f13ba83669f9090c8c8694e32c/element'
16:10:59.001 [AsyncHttpClient-1-17] DEBUG org.asynchttpclient.netty.handler.HttpHandler - 

Request DefaultHttpRequest(decodeResult: success, version: HTTP/1.1)
POST /session/a079c5f13ba83669f9090c8c8694e32c/element HTTP/1.1
User-Agent: selenium/4.1.2 (java windows)
Content-Length: 50
Content-Type: application/json; charset=utf-8
host: localhost:56247
accept: */*

Response DefaultHttpResponse(decodeResult: success, version: HTTP/1.1)
HTTP/1.1 200 OK
Content-Type: application/json; charset=utf-8
cache-control: no-cache
content-length: 88

16:10:59.002 [AsyncHttpClient-1-17] DEBUG org.asynchttpclient.netty.channel.ChannelManager - Adding key: http://localhost:56247 for channel [id: 0xd1133d83, L:/127.0.0.1:59099 - R:localhost/127.0.0.1:56247]
16:10:59.004 [Forwarding getElementTagName on session a079c5f13ba83669f9090c8c8694e32c to remote] DEBUG org.asynchttpclient.netty.request.NettyRequestSender - Using pooled Channel '[id: 0xd1133d83, L:/127.0.0.1:59099 - R:localhost/127.0.0.1:56247]' for 'GET' to 'http://localhost:56247/session/a079c5f13ba83669f9090c8c8694e32c/element/973c1b75-86d5-411f-99c6-4c91c02c7544/name'
16:10:59.004 [Forwarding getElementTagName on session a079c5f13ba83669f9090c8c8694e32c to remote] DEBUG org.asynchttpclient.netty.request.NettyRequestSender - Using open Channel [id: 0xd1133d83, L:/127.0.0.1:59099 - R:localhost/127.0.0.1:56247] for GET '/session/a079c5f13ba83669f9090c8c8694e32c/element/973c1b75-86d5-411f-99c6-4c91c02c7544/name'
16:10:59.011 [AsyncHttpClient-1-17] DEBUG org.asynchttpclient.netty.handler.HttpHandler - 

Request DefaultFullHttpRequest(decodeResult: success, version: HTTP/1.1, content: EmptyByteBufBE)
GET /session/a079c5f13ba83669f9090c8c8694e32c/element/973c1b75-86d5-411f-99c6-4c91c02c7544/name HTTP/1.1
User-Agent: selenium/4.1.2 (java windows)
Cache-Control: no-cache
Content-Type: application/json; charset=utf-8
host: localhost:56247
accept: */*

Response DefaultHttpResponse(decodeResult: success, version: HTTP/1.1)
HTTP/1.1 200 OK
Content-Type: application/json; charset=utf-8
cache-control: no-cache
content-length: 18

16:10:59.011 [AsyncHttpClient-1-17] DEBUG org.asynchttpclient.netty.channel.ChannelManager - Adding key: http://localhost:56247 for channel [id: 0xd1133d83, L:/127.0.0.1:59099 - R:localhost/127.0.0.1:56247]
16:10:59.013 [Forwarding getElementTagName on session a079c5f13ba83669f9090c8c8694e32c to remote] DEBUG org.asynchttpclient.netty.request.NettyRequestSender - Using pooled Channel '[id: 0xd1133d83, L:/127.0.0.1:59099 - R:localhost/127.0.0.1:56247]' for 'GET' to 'http://localhost:56247/session/a079c5f13ba83669f9090c8c8694e32c/element/973c1b75-86d5-411f-99c6-4c91c02c7544/name'
16:10:59.013 [Forwarding getElementTagName on session a079c5f13ba83669f9090c8c8694e32c to remote] DEBUG org.asynchttpclient.netty.request.NettyRequestSender - Using open Channel [id: 0xd1133d83, L:/127.0.0.1:59099 - R:localhost/127.0.0.1:56247] for GET '/session/a079c5f13ba83669f9090c8c8694e32c/element/973c1b75-86d5-411f-99c6-4c91c02c7544/name'
16:10:59.017 [AsyncHttpClient-1-1] DEBUG org.asynchttpclient.netty.channel.DefaultChannelPool - Entry count for : http://localhost:59102 : 1
16:10:59.019 [AsyncHttpClient-1-17] DEBUG org.asynchttpclient.netty.handler.HttpHandler - 

Request DefaultFullHttpRequest(decodeResult: success, version: HTTP/1.1, content: EmptyByteBufBE)
GET /session/a079c5f13ba83669f9090c8c8694e32c/element/973c1b75-86d5-411f-99c6-4c91c02c7544/name HTTP/1.1
User-Agent: selenium/4.1.2 (java windows)
Cache-Control: no-cache
Content-Type: application/json; charset=utf-8
host: localhost:56247
accept: */*

Response DefaultHttpResponse(decodeResult: success, version: HTTP/1.1)
HTTP/1.1 200 OK
Content-Type: application/json; charset=utf-8
cache-control: no-cache
content-length: 18

16:10:59.019 [AsyncHttpClient-1-17] DEBUG org.asynchttpclient.netty.channel.ChannelManager - Adding key: http://localhost:56247 for channel [id: 0xd1133d83, L:/127.0.0.1:59099 - R:localhost/127.0.0.1:56247]
16:10:59.024 [Forwarding isElementEnabled on session a079c5f13ba83669f9090c8c8694e32c to remote] DEBUG org.asynchttpclient.netty.request.NettyRequestSender - Using pooled Channel '[id: 0xd1133d83, L:/127.0.0.1:59099 - R:localhost/127.0.0.1:56247]' for 'GET' to 'http://localhost:56247/session/a079c5f13ba83669f9090c8c8694e32c/element/973c1b75-86d5-411f-99c6-4c91c02c7544/enabled'
16:10:59.024 [Forwarding isElementEnabled on session a079c5f13ba83669f9090c8c8694e32c to remote] DEBUG org.asynchttpclient.netty.request.NettyRequestSender - Using open Channel [id: 0xd1133d83, L:/127.0.0.1:59099 - R:localhost/127.0.0.1:56247] for GET '/session/a079c5f13ba83669f9090c8c8694e32c/element/973c1b75-86d5-411f-99c6-4c91c02c7544/enabled'
16:10:59.033 [AsyncHttpClient-1-17] DEBUG org.asynchttpclient.netty.handler.HttpHandler - 

Request DefaultFullHttpRequest(decodeResult: success, version: HTTP/1.1, content: EmptyByteBufBE)
GET /session/a079c5f13ba83669f9090c8c8694e32c/element/973c1b75-86d5-411f-99c6-4c91c02c7544/enabled HTTP/1.1
User-Agent: selenium/4.1.2 (java windows)
Cache-Control: no-cache
Content-Type: application/json; charset=utf-8
host: localhost:56247
accept: */*

Response DefaultHttpResponse(decodeResult: success, version: HTTP/1.1)
HTTP/1.1 200 OK
Content-Type: application/json; charset=utf-8
cache-control: no-cache
content-length: 14

16:10:59.033 [AsyncHttpClient-1-17] DEBUG org.asynchttpclient.netty.channel.ChannelManager - Adding key: http://localhost:56247 for channel [id: 0xd1133d83, L:/127.0.0.1:59099 - R:localhost/127.0.0.1:56247]
16:10:59.036 [Forwarding isElementEnabled on session a079c5f13ba83669f9090c8c8694e32c to remote] DEBUG org.asynchttpclient.netty.request.NettyRequestSender - Using pooled Channel '[id: 0xd1133d83, L:/127.0.0.1:59099 - R:localhost/127.0.0.1:56247]' for 'GET' to 'http://localhost:56247/session/a079c5f13ba83669f9090c8c8694e32c/element/973c1b75-86d5-411f-99c6-4c91c02c7544/enabled'
16:10:59.036 [Forwarding isElementEnabled on session a079c5f13ba83669f9090c8c8694e32c to remote] DEBUG org.asynchttpclient.netty.request.NettyRequestSender - Using open Channel [id: 0xd1133d83, L:/127.0.0.1:59099 - R:localhost/127.0.0.1:56247] for GET '/session/a079c5f13ba83669f9090c8c8694e32c/element/973c1b75-86d5-411f-99c6-4c91c02c7544/enabled'
16:10:59.044 [AsyncHttpClient-1-17] DEBUG org.asynchttpclient.netty.handler.HttpHandler - 

Request DefaultFullHttpRequest(decodeResult: success, version: HTTP/1.1, content: EmptyByteBufBE)
GET /session/a079c5f13ba83669f9090c8c8694e32c/element/973c1b75-86d5-411f-99c6-4c91c02c7544/enabled HTTP/1.1
User-Agent: selenium/4.1.2 (java windows)
Cache-Control: no-cache
Content-Type: application/json; charset=utf-8
host: localhost:56247
accept: */*

Response DefaultHttpResponse(decodeResult: success, version: HTTP/1.1)
HTTP/1.1 200 OK
Content-Type: application/json; charset=utf-8
cache-control: no-cache
content-length: 14

16:10:59.045 [AsyncHttpClient-1-17] DEBUG org.asynchttpclient.netty.channel.ChannelManager - Adding key: http://localhost:56247 for channel [id: 0xd1133d83, L:/127.0.0.1:59099 - R:localhost/127.0.0.1:56247]
16:10:59.047 [Forwarding findElement on session a079c5f13ba83669f9090c8c8694e32c to remote] DEBUG org.asynchttpclient.netty.request.NettyRequestSender - Using pooled Channel '[id: 0xd1133d83, L:/127.0.0.1:59099 - R:localhost/127.0.0.1:56247]' for 'POST' to 'http://localhost:56247/session/a079c5f13ba83669f9090c8c8694e32c/element'
16:10:59.047 [Forwarding findElement on session a079c5f13ba83669f9090c8c8694e32c to remote] DEBUG org.asynchttpclient.netty.request.NettyRequestSender - Using open Channel [id: 0xd1133d83, L:/127.0.0.1:59099 - R:localhost/127.0.0.1:56247] for POST '/session/a079c5f13ba83669f9090c8c8694e32c/element'
16:10:59.057 [AsyncHttpClient-1-17] DEBUG org.asynchttpclient.netty.handler.HttpHandler - 

Request DefaultHttpRequest(decodeResult: success, version: HTTP/1.1)
POST /session/a079c5f13ba83669f9090c8c8694e32c/element HTTP/1.1
User-Agent: selenium/4.1.2 (java windows)
Content-Length: 50
Content-Type: application/json; charset=utf-8
host: localhost:56247
accept: */*

Response DefaultHttpResponse(decodeResult: success, version: HTTP/1.1)
HTTP/1.1 200 OK
Content-Type: application/json; charset=utf-8
cache-control: no-cache
content-length: 88

16:10:59.057 [AsyncHttpClient-1-17] DEBUG org.asynchttpclient.netty.channel.ChannelManager - Adding key: http://localhost:56247 for channel [id: 0xd1133d83, L:/127.0.0.1:59099 - R:localhost/127.0.0.1:56247]
16:10:59.059 [Forwarding clickElement on session a079c5f13ba83669f9090c8c8694e32c to remote] DEBUG org.asynchttpclient.netty.request.NettyRequestSender - Using pooled Channel '[id: 0xd1133d83, L:/127.0.0.1:59099 - R:localhost/127.0.0.1:56247]' for 'POST' to 'http://localhost:56247/session/a079c5f13ba83669f9090c8c8694e32c/element/973c1b75-86d5-411f-99c6-4c91c02c7544/click'
16:10:59.059 [Forwarding clickElement on session a079c5f13ba83669f9090c8c8694e32c to remote] DEBUG org.asynchttpclient.netty.request.NettyRequestSender - Using open Channel [id: 0xd1133d83, L:/127.0.0.1:59099 - R:localhost/127.0.0.1:56247] for POST '/session/a079c5f13ba83669f9090c8c8694e32c/element/973c1b75-86d5-411f-99c6-4c91c02c7544/click'
16:10:59.130 [AsyncHttpClient-1-17] DEBUG org.asynchttpclient.netty.handler.HttpHandler - 

Request DefaultHttpRequest(decodeResult: success, version: HTTP/1.1)
POST /session/a079c5f13ba83669f9090c8c8694e32c/element/973c1b75-86d5-411f-99c6-4c91c02c7544/click HTTP/1.1
User-Agent: selenium/4.1.2 (java windows)
Content-Length: 50
Content-Type: application/json; charset=utf-8
host: localhost:56247
accept: */*

Response DefaultHttpResponse(decodeResult: success, version: HTTP/1.1)
HTTP/1.1 200 OK
Content-Type: application/json; charset=utf-8
cache-control: no-cache
content-length: 14

16:10:59.131 [AsyncHttpClient-1-17] DEBUG org.asynchttpclient.netty.channel.ChannelManager - Adding key: http://localhost:56247 for channel [id: 0xd1133d83, L:/127.0.0.1:59099 - R:localhost/127.0.0.1:56247]
16:10:59.138 [Forwarding screenshot on session a079c5f13ba83669f9090c8c8694e32c to remote] DEBUG org.asynchttpclient.netty.request.NettyRequestSender - Using pooled Channel '[id: 0xd1133d83, L:/127.0.0.1:59099 - R:localhost/127.0.0.1:56247]' for 'GET' to 'http://localhost:56247/session/a079c5f13ba83669f9090c8c8694e32c/screenshot'
16:10:59.138 [Forwarding screenshot on session a079c5f13ba83669f9090c8c8694e32c to remote] DEBUG org.asynchttpclient.netty.request.NettyRequestSender - Using open Channel [id: 0xd1133d83, L:/127.0.0.1:59099 - R:localhost/127.0.0.1:56247] for GET '/session/a079c5f13ba83669f9090c8c8694e32c/screenshot'
16:10:59.664 [AsyncHttpClient-1-17] DEBUG org.asynchttpclient.netty.handler.HttpHandler - 

Request DefaultFullHttpRequest(decodeResult: success, version: HTTP/1.1, content: EmptyByteBufBE)
GET /session/a079c5f13ba83669f9090c8c8694e32c/screenshot HTTP/1.1
User-Agent: selenium/4.1.2 (java windows)
Cache-Control: no-cache
Content-Type: application/json; charset=utf-8
host: localhost:56247
accept: */*

Response DefaultHttpResponse(decodeResult: success, version: HTTP/1.1)
HTTP/1.1 200 OK
Content-Type: application/json; charset=utf-8
cache-control: no-cache
content-length: 316572

16:10:59.666 [AsyncHttpClient-1-17] DEBUG org.asynchttpclient.netty.channel.ChannelManager - Adding key: http://localhost:56247 for channel [id: 0xd1133d83, L:/127.0.0.1:59099 - R:localhost/127.0.0.1:56247]
16:10:59.687 [main] DEBUG net.serenitybdd.core.photography.Darkroom - Send negative for processing for target\site\serenity\bdb1a17ee4b26c1ca5f6e53095cecaabc8d1d7a372d2bb2b4aeb03b023097e3f.png
16:10:59.692 [Darkroom Processing Line] DEBUG net.serenitybdd.core.photography.DarkroomProcessingLine - Processing screenshot image in /var/screenshots/screenshot-3525118511524999673
16:10:59.692 [main] DEBUG net.thucydides.core.steps.StepInterceptor - STEP DONE: clickLogin
16:10:59.692 [Darkroom Processing Line] DEBUG net.serenitybdd.core.photography.DarkroomProcessingLine - Saving screenshot to target\site\serenity\bdb1a17ee4b26c1ca5f6e53095cecaabc8d1d7a372d2bb2b4aeb03b023097e3f.png
  &amp#27;[32mAnd &amp#27;[0m&amp#27;[32mclick login button&amp#27;[0m             &amp#27;[90m# starter.stepdefinitions.LoginSteps.clickLoginButton()&amp#27;[0m
16:10:59.733 [main] DEBUG net.thucydides.core.steps.StepInterceptor - STARTING STEP: LoginSteps.iGetThe - errorMessageAlert
16:10:59.741 [Forwarding findElement on session a079c5f13ba83669f9090c8c8694e32c to remote] DEBUG org.asynchttpclient.netty.request.NettyRequestSender - Using pooled Channel '[id: 0xd1133d83, L:/127.0.0.1:59099 - R:localhost/127.0.0.1:56247]' for 'POST' to 'http://localhost:56247/session/a079c5f13ba83669f9090c8c8694e32c/element'
16:10:59.741 [Forwarding findElement on session a079c5f13ba83669f9090c8c8694e32c to remote] DEBUG org.asynchttpclient.netty.request.NettyRequestSender - Using open Channel [id: 0xd1133d83, L:/127.0.0.1:59099 - R:localhost/127.0.0.1:56247] for POST '/session/a079c5f13ba83669f9090c8c8694e32c/element'
16:11:00.122 [AsyncHttpClient-1-1] DEBUG org.asynchttpclient.netty.channel.DefaultChannelPool - Entry count for : http://localhost:59102 : 1
16:11:01.218 [AsyncHttpClient-1-1] DEBUG org.asynchttpclient.netty.channel.DefaultChannelPool - Entry count for : http://localhost:59102 : 1
16:11:01.902 [AsyncHttpClient-1-17] DEBUG org.asynchttpclient.netty.handler.HttpHandler - 

Request DefaultHttpRequest(decodeResult: success, version: HTTP/1.1)
POST /session/a079c5f13ba83669f9090c8c8694e32c/element HTTP/1.1
User-Agent: selenium/4.1.2 (java windows)
Content-Length: 49
Content-Type: application/json; charset=utf-8
host: localhost:56247
accept: */*

Response DefaultHttpResponse(decodeResult: success, version: HTTP/1.1)
HTTP/1.1 404 Not Found
Content-Type: application/json; charset=utf-8
cache-control: no-cache
content-length: 1048

16:11:01.903 [AsyncHttpClient-1-17] DEBUG org.asynchttpclient.netty.channel.ChannelManager - Adding key: http://localhost:56247 for channel [id: 0xd1133d83, L:/127.0.0.1:59099 - R:localhost/127.0.0.1:56247]
16:11:01.913 [Forwarding screenshot on session a079c5f13ba83669f9090c8c8694e32c to remote] DEBUG org.asynchttpclient.netty.request.NettyRequestSender - Using pooled Channel '[id: 0xd1133d83, L:/127.0.0.1:59099 - R:localhost/127.0.0.1:56247]' for 'GET' to 'http://localhost:56247/session/a079c5f13ba83669f9090c8c8694e32c/screenshot'
16:11:01.913 [Forwarding screenshot on session a079c5f13ba83669f9090c8c8694e32c to remote] DEBUG org.asynchttpclient.netty.request.NettyRequestSender - Using open Channel [id: 0xd1133d83, L:/127.0.0.1:59099 - R:localhost/127.0.0.1:56247] for GET '/session/a079c5f13ba83669f9090c8c8694e32c/screenshot'
16:11:02.313 [AsyncHttpClient-1-17] DEBUG org.asynchttpclient.netty.handler.HttpHandler - 

Request DefaultFullHttpRequest(decodeResult: success, version: HTTP/1.1, content: EmptyByteBufBE)
GET /session/a079c5f13ba83669f9090c8c8694e32c/screenshot HTTP/1.1
User-Agent: selenium/4.1.2 (java windows)
Cache-Control: no-cache
Content-Type: application/json; charset=utf-8
host: localhost:56247
accept: */*

Response DefaultHttpResponse(decodeResult: success, version: HTTP/1.1)
HTTP/1.1 200 OK
Content-Type: application/json; charset=utf-8
cache-control: no-cache
content-length: 316804

16:11:02.313 [AsyncHttpClient-1-17] DEBUG org.asynchttpclient.netty.channel.ChannelManager - Adding key: http://localhost:56247 for channel [id: 0xd1133d83, L:/127.0.0.1:59099 - R:localhost/127.0.0.1:56247]
16:11:02.321 [AsyncHttpClient-1-1] DEBUG org.asynchttpclient.netty.channel.DefaultChannelPool - Entry count for : http://localhost:59102 : 1
16:11:02.321 [AsyncHttpClient-1-1] DEBUG org.asynchttpclient.netty.channel.DefaultChannelPool - Entry count for : http://localhost:56247 : 1
16:11:02.323 [main] DEBUG net.serenitybdd.core.photography.Darkroom - Send negative for processing for target\site\serenity\18414223fc92dd283131cc036fd3dfd1cb36de04bbac51ff14ad1e0006faf0eb.png
16:11:02.325 [Darkroom Processing Line] DEBUG net.serenitybdd.core.photography.DarkroomProcessingLine - Processing screenshot image in /var/screenshots/screenshot-9474118827259410424
16:11:02.325 [Darkroom Processing Line] DEBUG net.serenitybdd.core.photography.DarkroomProcessingLine - Saving screenshot to target\site\serenity\18414223fc92dd283131cc036fd3dfd1cb36de04bbac51ff14ad1e0006faf0eb.png
16:11:02.326 [Forwarding getPageSource on session a079c5f13ba83669f9090c8c8694e32c to remote] DEBUG org.asynchttpclient.netty.request.NettyRequestSender - Using pooled Channel '[id: 0xd1133d83, L:/127.0.0.1:59099 - R:localhost/127.0.0.1:56247]' for 'POST' to 'http://localhost:56247/session/a079c5f13ba83669f9090c8c8694e32c/execute/sync'
16:11:02.326 [Forwarding getPageSource on session a079c5f13ba83669f9090c8c8694e32c to remote] DEBUG org.asynchttpclient.netty.request.NettyRequestSender - Using open Channel [id: 0xd1133d83, L:/127.0.0.1:59099 - R:localhost/127.0.0.1:56247] for POST '/session/a079c5f13ba83669f9090c8c8694e32c/execute/sync'
16:11:02.340 [AsyncHttpClient-1-17] DEBUG org.asynchttpclient.netty.handler.HttpHandler - 

Request DefaultHttpRequest(decodeResult: success, version: HTTP/1.1)
POST /session/a079c5f13ba83669f9090c8c8694e32c/execute/sync HTTP/1.1
User-Agent: selenium/4.1.2 (java windows)
Content-Length: 176
Content-Type: application/json; charset=utf-8
host: localhost:56247
accept: */*

Response DefaultHttpResponse(decodeResult: success, version: HTTP/1.1)
HTTP/1.1 200 OK
Content-Type: application/json; charset=utf-8
cache-control: no-cache
content-length: 47163

16:11:02.340 [AsyncHttpClient-1-17] DEBUG org.asynchttpclient.netty.channel.ChannelManager - Adding key: http://localhost:56247 for channel [id: 0xd1133d83, L:/127.0.0.1:59099 - R:localhost/127.0.0.1:56247]
16:11:02.381 [Forwarding getCurrentUrl on session a079c5f13ba83669f9090c8c8694e32c to remote] DEBUG org.asynchttpclient.netty.request.NettyRequestSender - Using pooled Channel '[id: 0xd1133d83, L:/127.0.0.1:59099 - R:localhost/127.0.0.1:56247]' for 'GET' to 'http://localhost:56247/session/a079c5f13ba83669f9090c8c8694e32c/url'
16:11:02.382 [Forwarding getCurrentUrl on session a079c5f13ba83669f9090c8c8694e32c to remote] DEBUG org.asynchttpclient.netty.request.NettyRequestSender - Using open Channel [id: 0xd1133d83, L:/127.0.0.1:59099 - R:localhost/127.0.0.1:56247] for GET '/session/a079c5f13ba83669f9090c8c8694e32c/url'
16:11:02.392 [AsyncHttpClient-1-17] DEBUG org.asynchttpclient.netty.handler.HttpHandler - 

Request DefaultFullHttpRequest(decodeResult: success, version: HTTP/1.1, content: EmptyByteBufBE)
GET /session/a079c5f13ba83669f9090c8c8694e32c/url HTTP/1.1
User-Agent: selenium/4.1.2 (java windows)
Cache-Control: no-cache
Content-Type: application/json; charset=utf-8
host: localhost:56247
accept: */*

Response DefaultHttpResponse(decodeResult: success, version: HTTP/1.1)
HTTP/1.1 200 OK
Content-Type: application/json; charset=utf-8
cache-control: no-cache
content-length: 36

16:11:02.392 [AsyncHttpClient-1-17] DEBUG org.asynchttpclient.netty.channel.ChannelManager - Adding key: http://localhost:56247 for channel [id: 0xd1133d83, L:/127.0.0.1:59099 - R:localhost/127.0.0.1:56247]
  &amp#27;[31mThen &amp#27;[0m&amp#27;[31mI get the &amp#27;[0m&amp#27;[31m&amp#27;[1m"Login Page"&amp#27;[0m        &amp#27;[90m# starter.stepdefinitions.LoginSteps.iGetThe(java.lang.String)&amp#27;[0m
      &amp#27;[31morg.openqa.selenium.NoSuchElementException: no such element: Unable to locate element: {"method":"css selector","selector":"#name"}
  (Session info: chrome=99.0.4844.84)
For documentation on this error, please visit: https://selenium.dev/exceptions/#no_such_element
Build info: version: '4.1.2', revision: '9a5a329c5a'
System info: host: 'DESKTOP-01SKV80', ip: '192.168.100.8', os.name: 'Windows 10', os.arch: 'amd64', os.version: '10.0', java.version: '15.0.2'
Driver info: org.openqa.selenium.chrome.ChromeDriver
Command: [a079c5f13ba83669f9090c8c8694e32c, findElement {using=id, value=name}]
Capabilities {acceptInsecureCerts: false, browserName: chrome, browserVersion: 99.0.4844.84, chrome: {chromedriverVersion: 99.0.4844.51 (d537ec02474b5..., userDataDir: C:\Users\ASUS\AppData\Local...}, goog:chromeOptions: {debuggerAddress: localhost:59102}, javascriptEnabled: true, networkConnectionEnabled: false, pageLoadStrategy: normal, platform: WINDOWS, platformName: WINDOWS, proxy: Proxy(), se:cdp: ws://localhost:59102/devtoo..., se:cdpVersion: 99.0.4844.84, setWindowRect: true, strictFileInteractability: false, timeouts: {implicit: 0, pageLoad: 300000, script: 30000}, unhandledPromptBehavior: dismiss and notify, webauthn:extension:credBlob: true, webauthn:extension:largeBlob: true, webauthn:virtualAuthenticators: true}
Session ID: a079c5f13ba83669f9090c8c8694e32c
	at java.base/jdk.internal.reflect.NativeConstructorAccessorImpl.newInstance0(Native Method)
	at java.base/jdk.internal.reflect.NativeConstructorAccessorImpl.newInstance(NativeConstructorAccessorImpl.java:64)
	at java.base/jdk.internal.reflect.DelegatingConstructorAccessorImpl.newInstance(DelegatingConstructorAccessorImpl.java:45)
	at java.base/java.lang.reflect.Constructor.newInstanceWithCaller(Constructor.java:500)
	at java.base/java.lang.reflect.Constructor.newInstance(Constructor.java:481)
	at org.openqa.selenium.remote.codec.w3c.W3CHttpResponseCodec.createException(W3CHttpResponseCodec.java:200)
	at org.openqa.selenium.remote.codec.w3c.W3CHttpResponseCodec.decode(W3CHttpResponseCodec.java:133)
	at org.openqa.selenium.remote.codec.w3c.W3CHttpResponseCodec.decode(W3CHttpResponseCodec.java:53)
	at org.openqa.selenium.remote.HttpCommandExecutor.execute(HttpCommandExecutor.java:184)
	at org.openqa.selenium.remote.service.DriverCommandExecutor.invokeExecute(DriverCommandExecutor.java:167)
	at org.openqa.selenium.remote.service.DriverCommandExecutor.execute(DriverCommandExecutor.java:142)
	at org.openqa.selenium.remote.RemoteWebDriver.execute(RemoteWebDriver.java:558)
	at org.openqa.selenium.remote.ElementLocation$ElementFinder$2.findElement(ElementLocation.java:162)
	at org.openqa.selenium.remote.ElementLocation.findElement(ElementLocation.java:60)
	at org.openqa.selenium.remote.RemoteWebDriver.findElement(RemoteWebDriver.java:382)
	at org.openqa.selenium.remote.RemoteWebDriver.findElement(RemoteWebDriver.java:374)
	at net.thucydides.core.webdriver.WebDriverFacade.findElement(WebDriverFacade.java:224)
	at net.serenitybdd.core.pages.WebElementResolverByLocator.resolveForDriver(WebElementResolverByLocator.java:25)
	at net.serenitybdd.core.pages.WebElementFacadeImpl.getResolvedElement(WebElementFacadeImpl.java:191)
	at net.serenitybdd.core.pages.WebElementFacadeImpl.getElement(WebElementFacadeImpl.java:186)
	at net.serenitybdd.core.pages.WebElementFacadeImpl.getText(WebElementFacadeImpl.java:1069)
	at Serenity.Gladys.DDT@1.0.0-SNAPSHOT/starter.pages.LoginPage.errorMessageAlert(LoginPage.java:66)
	at Serenity.Gladys.DDT@1.0.0-SNAPSHOT/starter.pages.LoginPage$ByteBuddy$PSsKwE8k.errorMessageAlert$accessor$6mf7MVZJ(Unknown Source)
	at java.base/jdk.internal.reflect.NativeMethodAccessorImpl.invoke0(Native Method)
	at java.base/jdk.internal.reflect.NativeMethodAccessorImpl.invoke(NativeMethodAccessorImpl.java:64)
	at java.base/jdk.internal.reflect.DelegatingMethodAccessorImpl.invoke(DelegatingMethodAccessorImpl.java:43)
	at java.base/java.lang.reflect.Method.invoke(Method.java:564)
	at net.thucydides.core.steps.StepInterceptor.invokeMethod(StepInterceptor.java:503)
	at net.thucydides.core.steps.StepInterceptor.executeTestStepMethod(StepInterceptor.java:483)
	at net.thucydides.core.steps.StepInterceptor.runTestStep(StepInterceptor.java:457)
	at net.thucydides.core.steps.StepInterceptor.runOrSkipMethod(StepInterceptor.java:209)
	at net.thucydides.core.steps.StepInterceptor.testStepResult(StepInterceptor.java:196)
	at net.thucydides.core.steps.StepInterceptor.intercept(StepInterceptor.java:84)
	at net.thucydides.core.steps.ProxyConfiguration$InterceptorDispatcher.intercept(ProxyConfiguration.java:51)
	at Serenity.Gladys.DDT@1.0.0-SNAPSHOT/starter.pages.LoginPage$ByteBuddy$PSsKwE8k.errorMessageAlert(Unknown Source)
	at Serenity.Gladys.DDT@1.0.0-SNAPSHOT/starter.stepdefinitions.LoginSteps.iGetThe(LoginSteps.java:45)
	at âœ½.I get the "Login Page"(file:///D:/PERKULIAHAN/Semester%206,Hebatt%20glad!/Altera/New%20folder/Serenity_Gladys_DDT/src/test/resources/features/login.feature:15)
&amp#27;[0m
16:11:02.428 [AsyncHttpClient-1-3] DEBUG org.asynchttpclient.netty.handler.WebSocketHandler - Channel Closed: [id: 0x751d8e7e, L:/127.0.0.1:59109 ! R:localhost/127.0.0.1:59102] with attribute NettyResponseFuture{currentRetry=5,
	isDone=1,
	isCancelled=0,
	asyncHandler=org.asynchttpclient.ws.WebSocketUpgradeHandler@4e545ff5,
	nettyRequest=org.asynchttpclient.netty.request.NettyRequest@73449c46,
	future=java.util.concurrent.CompletableFuture@5d1dbb85[Completed normally],
	uri=ws://localhost:59102/devtools/browser/5671a591-197f-4587-8a03-79489dff32bf,
	keepAlive=true,
	redirectCount=0,
	timeoutsHolder=null,
	inAuth=0,
	touch=1648717848191}
16:11:02.429 [AsyncHttpClient-1-3] DEBUG org.asynchttpclient.netty.channel.ChannelManager - Closing Channel [id: 0x751d8e7e, L:/127.0.0.1:59109 ! R:localhost/127.0.0.1:59102] 
16:11:02.429 [Driver Command Executor] DEBUG org.asynchttpclient.netty.request.NettyRequestSender - Using pooled Channel '[id: 0xd1133d83, L:/127.0.0.1:59099 - R:localhost/127.0.0.1:56247]' for 'DELETE' to 'http://localhost:56247/session/a079c5f13ba83669f9090c8c8694e32c'
16:11:02.429 [Driver Command Executor] DEBUG org.asynchttpclient.netty.request.NettyRequestSender - Using open Channel [id: 0xd1133d83, L:/127.0.0.1:59099 - R:localhost/127.0.0.1:56247] for DELETE '/session/a079c5f13ba83669f9090c8c8694e32c'
16:11:02.496 [AsyncHttpClient-1-2] DEBUG org.asynchttpclient.netty.handler.HttpHandler - Unexpected I/O exception on channel [id: 0x4af4b275, L:/127.0.0.1:59108 - R:localhost/127.0.0.1:59102]
java.net.SocketException: Connection reset
	at java.base/sun.nio.ch.SocketChannelImpl.throwConnectionReset(SocketChannelImpl.java:367)
	at java.base/sun.nio.ch.SocketChannelImpl.read(SocketChannelImpl.java:398)
	at io.netty.buffer.PooledByteBuf.setBytes(PooledByteBuf.java:258)
	at io.netty.buffer.AbstractByteBuf.writeBytes(AbstractByteBuf.java:1132)
	at io.netty.channel.socket.nio.NioSocketChannel.doReadBytes(NioSocketChannel.java:350)
	at io.netty.channel.nio.AbstractNioByteChannel$NioByteUnsafe.read(AbstractNioByteChannel.java:151)
	at io.netty.channel.nio.NioEventLoop.processSelectedKey(NioEventLoop.java:722)
	at io.netty.channel.nio.NioEventLoop.processSelectedKeysOptimized(NioEventLoop.java:658)
	at io.netty.channel.nio.NioEventLoop.processSelectedKeys(NioEventLoop.java:584)
	at io.netty.channel.nio.NioEventLoop.run(NioEventLoop.java:496)
	at io.netty.util.concurrent.SingleThreadEventExecutor$4.run(SingleThreadEventExecutor.java:986)
	at io.netty.util.internal.ThreadExecutorMap$2.run(ThreadExecutorMap.java:74)
	at io.netty.util.concurrent.FastThreadLocalRunnable.run(FastThreadLocalRunnable.java:30)
	at java.base/java.lang.Thread.run(Thread.java:832)
16:11:02.496 [AsyncHttpClient-1-2] DEBUG org.asynchttpclient.netty.channel.ChannelManager - Closing Channel [id: 0x4af4b275, L:/127.0.0.1:59108 - R:localhost/127.0.0.1:59102] 
16:11:02.496 [AsyncHttpClient-1-2] DEBUG org.asynchttpclient.netty.handler.HttpHandler - Channel Closed: [id: 0x4af4b275, L:/127.0.0.1:59108 ! R:localhost/127.0.0.1:59102] with attribute DISCARD
16:11:02.540 [AsyncHttpClient-1-17] DEBUG org.asynchttpclient.netty.handler.HttpHandler - 

Request DefaultFullHttpRequest(decodeResult: success, version: HTTP/1.1, content: EmptyByteBufBE)
DELETE /session/a079c5f13ba83669f9090c8c8694e32c HTTP/1.1
User-Agent: selenium/4.1.2 (java windows)
Content-Type: application/json; charset=utf-8
host: localhost:56247
accept: */*

Response DefaultHttpResponse(decodeResult: success, version: HTTP/1.1)
HTTP/1.1 200 OK
Content-Type: application/json; charset=utf-8
cache-control: no-cache
content-length: 14

16:11:02.541 [AsyncHttpClient-1-17] DEBUG org.asynchttpclient.netty.channel.ChannelManager - Adding key: http://localhost:56247 for channel [id: 0xd1133d83, L:/127.0.0.1:59099 - R:localhost/127.0.0.1:56247]
16:11:02.727 [AsyncHttpClient-1-17] DEBUG org.asynchttpclient.netty.handler.HttpHandler - Channel Closed: [id: 0xd1133d83, L:/127.0.0.1:59099 ! R:localhost/127.0.0.1:56247] with attribute DISCARD
]]></system-out>
    <system-err><![CDATA[Starting ChromeDriver 99.0.4844.51 (d537ec02474b5afe23684e7963d538896c63ac77-refs/branch-heads/4844@{#875}) on port 56247
Only local connections are allowed.
Please see https://chromedriver.chromium.org/security-considerations for suggestions on keeping ChromeDriver safe.
ChromeDriver was started successfully.
Mar 31, 2022 4:10:48 PM org.openqa.selenium.remote.ProtocolHandshake createSession
INFO: Detected dialect: W3C
Mar 31, 2022 4:10:48 PM org.openqa.selenium.devtools.CdpVersionFinder findNearestMatch
WARNING: Unable to find an exact match for CDP version 99, so returning the closest version found: 97
Mar 31, 2022 4:10:48 PM org.openqa.selenium.devtools.CdpVersionFinder findNearestMatch
INFO: Found CDP implementation for version 99 of 97
]]></system-err>
  </testcase>
</testsuite>