<?xml version="1.0" encoding="UTF-8"?>
<testsuite xmlns:xsi="http://www.w3.org/2001/XMLSchema-instance" xsi:noNamespaceSchemaLocation="https://maven.apache.org/surefire/maven-failsafe-plugin/xsd/failsafe-test-report-3.0.xsd" version="3.0" name="starter.cucumberTestSuite" time="179.292" tests="6" errors="0" skipped="0" failures="0">
  <properties>
    <property name="java.specification.version" value="15"/>
    <property name="webdriver.chrome.driver" value="D:\PERKULIAHAN\Semester 6,Hebatt glad!\Altera\New folder\Serenity_Gladys\src\test\resources\webdriver\chromedriver.exe"/>
    <property name="sun.cpu.isalist" value="amd64"/>
    <property name="sun.jnu.encoding" value="Cp1252"/>
    <property name="java.class.path" value="D:\PERKULIAHAN\Semester 6,Hebatt glad!\Altera\New folder\Serenity_Gladys\target\test-classes;C:\Users\ASUS\.m2\repository\net\serenity-bdd\serenity-core\3.2.1\serenity-core-3.2.1.jar;C:\Users\ASUS\.m2\repository\net\serenity-bdd\serenity-model\3.2.1\serenity-model-3.2.1.jar;C:\Users\ASUS\.m2\repository\org\apache\commons\commons-text\1.9\commons-text-1.9.jar;C:\Users\ASUS\.m2\repository\commons-net\commons-net\3.8.0\commons-net-3.8.0.jar;C:\Users\ASUS\.m2\repository\com\google\guava\guava\31.1-jre\guava-31.1-jre.jar;C:\Users\ASUS\.m2\repository\com\google\guava\failureaccess\1.0.1\failureaccess-1.0.1.jar;C:\Users\ASUS\.m2\repository\com\google\guava\listenablefuture\9999.0-empty-to-avoid-conflict-with-guava\listenablefuture-9999.0-empty-to-avoid-conflict-with-guava.jar;C:\Users\ASUS\.m2\repository\com\google\code\findbugs\jsr305\3.0.2\jsr305-3.0.2.jar;C:\Users\ASUS\.m2\repository\org\checkerframework\checker-qual\3.12.0\checker-qual-3.12.0.jar;C:\Users\ASUS\.m2\repository\com\google\errorprone\error_prone_annotations\2.11.0\error_prone_annotations-2.11.0.jar;C:\Users\ASUS\.m2\repository\com\google\j2objc\j2objc-annotations\1.3\j2objc-annotations-1.3.jar;C:\Users\ASUS\.m2\repository\com\google\inject\guice\5.1.0\guice-5.1.0.jar;C:\Users\ASUS\.m2\repository\javax\inject\javax.inject\1\javax.inject-1.jar;C:\Users\ASUS\.m2\repository\aopalliance\aopalliance\1.0\aopalliance-1.0.jar;C:\Users\ASUS\.m2\repository\org\jsoup\jsoup\1.14.3\jsoup-1.14.3.jar;C:\Users\ASUS\.m2\repository\com\thoughtworks\xstream\xstream\1.4.19\xstream-1.4.19.jar;C:\Users\ASUS\.m2\repository\io\github\x-stream\mxparser\1.2.2\mxparser-1.2.2.jar;C:\Users\ASUS\.m2\repository\xmlpull\xmlpull\1.1.3.1\xmlpull-1.1.3.1.jar;C:\Users\ASUS\.m2\repository\io\cucumber\cucumber-java\7.2.3\cucumber-java-7.2.3.jar;C:\Users\ASUS\.m2\repository\com\typesafe\config\1.4.2\config-1.4.2.jar;C:\Users\ASUS\.m2\repository\org\imgscalr\imgscalr-lib\4.2\imgscalr-lib-4.2.jar;C:\Users\ASUS\.m2\repository\org\awaitility\awaitility\4.2.0\awaitility-4.2.0.jar;C:\Users\ASUS\.m2\repository\org\freemarker\freemarker\2.3.31\freemarker-2.3.31.jar;C:\Users\ASUS\.m2\repository\io\github\classgraph\classgraph\4.8.138\classgraph-4.8.138.jar;C:\Users\ASUS\.m2\repository\net\sourceforge\jexcelapi\jxl\2.6.12\jxl-2.6.12.jar;C:\Users\ASUS\.m2\repository\net\bytebuddy\byte-buddy\1.12.8\byte-buddy-1.12.8.jar;C:\Users\ASUS\.m2\repository\net\bytebuddy\byte-buddy-agent\1.12.8\byte-buddy-agent-1.12.8.jar;C:\Users\ASUS\.m2\repository\org\objenesis\objenesis\3.1\objenesis-3.1.jar;C:\Users\ASUS\.m2\repository\net\serenity-bdd\serenity-reports\3.2.1\serenity-reports-3.2.1.jar;C:\Users\ASUS\.m2\repository\net\serenity-bdd\serenity-stats\3.2.1\serenity-stats-3.2.1.jar;C:\Users\ASUS\.m2\repository\net\serenity-bdd\serenity-reports-configuration\3.2.1\serenity-reports-configuration-3.2.1.jar;C:\Users\ASUS\.m2\repository\com\vladsch\flexmark\flexmark-all\0.34.30\flexmark-all-0.34.30.jar;C:\Users\ASUS\.m2\repository\com\vladsch\flexmark\flexmark\0.34.30\flexmark-0.34.30.jar;C:\Users\ASUS\.m2\repository\com\vladsch\flexmark\flexmark-ext-abbreviation\0.34.30\flexmark-ext-abbreviation-0.34.30.jar;C:\Users\ASUS\.m2\repository\com\vladsch\flexmark\flexmark-ext-admonition\0.34.30\flexmark-ext-admonition-0.34.30.jar;C:\Users\ASUS\.m2\repository\com\vladsch\flexmark\flexmark-ext-anchorlink\0.34.30\flexmark-ext-anchorlink-0.34.30.jar;C:\Users\ASUS\.m2\repository\com\vladsch\flexmark\flexmark-ext-aside\0.34.30\flexmark-ext-aside-0.34.30.jar;C:\Users\ASUS\.m2\repository\com\vladsch\flexmark\flexmark-ext-attributes\0.34.30\flexmark-ext-attributes-0.34.30.jar;C:\Users\ASUS\.m2\repository\com\vladsch\flexmark\flexmark-ext-autolink\0.34.30\flexmark-ext-autolink-0.34.30.jar;C:\Users\ASUS\.m2\repository\org\nibor\autolink\autolink\0.6.0\autolink-0.6.0.jar;C:\Users\ASUS\.m2\repository\com\vladsch\flexmark\flexmark-ext-definition\0.34.30\flexmark-ext-definition-0.34.30.jar;C:\Users\ASUS\.m2\repository\com\vladsch\flexmark\flexmark-ext-emoji\0.34.30\flexmark-ext-emoji-0.34.30.jar;C:\Users\ASUS\.m2\repository\com\vladsch\flexmark\flexmark-ext-enumerated-reference\0.34.30\flexmark-ext-enumerated-reference-0.34.30.jar;C:\Users\ASUS\.m2\repository\com\vladsch\flexmark\flexmark-ext-escaped-character\0.34.30\flexmark-ext-escaped-character-0.34.30.jar;C:\Users\ASUS\.m2\repository\com\vladsch\flexmark\flexmark-ext-footnotes\0.34.30\flexmark-ext-footnotes-0.34.30.jar;C:\Users\ASUS\.m2\repository\com\vladsch\flexmark\flexmark-ext-gfm-issues\0.34.30\flexmark-ext-gfm-issues-0.34.30.jar;C:\Users\ASUS\.m2\repository\com\vladsch\flexmark\flexmark-ext-gfm-strikethrough\0.34.30\flexmark-ext-gfm-strikethrough-0.34.30.jar;C:\Users\ASUS\.m2\repository\com\vladsch\flexmark\flexmark-ext-gfm-tables\0.34.30\flexmark-ext-gfm-tables-0.34.30.jar;C:\Users\ASUS\.m2\repository\com\vladsch\flexmark\flexmark-ext-gfm-tasklist\0.34.30\flexmark-ext-gfm-tasklist-0.34.30.jar;C:\Users\ASUS\.m2\repository\com\vladsch\flexmark\flexmark-ext-gfm-users\0.34.30\flexmark-ext-gfm-users-0.34.30.jar;C:\Users\ASUS\.m2\repository\com\vladsch\flexmark\flexmark-ext-gitlab\0.34.30\flexmark-ext-gitlab-0.34.30.jar;C:\Users\ASUS\.m2\repository\com\vladsch\flexmark\flexmark-ext-jekyll-front-matter\0.34.30\flexmark-ext-jekyll-front-matter-0.34.30.jar;C:\Users\ASUS\.m2\repository\com\vladsch\flexmark\flexmark-ext-jekyll-tag\0.34.30\flexmark-ext-jekyll-tag-0.34.30.jar;C:\Users\ASUS\.m2\repository\com\vladsch\flexmark\flexmark-ext-media-tags\0.34.30\flexmark-ext-media-tags-0.34.30.jar;C:\Users\ASUS\.m2\repository\com\vladsch\flexmark\flexmark-test-util\0.34.30\flexmark-test-util-0.34.30.jar;C:\Users\ASUS\.m2\repository\com\vladsch\flexmark\flexmark-ext-ins\0.34.30\flexmark-ext-ins-0.34.30.jar;C:\Users\ASUS\.m2\repository\com\vladsch\flexmark\flexmark-ext-xwiki-macros\0.34.30\flexmark-ext-xwiki-macros-0.34.30.jar;C:\Users\ASUS\.m2\repository\com\vladsch\flexmark\flexmark-ext-superscript\0.34.30\flexmark-ext-superscript-0.34.30.jar;C:\Users\ASUS\.m2\repository\com\vladsch\flexmark\flexmark-ext-tables\0.34.30\flexmark-ext-tables-0.34.30.jar;C:\Users\ASUS\.m2\repository\com\vladsch\flexmark\flexmark-ext-toc\0.34.30\flexmark-ext-toc-0.34.30.jar;C:\Users\ASUS\.m2\repository\com\vladsch\flexmark\flexmark-ext-typographic\0.34.30\flexmark-ext-typographic-0.34.30.jar;C:\Users\ASUS\.m2\repository\com\vladsch\flexmark\flexmark-ext-wikilink\0.34.30\flexmark-ext-wikilink-0.34.30.jar;C:\Users\ASUS\.m2\repository\com\vladsch\flexmark\flexmark-ext-yaml-front-matter\0.34.30\flexmark-ext-yaml-front-matter-0.34.30.jar;C:\Users\ASUS\.m2\repository\com\vladsch\flexmark\flexmark-ext-youtube-embedded\0.34.30\flexmark-ext-youtube-embedded-0.34.30.jar;C:\Users\ASUS\.m2\repository\com\vladsch\flexmark\flexmark-formatter\0.34.30\flexmark-formatter-0.34.30.jar;C:\Users\ASUS\.m2\repository\com\vladsch\flexmark\flexmark-html-parser\0.34.30\flexmark-html-parser-0.34.30.jar;C:\Users\ASUS\.m2\repository\com\vladsch\flexmark\flexmark-jira-converter\0.34.30\flexmark-jira-converter-0.34.30.jar;C:\Users\ASUS\.m2\repository\com\vladsch\flexmark\flexmark-pdf-converter\0.34.30\flexmark-pdf-converter-0.34.30.jar;C:\Users\ASUS\.m2\repository\com\openhtmltopdf\openhtmltopdf-core\0.0.1-RC13\openhtmltopdf-core-0.0.1-RC13.jar;C:\Users\ASUS\.m2\repository\com\openhtmltopdf\openhtmltopdf-pdfbox\0.0.1-RC13\openhtmltopdf-pdfbox-0.0.1-RC13.jar;C:\Users\ASUS\.m2\repository\org\apache\pdfbox\pdfbox\2.0.8\pdfbox-2.0.8.jar;C:\Users\ASUS\.m2\repository\org\apache\pdfbox\fontbox\2.0.8\fontbox-2.0.8.jar;C:\Users\ASUS\.m2\repository\commons-logging\commons-logging\1.2\commons-logging-1.2.jar;C:\Users\ASUS\.m2\repository\org\apache\pdfbox\xmpbox\2.0.8\xmpbox-2.0.8.jar;C:\Users\ASUS\.m2\repository\de\rototor\pdfbox\graphics2d\0.12\graphics2d-0.12.jar;C:\Users\ASUS\.m2\repository\com\openhtmltopdf\openhtmltopdf-rtl-support\0.0.1-RC13\openhtmltopdf-rtl-support-0.0.1-RC13.jar;C:\Users\ASUS\.m2\repository\com\ibm\icu\icu4j\59.1\icu4j-59.1.jar;C:\Users\ASUS\.m2\repository\com\openhtmltopdf\openhtmltopdf-jsoup-dom-converter\0.0.1-RC13\openhtmltopdf-jsoup-dom-converter-0.0.1-RC13.jar;C:\Users\ASUS\.m2\repository\com\vladsch\flexmark\flexmark-profile-pegdown\0.34.30\flexmark-profile-pegdown-0.34.30.jar;C:\Users\ASUS\.m2\repository\com\vladsch\flexmark\flexmark-util\0.34.30\flexmark-util-0.34.30.jar;C:\Users\ASUS\.m2\repository\com\vladsch\flexmark\flexmark-youtrack-converter\0.34.30\flexmark-youtrack-converter-0.34.30.jar;C:\Users\ASUS\.m2\repository\es\nitaur\markdown\txtmark\0.16\txtmark-0.16.jar;C:\Users\ASUS\.m2\repository\net\serenity-bdd\serenity-report-resources\3.2.1\serenity-report-resources-3.2.1.jar;C:\Users\ASUS\.m2\repository\com\google\code\gson\gson\2.9.0\gson-2.9.0.jar;C:\Users\ASUS\.m2\repository\com\fasterxml\jackson\core\jackson-core\2.13.2\jackson-core-2.13.2.jar;C:\Users\ASUS\.m2\repository\com\fasterxml\jackson\core\jackson-databind\2.13.2\jackson-databind-2.13.2.jar;C:\Users\ASUS\.m2\repository\com\fasterxml\jackson\core\jackson-annotations\2.13.2\jackson-annotations-2.13.2.jar;C:\Users\ASUS\.m2\repository\commons-codec\commons-codec\1.15\commons-codec-1.15.jar;C:\Users\ASUS\.m2\repository\commons-io\commons-io\2.11.0\commons-io-2.11.0.jar;C:\Users\ASUS\.m2\repository\org\seleniumhq\selenium\selenium-java\4.1.2\selenium-java-4.1.2.jar;C:\Users\ASUS\.m2\repository\org\seleniumhq\selenium\selenium-devtools-v85\4.1.2\selenium-devtools-v85-4.1.2.jar;C:\Users\ASUS\.m2\repository\org\seleniumhq\selenium\selenium-devtools-v95\4.1.2\selenium-devtools-v95-4.1.2.jar;C:\Users\ASUS\.m2\repository\org\seleniumhq\selenium\selenium-devtools-v96\4.1.2\selenium-devtools-v96-4.1.2.jar;C:\Users\ASUS\.m2\repository\org\seleniumhq\selenium\selenium-devtools-v97\4.1.2\selenium-devtools-v97-4.1.2.jar;C:\Users\ASUS\.m2\repository\org\seleniumhq\selenium\selenium-firefox-xpi-driver\4.1.2\selenium-firefox-xpi-driver-4.1.2.jar;C:\Users\ASUS\.m2\repository\org\seleniumhq\selenium\selenium-opera-driver\4.1.2\selenium-opera-driver-4.1.2.jar;C:\Users\ASUS\.m2\repository\org\seleniumhq\selenium\selenium-remote-driver\4.1.2\selenium-remote-driver-4.1.2.jar;C:\Users\ASUS\.m2\repository\com\beust\jcommander\1.82\jcommander-1.82.jar;C:\Users\ASUS\.m2\repository\io\netty\netty-buffer\4.1.73.Final\netty-buffer-4.1.73.Final.jar;C:\Users\ASUS\.m2\repository\io\netty\netty-codec-http\4.1.73.Final\netty-codec-http-4.1.73.Final.jar;C:\Users\ASUS\.m2\repository\io\netty\netty-codec\4.1.73.Final\netty-codec-4.1.73.Final.jar;C:\Users\ASUS\.m2\repository\io\netty\netty-handler\4.1.73.Final\netty-handler-4.1.73.Final.jar;C:\Users\ASUS\.m2\repository\io\netty\netty-tcnative-classes\2.0.46.Final\netty-tcnative-classes-2.0.46.Final.jar;C:\Users\ASUS\.m2\repository\io\netty\netty-common\4.1.73.Final\netty-common-4.1.73.Final.jar;C:\Users\ASUS\.m2\repository\io\netty\netty-transport-classes-epoll\4.1.73.Final\netty-transport-classes-epoll-4.1.73.Final.jar;C:\Users\ASUS\.m2\repository\io\netty\netty-transport-classes-kqueue\4.1.73.Final\netty-transport-classes-kqueue-4.1.73.Final.jar;C:\Users\ASUS\.m2\repository\io\netty\netty-transport-native-epoll\4.1.73.Final\netty-transport-native-epoll-4.1.73.Final.jar;C:\Users\ASUS\.m2\repository\io\netty\netty-transport-native-kqueue\4.1.73.Final\netty-transport-native-kqueue-4.1.73.Final.jar;C:\Users\ASUS\.m2\repository\io\netty\netty-transport-native-unix-common\4.1.73.Final\netty-transport-native-unix-common-4.1.73.Final.jar;C:\Users\ASUS\.m2\repository\io\netty\netty-transport\4.1.73.Final\netty-transport-4.1.73.Final.jar;C:\Users\ASUS\.m2\repository\io\netty\netty-resolver\4.1.73.Final\netty-resolver-4.1.73.Final.jar;C:\Users\ASUS\.m2\repository\io\opentelemetry\opentelemetry-api\1.10.1\opentelemetry-api-1.10.1.jar;C:\Users\ASUS\.m2\repository\io\opentelemetry\opentelemetry-context\1.10.1\opentelemetry-context-1.10.1.jar;C:\Users\ASUS\.m2\repository\io\opentelemetry\opentelemetry-exporter-logging\1.10.1\opentelemetry-exporter-logging-1.10.1.jar;C:\Users\ASUS\.m2\repository\io\opentelemetry\opentelemetry-sdk-metrics\1.10.1-alpha\opentelemetry-sdk-metrics-1.10.1-alpha.jar;C:\Users\ASUS\.m2\repository\io\opentelemetry\opentelemetry-sdk-logs\1.10.1-alpha\opentelemetry-sdk-logs-1.10.1-alpha.jar;C:\Users\ASUS\.m2\repository\io\opentelemetry\opentelemetry-sdk-common\1.10.1\opentelemetry-sdk-common-1.10.1.jar;C:\Users\ASUS\.m2\repository\io\opentelemetry\opentelemetry-sdk-extension-autoconfigure-spi\1.10.1\opentelemetry-sdk-extension-autoconfigure-spi-1.10.1.jar;C:\Users\ASUS\.m2\repository\io\opentelemetry\opentelemetry-sdk-extension-autoconfigure\1.10.1-alpha\opentelemetry-sdk-extension-autoconfigure-1.10.1-alpha.jar;C:\Users\ASUS\.m2\repository\io\opentelemetry\opentelemetry-sdk-trace\1.10.1\opentelemetry-sdk-trace-1.10.1.jar;C:\Users\ASUS\.m2\repository\io\opentelemetry\opentelemetry-sdk\1.10.1\opentelemetry-sdk-1.10.1.jar;C:\Users\ASUS\.m2\repository\io\opentelemetry\opentelemetry-semconv\1.10.1-alpha\opentelemetry-semconv-1.10.1-alpha.jar;C:\Users\ASUS\.m2\repository\io\ous\jtoml\2.0.0\jtoml-2.0.0.jar;C:\Users\ASUS\.m2\repository\org\apache\commons\commons-exec\1.3\commons-exec-1.3.jar;C:\Users\ASUS\.m2\repository\org\asynchttpclient\async-http-client\2.12.3\async-http-client-2.12.3.jar;C:\Users\ASUS\.m2\repository\org\asynchttpclient\async-http-client-netty-utils\2.12.3\async-http-client-netty-utils-2.12.3.jar;C:\Users\ASUS\.m2\repository\io\netty\netty-codec-socks\4.1.60.Final\netty-codec-socks-4.1.60.Final.jar;C:\Users\ASUS\.m2\repository\io\netty\netty-handler-proxy\4.1.60.Final\netty-handler-proxy-4.1.60.Final.jar;C:\Users\ASUS\.m2\repository\io\netty\netty-transport-native-epoll\4.1.60.Final\netty-transport-native-epoll-4.1.60.Final-linux-x86_64.jar;C:\Users\ASUS\.m2\repository\io\netty\netty-transport-native-kqueue\4.1.60.Final\netty-transport-native-kqueue-4.1.60.Final-osx-x86_64.jar;C:\Users\ASUS\.m2\repository\org\reactivestreams\reactive-streams\1.0.3\reactive-streams-1.0.3.jar;C:\Users\ASUS\.m2\repository\com\typesafe\netty\netty-reactive-streams\2.0.4\netty-reactive-streams-2.0.4.jar;C:\Users\ASUS\.m2\repository\org\seleniumhq\selenium\selenium-http\4.1.2\selenium-http-4.1.2.jar;C:\Users\ASUS\.m2\repository\net\jodah\failsafe\2.4.4\failsafe-2.4.4.jar;C:\Users\ASUS\.m2\repository\org\seleniumhq\selenium\selenium-safari-driver\4.1.2\selenium-safari-driver-4.1.2.jar;C:\Users\ASUS\.m2\repository\org\seleniumhq\selenium\selenium-api\4.1.2\selenium-api-4.1.2.jar;C:\Users\ASUS\.m2\repository\org\seleniumhq\selenium\selenium-support\4.1.2\selenium-support-4.1.2.jar;C:\Users\ASUS\.m2\repository\com\google\auto\service\auto-service-annotations\1.0.1\auto-service-annotations-1.0.1.jar;C:\Users\ASUS\.m2\repository\com\google\auto\service\auto-service\1.0.1\auto-service-1.0.1.jar;C:\Users\ASUS\.m2\repository\com\google\auto\auto-common\1.2\auto-common-1.2.jar;C:\Users\ASUS\.m2\repository\org\seleniumhq\selenium\selenium-json\4.1.2\selenium-json-4.1.2.jar;C:\Users\ASUS\.m2\repository\org\seleniumhq\selenium\selenium-chrome-driver\4.1.2\selenium-chrome-driver-4.1.2.jar;C:\Users\ASUS\.m2\repository\org\seleniumhq\selenium\selenium-chromium-driver\4.1.2\selenium-chromium-driver-4.1.2.jar;C:\Users\ASUS\.m2\repository\org\seleniumhq\selenium\selenium-firefox-driver\4.1.2\selenium-firefox-driver-4.1.2.jar;C:\Users\ASUS\.m2\repository\org\seleniumhq\selenium\selenium-edge-driver\4.1.2\selenium-edge-driver-4.1.2.jar;C:\Users\ASUS\.m2\repository\org\seleniumhq\selenium\selenium-ie-driver\4.1.2\selenium-ie-driver-4.1.2.jar;C:\Users\ASUS\.m2\repository\org\projectlombok\lombok\1.18.20\lombok-1.18.20.jar;C:\Users\ASUS\.m2\repository\io\appium\java-client\8.0.0\java-client-8.0.0.jar;C:\Users\ASUS\.m2\repository\commons-validator\commons-validator\1.7\commons-validator-1.7.jar;C:\Users\ASUS\.m2\repository\commons-digester\commons-digester\2.1\commons-digester-2.1.jar;C:\Users\ASUS\.m2\repository\org\aspectj\aspectjweaver\1.9.8\aspectjweaver-1.9.8.jar;C:\Users\ASUS\.m2\repository\org\codehaus\groovy\groovy\3.0.10\groovy-3.0.10.jar;C:\Users\ASUS\.m2\repository\net\sf\opencsv\opencsv\2.0\opencsv-2.0.jar;C:\Users\ASUS\.m2\repository\commons-beanutils\commons-beanutils\1.9.4\commons-beanutils-1.9.4.jar;C:\Users\ASUS\.m2\repository\org\apache\commons\commons-lang3\3.12.0\commons-lang3-3.12.0.jar;C:\Users\ASUS\.m2\repository\commons-collections\commons-collections\3.2.2\commons-collections-3.2.2.jar;C:\Users\ASUS\.m2\repository\org\fluentlenium\fluentlenium-core\0.10.2\fluentlenium-core-0.10.2.jar;C:\Users\ASUS\.m2\repository\io\github\bonigarcia\webdrivermanager\5.1.0\webdrivermanager-5.1.0.jar;C:\Users\ASUS\.m2\repository\com\github\docker-java\docker-java\3.2.13\docker-java-3.2.13.jar;C:\Users\ASUS\.m2\repository\com\github\docker-java\docker-java-core\3.2.13\docker-java-core-3.2.13.jar;C:\Users\ASUS\.m2\repository\com\github\docker-java\docker-java-api\3.2.13\docker-java-api-3.2.13.jar;C:\Users\ASUS\.m2\repository\org\apache\commons\commons-compress\1.21\commons-compress-1.21.jar;C:\Users\ASUS\.m2\repository\org\bouncycastle\bcpkix-jdk15on\1.64\bcpkix-jdk15on-1.64.jar;C:\Users\ASUS\.m2\repository\org\bouncycastle\bcprov-jdk15on\1.64\bcprov-jdk15on-1.64.jar;C:\Users\ASUS\.m2\repository\org\slf4j\jcl-over-slf4j\1.7.30\jcl-over-slf4j-1.7.30.jar;C:\Users\ASUS\.m2\repository\com\github\docker-java\docker-java-transport-httpclient5\3.2.13\docker-java-transport-httpclient5-3.2.13.jar;C:\Users\ASUS\.m2\repository\com\github\docker-java\docker-java-transport\3.2.13\docker-java-transport-3.2.13.jar;C:\Users\ASUS\.m2\repository\org\apache\httpcomponents\client5\httpclient5\5.0.3\httpclient5-5.0.3.jar;C:\Users\ASUS\.m2\repository\org\apache\httpcomponents\core5\httpcore5\5.0.2\httpcore5-5.0.2.jar;C:\Users\ASUS\.m2\repository\net\java\dev\jna\jna\5.8.0\jna-5.8.0.jar;C:\Users\ASUS\.m2\repository\org\brotli\dec\0.1.2\dec-0.1.2.jar;C:\Users\ASUS\.m2\repository\com\jhlabs\filters\2.0.235\filters-2.0.235.jar;C:\Users\ASUS\.m2\repository\com\paulhammant\ngwebdriver\1.1.6\ngwebdriver-1.1.6.jar;C:\Users\ASUS\.m2\repository\joda-time\joda-time\2.8.2\joda-time-2.8.2.jar;C:\Users\ASUS\.m2\repository\org\hamcrest\hamcrest\2.2\hamcrest-2.2.jar;C:\Users\ASUS\.m2\repository\com\google\jimfs\jimfs\1.2\jimfs-1.2.jar;C:\Users\ASUS\.m2\repository\org\mockito\mockito-core\3.3.3\mockito-core-3.3.3.jar;C:\Users\ASUS\.m2\repository\javax\xml\bind\jaxb-api\2.3.1\jaxb-api-2.3.1.jar;C:\Users\ASUS\.m2\repository\javax\activation\javax.activation-api\1.2.0\javax.activation-api-1.2.0.jar;C:\Users\ASUS\.m2\repository\com\sun\xml\bind\jaxb-core\2.3.0.1\jaxb-core-2.3.0.1.jar;C:\Users\ASUS\.m2\repository\com\sun\xml\bind\jaxb-impl\2.3.3\jaxb-impl-2.3.3.jar;C:\Users\ASUS\.m2\repository\jakarta\xml\bind\jakarta.xml.bind-api\2.3.3\jakarta.xml.bind-api-2.3.3.jar;C:\Users\ASUS\.m2\repository\com\sun\activation\jakarta.activation\1.2.2\jakarta.activation-1.2.2.jar;C:\Users\ASUS\.m2\repository\javax\activation\activation\1.1.1\activation-1.1.1.jar;C:\Users\ASUS\.m2\repository\net\serenity-bdd\serenity-cucumber\3.2.1\serenity-cucumber-3.2.1.jar;C:\Users\ASUS\.m2\repository\io\cucumber\cucumber-core\7.2.3\cucumber-core-7.2.3.jar;C:\Users\ASUS\.m2\repository\io\cucumber\cucumber-gherkin\7.2.3\cucumber-gherkin-7.2.3.jar;C:\Users\ASUS\.m2\repository\io\cucumber\cucumber-gherkin-messages\7.2.3\cucumber-gherkin-messages-7.2.3.jar;C:\Users\ASUS\.m2\repository\io\cucumber\messages\17.1.1\messages-17.1.1.jar;C:\Users\ASUS\.m2\repository\io\cucumber\tag-expressions\4.1.0\tag-expressions-4.1.0.jar;C:\Users\ASUS\.m2\repository\io\cucumber\cucumber-expressions\15.0.1\cucumber-expressions-15.0.1.jar;C:\Users\ASUS\.m2\repository\io\cucumber\datatable\7.2.3\datatable-7.2.3.jar;C:\Users\ASUS\.m2\repository\io\cucumber\cucumber-plugin\7.2.3\cucumber-plugin-7.2.3.jar;C:\Users\ASUS\.m2\repository\io\cucumber\docstring\7.2.3\docstring-7.2.3.jar;C:\Users\ASUS\.m2\repository\io\cucumber\html-formatter\17.0.0\html-formatter-17.0.0.jar;C:\Users\ASUS\.m2\repository\io\cucumber\ci-environment\8.1.0\ci-environment-8.1.0.jar;C:\Users\ASUS\.m2\repository\io\cucumber\cucumber-junit\7.2.3\cucumber-junit-7.2.3.jar;C:\Users\ASUS\.m2\repository\org\apache\commons\commons-csv\1.5\commons-csv-1.5.jar;C:\Users\ASUS\.m2\repository\net\serenity-bdd\serenity-screenplay\3.2.1\serenity-screenplay-3.2.1.jar;C:\Users\ASUS\.m2\repository\net\serenity-bdd\serenity-screenplay-webdriver\3.2.1\serenity-screenplay-webdriver-3.2.1.jar;C:\Users\ASUS\.m2\repository\net\serenity-bdd\serenity-ensure\3.2.1\serenity-ensure-3.2.1.jar;C:\Users\ASUS\.m2\repository\net\serenity-bdd\serenity-junit\3.2.1\serenity-junit-3.2.1.jar;C:\Users\ASUS\.m2\repository\org\jetbrains\kotlin\kotlin-stdlib\1.6.0\kotlin-stdlib-1.6.0.jar;C:\Users\ASUS\.m2\repository\org\jetbrains\annotations\13.0\annotations-13.0.jar;C:\Users\ASUS\.m2\repository\org\jetbrains\kotlin\kotlin-stdlib-common\1.6.0\kotlin-stdlib-common-1.6.0.jar;C:\Users\ASUS\.m2\repository\org\junit\platform\junit-platform-launcher\1.8.1\junit-platform-launcher-1.8.1.jar;C:\Users\ASUS\.m2\repository\org\junit\platform\junit-platform-engine\1.8.1\junit-platform-engine-1.8.1.jar;C:\Users\ASUS\.m2\repository\org\opentest4j\opentest4j\1.2.0\opentest4j-1.2.0.jar;C:\Users\ASUS\.m2\repository\org\junit\platform\junit-platform-commons\1.8.1\junit-platform-commons-1.8.1.jar;C:\Users\ASUS\.m2\repository\org\apiguardian\apiguardian-api\1.1.2\apiguardian-api-1.1.2.jar;C:\Users\ASUS\.m2\repository\org\junit\jupiter\junit-jupiter-engine\5.8.2\junit-jupiter-engine-5.8.2.jar;C:\Users\ASUS\.m2\repository\org\junit\jupiter\junit-jupiter-api\5.8.2\junit-jupiter-api-5.8.2.jar;C:\Users\ASUS\.m2\repository\org\junit\vintage\junit-vintage-engine\5.8.2\junit-vintage-engine-5.8.2.jar;C:\Users\ASUS\.m2\repository\junit\junit\4.13.2\junit-4.13.2.jar;C:\Users\ASUS\.m2\repository\org\hamcrest\hamcrest-core\1.3\hamcrest-core-1.3.jar;C:\Users\ASUS\.m2\repository\ch\qos\logback\logback-classic\1.2.10\logback-classic-1.2.10.jar;C:\Users\ASUS\.m2\repository\ch\qos\logback\logback-core\1.2.10\logback-core-1.2.10.jar;C:\Users\ASUS\.m2\repository\org\slf4j\slf4j-api\1.7.32\slf4j-api-1.7.32.jar;C:\Users\ASUS\.m2\repository\org\assertj\assertj-core\3.6.2\assertj-core-3.6.2.jar;"/>
    <property name="java.vm.vendor" value="Oracle Corporation"/>
    <property name="sun.arch.data.model" value="64"/>
    <property name="user.variant" value=""/>
    <property name="java.vendor.url" value="https://java.oracle.com/"/>
    <property name="user.timezone" value="Asia/Jakarta"/>
    <property name="log4j2.formatMsgNoLookups" value="true"/>
    <property name="os.name" value="Windows 10"/>
    <property name="java.vm.specification.version" value="15"/>
    <property name="sun.java.launcher" value="SUN_STANDARD"/>
    <property name="user.country" value="ID"/>
    <property name="sun.boot.library.path" value="C:\Program Files\Java\jdk-15.0.2\bin"/>
    <property name="sun.java.command" value="org.apache.maven.surefire.booter.ForkedBooter C:\Users\ASUS\AppData\Local\Temp\surefire14989540583696858397 2022-03-30T12-42-45_859-jvmRun1 surefire8620933597257365493tmp surefire_016983089676616664270tmp"/>
    <property name="jdk.debug" value="release"/>
    <property name="surefire.test.class.path" value="D:\PERKULIAHAN\Semester 6,Hebatt glad!\Altera\New folder\Serenity_Gladys\target\test-classes;C:\Users\ASUS\.m2\repository\net\serenity-bdd\serenity-core\3.2.1\serenity-core-3.2.1.jar;C:\Users\ASUS\.m2\repository\net\serenity-bdd\serenity-model\3.2.1\serenity-model-3.2.1.jar;C:\Users\ASUS\.m2\repository\org\apache\commons\commons-text\1.9\commons-text-1.9.jar;C:\Users\ASUS\.m2\repository\commons-net\commons-net\3.8.0\commons-net-3.8.0.jar;C:\Users\ASUS\.m2\repository\com\google\guava\guava\31.1-jre\guava-31.1-jre.jar;C:\Users\ASUS\.m2\repository\com\google\guava\failureaccess\1.0.1\failureaccess-1.0.1.jar;C:\Users\ASUS\.m2\repository\com\google\guava\listenablefuture\9999.0-empty-to-avoid-conflict-with-guava\listenablefuture-9999.0-empty-to-avoid-conflict-with-guava.jar;C:\Users\ASUS\.m2\repository\com\google\code\findbugs\jsr305\3.0.2\jsr305-3.0.2.jar;C:\Users\ASUS\.m2\repository\org\checkerframework\checker-qual\3.12.0\checker-qual-3.12.0.jar;C:\Users\ASUS\.m2\repository\com\google\errorprone\error_prone_annotations\2.11.0\error_prone_annotations-2.11.0.jar;C:\Users\ASUS\.m2\repository\com\google\j2objc\j2objc-annotations\1.3\j2objc-annotations-1.3.jar;C:\Users\ASUS\.m2\repository\com\google\inject\guice\5.1.0\guice-5.1.0.jar;C:\Users\ASUS\.m2\repository\javax\inject\javax.inject\1\javax.inject-1.jar;C:\Users\ASUS\.m2\repository\aopalliance\aopalliance\1.0\aopalliance-1.0.jar;C:\Users\ASUS\.m2\repository\org\jsoup\jsoup\1.14.3\jsoup-1.14.3.jar;C:\Users\ASUS\.m2\repository\com\thoughtworks\xstream\xstream\1.4.19\xstream-1.4.19.jar;C:\Users\ASUS\.m2\repository\io\github\x-stream\mxparser\1.2.2\mxparser-1.2.2.jar;C:\Users\ASUS\.m2\repository\xmlpull\xmlpull\1.1.3.1\xmlpull-1.1.3.1.jar;C:\Users\ASUS\.m2\repository\io\cucumber\cucumber-java\7.2.3\cucumber-java-7.2.3.jar;C:\Users\ASUS\.m2\repository\com\typesafe\config\1.4.2\config-1.4.2.jar;C:\Users\ASUS\.m2\repository\org\imgscalr\imgscalr-lib\4.2\imgscalr-lib-4.2.jar;C:\Users\ASUS\.m2\repository\org\awaitility\awaitility\4.2.0\awaitility-4.2.0.jar;C:\Users\ASUS\.m2\repository\org\freemarker\freemarker\2.3.31\freemarker-2.3.31.jar;C:\Users\ASUS\.m2\repository\io\github\classgraph\classgraph\4.8.138\classgraph-4.8.138.jar;C:\Users\ASUS\.m2\repository\net\sourceforge\jexcelapi\jxl\2.6.12\jxl-2.6.12.jar;C:\Users\ASUS\.m2\repository\net\bytebuddy\byte-buddy\1.12.8\byte-buddy-1.12.8.jar;C:\Users\ASUS\.m2\repository\net\bytebuddy\byte-buddy-agent\1.12.8\byte-buddy-agent-1.12.8.jar;C:\Users\ASUS\.m2\repository\org\objenesis\objenesis\3.1\objenesis-3.1.jar;C:\Users\ASUS\.m2\repository\net\serenity-bdd\serenity-reports\3.2.1\serenity-reports-3.2.1.jar;C:\Users\ASUS\.m2\repository\net\serenity-bdd\serenity-stats\3.2.1\serenity-stats-3.2.1.jar;C:\Users\ASUS\.m2\repository\net\serenity-bdd\serenity-reports-configuration\3.2.1\serenity-reports-configuration-3.2.1.jar;C:\Users\ASUS\.m2\repository\com\vladsch\flexmark\flexmark-all\0.34.30\flexmark-all-0.34.30.jar;C:\Users\ASUS\.m2\repository\com\vladsch\flexmark\flexmark\0.34.30\flexmark-0.34.30.jar;C:\Users\ASUS\.m2\repository\com\vladsch\flexmark\flexmark-ext-abbreviation\0.34.30\flexmark-ext-abbreviation-0.34.30.jar;C:\Users\ASUS\.m2\repository\com\vladsch\flexmark\flexmark-ext-admonition\0.34.30\flexmark-ext-admonition-0.34.30.jar;C:\Users\ASUS\.m2\repository\com\vladsch\flexmark\flexmark-ext-anchorlink\0.34.30\flexmark-ext-anchorlink-0.34.30.jar;C:\Users\ASUS\.m2\repository\com\vladsch\flexmark\flexmark-ext-aside\0.34.30\flexmark-ext-aside-0.34.30.jar;C:\Users\ASUS\.m2\repository\com\vladsch\flexmark\flexmark-ext-attributes\0.34.30\flexmark-ext-attributes-0.34.30.jar;C:\Users\ASUS\.m2\repository\com\vladsch\flexmark\flexmark-ext-autolink\0.34.30\flexmark-ext-autolink-0.34.30.jar;C:\Users\ASUS\.m2\repository\org\nibor\autolink\autolink\0.6.0\autolink-0.6.0.jar;C:\Users\ASUS\.m2\repository\com\vladsch\flexmark\flexmark-ext-definition\0.34.30\flexmark-ext-definition-0.34.30.jar;C:\Users\ASUS\.m2\repository\com\vladsch\flexmark\flexmark-ext-emoji\0.34.30\flexmark-ext-emoji-0.34.30.jar;C:\Users\ASUS\.m2\repository\com\vladsch\flexmark\flexmark-ext-enumerated-reference\0.34.30\flexmark-ext-enumerated-reference-0.34.30.jar;C:\Users\ASUS\.m2\repository\com\vladsch\flexmark\flexmark-ext-escaped-character\0.34.30\flexmark-ext-escaped-character-0.34.30.jar;C:\Users\ASUS\.m2\repository\com\vladsch\flexmark\flexmark-ext-footnotes\0.34.30\flexmark-ext-footnotes-0.34.30.jar;C:\Users\ASUS\.m2\repository\com\vladsch\flexmark\flexmark-ext-gfm-issues\0.34.30\flexmark-ext-gfm-issues-0.34.30.jar;C:\Users\ASUS\.m2\repository\com\vladsch\flexmark\flexmark-ext-gfm-strikethrough\0.34.30\flexmark-ext-gfm-strikethrough-0.34.30.jar;C:\Users\ASUS\.m2\repository\com\vladsch\flexmark\flexmark-ext-gfm-tables\0.34.30\flexmark-ext-gfm-tables-0.34.30.jar;C:\Users\ASUS\.m2\repository\com\vladsch\flexmark\flexmark-ext-gfm-tasklist\0.34.30\flexmark-ext-gfm-tasklist-0.34.30.jar;C:\Users\ASUS\.m2\repository\com\vladsch\flexmark\flexmark-ext-gfm-users\0.34.30\flexmark-ext-gfm-users-0.34.30.jar;C:\Users\ASUS\.m2\repository\com\vladsch\flexmark\flexmark-ext-gitlab\0.34.30\flexmark-ext-gitlab-0.34.30.jar;C:\Users\ASUS\.m2\repository\com\vladsch\flexmark\flexmark-ext-jekyll-front-matter\0.34.30\flexmark-ext-jekyll-front-matter-0.34.30.jar;C:\Users\ASUS\.m2\repository\com\vladsch\flexmark\flexmark-ext-jekyll-tag\0.34.30\flexmark-ext-jekyll-tag-0.34.30.jar;C:\Users\ASUS\.m2\repository\com\vladsch\flexmark\flexmark-ext-media-tags\0.34.30\flexmark-ext-media-tags-0.34.30.jar;C:\Users\ASUS\.m2\repository\com\vladsch\flexmark\flexmark-test-util\0.34.30\flexmark-test-util-0.34.30.jar;C:\Users\ASUS\.m2\repository\com\vladsch\flexmark\flexmark-ext-ins\0.34.30\flexmark-ext-ins-0.34.30.jar;C:\Users\ASUS\.m2\repository\com\vladsch\flexmark\flexmark-ext-xwiki-macros\0.34.30\flexmark-ext-xwiki-macros-0.34.30.jar;C:\Users\ASUS\.m2\repository\com\vladsch\flexmark\flexmark-ext-superscript\0.34.30\flexmark-ext-superscript-0.34.30.jar;C:\Users\ASUS\.m2\repository\com\vladsch\flexmark\flexmark-ext-tables\0.34.30\flexmark-ext-tables-0.34.30.jar;C:\Users\ASUS\.m2\repository\com\vladsch\flexmark\flexmark-ext-toc\0.34.30\flexmark-ext-toc-0.34.30.jar;C:\Users\ASUS\.m2\repository\com\vladsch\flexmark\flexmark-ext-typographic\0.34.30\flexmark-ext-typographic-0.34.30.jar;C:\Users\ASUS\.m2\repository\com\vladsch\flexmark\flexmark-ext-wikilink\0.34.30\flexmark-ext-wikilink-0.34.30.jar;C:\Users\ASUS\.m2\repository\com\vladsch\flexmark\flexmark-ext-yaml-front-matter\0.34.30\flexmark-ext-yaml-front-matter-0.34.30.jar;C:\Users\ASUS\.m2\repository\com\vladsch\flexmark\flexmark-ext-youtube-embedded\0.34.30\flexmark-ext-youtube-embedded-0.34.30.jar;C:\Users\ASUS\.m2\repository\com\vladsch\flexmark\flexmark-formatter\0.34.30\flexmark-formatter-0.34.30.jar;C:\Users\ASUS\.m2\repository\com\vladsch\flexmark\flexmark-html-parser\0.34.30\flexmark-html-parser-0.34.30.jar;C:\Users\ASUS\.m2\repository\com\vladsch\flexmark\flexmark-jira-converter\0.34.30\flexmark-jira-converter-0.34.30.jar;C:\Users\ASUS\.m2\repository\com\vladsch\flexmark\flexmark-pdf-converter\0.34.30\flexmark-pdf-converter-0.34.30.jar;C:\Users\ASUS\.m2\repository\com\openhtmltopdf\openhtmltopdf-core\0.0.1-RC13\openhtmltopdf-core-0.0.1-RC13.jar;C:\Users\ASUS\.m2\repository\com\openhtmltopdf\openhtmltopdf-pdfbox\0.0.1-RC13\openhtmltopdf-pdfbox-0.0.1-RC13.jar;C:\Users\ASUS\.m2\repository\org\apache\pdfbox\pdfbox\2.0.8\pdfbox-2.0.8.jar;C:\Users\ASUS\.m2\repository\org\apache\pdfbox\fontbox\2.0.8\fontbox-2.0.8.jar;C:\Users\ASUS\.m2\repository\commons-logging\commons-logging\1.2\commons-logging-1.2.jar;C:\Users\ASUS\.m2\repository\org\apache\pdfbox\xmpbox\2.0.8\xmpbox-2.0.8.jar;C:\Users\ASUS\.m2\repository\de\rototor\pdfbox\graphics2d\0.12\graphics2d-0.12.jar;C:\Users\ASUS\.m2\repository\com\openhtmltopdf\openhtmltopdf-rtl-support\0.0.1-RC13\openhtmltopdf-rtl-support-0.0.1-RC13.jar;C:\Users\ASUS\.m2\repository\com\ibm\icu\icu4j\59.1\icu4j-59.1.jar;C:\Users\ASUS\.m2\repository\com\openhtmltopdf\openhtmltopdf-jsoup-dom-converter\0.0.1-RC13\openhtmltopdf-jsoup-dom-converter-0.0.1-RC13.jar;C:\Users\ASUS\.m2\repository\com\vladsch\flexmark\flexmark-profile-pegdown\0.34.30\flexmark-profile-pegdown-0.34.30.jar;C:\Users\ASUS\.m2\repository\com\vladsch\flexmark\flexmark-util\0.34.30\flexmark-util-0.34.30.jar;C:\Users\ASUS\.m2\repository\com\vladsch\flexmark\flexmark-youtrack-converter\0.34.30\flexmark-youtrack-converter-0.34.30.jar;C:\Users\ASUS\.m2\repository\es\nitaur\markdown\txtmark\0.16\txtmark-0.16.jar;C:\Users\ASUS\.m2\repository\net\serenity-bdd\serenity-report-resources\3.2.1\serenity-report-resources-3.2.1.jar;C:\Users\ASUS\.m2\repository\com\google\code\gson\gson\2.9.0\gson-2.9.0.jar;C:\Users\ASUS\.m2\repository\com\fasterxml\jackson\core\jackson-core\2.13.2\jackson-core-2.13.2.jar;C:\Users\ASUS\.m2\repository\com\fasterxml\jackson\core\jackson-databind\2.13.2\jackson-databind-2.13.2.jar;C:\Users\ASUS\.m2\repository\com\fasterxml\jackson\core\jackson-annotations\2.13.2\jackson-annotations-2.13.2.jar;C:\Users\ASUS\.m2\repository\commons-codec\commons-codec\1.15\commons-codec-1.15.jar;C:\Users\ASUS\.m2\repository\commons-io\commons-io\2.11.0\commons-io-2.11.0.jar;C:\Users\ASUS\.m2\repository\org\seleniumhq\selenium\selenium-java\4.1.2\selenium-java-4.1.2.jar;C:\Users\ASUS\.m2\repository\org\seleniumhq\selenium\selenium-devtools-v85\4.1.2\selenium-devtools-v85-4.1.2.jar;C:\Users\ASUS\.m2\repository\org\seleniumhq\selenium\selenium-devtools-v95\4.1.2\selenium-devtools-v95-4.1.2.jar;C:\Users\ASUS\.m2\repository\org\seleniumhq\selenium\selenium-devtools-v96\4.1.2\selenium-devtools-v96-4.1.2.jar;C:\Users\ASUS\.m2\repository\org\seleniumhq\selenium\selenium-devtools-v97\4.1.2\selenium-devtools-v97-4.1.2.jar;C:\Users\ASUS\.m2\repository\org\seleniumhq\selenium\selenium-firefox-xpi-driver\4.1.2\selenium-firefox-xpi-driver-4.1.2.jar;C:\Users\ASUS\.m2\repository\org\seleniumhq\selenium\selenium-opera-driver\4.1.2\selenium-opera-driver-4.1.2.jar;C:\Users\ASUS\.m2\repository\org\seleniumhq\selenium\selenium-remote-driver\4.1.2\selenium-remote-driver-4.1.2.jar;C:\Users\ASUS\.m2\repository\com\beust\jcommander\1.82\jcommander-1.82.jar;C:\Users\ASUS\.m2\repository\io\netty\netty-buffer\4.1.73.Final\netty-buffer-4.1.73.Final.jar;C:\Users\ASUS\.m2\repository\io\netty\netty-codec-http\4.1.73.Final\netty-codec-http-4.1.73.Final.jar;C:\Users\ASUS\.m2\repository\io\netty\netty-codec\4.1.73.Final\netty-codec-4.1.73.Final.jar;C:\Users\ASUS\.m2\repository\io\netty\netty-handler\4.1.73.Final\netty-handler-4.1.73.Final.jar;C:\Users\ASUS\.m2\repository\io\netty\netty-tcnative-classes\2.0.46.Final\netty-tcnative-classes-2.0.46.Final.jar;C:\Users\ASUS\.m2\repository\io\netty\netty-common\4.1.73.Final\netty-common-4.1.73.Final.jar;C:\Users\ASUS\.m2\repository\io\netty\netty-transport-classes-epoll\4.1.73.Final\netty-transport-classes-epoll-4.1.73.Final.jar;C:\Users\ASUS\.m2\repository\io\netty\netty-transport-classes-kqueue\4.1.73.Final\netty-transport-classes-kqueue-4.1.73.Final.jar;C:\Users\ASUS\.m2\repository\io\netty\netty-transport-native-epoll\4.1.73.Final\netty-transport-native-epoll-4.1.73.Final.jar;C:\Users\ASUS\.m2\repository\io\netty\netty-transport-native-kqueue\4.1.73.Final\netty-transport-native-kqueue-4.1.73.Final.jar;C:\Users\ASUS\.m2\repository\io\netty\netty-transport-native-unix-common\4.1.73.Final\netty-transport-native-unix-common-4.1.73.Final.jar;C:\Users\ASUS\.m2\repository\io\netty\netty-transport\4.1.73.Final\netty-transport-4.1.73.Final.jar;C:\Users\ASUS\.m2\repository\io\netty\netty-resolver\4.1.73.Final\netty-resolver-4.1.73.Final.jar;C:\Users\ASUS\.m2\repository\io\opentelemetry\opentelemetry-api\1.10.1\opentelemetry-api-1.10.1.jar;C:\Users\ASUS\.m2\repository\io\opentelemetry\opentelemetry-context\1.10.1\opentelemetry-context-1.10.1.jar;C:\Users\ASUS\.m2\repository\io\opentelemetry\opentelemetry-exporter-logging\1.10.1\opentelemetry-exporter-logging-1.10.1.jar;C:\Users\ASUS\.m2\repository\io\opentelemetry\opentelemetry-sdk-metrics\1.10.1-alpha\opentelemetry-sdk-metrics-1.10.1-alpha.jar;C:\Users\ASUS\.m2\repository\io\opentelemetry\opentelemetry-sdk-logs\1.10.1-alpha\opentelemetry-sdk-logs-1.10.1-alpha.jar;C:\Users\ASUS\.m2\repository\io\opentelemetry\opentelemetry-sdk-common\1.10.1\opentelemetry-sdk-common-1.10.1.jar;C:\Users\ASUS\.m2\repository\io\opentelemetry\opentelemetry-sdk-extension-autoconfigure-spi\1.10.1\opentelemetry-sdk-extension-autoconfigure-spi-1.10.1.jar;C:\Users\ASUS\.m2\repository\io\opentelemetry\opentelemetry-sdk-extension-autoconfigure\1.10.1-alpha\opentelemetry-sdk-extension-autoconfigure-1.10.1-alpha.jar;C:\Users\ASUS\.m2\repository\io\opentelemetry\opentelemetry-sdk-trace\1.10.1\opentelemetry-sdk-trace-1.10.1.jar;C:\Users\ASUS\.m2\repository\io\opentelemetry\opentelemetry-sdk\1.10.1\opentelemetry-sdk-1.10.1.jar;C:\Users\ASUS\.m2\repository\io\opentelemetry\opentelemetry-semconv\1.10.1-alpha\opentelemetry-semconv-1.10.1-alpha.jar;C:\Users\ASUS\.m2\repository\io\ous\jtoml\2.0.0\jtoml-2.0.0.jar;C:\Users\ASUS\.m2\repository\org\apache\commons\commons-exec\1.3\commons-exec-1.3.jar;C:\Users\ASUS\.m2\repository\org\asynchttpclient\async-http-client\2.12.3\async-http-client-2.12.3.jar;C:\Users\ASUS\.m2\repository\org\asynchttpclient\async-http-client-netty-utils\2.12.3\async-http-client-netty-utils-2.12.3.jar;C:\Users\ASUS\.m2\repository\io\netty\netty-codec-socks\4.1.60.Final\netty-codec-socks-4.1.60.Final.jar;C:\Users\ASUS\.m2\repository\io\netty\netty-handler-proxy\4.1.60.Final\netty-handler-proxy-4.1.60.Final.jar;C:\Users\ASUS\.m2\repository\io\netty\netty-transport-native-epoll\4.1.60.Final\netty-transport-native-epoll-4.1.60.Final-linux-x86_64.jar;C:\Users\ASUS\.m2\repository\io\netty\netty-transport-native-kqueue\4.1.60.Final\netty-transport-native-kqueue-4.1.60.Final-osx-x86_64.jar;C:\Users\ASUS\.m2\repository\org\reactivestreams\reactive-streams\1.0.3\reactive-streams-1.0.3.jar;C:\Users\ASUS\.m2\repository\com\typesafe\netty\netty-reactive-streams\2.0.4\netty-reactive-streams-2.0.4.jar;C:\Users\ASUS\.m2\repository\org\seleniumhq\selenium\selenium-http\4.1.2\selenium-http-4.1.2.jar;C:\Users\ASUS\.m2\repository\net\jodah\failsafe\2.4.4\failsafe-2.4.4.jar;C:\Users\ASUS\.m2\repository\org\seleniumhq\selenium\selenium-safari-driver\4.1.2\selenium-safari-driver-4.1.2.jar;C:\Users\ASUS\.m2\repository\org\seleniumhq\selenium\selenium-api\4.1.2\selenium-api-4.1.2.jar;C:\Users\ASUS\.m2\repository\org\seleniumhq\selenium\selenium-support\4.1.2\selenium-support-4.1.2.jar;C:\Users\ASUS\.m2\repository\com\google\auto\service\auto-service-annotations\1.0.1\auto-service-annotations-1.0.1.jar;C:\Users\ASUS\.m2\repository\com\google\auto\service\auto-service\1.0.1\auto-service-1.0.1.jar;C:\Users\ASUS\.m2\repository\com\google\auto\auto-common\1.2\auto-common-1.2.jar;C:\Users\ASUS\.m2\repository\org\seleniumhq\selenium\selenium-json\4.1.2\selenium-json-4.1.2.jar;C:\Users\ASUS\.m2\repository\org\seleniumhq\selenium\selenium-chrome-driver\4.1.2\selenium-chrome-driver-4.1.2.jar;C:\Users\ASUS\.m2\repository\org\seleniumhq\selenium\selenium-chromium-driver\4.1.2\selenium-chromium-driver-4.1.2.jar;C:\Users\ASUS\.m2\repository\org\seleniumhq\selenium\selenium-firefox-driver\4.1.2\selenium-firefox-driver-4.1.2.jar;C:\Users\ASUS\.m2\repository\org\seleniumhq\selenium\selenium-edge-driver\4.1.2\selenium-edge-driver-4.1.2.jar;C:\Users\ASUS\.m2\repository\org\seleniumhq\selenium\selenium-ie-driver\4.1.2\selenium-ie-driver-4.1.2.jar;C:\Users\ASUS\.m2\repository\org\projectlombok\lombok\1.18.20\lombok-1.18.20.jar;C:\Users\ASUS\.m2\repository\io\appium\java-client\8.0.0\java-client-8.0.0.jar;C:\Users\ASUS\.m2\repository\commons-validator\commons-validator\1.7\commons-validator-1.7.jar;C:\Users\ASUS\.m2\repository\commons-digester\commons-digester\2.1\commons-digester-2.1.jar;C:\Users\ASUS\.m2\repository\org\aspectj\aspectjweaver\1.9.8\aspectjweaver-1.9.8.jar;C:\Users\ASUS\.m2\repository\org\codehaus\groovy\groovy\3.0.10\groovy-3.0.10.jar;C:\Users\ASUS\.m2\repository\net\sf\opencsv\opencsv\2.0\opencsv-2.0.jar;C:\Users\ASUS\.m2\repository\commons-beanutils\commons-beanutils\1.9.4\commons-beanutils-1.9.4.jar;C:\Users\ASUS\.m2\repository\org\apache\commons\commons-lang3\3.12.0\commons-lang3-3.12.0.jar;C:\Users\ASUS\.m2\repository\commons-collections\commons-collections\3.2.2\commons-collections-3.2.2.jar;C:\Users\ASUS\.m2\repository\org\fluentlenium\fluentlenium-core\0.10.2\fluentlenium-core-0.10.2.jar;C:\Users\ASUS\.m2\repository\io\github\bonigarcia\webdrivermanager\5.1.0\webdrivermanager-5.1.0.jar;C:\Users\ASUS\.m2\repository\com\github\docker-java\docker-java\3.2.13\docker-java-3.2.13.jar;C:\Users\ASUS\.m2\repository\com\github\docker-java\docker-java-core\3.2.13\docker-java-core-3.2.13.jar;C:\Users\ASUS\.m2\repository\com\github\docker-java\docker-java-api\3.2.13\docker-java-api-3.2.13.jar;C:\Users\ASUS\.m2\repository\org\apache\commons\commons-compress\1.21\commons-compress-1.21.jar;C:\Users\ASUS\.m2\repository\org\bouncycastle\bcpkix-jdk15on\1.64\bcpkix-jdk15on-1.64.jar;C:\Users\ASUS\.m2\repository\org\bouncycastle\bcprov-jdk15on\1.64\bcprov-jdk15on-1.64.jar;C:\Users\ASUS\.m2\repository\org\slf4j\jcl-over-slf4j\1.7.30\jcl-over-slf4j-1.7.30.jar;C:\Users\ASUS\.m2\repository\com\github\docker-java\docker-java-transport-httpclient5\3.2.13\docker-java-transport-httpclient5-3.2.13.jar;C:\Users\ASUS\.m2\repository\com\github\docker-java\docker-java-transport\3.2.13\docker-java-transport-3.2.13.jar;C:\Users\ASUS\.m2\repository\org\apache\httpcomponents\client5\httpclient5\5.0.3\httpclient5-5.0.3.jar;C:\Users\ASUS\.m2\repository\org\apache\httpcomponents\core5\httpcore5\5.0.2\httpcore5-5.0.2.jar;C:\Users\ASUS\.m2\repository\net\java\dev\jna\jna\5.8.0\jna-5.8.0.jar;C:\Users\ASUS\.m2\repository\org\brotli\dec\0.1.2\dec-0.1.2.jar;C:\Users\ASUS\.m2\repository\com\jhlabs\filters\2.0.235\filters-2.0.235.jar;C:\Users\ASUS\.m2\repository\com\paulhammant\ngwebdriver\1.1.6\ngwebdriver-1.1.6.jar;C:\Users\ASUS\.m2\repository\joda-time\joda-time\2.8.2\joda-time-2.8.2.jar;C:\Users\ASUS\.m2\repository\org\hamcrest\hamcrest\2.2\hamcrest-2.2.jar;C:\Users\ASUS\.m2\repository\com\google\jimfs\jimfs\1.2\jimfs-1.2.jar;C:\Users\ASUS\.m2\repository\org\mockito\mockito-core\3.3.3\mockito-core-3.3.3.jar;C:\Users\ASUS\.m2\repository\javax\xml\bind\jaxb-api\2.3.1\jaxb-api-2.3.1.jar;C:\Users\ASUS\.m2\repository\javax\activation\javax.activation-api\1.2.0\javax.activation-api-1.2.0.jar;C:\Users\ASUS\.m2\repository\com\sun\xml\bind\jaxb-core\2.3.0.1\jaxb-core-2.3.0.1.jar;C:\Users\ASUS\.m2\repository\com\sun\xml\bind\jaxb-impl\2.3.3\jaxb-impl-2.3.3.jar;C:\Users\ASUS\.m2\repository\jakarta\xml\bind\jakarta.xml.bind-api\2.3.3\jakarta.xml.bind-api-2.3.3.jar;C:\Users\ASUS\.m2\repository\com\sun\activation\jakarta.activation\1.2.2\jakarta.activation-1.2.2.jar;C:\Users\ASUS\.m2\repository\javax\activation\activation\1.1.1\activation-1.1.1.jar;C:\Users\ASUS\.m2\repository\net\serenity-bdd\serenity-cucumber\3.2.1\serenity-cucumber-3.2.1.jar;C:\Users\ASUS\.m2\repository\io\cucumber\cucumber-core\7.2.3\cucumber-core-7.2.3.jar;C:\Users\ASUS\.m2\repository\io\cucumber\cucumber-gherkin\7.2.3\cucumber-gherkin-7.2.3.jar;C:\Users\ASUS\.m2\repository\io\cucumber\cucumber-gherkin-messages\7.2.3\cucumber-gherkin-messages-7.2.3.jar;C:\Users\ASUS\.m2\repository\io\cucumber\messages\17.1.1\messages-17.1.1.jar;C:\Users\ASUS\.m2\repository\io\cucumber\tag-expressions\4.1.0\tag-expressions-4.1.0.jar;C:\Users\ASUS\.m2\repository\io\cucumber\cucumber-expressions\15.0.1\cucumber-expressions-15.0.1.jar;C:\Users\ASUS\.m2\repository\io\cucumber\datatable\7.2.3\datatable-7.2.3.jar;C:\Users\ASUS\.m2\repository\io\cucumber\cucumber-plugin\7.2.3\cucumber-plugin-7.2.3.jar;C:\Users\ASUS\.m2\repository\io\cucumber\docstring\7.2.3\docstring-7.2.3.jar;C:\Users\ASUS\.m2\repository\io\cucumber\html-formatter\17.0.0\html-formatter-17.0.0.jar;C:\Users\ASUS\.m2\repository\io\cucumber\ci-environment\8.1.0\ci-environment-8.1.0.jar;C:\Users\ASUS\.m2\repository\io\cucumber\cucumber-junit\7.2.3\cucumber-junit-7.2.3.jar;C:\Users\ASUS\.m2\repository\org\apache\commons\commons-csv\1.5\commons-csv-1.5.jar;C:\Users\ASUS\.m2\repository\net\serenity-bdd\serenity-screenplay\3.2.1\serenity-screenplay-3.2.1.jar;C:\Users\ASUS\.m2\repository\net\serenity-bdd\serenity-screenplay-webdriver\3.2.1\serenity-screenplay-webdriver-3.2.1.jar;C:\Users\ASUS\.m2\repository\net\serenity-bdd\serenity-ensure\3.2.1\serenity-ensure-3.2.1.jar;C:\Users\ASUS\.m2\repository\net\serenity-bdd\serenity-junit\3.2.1\serenity-junit-3.2.1.jar;C:\Users\ASUS\.m2\repository\org\jetbrains\kotlin\kotlin-stdlib\1.6.0\kotlin-stdlib-1.6.0.jar;C:\Users\ASUS\.m2\repository\org\jetbrains\annotations\13.0\annotations-13.0.jar;C:\Users\ASUS\.m2\repository\org\jetbrains\kotlin\kotlin-stdlib-common\1.6.0\kotlin-stdlib-common-1.6.0.jar;C:\Users\ASUS\.m2\repository\org\junit\platform\junit-platform-launcher\1.8.1\junit-platform-launcher-1.8.1.jar;C:\Users\ASUS\.m2\repository\org\junit\platform\junit-platform-engine\1.8.1\junit-platform-engine-1.8.1.jar;C:\Users\ASUS\.m2\repository\org\opentest4j\opentest4j\1.2.0\opentest4j-1.2.0.jar;C:\Users\ASUS\.m2\repository\org\junit\platform\junit-platform-commons\1.8.1\junit-platform-commons-1.8.1.jar;C:\Users\ASUS\.m2\repository\org\apiguardian\apiguardian-api\1.1.2\apiguardian-api-1.1.2.jar;C:\Users\ASUS\.m2\repository\org\junit\jupiter\junit-jupiter-engine\5.8.2\junit-jupiter-engine-5.8.2.jar;C:\Users\ASUS\.m2\repository\org\junit\jupiter\junit-jupiter-api\5.8.2\junit-jupiter-api-5.8.2.jar;C:\Users\ASUS\.m2\repository\org\junit\vintage\junit-vintage-engine\5.8.2\junit-vintage-engine-5.8.2.jar;C:\Users\ASUS\.m2\repository\junit\junit\4.13.2\junit-4.13.2.jar;C:\Users\ASUS\.m2\repository\org\hamcrest\hamcrest-core\1.3\hamcrest-core-1.3.jar;C:\Users\ASUS\.m2\repository\ch\qos\logback\logback-classic\1.2.10\logback-classic-1.2.10.jar;C:\Users\ASUS\.m2\repository\ch\qos\logback\logback-core\1.2.10\logback-core-1.2.10.jar;C:\Users\ASUS\.m2\repository\org\slf4j\slf4j-api\1.7.32\slf4j-api-1.7.32.jar;C:\Users\ASUS\.m2\repository\org\assertj\assertj-core\3.6.2\assertj-core-3.6.2.jar;"/>
    <property name="sun.cpu.endian" value="little"/>
    <property name="user.home" value="C:\Users\ASUS"/>
    <property name="user.language" value="en"/>
    <property name="java.specification.vendor" value="Oracle Corporation"/>
    <property name="jdk.module.path" value="D:\PERKULIAHAN\Semester 6,Hebatt glad!\Altera\New folder\Serenity_Gladys\target\cucumber-starter-1.0.0-SNAPSHOT.jar"/>
    <property name="java.version.date" value="2021-01-19"/>
    <property name="java.home" value="C:\Program Files\Java\jdk-15.0.2"/>
    <property name="file.separator" value="\"/>
    <property name="basedir" value="D:\PERKULIAHAN\Semester 6,Hebatt glad!\Altera\New folder\Serenity_Gladys"/>
    <property name="java.vm.compressedOopsMode" value="32-bit"/>
    <property name="line.separator" value="&#10;"/>
    <property name="java.vm.specification.vendor" value="Oracle Corporation"/>
    <property name="java.specification.name" value="Java Platform API Specification"/>
    <property name="surefire.real.class.path" value="C:\Users\ASUS\.m2\repository\org\apache\maven\surefire\surefire-booter\3.0.0-M5\surefire-booter-3.0.0-M5.jar;C:\Users\ASUS\.m2\repository\org\apache\maven\surefire\surefire-api\3.0.0-M5\surefire-api-3.0.0-M5.jar;C:\Users\ASUS\.m2\repository\org\apache\maven\surefire\surefire-logger-api\3.0.0-M5\surefire-logger-api-3.0.0-M5.jar;C:\Users\ASUS\.m2\repository\org\apache\maven\surefire\surefire-shared-utils\3.0.0-M4\surefire-shared-utils-3.0.0-M4.jar;C:\Users\ASUS\.m2\repository\org\apache\maven\surefire\surefire-extensions-spi\3.0.0-M5\surefire-extensions-spi-3.0.0-M5.jar;D:\PERKULIAHAN\Semester 6,Hebatt glad!\Altera\New folder\Serenity_Gladys\target\test-classes;C:\Users\ASUS\.m2\repository\net\serenity-bdd\serenity-core\3.2.1\serenity-core-3.2.1.jar;C:\Users\ASUS\.m2\repository\net\serenity-bdd\serenity-model\3.2.1\serenity-model-3.2.1.jar;C:\Users\ASUS\.m2\repository\org\apache\commons\commons-text\1.9\commons-text-1.9.jar;C:\Users\ASUS\.m2\repository\commons-net\commons-net\3.8.0\commons-net-3.8.0.jar;C:\Users\ASUS\.m2\repository\com\google\guava\guava\31.1-jre\guava-31.1-jre.jar;C:\Users\ASUS\.m2\repository\com\google\guava\failureaccess\1.0.1\failureaccess-1.0.1.jar;C:\Users\ASUS\.m2\repository\com\google\guava\listenablefuture\9999.0-empty-to-avoid-conflict-with-guava\listenablefuture-9999.0-empty-to-avoid-conflict-with-guava.jar;C:\Users\ASUS\.m2\repository\com\google\code\findbugs\jsr305\3.0.2\jsr305-3.0.2.jar;C:\Users\ASUS\.m2\repository\org\checkerframework\checker-qual\3.12.0\checker-qual-3.12.0.jar;C:\Users\ASUS\.m2\repository\com\google\errorprone\error_prone_annotations\2.11.0\error_prone_annotations-2.11.0.jar;C:\Users\ASUS\.m2\repository\com\google\j2objc\j2objc-annotations\1.3\j2objc-annotations-1.3.jar;C:\Users\ASUS\.m2\repository\com\google\inject\guice\5.1.0\guice-5.1.0.jar;C:\Users\ASUS\.m2\repository\javax\inject\javax.inject\1\javax.inject-1.jar;C:\Users\ASUS\.m2\repository\aopalliance\aopalliance\1.0\aopalliance-1.0.jar;C:\Users\ASUS\.m2\repository\org\jsoup\jsoup\1.14.3\jsoup-1.14.3.jar;C:\Users\ASUS\.m2\repository\com\thoughtworks\xstream\xstream\1.4.19\xstream-1.4.19.jar;C:\Users\ASUS\.m2\repository\io\github\x-stream\mxparser\1.2.2\mxparser-1.2.2.jar;C:\Users\ASUS\.m2\repository\xmlpull\xmlpull\1.1.3.1\xmlpull-1.1.3.1.jar;C:\Users\ASUS\.m2\repository\io\cucumber\cucumber-java\7.2.3\cucumber-java-7.2.3.jar;C:\Users\ASUS\.m2\repository\com\typesafe\config\1.4.2\config-1.4.2.jar;C:\Users\ASUS\.m2\repository\org\imgscalr\imgscalr-lib\4.2\imgscalr-lib-4.2.jar;C:\Users\ASUS\.m2\repository\org\awaitility\awaitility\4.2.0\awaitility-4.2.0.jar;C:\Users\ASUS\.m2\repository\org\freemarker\freemarker\2.3.31\freemarker-2.3.31.jar;C:\Users\ASUS\.m2\repository\io\github\classgraph\classgraph\4.8.138\classgraph-4.8.138.jar;C:\Users\ASUS\.m2\repository\net\sourceforge\jexcelapi\jxl\2.6.12\jxl-2.6.12.jar;C:\Users\ASUS\.m2\repository\net\bytebuddy\byte-buddy\1.12.8\byte-buddy-1.12.8.jar;C:\Users\ASUS\.m2\repository\net\bytebuddy\byte-buddy-agent\1.12.8\byte-buddy-agent-1.12.8.jar;C:\Users\ASUS\.m2\repository\org\objenesis\objenesis\3.1\objenesis-3.1.jar;C:\Users\ASUS\.m2\repository\net\serenity-bdd\serenity-reports\3.2.1\serenity-reports-3.2.1.jar;C:\Users\ASUS\.m2\repository\net\serenity-bdd\serenity-stats\3.2.1\serenity-stats-3.2.1.jar;C:\Users\ASUS\.m2\repository\net\serenity-bdd\serenity-reports-configuration\3.2.1\serenity-reports-configuration-3.2.1.jar;C:\Users\ASUS\.m2\repository\com\vladsch\flexmark\flexmark-all\0.34.30\flexmark-all-0.34.30.jar;C:\Users\ASUS\.m2\repository\com\vladsch\flexmark\flexmark\0.34.30\flexmark-0.34.30.jar;C:\Users\ASUS\.m2\repository\com\vladsch\flexmark\flexmark-ext-abbreviation\0.34.30\flexmark-ext-abbreviation-0.34.30.jar;C:\Users\ASUS\.m2\repository\com\vladsch\flexmark\flexmark-ext-admonition\0.34.30\flexmark-ext-admonition-0.34.30.jar;C:\Users\ASUS\.m2\repository\com\vladsch\flexmark\flexmark-ext-anchorlink\0.34.30\flexmark-ext-anchorlink-0.34.30.jar;C:\Users\ASUS\.m2\repository\com\vladsch\flexmark\flexmark-ext-aside\0.34.30\flexmark-ext-aside-0.34.30.jar;C:\Users\ASUS\.m2\repository\com\vladsch\flexmark\flexmark-ext-attributes\0.34.30\flexmark-ext-attributes-0.34.30.jar;C:\Users\ASUS\.m2\repository\com\vladsch\flexmark\flexmark-ext-autolink\0.34.30\flexmark-ext-autolink-0.34.30.jar;C:\Users\ASUS\.m2\repository\org\nibor\autolink\autolink\0.6.0\autolink-0.6.0.jar;C:\Users\ASUS\.m2\repository\com\vladsch\flexmark\flexmark-ext-definition\0.34.30\flexmark-ext-definition-0.34.30.jar;C:\Users\ASUS\.m2\repository\com\vladsch\flexmark\flexmark-ext-emoji\0.34.30\flexmark-ext-emoji-0.34.30.jar;C:\Users\ASUS\.m2\repository\com\vladsch\flexmark\flexmark-ext-enumerated-reference\0.34.30\flexmark-ext-enumerated-reference-0.34.30.jar;C:\Users\ASUS\.m2\repository\com\vladsch\flexmark\flexmark-ext-escaped-character\0.34.30\flexmark-ext-escaped-character-0.34.30.jar;C:\Users\ASUS\.m2\repository\com\vladsch\flexmark\flexmark-ext-footnotes\0.34.30\flexmark-ext-footnotes-0.34.30.jar;C:\Users\ASUS\.m2\repository\com\vladsch\flexmark\flexmark-ext-gfm-issues\0.34.30\flexmark-ext-gfm-issues-0.34.30.jar;C:\Users\ASUS\.m2\repository\com\vladsch\flexmark\flexmark-ext-gfm-strikethrough\0.34.30\flexmark-ext-gfm-strikethrough-0.34.30.jar;C:\Users\ASUS\.m2\repository\com\vladsch\flexmark\flexmark-ext-gfm-tables\0.34.30\flexmark-ext-gfm-tables-0.34.30.jar;C:\Users\ASUS\.m2\repository\com\vladsch\flexmark\flexmark-ext-gfm-tasklist\0.34.30\flexmark-ext-gfm-tasklist-0.34.30.jar;C:\Users\ASUS\.m2\repository\com\vladsch\flexmark\flexmark-ext-gfm-users\0.34.30\flexmark-ext-gfm-users-0.34.30.jar;C:\Users\ASUS\.m2\repository\com\vladsch\flexmark\flexmark-ext-gitlab\0.34.30\flexmark-ext-gitlab-0.34.30.jar;C:\Users\ASUS\.m2\repository\com\vladsch\flexmark\flexmark-ext-jekyll-front-matter\0.34.30\flexmark-ext-jekyll-front-matter-0.34.30.jar;C:\Users\ASUS\.m2\repository\com\vladsch\flexmark\flexmark-ext-jekyll-tag\0.34.30\flexmark-ext-jekyll-tag-0.34.30.jar;C:\Users\ASUS\.m2\repository\com\vladsch\flexmark\flexmark-ext-media-tags\0.34.30\flexmark-ext-media-tags-0.34.30.jar;C:\Users\ASUS\.m2\repository\com\vladsch\flexmark\flexmark-test-util\0.34.30\flexmark-test-util-0.34.30.jar;C:\Users\ASUS\.m2\repository\com\vladsch\flexmark\flexmark-ext-ins\0.34.30\flexmark-ext-ins-0.34.30.jar;C:\Users\ASUS\.m2\repository\com\vladsch\flexmark\flexmark-ext-xwiki-macros\0.34.30\flexmark-ext-xwiki-macros-0.34.30.jar;C:\Users\ASUS\.m2\repository\com\vladsch\flexmark\flexmark-ext-superscript\0.34.30\flexmark-ext-superscript-0.34.30.jar;C:\Users\ASUS\.m2\repository\com\vladsch\flexmark\flexmark-ext-tables\0.34.30\flexmark-ext-tables-0.34.30.jar;C:\Users\ASUS\.m2\repository\com\vladsch\flexmark\flexmark-ext-toc\0.34.30\flexmark-ext-toc-0.34.30.jar;C:\Users\ASUS\.m2\repository\com\vladsch\flexmark\flexmark-ext-typographic\0.34.30\flexmark-ext-typographic-0.34.30.jar;C:\Users\ASUS\.m2\repository\com\vladsch\flexmark\flexmark-ext-wikilink\0.34.30\flexmark-ext-wikilink-0.34.30.jar;C:\Users\ASUS\.m2\repository\com\vladsch\flexmark\flexmark-ext-yaml-front-matter\0.34.30\flexmark-ext-yaml-front-matter-0.34.30.jar;C:\Users\ASUS\.m2\repository\com\vladsch\flexmark\flexmark-ext-youtube-embedded\0.34.30\flexmark-ext-youtube-embedded-0.34.30.jar;C:\Users\ASUS\.m2\repository\com\vladsch\flexmark\flexmark-formatter\0.34.30\flexmark-formatter-0.34.30.jar;C:\Users\ASUS\.m2\repository\com\vladsch\flexmark\flexmark-html-parser\0.34.30\flexmark-html-parser-0.34.30.jar;C:\Users\ASUS\.m2\repository\com\vladsch\flexmark\flexmark-jira-converter\0.34.30\flexmark-jira-converter-0.34.30.jar;C:\Users\ASUS\.m2\repository\com\vladsch\flexmark\flexmark-pdf-converter\0.34.30\flexmark-pdf-converter-0.34.30.jar;C:\Users\ASUS\.m2\repository\com\openhtmltopdf\openhtmltopdf-core\0.0.1-RC13\openhtmltopdf-core-0.0.1-RC13.jar;C:\Users\ASUS\.m2\repository\com\openhtmltopdf\openhtmltopdf-pdfbox\0.0.1-RC13\openhtmltopdf-pdfbox-0.0.1-RC13.jar;C:\Users\ASUS\.m2\repository\org\apache\pdfbox\pdfbox\2.0.8\pdfbox-2.0.8.jar;C:\Users\ASUS\.m2\repository\org\apache\pdfbox\fontbox\2.0.8\fontbox-2.0.8.jar;C:\Users\ASUS\.m2\repository\commons-logging\commons-logging\1.2\commons-logging-1.2.jar;C:\Users\ASUS\.m2\repository\org\apache\pdfbox\xmpbox\2.0.8\xmpbox-2.0.8.jar;C:\Users\ASUS\.m2\repository\de\rototor\pdfbox\graphics2d\0.12\graphics2d-0.12.jar;C:\Users\ASUS\.m2\repository\com\openhtmltopdf\openhtmltopdf-rtl-support\0.0.1-RC13\openhtmltopdf-rtl-support-0.0.1-RC13.jar;C:\Users\ASUS\.m2\repository\com\ibm\icu\icu4j\59.1\icu4j-59.1.jar;C:\Users\ASUS\.m2\repository\com\openhtmltopdf\openhtmltopdf-jsoup-dom-converter\0.0.1-RC13\openhtmltopdf-jsoup-dom-converter-0.0.1-RC13.jar;C:\Users\ASUS\.m2\repository\com\vladsch\flexmark\flexmark-profile-pegdown\0.34.30\flexmark-profile-pegdown-0.34.30.jar;C:\Users\ASUS\.m2\repository\com\vladsch\flexmark\flexmark-util\0.34.30\flexmark-util-0.34.30.jar;C:\Users\ASUS\.m2\repository\com\vladsch\flexmark\flexmark-youtrack-converter\0.34.30\flexmark-youtrack-converter-0.34.30.jar;C:\Users\ASUS\.m2\repository\es\nitaur\markdown\txtmark\0.16\txtmark-0.16.jar;C:\Users\ASUS\.m2\repository\net\serenity-bdd\serenity-report-resources\3.2.1\serenity-report-resources-3.2.1.jar;C:\Users\ASUS\.m2\repository\com\google\code\gson\gson\2.9.0\gson-2.9.0.jar;C:\Users\ASUS\.m2\repository\com\fasterxml\jackson\core\jackson-core\2.13.2\jackson-core-2.13.2.jar;C:\Users\ASUS\.m2\repository\com\fasterxml\jackson\core\jackson-databind\2.13.2\jackson-databind-2.13.2.jar;C:\Users\ASUS\.m2\repository\com\fasterxml\jackson\core\jackson-annotations\2.13.2\jackson-annotations-2.13.2.jar;C:\Users\ASUS\.m2\repository\commons-codec\commons-codec\1.15\commons-codec-1.15.jar;C:\Users\ASUS\.m2\repository\commons-io\commons-io\2.11.0\commons-io-2.11.0.jar;C:\Users\ASUS\.m2\repository\org\seleniumhq\selenium\selenium-java\4.1.2\selenium-java-4.1.2.jar;C:\Users\ASUS\.m2\repository\org\seleniumhq\selenium\selenium-devtools-v85\4.1.2\selenium-devtools-v85-4.1.2.jar;C:\Users\ASUS\.m2\repository\org\seleniumhq\selenium\selenium-devtools-v95\4.1.2\selenium-devtools-v95-4.1.2.jar;C:\Users\ASUS\.m2\repository\org\seleniumhq\selenium\selenium-devtools-v96\4.1.2\selenium-devtools-v96-4.1.2.jar;C:\Users\ASUS\.m2\repository\org\seleniumhq\selenium\selenium-devtools-v97\4.1.2\selenium-devtools-v97-4.1.2.jar;C:\Users\ASUS\.m2\repository\org\seleniumhq\selenium\selenium-firefox-xpi-driver\4.1.2\selenium-firefox-xpi-driver-4.1.2.jar;C:\Users\ASUS\.m2\repository\org\seleniumhq\selenium\selenium-opera-driver\4.1.2\selenium-opera-driver-4.1.2.jar;C:\Users\ASUS\.m2\repository\org\seleniumhq\selenium\selenium-remote-driver\4.1.2\selenium-remote-driver-4.1.2.jar;C:\Users\ASUS\.m2\repository\com\beust\jcommander\1.82\jcommander-1.82.jar;C:\Users\ASUS\.m2\repository\io\netty\netty-buffer\4.1.73.Final\netty-buffer-4.1.73.Final.jar;C:\Users\ASUS\.m2\repository\io\netty\netty-codec-http\4.1.73.Final\netty-codec-http-4.1.73.Final.jar;C:\Users\ASUS\.m2\repository\io\netty\netty-codec\4.1.73.Final\netty-codec-4.1.73.Final.jar;C:\Users\ASUS\.m2\repository\io\netty\netty-handler\4.1.73.Final\netty-handler-4.1.73.Final.jar;C:\Users\ASUS\.m2\repository\io\netty\netty-tcnative-classes\2.0.46.Final\netty-tcnative-classes-2.0.46.Final.jar;C:\Users\ASUS\.m2\repository\io\netty\netty-common\4.1.73.Final\netty-common-4.1.73.Final.jar;C:\Users\ASUS\.m2\repository\io\netty\netty-transport-classes-epoll\4.1.73.Final\netty-transport-classes-epoll-4.1.73.Final.jar;C:\Users\ASUS\.m2\repository\io\netty\netty-transport-classes-kqueue\4.1.73.Final\netty-transport-classes-kqueue-4.1.73.Final.jar;C:\Users\ASUS\.m2\repository\io\netty\netty-transport-native-epoll\4.1.73.Final\netty-transport-native-epoll-4.1.73.Final.jar;C:\Users\ASUS\.m2\repository\io\netty\netty-transport-native-kqueue\4.1.73.Final\netty-transport-native-kqueue-4.1.73.Final.jar;C:\Users\ASUS\.m2\repository\io\netty\netty-transport-native-unix-common\4.1.73.Final\netty-transport-native-unix-common-4.1.73.Final.jar;C:\Users\ASUS\.m2\repository\io\netty\netty-transport\4.1.73.Final\netty-transport-4.1.73.Final.jar;C:\Users\ASUS\.m2\repository\io\netty\netty-resolver\4.1.73.Final\netty-resolver-4.1.73.Final.jar;C:\Users\ASUS\.m2\repository\io\opentelemetry\opentelemetry-api\1.10.1\opentelemetry-api-1.10.1.jar;C:\Users\ASUS\.m2\repository\io\opentelemetry\opentelemetry-context\1.10.1\opentelemetry-context-1.10.1.jar;C:\Users\ASUS\.m2\repository\io\opentelemetry\opentelemetry-exporter-logging\1.10.1\opentelemetry-exporter-logging-1.10.1.jar;C:\Users\ASUS\.m2\repository\io\opentelemetry\opentelemetry-sdk-metrics\1.10.1-alpha\opentelemetry-sdk-metrics-1.10.1-alpha.jar;C:\Users\ASUS\.m2\repository\io\opentelemetry\opentelemetry-sdk-logs\1.10.1-alpha\opentelemetry-sdk-logs-1.10.1-alpha.jar;C:\Users\ASUS\.m2\repository\io\opentelemetry\opentelemetry-sdk-common\1.10.1\opentelemetry-sdk-common-1.10.1.jar;C:\Users\ASUS\.m2\repository\io\opentelemetry\opentelemetry-sdk-extension-autoconfigure-spi\1.10.1\opentelemetry-sdk-extension-autoconfigure-spi-1.10.1.jar;C:\Users\ASUS\.m2\repository\io\opentelemetry\opentelemetry-sdk-extension-autoconfigure\1.10.1-alpha\opentelemetry-sdk-extension-autoconfigure-1.10.1-alpha.jar;C:\Users\ASUS\.m2\repository\io\opentelemetry\opentelemetry-sdk-trace\1.10.1\opentelemetry-sdk-trace-1.10.1.jar;C:\Users\ASUS\.m2\repository\io\opentelemetry\opentelemetry-sdk\1.10.1\opentelemetry-sdk-1.10.1.jar;C:\Users\ASUS\.m2\repository\io\opentelemetry\opentelemetry-semconv\1.10.1-alpha\opentelemetry-semconv-1.10.1-alpha.jar;C:\Users\ASUS\.m2\repository\io\ous\jtoml\2.0.0\jtoml-2.0.0.jar;C:\Users\ASUS\.m2\repository\org\apache\commons\commons-exec\1.3\commons-exec-1.3.jar;C:\Users\ASUS\.m2\repository\org\asynchttpclient\async-http-client\2.12.3\async-http-client-2.12.3.jar;C:\Users\ASUS\.m2\repository\org\asynchttpclient\async-http-client-netty-utils\2.12.3\async-http-client-netty-utils-2.12.3.jar;C:\Users\ASUS\.m2\repository\io\netty\netty-codec-socks\4.1.60.Final\netty-codec-socks-4.1.60.Final.jar;C:\Users\ASUS\.m2\repository\io\netty\netty-handler-proxy\4.1.60.Final\netty-handler-proxy-4.1.60.Final.jar;C:\Users\ASUS\.m2\repository\io\netty\netty-transport-native-epoll\4.1.60.Final\netty-transport-native-epoll-4.1.60.Final-linux-x86_64.jar;C:\Users\ASUS\.m2\repository\io\netty\netty-transport-native-kqueue\4.1.60.Final\netty-transport-native-kqueue-4.1.60.Final-osx-x86_64.jar;C:\Users\ASUS\.m2\repository\org\reactivestreams\reactive-streams\1.0.3\reactive-streams-1.0.3.jar;C:\Users\ASUS\.m2\repository\com\typesafe\netty\netty-reactive-streams\2.0.4\netty-reactive-streams-2.0.4.jar;C:\Users\ASUS\.m2\repository\org\seleniumhq\selenium\selenium-http\4.1.2\selenium-http-4.1.2.jar;C:\Users\ASUS\.m2\repository\net\jodah\failsafe\2.4.4\failsafe-2.4.4.jar;C:\Users\ASUS\.m2\repository\org\seleniumhq\selenium\selenium-safari-driver\4.1.2\selenium-safari-driver-4.1.2.jar;C:\Users\ASUS\.m2\repository\org\seleniumhq\selenium\selenium-api\4.1.2\selenium-api-4.1.2.jar;C:\Users\ASUS\.m2\repository\org\seleniumhq\selenium\selenium-support\4.1.2\selenium-support-4.1.2.jar;C:\Users\ASUS\.m2\repository\com\google\auto\service\auto-service-annotations\1.0.1\auto-service-annotations-1.0.1.jar;C:\Users\ASUS\.m2\repository\com\google\auto\service\auto-service\1.0.1\auto-service-1.0.1.jar;C:\Users\ASUS\.m2\repository\com\google\auto\auto-common\1.2\auto-common-1.2.jar;C:\Users\ASUS\.m2\repository\org\seleniumhq\selenium\selenium-json\4.1.2\selenium-json-4.1.2.jar;C:\Users\ASUS\.m2\repository\org\seleniumhq\selenium\selenium-chrome-driver\4.1.2\selenium-chrome-driver-4.1.2.jar;C:\Users\ASUS\.m2\repository\org\seleniumhq\selenium\selenium-chromium-driver\4.1.2\selenium-chromium-driver-4.1.2.jar;C:\Users\ASUS\.m2\repository\org\seleniumhq\selenium\selenium-firefox-driver\4.1.2\selenium-firefox-driver-4.1.2.jar;C:\Users\ASUS\.m2\repository\org\seleniumhq\selenium\selenium-edge-driver\4.1.2\selenium-edge-driver-4.1.2.jar;C:\Users\ASUS\.m2\repository\org\seleniumhq\selenium\selenium-ie-driver\4.1.2\selenium-ie-driver-4.1.2.jar;C:\Users\ASUS\.m2\repository\org\projectlombok\lombok\1.18.20\lombok-1.18.20.jar;C:\Users\ASUS\.m2\repository\io\appium\java-client\8.0.0\java-client-8.0.0.jar;C:\Users\ASUS\.m2\repository\commons-validator\commons-validator\1.7\commons-validator-1.7.jar;C:\Users\ASUS\.m2\repository\commons-digester\commons-digester\2.1\commons-digester-2.1.jar;C:\Users\ASUS\.m2\repository\org\aspectj\aspectjweaver\1.9.8\aspectjweaver-1.9.8.jar;C:\Users\ASUS\.m2\repository\org\codehaus\groovy\groovy\3.0.10\groovy-3.0.10.jar;C:\Users\ASUS\.m2\repository\net\sf\opencsv\opencsv\2.0\opencsv-2.0.jar;C:\Users\ASUS\.m2\repository\commons-beanutils\commons-beanutils\1.9.4\commons-beanutils-1.9.4.jar;C:\Users\ASUS\.m2\repository\org\apache\commons\commons-lang3\3.12.0\commons-lang3-3.12.0.jar;C:\Users\ASUS\.m2\repository\commons-collections\commons-collections\3.2.2\commons-collections-3.2.2.jar;C:\Users\ASUS\.m2\repository\org\fluentlenium\fluentlenium-core\0.10.2\fluentlenium-core-0.10.2.jar;C:\Users\ASUS\.m2\repository\io\github\bonigarcia\webdrivermanager\5.1.0\webdrivermanager-5.1.0.jar;C:\Users\ASUS\.m2\repository\com\github\docker-java\docker-java\3.2.13\docker-java-3.2.13.jar;C:\Users\ASUS\.m2\repository\com\github\docker-java\docker-java-core\3.2.13\docker-java-core-3.2.13.jar;C:\Users\ASUS\.m2\repository\com\github\docker-java\docker-java-api\3.2.13\docker-java-api-3.2.13.jar;C:\Users\ASUS\.m2\repository\org\apache\commons\commons-compress\1.21\commons-compress-1.21.jar;C:\Users\ASUS\.m2\repository\org\bouncycastle\bcpkix-jdk15on\1.64\bcpkix-jdk15on-1.64.jar;C:\Users\ASUS\.m2\repository\org\bouncycastle\bcprov-jdk15on\1.64\bcprov-jdk15on-1.64.jar;C:\Users\ASUS\.m2\repository\org\slf4j\jcl-over-slf4j\1.7.30\jcl-over-slf4j-1.7.30.jar;C:\Users\ASUS\.m2\repository\com\github\docker-java\docker-java-transport-httpclient5\3.2.13\docker-java-transport-httpclient5-3.2.13.jar;C:\Users\ASUS\.m2\repository\com\github\docker-java\docker-java-transport\3.2.13\docker-java-transport-3.2.13.jar;C:\Users\ASUS\.m2\repository\org\apache\httpcomponents\client5\httpclient5\5.0.3\httpclient5-5.0.3.jar;C:\Users\ASUS\.m2\repository\org\apache\httpcomponents\core5\httpcore5\5.0.2\httpcore5-5.0.2.jar;C:\Users\ASUS\.m2\repository\net\java\dev\jna\jna\5.8.0\jna-5.8.0.jar;C:\Users\ASUS\.m2\repository\org\brotli\dec\0.1.2\dec-0.1.2.jar;C:\Users\ASUS\.m2\repository\com\jhlabs\filters\2.0.235\filters-2.0.235.jar;C:\Users\ASUS\.m2\repository\com\paulhammant\ngwebdriver\1.1.6\ngwebdriver-1.1.6.jar;C:\Users\ASUS\.m2\repository\joda-time\joda-time\2.8.2\joda-time-2.8.2.jar;C:\Users\ASUS\.m2\repository\org\hamcrest\hamcrest\2.2\hamcrest-2.2.jar;C:\Users\ASUS\.m2\repository\com\google\jimfs\jimfs\1.2\jimfs-1.2.jar;C:\Users\ASUS\.m2\repository\org\mockito\mockito-core\3.3.3\mockito-core-3.3.3.jar;C:\Users\ASUS\.m2\repository\javax\xml\bind\jaxb-api\2.3.1\jaxb-api-2.3.1.jar;C:\Users\ASUS\.m2\repository\javax\activation\javax.activation-api\1.2.0\javax.activation-api-1.2.0.jar;C:\Users\ASUS\.m2\repository\com\sun\xml\bind\jaxb-core\2.3.0.1\jaxb-core-2.3.0.1.jar;C:\Users\ASUS\.m2\repository\com\sun\xml\bind\jaxb-impl\2.3.3\jaxb-impl-2.3.3.jar;C:\Users\ASUS\.m2\repository\jakarta\xml\bind\jakarta.xml.bind-api\2.3.3\jakarta.xml.bind-api-2.3.3.jar;C:\Users\ASUS\.m2\repository\com\sun\activation\jakarta.activation\1.2.2\jakarta.activation-1.2.2.jar;C:\Users\ASUS\.m2\repository\javax\activation\activation\1.1.1\activation-1.1.1.jar;C:\Users\ASUS\.m2\repository\net\serenity-bdd\serenity-cucumber\3.2.1\serenity-cucumber-3.2.1.jar;C:\Users\ASUS\.m2\repository\io\cucumber\cucumber-core\7.2.3\cucumber-core-7.2.3.jar;C:\Users\ASUS\.m2\repository\io\cucumber\cucumber-gherkin\7.2.3\cucumber-gherkin-7.2.3.jar;C:\Users\ASUS\.m2\repository\io\cucumber\cucumber-gherkin-messages\7.2.3\cucumber-gherkin-messages-7.2.3.jar;C:\Users\ASUS\.m2\repository\io\cucumber\messages\17.1.1\messages-17.1.1.jar;C:\Users\ASUS\.m2\repository\io\cucumber\tag-expressions\4.1.0\tag-expressions-4.1.0.jar;C:\Users\ASUS\.m2\repository\io\cucumber\cucumber-expressions\15.0.1\cucumber-expressions-15.0.1.jar;C:\Users\ASUS\.m2\repository\io\cucumber\datatable\7.2.3\datatable-7.2.3.jar;C:\Users\ASUS\.m2\repository\io\cucumber\cucumber-plugin\7.2.3\cucumber-plugin-7.2.3.jar;C:\Users\ASUS\.m2\repository\io\cucumber\docstring\7.2.3\docstring-7.2.3.jar;C:\Users\ASUS\.m2\repository\io\cucumber\html-formatter\17.0.0\html-formatter-17.0.0.jar;C:\Users\ASUS\.m2\repository\io\cucumber\ci-environment\8.1.0\ci-environment-8.1.0.jar;C:\Users\ASUS\.m2\repository\io\cucumber\cucumber-junit\7.2.3\cucumber-junit-7.2.3.jar;C:\Users\ASUS\.m2\repository\org\apache\commons\commons-csv\1.5\commons-csv-1.5.jar;C:\Users\ASUS\.m2\repository\net\serenity-bdd\serenity-screenplay\3.2.1\serenity-screenplay-3.2.1.jar;C:\Users\ASUS\.m2\repository\net\serenity-bdd\serenity-screenplay-webdriver\3.2.1\serenity-screenplay-webdriver-3.2.1.jar;C:\Users\ASUS\.m2\repository\net\serenity-bdd\serenity-ensure\3.2.1\serenity-ensure-3.2.1.jar;C:\Users\ASUS\.m2\repository\net\serenity-bdd\serenity-junit\3.2.1\serenity-junit-3.2.1.jar;C:\Users\ASUS\.m2\repository\org\jetbrains\kotlin\kotlin-stdlib\1.6.0\kotlin-stdlib-1.6.0.jar;C:\Users\ASUS\.m2\repository\org\jetbrains\annotations\13.0\annotations-13.0.jar;C:\Users\ASUS\.m2\repository\org\jetbrains\kotlin\kotlin-stdlib-common\1.6.0\kotlin-stdlib-common-1.6.0.jar;C:\Users\ASUS\.m2\repository\org\junit\platform\junit-platform-launcher\1.8.1\junit-platform-launcher-1.8.1.jar;C:\Users\ASUS\.m2\repository\org\junit\platform\junit-platform-engine\1.8.1\junit-platform-engine-1.8.1.jar;C:\Users\ASUS\.m2\repository\org\opentest4j\opentest4j\1.2.0\opentest4j-1.2.0.jar;C:\Users\ASUS\.m2\repository\org\junit\platform\junit-platform-commons\1.8.1\junit-platform-commons-1.8.1.jar;C:\Users\ASUS\.m2\repository\org\apiguardian\apiguardian-api\1.1.2\apiguardian-api-1.1.2.jar;C:\Users\ASUS\.m2\repository\org\junit\jupiter\junit-jupiter-engine\5.8.2\junit-jupiter-engine-5.8.2.jar;C:\Users\ASUS\.m2\repository\org\junit\jupiter\junit-jupiter-api\5.8.2\junit-jupiter-api-5.8.2.jar;C:\Users\ASUS\.m2\repository\org\junit\vintage\junit-vintage-engine\5.8.2\junit-vintage-engine-5.8.2.jar;C:\Users\ASUS\.m2\repository\junit\junit\4.13.2\junit-4.13.2.jar;C:\Users\ASUS\.m2\repository\org\hamcrest\hamcrest-core\1.3\hamcrest-core-1.3.jar;C:\Users\ASUS\.m2\repository\ch\qos\logback\logback-classic\1.2.10\logback-classic-1.2.10.jar;C:\Users\ASUS\.m2\repository\ch\qos\logback\logback-core\1.2.10\logback-core-1.2.10.jar;C:\Users\ASUS\.m2\repository\org\slf4j\slf4j-api\1.7.32\slf4j-api-1.7.32.jar;C:\Users\ASUS\.m2\repository\org\assertj\assertj-core\3.6.2\assertj-core-3.6.2.jar;C:\Users\ASUS\.m2\repository\org\apache\maven\surefire\surefire-junit-platform\3.0.0-M5\surefire-junit-platform-3.0.0-M5.jar;C:\Users\ASUS\.m2\repository\org\apache\maven\surefire\common-java5\3.0.0-M5\common-java5-3.0.0-M5.jar"/>
    <property name="user.script" value=""/>
    <property name="java.protocol.handler.pkgs" value="com.google.common"/>
    <property name="sun.management.compiler" value="HotSpot 64-Bit Tiered Compilers"/>
    <property name="java.runtime.version" value="15.0.2+7-27"/>
    <property name="user.name" value="ASUS"/>
    <property name="path.separator" value=";"/>
    <property name="os.version" value="10.0"/>
    <property name="java.runtime.name" value="Java(TM) SE Runtime Environment"/>
    <property name="file.encoding" value="Cp1252"/>
    <property name="webdriver.base.url" value=""/>
    <property name="java.vm.name" value="Java HotSpot(TM) 64-Bit Server VM"/>
    <property name="localRepository" value="C:\Users\ASUS\.m2\repository"/>
    <property name="java.vendor.url.bug" value="https://bugreport.java.com/bugreport/"/>
    <property name="java.io.tmpdir" value="C:\Users\ASUS\AppData\Local\Temp\"/>
    <property name="java.version" value="15.0.2"/>
    <property name="user.dir" value="D:\PERKULIAHAN\Semester 6,Hebatt glad!\Altera\New folder\Serenity_Gladys"/>
    <property name="os.arch" value="amd64"/>
    <property name="java.vm.specification.name" value="Java Virtual Machine Specification"/>
    <property name="sun.os.patch.level" value=""/>
    <property name="java.library.path" value="C:\Program Files\Java\jdk-15.0.2\bin;C:\WINDOWS\Sun\Java\bin;C:\WINDOWS\system32;C:\WINDOWS;C:\Program Files\Java\jdk-15.0.2\bin;C:\Program Files\Common Files\Oracle\Java\javapath;C:\WINDOWS;C:\WINDOWS\system32;C:\WINDOWS\System32\Wbem;C:\WINDOWS\System32\WindowsPowerShell\v1.0\;C:\WINDOWS\System32\OpenSSH\;C:\Program Files\Intel\WiFi\bin\;C:\Program Files\Common Files\Intel\WirelessCommon\;C:\MinGw\bin;C:\Program Files\Microsoft SQL Server\Client SDK\ODBC\170\Tools\Binn\;C:\Program Files (x86)\Microsoft SQL Server\150\Tools\Binn\;C:\Program Files\Microsoft SQL Server\150\Tools\Binn\;C:\Program Files\Microsoft SQL Server\150\DTS\Binn\;C:\Program Files (x86)\Microsoft SQL Server\150\DTS\Binn\;C:\Program Files\dotnet\;C:\Program Files\Microsoft SQL Server\130\Tools\Binn\;C:\Program Files (x86)\dotnet\;C:\MinGW\bin;C:\Program Files\apache-maven-3.8.1\bin;C:\Program Files\chromedriver_win32;C:\Program Files\Git\cmd;C:\Users\ASUS\AppData\Local\Programs\Python\Python39\Scripts\;C:\Users\ASUS\AppData\Local\Programs\Python\Python39\;C:\Users\ASUS\AppData\Local\Microsoft\WindowsApps;C:\Users\ASUS\AppData\Local\Programs\Microsoft VS Code\bin;C:\Users\ASUS\.dotnet\tools;C:\Program Files\erl-24.1\bin;C:\Program Files\RabbitMQ Server;C:\Program Files (x86)\Sophos\Sophos SSL VPN Client\bin;C:\Program Files\JetBrains\IntelliJ IDEA 2021.3.2\bin;;."/>
    <property name="java.vm.info" value="mixed mode"/>
    <property name="java.vendor" value="Oracle Corporation"/>
    <property name="java.vm.version" value="15.0.2+7-27"/>
    <property name="sun.io.unicode.encoding" value="UnicodeLittle"/>
    <property name="java.class.version" value="59.0"/>
  </properties>
  <testcase name="As a user i have to be able to login" classname="Login" time="54.215">
    <system-out><![CDATA[12:42:56.345 [main] INFO io.cucumber.core.plugin.SerenityReporter - Running feature from file:///D:/PERKULIAHAN/Semester%206,Hebatt%20glad!/Altera/New%20folder/Serenity_Gladys/src/test/resources/features/login.feature
12:42:56.805 [main] INFO  - 

-------------------------------------------------------------------------------------
     _______. _______ .______       _______ .__   __.  __  .___________.____    ____ 
    /       ||   ____||   _  \     |   ____||  \ |  | |  | |           |\   \  /   / 
   |   (----`|  |__   |  |_)  |    |  |__   |   \|  | |  | `---|  |----` \   \/   /  
    \   \    |   __|  |      /     |   __|  |  . `  | |  |     |  |       \_    _/   
.----)   |   |  |____ |  |\  \----.|  |____ |  |\   | |  |     |  |         |  |     
|_______/    |_______|| _| `._____||_______||__| \__| |__|     |__|         |__|    
                                                                                     
 News and tutorials at http://www.serenity-bdd.info                                  
 Documentation at https://wakaleo.gitbooks.io/the-serenity-book/content/             
 Join the Serenity Community on Gitter: https://gitter.im/serenity-bdd/serenity-core 
 Serenity BDD Support and Training at http://serenity-bdd.info/#/trainingandsupport  
-------------------------------------------------------------------------------------

12:42:56.810 [main] DEBUG net.thucydides.core.steps.StepEventBus - Test suite started for story net.thucydides.core.model.Story@f388ff28
12:42:56.818 [main] INFO  - Test Suite Started: Login
12:42:56.903 [main] INFO io.cucumber.core.plugin.SerenityReporter - Running feature from file:///D:/PERKULIAHAN/Semester%206,Hebatt%20glad!/Altera/New%20folder/Serenity_Gladys/src/test/resources/features/login.feature
12:42:56.907 [main] DEBUG net.thucydides.core.steps.StepEventBus - Test suite started for story net.thucydides.core.model.Story@f388ff28
12:42:56.908 [main] INFO  - Test Suite Started: Login

Scenario: As a user i have to be able to login &amp#27;[90m# src/test/resources/features/login.feature:7&amp#27;[0m
12:42:57.172 [main] INFO io.cucumber.core.plugin.SerenityReporter - Running feature from file:///D:/PERKULIAHAN/Semester%206,Hebatt%20glad!/Altera/New%20folder/Serenity_Gladys/src/test/resources/features/login.feature
12:42:57.671 [main] INFO  - 
  _____   ___   ___   _____     ___   _____     _     ___   _____   ___   ___  
 |_   _| | __| / __| |_   _|   / __| |_   _|   /_\   | _ \ |_   _| | __| |   \ 
   | |   | _|  \__ \   | |     \__ \   | |    / _ \  |   /   | |   | _|  | |) |
   |_|   |___| |___/   |_|     |___/   |_|   /_/ \_\ |_|_\   |_|   |___| |___/ 

As a user i have to be able to login(login;as-a-user-i-have-to-be-able-to-login)
--------------------------------------------------------------------------------
12:42:59.570 [main] DEBUG net.thucydides.core.steps.StepInterceptor - STARTING STEP: loginSteps.iAmInTheLoginPage - openUrl
12:42:59.817 [main] INFO net.serenitybdd.core.webdriver.driverproviders.ChromeDriverProvider - Using automatically driver download
12:43:02.182 [main] DEBUG io.github.bonigarcia.wdm.cache.ResolutionCache - Resolution chrome=99 in cache (valid until 13:34:24 30/03/2022 WIB)
12:43:02.197 [main] DEBUG io.github.bonigarcia.wdm.cache.ResolutionCache - Resolution chrome99=99.0.4844.51 in cache (valid until 13:36:02 30/03/2022 WIB)
12:43:02.206 [main] INFO io.github.bonigarcia.wdm.WebDriverManager - Using chromedriver 99.0.4844.51 (resolved driver for Chrome 99)
12:43:02.233 [main] DEBUG io.github.bonigarcia.wdm.WebDriverManager - Driver chromedriver 99.0.4844.51 found in cache
12:43:02.235 [main] INFO io.github.bonigarcia.wdm.WebDriverManager - Exporting webdriver.chrome.driver as C:\Users\ASUS\.cache\selenium\chromedriver\win32\99.0.4844.51\chromedriver.exe
12:43:04.088 [main] DEBUG net.thucydides.core.reflection.ClassFinder - Could not load class .starter.cucumberTestSuite
12:43:04.088 [main] DEBUG net.thucydides.core.reflection.ClassFinder - Could not load class .starter.pages.HomePage
12:43:04.088 [main] DEBUG net.thucydides.core.reflection.ClassFinder - Could not load class .starter.pages.LoginPage
12:43:04.088 [main] DEBUG net.thucydides.core.reflection.ClassFinder - Could not load class .starter.stepdefinition.loginSteps
12:43:04.090 [main] DEBUG net.thucydides.core.reflection.ClassFinder - Could not load class META-INF.versions.9.com.sun.istack.logging.StackHelper
12:43:04.091 [main] DEBUG net.thucydides.core.reflection.ClassFinder - Could not load class META-INF.versions.9.com.sun.xml.bind.v2.runtime.reflect.opt.AccessorInjector
12:43:04.092 [main] DEBUG net.thucydides.core.reflection.ClassFinder - Could not load class META-INF.versions.9.com.sun.xml.bind.v2.runtime.reflect.opt.Injector
12:43:04.093 [main] DEBUG net.thucydides.core.reflection.ClassFinder - Could not load class META-INF.versions.9.com.sun.xml.bind.v2.runtime.reflect.opt.OptimizedAccessorFactory
12:43:04.094 [main] DEBUG net.thucydides.core.reflection.ClassFinder - Could not load class META-INF.versions.9.com.sun.xml.bind.v2.runtime.reflect.opt.OptimizedTransducedAccessorFactory
12:43:04.095 [main] DEBUG net.thucydides.core.reflection.ClassFinder - Could not load class META-INF.versions.9.io.opentelemetry.sdk.internal.CurrentJavaVersionSpecific
12:43:04.095 [main] DEBUG net.thucydides.core.reflection.ClassFinder - Could not load class META-INF.versions.9.io.opentelemetry.sdk.internal.Java9VersionSpecific
12:43:04.096 [main] DEBUG net.thucydides.core.reflection.ClassFinder - Could not load class META-INF.versions.9.javax.xml.bind.ModuleUtil
12:43:04.116 [main] DEBUG net.thucydides.core.reflection.ClassFinder - Could not load class META-INF.versions.9.module-info
12:43:04.118 [main] DEBUG net.thucydides.core.reflection.ClassFinder - Could not load class META-INF.versions.9.org.junit.platform.commons.util.ModuleUtils
12:43:05.156 [main] DEBUG net.thucydides.core.reflection.ClassFinder - Could not load class com.google.gson.internal.
12:43:05.554 [main] DEBUG net.thucydides.core.reflection.ClassFinder - Could not load class com.sun.xml.bind.v2.runtime.output.FastInfosetStreamWriterOutput
12:43:06.492 [main] DEBUG net.thucydides.core.reflection.ClassFinder - Could not load class module-info
12:43:11.528 [main] DEBUG io.netty.util.internal.logging.InternalLoggerFactory - Using SLF4J as the default logging framework
12:43:11.530 [main] DEBUG io.netty.util.ResourceLeakDetector - -Dio.netty.leakDetection.level: simple
12:43:11.530 [main] DEBUG io.netty.util.ResourceLeakDetector - -Dio.netty.leakDetection.targetRecords: 4
12:43:11.536 [main] DEBUG io.netty.util.ResourceLeakDetectorFactory - Loaded default ResourceLeakDetector: io.netty.util.ResourceLeakDetector@5e5d41dc
12:43:11.554 [main] DEBUG io.netty.util.internal.PlatformDependent0 - -Dio.netty.noUnsafe: false
12:43:11.554 [main] DEBUG io.netty.util.internal.PlatformDependent0 - Java version: 15
12:43:11.555 [main] DEBUG io.netty.util.internal.PlatformDependent0 - sun.misc.Unsafe.theUnsafe: available
12:43:11.556 [main] DEBUG io.netty.util.internal.PlatformDependent0 - sun.misc.Unsafe.copyMemory: available
12:43:11.556 [main] DEBUG io.netty.util.internal.PlatformDependent0 - java.nio.Buffer.address: available
12:43:11.556 [main] DEBUG io.netty.util.internal.PlatformDependent0 - direct buffer constructor: unavailable: Reflective setAccessible(true) disabled
12:43:11.557 [main] DEBUG io.netty.util.internal.PlatformDependent0 - java.nio.Bits.unaligned: available, true
12:43:11.558 [main] DEBUG io.netty.util.internal.PlatformDependent0 - jdk.internal.misc.Unsafe.allocateUninitializedArray(int): unavailable: class io.netty.util.internal.PlatformDependent0$6 cannot access class jdk.internal.misc.Unsafe (in module java.base) because module java.base does not export jdk.internal.misc to unnamed module @50305a
12:43:11.574 [main] DEBUG io.netty.util.internal.PlatformDependent0 - java.nio.DirectByteBuffer.<init>(long, int): unavailable
12:43:11.574 [main] DEBUG io.netty.util.internal.PlatformDependent - sun.misc.Unsafe: available
12:43:11.577 [main] DEBUG io.netty.util.internal.PlatformDependent - maxDirectMemory: 1598029824 bytes (maybe)
12:43:11.578 [main] DEBUG io.netty.util.internal.PlatformDependent - -Dio.netty.tmpdir: C:\Users\ASUS\AppData\Local\Temp (java.io.tmpdir)
12:43:11.578 [main] DEBUG io.netty.util.internal.PlatformDependent - -Dio.netty.bitMode: 64 (sun.arch.data.model)
12:43:11.578 [main] DEBUG io.netty.util.internal.PlatformDependent - Platform: Windows
12:43:11.579 [main] DEBUG io.netty.util.internal.PlatformDependent - -Dio.netty.maxDirectMemory: -1 bytes
12:43:11.580 [main] DEBUG io.netty.util.internal.PlatformDependent - -Dio.netty.uninitializedArrayAllocationThreshold: -1
12:43:11.581 [main] DEBUG io.netty.util.internal.CleanerJava9 - java.nio.ByteBuffer.cleaner(): available
12:43:11.581 [main] DEBUG io.netty.util.internal.PlatformDependent - -Dio.netty.noPreferDirect: false
12:43:11.589 [main] DEBUG io.netty.util.internal.PlatformDependent - org.jctools-core.MpscChunkedArrayQueue: available
12:43:11.609 [main] DEBUG io.netty.util.internal.InternalThreadLocalMap - -Dio.netty.threadLocalMap.stringBuilder.initialSize: 1024
12:43:11.609 [main] DEBUG io.netty.util.internal.InternalThreadLocalMap - -Dio.netty.threadLocalMap.stringBuilder.maxSize: 4096
12:43:11.671 [main] DEBUG io.netty.handler.ssl.JdkSslContext - Default protocols (JDK): [TLSv1.3, TLSv1.2, TLSv1.1, TLSv1] 
12:43:11.671 [main] DEBUG io.netty.handler.ssl.JdkSslContext - Default cipher suites (JDK): [TLS_ECDHE_ECDSA_WITH_AES_256_GCM_SHA384, TLS_ECDHE_ECDSA_WITH_AES_128_GCM_SHA256, TLS_ECDHE_RSA_WITH_AES_128_GCM_SHA256, TLS_ECDHE_RSA_WITH_AES_256_GCM_SHA384, TLS_ECDHE_RSA_WITH_AES_128_CBC_SHA, TLS_ECDHE_RSA_WITH_AES_256_CBC_SHA, TLS_RSA_WITH_AES_128_GCM_SHA256, TLS_RSA_WITH_AES_128_CBC_SHA, TLS_RSA_WITH_AES_256_CBC_SHA, TLS_AES_128_GCM_SHA256, TLS_AES_256_GCM_SHA384]
12:43:11.797 [main] DEBUG io.netty.channel.MultithreadEventLoopGroup - -Dio.netty.eventLoopThreads: 16
12:43:11.844 [main] DEBUG io.netty.channel.nio.NioEventLoop - -Dio.netty.noKeySetOptimization: false
12:43:11.844 [main] DEBUG io.netty.channel.nio.NioEventLoop - -Dio.netty.selectorAutoRebuildThreshold: 512
12:43:11.991 [main] DEBUG io.netty.buffer.PooledByteBufAllocator - -Dio.netty.allocator.numHeapArenas: 15
12:43:11.992 [main] DEBUG io.netty.buffer.PooledByteBufAllocator - -Dio.netty.allocator.numDirectArenas: 15
12:43:11.992 [main] DEBUG io.netty.buffer.PooledByteBufAllocator - -Dio.netty.allocator.pageSize: 8192
12:43:11.992 [main] DEBUG io.netty.buffer.PooledByteBufAllocator - -Dio.netty.allocator.maxOrder: 11
12:43:11.992 [main] DEBUG io.netty.buffer.PooledByteBufAllocator - -Dio.netty.allocator.chunkSize: 16777216
12:43:11.992 [main] DEBUG io.netty.buffer.PooledByteBufAllocator - -Dio.netty.allocator.smallCacheSize: 256
12:43:11.992 [main] DEBUG io.netty.buffer.PooledByteBufAllocator - -Dio.netty.allocator.normalCacheSize: 64
12:43:11.992 [main] DEBUG io.netty.buffer.PooledByteBufAllocator - -Dio.netty.allocator.maxCachedBufferCapacity: 32768
12:43:11.992 [main] DEBUG io.netty.buffer.PooledByteBufAllocator - -Dio.netty.allocator.cacheTrimInterval: 8192
12:43:11.992 [main] DEBUG io.netty.buffer.PooledByteBufAllocator - -Dio.netty.allocator.cacheTrimIntervalMillis: 0
12:43:11.992 [main] DEBUG io.netty.buffer.PooledByteBufAllocator - -Dio.netty.allocator.useCacheForAllThreads: true
12:43:11.992 [main] DEBUG io.netty.buffer.PooledByteBufAllocator - -Dio.netty.allocator.maxCachedByteBuffersPerChunk: 1023
12:43:12.005 [main] DEBUG io.netty.buffer.ByteBufUtil - -Dio.netty.allocator.type: pooled
12:43:12.005 [main] DEBUG io.netty.buffer.ByteBufUtil - -Dio.netty.threadLocalDirectBufferSize: 0
12:43:12.005 [main] DEBUG io.netty.buffer.ByteBufUtil - -Dio.netty.maxThreadLocalCharBufferSize: 16384
12:43:12.275 [main] DEBUG net.serenitybdd.core.webdriver.driverproviders.ProvideNewDriver - Instantiating driver
12:43:12.275 [main] DEBUG net.serenitybdd.core.webdriver.driverproviders.ProvideNewDriver - Driver capabilities: Capabilities {acceptInsecureCerts: false, base.url: https://demoqa.com/login, browserName: chrome, chrome.driver: src/test/resources/webdrive..., driver: chrome, goog:chromeOptions: {args: [], extensions: []}}
12:43:13.783 [Forwarding newSession on session null to remote] DEBUG io.netty.channel.DefaultChannelId - -Dio.netty.processId: 1208 (auto-detected)
12:43:13.786 [Forwarding newSession on session null to remote] DEBUG io.netty.util.NetUtil - -Djava.net.preferIPv4Stack: false
12:43:13.786 [Forwarding newSession on session null to remote] DEBUG io.netty.util.NetUtil - -Djava.net.preferIPv6Addresses: false
12:43:13.792 [Forwarding newSession on session null to remote] DEBUG io.netty.util.NetUtilInitializations - Loopback interface: lo (Software Loopback Interface 1, 127.0.0.1)
12:43:13.793 [Forwarding newSession on session null to remote] DEBUG io.netty.util.NetUtil - Failed to get SOMAXCONN from sysctl and file \proc\sys\net\core\somaxconn. Default: 200
12:43:13.806 [Forwarding newSession on session null to remote] DEBUG io.netty.channel.DefaultChannelId - -Dio.netty.machineId: 00:ff:92:ff:fe:d9:78:07 (auto-detected)
12:43:13.892 [AsyncHttpClient-1-2] DEBUG io.netty.buffer.AbstractByteBuf - -Dio.netty.buffer.checkAccessible: true
12:43:13.892 [AsyncHttpClient-1-2] DEBUG io.netty.buffer.AbstractByteBuf - -Dio.netty.buffer.checkBounds: true
12:43:13.892 [AsyncHttpClient-1-2] DEBUG io.netty.util.ResourceLeakDetectorFactory - Loaded default ResourceLeakDetector: io.netty.util.ResourceLeakDetector@70a0576d
12:43:13.906 [AsyncHttpClient-1-2] DEBUG org.asynchttpclient.netty.channel.NettyConnectListener - Using new Channel '[id: 0x5464d0ba, L:/127.0.0.1:63026 - R:localhost/127.0.0.1:56364]' for 'POST' to '/session'
12:43:13.929 [AsyncHttpClient-1-2] DEBUG io.netty.util.Recycler - -Dio.netty.recycler.maxCapacityPerThread: 4096
12:43:13.929 [AsyncHttpClient-1-2] DEBUG io.netty.util.Recycler - -Dio.netty.recycler.ratio: 8
12:43:13.929 [AsyncHttpClient-1-2] DEBUG io.netty.util.Recycler - -Dio.netty.recycler.chunkSize: 32
12:43:13.929 [AsyncHttpClient-1-2] DEBUG io.netty.util.Recycler - -Dio.netty.recycler.blocking: false
12:43:28.551 [AsyncHttpClient-1-2] DEBUG io.netty.handler.codec.compression.Brotli - brotli4j not in the classpath; Brotli support will be unavailable.
12:43:28.551 [AsyncHttpClient-1-2] DEBUG org.asynchttpclient.netty.handler.HttpHandler - 

Request DefaultHttpRequest(decodeResult: success, version: HTTP/1.1)
POST /session HTTP/1.1
User-Agent: selenium/4.1.2 (java windows)
Content-Length: 610
Content-Type: application/json; charset=utf-8
host: localhost:56364
accept: */*

Response DefaultHttpResponse(decodeResult: success, version: HTTP/1.1)
HTTP/1.1 200 OK
Content-Type: application/json; charset=utf-8
cache-control: no-cache
content-length: 787

12:43:28.832 [AsyncHttpClient-1-2] DEBUG org.asynchttpclient.netty.channel.ChannelManager - Adding key: http://localhost:56364 for channel [id: 0x5464d0ba, L:/127.0.0.1:63026 - R:localhost/127.0.0.1:56364]
12:43:29.193 [AsyncHttpClient-1-1] DEBUG org.asynchttpclient.netty.channel.DefaultChannelPool - Entry count for : http://localhost:56364 : 1
12:43:30.091 [AsyncHttpClient-1-3] DEBUG org.asynchttpclient.netty.channel.NettyConnectListener - Using new Channel '[id: 0x4509cc79, L:/127.0.0.1:63042 - R:localhost/127.0.0.1:63031]' for 'GET' to '/json/version'
12:43:30.099 [AsyncHttpClient-1-3] DEBUG org.asynchttpclient.netty.handler.HttpHandler - 

Request DefaultFullHttpRequest(decodeResult: success, version: HTTP/1.1, content: EmptyByteBufBE)
GET /json/version HTTP/1.1
User-Agent: selenium/4.1.2 (java windows)
host: localhost:63031
accept: */*

Response DefaultHttpResponse(decodeResult: success, version: HTTP/1.1)
HTTP/1.1 200 OK
Content-Type: application/json; charset=UTF-8
content-length: 424

12:43:30.100 [AsyncHttpClient-1-3] DEBUG org.asynchttpclient.netty.channel.ChannelManager - Adding key: http://localhost:63031 for channel [id: 0x4509cc79, L:/127.0.0.1:63042 - R:localhost/127.0.0.1:63031]
12:43:30.223 [main] DEBUG io.netty.util.internal.ThreadLocalRandom - -Dio.netty.initialSeedUniquifier: 0x0c99a2ce07e5ed18
12:43:30.226 [AsyncHttpClient-1-4] DEBUG org.asynchttpclient.netty.channel.NettyConnectListener - Using new Channel '[id: 0x968a6ed2, L:/127.0.0.1:63045 - R:localhost/127.0.0.1:63031]' for 'GET' to '/devtools/browser/b44580cf-d672-486b-bdb5-b90648bb9232'
12:43:30.234 [AsyncHttpClient-1-4] DEBUG org.asynchttpclient.netty.handler.WebSocketHandler - 

Request DefaultFullHttpRequest(decodeResult: success, version: HTTP/1.1, content: EmptyByteBufBE)
GET /devtools/browser/b44580cf-d672-486b-bdb5-b90648bb9232 HTTP/1.1
upgrade: websocket
connection: upgrade
sec-websocket-key: dvAtMH+HNGxdQxCnlC4G5Q==
sec-websocket-version: 13
origin: http://localhost:63031
host: localhost:63031
accept: */*
user-agent: AHC/2.1

Response DefaultHttpResponse(decodeResult: success, version: HTTP/1.1)
HTTP/1.1 101 WebSocket Protocol Handshake
Upgrade: WebSocket
Connection: Upgrade
Sec-WebSocket-Accept: kknTl6rkgFQ+L5UUMZGsrnOC660=

12:43:30.298 [AsyncHttpClient-1-1] DEBUG org.asynchttpclient.netty.channel.DefaultChannelPool - Entry count for : http://localhost:56364 : 1
12:43:30.298 [AsyncHttpClient-1-1] DEBUG org.asynchttpclient.netty.channel.DefaultChannelPool - Entry count for : http://localhost:63031 : 1
12:43:31.204 [Forwarding maximizeCurrentWindow on session 847f59a65095a96fa8f12a979f6a8899 to remote] DEBUG org.asynchttpclient.netty.request.NettyRequestSender - Using pooled Channel '[id: 0x5464d0ba, L:/127.0.0.1:63026 - R:localhost/127.0.0.1:56364]' for 'POST' to 'http://localhost:56364/session/847f59a65095a96fa8f12a979f6a8899/window/maximize'
12:43:31.205 [Forwarding maximizeCurrentWindow on session 847f59a65095a96fa8f12a979f6a8899 to remote] DEBUG org.asynchttpclient.netty.request.NettyRequestSender - Using open Channel [id: 0x5464d0ba, L:/127.0.0.1:63026 - R:localhost/127.0.0.1:56364] for POST '/session/847f59a65095a96fa8f12a979f6a8899/window/maximize'
12:43:31.399 [AsyncHttpClient-1-1] DEBUG org.asynchttpclient.netty.channel.DefaultChannelPool - Entry count for : http://localhost:63031 : 1
12:43:32.495 [AsyncHttpClient-1-1] DEBUG org.asynchttpclient.netty.channel.DefaultChannelPool - Entry count for : http://localhost:63031 : 1
12:43:32.586 [AsyncHttpClient-1-2] DEBUG org.asynchttpclient.netty.handler.HttpHandler - 

Request DefaultHttpRequest(decodeResult: success, version: HTTP/1.1)
POST /session/847f59a65095a96fa8f12a979f6a8899/window/maximize HTTP/1.1
User-Agent: selenium/4.1.2 (java windows)
Content-Length: 3
Content-Type: application/json; charset=utf-8
host: localhost:56364
accept: */*

Response DefaultHttpResponse(decodeResult: success, version: HTTP/1.1)
HTTP/1.1 200 OK
Content-Type: application/json; charset=utf-8
cache-control: no-cache
content-length: 51

12:43:32.587 [AsyncHttpClient-1-2] DEBUG org.asynchttpclient.netty.channel.ChannelManager - Adding key: http://localhost:56364 for channel [id: 0x5464d0ba, L:/127.0.0.1:63026 - R:localhost/127.0.0.1:56364]
12:43:33.356 [main] DEBUG net.thucydides.core.reflection.ClassFinder - Could not load class .starter.cucumberTestSuite
12:43:33.356 [main] DEBUG net.thucydides.core.reflection.ClassFinder - Could not load class .starter.pages.HomePage
12:43:33.356 [main] DEBUG net.thucydides.core.reflection.ClassFinder - Could not load class .starter.pages.LoginPage
12:43:33.356 [main] DEBUG net.thucydides.core.reflection.ClassFinder - Could not load class .starter.stepdefinition.loginSteps
12:43:33.356 [main] DEBUG net.thucydides.core.reflection.ClassFinder - Could not load class META-INF.versions.9.com.sun.istack.logging.StackHelper
12:43:33.357 [main] DEBUG net.thucydides.core.reflection.ClassFinder - Could not load class META-INF.versions.9.com.sun.xml.bind.v2.runtime.reflect.opt.AccessorInjector
12:43:33.357 [main] DEBUG net.thucydides.core.reflection.ClassFinder - Could not load class META-INF.versions.9.com.sun.xml.bind.v2.runtime.reflect.opt.Injector
12:43:33.357 [main] DEBUG net.thucydides.core.reflection.ClassFinder - Could not load class META-INF.versions.9.com.sun.xml.bind.v2.runtime.reflect.opt.OptimizedAccessorFactory
12:43:33.357 [main] DEBUG net.thucydides.core.reflection.ClassFinder - Could not load class META-INF.versions.9.com.sun.xml.bind.v2.runtime.reflect.opt.OptimizedTransducedAccessorFactory
12:43:33.358 [main] DEBUG net.thucydides.core.reflection.ClassFinder - Could not load class META-INF.versions.9.io.opentelemetry.sdk.internal.CurrentJavaVersionSpecific
12:43:33.358 [main] DEBUG net.thucydides.core.reflection.ClassFinder - Could not load class META-INF.versions.9.io.opentelemetry.sdk.internal.Java9VersionSpecific
12:43:33.358 [main] DEBUG net.thucydides.core.reflection.ClassFinder - Could not load class META-INF.versions.9.javax.xml.bind.ModuleUtil
12:43:33.358 [main] DEBUG net.thucydides.core.reflection.ClassFinder - Could not load class META-INF.versions.9.module-info
12:43:33.359 [main] DEBUG net.thucydides.core.reflection.ClassFinder - Could not load class META-INF.versions.9.org.junit.platform.commons.util.ModuleUtils
12:43:33.361 [main] DEBUG net.thucydides.core.reflection.ClassFinder - Could not load class com.google.gson.internal.
12:43:33.362 [main] DEBUG net.thucydides.core.reflection.ClassFinder - Could not load class com.sun.xml.bind.v2.runtime.output.FastInfosetStreamWriterOutput
12:43:33.366 [main] DEBUG net.thucydides.core.reflection.ClassFinder - Could not load class module-info
12:43:33.388 [Forwarding get on session 847f59a65095a96fa8f12a979f6a8899 to remote] DEBUG org.asynchttpclient.netty.request.NettyRequestSender - Using pooled Channel '[id: 0x5464d0ba, L:/127.0.0.1:63026 - R:localhost/127.0.0.1:56364]' for 'POST' to 'http://localhost:56364/session/847f59a65095a96fa8f12a979f6a8899/url'
12:43:33.388 [Forwarding get on session 847f59a65095a96fa8f12a979f6a8899 to remote] DEBUG org.asynchttpclient.netty.request.NettyRequestSender - Using open Channel [id: 0x5464d0ba, L:/127.0.0.1:63026 - R:localhost/127.0.0.1:56364] for POST '/session/847f59a65095a96fa8f12a979f6a8899/url'
12:43:33.597 [AsyncHttpClient-1-1] DEBUG org.asynchttpclient.netty.channel.DefaultChannelPool - Entry count for : http://localhost:63031 : 1
12:43:34.702 [AsyncHttpClient-1-1] DEBUG org.asynchttpclient.netty.channel.DefaultChannelPool - Entry count for : http://localhost:63031 : 1
12:43:35.798 [AsyncHttpClient-1-1] DEBUG org.asynchttpclient.netty.channel.DefaultChannelPool - Entry count for : http://localhost:63031 : 1
12:43:36.896 [AsyncHttpClient-1-1] DEBUG org.asynchttpclient.netty.channel.DefaultChannelPool - Entry count for : http://localhost:63031 : 1
12:43:37.994 [AsyncHttpClient-1-1] DEBUG org.asynchttpclient.netty.channel.DefaultChannelPool - Entry count for : http://localhost:63031 : 1
12:43:39.094 [AsyncHttpClient-1-1] DEBUG org.asynchttpclient.netty.channel.DefaultChannelPool - Entry count for : http://localhost:63031 : 1
12:43:40.194 [AsyncHttpClient-1-1] DEBUG org.asynchttpclient.netty.channel.DefaultChannelPool - Entry count for : http://localhost:63031 : 1
12:43:41.296 [AsyncHttpClient-1-1] DEBUG org.asynchttpclient.netty.channel.DefaultChannelPool - Entry count for : http://localhost:63031 : 1
12:43:42.132 [AsyncHttpClient-1-2] DEBUG org.asynchttpclient.netty.handler.HttpHandler - 

Request DefaultHttpRequest(decodeResult: success, version: HTTP/1.1)
POST /session/847f59a65095a96fa8f12a979f6a8899/url HTTP/1.1
User-Agent: selenium/4.1.2 (java windows)
Content-Length: 54
Content-Type: application/json; charset=utf-8
host: localhost:56364
accept: */*

Response DefaultHttpResponse(decodeResult: success, version: HTTP/1.1)
HTTP/1.1 200 OK
Content-Type: application/json; charset=utf-8
cache-control: no-cache
content-length: 14

12:43:42.133 [AsyncHttpClient-1-2] DEBUG org.asynchttpclient.netty.channel.ChannelManager - Adding key: http://localhost:56364 for channel [id: 0x5464d0ba, L:/127.0.0.1:63026 - R:localhost/127.0.0.1:56364]
12:43:42.141 [Forwarding setTimeout on session 847f59a65095a96fa8f12a979f6a8899 to remote] DEBUG org.asynchttpclient.netty.request.NettyRequestSender - Using pooled Channel '[id: 0x5464d0ba, L:/127.0.0.1:63026 - R:localhost/127.0.0.1:56364]' for 'POST' to 'http://localhost:56364/session/847f59a65095a96fa8f12a979f6a8899/timeouts'
12:43:42.141 [Forwarding setTimeout on session 847f59a65095a96fa8f12a979f6a8899 to remote] DEBUG org.asynchttpclient.netty.request.NettyRequestSender - Using open Channel [id: 0x5464d0ba, L:/127.0.0.1:63026 - R:localhost/127.0.0.1:56364] for POST '/session/847f59a65095a96fa8f12a979f6a8899/timeouts'
12:43:42.145 [AsyncHttpClient-1-2] DEBUG org.asynchttpclient.netty.handler.HttpHandler - 

Request DefaultHttpRequest(decodeResult: success, version: HTTP/1.1)
POST /session/847f59a65095a96fa8f12a979f6a8899/timeouts HTTP/1.1
User-Agent: selenium/4.1.2 (java windows)
Content-Length: 22
Content-Type: application/json; charset=utf-8
host: localhost:56364
accept: */*

Response DefaultHttpResponse(decodeResult: success, version: HTTP/1.1)
HTTP/1.1 200 OK
Content-Type: application/json; charset=utf-8
cache-control: no-cache
content-length: 14

12:43:42.146 [AsyncHttpClient-1-2] DEBUG org.asynchttpclient.netty.channel.ChannelManager - Adding key: http://localhost:56364 for channel [id: 0x5464d0ba, L:/127.0.0.1:63026 - R:localhost/127.0.0.1:56364]
12:43:42.155 [Forwarding getCurrentUrl on session 847f59a65095a96fa8f12a979f6a8899 to remote] DEBUG org.asynchttpclient.netty.request.NettyRequestSender - Using pooled Channel '[id: 0x5464d0ba, L:/127.0.0.1:63026 - R:localhost/127.0.0.1:56364]' for 'GET' to 'http://localhost:56364/session/847f59a65095a96fa8f12a979f6a8899/url'
12:43:42.155 [Forwarding getCurrentUrl on session 847f59a65095a96fa8f12a979f6a8899 to remote] DEBUG org.asynchttpclient.netty.request.NettyRequestSender - Using open Channel [id: 0x5464d0ba, L:/127.0.0.1:63026 - R:localhost/127.0.0.1:56364] for GET '/session/847f59a65095a96fa8f12a979f6a8899/url'
12:43:42.280 [AsyncHttpClient-1-2] DEBUG org.asynchttpclient.netty.handler.HttpHandler - 

Request DefaultFullHttpRequest(decodeResult: success, version: HTTP/1.1, content: EmptyByteBufBE)
GET /session/847f59a65095a96fa8f12a979f6a8899/url HTTP/1.1
User-Agent: selenium/4.1.2 (java windows)
Cache-Control: no-cache
Content-Type: application/json; charset=utf-8
host: localhost:56364
accept: */*

Response DefaultHttpResponse(decodeResult: success, version: HTTP/1.1)
HTTP/1.1 200 OK
Content-Type: application/json; charset=utf-8
cache-control: no-cache
content-length: 36

12:43:42.281 [AsyncHttpClient-1-2] DEBUG org.asynchttpclient.netty.channel.ChannelManager - Adding key: http://localhost:56364 for channel [id: 0x5464d0ba, L:/127.0.0.1:63026 - R:localhost/127.0.0.1:56364]
12:43:42.307 [main] DEBUG net.serenitybdd.core.photography.Darkroom - Opening darkroom
12:43:42.308 [Darkroom Processing Line] DEBUG net.serenitybdd.core.photography.DarkroomProcessingLine - Darkroom processing line starting up
12:43:42.309 [Forwarding screenshot on session 847f59a65095a96fa8f12a979f6a8899 to remote] DEBUG org.asynchttpclient.netty.request.NettyRequestSender - Using pooled Channel '[id: 0x5464d0ba, L:/127.0.0.1:63026 - R:localhost/127.0.0.1:56364]' for 'GET' to 'http://localhost:56364/session/847f59a65095a96fa8f12a979f6a8899/screenshot'
12:43:42.309 [Forwarding screenshot on session 847f59a65095a96fa8f12a979f6a8899 to remote] DEBUG org.asynchttpclient.netty.request.NettyRequestSender - Using open Channel [id: 0x5464d0ba, L:/127.0.0.1:63026 - R:localhost/127.0.0.1:56364] for GET '/session/847f59a65095a96fa8f12a979f6a8899/screenshot'
12:43:42.393 [AsyncHttpClient-1-1] DEBUG org.asynchttpclient.netty.channel.DefaultChannelPool - Entry count for : http://localhost:63031 : 1
12:43:43.271 [AsyncHttpClient-1-2] DEBUG org.asynchttpclient.netty.handler.HttpHandler - 

Request DefaultFullHttpRequest(decodeResult: success, version: HTTP/1.1, content: EmptyByteBufBE)
GET /session/847f59a65095a96fa8f12a979f6a8899/screenshot HTTP/1.1
User-Agent: selenium/4.1.2 (java windows)
Cache-Control: no-cache
Content-Type: application/json; charset=utf-8
host: localhost:56364
accept: */*

Response DefaultHttpResponse(decodeResult: success, version: HTTP/1.1)
HTTP/1.1 200 OK
Content-Type: application/json; charset=utf-8
cache-control: no-cache
content-length: 446056

12:43:43.276 [AsyncHttpClient-1-2] DEBUG org.asynchttpclient.netty.channel.ChannelManager - Adding key: http://localhost:56364 for channel [id: 0x5464d0ba, L:/127.0.0.1:63026 - R:localhost/127.0.0.1:56364]
12:43:43.497 [AsyncHttpClient-1-1] DEBUG org.asynchttpclient.netty.channel.DefaultChannelPool - Entry count for : http://localhost:56364 : 1
12:43:43.497 [AsyncHttpClient-1-1] DEBUG org.asynchttpclient.netty.channel.DefaultChannelPool - Entry count for : http://localhost:63031 : 1
12:43:43.761 [main] DEBUG net.serenitybdd.core.photography.Darkroom - Send negative for processing for target\site\serenity\8936d0e5fe327d5f986b7ea87d0b12987d9f5a1f671d310a56ba86b015375f05.png
12:43:43.761 [Darkroom Processing Line] DEBUG net.serenitybdd.core.photography.DarkroomProcessingLine - Processing screenshot image in /var/screenshots/screenshot-483412613278906802
12:43:43.762 [Darkroom Processing Line] DEBUG net.serenitybdd.core.photography.DarkroomProcessingLine - Saving screenshot to target\site\serenity\8936d0e5fe327d5f986b7ea87d0b12987d9f5a1f671d310a56ba86b015375f05.png
12:43:43.806 [main] DEBUG net.thucydides.core.steps.StepInterceptor - STEP DONE: openUrl
12:43:43.823 [Forwarding screenshot on session 847f59a65095a96fa8f12a979f6a8899 to remote] DEBUG org.asynchttpclient.netty.request.NettyRequestSender - Using pooled Channel '[id: 0x5464d0ba, L:/127.0.0.1:63026 - R:localhost/127.0.0.1:56364]' for 'GET' to 'http://localhost:56364/session/847f59a65095a96fa8f12a979f6a8899/screenshot'
12:43:43.823 [Forwarding screenshot on session 847f59a65095a96fa8f12a979f6a8899 to remote] DEBUG org.asynchttpclient.netty.request.NettyRequestSender - Using open Channel [id: 0x5464d0ba, L:/127.0.0.1:63026 - R:localhost/127.0.0.1:56364] for GET '/session/847f59a65095a96fa8f12a979f6a8899/screenshot'
12:43:44.118 [AsyncHttpClient-1-2] DEBUG org.asynchttpclient.netty.handler.HttpHandler - 

Request DefaultFullHttpRequest(decodeResult: success, version: HTTP/1.1, content: EmptyByteBufBE)
GET /session/847f59a65095a96fa8f12a979f6a8899/screenshot HTTP/1.1
User-Agent: selenium/4.1.2 (java windows)
Cache-Control: no-cache
Content-Type: application/json; charset=utf-8
host: localhost:56364
accept: */*

Response DefaultHttpResponse(decodeResult: success, version: HTTP/1.1)
HTTP/1.1 200 OK
Content-Type: application/json; charset=utf-8
cache-control: no-cache
content-length: 446056

12:43:44.122 [AsyncHttpClient-1-2] DEBUG org.asynchttpclient.netty.channel.ChannelManager - Adding key: http://localhost:56364 for channel [id: 0x5464d0ba, L:/127.0.0.1:63026 - R:localhost/127.0.0.1:56364]
12:43:44.154 [main] DEBUG net.serenitybdd.core.photography.Darkroom - Send negative for processing for target\site\serenity\8936d0e5fe327d5f986b7ea87d0b12987d9f5a1f671d310a56ba86b015375f05.png
12:43:44.155 [main] DEBUG net.thucydides.core.steps.StepInterceptor - STARTING STEP: loginSteps.iAmInTheLoginPage - validateIfButtonLoginIsAppear
12:43:44.173 [Forwarding findElement on session 847f59a65095a96fa8f12a979f6a8899 to remote] DEBUG org.asynchttpclient.netty.request.NettyRequestSender - Using pooled Channel '[id: 0x5464d0ba, L:/127.0.0.1:63026 - R:localhost/127.0.0.1:56364]' for 'POST' to 'http://localhost:56364/session/847f59a65095a96fa8f12a979f6a8899/element'
12:43:44.173 [Forwarding findElement on session 847f59a65095a96fa8f12a979f6a8899 to remote] DEBUG org.asynchttpclient.netty.request.NettyRequestSender - Using open Channel [id: 0x5464d0ba, L:/127.0.0.1:63026 - R:localhost/127.0.0.1:56364] for POST '/session/847f59a65095a96fa8f12a979f6a8899/element'
12:43:44.212 [AsyncHttpClient-1-2] DEBUG org.asynchttpclient.netty.handler.HttpHandler - 

Request DefaultHttpRequest(decodeResult: success, version: HTTP/1.1)
POST /session/847f59a65095a96fa8f12a979f6a8899/element HTTP/1.1
User-Agent: selenium/4.1.2 (java windows)
Content-Length: 50
Content-Type: application/json; charset=utf-8
host: localhost:56364
accept: */*

Response DefaultHttpResponse(decodeResult: success, version: HTTP/1.1)
HTTP/1.1 200 OK
Content-Type: application/json; charset=utf-8
cache-control: no-cache
content-length: 88

12:43:44.213 [AsyncHttpClient-1-2] DEBUG org.asynchttpclient.netty.channel.ChannelManager - Adding key: http://localhost:56364 for channel [id: 0x5464d0ba, L:/127.0.0.1:63026 - R:localhost/127.0.0.1:56364]
12:43:44.226 [Forwarding isElementDisplayed on session 847f59a65095a96fa8f12a979f6a8899 to remote] DEBUG org.asynchttpclient.netty.request.NettyRequestSender - Using pooled Channel '[id: 0x5464d0ba, L:/127.0.0.1:63026 - R:localhost/127.0.0.1:56364]' for 'POST' to 'http://localhost:56364/session/847f59a65095a96fa8f12a979f6a8899/execute/sync'
12:43:44.227 [Forwarding isElementDisplayed on session 847f59a65095a96fa8f12a979f6a8899 to remote] DEBUG org.asynchttpclient.netty.request.NettyRequestSender - Using open Channel [id: 0x5464d0ba, L:/127.0.0.1:63026 - R:localhost/127.0.0.1:56364] for POST '/session/847f59a65095a96fa8f12a979f6a8899/execute/sync'
12:43:44.250 [AsyncHttpClient-1-2] DEBUG org.asynchttpclient.netty.handler.HttpHandler - 

Request DefaultHttpRequest(decodeResult: success, version: HTTP/1.1)
POST /session/847f59a65095a96fa8f12a979f6a8899/execute/sync HTTP/1.1
User-Agent: selenium/4.1.2 (java windows)
Content-Length: 48780
Content-Type: application/json; charset=utf-8
host: localhost:56364
accept: */*

Response DefaultHttpResponse(decodeResult: success, version: HTTP/1.1)
HTTP/1.1 200 OK
Content-Type: application/json; charset=utf-8
cache-control: no-cache
content-length: 14

12:43:44.250 [AsyncHttpClient-1-2] DEBUG org.asynchttpclient.netty.channel.ChannelManager - Adding key: http://localhost:56364 for channel [id: 0x5464d0ba, L:/127.0.0.1:63026 - R:localhost/127.0.0.1:56364]
12:43:44.261 [Forwarding screenshot on session 847f59a65095a96fa8f12a979f6a8899 to remote] DEBUG org.asynchttpclient.netty.request.NettyRequestSender - Using pooled Channel '[id: 0x5464d0ba, L:/127.0.0.1:63026 - R:localhost/127.0.0.1:56364]' for 'GET' to 'http://localhost:56364/session/847f59a65095a96fa8f12a979f6a8899/screenshot'
12:43:44.261 [Forwarding screenshot on session 847f59a65095a96fa8f12a979f6a8899 to remote] DEBUG org.asynchttpclient.netty.request.NettyRequestSender - Using open Channel [id: 0x5464d0ba, L:/127.0.0.1:63026 - R:localhost/127.0.0.1:56364] for GET '/session/847f59a65095a96fa8f12a979f6a8899/screenshot'
12:43:44.579 [AsyncHttpClient-1-2] DEBUG org.asynchttpclient.netty.handler.HttpHandler - 

Request DefaultFullHttpRequest(decodeResult: success, version: HTTP/1.1, content: EmptyByteBufBE)
GET /session/847f59a65095a96fa8f12a979f6a8899/screenshot HTTP/1.1
User-Agent: selenium/4.1.2 (java windows)
Cache-Control: no-cache
Content-Type: application/json; charset=utf-8
host: localhost:56364
accept: */*

Response DefaultHttpResponse(decodeResult: success, version: HTTP/1.1)
HTTP/1.1 200 OK
Content-Type: application/json; charset=utf-8
cache-control: no-cache
content-length: 446056

12:43:44.586 [AsyncHttpClient-1-2] DEBUG org.asynchttpclient.netty.channel.ChannelManager - Adding key: http://localhost:56364 for channel [id: 0x5464d0ba, L:/127.0.0.1:63026 - R:localhost/127.0.0.1:56364]
12:43:44.600 [AsyncHttpClient-1-1] DEBUG org.asynchttpclient.netty.channel.DefaultChannelPool - Entry count for : http://localhost:56364 : 1
12:43:44.600 [AsyncHttpClient-1-1] DEBUG org.asynchttpclient.netty.channel.DefaultChannelPool - Entry count for : http://localhost:63031 : 1
12:43:44.604 [main] DEBUG net.serenitybdd.core.photography.Darkroom - Send negative for processing for target\site\serenity\8936d0e5fe327d5f986b7ea87d0b12987d9f5a1f671d310a56ba86b015375f05.png
12:43:44.605 [main] DEBUG net.thucydides.core.steps.StepInterceptor - STEP DONE: validateIfButtonLoginIsAppear
  &amp#27;[32mGiven &amp#27;[0m&amp#27;[32mi am in the login page&amp#27;[0m                 &amp#27;[90m# starter.stepdefinition.loginSteps.iAmInTheLoginPage()&amp#27;[0m
12:43:44.658 [Forwarding screenshot on session 847f59a65095a96fa8f12a979f6a8899 to remote] DEBUG org.asynchttpclient.netty.request.NettyRequestSender - Using pooled Channel '[id: 0x5464d0ba, L:/127.0.0.1:63026 - R:localhost/127.0.0.1:56364]' for 'GET' to 'http://localhost:56364/session/847f59a65095a96fa8f12a979f6a8899/screenshot'
12:43:44.658 [Forwarding screenshot on session 847f59a65095a96fa8f12a979f6a8899 to remote] DEBUG org.asynchttpclient.netty.request.NettyRequestSender - Using open Channel [id: 0x5464d0ba, L:/127.0.0.1:63026 - R:localhost/127.0.0.1:56364] for GET '/session/847f59a65095a96fa8f12a979f6a8899/screenshot'
12:43:44.917 [AsyncHttpClient-1-2] DEBUG org.asynchttpclient.netty.handler.HttpHandler - 

Request DefaultFullHttpRequest(decodeResult: success, version: HTTP/1.1, content: EmptyByteBufBE)
GET /session/847f59a65095a96fa8f12a979f6a8899/screenshot HTTP/1.1
User-Agent: selenium/4.1.2 (java windows)
Cache-Control: no-cache
Content-Type: application/json; charset=utf-8
host: localhost:56364
accept: */*

Response DefaultHttpResponse(decodeResult: success, version: HTTP/1.1)
HTTP/1.1 200 OK
Content-Type: application/json; charset=utf-8
cache-control: no-cache
content-length: 446056

12:43:44.921 [AsyncHttpClient-1-2] DEBUG org.asynchttpclient.netty.channel.ChannelManager - Adding key: http://localhost:56364 for channel [id: 0x5464d0ba, L:/127.0.0.1:63026 - R:localhost/127.0.0.1:56364]
12:43:44.935 [main] DEBUG net.serenitybdd.core.photography.Darkroom - Send negative for processing for target\site\serenity\8936d0e5fe327d5f986b7ea87d0b12987d9f5a1f671d310a56ba86b015375f05.png
12:43:44.948 [main] DEBUG net.thucydides.core.steps.StepInterceptor - STARTING STEP: loginSteps.iInputValidUsername - inputUsernameToField
12:43:44.955 [Forwarding findElement on session 847f59a65095a96fa8f12a979f6a8899 to remote] DEBUG org.asynchttpclient.netty.request.NettyRequestSender - Using pooled Channel '[id: 0x5464d0ba, L:/127.0.0.1:63026 - R:localhost/127.0.0.1:56364]' for 'POST' to 'http://localhost:56364/session/847f59a65095a96fa8f12a979f6a8899/element'
12:43:44.956 [Forwarding findElement on session 847f59a65095a96fa8f12a979f6a8899 to remote] DEBUG org.asynchttpclient.netty.request.NettyRequestSender - Using open Channel [id: 0x5464d0ba, L:/127.0.0.1:63026 - R:localhost/127.0.0.1:56364] for POST '/session/847f59a65095a96fa8f12a979f6a8899/element'
12:43:44.972 [AsyncHttpClient-1-2] DEBUG org.asynchttpclient.netty.handler.HttpHandler - 

Request DefaultHttpRequest(decodeResult: success, version: HTTP/1.1)
POST /session/847f59a65095a96fa8f12a979f6a8899/element HTTP/1.1
User-Agent: selenium/4.1.2 (java windows)
Content-Length: 53
Content-Type: application/json; charset=utf-8
host: localhost:56364
accept: */*

Response DefaultHttpResponse(decodeResult: success, version: HTTP/1.1)
HTTP/1.1 200 OK
Content-Type: application/json; charset=utf-8
cache-control: no-cache
content-length: 88

12:43:44.973 [AsyncHttpClient-1-2] DEBUG org.asynchttpclient.netty.channel.ChannelManager - Adding key: http://localhost:56364 for channel [id: 0x5464d0ba, L:/127.0.0.1:63026 - R:localhost/127.0.0.1:56364]
12:43:44.976 [Forwarding clearElement on session 847f59a65095a96fa8f12a979f6a8899 to remote] DEBUG org.asynchttpclient.netty.request.NettyRequestSender - Using pooled Channel '[id: 0x5464d0ba, L:/127.0.0.1:63026 - R:localhost/127.0.0.1:56364]' for 'POST' to 'http://localhost:56364/session/847f59a65095a96fa8f12a979f6a8899/element/546e2185-ec6c-4ff4-b7b1-663784764b2a/clear'
12:43:44.976 [Forwarding clearElement on session 847f59a65095a96fa8f12a979f6a8899 to remote] DEBUG org.asynchttpclient.netty.request.NettyRequestSender - Using open Channel [id: 0x5464d0ba, L:/127.0.0.1:63026 - R:localhost/127.0.0.1:56364] for POST '/session/847f59a65095a96fa8f12a979f6a8899/element/546e2185-ec6c-4ff4-b7b1-663784764b2a/clear'
12:43:45.018 [AsyncHttpClient-1-2] DEBUG org.asynchttpclient.netty.handler.HttpHandler - 

Request DefaultHttpRequest(decodeResult: success, version: HTTP/1.1)
POST /session/847f59a65095a96fa8f12a979f6a8899/element/546e2185-ec6c-4ff4-b7b1-663784764b2a/clear HTTP/1.1
User-Agent: selenium/4.1.2 (java windows)
Content-Length: 50
Content-Type: application/json; charset=utf-8
host: localhost:56364
accept: */*

Response DefaultHttpResponse(decodeResult: success, version: HTTP/1.1)
HTTP/1.1 200 OK
Content-Type: application/json; charset=utf-8
cache-control: no-cache
content-length: 14

12:43:45.018 [AsyncHttpClient-1-2] DEBUG org.asynchttpclient.netty.channel.ChannelManager - Adding key: http://localhost:56364 for channel [id: 0x5464d0ba, L:/127.0.0.1:63026 - R:localhost/127.0.0.1:56364]
12:43:45.024 [Forwarding sendKeysToElement on session 847f59a65095a96fa8f12a979f6a8899 to remote] DEBUG org.asynchttpclient.netty.request.NettyRequestSender - Using pooled Channel '[id: 0x5464d0ba, L:/127.0.0.1:63026 - R:localhost/127.0.0.1:56364]' for 'POST' to 'http://localhost:56364/session/847f59a65095a96fa8f12a979f6a8899/element/546e2185-ec6c-4ff4-b7b1-663784764b2a/value'
12:43:45.024 [Forwarding sendKeysToElement on session 847f59a65095a96fa8f12a979f6a8899 to remote] DEBUG org.asynchttpclient.netty.request.NettyRequestSender - Using open Channel [id: 0x5464d0ba, L:/127.0.0.1:63026 - R:localhost/127.0.0.1:56364] for POST '/session/847f59a65095a96fa8f12a979f6a8899/element/546e2185-ec6c-4ff4-b7b1-663784764b2a/value'
12:43:45.243 [AsyncHttpClient-1-2] DEBUG org.asynchttpclient.netty.handler.HttpHandler - 

Request DefaultHttpRequest(decodeResult: success, version: HTTP/1.1)
POST /session/847f59a65095a96fa8f12a979f6a8899/element/546e2185-ec6c-4ff4-b7b1-663784764b2a/value HTTP/1.1
User-Agent: selenium/4.1.2 (java windows)
Content-Length: 181
Content-Type: application/json; charset=utf-8
host: localhost:56364
accept: */*

Response DefaultHttpResponse(decodeResult: success, version: HTTP/1.1)
HTTP/1.1 200 OK
Content-Type: application/json; charset=utf-8
cache-control: no-cache
content-length: 14

12:43:45.244 [AsyncHttpClient-1-2] DEBUG org.asynchttpclient.netty.channel.ChannelManager - Adding key: http://localhost:56364 for channel [id: 0x5464d0ba, L:/127.0.0.1:63026 - R:localhost/127.0.0.1:56364]
12:43:45.255 [Forwarding screenshot on session 847f59a65095a96fa8f12a979f6a8899 to remote] DEBUG org.asynchttpclient.netty.request.NettyRequestSender - Using pooled Channel '[id: 0x5464d0ba, L:/127.0.0.1:63026 - R:localhost/127.0.0.1:56364]' for 'GET' to 'http://localhost:56364/session/847f59a65095a96fa8f12a979f6a8899/screenshot'
12:43:45.255 [Forwarding screenshot on session 847f59a65095a96fa8f12a979f6a8899 to remote] DEBUG org.asynchttpclient.netty.request.NettyRequestSender - Using open Channel [id: 0x5464d0ba, L:/127.0.0.1:63026 - R:localhost/127.0.0.1:56364] for GET '/session/847f59a65095a96fa8f12a979f6a8899/screenshot'
12:43:45.522 [AsyncHttpClient-1-2] DEBUG org.asynchttpclient.netty.handler.HttpHandler - 

Request DefaultFullHttpRequest(decodeResult: success, version: HTTP/1.1, content: EmptyByteBufBE)
GET /session/847f59a65095a96fa8f12a979f6a8899/screenshot HTTP/1.1
User-Agent: selenium/4.1.2 (java windows)
Cache-Control: no-cache
Content-Type: application/json; charset=utf-8
host: localhost:56364
accept: */*

Response DefaultHttpResponse(decodeResult: success, version: HTTP/1.1)
HTTP/1.1 200 OK
Content-Type: application/json; charset=utf-8
cache-control: no-cache
content-length: 447328

12:43:45.526 [AsyncHttpClient-1-2] DEBUG org.asynchttpclient.netty.channel.ChannelManager - Adding key: http://localhost:56364 for channel [id: 0x5464d0ba, L:/127.0.0.1:63026 - R:localhost/127.0.0.1:56364]
12:43:45.540 [main] DEBUG net.serenitybdd.core.photography.Darkroom - Send negative for processing for target\site\serenity\a00f5a198129c9ecad8b3be7ac8d56cc657546d38c0faf573419cc0a560abadf.png
12:43:45.541 [Darkroom Processing Line] DEBUG net.serenitybdd.core.photography.DarkroomProcessingLine - Processing screenshot image in /var/screenshots/screenshot-6780335482764439921
12:43:45.541 [main] DEBUG net.thucydides.core.steps.StepInterceptor - STEP DONE: inputUsernameToField
12:43:45.541 [Darkroom Processing Line] DEBUG net.serenitybdd.core.photography.DarkroomProcessingLine - Saving screenshot to target\site\serenity\a00f5a198129c9ecad8b3be7ac8d56cc657546d38c0faf573419cc0a560abadf.png
  &amp#27;[32mWhen &amp#27;[0m&amp#27;[32mi input valid username&amp#27;[0m                  &amp#27;[90m# starter.stepdefinition.loginSteps.iInputValidUsername()&amp#27;[0m
12:43:45.568 [main] DEBUG net.thucydides.core.steps.StepInterceptor - STARTING STEP: loginSteps.iInputValidPassword - inputPasswordToField
12:43:45.580 [Forwarding findElement on session 847f59a65095a96fa8f12a979f6a8899 to remote] DEBUG org.asynchttpclient.netty.request.NettyRequestSender - Using pooled Channel '[id: 0x5464d0ba, L:/127.0.0.1:63026 - R:localhost/127.0.0.1:56364]' for 'POST' to 'http://localhost:56364/session/847f59a65095a96fa8f12a979f6a8899/element'
12:43:45.580 [Forwarding findElement on session 847f59a65095a96fa8f12a979f6a8899 to remote] DEBUG org.asynchttpclient.netty.request.NettyRequestSender - Using open Channel [id: 0x5464d0ba, L:/127.0.0.1:63026 - R:localhost/127.0.0.1:56364] for POST '/session/847f59a65095a96fa8f12a979f6a8899/element'
12:43:45.592 [AsyncHttpClient-1-2] DEBUG org.asynchttpclient.netty.handler.HttpHandler - 

Request DefaultHttpRequest(decodeResult: success, version: HTTP/1.1)
POST /session/847f59a65095a96fa8f12a979f6a8899/element HTTP/1.1
User-Agent: selenium/4.1.2 (java windows)
Content-Length: 53
Content-Type: application/json; charset=utf-8
host: localhost:56364
accept: */*

Response DefaultHttpResponse(decodeResult: success, version: HTTP/1.1)
HTTP/1.1 200 OK
Content-Type: application/json; charset=utf-8
cache-control: no-cache
content-length: 88

12:43:45.593 [AsyncHttpClient-1-2] DEBUG org.asynchttpclient.netty.channel.ChannelManager - Adding key: http://localhost:56364 for channel [id: 0x5464d0ba, L:/127.0.0.1:63026 - R:localhost/127.0.0.1:56364]
12:43:45.595 [Forwarding clearElement on session 847f59a65095a96fa8f12a979f6a8899 to remote] DEBUG org.asynchttpclient.netty.request.NettyRequestSender - Using pooled Channel '[id: 0x5464d0ba, L:/127.0.0.1:63026 - R:localhost/127.0.0.1:56364]' for 'POST' to 'http://localhost:56364/session/847f59a65095a96fa8f12a979f6a8899/element/7ff6efdf-19c2-4b54-a4e5-c033fc7e1be8/clear'
12:43:45.595 [Forwarding clearElement on session 847f59a65095a96fa8f12a979f6a8899 to remote] DEBUG org.asynchttpclient.netty.request.NettyRequestSender - Using open Channel [id: 0x5464d0ba, L:/127.0.0.1:63026 - R:localhost/127.0.0.1:56364] for POST '/session/847f59a65095a96fa8f12a979f6a8899/element/7ff6efdf-19c2-4b54-a4e5-c033fc7e1be8/clear'
12:43:45.635 [AsyncHttpClient-1-2] DEBUG org.asynchttpclient.netty.handler.HttpHandler - 

Request DefaultHttpRequest(decodeResult: success, version: HTTP/1.1)
POST /session/847f59a65095a96fa8f12a979f6a8899/element/7ff6efdf-19c2-4b54-a4e5-c033fc7e1be8/clear HTTP/1.1
User-Agent: selenium/4.1.2 (java windows)
Content-Length: 50
Content-Type: application/json; charset=utf-8
host: localhost:56364
accept: */*

Response DefaultHttpResponse(decodeResult: success, version: HTTP/1.1)
HTTP/1.1 200 OK
Content-Type: application/json; charset=utf-8
cache-control: no-cache
content-length: 14

12:43:45.636 [AsyncHttpClient-1-2] DEBUG org.asynchttpclient.netty.channel.ChannelManager - Adding key: http://localhost:56364 for channel [id: 0x5464d0ba, L:/127.0.0.1:63026 - R:localhost/127.0.0.1:56364]
12:43:45.639 [Forwarding sendKeysToElement on session 847f59a65095a96fa8f12a979f6a8899 to remote] DEBUG org.asynchttpclient.netty.request.NettyRequestSender - Using pooled Channel '[id: 0x5464d0ba, L:/127.0.0.1:63026 - R:localhost/127.0.0.1:56364]' for 'POST' to 'http://localhost:56364/session/847f59a65095a96fa8f12a979f6a8899/element/7ff6efdf-19c2-4b54-a4e5-c033fc7e1be8/value'
12:43:45.639 [Forwarding sendKeysToElement on session 847f59a65095a96fa8f12a979f6a8899 to remote] DEBUG org.asynchttpclient.netty.request.NettyRequestSender - Using open Channel [id: 0x5464d0ba, L:/127.0.0.1:63026 - R:localhost/127.0.0.1:56364] for POST '/session/847f59a65095a96fa8f12a979f6a8899/element/7ff6efdf-19c2-4b54-a4e5-c033fc7e1be8/value'
12:43:45.708 [AsyncHttpClient-1-1] DEBUG org.asynchttpclient.netty.channel.DefaultChannelPool - Entry count for : http://localhost:63031 : 1
12:43:46.223 [AsyncHttpClient-1-2] DEBUG org.asynchttpclient.netty.handler.HttpHandler - 

Request DefaultHttpRequest(decodeResult: success, version: HTTP/1.1)
POST /session/847f59a65095a96fa8f12a979f6a8899/element/7ff6efdf-19c2-4b54-a4e5-c033fc7e1be8/value HTTP/1.1
User-Agent: selenium/4.1.2 (java windows)
Content-Length: 171
Content-Type: application/json; charset=utf-8
host: localhost:56364
accept: */*

Response DefaultHttpResponse(decodeResult: success, version: HTTP/1.1)
HTTP/1.1 200 OK
Content-Type: application/json; charset=utf-8
cache-control: no-cache
content-length: 14

12:43:46.223 [AsyncHttpClient-1-2] DEBUG org.asynchttpclient.netty.channel.ChannelManager - Adding key: http://localhost:56364 for channel [id: 0x5464d0ba, L:/127.0.0.1:63026 - R:localhost/127.0.0.1:56364]
12:43:46.235 [Forwarding screenshot on session 847f59a65095a96fa8f12a979f6a8899 to remote] DEBUG org.asynchttpclient.netty.request.NettyRequestSender - Using pooled Channel '[id: 0x5464d0ba, L:/127.0.0.1:63026 - R:localhost/127.0.0.1:56364]' for 'GET' to 'http://localhost:56364/session/847f59a65095a96fa8f12a979f6a8899/screenshot'
12:43:46.235 [Forwarding screenshot on session 847f59a65095a96fa8f12a979f6a8899 to remote] DEBUG org.asynchttpclient.netty.request.NettyRequestSender - Using open Channel [id: 0x5464d0ba, L:/127.0.0.1:63026 - R:localhost/127.0.0.1:56364] for GET '/session/847f59a65095a96fa8f12a979f6a8899/screenshot'
12:43:46.518 [AsyncHttpClient-1-2] DEBUG org.asynchttpclient.netty.handler.HttpHandler - 

Request DefaultFullHttpRequest(decodeResult: success, version: HTTP/1.1, content: EmptyByteBufBE)
GET /session/847f59a65095a96fa8f12a979f6a8899/screenshot HTTP/1.1
User-Agent: selenium/4.1.2 (java windows)
Cache-Control: no-cache
Content-Type: application/json; charset=utf-8
host: localhost:56364
accept: */*

Response DefaultHttpResponse(decodeResult: success, version: HTTP/1.1)
HTTP/1.1 200 OK
Content-Type: application/json; charset=utf-8
cache-control: no-cache
content-length: 445008

12:43:46.520 [AsyncHttpClient-1-2] DEBUG org.asynchttpclient.netty.channel.ChannelManager - Adding key: http://localhost:56364 for channel [id: 0x5464d0ba, L:/127.0.0.1:63026 - R:localhost/127.0.0.1:56364]
12:43:46.539 [main] DEBUG net.serenitybdd.core.photography.Darkroom - Send negative for processing for target\site\serenity\2801964bab17c2bb5d4de042902b7390726b098ffc1babcceb9938d2adc4a9c2.png
12:43:46.540 [main] DEBUG net.thucydides.core.steps.StepInterceptor - STEP DONE: inputPasswordToField
12:43:46.540 [Darkroom Processing Line] DEBUG net.serenitybdd.core.photography.DarkroomProcessingLine - Processing screenshot image in /var/screenshots/screenshot-9800082205331894658
12:43:46.540 [Darkroom Processing Line] DEBUG net.serenitybdd.core.photography.DarkroomProcessingLine - Saving screenshot to target\site\serenity\2801964bab17c2bb5d4de042902b7390726b098ffc1babcceb9938d2adc4a9c2.png
  &amp#27;[32mAnd &amp#27;[0m&amp#27;[32mI input valid password&amp#27;[0m                   &amp#27;[90m# starter.stepdefinition.loginSteps.iInputValidPassword()&amp#27;[0m
12:43:46.567 [main] DEBUG net.thucydides.core.steps.StepInterceptor - STARTING STEP: loginSteps.clickLoginButton - clickLogin
12:43:46.577 [Forwarding findElement on session 847f59a65095a96fa8f12a979f6a8899 to remote] DEBUG org.asynchttpclient.netty.request.NettyRequestSender - Using pooled Channel '[id: 0x5464d0ba, L:/127.0.0.1:63026 - R:localhost/127.0.0.1:56364]' for 'POST' to 'http://localhost:56364/session/847f59a65095a96fa8f12a979f6a8899/element'
12:43:46.577 [Forwarding findElement on session 847f59a65095a96fa8f12a979f6a8899 to remote] DEBUG org.asynchttpclient.netty.request.NettyRequestSender - Using open Channel [id: 0x5464d0ba, L:/127.0.0.1:63026 - R:localhost/127.0.0.1:56364] for POST '/session/847f59a65095a96fa8f12a979f6a8899/element'
12:43:46.592 [AsyncHttpClient-1-2] DEBUG org.asynchttpclient.netty.handler.HttpHandler - 

Request DefaultHttpRequest(decodeResult: success, version: HTTP/1.1)
POST /session/847f59a65095a96fa8f12a979f6a8899/element HTTP/1.1
User-Agent: selenium/4.1.2 (java windows)
Content-Length: 74
Content-Type: application/json; charset=utf-8
host: localhost:56364
accept: */*

Response DefaultHttpResponse(decodeResult: success, version: HTTP/1.1)
HTTP/1.1 200 OK
Content-Type: application/json; charset=utf-8
cache-control: no-cache
content-length: 88

12:43:46.593 [AsyncHttpClient-1-2] DEBUG org.asynchttpclient.netty.channel.ChannelManager - Adding key: http://localhost:56364 for channel [id: 0x5464d0ba, L:/127.0.0.1:63026 - R:localhost/127.0.0.1:56364]
12:43:46.595 [Forwarding getElementTagName on session 847f59a65095a96fa8f12a979f6a8899 to remote] DEBUG org.asynchttpclient.netty.request.NettyRequestSender - Using pooled Channel '[id: 0x5464d0ba, L:/127.0.0.1:63026 - R:localhost/127.0.0.1:56364]' for 'GET' to 'http://localhost:56364/session/847f59a65095a96fa8f12a979f6a8899/element/7716780e-d1dd-4cd7-955e-1e5f2889b9d9/name'
12:43:46.595 [Forwarding getElementTagName on session 847f59a65095a96fa8f12a979f6a8899 to remote] DEBUG org.asynchttpclient.netty.request.NettyRequestSender - Using open Channel [id: 0x5464d0ba, L:/127.0.0.1:63026 - R:localhost/127.0.0.1:56364] for GET '/session/847f59a65095a96fa8f12a979f6a8899/element/7716780e-d1dd-4cd7-955e-1e5f2889b9d9/name'
12:43:46.601 [AsyncHttpClient-1-2] DEBUG org.asynchttpclient.netty.handler.HttpHandler - 

Request DefaultFullHttpRequest(decodeResult: success, version: HTTP/1.1, content: EmptyByteBufBE)
GET /session/847f59a65095a96fa8f12a979f6a8899/element/7716780e-d1dd-4cd7-955e-1e5f2889b9d9/name HTTP/1.1
User-Agent: selenium/4.1.2 (java windows)
Cache-Control: no-cache
Content-Type: application/json; charset=utf-8
host: localhost:56364
accept: */*

Response DefaultHttpResponse(decodeResult: success, version: HTTP/1.1)
HTTP/1.1 200 OK
Content-Type: application/json; charset=utf-8
cache-control: no-cache
content-length: 13

12:43:46.601 [AsyncHttpClient-1-2] DEBUG org.asynchttpclient.netty.channel.ChannelManager - Adding key: http://localhost:56364 for channel [id: 0x5464d0ba, L:/127.0.0.1:63026 - R:localhost/127.0.0.1:56364]
12:43:46.604 [Forwarding getElementTagName on session 847f59a65095a96fa8f12a979f6a8899 to remote] DEBUG org.asynchttpclient.netty.request.NettyRequestSender - Using pooled Channel '[id: 0x5464d0ba, L:/127.0.0.1:63026 - R:localhost/127.0.0.1:56364]' for 'GET' to 'http://localhost:56364/session/847f59a65095a96fa8f12a979f6a8899/element/7716780e-d1dd-4cd7-955e-1e5f2889b9d9/name'
12:43:46.604 [Forwarding getElementTagName on session 847f59a65095a96fa8f12a979f6a8899 to remote] DEBUG org.asynchttpclient.netty.request.NettyRequestSender - Using open Channel [id: 0x5464d0ba, L:/127.0.0.1:63026 - R:localhost/127.0.0.1:56364] for GET '/session/847f59a65095a96fa8f12a979f6a8899/element/7716780e-d1dd-4cd7-955e-1e5f2889b9d9/name'
12:43:46.609 [AsyncHttpClient-1-2] DEBUG org.asynchttpclient.netty.handler.HttpHandler - 

Request DefaultFullHttpRequest(decodeResult: success, version: HTTP/1.1, content: EmptyByteBufBE)
GET /session/847f59a65095a96fa8f12a979f6a8899/element/7716780e-d1dd-4cd7-955e-1e5f2889b9d9/name HTTP/1.1
User-Agent: selenium/4.1.2 (java windows)
Cache-Control: no-cache
Content-Type: application/json; charset=utf-8
host: localhost:56364
accept: */*

Response DefaultHttpResponse(decodeResult: success, version: HTTP/1.1)
HTTP/1.1 200 OK
Content-Type: application/json; charset=utf-8
cache-control: no-cache
content-length: 13

12:43:46.610 [AsyncHttpClient-1-2] DEBUG org.asynchttpclient.netty.channel.ChannelManager - Adding key: http://localhost:56364 for channel [id: 0x5464d0ba, L:/127.0.0.1:63026 - R:localhost/127.0.0.1:56364]
12:43:46.613 [Forwarding findElement on session 847f59a65095a96fa8f12a979f6a8899 to remote] DEBUG org.asynchttpclient.netty.request.NettyRequestSender - Using pooled Channel '[id: 0x5464d0ba, L:/127.0.0.1:63026 - R:localhost/127.0.0.1:56364]' for 'POST' to 'http://localhost:56364/session/847f59a65095a96fa8f12a979f6a8899/element'
12:43:46.613 [Forwarding findElement on session 847f59a65095a96fa8f12a979f6a8899 to remote] DEBUG org.asynchttpclient.netty.request.NettyRequestSender - Using open Channel [id: 0x5464d0ba, L:/127.0.0.1:63026 - R:localhost/127.0.0.1:56364] for POST '/session/847f59a65095a96fa8f12a979f6a8899/element'
12:43:46.621 [AsyncHttpClient-1-2] DEBUG org.asynchttpclient.netty.handler.HttpHandler - 

Request DefaultHttpRequest(decodeResult: success, version: HTTP/1.1)
POST /session/847f59a65095a96fa8f12a979f6a8899/element HTTP/1.1
User-Agent: selenium/4.1.2 (java windows)
Content-Length: 74
Content-Type: application/json; charset=utf-8
host: localhost:56364
accept: */*

Response DefaultHttpResponse(decodeResult: success, version: HTTP/1.1)
HTTP/1.1 200 OK
Content-Type: application/json; charset=utf-8
cache-control: no-cache
content-length: 88

12:43:46.621 [AsyncHttpClient-1-2] DEBUG org.asynchttpclient.netty.channel.ChannelManager - Adding key: http://localhost:56364 for channel [id: 0x5464d0ba, L:/127.0.0.1:63026 - R:localhost/127.0.0.1:56364]
12:43:46.624 [Forwarding clickElement on session 847f59a65095a96fa8f12a979f6a8899 to remote] DEBUG org.asynchttpclient.netty.request.NettyRequestSender - Using pooled Channel '[id: 0x5464d0ba, L:/127.0.0.1:63026 - R:localhost/127.0.0.1:56364]' for 'POST' to 'http://localhost:56364/session/847f59a65095a96fa8f12a979f6a8899/element/7716780e-d1dd-4cd7-955e-1e5f2889b9d9/click'
12:43:46.624 [Forwarding clickElement on session 847f59a65095a96fa8f12a979f6a8899 to remote] DEBUG org.asynchttpclient.netty.request.NettyRequestSender - Using open Channel [id: 0x5464d0ba, L:/127.0.0.1:63026 - R:localhost/127.0.0.1:56364] for POST '/session/847f59a65095a96fa8f12a979f6a8899/element/7716780e-d1dd-4cd7-955e-1e5f2889b9d9/click'
12:43:46.671 [AsyncHttpClient-1-2] DEBUG org.asynchttpclient.netty.handler.HttpHandler - 

Request DefaultHttpRequest(decodeResult: success, version: HTTP/1.1)
POST /session/847f59a65095a96fa8f12a979f6a8899/element/7716780e-d1dd-4cd7-955e-1e5f2889b9d9/click HTTP/1.1
User-Agent: selenium/4.1.2 (java windows)
Content-Length: 50
Content-Type: application/json; charset=utf-8
host: localhost:56364
accept: */*

Response DefaultHttpResponse(decodeResult: success, version: HTTP/1.1)
HTTP/1.1 200 OK
Content-Type: application/json; charset=utf-8
cache-control: no-cache
content-length: 14

12:43:46.672 [AsyncHttpClient-1-2] DEBUG org.asynchttpclient.netty.channel.ChannelManager - Adding key: http://localhost:56364 for channel [id: 0x5464d0ba, L:/127.0.0.1:63026 - R:localhost/127.0.0.1:56364]
12:43:46.682 [Forwarding findElement on session 847f59a65095a96fa8f12a979f6a8899 to remote] DEBUG org.asynchttpclient.netty.request.NettyRequestSender - Using pooled Channel '[id: 0x5464d0ba, L:/127.0.0.1:63026 - R:localhost/127.0.0.1:56364]' for 'POST' to 'http://localhost:56364/session/847f59a65095a96fa8f12a979f6a8899/element'
12:43:46.682 [Forwarding findElement on session 847f59a65095a96fa8f12a979f6a8899 to remote] DEBUG org.asynchttpclient.netty.request.NettyRequestSender - Using open Channel [id: 0x5464d0ba, L:/127.0.0.1:63026 - R:localhost/127.0.0.1:56364] for POST '/session/847f59a65095a96fa8f12a979f6a8899/element'
12:43:46.690 [AsyncHttpClient-1-2] DEBUG org.asynchttpclient.netty.handler.HttpHandler - 

Request DefaultHttpRequest(decodeResult: success, version: HTTP/1.1)
POST /session/847f59a65095a96fa8f12a979f6a8899/element HTTP/1.1
User-Agent: selenium/4.1.2 (java windows)
Content-Length: 50
Content-Type: application/json; charset=utf-8
host: localhost:56364
accept: */*

Response DefaultHttpResponse(decodeResult: success, version: HTTP/1.1)
HTTP/1.1 200 OK
Content-Type: application/json; charset=utf-8
cache-control: no-cache
content-length: 88

12:43:46.690 [AsyncHttpClient-1-2] DEBUG org.asynchttpclient.netty.channel.ChannelManager - Adding key: http://localhost:56364 for channel [id: 0x5464d0ba, L:/127.0.0.1:63026 - R:localhost/127.0.0.1:56364]
12:43:46.693 [Forwarding getElementTagName on session 847f59a65095a96fa8f12a979f6a8899 to remote] DEBUG org.asynchttpclient.netty.request.NettyRequestSender - Using pooled Channel '[id: 0x5464d0ba, L:/127.0.0.1:63026 - R:localhost/127.0.0.1:56364]' for 'GET' to 'http://localhost:56364/session/847f59a65095a96fa8f12a979f6a8899/element/da617bff-4885-4590-96cd-ee891f14623a/name'
12:43:46.693 [Forwarding getElementTagName on session 847f59a65095a96fa8f12a979f6a8899 to remote] DEBUG org.asynchttpclient.netty.request.NettyRequestSender - Using open Channel [id: 0x5464d0ba, L:/127.0.0.1:63026 - R:localhost/127.0.0.1:56364] for GET '/session/847f59a65095a96fa8f12a979f6a8899/element/da617bff-4885-4590-96cd-ee891f14623a/name'
12:43:46.698 [AsyncHttpClient-1-2] DEBUG org.asynchttpclient.netty.handler.HttpHandler - 

Request DefaultFullHttpRequest(decodeResult: success, version: HTTP/1.1, content: EmptyByteBufBE)
GET /session/847f59a65095a96fa8f12a979f6a8899/element/da617bff-4885-4590-96cd-ee891f14623a/name HTTP/1.1
User-Agent: selenium/4.1.2 (java windows)
Cache-Control: no-cache
Content-Type: application/json; charset=utf-8
host: localhost:56364
accept: */*

Response DefaultHttpResponse(decodeResult: success, version: HTTP/1.1)
HTTP/1.1 200 OK
Content-Type: application/json; charset=utf-8
cache-control: no-cache
content-length: 18

12:43:46.699 [AsyncHttpClient-1-2] DEBUG org.asynchttpclient.netty.channel.ChannelManager - Adding key: http://localhost:56364 for channel [id: 0x5464d0ba, L:/127.0.0.1:63026 - R:localhost/127.0.0.1:56364]
12:43:46.703 [Forwarding getElementTagName on session 847f59a65095a96fa8f12a979f6a8899 to remote] DEBUG org.asynchttpclient.netty.request.NettyRequestSender - Using pooled Channel '[id: 0x5464d0ba, L:/127.0.0.1:63026 - R:localhost/127.0.0.1:56364]' for 'GET' to 'http://localhost:56364/session/847f59a65095a96fa8f12a979f6a8899/element/da617bff-4885-4590-96cd-ee891f14623a/name'
12:43:46.703 [Forwarding getElementTagName on session 847f59a65095a96fa8f12a979f6a8899 to remote] DEBUG org.asynchttpclient.netty.request.NettyRequestSender - Using open Channel [id: 0x5464d0ba, L:/127.0.0.1:63026 - R:localhost/127.0.0.1:56364] for GET '/session/847f59a65095a96fa8f12a979f6a8899/element/da617bff-4885-4590-96cd-ee891f14623a/name'
12:43:46.707 [AsyncHttpClient-1-2] DEBUG org.asynchttpclient.netty.handler.HttpHandler - 

Request DefaultFullHttpRequest(decodeResult: success, version: HTTP/1.1, content: EmptyByteBufBE)
GET /session/847f59a65095a96fa8f12a979f6a8899/element/da617bff-4885-4590-96cd-ee891f14623a/name HTTP/1.1
User-Agent: selenium/4.1.2 (java windows)
Cache-Control: no-cache
Content-Type: application/json; charset=utf-8
host: localhost:56364
accept: */*

Response DefaultHttpResponse(decodeResult: success, version: HTTP/1.1)
HTTP/1.1 200 OK
Content-Type: application/json; charset=utf-8
cache-control: no-cache
content-length: 18

12:43:46.707 [AsyncHttpClient-1-2] DEBUG org.asynchttpclient.netty.channel.ChannelManager - Adding key: http://localhost:56364 for channel [id: 0x5464d0ba, L:/127.0.0.1:63026 - R:localhost/127.0.0.1:56364]
12:43:46.715 [Forwarding isElementEnabled on session 847f59a65095a96fa8f12a979f6a8899 to remote] DEBUG org.asynchttpclient.netty.request.NettyRequestSender - Using pooled Channel '[id: 0x5464d0ba, L:/127.0.0.1:63026 - R:localhost/127.0.0.1:56364]' for 'GET' to 'http://localhost:56364/session/847f59a65095a96fa8f12a979f6a8899/element/da617bff-4885-4590-96cd-ee891f14623a/enabled'
12:43:46.716 [Forwarding isElementEnabled on session 847f59a65095a96fa8f12a979f6a8899 to remote] DEBUG org.asynchttpclient.netty.request.NettyRequestSender - Using open Channel [id: 0x5464d0ba, L:/127.0.0.1:63026 - R:localhost/127.0.0.1:56364] for GET '/session/847f59a65095a96fa8f12a979f6a8899/element/da617bff-4885-4590-96cd-ee891f14623a/enabled'
12:43:46.724 [AsyncHttpClient-1-2] DEBUG org.asynchttpclient.netty.handler.HttpHandler - 

Request DefaultFullHttpRequest(decodeResult: success, version: HTTP/1.1, content: EmptyByteBufBE)
GET /session/847f59a65095a96fa8f12a979f6a8899/element/da617bff-4885-4590-96cd-ee891f14623a/enabled HTTP/1.1
User-Agent: selenium/4.1.2 (java windows)
Cache-Control: no-cache
Content-Type: application/json; charset=utf-8
host: localhost:56364
accept: */*

Response DefaultHttpResponse(decodeResult: success, version: HTTP/1.1)
HTTP/1.1 200 OK
Content-Type: application/json; charset=utf-8
cache-control: no-cache
content-length: 14

12:43:46.725 [AsyncHttpClient-1-2] DEBUG org.asynchttpclient.netty.channel.ChannelManager - Adding key: http://localhost:56364 for channel [id: 0x5464d0ba, L:/127.0.0.1:63026 - R:localhost/127.0.0.1:56364]
12:43:46.727 [Forwarding isElementEnabled on session 847f59a65095a96fa8f12a979f6a8899 to remote] DEBUG org.asynchttpclient.netty.request.NettyRequestSender - Using pooled Channel '[id: 0x5464d0ba, L:/127.0.0.1:63026 - R:localhost/127.0.0.1:56364]' for 'GET' to 'http://localhost:56364/session/847f59a65095a96fa8f12a979f6a8899/element/da617bff-4885-4590-96cd-ee891f14623a/enabled'
12:43:46.727 [Forwarding isElementEnabled on session 847f59a65095a96fa8f12a979f6a8899 to remote] DEBUG org.asynchttpclient.netty.request.NettyRequestSender - Using open Channel [id: 0x5464d0ba, L:/127.0.0.1:63026 - R:localhost/127.0.0.1:56364] for GET '/session/847f59a65095a96fa8f12a979f6a8899/element/da617bff-4885-4590-96cd-ee891f14623a/enabled'
12:43:46.735 [AsyncHttpClient-1-2] DEBUG org.asynchttpclient.netty.handler.HttpHandler - 

Request DefaultFullHttpRequest(decodeResult: success, version: HTTP/1.1, content: EmptyByteBufBE)
GET /session/847f59a65095a96fa8f12a979f6a8899/element/da617bff-4885-4590-96cd-ee891f14623a/enabled HTTP/1.1
User-Agent: selenium/4.1.2 (java windows)
Cache-Control: no-cache
Content-Type: application/json; charset=utf-8
host: localhost:56364
accept: */*

Response DefaultHttpResponse(decodeResult: success, version: HTTP/1.1)
HTTP/1.1 200 OK
Content-Type: application/json; charset=utf-8
cache-control: no-cache
content-length: 14

12:43:46.736 [AsyncHttpClient-1-2] DEBUG org.asynchttpclient.netty.channel.ChannelManager - Adding key: http://localhost:56364 for channel [id: 0x5464d0ba, L:/127.0.0.1:63026 - R:localhost/127.0.0.1:56364]
12:43:46.739 [Forwarding findElement on session 847f59a65095a96fa8f12a979f6a8899 to remote] DEBUG org.asynchttpclient.netty.request.NettyRequestSender - Using pooled Channel '[id: 0x5464d0ba, L:/127.0.0.1:63026 - R:localhost/127.0.0.1:56364]' for 'POST' to 'http://localhost:56364/session/847f59a65095a96fa8f12a979f6a8899/element'
12:43:46.739 [Forwarding findElement on session 847f59a65095a96fa8f12a979f6a8899 to remote] DEBUG org.asynchttpclient.netty.request.NettyRequestSender - Using open Channel [id: 0x5464d0ba, L:/127.0.0.1:63026 - R:localhost/127.0.0.1:56364] for POST '/session/847f59a65095a96fa8f12a979f6a8899/element'
12:43:46.748 [AsyncHttpClient-1-2] DEBUG org.asynchttpclient.netty.handler.HttpHandler - 

Request DefaultHttpRequest(decodeResult: success, version: HTTP/1.1)
POST /session/847f59a65095a96fa8f12a979f6a8899/element HTTP/1.1
User-Agent: selenium/4.1.2 (java windows)
Content-Length: 50
Content-Type: application/json; charset=utf-8
host: localhost:56364
accept: */*

Response DefaultHttpResponse(decodeResult: success, version: HTTP/1.1)
HTTP/1.1 200 OK
Content-Type: application/json; charset=utf-8
cache-control: no-cache
content-length: 88

12:43:46.748 [AsyncHttpClient-1-2] DEBUG org.asynchttpclient.netty.channel.ChannelManager - Adding key: http://localhost:56364 for channel [id: 0x5464d0ba, L:/127.0.0.1:63026 - R:localhost/127.0.0.1:56364]
12:43:46.752 [Forwarding clickElement on session 847f59a65095a96fa8f12a979f6a8899 to remote] DEBUG org.asynchttpclient.netty.request.NettyRequestSender - Using pooled Channel '[id: 0x5464d0ba, L:/127.0.0.1:63026 - R:localhost/127.0.0.1:56364]' for 'POST' to 'http://localhost:56364/session/847f59a65095a96fa8f12a979f6a8899/element/da617bff-4885-4590-96cd-ee891f14623a/click'
12:43:46.752 [Forwarding clickElement on session 847f59a65095a96fa8f12a979f6a8899 to remote] DEBUG org.asynchttpclient.netty.request.NettyRequestSender - Using open Channel [id: 0x5464d0ba, L:/127.0.0.1:63026 - R:localhost/127.0.0.1:56364] for POST '/session/847f59a65095a96fa8f12a979f6a8899/element/da617bff-4885-4590-96cd-ee891f14623a/click'
12:43:46.796 [AsyncHttpClient-1-1] DEBUG org.asynchttpclient.netty.channel.DefaultChannelPool - Entry count for : http://localhost:63031 : 1
12:43:46.797 [AsyncHttpClient-1-2] DEBUG org.asynchttpclient.netty.handler.HttpHandler - 

Request DefaultHttpRequest(decodeResult: success, version: HTTP/1.1)
POST /session/847f59a65095a96fa8f12a979f6a8899/element/da617bff-4885-4590-96cd-ee891f14623a/click HTTP/1.1
User-Agent: selenium/4.1.2 (java windows)
Content-Length: 50
Content-Type: application/json; charset=utf-8
host: localhost:56364
accept: */*

Response DefaultHttpResponse(decodeResult: success, version: HTTP/1.1)
HTTP/1.1 200 OK
Content-Type: application/json; charset=utf-8
cache-control: no-cache
content-length: 14

12:43:46.797 [AsyncHttpClient-1-2] DEBUG org.asynchttpclient.netty.channel.ChannelManager - Adding key: http://localhost:56364 for channel [id: 0x5464d0ba, L:/127.0.0.1:63026 - R:localhost/127.0.0.1:56364]
12:43:46.808 [Forwarding screenshot on session 847f59a65095a96fa8f12a979f6a8899 to remote] DEBUG org.asynchttpclient.netty.request.NettyRequestSender - Using pooled Channel '[id: 0x5464d0ba, L:/127.0.0.1:63026 - R:localhost/127.0.0.1:56364]' for 'GET' to 'http://localhost:56364/session/847f59a65095a96fa8f12a979f6a8899/screenshot'
12:43:46.808 [Forwarding screenshot on session 847f59a65095a96fa8f12a979f6a8899 to remote] DEBUG org.asynchttpclient.netty.request.NettyRequestSender - Using open Channel [id: 0x5464d0ba, L:/127.0.0.1:63026 - R:localhost/127.0.0.1:56364] for GET '/session/847f59a65095a96fa8f12a979f6a8899/screenshot'
12:43:47.021 [AsyncHttpClient-1-2] DEBUG org.asynchttpclient.netty.handler.HttpHandler - 

Request DefaultFullHttpRequest(decodeResult: success, version: HTTP/1.1, content: EmptyByteBufBE)
GET /session/847f59a65095a96fa8f12a979f6a8899/screenshot HTTP/1.1
User-Agent: selenium/4.1.2 (java windows)
Cache-Control: no-cache
Content-Type: application/json; charset=utf-8
host: localhost:56364
accept: */*

Response DefaultHttpResponse(decodeResult: success, version: HTTP/1.1)
HTTP/1.1 200 OK
Content-Type: application/json; charset=utf-8
cache-control: no-cache
content-length: 287308

12:43:47.023 [AsyncHttpClient-1-2] DEBUG org.asynchttpclient.netty.channel.ChannelManager - Adding key: http://localhost:56364 for channel [id: 0x5464d0ba, L:/127.0.0.1:63026 - R:localhost/127.0.0.1:56364]
12:43:47.033 [main] DEBUG net.serenitybdd.core.photography.Darkroom - Send negative for processing for target\site\serenity\d65dd0b3eafc65dda0775e2b7d7bac25c81ba49e01927a21093d48ac6b1db5f6.png
12:43:47.034 [main] DEBUG net.thucydides.core.steps.StepInterceptor - STEP DONE: clickLogin
12:43:47.034 [Darkroom Processing Line] DEBUG net.serenitybdd.core.photography.DarkroomProcessingLine - Processing screenshot image in /var/screenshots/screenshot-9129226898108462531
12:43:47.034 [Darkroom Processing Line] DEBUG net.serenitybdd.core.photography.DarkroomProcessingLine - Saving screenshot to target\site\serenity\d65dd0b3eafc65dda0775e2b7d7bac25c81ba49e01927a21093d48ac6b1db5f6.png
  &amp#27;[32mAnd &amp#27;[0m&amp#27;[32mclick login button&amp#27;[0m                       &amp#27;[90m# starter.stepdefinition.loginSteps.clickLoginButton()&amp#27;[0m
12:43:47.059 [main] DEBUG net.thucydides.core.steps.StepInterceptor - STARTING STEP: loginSteps.iGoToHomepage - validateHomePageAppear
12:43:47.062 [Forwarding findElement on session 847f59a65095a96fa8f12a979f6a8899 to remote] DEBUG org.asynchttpclient.netty.request.NettyRequestSender - Using pooled Channel '[id: 0x5464d0ba, L:/127.0.0.1:63026 - R:localhost/127.0.0.1:56364]' for 'POST' to 'http://localhost:56364/session/847f59a65095a96fa8f12a979f6a8899/element'
12:43:47.062 [Forwarding findElement on session 847f59a65095a96fa8f12a979f6a8899 to remote] DEBUG org.asynchttpclient.netty.request.NettyRequestSender - Using open Channel [id: 0x5464d0ba, L:/127.0.0.1:63026 - R:localhost/127.0.0.1:56364] for POST '/session/847f59a65095a96fa8f12a979f6a8899/element'
12:43:47.895 [AsyncHttpClient-1-1] DEBUG org.asynchttpclient.netty.channel.DefaultChannelPool - Entry count for : http://localhost:63031 : 1
12:43:47.954 [AsyncHttpClient-1-2] DEBUG org.asynchttpclient.netty.handler.HttpHandler - 

Request DefaultHttpRequest(decodeResult: success, version: HTTP/1.1)
POST /session/847f59a65095a96fa8f12a979f6a8899/element HTTP/1.1
User-Agent: selenium/4.1.2 (java windows)
Content-Length: 74
Content-Type: application/json; charset=utf-8
host: localhost:56364
accept: */*

Response DefaultHttpResponse(decodeResult: success, version: HTTP/1.1)
HTTP/1.1 200 OK
Content-Type: application/json; charset=utf-8
cache-control: no-cache
content-length: 88

12:43:47.954 [AsyncHttpClient-1-2] DEBUG org.asynchttpclient.netty.channel.ChannelManager - Adding key: http://localhost:56364 for channel [id: 0x5464d0ba, L:/127.0.0.1:63026 - R:localhost/127.0.0.1:56364]
12:43:47.959 [Forwarding isElementDisplayed on session 847f59a65095a96fa8f12a979f6a8899 to remote] DEBUG org.asynchttpclient.netty.request.NettyRequestSender - Using pooled Channel '[id: 0x5464d0ba, L:/127.0.0.1:63026 - R:localhost/127.0.0.1:56364]' for 'POST' to 'http://localhost:56364/session/847f59a65095a96fa8f12a979f6a8899/execute/sync'
12:43:47.960 [Forwarding isElementDisplayed on session 847f59a65095a96fa8f12a979f6a8899 to remote] DEBUG org.asynchttpclient.netty.request.NettyRequestSender - Using open Channel [id: 0x5464d0ba, L:/127.0.0.1:63026 - R:localhost/127.0.0.1:56364] for POST '/session/847f59a65095a96fa8f12a979f6a8899/execute/sync'
12:43:47.977 [AsyncHttpClient-1-2] DEBUG org.asynchttpclient.netty.handler.HttpHandler - 

Request DefaultHttpRequest(decodeResult: success, version: HTTP/1.1)
POST /session/847f59a65095a96fa8f12a979f6a8899/execute/sync HTTP/1.1
User-Agent: selenium/4.1.2 (java windows)
Content-Length: 48780
Content-Type: application/json; charset=utf-8
host: localhost:56364
accept: */*

Response DefaultHttpResponse(decodeResult: success, version: HTTP/1.1)
HTTP/1.1 200 OK
Content-Type: application/json; charset=utf-8
cache-control: no-cache
content-length: 14

12:43:47.978 [AsyncHttpClient-1-2] DEBUG org.asynchttpclient.netty.channel.ChannelManager - Adding key: http://localhost:56364 for channel [id: 0x5464d0ba, L:/127.0.0.1:63026 - R:localhost/127.0.0.1:56364]
12:43:47.986 [Forwarding screenshot on session 847f59a65095a96fa8f12a979f6a8899 to remote] DEBUG org.asynchttpclient.netty.request.NettyRequestSender - Using pooled Channel '[id: 0x5464d0ba, L:/127.0.0.1:63026 - R:localhost/127.0.0.1:56364]' for 'GET' to 'http://localhost:56364/session/847f59a65095a96fa8f12a979f6a8899/screenshot'
12:43:47.986 [Forwarding screenshot on session 847f59a65095a96fa8f12a979f6a8899 to remote] DEBUG org.asynchttpclient.netty.request.NettyRequestSender - Using open Channel [id: 0x5464d0ba, L:/127.0.0.1:63026 - R:localhost/127.0.0.1:56364] for GET '/session/847f59a65095a96fa8f12a979f6a8899/screenshot'
12:43:48.620 [AsyncHttpClient-1-2] DEBUG org.asynchttpclient.netty.handler.HttpHandler - 

Request DefaultFullHttpRequest(decodeResult: success, version: HTTP/1.1, content: EmptyByteBufBE)
GET /session/847f59a65095a96fa8f12a979f6a8899/screenshot HTTP/1.1
User-Agent: selenium/4.1.2 (java windows)
Cache-Control: no-cache
Content-Type: application/json; charset=utf-8
host: localhost:56364
accept: */*

Response DefaultHttpResponse(decodeResult: success, version: HTTP/1.1)
HTTP/1.1 200 OK
Content-Type: application/json; charset=utf-8
cache-control: no-cache
content-length: 314692

12:43:48.623 [AsyncHttpClient-1-2] DEBUG org.asynchttpclient.netty.channel.ChannelManager - Adding key: http://localhost:56364 for channel [id: 0x5464d0ba, L:/127.0.0.1:63026 - R:localhost/127.0.0.1:56364]
12:43:48.643 [main] DEBUG net.serenitybdd.core.photography.Darkroom - Send negative for processing for target\site\serenity\e5fbd6e318c0308b54426353e452a4832f2a85ca33c02f83469e27c996dc036c.png
12:43:48.644 [main] DEBUG net.thucydides.core.steps.StepInterceptor - STEP DONE: validateHomePageAppear
12:43:48.644 [Darkroom Processing Line] DEBUG net.serenitybdd.core.photography.DarkroomProcessingLine - Processing screenshot image in /var/screenshots/screenshot-10055882198383049230
12:43:48.644 [Darkroom Processing Line] DEBUG net.serenitybdd.core.photography.DarkroomProcessingLine - Saving screenshot to target\site\serenity\e5fbd6e318c0308b54426353e452a4832f2a85ca33c02f83469e27c996dc036c.png
12:43:48.658 [main] DEBUG net.thucydides.core.steps.StepInterceptor - STARTING STEP: loginSteps.iGoToHomepage - headerTextEqual
12:43:48.661 [Forwarding findElement on session 847f59a65095a96fa8f12a979f6a8899 to remote] DEBUG org.asynchttpclient.netty.request.NettyRequestSender - Using pooled Channel '[id: 0x5464d0ba, L:/127.0.0.1:63026 - R:localhost/127.0.0.1:56364]' for 'POST' to 'http://localhost:56364/session/847f59a65095a96fa8f12a979f6a8899/element'
12:43:48.662 [Forwarding findElement on session 847f59a65095a96fa8f12a979f6a8899 to remote] DEBUG org.asynchttpclient.netty.request.NettyRequestSender - Using open Channel [id: 0x5464d0ba, L:/127.0.0.1:63026 - R:localhost/127.0.0.1:56364] for POST '/session/847f59a65095a96fa8f12a979f6a8899/element'
12:43:48.673 [AsyncHttpClient-1-2] DEBUG org.asynchttpclient.netty.handler.HttpHandler - 

Request DefaultHttpRequest(decodeResult: success, version: HTTP/1.1)
POST /session/847f59a65095a96fa8f12a979f6a8899/element HTTP/1.1
User-Agent: selenium/4.1.2 (java windows)
Content-Length: 74
Content-Type: application/json; charset=utf-8
host: localhost:56364
accept: */*

Response DefaultHttpResponse(decodeResult: success, version: HTTP/1.1)
HTTP/1.1 200 OK
Content-Type: application/json; charset=utf-8
cache-control: no-cache
content-length: 88

12:43:48.674 [AsyncHttpClient-1-2] DEBUG org.asynchttpclient.netty.channel.ChannelManager - Adding key: http://localhost:56364 for channel [id: 0x5464d0ba, L:/127.0.0.1:63026 - R:localhost/127.0.0.1:56364]
12:43:48.688 [Forwarding getElementText on session 847f59a65095a96fa8f12a979f6a8899 to remote] DEBUG org.asynchttpclient.netty.request.NettyRequestSender - Using pooled Channel '[id: 0x5464d0ba, L:/127.0.0.1:63026 - R:localhost/127.0.0.1:56364]' for 'GET' to 'http://localhost:56364/session/847f59a65095a96fa8f12a979f6a8899/element/be3e0d8d-0d25-41ba-88be-b3e207e206e7/text'
12:43:48.688 [Forwarding getElementText on session 847f59a65095a96fa8f12a979f6a8899 to remote] DEBUG org.asynchttpclient.netty.request.NettyRequestSender - Using open Channel [id: 0x5464d0ba, L:/127.0.0.1:63026 - R:localhost/127.0.0.1:56364] for GET '/session/847f59a65095a96fa8f12a979f6a8899/element/be3e0d8d-0d25-41ba-88be-b3e207e206e7/text'
12:43:48.712 [AsyncHttpClient-1-2] DEBUG org.asynchttpclient.netty.handler.HttpHandler - 

Request DefaultFullHttpRequest(decodeResult: success, version: HTTP/1.1, content: EmptyByteBufBE)
GET /session/847f59a65095a96fa8f12a979f6a8899/element/be3e0d8d-0d25-41ba-88be-b3e207e206e7/text HTTP/1.1
User-Agent: selenium/4.1.2 (java windows)
Cache-Control: no-cache
Content-Type: application/json; charset=utf-8
host: localhost:56364
accept: */*

Response DefaultHttpResponse(decodeResult: success, version: HTTP/1.1)
HTTP/1.1 200 OK
Content-Type: application/json; charset=utf-8
cache-control: no-cache
content-length: 19

12:43:48.712 [AsyncHttpClient-1-2] DEBUG org.asynchttpclient.netty.channel.ChannelManager - Adding key: http://localhost:56364 for channel [id: 0x5464d0ba, L:/127.0.0.1:63026 - R:localhost/127.0.0.1:56364]
12:43:48.724 [Forwarding screenshot on session 847f59a65095a96fa8f12a979f6a8899 to remote] DEBUG org.asynchttpclient.netty.request.NettyRequestSender - Using pooled Channel '[id: 0x5464d0ba, L:/127.0.0.1:63026 - R:localhost/127.0.0.1:56364]' for 'GET' to 'http://localhost:56364/session/847f59a65095a96fa8f12a979f6a8899/screenshot'
12:43:48.725 [Forwarding screenshot on session 847f59a65095a96fa8f12a979f6a8899 to remote] DEBUG org.asynchttpclient.netty.request.NettyRequestSender - Using open Channel [id: 0x5464d0ba, L:/127.0.0.1:63026 - R:localhost/127.0.0.1:56364] for GET '/session/847f59a65095a96fa8f12a979f6a8899/screenshot'
12:43:48.999 [AsyncHttpClient-1-1] DEBUG org.asynchttpclient.netty.channel.DefaultChannelPool - Entry count for : http://localhost:63031 : 1
12:43:49.123 [AsyncHttpClient-1-2] DEBUG org.asynchttpclient.netty.handler.HttpHandler - 

Request DefaultFullHttpRequest(decodeResult: success, version: HTTP/1.1, content: EmptyByteBufBE)
GET /session/847f59a65095a96fa8f12a979f6a8899/screenshot HTTP/1.1
User-Agent: selenium/4.1.2 (java windows)
Cache-Control: no-cache
Content-Type: application/json; charset=utf-8
host: localhost:56364
accept: */*

Response DefaultHttpResponse(decodeResult: success, version: HTTP/1.1)
HTTP/1.1 200 OK
Content-Type: application/json; charset=utf-8
cache-control: no-cache
content-length: 314692

12:43:49.124 [AsyncHttpClient-1-2] DEBUG org.asynchttpclient.netty.channel.ChannelManager - Adding key: http://localhost:56364 for channel [id: 0x5464d0ba, L:/127.0.0.1:63026 - R:localhost/127.0.0.1:56364]
12:43:49.141 [main] DEBUG net.serenitybdd.core.photography.Darkroom - Send negative for processing for target\site\serenity\e5fbd6e318c0308b54426353e452a4832f2a85ca33c02f83469e27c996dc036c.png
12:43:49.141 [main] DEBUG net.thucydides.core.steps.StepInterceptor - STEP DONE: headerTextEqual
  &amp#27;[32mThen &amp#27;[0m&amp#27;[32mI go to homepage&amp#27;[0m                        &amp#27;[90m# starter.stepdefinition.loginSteps.iGoToHomepage()&amp#27;[0m
12:43:49.154 [main] INFO  - 
  _____   ___   ___   _____     ___     _     ___   ___   ___   ___  
 |_   _| | __| / __| |_   _|   | _ \   /_\   / __| / __| | __| |   \ 
   | |   | _|  \__ \   | |     |  _/  / _ \  \__ \ \__ \ | _|  | |) |
   |_|   |___| |___/   |_|     |_|   /_/ \_\ |___/ |___/ |___| |___/ 

As a user i have to be able to login
----------------------------------------------------------------------
12:43:49.331 [Driver Command Executor] DEBUG org.asynchttpclient.netty.request.NettyRequestSender - Using pooled Channel '[id: 0x5464d0ba, L:/127.0.0.1:63026 - R:localhost/127.0.0.1:56364]' for 'DELETE' to 'http://localhost:56364/session/847f59a65095a96fa8f12a979f6a8899'
12:43:49.331 [Driver Command Executor] DEBUG org.asynchttpclient.netty.request.NettyRequestSender - Using open Channel [id: 0x5464d0ba, L:/127.0.0.1:63026 - R:localhost/127.0.0.1:56364] for DELETE '/session/847f59a65095a96fa8f12a979f6a8899'
12:43:49.332 [AsyncHttpClient-1-4] DEBUG org.asynchttpclient.netty.handler.WebSocketHandler - Channel Closed: [id: 0x968a6ed2, L:/127.0.0.1:63045 ! R:localhost/127.0.0.1:63031] with attribute NettyResponseFuture{currentRetry=5,
	isDone=1,
	isCancelled=0,
	asyncHandler=org.asynchttpclient.ws.WebSocketUpgradeHandler@52119ba3,
	nettyRequest=org.asynchttpclient.netty.request.NettyRequest@62664ce3,
	future=java.util.concurrent.CompletableFuture@7b4cf191[Completed normally],
	uri=ws://localhost:63031/devtools/browser/b44580cf-d672-486b-bdb5-b90648bb9232,
	keepAlive=true,
	redirectCount=0,
	timeoutsHolder=null,
	inAuth=0,
	touch=1648619011025}
12:43:49.333 [AsyncHttpClient-1-4] DEBUG org.asynchttpclient.netty.channel.ChannelManager - Closing Channel [id: 0x968a6ed2, L:/127.0.0.1:63045 ! R:localhost/127.0.0.1:63031] 
12:43:50.031 [AsyncHttpClient-1-2] DEBUG org.asynchttpclient.netty.handler.HttpHandler - 

Request DefaultFullHttpRequest(decodeResult: success, version: HTTP/1.1, content: EmptyByteBufBE)
DELETE /session/847f59a65095a96fa8f12a979f6a8899 HTTP/1.1
User-Agent: selenium/4.1.2 (java windows)
Content-Type: application/json; charset=utf-8
host: localhost:56364
accept: */*

Response DefaultHttpResponse(decodeResult: success, version: HTTP/1.1)
HTTP/1.1 200 OK
Content-Type: application/json; charset=utf-8
cache-control: no-cache
content-length: 14

12:43:50.032 [AsyncHttpClient-1-2] DEBUG org.asynchttpclient.netty.channel.ChannelManager - Adding key: http://localhost:56364 for channel [id: 0x5464d0ba, L:/127.0.0.1:63026 - R:localhost/127.0.0.1:56364]
12:43:50.059 [AsyncHttpClient-1-3] DEBUG org.asynchttpclient.netty.handler.HttpHandler - Unexpected I/O exception on channel [id: 0x4509cc79, L:/127.0.0.1:63042 - R:localhost/127.0.0.1:63031]
java.net.SocketException: Connection reset
	at java.base/sun.nio.ch.SocketChannelImpl.throwConnectionReset(SocketChannelImpl.java:367)
	at java.base/sun.nio.ch.SocketChannelImpl.read(SocketChannelImpl.java:398)
	at io.netty.buffer.PooledByteBuf.setBytes(PooledByteBuf.java:258)
	at io.netty.buffer.AbstractByteBuf.writeBytes(AbstractByteBuf.java:1132)
	at io.netty.channel.socket.nio.NioSocketChannel.doReadBytes(NioSocketChannel.java:350)
	at io.netty.channel.nio.AbstractNioByteChannel$NioByteUnsafe.read(AbstractNioByteChannel.java:151)
	at io.netty.channel.nio.NioEventLoop.processSelectedKey(NioEventLoop.java:722)
	at io.netty.channel.nio.NioEventLoop.processSelectedKeysOptimized(NioEventLoop.java:658)
	at io.netty.channel.nio.NioEventLoop.processSelectedKeys(NioEventLoop.java:584)
	at io.netty.channel.nio.NioEventLoop.run(NioEventLoop.java:496)
	at io.netty.util.concurrent.SingleThreadEventExecutor$4.run(SingleThreadEventExecutor.java:986)
	at io.netty.util.internal.ThreadExecutorMap$2.run(ThreadExecutorMap.java:74)
	at io.netty.util.concurrent.FastThreadLocalRunnable.run(FastThreadLocalRunnable.java:30)
	at java.base/java.lang.Thread.run(Thread.java:832)
12:43:50.060 [AsyncHttpClient-1-3] DEBUG org.asynchttpclient.netty.channel.ChannelManager - Closing Channel [id: 0x4509cc79, L:/127.0.0.1:63042 - R:localhost/127.0.0.1:63031] 
12:43:50.096 [AsyncHttpClient-1-1] DEBUG org.asynchttpclient.netty.channel.DefaultChannelPool - Entry count for : http://localhost:56364 : 1
12:43:50.096 [AsyncHttpClient-1-1] DEBUG org.asynchttpclient.netty.channel.DefaultChannelPool - Entry count for : http://localhost:63031 : 1
12:43:50.096 [AsyncHttpClient-1-1] DEBUG org.asynchttpclient.netty.channel.DefaultChannelPool - Adding Candidate expired Channel [id: 0x4509cc79, L:/127.0.0.1:63042 ! R:localhost/127.0.0.1:63031] isIdleTimeoutExpired=false isRemotelyClosed=true isTtlExpired=false
12:43:50.096 [AsyncHttpClient-1-1] DEBUG org.asynchttpclient.netty.channel.DefaultChannelPool - Closing Idle Channel [id: 0x4509cc79, L:/127.0.0.1:63042 ! R:localhost/127.0.0.1:63031]
12:43:50.097 [AsyncHttpClient-1-1] DEBUG org.asynchttpclient.netty.channel.DefaultChannelPool - Closed 1 connections out of 2 in 1 ms
12:43:50.132 [AsyncHttpClient-1-3] DEBUG org.asynchttpclient.netty.handler.HttpHandler - Channel Closed: [id: 0x4509cc79, L:/127.0.0.1:63042 ! R:localhost/127.0.0.1:63031] with attribute DISCARD
12:43:51.086 [AsyncHttpClient-1-2] DEBUG org.asynchttpclient.netty.handler.HttpHandler - Unexpected I/O exception on channel [id: 0x5464d0ba, L:/127.0.0.1:63026 - R:localhost/127.0.0.1:56364]
java.net.SocketException: Connection reset
	at java.base/sun.nio.ch.SocketChannelImpl.throwConnectionReset(SocketChannelImpl.java:367)
	at java.base/sun.nio.ch.SocketChannelImpl.read(SocketChannelImpl.java:398)
	at io.netty.buffer.PooledByteBuf.setBytes(PooledByteBuf.java:258)
	at io.netty.buffer.AbstractByteBuf.writeBytes(AbstractByteBuf.java:1132)
	at io.netty.channel.socket.nio.NioSocketChannel.doReadBytes(NioSocketChannel.java:350)
	at io.netty.channel.nio.AbstractNioByteChannel$NioByteUnsafe.read(AbstractNioByteChannel.java:151)
	at io.netty.channel.nio.NioEventLoop.processSelectedKey(NioEventLoop.java:722)
	at io.netty.channel.nio.NioEventLoop.processSelectedKeysOptimized(NioEventLoop.java:658)
	at io.netty.channel.nio.NioEventLoop.processSelectedKeys(NioEventLoop.java:584)
	at io.netty.channel.nio.NioEventLoop.run(NioEventLoop.java:496)
	at io.netty.util.concurrent.SingleThreadEventExecutor$4.run(SingleThreadEventExecutor.java:986)
	at io.netty.util.internal.ThreadExecutorMap$2.run(ThreadExecutorMap.java:74)
	at io.netty.util.concurrent.FastThreadLocalRunnable.run(FastThreadLocalRunnable.java:30)
	at java.base/java.lang.Thread.run(Thread.java:832)
12:43:51.086 [AsyncHttpClient-1-2] DEBUG org.asynchttpclient.netty.channel.ChannelManager - Closing Channel [id: 0x5464d0ba, L:/127.0.0.1:63026 - R:localhost/127.0.0.1:56364] 
12:43:51.086 [AsyncHttpClient-1-2] DEBUG org.asynchttpclient.netty.handler.HttpHandler - Channel Closed: [id: 0x5464d0ba, L:/127.0.0.1:63026 ! R:localhost/127.0.0.1:56364] with attribute DISCARD
]]></system-out>
    <system-err><![CDATA[Starting ChromeDriver 99.0.4844.51 (d537ec02474b5afe23684e7963d538896c63ac77-refs/branch-heads/4844@{#875}) on port 56364
Only local connections are allowed.
Please see https://chromedriver.chromium.org/security-considerations for suggestions on keeping ChromeDriver safe.
ChromeDriver was started successfully.
Mar 30, 2022 12:43:29 PM org.openqa.selenium.remote.ProtocolHandshake createSession
INFO: Detected dialect: W3C
Mar 30, 2022 12:43:31 PM org.openqa.selenium.devtools.CdpVersionFinder findNearestMatch
WARNING: Unable to find an exact match for CDP version 99, so returning the closest version found: 97
Mar 30, 2022 12:43:31 PM org.openqa.selenium.devtools.CdpVersionFinder findNearestMatch
INFO: Found CDP implementation for version 99 of 97
]]></system-err>
  </testcase>
  <testcase name="As a user i cannot login with wrong username" classname="Login" time="19.65">
    <system-out><![CDATA[
Scenario: As a user i cannot login with wrong username &amp#27;[90m# src/test/resources/features/login.feature:14&amp#27;[0m
12:43:51.143 [main] INFO io.cucumber.core.plugin.SerenityReporter - Running feature from file:///D:/PERKULIAHAN/Semester%206,Hebatt%20glad!/Altera/New%20folder/Serenity_Gladys/src/test/resources/features/login.feature
12:43:51.148 [main] INFO  - 
  _____   ___   ___   _____     ___   _____     _     ___   _____   ___   ___  
 |_   _| | __| / __| |_   _|   / __| |_   _|   /_\   | _ \ |_   _| | __| |   \ 
   | |   | _|  \__ \   | |     \__ \   | |    / _ \  |   /   | |   | _|  | |) |
   |_|   |___| |___/   |_|     |___/   |_|   /_/ \_\ |_|_\   |_|   |___| |___/ 

As a user i cannot login with wrong username(login;as-a-user-i-cannot-login-with-wrong-username)
--------------------------------------------------------------------------------
12:43:51.185 [main] DEBUG net.thucydides.core.steps.StepInterceptor - STARTING STEP: loginSteps.iAmInTheLoginPage - openUrl
12:43:51.187 [main] INFO net.serenitybdd.core.webdriver.driverproviders.ChromeDriverProvider - Using automatically driver download
12:43:51.196 [AsyncHttpClient-1-1] DEBUG org.asynchttpclient.netty.channel.DefaultChannelPool - Entry count for : http://localhost:56364 : 1
12:43:51.196 [AsyncHttpClient-1-1] DEBUG org.asynchttpclient.netty.channel.DefaultChannelPool - Adding Candidate expired Channel [id: 0x5464d0ba, L:/127.0.0.1:63026 ! R:localhost/127.0.0.1:56364] isIdleTimeoutExpired=false isRemotelyClosed=true isTtlExpired=false
12:43:51.196 [AsyncHttpClient-1-1] DEBUG org.asynchttpclient.netty.channel.DefaultChannelPool - Closing Idle Channel [id: 0x5464d0ba, L:/127.0.0.1:63026 ! R:localhost/127.0.0.1:56364]
12:43:51.196 [AsyncHttpClient-1-1] DEBUG org.asynchttpclient.netty.channel.DefaultChannelPool - Closed 1 connections out of 1 in 0 ms
12:43:51.453 [main] DEBUG io.github.bonigarcia.wdm.cache.ResolutionCache - Resolution chrome=99 in cache (valid until 13:34:24 30/03/2022 WIB)
12:43:51.492 [main] DEBUG io.github.bonigarcia.wdm.cache.ResolutionCache - Resolution chrome99=99.0.4844.51 in cache (valid until 13:36:02 30/03/2022 WIB)
12:43:51.502 [main] INFO io.github.bonigarcia.wdm.WebDriverManager - Using chromedriver 99.0.4844.51 (resolved driver for Chrome 99)
12:43:51.546 [main] DEBUG io.github.bonigarcia.wdm.WebDriverManager - Driver chromedriver 99.0.4844.51 found in cache
12:43:51.549 [main] INFO io.github.bonigarcia.wdm.WebDriverManager - Exporting webdriver.chrome.driver as C:\Users\ASUS\.cache\selenium\chromedriver\win32\99.0.4844.51\chromedriver.exe
12:43:51.981 [main] DEBUG net.serenitybdd.core.webdriver.driverproviders.ProvideNewDriver - Instantiating driver
12:43:51.981 [main] DEBUG net.serenitybdd.core.webdriver.driverproviders.ProvideNewDriver - Driver capabilities: Capabilities {acceptInsecureCerts: false, base.url: https://demoqa.com/login, browserName: chrome, chrome.driver: src/test/resources/webdrive..., driver: chrome, goog:chromeOptions: {args: [], extensions: []}}
12:43:53.091 [AsyncHttpClient-1-5] DEBUG org.asynchttpclient.netty.channel.NettyConnectListener - Using new Channel '[id: 0x7033b359, L:/127.0.0.1:63111 - R:localhost/127.0.0.1:56390]' for 'POST' to '/session'
12:43:55.132 [AsyncHttpClient-1-5] DEBUG org.asynchttpclient.netty.handler.HttpHandler - 

Request DefaultHttpRequest(decodeResult: success, version: HTTP/1.1)
POST /session HTTP/1.1
User-Agent: selenium/4.1.2 (java windows)
Content-Length: 610
Content-Type: application/json; charset=utf-8
host: localhost:56390
accept: */*

Response DefaultHttpResponse(decodeResult: success, version: HTTP/1.1)
HTTP/1.1 200 OK
Content-Type: application/json; charset=utf-8
cache-control: no-cache
content-length: 786

12:43:55.132 [AsyncHttpClient-1-5] DEBUG org.asynchttpclient.netty.channel.ChannelManager - Adding key: http://localhost:56390 for channel [id: 0x7033b359, L:/127.0.0.1:63111 - R:localhost/127.0.0.1:56390]
12:43:55.145 [AsyncHttpClient-1-6] DEBUG org.asynchttpclient.netty.channel.NettyConnectListener - Using new Channel '[id: 0xcc211ac1, L:/127.0.0.1:63119 - R:localhost/127.0.0.1:63112]' for 'GET' to '/json/version'
12:43:55.151 [AsyncHttpClient-1-6] DEBUG org.asynchttpclient.netty.handler.HttpHandler - 

Request DefaultFullHttpRequest(decodeResult: success, version: HTTP/1.1, content: EmptyByteBufBE)
GET /json/version HTTP/1.1
User-Agent: selenium/4.1.2 (java windows)
host: localhost:63112
accept: */*

Response DefaultHttpResponse(decodeResult: success, version: HTTP/1.1)
HTTP/1.1 200 OK
Content-Type: application/json; charset=UTF-8
content-length: 424

12:43:55.151 [AsyncHttpClient-1-6] DEBUG org.asynchttpclient.netty.channel.ChannelManager - Adding key: http://localhost:63112 for channel [id: 0xcc211ac1, L:/127.0.0.1:63119 - R:localhost/127.0.0.1:63112]
12:43:55.155 [AsyncHttpClient-1-7] DEBUG org.asynchttpclient.netty.channel.NettyConnectListener - Using new Channel '[id: 0x1c49920c, L:/127.0.0.1:63120 - R:localhost/127.0.0.1:63112]' for 'GET' to '/devtools/browser/2e4c2ee1-9efc-4b0a-8a13-a67eed8c0cfc'
12:43:55.160 [AsyncHttpClient-1-7] DEBUG org.asynchttpclient.netty.handler.WebSocketHandler - 

Request DefaultFullHttpRequest(decodeResult: success, version: HTTP/1.1, content: EmptyByteBufBE)
GET /devtools/browser/2e4c2ee1-9efc-4b0a-8a13-a67eed8c0cfc HTTP/1.1
upgrade: websocket
connection: upgrade
sec-websocket-key: bTlIuAgI5XwyEs4YIqjcMg==
sec-websocket-version: 13
origin: http://localhost:63112
host: localhost:63112
accept: */*
user-agent: AHC/2.1

Response DefaultHttpResponse(decodeResult: success, version: HTTP/1.1)
HTTP/1.1 101 WebSocket Protocol Handshake
Upgrade: WebSocket
Connection: Upgrade
Sec-WebSocket-Accept: 5myclYVr5LE+Y2XnfuL6FAtkMRY=

12:43:55.167 [Forwarding maximizeCurrentWindow on session 71b0a57365829afb8dac2bf8fb225164 to remote] DEBUG org.asynchttpclient.netty.request.NettyRequestSender - Using pooled Channel '[id: 0x7033b359, L:/127.0.0.1:63111 - R:localhost/127.0.0.1:56390]' for 'POST' to 'http://localhost:56390/session/71b0a57365829afb8dac2bf8fb225164/window/maximize'
12:43:55.167 [Forwarding maximizeCurrentWindow on session 71b0a57365829afb8dac2bf8fb225164 to remote] DEBUG org.asynchttpclient.netty.request.NettyRequestSender - Using open Channel [id: 0x7033b359, L:/127.0.0.1:63111 - R:localhost/127.0.0.1:56390] for POST '/session/71b0a57365829afb8dac2bf8fb225164/window/maximize'
12:43:55.294 [AsyncHttpClient-1-5] DEBUG org.asynchttpclient.netty.handler.HttpHandler - 

Request DefaultHttpRequest(decodeResult: success, version: HTTP/1.1)
POST /session/71b0a57365829afb8dac2bf8fb225164/window/maximize HTTP/1.1
User-Agent: selenium/4.1.2 (java windows)
Content-Length: 3
Content-Type: application/json; charset=utf-8
host: localhost:56390
accept: */*

Response DefaultHttpResponse(decodeResult: success, version: HTTP/1.1)
HTTP/1.1 200 OK
Content-Type: application/json; charset=utf-8
cache-control: no-cache
content-length: 51

12:43:55.294 [AsyncHttpClient-1-5] DEBUG org.asynchttpclient.netty.channel.ChannelManager - Adding key: http://localhost:56390 for channel [id: 0x7033b359, L:/127.0.0.1:63111 - R:localhost/127.0.0.1:56390]
12:43:55.297 [Forwarding get on session 71b0a57365829afb8dac2bf8fb225164 to remote] DEBUG org.asynchttpclient.netty.request.NettyRequestSender - Using pooled Channel '[id: 0x7033b359, L:/127.0.0.1:63111 - R:localhost/127.0.0.1:56390]' for 'POST' to 'http://localhost:56390/session/71b0a57365829afb8dac2bf8fb225164/url'
12:43:55.297 [Forwarding get on session 71b0a57365829afb8dac2bf8fb225164 to remote] DEBUG org.asynchttpclient.netty.request.NettyRequestSender - Using open Channel [id: 0x7033b359, L:/127.0.0.1:63111 - R:localhost/127.0.0.1:56390] for POST '/session/71b0a57365829afb8dac2bf8fb225164/url'
12:43:55.595 [AsyncHttpClient-1-1] DEBUG org.asynchttpclient.netty.channel.DefaultChannelPool - Entry count for : http://localhost:63112 : 1
12:43:56.696 [AsyncHttpClient-1-1] DEBUG org.asynchttpclient.netty.channel.DefaultChannelPool - Entry count for : http://localhost:63112 : 1
12:43:57.794 [AsyncHttpClient-1-1] DEBUG org.asynchttpclient.netty.channel.DefaultChannelPool - Entry count for : http://localhost:63112 : 1
12:43:58.898 [AsyncHttpClient-1-1] DEBUG org.asynchttpclient.netty.channel.DefaultChannelPool - Entry count for : http://localhost:63112 : 1
12:43:59.994 [AsyncHttpClient-1-1] DEBUG org.asynchttpclient.netty.channel.DefaultChannelPool - Entry count for : http://localhost:63112 : 1
12:44:01.095 [AsyncHttpClient-1-1] DEBUG org.asynchttpclient.netty.channel.DefaultChannelPool - Entry count for : http://localhost:63112 : 1
12:44:02.196 [AsyncHttpClient-1-1] DEBUG org.asynchttpclient.netty.channel.DefaultChannelPool - Entry count for : http://localhost:63112 : 1
12:44:03.306 [AsyncHttpClient-1-1] DEBUG org.asynchttpclient.netty.channel.DefaultChannelPool - Entry count for : http://localhost:63112 : 1
12:44:03.684 [AsyncHttpClient-1-5] DEBUG org.asynchttpclient.netty.handler.HttpHandler - 

Request DefaultHttpRequest(decodeResult: success, version: HTTP/1.1)
POST /session/71b0a57365829afb8dac2bf8fb225164/url HTTP/1.1
User-Agent: selenium/4.1.2 (java windows)
Content-Length: 54
Content-Type: application/json; charset=utf-8
host: localhost:56390
accept: */*

Response DefaultHttpResponse(decodeResult: success, version: HTTP/1.1)
HTTP/1.1 200 OK
Content-Type: application/json; charset=utf-8
cache-control: no-cache
content-length: 14

12:44:03.684 [AsyncHttpClient-1-5] DEBUG org.asynchttpclient.netty.channel.ChannelManager - Adding key: http://localhost:56390 for channel [id: 0x7033b359, L:/127.0.0.1:63111 - R:localhost/127.0.0.1:56390]
12:44:03.687 [Forwarding setTimeout on session 71b0a57365829afb8dac2bf8fb225164 to remote] DEBUG org.asynchttpclient.netty.request.NettyRequestSender - Using pooled Channel '[id: 0x7033b359, L:/127.0.0.1:63111 - R:localhost/127.0.0.1:56390]' for 'POST' to 'http://localhost:56390/session/71b0a57365829afb8dac2bf8fb225164/timeouts'
12:44:03.687 [Forwarding setTimeout on session 71b0a57365829afb8dac2bf8fb225164 to remote] DEBUG org.asynchttpclient.netty.request.NettyRequestSender - Using open Channel [id: 0x7033b359, L:/127.0.0.1:63111 - R:localhost/127.0.0.1:56390] for POST '/session/71b0a57365829afb8dac2bf8fb225164/timeouts'
12:44:03.689 [AsyncHttpClient-1-5] DEBUG org.asynchttpclient.netty.handler.HttpHandler - 

Request DefaultHttpRequest(decodeResult: success, version: HTTP/1.1)
POST /session/71b0a57365829afb8dac2bf8fb225164/timeouts HTTP/1.1
User-Agent: selenium/4.1.2 (java windows)
Content-Length: 22
Content-Type: application/json; charset=utf-8
host: localhost:56390
accept: */*

Response DefaultHttpResponse(decodeResult: success, version: HTTP/1.1)
HTTP/1.1 200 OK
Content-Type: application/json; charset=utf-8
cache-control: no-cache
content-length: 14

12:44:03.690 [AsyncHttpClient-1-5] DEBUG org.asynchttpclient.netty.channel.ChannelManager - Adding key: http://localhost:56390 for channel [id: 0x7033b359, L:/127.0.0.1:63111 - R:localhost/127.0.0.1:56390]
12:44:03.700 [Forwarding getCurrentUrl on session 71b0a57365829afb8dac2bf8fb225164 to remote] DEBUG org.asynchttpclient.netty.request.NettyRequestSender - Using pooled Channel '[id: 0x7033b359, L:/127.0.0.1:63111 - R:localhost/127.0.0.1:56390]' for 'GET' to 'http://localhost:56390/session/71b0a57365829afb8dac2bf8fb225164/url'
12:44:03.700 [Forwarding getCurrentUrl on session 71b0a57365829afb8dac2bf8fb225164 to remote] DEBUG org.asynchttpclient.netty.request.NettyRequestSender - Using open Channel [id: 0x7033b359, L:/127.0.0.1:63111 - R:localhost/127.0.0.1:56390] for GET '/session/71b0a57365829afb8dac2bf8fb225164/url'
12:44:03.719 [AsyncHttpClient-1-5] DEBUG org.asynchttpclient.netty.handler.HttpHandler - 

Request DefaultFullHttpRequest(decodeResult: success, version: HTTP/1.1, content: EmptyByteBufBE)
GET /session/71b0a57365829afb8dac2bf8fb225164/url HTTP/1.1
User-Agent: selenium/4.1.2 (java windows)
Cache-Control: no-cache
Content-Type: application/json; charset=utf-8
host: localhost:56390
accept: */*

Response DefaultHttpResponse(decodeResult: success, version: HTTP/1.1)
HTTP/1.1 200 OK
Content-Type: application/json; charset=utf-8
cache-control: no-cache
content-length: 36

12:44:03.719 [AsyncHttpClient-1-5] DEBUG org.asynchttpclient.netty.channel.ChannelManager - Adding key: http://localhost:56390 for channel [id: 0x7033b359, L:/127.0.0.1:63111 - R:localhost/127.0.0.1:56390]
12:44:03.732 [Forwarding screenshot on session 71b0a57365829afb8dac2bf8fb225164 to remote] DEBUG org.asynchttpclient.netty.request.NettyRequestSender - Using pooled Channel '[id: 0x7033b359, L:/127.0.0.1:63111 - R:localhost/127.0.0.1:56390]' for 'GET' to 'http://localhost:56390/session/71b0a57365829afb8dac2bf8fb225164/screenshot'
12:44:03.732 [Forwarding screenshot on session 71b0a57365829afb8dac2bf8fb225164 to remote] DEBUG org.asynchttpclient.netty.request.NettyRequestSender - Using open Channel [id: 0x7033b359, L:/127.0.0.1:63111 - R:localhost/127.0.0.1:56390] for GET '/session/71b0a57365829afb8dac2bf8fb225164/screenshot'
12:44:04.140 [AsyncHttpClient-1-5] DEBUG org.asynchttpclient.netty.handler.HttpHandler - 

Request DefaultFullHttpRequest(decodeResult: success, version: HTTP/1.1, content: EmptyByteBufBE)
GET /session/71b0a57365829afb8dac2bf8fb225164/screenshot HTTP/1.1
User-Agent: selenium/4.1.2 (java windows)
Cache-Control: no-cache
Content-Type: application/json; charset=utf-8
host: localhost:56390
accept: */*

Response DefaultHttpResponse(decodeResult: success, version: HTTP/1.1)
HTTP/1.1 200 OK
Content-Type: application/json; charset=utf-8
cache-control: no-cache
content-length: 404120

12:44:04.143 [AsyncHttpClient-1-5] DEBUG org.asynchttpclient.netty.channel.ChannelManager - Adding key: http://localhost:56390 for channel [id: 0x7033b359, L:/127.0.0.1:63111 - R:localhost/127.0.0.1:56390]
12:44:04.160 [main] DEBUG net.serenitybdd.core.photography.Darkroom - Send negative for processing for target\site\serenity\b4bc822304e4f3ef4ac35f4b2a7b3dc14746f5cd7275c33faab56eddc16a0993.png
12:44:04.160 [main] DEBUG net.thucydides.core.steps.StepInterceptor - STEP DONE: openUrl
12:44:04.160 [Darkroom Processing Line] DEBUG net.serenitybdd.core.photography.DarkroomProcessingLine - Processing screenshot image in /var/screenshots/screenshot-362122302302299137
12:44:04.160 [Darkroom Processing Line] DEBUG net.serenitybdd.core.photography.DarkroomProcessingLine - Saving screenshot to target\site\serenity\b4bc822304e4f3ef4ac35f4b2a7b3dc14746f5cd7275c33faab56eddc16a0993.png
12:44:04.170 [main] DEBUG net.thucydides.core.steps.StepInterceptor - STARTING STEP: loginSteps.iAmInTheLoginPage - validateIfButtonLoginIsAppear
12:44:04.173 [Forwarding findElement on session 71b0a57365829afb8dac2bf8fb225164 to remote] DEBUG org.asynchttpclient.netty.request.NettyRequestSender - Using pooled Channel '[id: 0x7033b359, L:/127.0.0.1:63111 - R:localhost/127.0.0.1:56390]' for 'POST' to 'http://localhost:56390/session/71b0a57365829afb8dac2bf8fb225164/element'
12:44:04.173 [Forwarding findElement on session 71b0a57365829afb8dac2bf8fb225164 to remote] DEBUG org.asynchttpclient.netty.request.NettyRequestSender - Using open Channel [id: 0x7033b359, L:/127.0.0.1:63111 - R:localhost/127.0.0.1:56390] for POST '/session/71b0a57365829afb8dac2bf8fb225164/element'
12:44:04.196 [AsyncHttpClient-1-5] DEBUG org.asynchttpclient.netty.handler.HttpHandler - 

Request DefaultHttpRequest(decodeResult: success, version: HTTP/1.1)
POST /session/71b0a57365829afb8dac2bf8fb225164/element HTTP/1.1
User-Agent: selenium/4.1.2 (java windows)
Content-Length: 50
Content-Type: application/json; charset=utf-8
host: localhost:56390
accept: */*

Response DefaultHttpResponse(decodeResult: success, version: HTTP/1.1)
HTTP/1.1 200 OK
Content-Type: application/json; charset=utf-8
cache-control: no-cache
content-length: 88

12:44:04.197 [AsyncHttpClient-1-5] DEBUG org.asynchttpclient.netty.channel.ChannelManager - Adding key: http://localhost:56390 for channel [id: 0x7033b359, L:/127.0.0.1:63111 - R:localhost/127.0.0.1:56390]
12:44:04.202 [Forwarding isElementDisplayed on session 71b0a57365829afb8dac2bf8fb225164 to remote] DEBUG org.asynchttpclient.netty.request.NettyRequestSender - Using pooled Channel '[id: 0x7033b359, L:/127.0.0.1:63111 - R:localhost/127.0.0.1:56390]' for 'POST' to 'http://localhost:56390/session/71b0a57365829afb8dac2bf8fb225164/execute/sync'
12:44:04.203 [Forwarding isElementDisplayed on session 71b0a57365829afb8dac2bf8fb225164 to remote] DEBUG org.asynchttpclient.netty.request.NettyRequestSender - Using open Channel [id: 0x7033b359, L:/127.0.0.1:63111 - R:localhost/127.0.0.1:56390] for POST '/session/71b0a57365829afb8dac2bf8fb225164/execute/sync'
12:44:04.221 [AsyncHttpClient-1-5] DEBUG org.asynchttpclient.netty.handler.HttpHandler - 

Request DefaultHttpRequest(decodeResult: success, version: HTTP/1.1)
POST /session/71b0a57365829afb8dac2bf8fb225164/execute/sync HTTP/1.1
User-Agent: selenium/4.1.2 (java windows)
Content-Length: 48780
Content-Type: application/json; charset=utf-8
host: localhost:56390
accept: */*

Response DefaultHttpResponse(decodeResult: success, version: HTTP/1.1)
HTTP/1.1 200 OK
Content-Type: application/json; charset=utf-8
cache-control: no-cache
content-length: 14

12:44:04.222 [AsyncHttpClient-1-5] DEBUG org.asynchttpclient.netty.channel.ChannelManager - Adding key: http://localhost:56390 for channel [id: 0x7033b359, L:/127.0.0.1:63111 - R:localhost/127.0.0.1:56390]
12:44:04.233 [Forwarding screenshot on session 71b0a57365829afb8dac2bf8fb225164 to remote] DEBUG org.asynchttpclient.netty.request.NettyRequestSender - Using pooled Channel '[id: 0x7033b359, L:/127.0.0.1:63111 - R:localhost/127.0.0.1:56390]' for 'GET' to 'http://localhost:56390/session/71b0a57365829afb8dac2bf8fb225164/screenshot'
12:44:04.233 [Forwarding screenshot on session 71b0a57365829afb8dac2bf8fb225164 to remote] DEBUG org.asynchttpclient.netty.request.NettyRequestSender - Using open Channel [id: 0x7033b359, L:/127.0.0.1:63111 - R:localhost/127.0.0.1:56390] for GET '/session/71b0a57365829afb8dac2bf8fb225164/screenshot'
12:44:04.395 [AsyncHttpClient-1-1] DEBUG org.asynchttpclient.netty.channel.DefaultChannelPool - Entry count for : http://localhost:63112 : 1
12:44:04.555 [AsyncHttpClient-1-5] DEBUG org.asynchttpclient.netty.handler.HttpHandler - 

Request DefaultFullHttpRequest(decodeResult: success, version: HTTP/1.1, content: EmptyByteBufBE)
GET /session/71b0a57365829afb8dac2bf8fb225164/screenshot HTTP/1.1
User-Agent: selenium/4.1.2 (java windows)
Cache-Control: no-cache
Content-Type: application/json; charset=utf-8
host: localhost:56390
accept: */*

Response DefaultHttpResponse(decodeResult: success, version: HTTP/1.1)
HTTP/1.1 200 OK
Content-Type: application/json; charset=utf-8
cache-control: no-cache
content-length: 404120

12:44:04.560 [AsyncHttpClient-1-5] DEBUG org.asynchttpclient.netty.channel.ChannelManager - Adding key: http://localhost:56390 for channel [id: 0x7033b359, L:/127.0.0.1:63111 - R:localhost/127.0.0.1:56390]
12:44:04.586 [main] DEBUG net.serenitybdd.core.photography.Darkroom - Send negative for processing for target\site\serenity\b4bc822304e4f3ef4ac35f4b2a7b3dc14746f5cd7275c33faab56eddc16a0993.png
12:44:04.587 [main] DEBUG net.thucydides.core.steps.StepInterceptor - STEP DONE: validateIfButtonLoginIsAppear
  &amp#27;[32mGiven &amp#27;[0m&amp#27;[32mi am in the login page&amp#27;[0m                         &amp#27;[90m# starter.stepdefinition.loginSteps.iAmInTheLoginPage()&amp#27;[0m
12:44:04.669 [Forwarding screenshot on session 71b0a57365829afb8dac2bf8fb225164 to remote] DEBUG org.asynchttpclient.netty.request.NettyRequestSender - Using pooled Channel '[id: 0x7033b359, L:/127.0.0.1:63111 - R:localhost/127.0.0.1:56390]' for 'GET' to 'http://localhost:56390/session/71b0a57365829afb8dac2bf8fb225164/screenshot'
12:44:04.670 [Forwarding screenshot on session 71b0a57365829afb8dac2bf8fb225164 to remote] DEBUG org.asynchttpclient.netty.request.NettyRequestSender - Using open Channel [id: 0x7033b359, L:/127.0.0.1:63111 - R:localhost/127.0.0.1:56390] for GET '/session/71b0a57365829afb8dac2bf8fb225164/screenshot'
12:44:05.482 [AsyncHttpClient-1-5] DEBUG org.asynchttpclient.netty.handler.HttpHandler - 

Request DefaultFullHttpRequest(decodeResult: success, version: HTTP/1.1, content: EmptyByteBufBE)
GET /session/71b0a57365829afb8dac2bf8fb225164/screenshot HTTP/1.1
User-Agent: selenium/4.1.2 (java windows)
Cache-Control: no-cache
Content-Type: application/json; charset=utf-8
host: localhost:56390
accept: */*

Response DefaultHttpResponse(decodeResult: success, version: HTTP/1.1)
HTTP/1.1 200 OK
Content-Type: application/json; charset=utf-8
cache-control: no-cache
content-length: 404120

12:44:05.488 [AsyncHttpClient-1-5] DEBUG org.asynchttpclient.netty.channel.ChannelManager - Adding key: http://localhost:56390 for channel [id: 0x7033b359, L:/127.0.0.1:63111 - R:localhost/127.0.0.1:56390]
12:44:05.497 [AsyncHttpClient-1-1] DEBUG org.asynchttpclient.netty.channel.DefaultChannelPool - Entry count for : http://localhost:56390 : 1
12:44:05.497 [AsyncHttpClient-1-1] DEBUG org.asynchttpclient.netty.channel.DefaultChannelPool - Entry count for : http://localhost:63112 : 1
12:44:05.518 [main] DEBUG net.serenitybdd.core.photography.Darkroom - Send negative for processing for target\site\serenity\b4bc822304e4f3ef4ac35f4b2a7b3dc14746f5cd7275c33faab56eddc16a0993.png
12:44:05.519 [main] DEBUG net.thucydides.core.steps.StepInterceptor - STARTING STEP: loginSteps.iInputWrongUsername - wrongUsernameField
12:44:05.529 [Forwarding findElement on session 71b0a57365829afb8dac2bf8fb225164 to remote] DEBUG org.asynchttpclient.netty.request.NettyRequestSender - Using pooled Channel '[id: 0x7033b359, L:/127.0.0.1:63111 - R:localhost/127.0.0.1:56390]' for 'POST' to 'http://localhost:56390/session/71b0a57365829afb8dac2bf8fb225164/element'
12:44:05.529 [Forwarding findElement on session 71b0a57365829afb8dac2bf8fb225164 to remote] DEBUG org.asynchttpclient.netty.request.NettyRequestSender - Using open Channel [id: 0x7033b359, L:/127.0.0.1:63111 - R:localhost/127.0.0.1:56390] for POST '/session/71b0a57365829afb8dac2bf8fb225164/element'
12:44:05.563 [AsyncHttpClient-1-5] DEBUG org.asynchttpclient.netty.handler.HttpHandler - 

Request DefaultHttpRequest(decodeResult: success, version: HTTP/1.1)
POST /session/71b0a57365829afb8dac2bf8fb225164/element HTTP/1.1
User-Agent: selenium/4.1.2 (java windows)
Content-Length: 53
Content-Type: application/json; charset=utf-8
host: localhost:56390
accept: */*

Response DefaultHttpResponse(decodeResult: success, version: HTTP/1.1)
HTTP/1.1 200 OK
Content-Type: application/json; charset=utf-8
cache-control: no-cache
content-length: 88

12:44:05.564 [AsyncHttpClient-1-5] DEBUG org.asynchttpclient.netty.channel.ChannelManager - Adding key: http://localhost:56390 for channel [id: 0x7033b359, L:/127.0.0.1:63111 - R:localhost/127.0.0.1:56390]
12:44:05.569 [Forwarding clearElement on session 71b0a57365829afb8dac2bf8fb225164 to remote] DEBUG org.asynchttpclient.netty.request.NettyRequestSender - Using pooled Channel '[id: 0x7033b359, L:/127.0.0.1:63111 - R:localhost/127.0.0.1:56390]' for 'POST' to 'http://localhost:56390/session/71b0a57365829afb8dac2bf8fb225164/element/46a0aaec-a494-400a-a2a0-2b7143058add/clear'
12:44:05.569 [Forwarding clearElement on session 71b0a57365829afb8dac2bf8fb225164 to remote] DEBUG org.asynchttpclient.netty.request.NettyRequestSender - Using open Channel [id: 0x7033b359, L:/127.0.0.1:63111 - R:localhost/127.0.0.1:56390] for POST '/session/71b0a57365829afb8dac2bf8fb225164/element/46a0aaec-a494-400a-a2a0-2b7143058add/clear'
12:44:05.736 [AsyncHttpClient-1-5] DEBUG org.asynchttpclient.netty.handler.HttpHandler - 

Request DefaultHttpRequest(decodeResult: success, version: HTTP/1.1)
POST /session/71b0a57365829afb8dac2bf8fb225164/element/46a0aaec-a494-400a-a2a0-2b7143058add/clear HTTP/1.1
User-Agent: selenium/4.1.2 (java windows)
Content-Length: 50
Content-Type: application/json; charset=utf-8
host: localhost:56390
accept: */*

Response DefaultHttpResponse(decodeResult: success, version: HTTP/1.1)
HTTP/1.1 200 OK
Content-Type: application/json; charset=utf-8
cache-control: no-cache
content-length: 14

12:44:05.737 [AsyncHttpClient-1-5] DEBUG org.asynchttpclient.netty.channel.ChannelManager - Adding key: http://localhost:56390 for channel [id: 0x7033b359, L:/127.0.0.1:63111 - R:localhost/127.0.0.1:56390]
12:44:05.744 [Forwarding sendKeysToElement on session 71b0a57365829afb8dac2bf8fb225164 to remote] DEBUG org.asynchttpclient.netty.request.NettyRequestSender - Using pooled Channel '[id: 0x7033b359, L:/127.0.0.1:63111 - R:localhost/127.0.0.1:56390]' for 'POST' to 'http://localhost:56390/session/71b0a57365829afb8dac2bf8fb225164/element/46a0aaec-a494-400a-a2a0-2b7143058add/value'
12:44:05.744 [Forwarding sendKeysToElement on session 71b0a57365829afb8dac2bf8fb225164 to remote] DEBUG org.asynchttpclient.netty.request.NettyRequestSender - Using open Channel [id: 0x7033b359, L:/127.0.0.1:63111 - R:localhost/127.0.0.1:56390] for POST '/session/71b0a57365829afb8dac2bf8fb225164/element/46a0aaec-a494-400a-a2a0-2b7143058add/value'
12:44:06.230 [AsyncHttpClient-1-5] DEBUG org.asynchttpclient.netty.handler.HttpHandler - 

Request DefaultHttpRequest(decodeResult: success, version: HTTP/1.1)
POST /session/71b0a57365829afb8dac2bf8fb225164/element/46a0aaec-a494-400a-a2a0-2b7143058add/value HTTP/1.1
User-Agent: selenium/4.1.2 (java windows)
Content-Length: 141
Content-Type: application/json; charset=utf-8
host: localhost:56390
accept: */*

Response DefaultHttpResponse(decodeResult: success, version: HTTP/1.1)
HTTP/1.1 200 OK
Content-Type: application/json; charset=utf-8
cache-control: no-cache
content-length: 14

12:44:06.230 [AsyncHttpClient-1-5] DEBUG org.asynchttpclient.netty.channel.ChannelManager - Adding key: http://localhost:56390 for channel [id: 0x7033b359, L:/127.0.0.1:63111 - R:localhost/127.0.0.1:56390]
12:44:06.255 [Forwarding screenshot on session 71b0a57365829afb8dac2bf8fb225164 to remote] DEBUG org.asynchttpclient.netty.request.NettyRequestSender - Using pooled Channel '[id: 0x7033b359, L:/127.0.0.1:63111 - R:localhost/127.0.0.1:56390]' for 'GET' to 'http://localhost:56390/session/71b0a57365829afb8dac2bf8fb225164/screenshot'
12:44:06.255 [Forwarding screenshot on session 71b0a57365829afb8dac2bf8fb225164 to remote] DEBUG org.asynchttpclient.netty.request.NettyRequestSender - Using open Channel [id: 0x7033b359, L:/127.0.0.1:63111 - R:localhost/127.0.0.1:56390] for GET '/session/71b0a57365829afb8dac2bf8fb225164/screenshot'
12:44:06.603 [AsyncHttpClient-1-1] DEBUG org.asynchttpclient.netty.channel.DefaultChannelPool - Entry count for : http://localhost:63112 : 1
12:44:06.999 [AsyncHttpClient-1-5] DEBUG org.asynchttpclient.netty.handler.HttpHandler - 

Request DefaultFullHttpRequest(decodeResult: success, version: HTTP/1.1, content: EmptyByteBufBE)
GET /session/71b0a57365829afb8dac2bf8fb225164/screenshot HTTP/1.1
User-Agent: selenium/4.1.2 (java windows)
Cache-Control: no-cache
Content-Type: application/json; charset=utf-8
host: localhost:56390
accept: */*

Response DefaultHttpResponse(decodeResult: success, version: HTTP/1.1)
HTTP/1.1 200 OK
Content-Type: application/json; charset=utf-8
cache-control: no-cache
content-length: 403128

12:44:07.003 [AsyncHttpClient-1-5] DEBUG org.asynchttpclient.netty.channel.ChannelManager - Adding key: http://localhost:56390 for channel [id: 0x7033b359, L:/127.0.0.1:63111 - R:localhost/127.0.0.1:56390]
12:44:07.029 [main] DEBUG net.serenitybdd.core.photography.Darkroom - Send negative for processing for target\site\serenity\cd680cee5874666fa172383fb8afcb7fee80f8547eeb021ff78e4c7c276c272d.png
12:44:07.030 [main] DEBUG net.thucydides.core.steps.StepInterceptor - STEP DONE: wrongUsernameField
  &amp#27;[32mWhen &amp#27;[0m&amp#27;[32mi input wrong username&amp#27;[0m                          &amp#27;[90m# starter.stepdefinition.loginSteps.iInputWrongUsername()&amp#27;[0m
12:44:07.030 [Darkroom Processing Line] DEBUG net.serenitybdd.core.photography.DarkroomProcessingLine - Processing screenshot image in /var/screenshots/screenshot-1082071086604874704
12:44:07.030 [Darkroom Processing Line] DEBUG net.serenitybdd.core.photography.DarkroomProcessingLine - Saving screenshot to target\site\serenity\cd680cee5874666fa172383fb8afcb7fee80f8547eeb021ff78e4c7c276c272d.png
12:44:07.082 [main] DEBUG net.thucydides.core.steps.StepInterceptor - STARTING STEP: loginSteps.iInputValidPassword - inputPasswordToField
12:44:07.123 [Forwarding findElement on session 71b0a57365829afb8dac2bf8fb225164 to remote] DEBUG org.asynchttpclient.netty.request.NettyRequestSender - Using pooled Channel '[id: 0x7033b359, L:/127.0.0.1:63111 - R:localhost/127.0.0.1:56390]' for 'POST' to 'http://localhost:56390/session/71b0a57365829afb8dac2bf8fb225164/element'
12:44:07.123 [Forwarding findElement on session 71b0a57365829afb8dac2bf8fb225164 to remote] DEBUG org.asynchttpclient.netty.request.NettyRequestSender - Using open Channel [id: 0x7033b359, L:/127.0.0.1:63111 - R:localhost/127.0.0.1:56390] for POST '/session/71b0a57365829afb8dac2bf8fb225164/element'
12:44:07.179 [AsyncHttpClient-1-5] DEBUG org.asynchttpclient.netty.handler.HttpHandler - 

Request DefaultHttpRequest(decodeResult: success, version: HTTP/1.1)
POST /session/71b0a57365829afb8dac2bf8fb225164/element HTTP/1.1
User-Agent: selenium/4.1.2 (java windows)
Content-Length: 53
Content-Type: application/json; charset=utf-8
host: localhost:56390
accept: */*

Response DefaultHttpResponse(decodeResult: success, version: HTTP/1.1)
HTTP/1.1 200 OK
Content-Type: application/json; charset=utf-8
cache-control: no-cache
content-length: 88

12:44:07.180 [AsyncHttpClient-1-5] DEBUG org.asynchttpclient.netty.channel.ChannelManager - Adding key: http://localhost:56390 for channel [id: 0x7033b359, L:/127.0.0.1:63111 - R:localhost/127.0.0.1:56390]
12:44:07.185 [Forwarding clearElement on session 71b0a57365829afb8dac2bf8fb225164 to remote] DEBUG org.asynchttpclient.netty.request.NettyRequestSender - Using pooled Channel '[id: 0x7033b359, L:/127.0.0.1:63111 - R:localhost/127.0.0.1:56390]' for 'POST' to 'http://localhost:56390/session/71b0a57365829afb8dac2bf8fb225164/element/34d3f938-cb5a-47d5-b18f-f266f6c0bc03/clear'
12:44:07.185 [Forwarding clearElement on session 71b0a57365829afb8dac2bf8fb225164 to remote] DEBUG org.asynchttpclient.netty.request.NettyRequestSender - Using open Channel [id: 0x7033b359, L:/127.0.0.1:63111 - R:localhost/127.0.0.1:56390] for POST '/session/71b0a57365829afb8dac2bf8fb225164/element/34d3f938-cb5a-47d5-b18f-f266f6c0bc03/clear'
12:44:07.324 [AsyncHttpClient-1-5] DEBUG org.asynchttpclient.netty.handler.HttpHandler - 

Request DefaultHttpRequest(decodeResult: success, version: HTTP/1.1)
POST /session/71b0a57365829afb8dac2bf8fb225164/element/34d3f938-cb5a-47d5-b18f-f266f6c0bc03/clear HTTP/1.1
User-Agent: selenium/4.1.2 (java windows)
Content-Length: 50
Content-Type: application/json; charset=utf-8
host: localhost:56390
accept: */*

Response DefaultHttpResponse(decodeResult: success, version: HTTP/1.1)
HTTP/1.1 200 OK
Content-Type: application/json; charset=utf-8
cache-control: no-cache
content-length: 14

12:44:07.325 [AsyncHttpClient-1-5] DEBUG org.asynchttpclient.netty.channel.ChannelManager - Adding key: http://localhost:56390 for channel [id: 0x7033b359, L:/127.0.0.1:63111 - R:localhost/127.0.0.1:56390]
12:44:07.333 [Forwarding sendKeysToElement on session 71b0a57365829afb8dac2bf8fb225164 to remote] DEBUG org.asynchttpclient.netty.request.NettyRequestSender - Using pooled Channel '[id: 0x7033b359, L:/127.0.0.1:63111 - R:localhost/127.0.0.1:56390]' for 'POST' to 'http://localhost:56390/session/71b0a57365829afb8dac2bf8fb225164/element/34d3f938-cb5a-47d5-b18f-f266f6c0bc03/value'
12:44:07.333 [Forwarding sendKeysToElement on session 71b0a57365829afb8dac2bf8fb225164 to remote] DEBUG org.asynchttpclient.netty.request.NettyRequestSender - Using open Channel [id: 0x7033b359, L:/127.0.0.1:63111 - R:localhost/127.0.0.1:56390] for POST '/session/71b0a57365829afb8dac2bf8fb225164/element/34d3f938-cb5a-47d5-b18f-f266f6c0bc03/value'
12:44:07.528 [AsyncHttpClient-1-5] DEBUG org.asynchttpclient.netty.handler.HttpHandler - 

Request DefaultHttpRequest(decodeResult: success, version: HTTP/1.1)
POST /session/71b0a57365829afb8dac2bf8fb225164/element/34d3f938-cb5a-47d5-b18f-f266f6c0bc03/value HTTP/1.1
User-Agent: selenium/4.1.2 (java windows)
Content-Length: 171
Content-Type: application/json; charset=utf-8
host: localhost:56390
accept: */*

Response DefaultHttpResponse(decodeResult: success, version: HTTP/1.1)
HTTP/1.1 200 OK
Content-Type: application/json; charset=utf-8
cache-control: no-cache
content-length: 14

12:44:07.528 [AsyncHttpClient-1-5] DEBUG org.asynchttpclient.netty.channel.ChannelManager - Adding key: http://localhost:56390 for channel [id: 0x7033b359, L:/127.0.0.1:63111 - R:localhost/127.0.0.1:56390]
12:44:07.542 [Forwarding screenshot on session 71b0a57365829afb8dac2bf8fb225164 to remote] DEBUG org.asynchttpclient.netty.request.NettyRequestSender - Using pooled Channel '[id: 0x7033b359, L:/127.0.0.1:63111 - R:localhost/127.0.0.1:56390]' for 'GET' to 'http://localhost:56390/session/71b0a57365829afb8dac2bf8fb225164/screenshot'
12:44:07.542 [Forwarding screenshot on session 71b0a57365829afb8dac2bf8fb225164 to remote] DEBUG org.asynchttpclient.netty.request.NettyRequestSender - Using open Channel [id: 0x7033b359, L:/127.0.0.1:63111 - R:localhost/127.0.0.1:56390] for GET '/session/71b0a57365829afb8dac2bf8fb225164/screenshot'
12:44:07.701 [AsyncHttpClient-1-1] DEBUG org.asynchttpclient.netty.channel.DefaultChannelPool - Entry count for : http://localhost:63112 : 1
12:44:07.887 [AsyncHttpClient-1-5] DEBUG org.asynchttpclient.netty.handler.HttpHandler - 

Request DefaultFullHttpRequest(decodeResult: success, version: HTTP/1.1, content: EmptyByteBufBE)
GET /session/71b0a57365829afb8dac2bf8fb225164/screenshot HTTP/1.1
User-Agent: selenium/4.1.2 (java windows)
Cache-Control: no-cache
Content-Type: application/json; charset=utf-8
host: localhost:56390
accept: */*

Response DefaultHttpResponse(decodeResult: success, version: HTTP/1.1)
HTTP/1.1 200 OK
Content-Type: application/json; charset=utf-8
cache-control: no-cache
content-length: 400632

12:44:07.889 [AsyncHttpClient-1-5] DEBUG org.asynchttpclient.netty.channel.ChannelManager - Adding key: http://localhost:56390 for channel [id: 0x7033b359, L:/127.0.0.1:63111 - R:localhost/127.0.0.1:56390]
12:44:07.903 [main] DEBUG net.serenitybdd.core.photography.Darkroom - Send negative for processing for target\site\serenity\047bfb0a90e9a97cb7ced67f69c7ca382c3b50bdee6b77c42e08da1ec452dd79.png
12:44:07.904 [main] DEBUG net.thucydides.core.steps.StepInterceptor - STEP DONE: inputPasswordToField
  &amp#27;[32mAnd &amp#27;[0m&amp#27;[32mI input valid password&amp#27;[0m                           &amp#27;[90m# starter.stepdefinition.loginSteps.iInputValidPassword()&amp#27;[0m
12:44:07.904 [Darkroom Processing Line] DEBUG net.serenitybdd.core.photography.DarkroomProcessingLine - Processing screenshot image in /var/screenshots/screenshot-13010195780147594905
12:44:07.904 [Darkroom Processing Line] DEBUG net.serenitybdd.core.photography.DarkroomProcessingLine - Saving screenshot to target\site\serenity\047bfb0a90e9a97cb7ced67f69c7ca382c3b50bdee6b77c42e08da1ec452dd79.png
12:44:07.930 [main] DEBUG net.thucydides.core.steps.StepInterceptor - STARTING STEP: loginSteps.clickLoginButton - clickLogin
12:44:07.945 [Forwarding findElement on session 71b0a57365829afb8dac2bf8fb225164 to remote] DEBUG org.asynchttpclient.netty.request.NettyRequestSender - Using pooled Channel '[id: 0x7033b359, L:/127.0.0.1:63111 - R:localhost/127.0.0.1:56390]' for 'POST' to 'http://localhost:56390/session/71b0a57365829afb8dac2bf8fb225164/element'
12:44:07.945 [Forwarding findElement on session 71b0a57365829afb8dac2bf8fb225164 to remote] DEBUG org.asynchttpclient.netty.request.NettyRequestSender - Using open Channel [id: 0x7033b359, L:/127.0.0.1:63111 - R:localhost/127.0.0.1:56390] for POST '/session/71b0a57365829afb8dac2bf8fb225164/element'
12:44:07.975 [AsyncHttpClient-1-5] DEBUG org.asynchttpclient.netty.handler.HttpHandler - 

Request DefaultHttpRequest(decodeResult: success, version: HTTP/1.1)
POST /session/71b0a57365829afb8dac2bf8fb225164/element HTTP/1.1
User-Agent: selenium/4.1.2 (java windows)
Content-Length: 74
Content-Type: application/json; charset=utf-8
host: localhost:56390
accept: */*

Response DefaultHttpResponse(decodeResult: success, version: HTTP/1.1)
HTTP/1.1 200 OK
Content-Type: application/json; charset=utf-8
cache-control: no-cache
content-length: 88

12:44:07.976 [AsyncHttpClient-1-5] DEBUG org.asynchttpclient.netty.channel.ChannelManager - Adding key: http://localhost:56390 for channel [id: 0x7033b359, L:/127.0.0.1:63111 - R:localhost/127.0.0.1:56390]
12:44:07.980 [Forwarding getElementTagName on session 71b0a57365829afb8dac2bf8fb225164 to remote] DEBUG org.asynchttpclient.netty.request.NettyRequestSender - Using pooled Channel '[id: 0x7033b359, L:/127.0.0.1:63111 - R:localhost/127.0.0.1:56390]' for 'GET' to 'http://localhost:56390/session/71b0a57365829afb8dac2bf8fb225164/element/abbabc7c-8cd6-420c-bf7c-9a57c7c81cdd/name'
12:44:07.981 [Forwarding getElementTagName on session 71b0a57365829afb8dac2bf8fb225164 to remote] DEBUG org.asynchttpclient.netty.request.NettyRequestSender - Using open Channel [id: 0x7033b359, L:/127.0.0.1:63111 - R:localhost/127.0.0.1:56390] for GET '/session/71b0a57365829afb8dac2bf8fb225164/element/abbabc7c-8cd6-420c-bf7c-9a57c7c81cdd/name'
12:44:07.992 [AsyncHttpClient-1-5] DEBUG org.asynchttpclient.netty.handler.HttpHandler - 

Request DefaultFullHttpRequest(decodeResult: success, version: HTTP/1.1, content: EmptyByteBufBE)
GET /session/71b0a57365829afb8dac2bf8fb225164/element/abbabc7c-8cd6-420c-bf7c-9a57c7c81cdd/name HTTP/1.1
User-Agent: selenium/4.1.2 (java windows)
Cache-Control: no-cache
Content-Type: application/json; charset=utf-8
host: localhost:56390
accept: */*

Response DefaultHttpResponse(decodeResult: success, version: HTTP/1.1)
HTTP/1.1 200 OK
Content-Type: application/json; charset=utf-8
cache-control: no-cache
content-length: 13

12:44:07.992 [AsyncHttpClient-1-5] DEBUG org.asynchttpclient.netty.channel.ChannelManager - Adding key: http://localhost:56390 for channel [id: 0x7033b359, L:/127.0.0.1:63111 - R:localhost/127.0.0.1:56390]
12:44:07.994 [Forwarding getElementTagName on session 71b0a57365829afb8dac2bf8fb225164 to remote] DEBUG org.asynchttpclient.netty.request.NettyRequestSender - Using pooled Channel '[id: 0x7033b359, L:/127.0.0.1:63111 - R:localhost/127.0.0.1:56390]' for 'GET' to 'http://localhost:56390/session/71b0a57365829afb8dac2bf8fb225164/element/abbabc7c-8cd6-420c-bf7c-9a57c7c81cdd/name'
12:44:07.994 [Forwarding getElementTagName on session 71b0a57365829afb8dac2bf8fb225164 to remote] DEBUG org.asynchttpclient.netty.request.NettyRequestSender - Using open Channel [id: 0x7033b359, L:/127.0.0.1:63111 - R:localhost/127.0.0.1:56390] for GET '/session/71b0a57365829afb8dac2bf8fb225164/element/abbabc7c-8cd6-420c-bf7c-9a57c7c81cdd/name'
12:44:07.998 [AsyncHttpClient-1-5] DEBUG org.asynchttpclient.netty.handler.HttpHandler - 

Request DefaultFullHttpRequest(decodeResult: success, version: HTTP/1.1, content: EmptyByteBufBE)
GET /session/71b0a57365829afb8dac2bf8fb225164/element/abbabc7c-8cd6-420c-bf7c-9a57c7c81cdd/name HTTP/1.1
User-Agent: selenium/4.1.2 (java windows)
Cache-Control: no-cache
Content-Type: application/json; charset=utf-8
host: localhost:56390
accept: */*

Response DefaultHttpResponse(decodeResult: success, version: HTTP/1.1)
HTTP/1.1 200 OK
Content-Type: application/json; charset=utf-8
cache-control: no-cache
content-length: 13

12:44:07.998 [AsyncHttpClient-1-5] DEBUG org.asynchttpclient.netty.channel.ChannelManager - Adding key: http://localhost:56390 for channel [id: 0x7033b359, L:/127.0.0.1:63111 - R:localhost/127.0.0.1:56390]
12:44:08.002 [Forwarding findElement on session 71b0a57365829afb8dac2bf8fb225164 to remote] DEBUG org.asynchttpclient.netty.request.NettyRequestSender - Using pooled Channel '[id: 0x7033b359, L:/127.0.0.1:63111 - R:localhost/127.0.0.1:56390]' for 'POST' to 'http://localhost:56390/session/71b0a57365829afb8dac2bf8fb225164/element'
12:44:08.002 [Forwarding findElement on session 71b0a57365829afb8dac2bf8fb225164 to remote] DEBUG org.asynchttpclient.netty.request.NettyRequestSender - Using open Channel [id: 0x7033b359, L:/127.0.0.1:63111 - R:localhost/127.0.0.1:56390] for POST '/session/71b0a57365829afb8dac2bf8fb225164/element'
12:44:08.014 [AsyncHttpClient-1-5] DEBUG org.asynchttpclient.netty.handler.HttpHandler - 

Request DefaultHttpRequest(decodeResult: success, version: HTTP/1.1)
POST /session/71b0a57365829afb8dac2bf8fb225164/element HTTP/1.1
User-Agent: selenium/4.1.2 (java windows)
Content-Length: 74
Content-Type: application/json; charset=utf-8
host: localhost:56390
accept: */*

Response DefaultHttpResponse(decodeResult: success, version: HTTP/1.1)
HTTP/1.1 200 OK
Content-Type: application/json; charset=utf-8
cache-control: no-cache
content-length: 88

12:44:08.014 [AsyncHttpClient-1-5] DEBUG org.asynchttpclient.netty.channel.ChannelManager - Adding key: http://localhost:56390 for channel [id: 0x7033b359, L:/127.0.0.1:63111 - R:localhost/127.0.0.1:56390]
12:44:08.017 [Forwarding clickElement on session 71b0a57365829afb8dac2bf8fb225164 to remote] DEBUG org.asynchttpclient.netty.request.NettyRequestSender - Using pooled Channel '[id: 0x7033b359, L:/127.0.0.1:63111 - R:localhost/127.0.0.1:56390]' for 'POST' to 'http://localhost:56390/session/71b0a57365829afb8dac2bf8fb225164/element/abbabc7c-8cd6-420c-bf7c-9a57c7c81cdd/click'
12:44:08.017 [Forwarding clickElement on session 71b0a57365829afb8dac2bf8fb225164 to remote] DEBUG org.asynchttpclient.netty.request.NettyRequestSender - Using open Channel [id: 0x7033b359, L:/127.0.0.1:63111 - R:localhost/127.0.0.1:56390] for POST '/session/71b0a57365829afb8dac2bf8fb225164/element/abbabc7c-8cd6-420c-bf7c-9a57c7c81cdd/click'
12:44:08.075 [AsyncHttpClient-1-5] DEBUG org.asynchttpclient.netty.handler.HttpHandler - 

Request DefaultHttpRequest(decodeResult: success, version: HTTP/1.1)
POST /session/71b0a57365829afb8dac2bf8fb225164/element/abbabc7c-8cd6-420c-bf7c-9a57c7c81cdd/click HTTP/1.1
User-Agent: selenium/4.1.2 (java windows)
Content-Length: 50
Content-Type: application/json; charset=utf-8
host: localhost:56390
accept: */*

Response DefaultHttpResponse(decodeResult: success, version: HTTP/1.1)
HTTP/1.1 200 OK
Content-Type: application/json; charset=utf-8
cache-control: no-cache
content-length: 14

12:44:08.075 [AsyncHttpClient-1-5] DEBUG org.asynchttpclient.netty.channel.ChannelManager - Adding key: http://localhost:56390 for channel [id: 0x7033b359, L:/127.0.0.1:63111 - R:localhost/127.0.0.1:56390]
12:44:08.086 [Forwarding findElement on session 71b0a57365829afb8dac2bf8fb225164 to remote] DEBUG org.asynchttpclient.netty.request.NettyRequestSender - Using pooled Channel '[id: 0x7033b359, L:/127.0.0.1:63111 - R:localhost/127.0.0.1:56390]' for 'POST' to 'http://localhost:56390/session/71b0a57365829afb8dac2bf8fb225164/element'
12:44:08.086 [Forwarding findElement on session 71b0a57365829afb8dac2bf8fb225164 to remote] DEBUG org.asynchttpclient.netty.request.NettyRequestSender - Using open Channel [id: 0x7033b359, L:/127.0.0.1:63111 - R:localhost/127.0.0.1:56390] for POST '/session/71b0a57365829afb8dac2bf8fb225164/element'
12:44:08.098 [AsyncHttpClient-1-5] DEBUG org.asynchttpclient.netty.handler.HttpHandler - 

Request DefaultHttpRequest(decodeResult: success, version: HTTP/1.1)
POST /session/71b0a57365829afb8dac2bf8fb225164/element HTTP/1.1
User-Agent: selenium/4.1.2 (java windows)
Content-Length: 50
Content-Type: application/json; charset=utf-8
host: localhost:56390
accept: */*

Response DefaultHttpResponse(decodeResult: success, version: HTTP/1.1)
HTTP/1.1 200 OK
Content-Type: application/json; charset=utf-8
cache-control: no-cache
content-length: 88

12:44:08.098 [AsyncHttpClient-1-5] DEBUG org.asynchttpclient.netty.channel.ChannelManager - Adding key: http://localhost:56390 for channel [id: 0x7033b359, L:/127.0.0.1:63111 - R:localhost/127.0.0.1:56390]
12:44:08.103 [Forwarding getElementTagName on session 71b0a57365829afb8dac2bf8fb225164 to remote] DEBUG org.asynchttpclient.netty.request.NettyRequestSender - Using pooled Channel '[id: 0x7033b359, L:/127.0.0.1:63111 - R:localhost/127.0.0.1:56390]' for 'GET' to 'http://localhost:56390/session/71b0a57365829afb8dac2bf8fb225164/element/7eb25d9b-8ca5-44ab-bb62-c0356b015f95/name'
12:44:08.103 [Forwarding getElementTagName on session 71b0a57365829afb8dac2bf8fb225164 to remote] DEBUG org.asynchttpclient.netty.request.NettyRequestSender - Using open Channel [id: 0x7033b359, L:/127.0.0.1:63111 - R:localhost/127.0.0.1:56390] for GET '/session/71b0a57365829afb8dac2bf8fb225164/element/7eb25d9b-8ca5-44ab-bb62-c0356b015f95/name'
12:44:08.111 [AsyncHttpClient-1-5] DEBUG org.asynchttpclient.netty.handler.HttpHandler - 

Request DefaultFullHttpRequest(decodeResult: success, version: HTTP/1.1, content: EmptyByteBufBE)
GET /session/71b0a57365829afb8dac2bf8fb225164/element/7eb25d9b-8ca5-44ab-bb62-c0356b015f95/name HTTP/1.1
User-Agent: selenium/4.1.2 (java windows)
Cache-Control: no-cache
Content-Type: application/json; charset=utf-8
host: localhost:56390
accept: */*

Response DefaultHttpResponse(decodeResult: success, version: HTTP/1.1)
HTTP/1.1 200 OK
Content-Type: application/json; charset=utf-8
cache-control: no-cache
content-length: 18

12:44:08.111 [AsyncHttpClient-1-5] DEBUG org.asynchttpclient.netty.channel.ChannelManager - Adding key: http://localhost:56390 for channel [id: 0x7033b359, L:/127.0.0.1:63111 - R:localhost/127.0.0.1:56390]
12:44:08.115 [Forwarding getElementTagName on session 71b0a57365829afb8dac2bf8fb225164 to remote] DEBUG org.asynchttpclient.netty.request.NettyRequestSender - Using pooled Channel '[id: 0x7033b359, L:/127.0.0.1:63111 - R:localhost/127.0.0.1:56390]' for 'GET' to 'http://localhost:56390/session/71b0a57365829afb8dac2bf8fb225164/element/7eb25d9b-8ca5-44ab-bb62-c0356b015f95/name'
12:44:08.115 [Forwarding getElementTagName on session 71b0a57365829afb8dac2bf8fb225164 to remote] DEBUG org.asynchttpclient.netty.request.NettyRequestSender - Using open Channel [id: 0x7033b359, L:/127.0.0.1:63111 - R:localhost/127.0.0.1:56390] for GET '/session/71b0a57365829afb8dac2bf8fb225164/element/7eb25d9b-8ca5-44ab-bb62-c0356b015f95/name'
12:44:08.121 [AsyncHttpClient-1-5] DEBUG org.asynchttpclient.netty.handler.HttpHandler - 

Request DefaultFullHttpRequest(decodeResult: success, version: HTTP/1.1, content: EmptyByteBufBE)
GET /session/71b0a57365829afb8dac2bf8fb225164/element/7eb25d9b-8ca5-44ab-bb62-c0356b015f95/name HTTP/1.1
User-Agent: selenium/4.1.2 (java windows)
Cache-Control: no-cache
Content-Type: application/json; charset=utf-8
host: localhost:56390
accept: */*

Response DefaultHttpResponse(decodeResult: success, version: HTTP/1.1)
HTTP/1.1 200 OK
Content-Type: application/json; charset=utf-8
cache-control: no-cache
content-length: 18

12:44:08.121 [AsyncHttpClient-1-5] DEBUG org.asynchttpclient.netty.channel.ChannelManager - Adding key: http://localhost:56390 for channel [id: 0x7033b359, L:/127.0.0.1:63111 - R:localhost/127.0.0.1:56390]
12:44:08.126 [Forwarding isElementEnabled on session 71b0a57365829afb8dac2bf8fb225164 to remote] DEBUG org.asynchttpclient.netty.request.NettyRequestSender - Using pooled Channel '[id: 0x7033b359, L:/127.0.0.1:63111 - R:localhost/127.0.0.1:56390]' for 'GET' to 'http://localhost:56390/session/71b0a57365829afb8dac2bf8fb225164/element/7eb25d9b-8ca5-44ab-bb62-c0356b015f95/enabled'
12:44:08.126 [Forwarding isElementEnabled on session 71b0a57365829afb8dac2bf8fb225164 to remote] DEBUG org.asynchttpclient.netty.request.NettyRequestSender - Using open Channel [id: 0x7033b359, L:/127.0.0.1:63111 - R:localhost/127.0.0.1:56390] for GET '/session/71b0a57365829afb8dac2bf8fb225164/element/7eb25d9b-8ca5-44ab-bb62-c0356b015f95/enabled'
12:44:08.140 [AsyncHttpClient-1-5] DEBUG org.asynchttpclient.netty.handler.HttpHandler - 

Request DefaultFullHttpRequest(decodeResult: success, version: HTTP/1.1, content: EmptyByteBufBE)
GET /session/71b0a57365829afb8dac2bf8fb225164/element/7eb25d9b-8ca5-44ab-bb62-c0356b015f95/enabled HTTP/1.1
User-Agent: selenium/4.1.2 (java windows)
Cache-Control: no-cache
Content-Type: application/json; charset=utf-8
host: localhost:56390
accept: */*

Response DefaultHttpResponse(decodeResult: success, version: HTTP/1.1)
HTTP/1.1 200 OK
Content-Type: application/json; charset=utf-8
cache-control: no-cache
content-length: 14

12:44:08.140 [AsyncHttpClient-1-5] DEBUG org.asynchttpclient.netty.channel.ChannelManager - Adding key: http://localhost:56390 for channel [id: 0x7033b359, L:/127.0.0.1:63111 - R:localhost/127.0.0.1:56390]
12:44:08.143 [Forwarding isElementEnabled on session 71b0a57365829afb8dac2bf8fb225164 to remote] DEBUG org.asynchttpclient.netty.request.NettyRequestSender - Using pooled Channel '[id: 0x7033b359, L:/127.0.0.1:63111 - R:localhost/127.0.0.1:56390]' for 'GET' to 'http://localhost:56390/session/71b0a57365829afb8dac2bf8fb225164/element/7eb25d9b-8ca5-44ab-bb62-c0356b015f95/enabled'
12:44:08.143 [Forwarding isElementEnabled on session 71b0a57365829afb8dac2bf8fb225164 to remote] DEBUG org.asynchttpclient.netty.request.NettyRequestSender - Using open Channel [id: 0x7033b359, L:/127.0.0.1:63111 - R:localhost/127.0.0.1:56390] for GET '/session/71b0a57365829afb8dac2bf8fb225164/element/7eb25d9b-8ca5-44ab-bb62-c0356b015f95/enabled'
12:44:08.154 [AsyncHttpClient-1-5] DEBUG org.asynchttpclient.netty.handler.HttpHandler - 

Request DefaultFullHttpRequest(decodeResult: success, version: HTTP/1.1, content: EmptyByteBufBE)
GET /session/71b0a57365829afb8dac2bf8fb225164/element/7eb25d9b-8ca5-44ab-bb62-c0356b015f95/enabled HTTP/1.1
User-Agent: selenium/4.1.2 (java windows)
Cache-Control: no-cache
Content-Type: application/json; charset=utf-8
host: localhost:56390
accept: */*

Response DefaultHttpResponse(decodeResult: success, version: HTTP/1.1)
HTTP/1.1 200 OK
Content-Type: application/json; charset=utf-8
cache-control: no-cache
content-length: 14

12:44:08.154 [AsyncHttpClient-1-5] DEBUG org.asynchttpclient.netty.channel.ChannelManager - Adding key: http://localhost:56390 for channel [id: 0x7033b359, L:/127.0.0.1:63111 - R:localhost/127.0.0.1:56390]
12:44:08.159 [Forwarding findElement on session 71b0a57365829afb8dac2bf8fb225164 to remote] DEBUG org.asynchttpclient.netty.request.NettyRequestSender - Using pooled Channel '[id: 0x7033b359, L:/127.0.0.1:63111 - R:localhost/127.0.0.1:56390]' for 'POST' to 'http://localhost:56390/session/71b0a57365829afb8dac2bf8fb225164/element'
12:44:08.159 [Forwarding findElement on session 71b0a57365829afb8dac2bf8fb225164 to remote] DEBUG org.asynchttpclient.netty.request.NettyRequestSender - Using open Channel [id: 0x7033b359, L:/127.0.0.1:63111 - R:localhost/127.0.0.1:56390] for POST '/session/71b0a57365829afb8dac2bf8fb225164/element'
12:44:08.171 [AsyncHttpClient-1-5] DEBUG org.asynchttpclient.netty.handler.HttpHandler - 

Request DefaultHttpRequest(decodeResult: success, version: HTTP/1.1)
POST /session/71b0a57365829afb8dac2bf8fb225164/element HTTP/1.1
User-Agent: selenium/4.1.2 (java windows)
Content-Length: 50
Content-Type: application/json; charset=utf-8
host: localhost:56390
accept: */*

Response DefaultHttpResponse(decodeResult: success, version: HTTP/1.1)
HTTP/1.1 200 OK
Content-Type: application/json; charset=utf-8
cache-control: no-cache
content-length: 88

12:44:08.172 [AsyncHttpClient-1-5] DEBUG org.asynchttpclient.netty.channel.ChannelManager - Adding key: http://localhost:56390 for channel [id: 0x7033b359, L:/127.0.0.1:63111 - R:localhost/127.0.0.1:56390]
12:44:08.175 [Forwarding clickElement on session 71b0a57365829afb8dac2bf8fb225164 to remote] DEBUG org.asynchttpclient.netty.request.NettyRequestSender - Using pooled Channel '[id: 0x7033b359, L:/127.0.0.1:63111 - R:localhost/127.0.0.1:56390]' for 'POST' to 'http://localhost:56390/session/71b0a57365829afb8dac2bf8fb225164/element/7eb25d9b-8ca5-44ab-bb62-c0356b015f95/click'
12:44:08.175 [Forwarding clickElement on session 71b0a57365829afb8dac2bf8fb225164 to remote] DEBUG org.asynchttpclient.netty.request.NettyRequestSender - Using open Channel [id: 0x7033b359, L:/127.0.0.1:63111 - R:localhost/127.0.0.1:56390] for POST '/session/71b0a57365829afb8dac2bf8fb225164/element/7eb25d9b-8ca5-44ab-bb62-c0356b015f95/click'
12:44:08.237 [AsyncHttpClient-1-5] DEBUG org.asynchttpclient.netty.handler.HttpHandler - 

Request DefaultHttpRequest(decodeResult: success, version: HTTP/1.1)
POST /session/71b0a57365829afb8dac2bf8fb225164/element/7eb25d9b-8ca5-44ab-bb62-c0356b015f95/click HTTP/1.1
User-Agent: selenium/4.1.2 (java windows)
Content-Length: 50
Content-Type: application/json; charset=utf-8
host: localhost:56390
accept: */*

Response DefaultHttpResponse(decodeResult: success, version: HTTP/1.1)
HTTP/1.1 200 OK
Content-Type: application/json; charset=utf-8
cache-control: no-cache
content-length: 14

12:44:08.238 [AsyncHttpClient-1-5] DEBUG org.asynchttpclient.netty.channel.ChannelManager - Adding key: http://localhost:56390 for channel [id: 0x7033b359, L:/127.0.0.1:63111 - R:localhost/127.0.0.1:56390]
12:44:08.250 [Forwarding screenshot on session 71b0a57365829afb8dac2bf8fb225164 to remote] DEBUG org.asynchttpclient.netty.request.NettyRequestSender - Using pooled Channel '[id: 0x7033b359, L:/127.0.0.1:63111 - R:localhost/127.0.0.1:56390]' for 'GET' to 'http://localhost:56390/session/71b0a57365829afb8dac2bf8fb225164/screenshot'
12:44:08.250 [Forwarding screenshot on session 71b0a57365829afb8dac2bf8fb225164 to remote] DEBUG org.asynchttpclient.netty.request.NettyRequestSender - Using open Channel [id: 0x7033b359, L:/127.0.0.1:63111 - R:localhost/127.0.0.1:56390] for GET '/session/71b0a57365829afb8dac2bf8fb225164/screenshot'
12:44:08.518 [AsyncHttpClient-1-5] DEBUG org.asynchttpclient.netty.handler.HttpHandler - 

Request DefaultFullHttpRequest(decodeResult: success, version: HTTP/1.1, content: EmptyByteBufBE)
GET /session/71b0a57365829afb8dac2bf8fb225164/screenshot HTTP/1.1
User-Agent: selenium/4.1.2 (java windows)
Cache-Control: no-cache
Content-Type: application/json; charset=utf-8
host: localhost:56390
accept: */*

Response DefaultHttpResponse(decodeResult: success, version: HTTP/1.1)
HTTP/1.1 200 OK
Content-Type: application/json; charset=utf-8
cache-control: no-cache
content-length: 286280

12:44:08.521 [AsyncHttpClient-1-5] DEBUG org.asynchttpclient.netty.channel.ChannelManager - Adding key: http://localhost:56390 for channel [id: 0x7033b359, L:/127.0.0.1:63111 - R:localhost/127.0.0.1:56390]
12:44:08.534 [main] DEBUG net.serenitybdd.core.photography.Darkroom - Send negative for processing for target\site\serenity\9aff1a52ef4adecb88d80cdb0cec1cc72a1427caec184037a5283959071ce096.png
12:44:08.534 [main] DEBUG net.thucydides.core.steps.StepInterceptor - STEP DONE: clickLogin
12:44:08.535 [Darkroom Processing Line] DEBUG net.serenitybdd.core.photography.DarkroomProcessingLine - Processing screenshot image in /var/screenshots/screenshot-906356493052672491
12:44:08.535 [Darkroom Processing Line] DEBUG net.serenitybdd.core.photography.DarkroomProcessingLine - Saving screenshot to target\site\serenity\9aff1a52ef4adecb88d80cdb0cec1cc72a1427caec184037a5283959071ce096.png
  &amp#27;[32mAnd &amp#27;[0m&amp#27;[32mclick login button&amp#27;[0m                               &amp#27;[90m# starter.stepdefinition.loginSteps.clickLoginButton()&amp#27;[0m
12:44:08.565 [main] DEBUG net.thucydides.core.steps.StepInterceptor - STARTING STEP: loginSteps.iHaveErrorMessage - errorMessageAlert
12:44:08.578 [Forwarding findElement on session 71b0a57365829afb8dac2bf8fb225164 to remote] DEBUG org.asynchttpclient.netty.request.NettyRequestSender - Using pooled Channel '[id: 0x7033b359, L:/127.0.0.1:63111 - R:localhost/127.0.0.1:56390]' for 'POST' to 'http://localhost:56390/session/71b0a57365829afb8dac2bf8fb225164/element'
12:44:08.578 [Forwarding findElement on session 71b0a57365829afb8dac2bf8fb225164 to remote] DEBUG org.asynchttpclient.netty.request.NettyRequestSender - Using open Channel [id: 0x7033b359, L:/127.0.0.1:63111 - R:localhost/127.0.0.1:56390] for POST '/session/71b0a57365829afb8dac2bf8fb225164/element'
12:44:08.599 [AsyncHttpClient-1-5] DEBUG org.asynchttpclient.netty.handler.HttpHandler - 

Request DefaultHttpRequest(decodeResult: success, version: HTTP/1.1)
POST /session/71b0a57365829afb8dac2bf8fb225164/element HTTP/1.1
User-Agent: selenium/4.1.2 (java windows)
Content-Length: 49
Content-Type: application/json; charset=utf-8
host: localhost:56390
accept: */*

Response DefaultHttpResponse(decodeResult: success, version: HTTP/1.1)
HTTP/1.1 200 OK
Content-Type: application/json; charset=utf-8
cache-control: no-cache
content-length: 88

12:44:08.599 [AsyncHttpClient-1-5] DEBUG org.asynchttpclient.netty.channel.ChannelManager - Adding key: http://localhost:56390 for channel [id: 0x7033b359, L:/127.0.0.1:63111 - R:localhost/127.0.0.1:56390]
12:44:08.603 [Forwarding getElementText on session 71b0a57365829afb8dac2bf8fb225164 to remote] DEBUG org.asynchttpclient.netty.request.NettyRequestSender - Using pooled Channel '[id: 0x7033b359, L:/127.0.0.1:63111 - R:localhost/127.0.0.1:56390]' for 'GET' to 'http://localhost:56390/session/71b0a57365829afb8dac2bf8fb225164/element/08ad4fc1-543c-4f79-b42e-8bbc1141f106/text'
12:44:08.603 [Forwarding getElementText on session 71b0a57365829afb8dac2bf8fb225164 to remote] DEBUG org.asynchttpclient.netty.request.NettyRequestSender - Using open Channel [id: 0x7033b359, L:/127.0.0.1:63111 - R:localhost/127.0.0.1:56390] for GET '/session/71b0a57365829afb8dac2bf8fb225164/element/08ad4fc1-543c-4f79-b42e-8bbc1141f106/text'
12:44:08.629 [AsyncHttpClient-1-5] DEBUG org.asynchttpclient.netty.handler.HttpHandler - 

Request DefaultFullHttpRequest(decodeResult: success, version: HTTP/1.1, content: EmptyByteBufBE)
GET /session/71b0a57365829afb8dac2bf8fb225164/element/08ad4fc1-543c-4f79-b42e-8bbc1141f106/text HTTP/1.1
User-Agent: selenium/4.1.2 (java windows)
Cache-Control: no-cache
Content-Type: application/json; charset=utf-8
host: localhost:56390
accept: */*

Response DefaultHttpResponse(decodeResult: success, version: HTTP/1.1)
HTTP/1.1 200 OK
Content-Type: application/json; charset=utf-8
cache-control: no-cache
content-length: 41

12:44:08.629 [AsyncHttpClient-1-5] DEBUG org.asynchttpclient.netty.channel.ChannelManager - Adding key: http://localhost:56390 for channel [id: 0x7033b359, L:/127.0.0.1:63111 - R:localhost/127.0.0.1:56390]
12:44:08.640 [Forwarding screenshot on session 71b0a57365829afb8dac2bf8fb225164 to remote] DEBUG org.asynchttpclient.netty.request.NettyRequestSender - Using pooled Channel '[id: 0x7033b359, L:/127.0.0.1:63111 - R:localhost/127.0.0.1:56390]' for 'GET' to 'http://localhost:56390/session/71b0a57365829afb8dac2bf8fb225164/screenshot'
12:44:08.640 [Forwarding screenshot on session 71b0a57365829afb8dac2bf8fb225164 to remote] DEBUG org.asynchttpclient.netty.request.NettyRequestSender - Using open Channel [id: 0x7033b359, L:/127.0.0.1:63111 - R:localhost/127.0.0.1:56390] for GET '/session/71b0a57365829afb8dac2bf8fb225164/screenshot'
12:44:08.794 [AsyncHttpClient-1-1] DEBUG org.asynchttpclient.netty.channel.DefaultChannelPool - Entry count for : http://localhost:63112 : 1
12:44:08.957 [AsyncHttpClient-1-5] DEBUG org.asynchttpclient.netty.handler.HttpHandler - 

Request DefaultFullHttpRequest(decodeResult: success, version: HTTP/1.1, content: EmptyByteBufBE)
GET /session/71b0a57365829afb8dac2bf8fb225164/screenshot HTTP/1.1
User-Agent: selenium/4.1.2 (java windows)
Cache-Control: no-cache
Content-Type: application/json; charset=utf-8
host: localhost:56390
accept: */*

Response DefaultHttpResponse(decodeResult: success, version: HTTP/1.1)
HTTP/1.1 200 OK
Content-Type: application/json; charset=utf-8
cache-control: no-cache
content-length: 310960

12:44:08.960 [AsyncHttpClient-1-5] DEBUG org.asynchttpclient.netty.channel.ChannelManager - Adding key: http://localhost:56390 for channel [id: 0x7033b359, L:/127.0.0.1:63111 - R:localhost/127.0.0.1:56390]
12:44:08.973 [main] DEBUG net.serenitybdd.core.photography.Darkroom - Send negative for processing for target\site\serenity\be9fbee5224080a1b44a8fa558d80c651cc88669cde6c588004c9d5046e57c1e.png
12:44:08.973 [main] DEBUG net.thucydides.core.steps.StepInterceptor - STEP DONE: errorMessageAlert
  &amp#27;[32mThen &amp#27;[0m&amp#27;[32mi have error message&amp#27;[0m                            &amp#27;[90m# starter.stepdefinition.loginSteps.iHaveErrorMessage()&amp#27;[0m
12:44:08.974 [Darkroom Processing Line] DEBUG net.serenitybdd.core.photography.DarkroomProcessingLine - Processing screenshot image in /var/screenshots/screenshot-14705538389258224959
12:44:08.974 [Darkroom Processing Line] DEBUG net.serenitybdd.core.photography.DarkroomProcessingLine - Saving screenshot to target\site\serenity\be9fbee5224080a1b44a8fa558d80c651cc88669cde6c588004c9d5046e57c1e.png
12:44:08.983 [main] INFO  - 
  _____   ___   ___   _____     ___     _     ___   ___   ___   ___  
 |_   _| | __| / __| |_   _|   | _ \   /_\   / __| / __| | __| |   \ 
   | |   | _|  \__ \   | |     |  _/  / _ \  \__ \ \__ \ | _|  | |) |
   |_|   |___| |___/   |_|     |_|   /_/ \_\ |___/ |___/ |___| |___/ 

As a user i cannot login with wrong username
----------------------------------------------------------------------
12:44:08.985 [AsyncHttpClient-1-7] DEBUG org.asynchttpclient.netty.handler.WebSocketHandler - Channel Closed: [id: 0x1c49920c, L:/127.0.0.1:63120 ! R:localhost/127.0.0.1:63112] with attribute NettyResponseFuture{currentRetry=5,
	isDone=1,
	isCancelled=0,
	asyncHandler=org.asynchttpclient.ws.WebSocketUpgradeHandler@589e95c4,
	nettyRequest=org.asynchttpclient.netty.request.NettyRequest@1d9c10b3,
	future=java.util.concurrent.CompletableFuture@78eadeea[Completed normally],
	uri=ws://localhost:63112/devtools/browser/2e4c2ee1-9efc-4b0a-8a13-a67eed8c0cfc,
	keepAlive=true,
	redirectCount=0,
	timeoutsHolder=null,
	inAuth=0,
	touch=1648619035161}
12:44:08.985 [AsyncHttpClient-1-7] DEBUG org.asynchttpclient.netty.channel.ChannelManager - Closing Channel [id: 0x1c49920c, L:/127.0.0.1:63120 ! R:localhost/127.0.0.1:63112] 
12:44:08.994 [Driver Command Executor] DEBUG org.asynchttpclient.netty.request.NettyRequestSender - Using pooled Channel '[id: 0x7033b359, L:/127.0.0.1:63111 - R:localhost/127.0.0.1:56390]' for 'DELETE' to 'http://localhost:56390/session/71b0a57365829afb8dac2bf8fb225164'
12:44:08.994 [Driver Command Executor] DEBUG org.asynchttpclient.netty.request.NettyRequestSender - Using open Channel [id: 0x7033b359, L:/127.0.0.1:63111 - R:localhost/127.0.0.1:56390] for DELETE '/session/71b0a57365829afb8dac2bf8fb225164'
12:44:09.855 [AsyncHttpClient-1-6] DEBUG org.asynchttpclient.netty.handler.HttpHandler - Unexpected I/O exception on channel [id: 0xcc211ac1, L:/127.0.0.1:63119 - R:localhost/127.0.0.1:63112]
java.net.SocketException: Connection reset
	at java.base/sun.nio.ch.SocketChannelImpl.throwConnectionReset(SocketChannelImpl.java:367)
	at java.base/sun.nio.ch.SocketChannelImpl.read(SocketChannelImpl.java:398)
	at io.netty.buffer.PooledByteBuf.setBytes(PooledByteBuf.java:258)
	at io.netty.buffer.AbstractByteBuf.writeBytes(AbstractByteBuf.java:1132)
	at io.netty.channel.socket.nio.NioSocketChannel.doReadBytes(NioSocketChannel.java:350)
	at io.netty.channel.nio.AbstractNioByteChannel$NioByteUnsafe.read(AbstractNioByteChannel.java:151)
	at io.netty.channel.nio.NioEventLoop.processSelectedKey(NioEventLoop.java:722)
	at io.netty.channel.nio.NioEventLoop.processSelectedKeysOptimized(NioEventLoop.java:658)
	at io.netty.channel.nio.NioEventLoop.processSelectedKeys(NioEventLoop.java:584)
	at io.netty.channel.nio.NioEventLoop.run(NioEventLoop.java:496)
	at io.netty.util.concurrent.SingleThreadEventExecutor$4.run(SingleThreadEventExecutor.java:986)
	at io.netty.util.internal.ThreadExecutorMap$2.run(ThreadExecutorMap.java:74)
	at io.netty.util.concurrent.FastThreadLocalRunnable.run(FastThreadLocalRunnable.java:30)
	at java.base/java.lang.Thread.run(Thread.java:832)
12:44:09.855 [AsyncHttpClient-1-6] DEBUG org.asynchttpclient.netty.channel.ChannelManager - Closing Channel [id: 0xcc211ac1, L:/127.0.0.1:63119 - R:localhost/127.0.0.1:63112] 
12:44:09.855 [AsyncHttpClient-1-6] DEBUG org.asynchttpclient.netty.handler.HttpHandler - Channel Closed: [id: 0xcc211ac1, L:/127.0.0.1:63119 ! R:localhost/127.0.0.1:63112] with attribute DISCARD
12:44:09.893 [AsyncHttpClient-1-1] DEBUG org.asynchttpclient.netty.channel.DefaultChannelPool - Entry count for : http://localhost:63112 : 1
12:44:09.893 [AsyncHttpClient-1-1] DEBUG org.asynchttpclient.netty.channel.DefaultChannelPool - Adding Candidate expired Channel [id: 0xcc211ac1, L:/127.0.0.1:63119 ! R:localhost/127.0.0.1:63112] isIdleTimeoutExpired=false isRemotelyClosed=true isTtlExpired=false
12:44:09.893 [AsyncHttpClient-1-1] DEBUG org.asynchttpclient.netty.channel.DefaultChannelPool - Closing Idle Channel [id: 0xcc211ac1, L:/127.0.0.1:63119 ! R:localhost/127.0.0.1:63112]
12:44:09.893 [AsyncHttpClient-1-1] DEBUG org.asynchttpclient.netty.channel.DefaultChannelPool - Closed 1 connections out of 1 in 0 ms
12:44:09.920 [AsyncHttpClient-1-5] DEBUG org.asynchttpclient.netty.handler.HttpHandler - 

Request DefaultFullHttpRequest(decodeResult: success, version: HTTP/1.1, content: EmptyByteBufBE)
DELETE /session/71b0a57365829afb8dac2bf8fb225164 HTTP/1.1
User-Agent: selenium/4.1.2 (java windows)
Content-Type: application/json; charset=utf-8
host: localhost:56390
accept: */*

Response DefaultHttpResponse(decodeResult: success, version: HTTP/1.1)
HTTP/1.1 200 OK
Content-Type: application/json; charset=utf-8
cache-control: no-cache
content-length: 14

12:44:09.921 [AsyncHttpClient-1-5] DEBUG org.asynchttpclient.netty.channel.ChannelManager - Adding key: http://localhost:56390 for channel [id: 0x7033b359, L:/127.0.0.1:63111 - R:localhost/127.0.0.1:56390]
12:44:10.264 [AsyncHttpClient-1-5] DEBUG org.asynchttpclient.netty.handler.HttpHandler - Channel Closed: [id: 0x7033b359, L:/127.0.0.1:63111 ! R:localhost/127.0.0.1:56390] with attribute DISCARD
]]></system-out>
    <system-err><![CDATA[Starting ChromeDriver 99.0.4844.51 (d537ec02474b5afe23684e7963d538896c63ac77-refs/branch-heads/4844@{#875}) on port 56390
Only local connections are allowed.
Please see https://chromedriver.chromium.org/security-considerations for suggestions on keeping ChromeDriver safe.
ChromeDriver was started successfully.
Mar 30, 2022 12:43:55 PM org.openqa.selenium.remote.ProtocolHandshake createSession
INFO: Detected dialect: W3C
Mar 30, 2022 12:43:55 PM org.openqa.selenium.devtools.CdpVersionFinder findNearestMatch
WARNING: Unable to find an exact match for CDP version 99, so returning the closest version found: 97
Mar 30, 2022 12:43:55 PM org.openqa.selenium.devtools.CdpVersionFinder findNearestMatch
INFO: Found CDP implementation for version 99 of 97
]]></system-err>
  </testcase>
  <testcase name="As a user i cannot login with wrong password" classname="Login" time="18.859">
    <system-out><![CDATA[
Scenario: As a user i cannot login with wrong password &amp#27;[90m# src/test/resources/features/login.feature:21&amp#27;[0m
12:44:10.789 [main] INFO io.cucumber.core.plugin.SerenityReporter - Running feature from file:///D:/PERKULIAHAN/Semester%206,Hebatt%20glad!/Altera/New%20folder/Serenity_Gladys/src/test/resources/features/login.feature
12:44:10.792 [main] INFO  - 
  _____   ___   ___   _____     ___   _____     _     ___   _____   ___   ___  
 |_   _| | __| / __| |_   _|   / __| |_   _|   /_\   | _ \ |_   _| | __| |   \ 
   | |   | _|  \__ \   | |     \__ \   | |    / _ \  |   /   | |   | _|  | |) |
   |_|   |___| |___/   |_|     |___/   |_|   /_/ \_\ |_|_\   |_|   |___| |___/ 

As a user i cannot login with wrong password(login;as-a-user-i-cannot-login-with-wrong-password)
--------------------------------------------------------------------------------
12:44:10.827 [main] DEBUG net.thucydides.core.steps.StepInterceptor - STARTING STEP: loginSteps.iAmInTheLoginPage - openUrl
12:44:10.829 [main] INFO net.serenitybdd.core.webdriver.driverproviders.ChromeDriverProvider - Using automatically driver download
12:44:10.998 [AsyncHttpClient-1-1] DEBUG org.asynchttpclient.netty.channel.DefaultChannelPool - Entry count for : http://localhost:56390 : 1
12:44:10.998 [AsyncHttpClient-1-1] DEBUG org.asynchttpclient.netty.channel.DefaultChannelPool - Adding Candidate expired Channel [id: 0x7033b359, L:/127.0.0.1:63111 ! R:localhost/127.0.0.1:56390] isIdleTimeoutExpired=false isRemotelyClosed=true isTtlExpired=false
12:44:10.998 [AsyncHttpClient-1-1] DEBUG org.asynchttpclient.netty.channel.DefaultChannelPool - Closing Idle Channel [id: 0x7033b359, L:/127.0.0.1:63111 ! R:localhost/127.0.0.1:56390]
12:44:10.998 [AsyncHttpClient-1-1] DEBUG org.asynchttpclient.netty.channel.DefaultChannelPool - Closed 1 connections out of 1 in 0 ms
12:44:11.110 [main] DEBUG io.github.bonigarcia.wdm.cache.ResolutionCache - Resolution chrome=99 in cache (valid until 13:34:24 30/03/2022 WIB)
12:44:11.134 [main] DEBUG io.github.bonigarcia.wdm.cache.ResolutionCache - Resolution chrome99=99.0.4844.51 in cache (valid until 13:36:02 30/03/2022 WIB)
12:44:11.140 [main] INFO io.github.bonigarcia.wdm.WebDriverManager - Using chromedriver 99.0.4844.51 (resolved driver for Chrome 99)
12:44:11.192 [main] DEBUG io.github.bonigarcia.wdm.WebDriverManager - Driver chromedriver 99.0.4844.51 found in cache
12:44:11.194 [main] INFO io.github.bonigarcia.wdm.WebDriverManager - Exporting webdriver.chrome.driver as C:\Users\ASUS\.cache\selenium\chromedriver\win32\99.0.4844.51\chromedriver.exe
12:44:11.543 [main] DEBUG net.serenitybdd.core.webdriver.driverproviders.ProvideNewDriver - Instantiating driver
12:44:11.543 [main] DEBUG net.serenitybdd.core.webdriver.driverproviders.ProvideNewDriver - Driver capabilities: Capabilities {acceptInsecureCerts: false, base.url: https://demoqa.com/login, browserName: chrome, chrome.driver: src/test/resources/webdrive..., driver: chrome, goog:chromeOptions: {args: [], extensions: []}}
12:44:12.125 [AsyncHttpClient-1-8] DEBUG org.asynchttpclient.netty.channel.NettyConnectListener - Using new Channel '[id: 0xb7794ed8, L:/127.0.0.1:63201 - R:localhost/127.0.0.1:58617]' for 'POST' to '/session'
12:44:16.752 [AsyncHttpClient-1-8] DEBUG org.asynchttpclient.netty.handler.HttpHandler - 

Request DefaultHttpRequest(decodeResult: success, version: HTTP/1.1)
POST /session HTTP/1.1
User-Agent: selenium/4.1.2 (java windows)
Content-Length: 610
Content-Type: application/json; charset=utf-8
host: localhost:58617
accept: */*

Response DefaultHttpResponse(decodeResult: success, version: HTTP/1.1)
HTTP/1.1 200 OK
Content-Type: application/json; charset=utf-8
cache-control: no-cache
content-length: 787

12:44:16.752 [AsyncHttpClient-1-8] DEBUG org.asynchttpclient.netty.channel.ChannelManager - Adding key: http://localhost:58617 for channel [id: 0xb7794ed8, L:/127.0.0.1:63201 - R:localhost/127.0.0.1:58617]
12:44:16.759 [AsyncHttpClient-1-9] DEBUG org.asynchttpclient.netty.channel.NettyConnectListener - Using new Channel '[id: 0x15bd9b58, L:/127.0.0.1:63215 - R:localhost/127.0.0.1:63202]' for 'GET' to '/json/version'
12:44:16.764 [AsyncHttpClient-1-9] DEBUG org.asynchttpclient.netty.handler.HttpHandler - 

Request DefaultFullHttpRequest(decodeResult: success, version: HTTP/1.1, content: EmptyByteBufBE)
GET /json/version HTTP/1.1
User-Agent: selenium/4.1.2 (java windows)
host: localhost:63202
accept: */*

Response DefaultHttpResponse(decodeResult: success, version: HTTP/1.1)
HTTP/1.1 200 OK
Content-Type: application/json; charset=UTF-8
content-length: 424

12:44:16.765 [AsyncHttpClient-1-9] DEBUG org.asynchttpclient.netty.channel.ChannelManager - Adding key: http://localhost:63202 for channel [id: 0x15bd9b58, L:/127.0.0.1:63215 - R:localhost/127.0.0.1:63202]
12:44:16.769 [AsyncHttpClient-1-10] DEBUG org.asynchttpclient.netty.channel.NettyConnectListener - Using new Channel '[id: 0xfe89f38b, L:/127.0.0.1:63216 - R:localhost/127.0.0.1:63202]' for 'GET' to '/devtools/browser/40c41362-ec19-4328-bdb8-e4ca9916bca2'
12:44:16.776 [AsyncHttpClient-1-10] DEBUG org.asynchttpclient.netty.handler.WebSocketHandler - 

Request DefaultFullHttpRequest(decodeResult: success, version: HTTP/1.1, content: EmptyByteBufBE)
GET /devtools/browser/40c41362-ec19-4328-bdb8-e4ca9916bca2 HTTP/1.1
upgrade: websocket
connection: upgrade
sec-websocket-key: t86AfUt6/44ez8po1c4Hjw==
sec-websocket-version: 13
origin: http://localhost:63202
host: localhost:63202
accept: */*
user-agent: AHC/2.1

Response DefaultHttpResponse(decodeResult: success, version: HTTP/1.1)
HTTP/1.1 101 WebSocket Protocol Handshake
Upgrade: WebSocket
Connection: Upgrade
Sec-WebSocket-Accept: dO/ec6F35NVfAwLsMRH0sx7KVWs=

12:44:16.784 [Forwarding maximizeCurrentWindow on session 72b2ac414e94a31f1c141e2cbc07ba8f to remote] DEBUG org.asynchttpclient.netty.request.NettyRequestSender - Using pooled Channel '[id: 0xb7794ed8, L:/127.0.0.1:63201 - R:localhost/127.0.0.1:58617]' for 'POST' to 'http://localhost:58617/session/72b2ac414e94a31f1c141e2cbc07ba8f/window/maximize'
12:44:16.784 [Forwarding maximizeCurrentWindow on session 72b2ac414e94a31f1c141e2cbc07ba8f to remote] DEBUG org.asynchttpclient.netty.request.NettyRequestSender - Using open Channel [id: 0xb7794ed8, L:/127.0.0.1:63201 - R:localhost/127.0.0.1:58617] for POST '/session/72b2ac414e94a31f1c141e2cbc07ba8f/window/maximize'
12:44:16.909 [AsyncHttpClient-1-8] DEBUG org.asynchttpclient.netty.handler.HttpHandler - 

Request DefaultHttpRequest(decodeResult: success, version: HTTP/1.1)
POST /session/72b2ac414e94a31f1c141e2cbc07ba8f/window/maximize HTTP/1.1
User-Agent: selenium/4.1.2 (java windows)
Content-Length: 3
Content-Type: application/json; charset=utf-8
host: localhost:58617
accept: */*

Response DefaultHttpResponse(decodeResult: success, version: HTTP/1.1)
HTTP/1.1 200 OK
Content-Type: application/json; charset=utf-8
cache-control: no-cache
content-length: 51

12:44:16.909 [AsyncHttpClient-1-8] DEBUG org.asynchttpclient.netty.channel.ChannelManager - Adding key: http://localhost:58617 for channel [id: 0xb7794ed8, L:/127.0.0.1:63201 - R:localhost/127.0.0.1:58617]
12:44:16.912 [Forwarding get on session 72b2ac414e94a31f1c141e2cbc07ba8f to remote] DEBUG org.asynchttpclient.netty.request.NettyRequestSender - Using pooled Channel '[id: 0xb7794ed8, L:/127.0.0.1:63201 - R:localhost/127.0.0.1:58617]' for 'POST' to 'http://localhost:58617/session/72b2ac414e94a31f1c141e2cbc07ba8f/url'
12:44:16.912 [Forwarding get on session 72b2ac414e94a31f1c141e2cbc07ba8f to remote] DEBUG org.asynchttpclient.netty.request.NettyRequestSender - Using open Channel [id: 0xb7794ed8, L:/127.0.0.1:63201 - R:localhost/127.0.0.1:58617] for POST '/session/72b2ac414e94a31f1c141e2cbc07ba8f/url'
12:44:17.601 [AsyncHttpClient-1-1] DEBUG org.asynchttpclient.netty.channel.DefaultChannelPool - Entry count for : http://localhost:63202 : 1
12:44:18.700 [AsyncHttpClient-1-1] DEBUG org.asynchttpclient.netty.channel.DefaultChannelPool - Entry count for : http://localhost:63202 : 1
12:44:19.794 [AsyncHttpClient-1-1] DEBUG org.asynchttpclient.netty.channel.DefaultChannelPool - Entry count for : http://localhost:63202 : 1
12:44:20.900 [AsyncHttpClient-1-1] DEBUG org.asynchttpclient.netty.channel.DefaultChannelPool - Entry count for : http://localhost:63202 : 1
12:44:21.996 [AsyncHttpClient-1-1] DEBUG org.asynchttpclient.netty.channel.DefaultChannelPool - Entry count for : http://localhost:63202 : 1
12:44:22.627 [AsyncHttpClient-1-8] DEBUG org.asynchttpclient.netty.handler.HttpHandler - 

Request DefaultHttpRequest(decodeResult: success, version: HTTP/1.1)
POST /session/72b2ac414e94a31f1c141e2cbc07ba8f/url HTTP/1.1
User-Agent: selenium/4.1.2 (java windows)
Content-Length: 54
Content-Type: application/json; charset=utf-8
host: localhost:58617
accept: */*

Response DefaultHttpResponse(decodeResult: success, version: HTTP/1.1)
HTTP/1.1 200 OK
Content-Type: application/json; charset=utf-8
cache-control: no-cache
content-length: 14

12:44:22.628 [AsyncHttpClient-1-8] DEBUG org.asynchttpclient.netty.channel.ChannelManager - Adding key: http://localhost:58617 for channel [id: 0xb7794ed8, L:/127.0.0.1:63201 - R:localhost/127.0.0.1:58617]
12:44:22.631 [Forwarding setTimeout on session 72b2ac414e94a31f1c141e2cbc07ba8f to remote] DEBUG org.asynchttpclient.netty.request.NettyRequestSender - Using pooled Channel '[id: 0xb7794ed8, L:/127.0.0.1:63201 - R:localhost/127.0.0.1:58617]' for 'POST' to 'http://localhost:58617/session/72b2ac414e94a31f1c141e2cbc07ba8f/timeouts'
12:44:22.632 [Forwarding setTimeout on session 72b2ac414e94a31f1c141e2cbc07ba8f to remote] DEBUG org.asynchttpclient.netty.request.NettyRequestSender - Using open Channel [id: 0xb7794ed8, L:/127.0.0.1:63201 - R:localhost/127.0.0.1:58617] for POST '/session/72b2ac414e94a31f1c141e2cbc07ba8f/timeouts'
12:44:22.635 [AsyncHttpClient-1-8] DEBUG org.asynchttpclient.netty.handler.HttpHandler - 

Request DefaultHttpRequest(decodeResult: success, version: HTTP/1.1)
POST /session/72b2ac414e94a31f1c141e2cbc07ba8f/timeouts HTTP/1.1
User-Agent: selenium/4.1.2 (java windows)
Content-Length: 22
Content-Type: application/json; charset=utf-8
host: localhost:58617
accept: */*

Response DefaultHttpResponse(decodeResult: success, version: HTTP/1.1)
HTTP/1.1 200 OK
Content-Type: application/json; charset=utf-8
cache-control: no-cache
content-length: 14

12:44:22.635 [AsyncHttpClient-1-8] DEBUG org.asynchttpclient.netty.channel.ChannelManager - Adding key: http://localhost:58617 for channel [id: 0xb7794ed8, L:/127.0.0.1:63201 - R:localhost/127.0.0.1:58617]
12:44:22.644 [Forwarding getCurrentUrl on session 72b2ac414e94a31f1c141e2cbc07ba8f to remote] DEBUG org.asynchttpclient.netty.request.NettyRequestSender - Using pooled Channel '[id: 0xb7794ed8, L:/127.0.0.1:63201 - R:localhost/127.0.0.1:58617]' for 'GET' to 'http://localhost:58617/session/72b2ac414e94a31f1c141e2cbc07ba8f/url'
12:44:22.644 [Forwarding getCurrentUrl on session 72b2ac414e94a31f1c141e2cbc07ba8f to remote] DEBUG org.asynchttpclient.netty.request.NettyRequestSender - Using open Channel [id: 0xb7794ed8, L:/127.0.0.1:63201 - R:localhost/127.0.0.1:58617] for GET '/session/72b2ac414e94a31f1c141e2cbc07ba8f/url'
12:44:22.656 [AsyncHttpClient-1-8] DEBUG org.asynchttpclient.netty.handler.HttpHandler - 

Request DefaultFullHttpRequest(decodeResult: success, version: HTTP/1.1, content: EmptyByteBufBE)
GET /session/72b2ac414e94a31f1c141e2cbc07ba8f/url HTTP/1.1
User-Agent: selenium/4.1.2 (java windows)
Cache-Control: no-cache
Content-Type: application/json; charset=utf-8
host: localhost:58617
accept: */*

Response DefaultHttpResponse(decodeResult: success, version: HTTP/1.1)
HTTP/1.1 200 OK
Content-Type: application/json; charset=utf-8
cache-control: no-cache
content-length: 36

12:44:22.656 [AsyncHttpClient-1-8] DEBUG org.asynchttpclient.netty.channel.ChannelManager - Adding key: http://localhost:58617 for channel [id: 0xb7794ed8, L:/127.0.0.1:63201 - R:localhost/127.0.0.1:58617]
12:44:22.666 [Forwarding screenshot on session 72b2ac414e94a31f1c141e2cbc07ba8f to remote] DEBUG org.asynchttpclient.netty.request.NettyRequestSender - Using pooled Channel '[id: 0xb7794ed8, L:/127.0.0.1:63201 - R:localhost/127.0.0.1:58617]' for 'GET' to 'http://localhost:58617/session/72b2ac414e94a31f1c141e2cbc07ba8f/screenshot'
12:44:22.666 [Forwarding screenshot on session 72b2ac414e94a31f1c141e2cbc07ba8f to remote] DEBUG org.asynchttpclient.netty.request.NettyRequestSender - Using open Channel [id: 0xb7794ed8, L:/127.0.0.1:63201 - R:localhost/127.0.0.1:58617] for GET '/session/72b2ac414e94a31f1c141e2cbc07ba8f/screenshot'
12:44:22.955 [AsyncHttpClient-1-8] DEBUG org.asynchttpclient.netty.handler.HttpHandler - 

Request DefaultFullHttpRequest(decodeResult: success, version: HTTP/1.1, content: EmptyByteBufBE)
GET /session/72b2ac414e94a31f1c141e2cbc07ba8f/screenshot HTTP/1.1
User-Agent: selenium/4.1.2 (java windows)
Cache-Control: no-cache
Content-Type: application/json; charset=utf-8
host: localhost:58617
accept: */*

Response DefaultHttpResponse(decodeResult: success, version: HTTP/1.1)
HTTP/1.1 200 OK
Content-Type: application/json; charset=utf-8
cache-control: no-cache
content-length: 456864

12:44:22.959 [AsyncHttpClient-1-8] DEBUG org.asynchttpclient.netty.channel.ChannelManager - Adding key: http://localhost:58617 for channel [id: 0xb7794ed8, L:/127.0.0.1:63201 - R:localhost/127.0.0.1:58617]
12:44:22.977 [main] DEBUG net.serenitybdd.core.photography.Darkroom - Send negative for processing for target\site\serenity\d3c861cde2967b5a0dd877d7c66754fef2cae387370335ca3fdaceab68fe698d.png
12:44:22.977 [main] DEBUG net.thucydides.core.steps.StepInterceptor - STEP DONE: openUrl
12:44:22.977 [Darkroom Processing Line] DEBUG net.serenitybdd.core.photography.DarkroomProcessingLine - Processing screenshot image in /var/screenshots/screenshot-8655387135383807706
12:44:22.977 [Darkroom Processing Line] DEBUG net.serenitybdd.core.photography.DarkroomProcessingLine - Saving screenshot to target\site\serenity\d3c861cde2967b5a0dd877d7c66754fef2cae387370335ca3fdaceab68fe698d.png
12:44:22.989 [main] DEBUG net.thucydides.core.steps.StepInterceptor - STARTING STEP: loginSteps.iAmInTheLoginPage - validateIfButtonLoginIsAppear
12:44:22.994 [Forwarding findElement on session 72b2ac414e94a31f1c141e2cbc07ba8f to remote] DEBUG org.asynchttpclient.netty.request.NettyRequestSender - Using pooled Channel '[id: 0xb7794ed8, L:/127.0.0.1:63201 - R:localhost/127.0.0.1:58617]' for 'POST' to 'http://localhost:58617/session/72b2ac414e94a31f1c141e2cbc07ba8f/element'
12:44:22.994 [Forwarding findElement on session 72b2ac414e94a31f1c141e2cbc07ba8f to remote] DEBUG org.asynchttpclient.netty.request.NettyRequestSender - Using open Channel [id: 0xb7794ed8, L:/127.0.0.1:63201 - R:localhost/127.0.0.1:58617] for POST '/session/72b2ac414e94a31f1c141e2cbc07ba8f/element'
12:44:23.040 [AsyncHttpClient-1-8] DEBUG org.asynchttpclient.netty.handler.HttpHandler - 

Request DefaultHttpRequest(decodeResult: success, version: HTTP/1.1)
POST /session/72b2ac414e94a31f1c141e2cbc07ba8f/element HTTP/1.1
User-Agent: selenium/4.1.2 (java windows)
Content-Length: 50
Content-Type: application/json; charset=utf-8
host: localhost:58617
accept: */*

Response DefaultHttpResponse(decodeResult: success, version: HTTP/1.1)
HTTP/1.1 200 OK
Content-Type: application/json; charset=utf-8
cache-control: no-cache
content-length: 88

12:44:23.041 [AsyncHttpClient-1-8] DEBUG org.asynchttpclient.netty.channel.ChannelManager - Adding key: http://localhost:58617 for channel [id: 0xb7794ed8, L:/127.0.0.1:63201 - R:localhost/127.0.0.1:58617]
12:44:23.049 [Forwarding isElementDisplayed on session 72b2ac414e94a31f1c141e2cbc07ba8f to remote] DEBUG org.asynchttpclient.netty.request.NettyRequestSender - Using pooled Channel '[id: 0xb7794ed8, L:/127.0.0.1:63201 - R:localhost/127.0.0.1:58617]' for 'POST' to 'http://localhost:58617/session/72b2ac414e94a31f1c141e2cbc07ba8f/execute/sync'
12:44:23.049 [Forwarding isElementDisplayed on session 72b2ac414e94a31f1c141e2cbc07ba8f to remote] DEBUG org.asynchttpclient.netty.request.NettyRequestSender - Using open Channel [id: 0xb7794ed8, L:/127.0.0.1:63201 - R:localhost/127.0.0.1:58617] for POST '/session/72b2ac414e94a31f1c141e2cbc07ba8f/execute/sync'
12:44:23.071 [AsyncHttpClient-1-8] DEBUG org.asynchttpclient.netty.handler.HttpHandler - 

Request DefaultHttpRequest(decodeResult: success, version: HTTP/1.1)
POST /session/72b2ac414e94a31f1c141e2cbc07ba8f/execute/sync HTTP/1.1
User-Agent: selenium/4.1.2 (java windows)
Content-Length: 48780
Content-Type: application/json; charset=utf-8
host: localhost:58617
accept: */*

Response DefaultHttpResponse(decodeResult: success, version: HTTP/1.1)
HTTP/1.1 200 OK
Content-Type: application/json; charset=utf-8
cache-control: no-cache
content-length: 14

12:44:23.071 [AsyncHttpClient-1-8] DEBUG org.asynchttpclient.netty.channel.ChannelManager - Adding key: http://localhost:58617 for channel [id: 0xb7794ed8, L:/127.0.0.1:63201 - R:localhost/127.0.0.1:58617]
12:44:23.081 [Forwarding screenshot on session 72b2ac414e94a31f1c141e2cbc07ba8f to remote] DEBUG org.asynchttpclient.netty.request.NettyRequestSender - Using pooled Channel '[id: 0xb7794ed8, L:/127.0.0.1:63201 - R:localhost/127.0.0.1:58617]' for 'GET' to 'http://localhost:58617/session/72b2ac414e94a31f1c141e2cbc07ba8f/screenshot'
12:44:23.081 [Forwarding screenshot on session 72b2ac414e94a31f1c141e2cbc07ba8f to remote] DEBUG org.asynchttpclient.netty.request.NettyRequestSender - Using open Channel [id: 0xb7794ed8, L:/127.0.0.1:63201 - R:localhost/127.0.0.1:58617] for GET '/session/72b2ac414e94a31f1c141e2cbc07ba8f/screenshot'
12:44:23.095 [AsyncHttpClient-1-1] DEBUG org.asynchttpclient.netty.channel.DefaultChannelPool - Entry count for : http://localhost:63202 : 1
12:44:23.546 [AsyncHttpClient-1-8] DEBUG org.asynchttpclient.netty.handler.HttpHandler - 

Request DefaultFullHttpRequest(decodeResult: success, version: HTTP/1.1, content: EmptyByteBufBE)
GET /session/72b2ac414e94a31f1c141e2cbc07ba8f/screenshot HTTP/1.1
User-Agent: selenium/4.1.2 (java windows)
Cache-Control: no-cache
Content-Type: application/json; charset=utf-8
host: localhost:58617
accept: */*

Response DefaultHttpResponse(decodeResult: success, version: HTTP/1.1)
HTTP/1.1 200 OK
Content-Type: application/json; charset=utf-8
cache-control: no-cache
content-length: 456864

12:44:23.551 [AsyncHttpClient-1-8] DEBUG org.asynchttpclient.netty.channel.ChannelManager - Adding key: http://localhost:58617 for channel [id: 0xb7794ed8, L:/127.0.0.1:63201 - R:localhost/127.0.0.1:58617]
12:44:23.580 [main] DEBUG net.serenitybdd.core.photography.Darkroom - Send negative for processing for target\site\serenity\d3c861cde2967b5a0dd877d7c66754fef2cae387370335ca3fdaceab68fe698d.png
12:44:23.580 [main] DEBUG net.thucydides.core.steps.StepInterceptor - STEP DONE: validateIfButtonLoginIsAppear
  &amp#27;[32mGiven &amp#27;[0m&amp#27;[32mi am in the login page&amp#27;[0m                         &amp#27;[90m# starter.stepdefinition.loginSteps.iAmInTheLoginPage()&amp#27;[0m
12:44:23.643 [Forwarding screenshot on session 72b2ac414e94a31f1c141e2cbc07ba8f to remote] DEBUG org.asynchttpclient.netty.request.NettyRequestSender - Using pooled Channel '[id: 0xb7794ed8, L:/127.0.0.1:63201 - R:localhost/127.0.0.1:58617]' for 'GET' to 'http://localhost:58617/session/72b2ac414e94a31f1c141e2cbc07ba8f/screenshot'
12:44:23.643 [Forwarding screenshot on session 72b2ac414e94a31f1c141e2cbc07ba8f to remote] DEBUG org.asynchttpclient.netty.request.NettyRequestSender - Using open Channel [id: 0xb7794ed8, L:/127.0.0.1:63201 - R:localhost/127.0.0.1:58617] for GET '/session/72b2ac414e94a31f1c141e2cbc07ba8f/screenshot'
12:44:24.201 [AsyncHttpClient-1-1] DEBUG org.asynchttpclient.netty.channel.DefaultChannelPool - Entry count for : http://localhost:63202 : 1
12:44:24.282 [AsyncHttpClient-1-8] DEBUG org.asynchttpclient.netty.handler.HttpHandler - 

Request DefaultFullHttpRequest(decodeResult: success, version: HTTP/1.1, content: EmptyByteBufBE)
GET /session/72b2ac414e94a31f1c141e2cbc07ba8f/screenshot HTTP/1.1
User-Agent: selenium/4.1.2 (java windows)
Cache-Control: no-cache
Content-Type: application/json; charset=utf-8
host: localhost:58617
accept: */*

Response DefaultHttpResponse(decodeResult: success, version: HTTP/1.1)
HTTP/1.1 200 OK
Content-Type: application/json; charset=utf-8
cache-control: no-cache
content-length: 456864

12:44:24.286 [AsyncHttpClient-1-8] DEBUG org.asynchttpclient.netty.channel.ChannelManager - Adding key: http://localhost:58617 for channel [id: 0xb7794ed8, L:/127.0.0.1:63201 - R:localhost/127.0.0.1:58617]
12:44:24.314 [main] DEBUG net.serenitybdd.core.photography.Darkroom - Send negative for processing for target\site\serenity\d3c861cde2967b5a0dd877d7c66754fef2cae387370335ca3fdaceab68fe698d.png
12:44:24.346 [main] DEBUG net.thucydides.core.steps.StepInterceptor - STARTING STEP: loginSteps.iInputValidUsername - inputUsernameToField
12:44:24.354 [Forwarding findElement on session 72b2ac414e94a31f1c141e2cbc07ba8f to remote] DEBUG org.asynchttpclient.netty.request.NettyRequestSender - Using pooled Channel '[id: 0xb7794ed8, L:/127.0.0.1:63201 - R:localhost/127.0.0.1:58617]' for 'POST' to 'http://localhost:58617/session/72b2ac414e94a31f1c141e2cbc07ba8f/element'
12:44:24.354 [Forwarding findElement on session 72b2ac414e94a31f1c141e2cbc07ba8f to remote] DEBUG org.asynchttpclient.netty.request.NettyRequestSender - Using open Channel [id: 0xb7794ed8, L:/127.0.0.1:63201 - R:localhost/127.0.0.1:58617] for POST '/session/72b2ac414e94a31f1c141e2cbc07ba8f/element'
12:44:24.387 [AsyncHttpClient-1-8] DEBUG org.asynchttpclient.netty.handler.HttpHandler - 

Request DefaultHttpRequest(decodeResult: success, version: HTTP/1.1)
POST /session/72b2ac414e94a31f1c141e2cbc07ba8f/element HTTP/1.1
User-Agent: selenium/4.1.2 (java windows)
Content-Length: 53
Content-Type: application/json; charset=utf-8
host: localhost:58617
accept: */*

Response DefaultHttpResponse(decodeResult: success, version: HTTP/1.1)
HTTP/1.1 200 OK
Content-Type: application/json; charset=utf-8
cache-control: no-cache
content-length: 88

12:44:24.388 [AsyncHttpClient-1-8] DEBUG org.asynchttpclient.netty.channel.ChannelManager - Adding key: http://localhost:58617 for channel [id: 0xb7794ed8, L:/127.0.0.1:63201 - R:localhost/127.0.0.1:58617]
12:44:24.392 [Forwarding clearElement on session 72b2ac414e94a31f1c141e2cbc07ba8f to remote] DEBUG org.asynchttpclient.netty.request.NettyRequestSender - Using pooled Channel '[id: 0xb7794ed8, L:/127.0.0.1:63201 - R:localhost/127.0.0.1:58617]' for 'POST' to 'http://localhost:58617/session/72b2ac414e94a31f1c141e2cbc07ba8f/element/055cf10a-4a62-4387-b9df-4755ad8a730c/clear'
12:44:24.392 [Forwarding clearElement on session 72b2ac414e94a31f1c141e2cbc07ba8f to remote] DEBUG org.asynchttpclient.netty.request.NettyRequestSender - Using open Channel [id: 0xb7794ed8, L:/127.0.0.1:63201 - R:localhost/127.0.0.1:58617] for POST '/session/72b2ac414e94a31f1c141e2cbc07ba8f/element/055cf10a-4a62-4387-b9df-4755ad8a730c/clear'
12:44:24.480 [AsyncHttpClient-1-8] DEBUG org.asynchttpclient.netty.handler.HttpHandler - 

Request DefaultHttpRequest(decodeResult: success, version: HTTP/1.1)
POST /session/72b2ac414e94a31f1c141e2cbc07ba8f/element/055cf10a-4a62-4387-b9df-4755ad8a730c/clear HTTP/1.1
User-Agent: selenium/4.1.2 (java windows)
Content-Length: 50
Content-Type: application/json; charset=utf-8
host: localhost:58617
accept: */*

Response DefaultHttpResponse(decodeResult: success, version: HTTP/1.1)
HTTP/1.1 200 OK
Content-Type: application/json; charset=utf-8
cache-control: no-cache
content-length: 14

12:44:24.480 [AsyncHttpClient-1-8] DEBUG org.asynchttpclient.netty.channel.ChannelManager - Adding key: http://localhost:58617 for channel [id: 0xb7794ed8, L:/127.0.0.1:63201 - R:localhost/127.0.0.1:58617]
12:44:24.485 [Forwarding sendKeysToElement on session 72b2ac414e94a31f1c141e2cbc07ba8f to remote] DEBUG org.asynchttpclient.netty.request.NettyRequestSender - Using pooled Channel '[id: 0xb7794ed8, L:/127.0.0.1:63201 - R:localhost/127.0.0.1:58617]' for 'POST' to 'http://localhost:58617/session/72b2ac414e94a31f1c141e2cbc07ba8f/element/055cf10a-4a62-4387-b9df-4755ad8a730c/value'
12:44:24.485 [Forwarding sendKeysToElement on session 72b2ac414e94a31f1c141e2cbc07ba8f to remote] DEBUG org.asynchttpclient.netty.request.NettyRequestSender - Using open Channel [id: 0xb7794ed8, L:/127.0.0.1:63201 - R:localhost/127.0.0.1:58617] for POST '/session/72b2ac414e94a31f1c141e2cbc07ba8f/element/055cf10a-4a62-4387-b9df-4755ad8a730c/value'
12:44:24.667 [AsyncHttpClient-1-8] DEBUG org.asynchttpclient.netty.handler.HttpHandler - 

Request DefaultHttpRequest(decodeResult: success, version: HTTP/1.1)
POST /session/72b2ac414e94a31f1c141e2cbc07ba8f/element/055cf10a-4a62-4387-b9df-4755ad8a730c/value HTTP/1.1
User-Agent: selenium/4.1.2 (java windows)
Content-Length: 181
Content-Type: application/json; charset=utf-8
host: localhost:58617
accept: */*

Response DefaultHttpResponse(decodeResult: success, version: HTTP/1.1)
HTTP/1.1 200 OK
Content-Type: application/json; charset=utf-8
cache-control: no-cache
content-length: 14

12:44:24.668 [AsyncHttpClient-1-8] DEBUG org.asynchttpclient.netty.channel.ChannelManager - Adding key: http://localhost:58617 for channel [id: 0xb7794ed8, L:/127.0.0.1:63201 - R:localhost/127.0.0.1:58617]
12:44:24.686 [Forwarding screenshot on session 72b2ac414e94a31f1c141e2cbc07ba8f to remote] DEBUG org.asynchttpclient.netty.request.NettyRequestSender - Using pooled Channel '[id: 0xb7794ed8, L:/127.0.0.1:63201 - R:localhost/127.0.0.1:58617]' for 'GET' to 'http://localhost:58617/session/72b2ac414e94a31f1c141e2cbc07ba8f/screenshot'
12:44:24.686 [Forwarding screenshot on session 72b2ac414e94a31f1c141e2cbc07ba8f to remote] DEBUG org.asynchttpclient.netty.request.NettyRequestSender - Using open Channel [id: 0xb7794ed8, L:/127.0.0.1:63201 - R:localhost/127.0.0.1:58617] for GET '/session/72b2ac414e94a31f1c141e2cbc07ba8f/screenshot'
12:44:25.297 [AsyncHttpClient-1-1] DEBUG org.asynchttpclient.netty.channel.DefaultChannelPool - Entry count for : http://localhost:63202 : 1
12:44:25.312 [AsyncHttpClient-1-8] DEBUG org.asynchttpclient.netty.handler.HttpHandler - 

Request DefaultFullHttpRequest(decodeResult: success, version: HTTP/1.1, content: EmptyByteBufBE)
GET /session/72b2ac414e94a31f1c141e2cbc07ba8f/screenshot HTTP/1.1
User-Agent: selenium/4.1.2 (java windows)
Cache-Control: no-cache
Content-Type: application/json; charset=utf-8
host: localhost:58617
accept: */*

Response DefaultHttpResponse(decodeResult: success, version: HTTP/1.1)
HTTP/1.1 200 OK
Content-Type: application/json; charset=utf-8
cache-control: no-cache
content-length: 458100

12:44:25.315 [AsyncHttpClient-1-8] DEBUG org.asynchttpclient.netty.channel.ChannelManager - Adding key: http://localhost:58617 for channel [id: 0xb7794ed8, L:/127.0.0.1:63201 - R:localhost/127.0.0.1:58617]
12:44:25.342 [main] DEBUG net.serenitybdd.core.photography.Darkroom - Send negative for processing for target\site\serenity\120fd9083dba1b322479e502314a8d45b403e361c84b4316a0d61c5596e1044e.png
12:44:25.342 [main] DEBUG net.thucydides.core.steps.StepInterceptor - STEP DONE: inputUsernameToField
  &amp#27;[32mWhen &amp#27;[0m&amp#27;[32mi input valid username&amp#27;[0m                          &amp#27;[90m# starter.stepdefinition.loginSteps.iInputValidUsername()&amp#27;[0m
12:44:25.343 [Darkroom Processing Line] DEBUG net.serenitybdd.core.photography.DarkroomProcessingLine - Processing screenshot image in /var/screenshots/screenshot-12816155406640096986
12:44:25.343 [Darkroom Processing Line] DEBUG net.serenitybdd.core.photography.DarkroomProcessingLine - Saving screenshot to target\site\serenity\120fd9083dba1b322479e502314a8d45b403e361c84b4316a0d61c5596e1044e.png
12:44:25.382 [main] DEBUG net.thucydides.core.steps.StepInterceptor - STARTING STEP: loginSteps.iInputWrongPassword - wrongPassword
12:44:25.401 [Forwarding findElement on session 72b2ac414e94a31f1c141e2cbc07ba8f to remote] DEBUG org.asynchttpclient.netty.request.NettyRequestSender - Using pooled Channel '[id: 0xb7794ed8, L:/127.0.0.1:63201 - R:localhost/127.0.0.1:58617]' for 'POST' to 'http://localhost:58617/session/72b2ac414e94a31f1c141e2cbc07ba8f/element'
12:44:25.402 [Forwarding findElement on session 72b2ac414e94a31f1c141e2cbc07ba8f to remote] DEBUG org.asynchttpclient.netty.request.NettyRequestSender - Using open Channel [id: 0xb7794ed8, L:/127.0.0.1:63201 - R:localhost/127.0.0.1:58617] for POST '/session/72b2ac414e94a31f1c141e2cbc07ba8f/element'
12:44:25.456 [AsyncHttpClient-1-8] DEBUG org.asynchttpclient.netty.handler.HttpHandler - 

Request DefaultHttpRequest(decodeResult: success, version: HTTP/1.1)
POST /session/72b2ac414e94a31f1c141e2cbc07ba8f/element HTTP/1.1
User-Agent: selenium/4.1.2 (java windows)
Content-Length: 53
Content-Type: application/json; charset=utf-8
host: localhost:58617
accept: */*

Response DefaultHttpResponse(decodeResult: success, version: HTTP/1.1)
HTTP/1.1 200 OK
Content-Type: application/json; charset=utf-8
cache-control: no-cache
content-length: 88

12:44:25.456 [AsyncHttpClient-1-8] DEBUG org.asynchttpclient.netty.channel.ChannelManager - Adding key: http://localhost:58617 for channel [id: 0xb7794ed8, L:/127.0.0.1:63201 - R:localhost/127.0.0.1:58617]
12:44:25.461 [Forwarding clearElement on session 72b2ac414e94a31f1c141e2cbc07ba8f to remote] DEBUG org.asynchttpclient.netty.request.NettyRequestSender - Using pooled Channel '[id: 0xb7794ed8, L:/127.0.0.1:63201 - R:localhost/127.0.0.1:58617]' for 'POST' to 'http://localhost:58617/session/72b2ac414e94a31f1c141e2cbc07ba8f/element/e56d4f9e-1642-40ec-afbb-9ceec393153b/clear'
12:44:25.461 [Forwarding clearElement on session 72b2ac414e94a31f1c141e2cbc07ba8f to remote] DEBUG org.asynchttpclient.netty.request.NettyRequestSender - Using open Channel [id: 0xb7794ed8, L:/127.0.0.1:63201 - R:localhost/127.0.0.1:58617] for POST '/session/72b2ac414e94a31f1c141e2cbc07ba8f/element/e56d4f9e-1642-40ec-afbb-9ceec393153b/clear'
12:44:25.555 [AsyncHttpClient-1-8] DEBUG org.asynchttpclient.netty.handler.HttpHandler - 

Request DefaultHttpRequest(decodeResult: success, version: HTTP/1.1)
POST /session/72b2ac414e94a31f1c141e2cbc07ba8f/element/e56d4f9e-1642-40ec-afbb-9ceec393153b/clear HTTP/1.1
User-Agent: selenium/4.1.2 (java windows)
Content-Length: 50
Content-Type: application/json; charset=utf-8
host: localhost:58617
accept: */*

Response DefaultHttpResponse(decodeResult: success, version: HTTP/1.1)
HTTP/1.1 200 OK
Content-Type: application/json; charset=utf-8
cache-control: no-cache
content-length: 14

12:44:25.555 [AsyncHttpClient-1-8] DEBUG org.asynchttpclient.netty.channel.ChannelManager - Adding key: http://localhost:58617 for channel [id: 0xb7794ed8, L:/127.0.0.1:63201 - R:localhost/127.0.0.1:58617]
12:44:25.561 [Forwarding sendKeysToElement on session 72b2ac414e94a31f1c141e2cbc07ba8f to remote] DEBUG org.asynchttpclient.netty.request.NettyRequestSender - Using pooled Channel '[id: 0xb7794ed8, L:/127.0.0.1:63201 - R:localhost/127.0.0.1:58617]' for 'POST' to 'http://localhost:58617/session/72b2ac414e94a31f1c141e2cbc07ba8f/element/e56d4f9e-1642-40ec-afbb-9ceec393153b/value'
12:44:25.561 [Forwarding sendKeysToElement on session 72b2ac414e94a31f1c141e2cbc07ba8f to remote] DEBUG org.asynchttpclient.netty.request.NettyRequestSender - Using open Channel [id: 0xb7794ed8, L:/127.0.0.1:63201 - R:localhost/127.0.0.1:58617] for POST '/session/72b2ac414e94a31f1c141e2cbc07ba8f/element/e56d4f9e-1642-40ec-afbb-9ceec393153b/value'
12:44:25.819 [AsyncHttpClient-1-8] DEBUG org.asynchttpclient.netty.handler.HttpHandler - 

Request DefaultHttpRequest(decodeResult: success, version: HTTP/1.1)
POST /session/72b2ac414e94a31f1c141e2cbc07ba8f/element/e56d4f9e-1642-40ec-afbb-9ceec393153b/value HTTP/1.1
User-Agent: selenium/4.1.2 (java windows)
Content-Length: 171
Content-Type: application/json; charset=utf-8
host: localhost:58617
accept: */*

Response DefaultHttpResponse(decodeResult: success, version: HTTP/1.1)
HTTP/1.1 200 OK
Content-Type: application/json; charset=utf-8
cache-control: no-cache
content-length: 14

12:44:25.820 [AsyncHttpClient-1-8] DEBUG org.asynchttpclient.netty.channel.ChannelManager - Adding key: http://localhost:58617 for channel [id: 0xb7794ed8, L:/127.0.0.1:63201 - R:localhost/127.0.0.1:58617]
12:44:25.837 [Forwarding screenshot on session 72b2ac414e94a31f1c141e2cbc07ba8f to remote] DEBUG org.asynchttpclient.netty.request.NettyRequestSender - Using pooled Channel '[id: 0xb7794ed8, L:/127.0.0.1:63201 - R:localhost/127.0.0.1:58617]' for 'GET' to 'http://localhost:58617/session/72b2ac414e94a31f1c141e2cbc07ba8f/screenshot'
12:44:25.837 [Forwarding screenshot on session 72b2ac414e94a31f1c141e2cbc07ba8f to remote] DEBUG org.asynchttpclient.netty.request.NettyRequestSender - Using open Channel [id: 0xb7794ed8, L:/127.0.0.1:63201 - R:localhost/127.0.0.1:58617] for GET '/session/72b2ac414e94a31f1c141e2cbc07ba8f/screenshot'
12:44:26.393 [AsyncHttpClient-1-1] DEBUG org.asynchttpclient.netty.channel.DefaultChannelPool - Entry count for : http://localhost:63202 : 1
12:44:26.526 [AsyncHttpClient-1-8] DEBUG org.asynchttpclient.netty.handler.HttpHandler - 

Request DefaultFullHttpRequest(decodeResult: success, version: HTTP/1.1, content: EmptyByteBufBE)
GET /session/72b2ac414e94a31f1c141e2cbc07ba8f/screenshot HTTP/1.1
User-Agent: selenium/4.1.2 (java windows)
Cache-Control: no-cache
Content-Type: application/json; charset=utf-8
host: localhost:58617
accept: */*

Response DefaultHttpResponse(decodeResult: success, version: HTTP/1.1)
HTTP/1.1 200 OK
Content-Type: application/json; charset=utf-8
cache-control: no-cache
content-length: 455692

12:44:26.529 [AsyncHttpClient-1-8] DEBUG org.asynchttpclient.netty.channel.ChannelManager - Adding key: http://localhost:58617 for channel [id: 0xb7794ed8, L:/127.0.0.1:63201 - R:localhost/127.0.0.1:58617]
12:44:26.545 [main] DEBUG net.serenitybdd.core.photography.Darkroom - Send negative for processing for target\site\serenity\e40ef38b1fdab76d22cdb3c152b848ba5782de8085630782e6a5bc175744bc4c.png
12:44:26.545 [main] DEBUG net.thucydides.core.steps.StepInterceptor - STEP DONE: wrongPassword
  &amp#27;[32mThen &amp#27;[0m&amp#27;[32mi input wrong password&amp#27;[0m                          &amp#27;[90m# starter.stepdefinition.loginSteps.iInputWrongPassword()&amp#27;[0m
12:44:26.547 [Darkroom Processing Line] DEBUG net.serenitybdd.core.photography.DarkroomProcessingLine - Processing screenshot image in /var/screenshots/screenshot-3299003095378188954
12:44:26.547 [Darkroom Processing Line] DEBUG net.serenitybdd.core.photography.DarkroomProcessingLine - Saving screenshot to target\site\serenity\e40ef38b1fdab76d22cdb3c152b848ba5782de8085630782e6a5bc175744bc4c.png
12:44:26.570 [main] DEBUG net.thucydides.core.steps.StepInterceptor - STARTING STEP: loginSteps.clickLoginButton - clickLogin
12:44:26.574 [Forwarding findElement on session 72b2ac414e94a31f1c141e2cbc07ba8f to remote] DEBUG org.asynchttpclient.netty.request.NettyRequestSender - Using pooled Channel '[id: 0xb7794ed8, L:/127.0.0.1:63201 - R:localhost/127.0.0.1:58617]' for 'POST' to 'http://localhost:58617/session/72b2ac414e94a31f1c141e2cbc07ba8f/element'
12:44:26.575 [Forwarding findElement on session 72b2ac414e94a31f1c141e2cbc07ba8f to remote] DEBUG org.asynchttpclient.netty.request.NettyRequestSender - Using open Channel [id: 0xb7794ed8, L:/127.0.0.1:63201 - R:localhost/127.0.0.1:58617] for POST '/session/72b2ac414e94a31f1c141e2cbc07ba8f/element'
12:44:26.617 [AsyncHttpClient-1-8] DEBUG org.asynchttpclient.netty.handler.HttpHandler - 

Request DefaultHttpRequest(decodeResult: success, version: HTTP/1.1)
POST /session/72b2ac414e94a31f1c141e2cbc07ba8f/element HTTP/1.1
User-Agent: selenium/4.1.2 (java windows)
Content-Length: 74
Content-Type: application/json; charset=utf-8
host: localhost:58617
accept: */*

Response DefaultHttpResponse(decodeResult: success, version: HTTP/1.1)
HTTP/1.1 200 OK
Content-Type: application/json; charset=utf-8
cache-control: no-cache
content-length: 88

12:44:26.618 [AsyncHttpClient-1-8] DEBUG org.asynchttpclient.netty.channel.ChannelManager - Adding key: http://localhost:58617 for channel [id: 0xb7794ed8, L:/127.0.0.1:63201 - R:localhost/127.0.0.1:58617]
12:44:26.620 [Forwarding getElementTagName on session 72b2ac414e94a31f1c141e2cbc07ba8f to remote] DEBUG org.asynchttpclient.netty.request.NettyRequestSender - Using pooled Channel '[id: 0xb7794ed8, L:/127.0.0.1:63201 - R:localhost/127.0.0.1:58617]' for 'GET' to 'http://localhost:58617/session/72b2ac414e94a31f1c141e2cbc07ba8f/element/1d54955c-96d0-4f0c-b954-99be5aa9ab80/name'
12:44:26.621 [Forwarding getElementTagName on session 72b2ac414e94a31f1c141e2cbc07ba8f to remote] DEBUG org.asynchttpclient.netty.request.NettyRequestSender - Using open Channel [id: 0xb7794ed8, L:/127.0.0.1:63201 - R:localhost/127.0.0.1:58617] for GET '/session/72b2ac414e94a31f1c141e2cbc07ba8f/element/1d54955c-96d0-4f0c-b954-99be5aa9ab80/name'
12:44:26.627 [AsyncHttpClient-1-8] DEBUG org.asynchttpclient.netty.handler.HttpHandler - 

Request DefaultFullHttpRequest(decodeResult: success, version: HTTP/1.1, content: EmptyByteBufBE)
GET /session/72b2ac414e94a31f1c141e2cbc07ba8f/element/1d54955c-96d0-4f0c-b954-99be5aa9ab80/name HTTP/1.1
User-Agent: selenium/4.1.2 (java windows)
Cache-Control: no-cache
Content-Type: application/json; charset=utf-8
host: localhost:58617
accept: */*

Response DefaultHttpResponse(decodeResult: success, version: HTTP/1.1)
HTTP/1.1 200 OK
Content-Type: application/json; charset=utf-8
cache-control: no-cache
content-length: 13

12:44:26.627 [AsyncHttpClient-1-8] DEBUG org.asynchttpclient.netty.channel.ChannelManager - Adding key: http://localhost:58617 for channel [id: 0xb7794ed8, L:/127.0.0.1:63201 - R:localhost/127.0.0.1:58617]
12:44:26.630 [Forwarding getElementTagName on session 72b2ac414e94a31f1c141e2cbc07ba8f to remote] DEBUG org.asynchttpclient.netty.request.NettyRequestSender - Using pooled Channel '[id: 0xb7794ed8, L:/127.0.0.1:63201 - R:localhost/127.0.0.1:58617]' for 'GET' to 'http://localhost:58617/session/72b2ac414e94a31f1c141e2cbc07ba8f/element/1d54955c-96d0-4f0c-b954-99be5aa9ab80/name'
12:44:26.630 [Forwarding getElementTagName on session 72b2ac414e94a31f1c141e2cbc07ba8f to remote] DEBUG org.asynchttpclient.netty.request.NettyRequestSender - Using open Channel [id: 0xb7794ed8, L:/127.0.0.1:63201 - R:localhost/127.0.0.1:58617] for GET '/session/72b2ac414e94a31f1c141e2cbc07ba8f/element/1d54955c-96d0-4f0c-b954-99be5aa9ab80/name'
12:44:26.635 [AsyncHttpClient-1-8] DEBUG org.asynchttpclient.netty.handler.HttpHandler - 

Request DefaultFullHttpRequest(decodeResult: success, version: HTTP/1.1, content: EmptyByteBufBE)
GET /session/72b2ac414e94a31f1c141e2cbc07ba8f/element/1d54955c-96d0-4f0c-b954-99be5aa9ab80/name HTTP/1.1
User-Agent: selenium/4.1.2 (java windows)
Cache-Control: no-cache
Content-Type: application/json; charset=utf-8
host: localhost:58617
accept: */*

Response DefaultHttpResponse(decodeResult: success, version: HTTP/1.1)
HTTP/1.1 200 OK
Content-Type: application/json; charset=utf-8
cache-control: no-cache
content-length: 13

12:44:26.635 [AsyncHttpClient-1-8] DEBUG org.asynchttpclient.netty.channel.ChannelManager - Adding key: http://localhost:58617 for channel [id: 0xb7794ed8, L:/127.0.0.1:63201 - R:localhost/127.0.0.1:58617]
12:44:26.638 [Forwarding findElement on session 72b2ac414e94a31f1c141e2cbc07ba8f to remote] DEBUG org.asynchttpclient.netty.request.NettyRequestSender - Using pooled Channel '[id: 0xb7794ed8, L:/127.0.0.1:63201 - R:localhost/127.0.0.1:58617]' for 'POST' to 'http://localhost:58617/session/72b2ac414e94a31f1c141e2cbc07ba8f/element'
12:44:26.638 [Forwarding findElement on session 72b2ac414e94a31f1c141e2cbc07ba8f to remote] DEBUG org.asynchttpclient.netty.request.NettyRequestSender - Using open Channel [id: 0xb7794ed8, L:/127.0.0.1:63201 - R:localhost/127.0.0.1:58617] for POST '/session/72b2ac414e94a31f1c141e2cbc07ba8f/element'
12:44:26.646 [AsyncHttpClient-1-8] DEBUG org.asynchttpclient.netty.handler.HttpHandler - 

Request DefaultHttpRequest(decodeResult: success, version: HTTP/1.1)
POST /session/72b2ac414e94a31f1c141e2cbc07ba8f/element HTTP/1.1
User-Agent: selenium/4.1.2 (java windows)
Content-Length: 74
Content-Type: application/json; charset=utf-8
host: localhost:58617
accept: */*

Response DefaultHttpResponse(decodeResult: success, version: HTTP/1.1)
HTTP/1.1 200 OK
Content-Type: application/json; charset=utf-8
cache-control: no-cache
content-length: 88

12:44:26.647 [AsyncHttpClient-1-8] DEBUG org.asynchttpclient.netty.channel.ChannelManager - Adding key: http://localhost:58617 for channel [id: 0xb7794ed8, L:/127.0.0.1:63201 - R:localhost/127.0.0.1:58617]
12:44:26.650 [Forwarding clickElement on session 72b2ac414e94a31f1c141e2cbc07ba8f to remote] DEBUG org.asynchttpclient.netty.request.NettyRequestSender - Using pooled Channel '[id: 0xb7794ed8, L:/127.0.0.1:63201 - R:localhost/127.0.0.1:58617]' for 'POST' to 'http://localhost:58617/session/72b2ac414e94a31f1c141e2cbc07ba8f/element/1d54955c-96d0-4f0c-b954-99be5aa9ab80/click'
12:44:26.650 [Forwarding clickElement on session 72b2ac414e94a31f1c141e2cbc07ba8f to remote] DEBUG org.asynchttpclient.netty.request.NettyRequestSender - Using open Channel [id: 0xb7794ed8, L:/127.0.0.1:63201 - R:localhost/127.0.0.1:58617] for POST '/session/72b2ac414e94a31f1c141e2cbc07ba8f/element/1d54955c-96d0-4f0c-b954-99be5aa9ab80/click'
12:44:26.710 [AsyncHttpClient-1-8] DEBUG org.asynchttpclient.netty.handler.HttpHandler - 

Request DefaultHttpRequest(decodeResult: success, version: HTTP/1.1)
POST /session/72b2ac414e94a31f1c141e2cbc07ba8f/element/1d54955c-96d0-4f0c-b954-99be5aa9ab80/click HTTP/1.1
User-Agent: selenium/4.1.2 (java windows)
Content-Length: 50
Content-Type: application/json; charset=utf-8
host: localhost:58617
accept: */*

Response DefaultHttpResponse(decodeResult: success, version: HTTP/1.1)
HTTP/1.1 200 OK
Content-Type: application/json; charset=utf-8
cache-control: no-cache
content-length: 14

12:44:26.710 [AsyncHttpClient-1-8] DEBUG org.asynchttpclient.netty.channel.ChannelManager - Adding key: http://localhost:58617 for channel [id: 0xb7794ed8, L:/127.0.0.1:63201 - R:localhost/127.0.0.1:58617]
12:44:26.722 [Forwarding findElement on session 72b2ac414e94a31f1c141e2cbc07ba8f to remote] DEBUG org.asynchttpclient.netty.request.NettyRequestSender - Using pooled Channel '[id: 0xb7794ed8, L:/127.0.0.1:63201 - R:localhost/127.0.0.1:58617]' for 'POST' to 'http://localhost:58617/session/72b2ac414e94a31f1c141e2cbc07ba8f/element'
12:44:26.723 [Forwarding findElement on session 72b2ac414e94a31f1c141e2cbc07ba8f to remote] DEBUG org.asynchttpclient.netty.request.NettyRequestSender - Using open Channel [id: 0xb7794ed8, L:/127.0.0.1:63201 - R:localhost/127.0.0.1:58617] for POST '/session/72b2ac414e94a31f1c141e2cbc07ba8f/element'
12:44:26.731 [AsyncHttpClient-1-8] DEBUG org.asynchttpclient.netty.handler.HttpHandler - 

Request DefaultHttpRequest(decodeResult: success, version: HTTP/1.1)
POST /session/72b2ac414e94a31f1c141e2cbc07ba8f/element HTTP/1.1
User-Agent: selenium/4.1.2 (java windows)
Content-Length: 50
Content-Type: application/json; charset=utf-8
host: localhost:58617
accept: */*

Response DefaultHttpResponse(decodeResult: success, version: HTTP/1.1)
HTTP/1.1 200 OK
Content-Type: application/json; charset=utf-8
cache-control: no-cache
content-length: 88

12:44:26.731 [AsyncHttpClient-1-8] DEBUG org.asynchttpclient.netty.channel.ChannelManager - Adding key: http://localhost:58617 for channel [id: 0xb7794ed8, L:/127.0.0.1:63201 - R:localhost/127.0.0.1:58617]
12:44:26.736 [Forwarding getElementTagName on session 72b2ac414e94a31f1c141e2cbc07ba8f to remote] DEBUG org.asynchttpclient.netty.request.NettyRequestSender - Using pooled Channel '[id: 0xb7794ed8, L:/127.0.0.1:63201 - R:localhost/127.0.0.1:58617]' for 'GET' to 'http://localhost:58617/session/72b2ac414e94a31f1c141e2cbc07ba8f/element/9b332529-ec0c-44b4-967d-2eca24817ff5/name'
12:44:26.736 [Forwarding getElementTagName on session 72b2ac414e94a31f1c141e2cbc07ba8f to remote] DEBUG org.asynchttpclient.netty.request.NettyRequestSender - Using open Channel [id: 0xb7794ed8, L:/127.0.0.1:63201 - R:localhost/127.0.0.1:58617] for GET '/session/72b2ac414e94a31f1c141e2cbc07ba8f/element/9b332529-ec0c-44b4-967d-2eca24817ff5/name'
12:44:26.743 [AsyncHttpClient-1-8] DEBUG org.asynchttpclient.netty.handler.HttpHandler - 

Request DefaultFullHttpRequest(decodeResult: success, version: HTTP/1.1, content: EmptyByteBufBE)
GET /session/72b2ac414e94a31f1c141e2cbc07ba8f/element/9b332529-ec0c-44b4-967d-2eca24817ff5/name HTTP/1.1
User-Agent: selenium/4.1.2 (java windows)
Cache-Control: no-cache
Content-Type: application/json; charset=utf-8
host: localhost:58617
accept: */*

Response DefaultHttpResponse(decodeResult: success, version: HTTP/1.1)
HTTP/1.1 200 OK
Content-Type: application/json; charset=utf-8
cache-control: no-cache
content-length: 18

12:44:26.744 [AsyncHttpClient-1-8] DEBUG org.asynchttpclient.netty.channel.ChannelManager - Adding key: http://localhost:58617 for channel [id: 0xb7794ed8, L:/127.0.0.1:63201 - R:localhost/127.0.0.1:58617]
12:44:26.746 [Forwarding getElementTagName on session 72b2ac414e94a31f1c141e2cbc07ba8f to remote] DEBUG org.asynchttpclient.netty.request.NettyRequestSender - Using pooled Channel '[id: 0xb7794ed8, L:/127.0.0.1:63201 - R:localhost/127.0.0.1:58617]' for 'GET' to 'http://localhost:58617/session/72b2ac414e94a31f1c141e2cbc07ba8f/element/9b332529-ec0c-44b4-967d-2eca24817ff5/name'
12:44:26.747 [Forwarding getElementTagName on session 72b2ac414e94a31f1c141e2cbc07ba8f to remote] DEBUG org.asynchttpclient.netty.request.NettyRequestSender - Using open Channel [id: 0xb7794ed8, L:/127.0.0.1:63201 - R:localhost/127.0.0.1:58617] for GET '/session/72b2ac414e94a31f1c141e2cbc07ba8f/element/9b332529-ec0c-44b4-967d-2eca24817ff5/name'
12:44:26.752 [AsyncHttpClient-1-8] DEBUG org.asynchttpclient.netty.handler.HttpHandler - 

Request DefaultFullHttpRequest(decodeResult: success, version: HTTP/1.1, content: EmptyByteBufBE)
GET /session/72b2ac414e94a31f1c141e2cbc07ba8f/element/9b332529-ec0c-44b4-967d-2eca24817ff5/name HTTP/1.1
User-Agent: selenium/4.1.2 (java windows)
Cache-Control: no-cache
Content-Type: application/json; charset=utf-8
host: localhost:58617
accept: */*

Response DefaultHttpResponse(decodeResult: success, version: HTTP/1.1)
HTTP/1.1 200 OK
Content-Type: application/json; charset=utf-8
cache-control: no-cache
content-length: 18

12:44:26.752 [AsyncHttpClient-1-8] DEBUG org.asynchttpclient.netty.channel.ChannelManager - Adding key: http://localhost:58617 for channel [id: 0xb7794ed8, L:/127.0.0.1:63201 - R:localhost/127.0.0.1:58617]
12:44:26.755 [Forwarding isElementEnabled on session 72b2ac414e94a31f1c141e2cbc07ba8f to remote] DEBUG org.asynchttpclient.netty.request.NettyRequestSender - Using pooled Channel '[id: 0xb7794ed8, L:/127.0.0.1:63201 - R:localhost/127.0.0.1:58617]' for 'GET' to 'http://localhost:58617/session/72b2ac414e94a31f1c141e2cbc07ba8f/element/9b332529-ec0c-44b4-967d-2eca24817ff5/enabled'
12:44:26.756 [Forwarding isElementEnabled on session 72b2ac414e94a31f1c141e2cbc07ba8f to remote] DEBUG org.asynchttpclient.netty.request.NettyRequestSender - Using open Channel [id: 0xb7794ed8, L:/127.0.0.1:63201 - R:localhost/127.0.0.1:58617] for GET '/session/72b2ac414e94a31f1c141e2cbc07ba8f/element/9b332529-ec0c-44b4-967d-2eca24817ff5/enabled'
12:44:26.766 [AsyncHttpClient-1-8] DEBUG org.asynchttpclient.netty.handler.HttpHandler - 

Request DefaultFullHttpRequest(decodeResult: success, version: HTTP/1.1, content: EmptyByteBufBE)
GET /session/72b2ac414e94a31f1c141e2cbc07ba8f/element/9b332529-ec0c-44b4-967d-2eca24817ff5/enabled HTTP/1.1
User-Agent: selenium/4.1.2 (java windows)
Cache-Control: no-cache
Content-Type: application/json; charset=utf-8
host: localhost:58617
accept: */*

Response DefaultHttpResponse(decodeResult: success, version: HTTP/1.1)
HTTP/1.1 200 OK
Content-Type: application/json; charset=utf-8
cache-control: no-cache
content-length: 14

12:44:26.766 [AsyncHttpClient-1-8] DEBUG org.asynchttpclient.netty.channel.ChannelManager - Adding key: http://localhost:58617 for channel [id: 0xb7794ed8, L:/127.0.0.1:63201 - R:localhost/127.0.0.1:58617]
12:44:26.770 [Forwarding isElementEnabled on session 72b2ac414e94a31f1c141e2cbc07ba8f to remote] DEBUG org.asynchttpclient.netty.request.NettyRequestSender - Using pooled Channel '[id: 0xb7794ed8, L:/127.0.0.1:63201 - R:localhost/127.0.0.1:58617]' for 'GET' to 'http://localhost:58617/session/72b2ac414e94a31f1c141e2cbc07ba8f/element/9b332529-ec0c-44b4-967d-2eca24817ff5/enabled'
12:44:26.770 [Forwarding isElementEnabled on session 72b2ac414e94a31f1c141e2cbc07ba8f to remote] DEBUG org.asynchttpclient.netty.request.NettyRequestSender - Using open Channel [id: 0xb7794ed8, L:/127.0.0.1:63201 - R:localhost/127.0.0.1:58617] for GET '/session/72b2ac414e94a31f1c141e2cbc07ba8f/element/9b332529-ec0c-44b4-967d-2eca24817ff5/enabled'
12:44:26.778 [AsyncHttpClient-1-8] DEBUG org.asynchttpclient.netty.handler.HttpHandler - 

Request DefaultFullHttpRequest(decodeResult: success, version: HTTP/1.1, content: EmptyByteBufBE)
GET /session/72b2ac414e94a31f1c141e2cbc07ba8f/element/9b332529-ec0c-44b4-967d-2eca24817ff5/enabled HTTP/1.1
User-Agent: selenium/4.1.2 (java windows)
Cache-Control: no-cache
Content-Type: application/json; charset=utf-8
host: localhost:58617
accept: */*

Response DefaultHttpResponse(decodeResult: success, version: HTTP/1.1)
HTTP/1.1 200 OK
Content-Type: application/json; charset=utf-8
cache-control: no-cache
content-length: 14

12:44:26.778 [AsyncHttpClient-1-8] DEBUG org.asynchttpclient.netty.channel.ChannelManager - Adding key: http://localhost:58617 for channel [id: 0xb7794ed8, L:/127.0.0.1:63201 - R:localhost/127.0.0.1:58617]
12:44:26.783 [Forwarding findElement on session 72b2ac414e94a31f1c141e2cbc07ba8f to remote] DEBUG org.asynchttpclient.netty.request.NettyRequestSender - Using pooled Channel '[id: 0xb7794ed8, L:/127.0.0.1:63201 - R:localhost/127.0.0.1:58617]' for 'POST' to 'http://localhost:58617/session/72b2ac414e94a31f1c141e2cbc07ba8f/element'
12:44:26.783 [Forwarding findElement on session 72b2ac414e94a31f1c141e2cbc07ba8f to remote] DEBUG org.asynchttpclient.netty.request.NettyRequestSender - Using open Channel [id: 0xb7794ed8, L:/127.0.0.1:63201 - R:localhost/127.0.0.1:58617] for POST '/session/72b2ac414e94a31f1c141e2cbc07ba8f/element'
12:44:26.791 [AsyncHttpClient-1-8] DEBUG org.asynchttpclient.netty.handler.HttpHandler - 

Request DefaultHttpRequest(decodeResult: success, version: HTTP/1.1)
POST /session/72b2ac414e94a31f1c141e2cbc07ba8f/element HTTP/1.1
User-Agent: selenium/4.1.2 (java windows)
Content-Length: 50
Content-Type: application/json; charset=utf-8
host: localhost:58617
accept: */*

Response DefaultHttpResponse(decodeResult: success, version: HTTP/1.1)
HTTP/1.1 200 OK
Content-Type: application/json; charset=utf-8
cache-control: no-cache
content-length: 88

12:44:26.791 [AsyncHttpClient-1-8] DEBUG org.asynchttpclient.netty.channel.ChannelManager - Adding key: http://localhost:58617 for channel [id: 0xb7794ed8, L:/127.0.0.1:63201 - R:localhost/127.0.0.1:58617]
12:44:26.793 [Forwarding clickElement on session 72b2ac414e94a31f1c141e2cbc07ba8f to remote] DEBUG org.asynchttpclient.netty.request.NettyRequestSender - Using pooled Channel '[id: 0xb7794ed8, L:/127.0.0.1:63201 - R:localhost/127.0.0.1:58617]' for 'POST' to 'http://localhost:58617/session/72b2ac414e94a31f1c141e2cbc07ba8f/element/9b332529-ec0c-44b4-967d-2eca24817ff5/click'
12:44:26.793 [Forwarding clickElement on session 72b2ac414e94a31f1c141e2cbc07ba8f to remote] DEBUG org.asynchttpclient.netty.request.NettyRequestSender - Using open Channel [id: 0xb7794ed8, L:/127.0.0.1:63201 - R:localhost/127.0.0.1:58617] for POST '/session/72b2ac414e94a31f1c141e2cbc07ba8f/element/9b332529-ec0c-44b4-967d-2eca24817ff5/click'
12:44:26.843 [AsyncHttpClient-1-8] DEBUG org.asynchttpclient.netty.handler.HttpHandler - 

Request DefaultHttpRequest(decodeResult: success, version: HTTP/1.1)
POST /session/72b2ac414e94a31f1c141e2cbc07ba8f/element/9b332529-ec0c-44b4-967d-2eca24817ff5/click HTTP/1.1
User-Agent: selenium/4.1.2 (java windows)
Content-Length: 50
Content-Type: application/json; charset=utf-8
host: localhost:58617
accept: */*

Response DefaultHttpResponse(decodeResult: success, version: HTTP/1.1)
HTTP/1.1 200 OK
Content-Type: application/json; charset=utf-8
cache-control: no-cache
content-length: 14

12:44:26.844 [AsyncHttpClient-1-8] DEBUG org.asynchttpclient.netty.channel.ChannelManager - Adding key: http://localhost:58617 for channel [id: 0xb7794ed8, L:/127.0.0.1:63201 - R:localhost/127.0.0.1:58617]
12:44:26.855 [Forwarding screenshot on session 72b2ac414e94a31f1c141e2cbc07ba8f to remote] DEBUG org.asynchttpclient.netty.request.NettyRequestSender - Using pooled Channel '[id: 0xb7794ed8, L:/127.0.0.1:63201 - R:localhost/127.0.0.1:58617]' for 'GET' to 'http://localhost:58617/session/72b2ac414e94a31f1c141e2cbc07ba8f/screenshot'
12:44:26.855 [Forwarding screenshot on session 72b2ac414e94a31f1c141e2cbc07ba8f to remote] DEBUG org.asynchttpclient.netty.request.NettyRequestSender - Using open Channel [id: 0xb7794ed8, L:/127.0.0.1:63201 - R:localhost/127.0.0.1:58617] for GET '/session/72b2ac414e94a31f1c141e2cbc07ba8f/screenshot'
12:44:27.115 [AsyncHttpClient-1-8] DEBUG org.asynchttpclient.netty.handler.HttpHandler - 

Request DefaultFullHttpRequest(decodeResult: success, version: HTTP/1.1, content: EmptyByteBufBE)
GET /session/72b2ac414e94a31f1c141e2cbc07ba8f/screenshot HTTP/1.1
User-Agent: selenium/4.1.2 (java windows)
Cache-Control: no-cache
Content-Type: application/json; charset=utf-8
host: localhost:58617
accept: */*

Response DefaultHttpResponse(decodeResult: success, version: HTTP/1.1)
HTTP/1.1 200 OK
Content-Type: application/json; charset=utf-8
cache-control: no-cache
content-length: 286300

12:44:27.118 [AsyncHttpClient-1-8] DEBUG org.asynchttpclient.netty.channel.ChannelManager - Adding key: http://localhost:58617 for channel [id: 0xb7794ed8, L:/127.0.0.1:63201 - R:localhost/127.0.0.1:58617]
12:44:27.130 [main] DEBUG net.serenitybdd.core.photography.Darkroom - Send negative for processing for target\site\serenity\cb7582249b0814b81b0000797c638c7e366b1929051813e6f89ef63d52ee959f.png
12:44:27.131 [main] DEBUG net.thucydides.core.steps.StepInterceptor - STEP DONE: clickLogin
12:44:27.131 [Darkroom Processing Line] DEBUG net.serenitybdd.core.photography.DarkroomProcessingLine - Processing screenshot image in /var/screenshots/screenshot-8006391868046859147
12:44:27.131 [Darkroom Processing Line] DEBUG net.serenitybdd.core.photography.DarkroomProcessingLine - Saving screenshot to target\site\serenity\cb7582249b0814b81b0000797c638c7e366b1929051813e6f89ef63d52ee959f.png
  &amp#27;[32mAnd &amp#27;[0m&amp#27;[32mclick login button&amp#27;[0m                               &amp#27;[90m# starter.stepdefinition.loginSteps.clickLoginButton()&amp#27;[0m
12:44:27.155 [main] DEBUG net.thucydides.core.steps.StepInterceptor - STARTING STEP: loginSteps.iHaveErrorMessage - errorMessageAlert
12:44:27.160 [Forwarding findElement on session 72b2ac414e94a31f1c141e2cbc07ba8f to remote] DEBUG org.asynchttpclient.netty.request.NettyRequestSender - Using pooled Channel '[id: 0xb7794ed8, L:/127.0.0.1:63201 - R:localhost/127.0.0.1:58617]' for 'POST' to 'http://localhost:58617/session/72b2ac414e94a31f1c141e2cbc07ba8f/element'
12:44:27.160 [Forwarding findElement on session 72b2ac414e94a31f1c141e2cbc07ba8f to remote] DEBUG org.asynchttpclient.netty.request.NettyRequestSender - Using open Channel [id: 0xb7794ed8, L:/127.0.0.1:63201 - R:localhost/127.0.0.1:58617] for POST '/session/72b2ac414e94a31f1c141e2cbc07ba8f/element'
12:44:27.238 [AsyncHttpClient-1-8] DEBUG org.asynchttpclient.netty.handler.HttpHandler - 

Request DefaultHttpRequest(decodeResult: success, version: HTTP/1.1)
POST /session/72b2ac414e94a31f1c141e2cbc07ba8f/element HTTP/1.1
User-Agent: selenium/4.1.2 (java windows)
Content-Length: 49
Content-Type: application/json; charset=utf-8
host: localhost:58617
accept: */*

Response DefaultHttpResponse(decodeResult: success, version: HTTP/1.1)
HTTP/1.1 200 OK
Content-Type: application/json; charset=utf-8
cache-control: no-cache
content-length: 88

12:44:27.238 [AsyncHttpClient-1-8] DEBUG org.asynchttpclient.netty.channel.ChannelManager - Adding key: http://localhost:58617 for channel [id: 0xb7794ed8, L:/127.0.0.1:63201 - R:localhost/127.0.0.1:58617]
12:44:27.240 [Forwarding getElementText on session 72b2ac414e94a31f1c141e2cbc07ba8f to remote] DEBUG org.asynchttpclient.netty.request.NettyRequestSender - Using pooled Channel '[id: 0xb7794ed8, L:/127.0.0.1:63201 - R:localhost/127.0.0.1:58617]' for 'GET' to 'http://localhost:58617/session/72b2ac414e94a31f1c141e2cbc07ba8f/element/75bb3383-e32c-4368-99c7-c2c99c190a7d/text'
12:44:27.240 [Forwarding getElementText on session 72b2ac414e94a31f1c141e2cbc07ba8f to remote] DEBUG org.asynchttpclient.netty.request.NettyRequestSender - Using open Channel [id: 0xb7794ed8, L:/127.0.0.1:63201 - R:localhost/127.0.0.1:58617] for GET '/session/72b2ac414e94a31f1c141e2cbc07ba8f/element/75bb3383-e32c-4368-99c7-c2c99c190a7d/text'
12:44:27.257 [AsyncHttpClient-1-8] DEBUG org.asynchttpclient.netty.handler.HttpHandler - 

Request DefaultFullHttpRequest(decodeResult: success, version: HTTP/1.1, content: EmptyByteBufBE)
GET /session/72b2ac414e94a31f1c141e2cbc07ba8f/element/75bb3383-e32c-4368-99c7-c2c99c190a7d/text HTTP/1.1
User-Agent: selenium/4.1.2 (java windows)
Cache-Control: no-cache
Content-Type: application/json; charset=utf-8
host: localhost:58617
accept: */*

Response DefaultHttpResponse(decodeResult: success, version: HTTP/1.1)
HTTP/1.1 200 OK
Content-Type: application/json; charset=utf-8
cache-control: no-cache
content-length: 41

12:44:27.257 [AsyncHttpClient-1-8] DEBUG org.asynchttpclient.netty.channel.ChannelManager - Adding key: http://localhost:58617 for channel [id: 0xb7794ed8, L:/127.0.0.1:63201 - R:localhost/127.0.0.1:58617]
12:44:27.262 [Forwarding screenshot on session 72b2ac414e94a31f1c141e2cbc07ba8f to remote] DEBUG org.asynchttpclient.netty.request.NettyRequestSender - Using pooled Channel '[id: 0xb7794ed8, L:/127.0.0.1:63201 - R:localhost/127.0.0.1:58617]' for 'GET' to 'http://localhost:58617/session/72b2ac414e94a31f1c141e2cbc07ba8f/screenshot'
12:44:27.262 [Forwarding screenshot on session 72b2ac414e94a31f1c141e2cbc07ba8f to remote] DEBUG org.asynchttpclient.netty.request.NettyRequestSender - Using open Channel [id: 0xb7794ed8, L:/127.0.0.1:63201 - R:localhost/127.0.0.1:58617] for GET '/session/72b2ac414e94a31f1c141e2cbc07ba8f/screenshot'
12:44:27.500 [AsyncHttpClient-1-1] DEBUG org.asynchttpclient.netty.channel.DefaultChannelPool - Entry count for : http://localhost:63202 : 1
12:44:27.564 [AsyncHttpClient-1-8] DEBUG org.asynchttpclient.netty.handler.HttpHandler - 

Request DefaultFullHttpRequest(decodeResult: success, version: HTTP/1.1, content: EmptyByteBufBE)
GET /session/72b2ac414e94a31f1c141e2cbc07ba8f/screenshot HTTP/1.1
User-Agent: selenium/4.1.2 (java windows)
Cache-Control: no-cache
Content-Type: application/json; charset=utf-8
host: localhost:58617
accept: */*

Response DefaultHttpResponse(decodeResult: success, version: HTTP/1.1)
HTTP/1.1 200 OK
Content-Type: application/json; charset=utf-8
cache-control: no-cache
content-length: 313200

12:44:27.566 [AsyncHttpClient-1-8] DEBUG org.asynchttpclient.netty.channel.ChannelManager - Adding key: http://localhost:58617 for channel [id: 0xb7794ed8, L:/127.0.0.1:63201 - R:localhost/127.0.0.1:58617]
12:44:27.580 [main] DEBUG net.serenitybdd.core.photography.Darkroom - Send negative for processing for target\site\serenity\984b20e23e37d32ffb50b7a6fdfa22c3ddfcdf5bcf7613a781fcffa22cdc332c.png
12:44:27.580 [main] DEBUG net.thucydides.core.steps.StepInterceptor - STEP DONE: errorMessageAlert
  &amp#27;[32mThen &amp#27;[0m&amp#27;[32mi have error message&amp#27;[0m                            &amp#27;[90m# starter.stepdefinition.loginSteps.iHaveErrorMessage()&amp#27;[0m
12:44:27.581 [Darkroom Processing Line] DEBUG net.serenitybdd.core.photography.DarkroomProcessingLine - Processing screenshot image in /var/screenshots/screenshot-7904597559846104613
12:44:27.581 [Darkroom Processing Line] DEBUG net.serenitybdd.core.photography.DarkroomProcessingLine - Saving screenshot to target\site\serenity\984b20e23e37d32ffb50b7a6fdfa22c3ddfcdf5bcf7613a781fcffa22cdc332c.png
12:44:27.589 [main] INFO  - 
  _____   ___   ___   _____     ___     _     ___   ___   ___   ___  
 |_   _| | __| / __| |_   _|   | _ \   /_\   / __| / __| | __| |   \ 
   | |   | _|  \__ \   | |     |  _/  / _ \  \__ \ \__ \ | _|  | |) |
   |_|   |___| |___/   |_|     |_|   /_/ \_\ |___/ |___/ |___| |___/ 

As a user i cannot login with wrong password
----------------------------------------------------------------------
12:44:27.590 [AsyncHttpClient-1-10] DEBUG org.asynchttpclient.netty.handler.WebSocketHandler - Channel Closed: [id: 0xfe89f38b, L:/127.0.0.1:63216 ! R:localhost/127.0.0.1:63202] with attribute NettyResponseFuture{currentRetry=5,
	isDone=1,
	isCancelled=0,
	asyncHandler=org.asynchttpclient.ws.WebSocketUpgradeHandler@1685c603,
	nettyRequest=org.asynchttpclient.netty.request.NettyRequest@53874ab7,
	future=java.util.concurrent.CompletableFuture@22e06381[Completed normally],
	uri=ws://localhost:63202/devtools/browser/40c41362-ec19-4328-bdb8-e4ca9916bca2,
	keepAlive=true,
	redirectCount=0,
	timeoutsHolder=null,
	inAuth=0,
	touch=1648619056777}
12:44:27.591 [AsyncHttpClient-1-10] DEBUG org.asynchttpclient.netty.channel.ChannelManager - Closing Channel [id: 0xfe89f38b, L:/127.0.0.1:63216 ! R:localhost/127.0.0.1:63202] 
12:44:27.591 [Driver Command Executor] DEBUG org.asynchttpclient.netty.request.NettyRequestSender - Using pooled Channel '[id: 0xb7794ed8, L:/127.0.0.1:63201 - R:localhost/127.0.0.1:58617]' for 'DELETE' to 'http://localhost:58617/session/72b2ac414e94a31f1c141e2cbc07ba8f'
12:44:27.591 [Driver Command Executor] DEBUG org.asynchttpclient.netty.request.NettyRequestSender - Using open Channel [id: 0xb7794ed8, L:/127.0.0.1:63201 - R:localhost/127.0.0.1:58617] for DELETE '/session/72b2ac414e94a31f1c141e2cbc07ba8f'
12:44:28.547 [AsyncHttpClient-1-9] DEBUG org.asynchttpclient.netty.handler.HttpHandler - Unexpected I/O exception on channel [id: 0x15bd9b58, L:/127.0.0.1:63215 - R:localhost/127.0.0.1:63202]
java.net.SocketException: Connection reset
	at java.base/sun.nio.ch.SocketChannelImpl.throwConnectionReset(SocketChannelImpl.java:367)
	at java.base/sun.nio.ch.SocketChannelImpl.read(SocketChannelImpl.java:398)
	at io.netty.buffer.PooledByteBuf.setBytes(PooledByteBuf.java:258)
	at io.netty.buffer.AbstractByteBuf.writeBytes(AbstractByteBuf.java:1132)
	at io.netty.channel.socket.nio.NioSocketChannel.doReadBytes(NioSocketChannel.java:350)
	at io.netty.channel.nio.AbstractNioByteChannel$NioByteUnsafe.read(AbstractNioByteChannel.java:151)
	at io.netty.channel.nio.NioEventLoop.processSelectedKey(NioEventLoop.java:722)
	at io.netty.channel.nio.NioEventLoop.processSelectedKeysOptimized(NioEventLoop.java:658)
	at io.netty.channel.nio.NioEventLoop.processSelectedKeys(NioEventLoop.java:584)
	at io.netty.channel.nio.NioEventLoop.run(NioEventLoop.java:496)
	at io.netty.util.concurrent.SingleThreadEventExecutor$4.run(SingleThreadEventExecutor.java:986)
	at io.netty.util.internal.ThreadExecutorMap$2.run(ThreadExecutorMap.java:74)
	at io.netty.util.concurrent.FastThreadLocalRunnable.run(FastThreadLocalRunnable.java:30)
	at java.base/java.lang.Thread.run(Thread.java:832)
12:44:28.547 [AsyncHttpClient-1-9] DEBUG org.asynchttpclient.netty.channel.ChannelManager - Closing Channel [id: 0x15bd9b58, L:/127.0.0.1:63215 - R:localhost/127.0.0.1:63202] 
12:44:28.547 [AsyncHttpClient-1-9] DEBUG org.asynchttpclient.netty.handler.HttpHandler - Channel Closed: [id: 0x15bd9b58, L:/127.0.0.1:63215 ! R:localhost/127.0.0.1:63202] with attribute DISCARD
12:44:28.562 [AsyncHttpClient-1-8] DEBUG org.asynchttpclient.netty.handler.HttpHandler - 

Request DefaultFullHttpRequest(decodeResult: success, version: HTTP/1.1, content: EmptyByteBufBE)
DELETE /session/72b2ac414e94a31f1c141e2cbc07ba8f HTTP/1.1
User-Agent: selenium/4.1.2 (java windows)
Content-Type: application/json; charset=utf-8
host: localhost:58617
accept: */*

Response DefaultHttpResponse(decodeResult: success, version: HTTP/1.1)
HTTP/1.1 200 OK
Content-Type: application/json; charset=utf-8
cache-control: no-cache
content-length: 14

12:44:28.562 [AsyncHttpClient-1-8] DEBUG org.asynchttpclient.netty.channel.ChannelManager - Adding key: http://localhost:58617 for channel [id: 0xb7794ed8, L:/127.0.0.1:63201 - R:localhost/127.0.0.1:58617]
12:44:28.595 [AsyncHttpClient-1-1] DEBUG org.asynchttpclient.netty.channel.DefaultChannelPool - Entry count for : http://localhost:63202 : 1
12:44:28.595 [AsyncHttpClient-1-1] DEBUG org.asynchttpclient.netty.channel.DefaultChannelPool - Entry count for : http://localhost:58617 : 1
12:44:28.595 [AsyncHttpClient-1-1] DEBUG org.asynchttpclient.netty.channel.DefaultChannelPool - Adding Candidate expired Channel [id: 0x15bd9b58, L:/127.0.0.1:63215 ! R:localhost/127.0.0.1:63202] isIdleTimeoutExpired=false isRemotelyClosed=true isTtlExpired=false
12:44:28.595 [AsyncHttpClient-1-1] DEBUG org.asynchttpclient.netty.channel.DefaultChannelPool - Closing Idle Channel [id: 0x15bd9b58, L:/127.0.0.1:63215 ! R:localhost/127.0.0.1:63202]
12:44:28.595 [AsyncHttpClient-1-1] DEBUG org.asynchttpclient.netty.channel.DefaultChannelPool - Closed 1 connections out of 2 in 0 ms
12:44:29.579 [AsyncHttpClient-1-8] DEBUG org.asynchttpclient.netty.handler.HttpHandler - Unexpected I/O exception on channel [id: 0xb7794ed8, L:/127.0.0.1:63201 - R:localhost/127.0.0.1:58617]
java.net.SocketException: Connection reset
	at java.base/sun.nio.ch.SocketChannelImpl.throwConnectionReset(SocketChannelImpl.java:367)
	at java.base/sun.nio.ch.SocketChannelImpl.read(SocketChannelImpl.java:398)
	at io.netty.buffer.PooledByteBuf.setBytes(PooledByteBuf.java:258)
	at io.netty.buffer.AbstractByteBuf.writeBytes(AbstractByteBuf.java:1132)
	at io.netty.channel.socket.nio.NioSocketChannel.doReadBytes(NioSocketChannel.java:350)
	at io.netty.channel.nio.AbstractNioByteChannel$NioByteUnsafe.read(AbstractNioByteChannel.java:151)
	at io.netty.channel.nio.NioEventLoop.processSelectedKey(NioEventLoop.java:722)
	at io.netty.channel.nio.NioEventLoop.processSelectedKeysOptimized(NioEventLoop.java:658)
	at io.netty.channel.nio.NioEventLoop.processSelectedKeys(NioEventLoop.java:584)
	at io.netty.channel.nio.NioEventLoop.run(NioEventLoop.java:496)
	at io.netty.util.concurrent.SingleThreadEventExecutor$4.run(SingleThreadEventExecutor.java:986)
	at io.netty.util.internal.ThreadExecutorMap$2.run(ThreadExecutorMap.java:74)
	at io.netty.util.concurrent.FastThreadLocalRunnable.run(FastThreadLocalRunnable.java:30)
	at java.base/java.lang.Thread.run(Thread.java:832)
12:44:29.579 [AsyncHttpClient-1-8] DEBUG org.asynchttpclient.netty.channel.ChannelManager - Closing Channel [id: 0xb7794ed8, L:/127.0.0.1:63201 - R:localhost/127.0.0.1:58617] 
12:44:29.579 [AsyncHttpClient-1-8] DEBUG org.asynchttpclient.netty.handler.HttpHandler - Channel Closed: [id: 0xb7794ed8, L:/127.0.0.1:63201 ! R:localhost/127.0.0.1:58617] with attribute DISCARD
]]></system-out>
    <system-err><![CDATA[Starting ChromeDriver 99.0.4844.51 (d537ec02474b5afe23684e7963d538896c63ac77-refs/branch-heads/4844@{#875}) on port 58617
Only local connections are allowed.
Please see https://chromedriver.chromium.org/security-considerations for suggestions on keeping ChromeDriver safe.
ChromeDriver was started successfully.
Mar 30, 2022 12:44:16 PM org.openqa.selenium.remote.ProtocolHandshake createSession
INFO: Detected dialect: W3C
Mar 30, 2022 12:44:16 PM org.openqa.selenium.devtools.CdpVersionFinder findNearestMatch
WARNING: Unable to find an exact match for CDP version 99, so returning the closest version found: 97
Mar 30, 2022 12:44:16 PM org.openqa.selenium.devtools.CdpVersionFinder findNearestMatch
INFO: Found CDP implementation for version 99 of 97
]]></system-err>
  </testcase>
  <testcase name="As a user i cannot login with wrong password and wrong username" classname="Login" time="18.157">
    <system-out><![CDATA[
Scenario: As a user i cannot login with wrong password and wrong username &amp#27;[90m# src/test/resources/features/login.feature:28&amp#27;[0m
12:44:29.649 [main] INFO io.cucumber.core.plugin.SerenityReporter - Running feature from file:///D:/PERKULIAHAN/Semester%206,Hebatt%20glad!/Altera/New%20folder/Serenity_Gladys/src/test/resources/features/login.feature
12:44:29.653 [main] INFO  - 
  _____   ___   ___   _____     ___   _____     _     ___   _____   ___   ___  
 |_   _| | __| / __| |_   _|   / __| |_   _|   /_\   | _ \ |_   _| | __| |   \ 
   | |   | _|  \__ \   | |     \__ \   | |    / _ \  |   /   | |   | _|  | |) |
   |_|   |___| |___/   |_|     |___/   |_|   /_/ \_\ |_|_\   |_|   |___| |___/ 

As a user i cannot login with wrong password and wrong username(login;as-a-user-i-cannot-login-with-wrong-password-and-wrong-username)
--------------------------------------------------------------------------------
12:44:29.692 [main] DEBUG net.thucydides.core.steps.StepInterceptor - STARTING STEP: loginSteps.iAmInTheLoginPage - openUrl
12:44:29.694 [main] INFO net.serenitybdd.core.webdriver.driverproviders.ChromeDriverProvider - Using automatically driver download
12:44:29.695 [AsyncHttpClient-1-1] DEBUG org.asynchttpclient.netty.channel.DefaultChannelPool - Entry count for : http://localhost:58617 : 1
12:44:29.695 [AsyncHttpClient-1-1] DEBUG org.asynchttpclient.netty.channel.DefaultChannelPool - Adding Candidate expired Channel [id: 0xb7794ed8, L:/127.0.0.1:63201 ! R:localhost/127.0.0.1:58617] isIdleTimeoutExpired=false isRemotelyClosed=true isTtlExpired=false
12:44:29.695 [AsyncHttpClient-1-1] DEBUG org.asynchttpclient.netty.channel.DefaultChannelPool - Closing Idle Channel [id: 0xb7794ed8, L:/127.0.0.1:63201 ! R:localhost/127.0.0.1:58617]
12:44:29.695 [AsyncHttpClient-1-1] DEBUG org.asynchttpclient.netty.channel.DefaultChannelPool - Closed 1 connections out of 1 in 0 ms
12:44:29.963 [main] DEBUG io.github.bonigarcia.wdm.cache.ResolutionCache - Resolution chrome=99 in cache (valid until 13:34:24 30/03/2022 WIB)
12:44:29.972 [main] DEBUG io.github.bonigarcia.wdm.cache.ResolutionCache - Resolution chrome99=99.0.4844.51 in cache (valid until 13:36:02 30/03/2022 WIB)
12:44:29.978 [main] INFO io.github.bonigarcia.wdm.WebDriverManager - Using chromedriver 99.0.4844.51 (resolved driver for Chrome 99)
12:44:30.016 [main] DEBUG io.github.bonigarcia.wdm.WebDriverManager - Driver chromedriver 99.0.4844.51 found in cache
12:44:30.017 [main] INFO io.github.bonigarcia.wdm.WebDriverManager - Exporting webdriver.chrome.driver as C:\Users\ASUS\.cache\selenium\chromedriver\win32\99.0.4844.51\chromedriver.exe
12:44:30.297 [main] DEBUG net.serenitybdd.core.webdriver.driverproviders.ProvideNewDriver - Instantiating driver
12:44:30.297 [main] DEBUG net.serenitybdd.core.webdriver.driverproviders.ProvideNewDriver - Driver capabilities: Capabilities {acceptInsecureCerts: false, base.url: https://demoqa.com/login, browserName: chrome, chrome.driver: src/test/resources/webdrive..., driver: chrome, goog:chromeOptions: {args: [], extensions: []}}
12:44:31.400 [AsyncHttpClient-1-11] DEBUG org.asynchttpclient.netty.channel.NettyConnectListener - Using new Channel '[id: 0x21a9efe3, L:/127.0.0.1:63272 - R:localhost/127.0.0.1:56101]' for 'POST' to '/session'
12:44:33.885 [AsyncHttpClient-1-11] DEBUG org.asynchttpclient.netty.handler.HttpHandler - 

Request DefaultHttpRequest(decodeResult: success, version: HTTP/1.1)
POST /session HTTP/1.1
User-Agent: selenium/4.1.2 (java windows)
Content-Length: 610
Content-Type: application/json; charset=utf-8
host: localhost:56101
accept: */*

Response DefaultHttpResponse(decodeResult: success, version: HTTP/1.1)
HTTP/1.1 200 OK
Content-Type: application/json; charset=utf-8
cache-control: no-cache
content-length: 787

12:44:33.885 [AsyncHttpClient-1-11] DEBUG org.asynchttpclient.netty.channel.ChannelManager - Adding key: http://localhost:56101 for channel [id: 0x21a9efe3, L:/127.0.0.1:63272 - R:localhost/127.0.0.1:56101]
12:44:33.906 [AsyncHttpClient-1-12] DEBUG org.asynchttpclient.netty.channel.NettyConnectListener - Using new Channel '[id: 0x3cb1c912, L:/127.0.0.1:63281 - R:localhost/127.0.0.1:63273]' for 'GET' to '/json/version'
12:44:33.926 [AsyncHttpClient-1-12] DEBUG org.asynchttpclient.netty.handler.HttpHandler - 

Request DefaultFullHttpRequest(decodeResult: success, version: HTTP/1.1, content: EmptyByteBufBE)
GET /json/version HTTP/1.1
User-Agent: selenium/4.1.2 (java windows)
host: localhost:63273
accept: */*

Response DefaultHttpResponse(decodeResult: success, version: HTTP/1.1)
HTTP/1.1 200 OK
Content-Type: application/json; charset=UTF-8
content-length: 424

12:44:33.927 [AsyncHttpClient-1-12] DEBUG org.asynchttpclient.netty.channel.ChannelManager - Adding key: http://localhost:63273 for channel [id: 0x3cb1c912, L:/127.0.0.1:63281 - R:localhost/127.0.0.1:63273]
12:44:33.934 [AsyncHttpClient-1-13] DEBUG org.asynchttpclient.netty.channel.NettyConnectListener - Using new Channel '[id: 0x36913ec1, L:/127.0.0.1:63282 - R:localhost/127.0.0.1:63273]' for 'GET' to '/devtools/browser/e41f0b01-3d4b-4435-bccb-7a1da3a42cad'
12:44:33.952 [AsyncHttpClient-1-13] DEBUG org.asynchttpclient.netty.handler.WebSocketHandler - 

Request DefaultFullHttpRequest(decodeResult: success, version: HTTP/1.1, content: EmptyByteBufBE)
GET /devtools/browser/e41f0b01-3d4b-4435-bccb-7a1da3a42cad HTTP/1.1
upgrade: websocket
connection: upgrade
sec-websocket-key: d6IUYF5r0XANbnWuOYTMhg==
sec-websocket-version: 13
origin: http://localhost:63273
host: localhost:63273
accept: */*
user-agent: AHC/2.1

Response DefaultHttpResponse(decodeResult: success, version: HTTP/1.1)
HTTP/1.1 101 WebSocket Protocol Handshake
Upgrade: WebSocket
Connection: Upgrade
Sec-WebSocket-Accept: Fwa0zjJENXBf+n7gKTfUJZYZrik=

12:44:33.964 [Forwarding maximizeCurrentWindow on session 2b35b9f01b136720b4f7c0f97ff77d1b to remote] DEBUG org.asynchttpclient.netty.request.NettyRequestSender - Using pooled Channel '[id: 0x21a9efe3, L:/127.0.0.1:63272 - R:localhost/127.0.0.1:56101]' for 'POST' to 'http://localhost:56101/session/2b35b9f01b136720b4f7c0f97ff77d1b/window/maximize'
12:44:33.965 [Forwarding maximizeCurrentWindow on session 2b35b9f01b136720b4f7c0f97ff77d1b to remote] DEBUG org.asynchttpclient.netty.request.NettyRequestSender - Using open Channel [id: 0x21a9efe3, L:/127.0.0.1:63272 - R:localhost/127.0.0.1:56101] for POST '/session/2b35b9f01b136720b4f7c0f97ff77d1b/window/maximize'
12:44:34.103 [AsyncHttpClient-1-1] DEBUG org.asynchttpclient.netty.channel.DefaultChannelPool - Entry count for : http://localhost:63273 : 1
12:44:34.271 [AsyncHttpClient-1-11] DEBUG org.asynchttpclient.netty.handler.HttpHandler - 

Request DefaultHttpRequest(decodeResult: success, version: HTTP/1.1)
POST /session/2b35b9f01b136720b4f7c0f97ff77d1b/window/maximize HTTP/1.1
User-Agent: selenium/4.1.2 (java windows)
Content-Length: 3
Content-Type: application/json; charset=utf-8
host: localhost:56101
accept: */*

Response DefaultHttpResponse(decodeResult: success, version: HTTP/1.1)
HTTP/1.1 200 OK
Content-Type: application/json; charset=utf-8
cache-control: no-cache
content-length: 51

12:44:34.272 [AsyncHttpClient-1-11] DEBUG org.asynchttpclient.netty.channel.ChannelManager - Adding key: http://localhost:56101 for channel [id: 0x21a9efe3, L:/127.0.0.1:63272 - R:localhost/127.0.0.1:56101]
12:44:34.276 [Forwarding get on session 2b35b9f01b136720b4f7c0f97ff77d1b to remote] DEBUG org.asynchttpclient.netty.request.NettyRequestSender - Using pooled Channel '[id: 0x21a9efe3, L:/127.0.0.1:63272 - R:localhost/127.0.0.1:56101]' for 'POST' to 'http://localhost:56101/session/2b35b9f01b136720b4f7c0f97ff77d1b/url'
12:44:34.276 [Forwarding get on session 2b35b9f01b136720b4f7c0f97ff77d1b to remote] DEBUG org.asynchttpclient.netty.request.NettyRequestSender - Using open Channel [id: 0x21a9efe3, L:/127.0.0.1:63272 - R:localhost/127.0.0.1:56101] for POST '/session/2b35b9f01b136720b4f7c0f97ff77d1b/url'
12:44:35.201 [AsyncHttpClient-1-1] DEBUG org.asynchttpclient.netty.channel.DefaultChannelPool - Entry count for : http://localhost:63273 : 1
12:44:36.299 [AsyncHttpClient-1-1] DEBUG org.asynchttpclient.netty.channel.DefaultChannelPool - Entry count for : http://localhost:63273 : 1
12:44:37.397 [AsyncHttpClient-1-1] DEBUG org.asynchttpclient.netty.channel.DefaultChannelPool - Entry count for : http://localhost:63273 : 1
12:44:38.493 [AsyncHttpClient-1-1] DEBUG org.asynchttpclient.netty.channel.DefaultChannelPool - Entry count for : http://localhost:63273 : 1
12:44:39.595 [AsyncHttpClient-1-1] DEBUG org.asynchttpclient.netty.channel.DefaultChannelPool - Entry count for : http://localhost:63273 : 1
12:44:40.698 [AsyncHttpClient-1-1] DEBUG org.asynchttpclient.netty.channel.DefaultChannelPool - Entry count for : http://localhost:63273 : 1
12:44:41.797 [AsyncHttpClient-1-1] DEBUG org.asynchttpclient.netty.channel.DefaultChannelPool - Entry count for : http://localhost:63273 : 1
12:44:42.466 [AsyncHttpClient-1-11] DEBUG org.asynchttpclient.netty.handler.HttpHandler - 

Request DefaultHttpRequest(decodeResult: success, version: HTTP/1.1)
POST /session/2b35b9f01b136720b4f7c0f97ff77d1b/url HTTP/1.1
User-Agent: selenium/4.1.2 (java windows)
Content-Length: 54
Content-Type: application/json; charset=utf-8
host: localhost:56101
accept: */*

Response DefaultHttpResponse(decodeResult: success, version: HTTP/1.1)
HTTP/1.1 200 OK
Content-Type: application/json; charset=utf-8
cache-control: no-cache
content-length: 14

12:44:42.466 [AsyncHttpClient-1-11] DEBUG org.asynchttpclient.netty.channel.ChannelManager - Adding key: http://localhost:56101 for channel [id: 0x21a9efe3, L:/127.0.0.1:63272 - R:localhost/127.0.0.1:56101]
12:44:42.469 [Forwarding setTimeout on session 2b35b9f01b136720b4f7c0f97ff77d1b to remote] DEBUG org.asynchttpclient.netty.request.NettyRequestSender - Using pooled Channel '[id: 0x21a9efe3, L:/127.0.0.1:63272 - R:localhost/127.0.0.1:56101]' for 'POST' to 'http://localhost:56101/session/2b35b9f01b136720b4f7c0f97ff77d1b/timeouts'
12:44:42.469 [Forwarding setTimeout on session 2b35b9f01b136720b4f7c0f97ff77d1b to remote] DEBUG org.asynchttpclient.netty.request.NettyRequestSender - Using open Channel [id: 0x21a9efe3, L:/127.0.0.1:63272 - R:localhost/127.0.0.1:56101] for POST '/session/2b35b9f01b136720b4f7c0f97ff77d1b/timeouts'
12:44:42.471 [AsyncHttpClient-1-11] DEBUG org.asynchttpclient.netty.handler.HttpHandler - 

Request DefaultHttpRequest(decodeResult: success, version: HTTP/1.1)
POST /session/2b35b9f01b136720b4f7c0f97ff77d1b/timeouts HTTP/1.1
User-Agent: selenium/4.1.2 (java windows)
Content-Length: 22
Content-Type: application/json; charset=utf-8
host: localhost:56101
accept: */*

Response DefaultHttpResponse(decodeResult: success, version: HTTP/1.1)
HTTP/1.1 200 OK
Content-Type: application/json; charset=utf-8
cache-control: no-cache
content-length: 14

12:44:42.472 [AsyncHttpClient-1-11] DEBUG org.asynchttpclient.netty.channel.ChannelManager - Adding key: http://localhost:56101 for channel [id: 0x21a9efe3, L:/127.0.0.1:63272 - R:localhost/127.0.0.1:56101]
12:44:42.477 [Forwarding getCurrentUrl on session 2b35b9f01b136720b4f7c0f97ff77d1b to remote] DEBUG org.asynchttpclient.netty.request.NettyRequestSender - Using pooled Channel '[id: 0x21a9efe3, L:/127.0.0.1:63272 - R:localhost/127.0.0.1:56101]' for 'GET' to 'http://localhost:56101/session/2b35b9f01b136720b4f7c0f97ff77d1b/url'
12:44:42.477 [Forwarding getCurrentUrl on session 2b35b9f01b136720b4f7c0f97ff77d1b to remote] DEBUG org.asynchttpclient.netty.request.NettyRequestSender - Using open Channel [id: 0x21a9efe3, L:/127.0.0.1:63272 - R:localhost/127.0.0.1:56101] for GET '/session/2b35b9f01b136720b4f7c0f97ff77d1b/url'
12:44:42.483 [AsyncHttpClient-1-11] DEBUG org.asynchttpclient.netty.handler.HttpHandler - 

Request DefaultFullHttpRequest(decodeResult: success, version: HTTP/1.1, content: EmptyByteBufBE)
GET /session/2b35b9f01b136720b4f7c0f97ff77d1b/url HTTP/1.1
User-Agent: selenium/4.1.2 (java windows)
Cache-Control: no-cache
Content-Type: application/json; charset=utf-8
host: localhost:56101
accept: */*

Response DefaultHttpResponse(decodeResult: success, version: HTTP/1.1)
HTTP/1.1 200 OK
Content-Type: application/json; charset=utf-8
cache-control: no-cache
content-length: 36

12:44:42.484 [AsyncHttpClient-1-11] DEBUG org.asynchttpclient.netty.channel.ChannelManager - Adding key: http://localhost:56101 for channel [id: 0x21a9efe3, L:/127.0.0.1:63272 - R:localhost/127.0.0.1:56101]
12:44:42.491 [Forwarding screenshot on session 2b35b9f01b136720b4f7c0f97ff77d1b to remote] DEBUG org.asynchttpclient.netty.request.NettyRequestSender - Using pooled Channel '[id: 0x21a9efe3, L:/127.0.0.1:63272 - R:localhost/127.0.0.1:56101]' for 'GET' to 'http://localhost:56101/session/2b35b9f01b136720b4f7c0f97ff77d1b/screenshot'
12:44:42.491 [Forwarding screenshot on session 2b35b9f01b136720b4f7c0f97ff77d1b to remote] DEBUG org.asynchttpclient.netty.request.NettyRequestSender - Using open Channel [id: 0x21a9efe3, L:/127.0.0.1:63272 - R:localhost/127.0.0.1:56101] for GET '/session/2b35b9f01b136720b4f7c0f97ff77d1b/screenshot'
12:44:42.825 [AsyncHttpClient-1-11] DEBUG org.asynchttpclient.netty.handler.HttpHandler - 

Request DefaultFullHttpRequest(decodeResult: success, version: HTTP/1.1, content: EmptyByteBufBE)
GET /session/2b35b9f01b136720b4f7c0f97ff77d1b/screenshot HTTP/1.1
User-Agent: selenium/4.1.2 (java windows)
Cache-Control: no-cache
Content-Type: application/json; charset=utf-8
host: localhost:56101
accept: */*

Response DefaultHttpResponse(decodeResult: success, version: HTTP/1.1)
HTTP/1.1 200 OK
Content-Type: application/json; charset=utf-8
cache-control: no-cache
content-length: 494260

12:44:42.826 [AsyncHttpClient-1-11] DEBUG org.asynchttpclient.netty.channel.ChannelManager - Adding key: http://localhost:56101 for channel [id: 0x21a9efe3, L:/127.0.0.1:63272 - R:localhost/127.0.0.1:56101]
12:44:42.840 [main] DEBUG net.serenitybdd.core.photography.Darkroom - Send negative for processing for target\site\serenity\d5da975b6785c492528710397e7b7748e85a2751e5d66c389881baaf7c868c20.png
12:44:42.841 [main] DEBUG net.thucydides.core.steps.StepInterceptor - STEP DONE: openUrl
12:44:42.841 [Darkroom Processing Line] DEBUG net.serenitybdd.core.photography.DarkroomProcessingLine - Processing screenshot image in /var/screenshots/screenshot-18407860360439263082
12:44:42.841 [Darkroom Processing Line] DEBUG net.serenitybdd.core.photography.DarkroomProcessingLine - Saving screenshot to target\site\serenity\d5da975b6785c492528710397e7b7748e85a2751e5d66c389881baaf7c868c20.png
12:44:42.849 [main] DEBUG net.thucydides.core.steps.StepInterceptor - STARTING STEP: loginSteps.iAmInTheLoginPage - validateIfButtonLoginIsAppear
12:44:42.852 [Forwarding findElement on session 2b35b9f01b136720b4f7c0f97ff77d1b to remote] DEBUG org.asynchttpclient.netty.request.NettyRequestSender - Using pooled Channel '[id: 0x21a9efe3, L:/127.0.0.1:63272 - R:localhost/127.0.0.1:56101]' for 'POST' to 'http://localhost:56101/session/2b35b9f01b136720b4f7c0f97ff77d1b/element'
12:44:42.852 [Forwarding findElement on session 2b35b9f01b136720b4f7c0f97ff77d1b to remote] DEBUG org.asynchttpclient.netty.request.NettyRequestSender - Using open Channel [id: 0x21a9efe3, L:/127.0.0.1:63272 - R:localhost/127.0.0.1:56101] for POST '/session/2b35b9f01b136720b4f7c0f97ff77d1b/element'
12:44:42.867 [AsyncHttpClient-1-11] DEBUG org.asynchttpclient.netty.handler.HttpHandler - 

Request DefaultHttpRequest(decodeResult: success, version: HTTP/1.1)
POST /session/2b35b9f01b136720b4f7c0f97ff77d1b/element HTTP/1.1
User-Agent: selenium/4.1.2 (java windows)
Content-Length: 50
Content-Type: application/json; charset=utf-8
host: localhost:56101
accept: */*

Response DefaultHttpResponse(decodeResult: success, version: HTTP/1.1)
HTTP/1.1 200 OK
Content-Type: application/json; charset=utf-8
cache-control: no-cache
content-length: 88

12:44:42.867 [AsyncHttpClient-1-11] DEBUG org.asynchttpclient.netty.channel.ChannelManager - Adding key: http://localhost:56101 for channel [id: 0x21a9efe3, L:/127.0.0.1:63272 - R:localhost/127.0.0.1:56101]
12:44:42.873 [Forwarding isElementDisplayed on session 2b35b9f01b136720b4f7c0f97ff77d1b to remote] DEBUG org.asynchttpclient.netty.request.NettyRequestSender - Using pooled Channel '[id: 0x21a9efe3, L:/127.0.0.1:63272 - R:localhost/127.0.0.1:56101]' for 'POST' to 'http://localhost:56101/session/2b35b9f01b136720b4f7c0f97ff77d1b/execute/sync'
12:44:42.873 [Forwarding isElementDisplayed on session 2b35b9f01b136720b4f7c0f97ff77d1b to remote] DEBUG org.asynchttpclient.netty.request.NettyRequestSender - Using open Channel [id: 0x21a9efe3, L:/127.0.0.1:63272 - R:localhost/127.0.0.1:56101] for POST '/session/2b35b9f01b136720b4f7c0f97ff77d1b/execute/sync'
12:44:42.890 [AsyncHttpClient-1-11] DEBUG org.asynchttpclient.netty.handler.HttpHandler - 

Request DefaultHttpRequest(decodeResult: success, version: HTTP/1.1)
POST /session/2b35b9f01b136720b4f7c0f97ff77d1b/execute/sync HTTP/1.1
User-Agent: selenium/4.1.2 (java windows)
Content-Length: 48780
Content-Type: application/json; charset=utf-8
host: localhost:56101
accept: */*

Response DefaultHttpResponse(decodeResult: success, version: HTTP/1.1)
HTTP/1.1 200 OK
Content-Type: application/json; charset=utf-8
cache-control: no-cache
content-length: 14

12:44:42.890 [AsyncHttpClient-1-11] DEBUG org.asynchttpclient.netty.channel.ChannelManager - Adding key: http://localhost:56101 for channel [id: 0x21a9efe3, L:/127.0.0.1:63272 - R:localhost/127.0.0.1:56101]
12:44:42.893 [AsyncHttpClient-1-1] DEBUG org.asynchttpclient.netty.channel.DefaultChannelPool - Entry count for : http://localhost:63273 : 1
12:44:42.893 [AsyncHttpClient-1-1] DEBUG org.asynchttpclient.netty.channel.DefaultChannelPool - Entry count for : http://localhost:56101 : 1
12:44:42.895 [Forwarding screenshot on session 2b35b9f01b136720b4f7c0f97ff77d1b to remote] DEBUG org.asynchttpclient.netty.request.NettyRequestSender - Using pooled Channel '[id: 0x21a9efe3, L:/127.0.0.1:63272 - R:localhost/127.0.0.1:56101]' for 'GET' to 'http://localhost:56101/session/2b35b9f01b136720b4f7c0f97ff77d1b/screenshot'
12:44:42.895 [Forwarding screenshot on session 2b35b9f01b136720b4f7c0f97ff77d1b to remote] DEBUG org.asynchttpclient.netty.request.NettyRequestSender - Using open Channel [id: 0x21a9efe3, L:/127.0.0.1:63272 - R:localhost/127.0.0.1:56101] for GET '/session/2b35b9f01b136720b4f7c0f97ff77d1b/screenshot'
12:44:43.194 [AsyncHttpClient-1-11] DEBUG org.asynchttpclient.netty.handler.HttpHandler - 

Request DefaultFullHttpRequest(decodeResult: success, version: HTTP/1.1, content: EmptyByteBufBE)
GET /session/2b35b9f01b136720b4f7c0f97ff77d1b/screenshot HTTP/1.1
User-Agent: selenium/4.1.2 (java windows)
Cache-Control: no-cache
Content-Type: application/json; charset=utf-8
host: localhost:56101
accept: */*

Response DefaultHttpResponse(decodeResult: success, version: HTTP/1.1)
HTTP/1.1 200 OK
Content-Type: application/json; charset=utf-8
cache-control: no-cache
content-length: 494260

12:44:43.196 [AsyncHttpClient-1-11] DEBUG org.asynchttpclient.netty.channel.ChannelManager - Adding key: http://localhost:56101 for channel [id: 0x21a9efe3, L:/127.0.0.1:63272 - R:localhost/127.0.0.1:56101]
12:44:43.211 [main] DEBUG net.serenitybdd.core.photography.Darkroom - Send negative for processing for target\site\serenity\d5da975b6785c492528710397e7b7748e85a2751e5d66c389881baaf7c868c20.png
12:44:43.211 [main] DEBUG net.thucydides.core.steps.StepInterceptor - STEP DONE: validateIfButtonLoginIsAppear
  &amp#27;[32mGiven &amp#27;[0m&amp#27;[32mi am in the login page&amp#27;[0m                                            &amp#27;[90m# starter.stepdefinition.loginSteps.iAmInTheLoginPage()&amp#27;[0m
12:44:43.233 [main] DEBUG net.thucydides.core.steps.StepInterceptor - STARTING STEP: loginSteps.iInputWrongUsername - wrongUsernameField
12:44:43.237 [Forwarding findElement on session 2b35b9f01b136720b4f7c0f97ff77d1b to remote] DEBUG org.asynchttpclient.netty.request.NettyRequestSender - Using pooled Channel '[id: 0x21a9efe3, L:/127.0.0.1:63272 - R:localhost/127.0.0.1:56101]' for 'POST' to 'http://localhost:56101/session/2b35b9f01b136720b4f7c0f97ff77d1b/element'
12:44:43.237 [Forwarding findElement on session 2b35b9f01b136720b4f7c0f97ff77d1b to remote] DEBUG org.asynchttpclient.netty.request.NettyRequestSender - Using open Channel [id: 0x21a9efe3, L:/127.0.0.1:63272 - R:localhost/127.0.0.1:56101] for POST '/session/2b35b9f01b136720b4f7c0f97ff77d1b/element'
12:44:43.249 [AsyncHttpClient-1-11] DEBUG org.asynchttpclient.netty.handler.HttpHandler - 

Request DefaultHttpRequest(decodeResult: success, version: HTTP/1.1)
POST /session/2b35b9f01b136720b4f7c0f97ff77d1b/element HTTP/1.1
User-Agent: selenium/4.1.2 (java windows)
Content-Length: 53
Content-Type: application/json; charset=utf-8
host: localhost:56101
accept: */*

Response DefaultHttpResponse(decodeResult: success, version: HTTP/1.1)
HTTP/1.1 200 OK
Content-Type: application/json; charset=utf-8
cache-control: no-cache
content-length: 88

12:44:43.249 [AsyncHttpClient-1-11] DEBUG org.asynchttpclient.netty.channel.ChannelManager - Adding key: http://localhost:56101 for channel [id: 0x21a9efe3, L:/127.0.0.1:63272 - R:localhost/127.0.0.1:56101]
12:44:43.251 [Forwarding clearElement on session 2b35b9f01b136720b4f7c0f97ff77d1b to remote] DEBUG org.asynchttpclient.netty.request.NettyRequestSender - Using pooled Channel '[id: 0x21a9efe3, L:/127.0.0.1:63272 - R:localhost/127.0.0.1:56101]' for 'POST' to 'http://localhost:56101/session/2b35b9f01b136720b4f7c0f97ff77d1b/element/dce9280a-7cef-4409-9248-6852a2b4d3e6/clear'
12:44:43.251 [Forwarding clearElement on session 2b35b9f01b136720b4f7c0f97ff77d1b to remote] DEBUG org.asynchttpclient.netty.request.NettyRequestSender - Using open Channel [id: 0x21a9efe3, L:/127.0.0.1:63272 - R:localhost/127.0.0.1:56101] for POST '/session/2b35b9f01b136720b4f7c0f97ff77d1b/element/dce9280a-7cef-4409-9248-6852a2b4d3e6/clear'
12:44:43.285 [AsyncHttpClient-1-11] DEBUG org.asynchttpclient.netty.handler.HttpHandler - 

Request DefaultHttpRequest(decodeResult: success, version: HTTP/1.1)
POST /session/2b35b9f01b136720b4f7c0f97ff77d1b/element/dce9280a-7cef-4409-9248-6852a2b4d3e6/clear HTTP/1.1
User-Agent: selenium/4.1.2 (java windows)
Content-Length: 50
Content-Type: application/json; charset=utf-8
host: localhost:56101
accept: */*

Response DefaultHttpResponse(decodeResult: success, version: HTTP/1.1)
HTTP/1.1 200 OK
Content-Type: application/json; charset=utf-8
cache-control: no-cache
content-length: 14

12:44:43.285 [AsyncHttpClient-1-11] DEBUG org.asynchttpclient.netty.channel.ChannelManager - Adding key: http://localhost:56101 for channel [id: 0x21a9efe3, L:/127.0.0.1:63272 - R:localhost/127.0.0.1:56101]
12:44:43.287 [Forwarding sendKeysToElement on session 2b35b9f01b136720b4f7c0f97ff77d1b to remote] DEBUG org.asynchttpclient.netty.request.NettyRequestSender - Using pooled Channel '[id: 0x21a9efe3, L:/127.0.0.1:63272 - R:localhost/127.0.0.1:56101]' for 'POST' to 'http://localhost:56101/session/2b35b9f01b136720b4f7c0f97ff77d1b/element/dce9280a-7cef-4409-9248-6852a2b4d3e6/value'
12:44:43.287 [Forwarding sendKeysToElement on session 2b35b9f01b136720b4f7c0f97ff77d1b to remote] DEBUG org.asynchttpclient.netty.request.NettyRequestSender - Using open Channel [id: 0x21a9efe3, L:/127.0.0.1:63272 - R:localhost/127.0.0.1:56101] for POST '/session/2b35b9f01b136720b4f7c0f97ff77d1b/element/dce9280a-7cef-4409-9248-6852a2b4d3e6/value'
12:44:43.367 [AsyncHttpClient-1-11] DEBUG org.asynchttpclient.netty.handler.HttpHandler - 

Request DefaultHttpRequest(decodeResult: success, version: HTTP/1.1)
POST /session/2b35b9f01b136720b4f7c0f97ff77d1b/element/dce9280a-7cef-4409-9248-6852a2b4d3e6/value HTTP/1.1
User-Agent: selenium/4.1.2 (java windows)
Content-Length: 141
Content-Type: application/json; charset=utf-8
host: localhost:56101
accept: */*

Response DefaultHttpResponse(decodeResult: success, version: HTTP/1.1)
HTTP/1.1 200 OK
Content-Type: application/json; charset=utf-8
cache-control: no-cache
content-length: 14

12:44:43.367 [AsyncHttpClient-1-11] DEBUG org.asynchttpclient.netty.channel.ChannelManager - Adding key: http://localhost:56101 for channel [id: 0x21a9efe3, L:/127.0.0.1:63272 - R:localhost/127.0.0.1:56101]
12:44:43.375 [Forwarding screenshot on session 2b35b9f01b136720b4f7c0f97ff77d1b to remote] DEBUG org.asynchttpclient.netty.request.NettyRequestSender - Using pooled Channel '[id: 0x21a9efe3, L:/127.0.0.1:63272 - R:localhost/127.0.0.1:56101]' for 'GET' to 'http://localhost:56101/session/2b35b9f01b136720b4f7c0f97ff77d1b/screenshot'
12:44:43.375 [Forwarding screenshot on session 2b35b9f01b136720b4f7c0f97ff77d1b to remote] DEBUG org.asynchttpclient.netty.request.NettyRequestSender - Using open Channel [id: 0x21a9efe3, L:/127.0.0.1:63272 - R:localhost/127.0.0.1:56101] for GET '/session/2b35b9f01b136720b4f7c0f97ff77d1b/screenshot'
12:44:43.710 [AsyncHttpClient-1-11] DEBUG org.asynchttpclient.netty.handler.HttpHandler - 

Request DefaultFullHttpRequest(decodeResult: success, version: HTTP/1.1, content: EmptyByteBufBE)
GET /session/2b35b9f01b136720b4f7c0f97ff77d1b/screenshot HTTP/1.1
User-Agent: selenium/4.1.2 (java windows)
Cache-Control: no-cache
Content-Type: application/json; charset=utf-8
host: localhost:56101
accept: */*

Response DefaultHttpResponse(decodeResult: success, version: HTTP/1.1)
HTTP/1.1 200 OK
Content-Type: application/json; charset=utf-8
cache-control: no-cache
content-length: 493236

12:44:43.714 [AsyncHttpClient-1-11] DEBUG org.asynchttpclient.netty.channel.ChannelManager - Adding key: http://localhost:56101 for channel [id: 0x21a9efe3, L:/127.0.0.1:63272 - R:localhost/127.0.0.1:56101]
12:44:43.736 [main] DEBUG net.serenitybdd.core.photography.Darkroom - Send negative for processing for target\site\serenity\87a82f00f005678891d24c434d3e8d399cf79054c4e93f7e617fa0f82e0d9724.png
12:44:43.737 [main] DEBUG net.thucydides.core.steps.StepInterceptor - STEP DONE: wrongUsernameField
  &amp#27;[32mWhen &amp#27;[0m&amp#27;[32mi input wrong username&amp#27;[0m                                             &amp#27;[90m# starter.stepdefinition.loginSteps.iInputWrongUsername()&amp#27;[0m
12:44:43.737 [Darkroom Processing Line] DEBUG net.serenitybdd.core.photography.DarkroomProcessingLine - Processing screenshot image in /var/screenshots/screenshot-6257098646812144367
12:44:43.737 [Darkroom Processing Line] DEBUG net.serenitybdd.core.photography.DarkroomProcessingLine - Saving screenshot to target\site\serenity\87a82f00f005678891d24c434d3e8d399cf79054c4e93f7e617fa0f82e0d9724.png
12:44:43.758 [main] DEBUG net.thucydides.core.steps.StepInterceptor - STARTING STEP: loginSteps.iInputWrongPassword - wrongPassword
12:44:43.761 [Forwarding findElement on session 2b35b9f01b136720b4f7c0f97ff77d1b to remote] DEBUG org.asynchttpclient.netty.request.NettyRequestSender - Using pooled Channel '[id: 0x21a9efe3, L:/127.0.0.1:63272 - R:localhost/127.0.0.1:56101]' for 'POST' to 'http://localhost:56101/session/2b35b9f01b136720b4f7c0f97ff77d1b/element'
12:44:43.761 [Forwarding findElement on session 2b35b9f01b136720b4f7c0f97ff77d1b to remote] DEBUG org.asynchttpclient.netty.request.NettyRequestSender - Using open Channel [id: 0x21a9efe3, L:/127.0.0.1:63272 - R:localhost/127.0.0.1:56101] for POST '/session/2b35b9f01b136720b4f7c0f97ff77d1b/element'
12:44:44.000 [AsyncHttpClient-1-1] DEBUG org.asynchttpclient.netty.channel.DefaultChannelPool - Entry count for : http://localhost:63273 : 1
12:44:44.321 [AsyncHttpClient-1-11] DEBUG org.asynchttpclient.netty.handler.HttpHandler - 

Request DefaultHttpRequest(decodeResult: success, version: HTTP/1.1)
POST /session/2b35b9f01b136720b4f7c0f97ff77d1b/element HTTP/1.1
User-Agent: selenium/4.1.2 (java windows)
Content-Length: 53
Content-Type: application/json; charset=utf-8
host: localhost:56101
accept: */*

Response DefaultHttpResponse(decodeResult: success, version: HTTP/1.1)
HTTP/1.1 200 OK
Content-Type: application/json; charset=utf-8
cache-control: no-cache
content-length: 88

12:44:44.321 [AsyncHttpClient-1-11] DEBUG org.asynchttpclient.netty.channel.ChannelManager - Adding key: http://localhost:56101 for channel [id: 0x21a9efe3, L:/127.0.0.1:63272 - R:localhost/127.0.0.1:56101]
12:44:44.323 [Forwarding clearElement on session 2b35b9f01b136720b4f7c0f97ff77d1b to remote] DEBUG org.asynchttpclient.netty.request.NettyRequestSender - Using pooled Channel '[id: 0x21a9efe3, L:/127.0.0.1:63272 - R:localhost/127.0.0.1:56101]' for 'POST' to 'http://localhost:56101/session/2b35b9f01b136720b4f7c0f97ff77d1b/element/b0c6a3ae-6d5f-4ac7-9349-8f93842a4355/clear'
12:44:44.323 [Forwarding clearElement on session 2b35b9f01b136720b4f7c0f97ff77d1b to remote] DEBUG org.asynchttpclient.netty.request.NettyRequestSender - Using open Channel [id: 0x21a9efe3, L:/127.0.0.1:63272 - R:localhost/127.0.0.1:56101] for POST '/session/2b35b9f01b136720b4f7c0f97ff77d1b/element/b0c6a3ae-6d5f-4ac7-9349-8f93842a4355/clear'
12:44:44.364 [AsyncHttpClient-1-11] DEBUG org.asynchttpclient.netty.handler.HttpHandler - 

Request DefaultHttpRequest(decodeResult: success, version: HTTP/1.1)
POST /session/2b35b9f01b136720b4f7c0f97ff77d1b/element/b0c6a3ae-6d5f-4ac7-9349-8f93842a4355/clear HTTP/1.1
User-Agent: selenium/4.1.2 (java windows)
Content-Length: 50
Content-Type: application/json; charset=utf-8
host: localhost:56101
accept: */*

Response DefaultHttpResponse(decodeResult: success, version: HTTP/1.1)
HTTP/1.1 200 OK
Content-Type: application/json; charset=utf-8
cache-control: no-cache
content-length: 14

12:44:44.364 [AsyncHttpClient-1-11] DEBUG org.asynchttpclient.netty.channel.ChannelManager - Adding key: http://localhost:56101 for channel [id: 0x21a9efe3, L:/127.0.0.1:63272 - R:localhost/127.0.0.1:56101]
12:44:44.369 [Forwarding sendKeysToElement on session 2b35b9f01b136720b4f7c0f97ff77d1b to remote] DEBUG org.asynchttpclient.netty.request.NettyRequestSender - Using pooled Channel '[id: 0x21a9efe3, L:/127.0.0.1:63272 - R:localhost/127.0.0.1:56101]' for 'POST' to 'http://localhost:56101/session/2b35b9f01b136720b4f7c0f97ff77d1b/element/b0c6a3ae-6d5f-4ac7-9349-8f93842a4355/value'
12:44:44.369 [Forwarding sendKeysToElement on session 2b35b9f01b136720b4f7c0f97ff77d1b to remote] DEBUG org.asynchttpclient.netty.request.NettyRequestSender - Using open Channel [id: 0x21a9efe3, L:/127.0.0.1:63272 - R:localhost/127.0.0.1:56101] for POST '/session/2b35b9f01b136720b4f7c0f97ff77d1b/element/b0c6a3ae-6d5f-4ac7-9349-8f93842a4355/value'
12:44:44.494 [AsyncHttpClient-1-11] DEBUG org.asynchttpclient.netty.handler.HttpHandler - 

Request DefaultHttpRequest(decodeResult: success, version: HTTP/1.1)
POST /session/2b35b9f01b136720b4f7c0f97ff77d1b/element/b0c6a3ae-6d5f-4ac7-9349-8f93842a4355/value HTTP/1.1
User-Agent: selenium/4.1.2 (java windows)
Content-Length: 171
Content-Type: application/json; charset=utf-8
host: localhost:56101
accept: */*

Response DefaultHttpResponse(decodeResult: success, version: HTTP/1.1)
HTTP/1.1 200 OK
Content-Type: application/json; charset=utf-8
cache-control: no-cache
content-length: 14

12:44:44.494 [AsyncHttpClient-1-11] DEBUG org.asynchttpclient.netty.channel.ChannelManager - Adding key: http://localhost:56101 for channel [id: 0x21a9efe3, L:/127.0.0.1:63272 - R:localhost/127.0.0.1:56101]
12:44:44.506 [Forwarding screenshot on session 2b35b9f01b136720b4f7c0f97ff77d1b to remote] DEBUG org.asynchttpclient.netty.request.NettyRequestSender - Using pooled Channel '[id: 0x21a9efe3, L:/127.0.0.1:63272 - R:localhost/127.0.0.1:56101]' for 'GET' to 'http://localhost:56101/session/2b35b9f01b136720b4f7c0f97ff77d1b/screenshot'
12:44:44.506 [Forwarding screenshot on session 2b35b9f01b136720b4f7c0f97ff77d1b to remote] DEBUG org.asynchttpclient.netty.request.NettyRequestSender - Using open Channel [id: 0x21a9efe3, L:/127.0.0.1:63272 - R:localhost/127.0.0.1:56101] for GET '/session/2b35b9f01b136720b4f7c0f97ff77d1b/screenshot'
12:44:45.095 [AsyncHttpClient-1-1] DEBUG org.asynchttpclient.netty.channel.DefaultChannelPool - Entry count for : http://localhost:63273 : 1
12:44:45.115 [AsyncHttpClient-1-11] DEBUG org.asynchttpclient.netty.handler.HttpHandler - 

Request DefaultFullHttpRequest(decodeResult: success, version: HTTP/1.1, content: EmptyByteBufBE)
GET /session/2b35b9f01b136720b4f7c0f97ff77d1b/screenshot HTTP/1.1
User-Agent: selenium/4.1.2 (java windows)
Cache-Control: no-cache
Content-Type: application/json; charset=utf-8
host: localhost:56101
accept: */*

Response DefaultHttpResponse(decodeResult: success, version: HTTP/1.1)
HTTP/1.1 200 OK
Content-Type: application/json; charset=utf-8
cache-control: no-cache
content-length: 490956

12:44:45.119 [AsyncHttpClient-1-11] DEBUG org.asynchttpclient.netty.channel.ChannelManager - Adding key: http://localhost:56101 for channel [id: 0x21a9efe3, L:/127.0.0.1:63272 - R:localhost/127.0.0.1:56101]
12:44:45.149 [main] DEBUG net.serenitybdd.core.photography.Darkroom - Send negative for processing for target\site\serenity\7e8b5c3fb02e87857bb9b26caaa8635e3dfe1b57351e1f14551b3a237fc4e906.png
12:44:45.150 [main] DEBUG net.thucydides.core.steps.StepInterceptor - STEP DONE: wrongPassword
  &amp#27;[32mThen &amp#27;[0m&amp#27;[32mi input wrong password&amp#27;[0m                                             &amp#27;[90m# starter.stepdefinition.loginSteps.iInputWrongPassword()&amp#27;[0m
12:44:45.156 [Darkroom Processing Line] DEBUG net.serenitybdd.core.photography.DarkroomProcessingLine - Processing screenshot image in /var/screenshots/screenshot-16346515219615429939
12:44:45.156 [Darkroom Processing Line] DEBUG net.serenitybdd.core.photography.DarkroomProcessingLine - Saving screenshot to target\site\serenity\7e8b5c3fb02e87857bb9b26caaa8635e3dfe1b57351e1f14551b3a237fc4e906.png
12:44:45.192 [main] DEBUG net.thucydides.core.steps.StepInterceptor - STARTING STEP: loginSteps.clickLoginButton - clickLogin
12:44:45.215 [Forwarding findElement on session 2b35b9f01b136720b4f7c0f97ff77d1b to remote] DEBUG org.asynchttpclient.netty.request.NettyRequestSender - Using pooled Channel '[id: 0x21a9efe3, L:/127.0.0.1:63272 - R:localhost/127.0.0.1:56101]' for 'POST' to 'http://localhost:56101/session/2b35b9f01b136720b4f7c0f97ff77d1b/element'
12:44:45.215 [Forwarding findElement on session 2b35b9f01b136720b4f7c0f97ff77d1b to remote] DEBUG org.asynchttpclient.netty.request.NettyRequestSender - Using open Channel [id: 0x21a9efe3, L:/127.0.0.1:63272 - R:localhost/127.0.0.1:56101] for POST '/session/2b35b9f01b136720b4f7c0f97ff77d1b/element'
12:44:45.247 [AsyncHttpClient-1-11] DEBUG org.asynchttpclient.netty.handler.HttpHandler - 

Request DefaultHttpRequest(decodeResult: success, version: HTTP/1.1)
POST /session/2b35b9f01b136720b4f7c0f97ff77d1b/element HTTP/1.1
User-Agent: selenium/4.1.2 (java windows)
Content-Length: 74
Content-Type: application/json; charset=utf-8
host: localhost:56101
accept: */*

Response DefaultHttpResponse(decodeResult: success, version: HTTP/1.1)
HTTP/1.1 200 OK
Content-Type: application/json; charset=utf-8
cache-control: no-cache
content-length: 88

12:44:45.248 [AsyncHttpClient-1-11] DEBUG org.asynchttpclient.netty.channel.ChannelManager - Adding key: http://localhost:56101 for channel [id: 0x21a9efe3, L:/127.0.0.1:63272 - R:localhost/127.0.0.1:56101]
12:44:45.251 [Forwarding getElementTagName on session 2b35b9f01b136720b4f7c0f97ff77d1b to remote] DEBUG org.asynchttpclient.netty.request.NettyRequestSender - Using pooled Channel '[id: 0x21a9efe3, L:/127.0.0.1:63272 - R:localhost/127.0.0.1:56101]' for 'GET' to 'http://localhost:56101/session/2b35b9f01b136720b4f7c0f97ff77d1b/element/79190652-08c4-4871-8a9c-928f39872ae0/name'
12:44:45.251 [Forwarding getElementTagName on session 2b35b9f01b136720b4f7c0f97ff77d1b to remote] DEBUG org.asynchttpclient.netty.request.NettyRequestSender - Using open Channel [id: 0x21a9efe3, L:/127.0.0.1:63272 - R:localhost/127.0.0.1:56101] for GET '/session/2b35b9f01b136720b4f7c0f97ff77d1b/element/79190652-08c4-4871-8a9c-928f39872ae0/name'
12:44:45.261 [AsyncHttpClient-1-11] DEBUG org.asynchttpclient.netty.handler.HttpHandler - 

Request DefaultFullHttpRequest(decodeResult: success, version: HTTP/1.1, content: EmptyByteBufBE)
GET /session/2b35b9f01b136720b4f7c0f97ff77d1b/element/79190652-08c4-4871-8a9c-928f39872ae0/name HTTP/1.1
User-Agent: selenium/4.1.2 (java windows)
Cache-Control: no-cache
Content-Type: application/json; charset=utf-8
host: localhost:56101
accept: */*

Response DefaultHttpResponse(decodeResult: success, version: HTTP/1.1)
HTTP/1.1 200 OK
Content-Type: application/json; charset=utf-8
cache-control: no-cache
content-length: 13

12:44:45.262 [AsyncHttpClient-1-11] DEBUG org.asynchttpclient.netty.channel.ChannelManager - Adding key: http://localhost:56101 for channel [id: 0x21a9efe3, L:/127.0.0.1:63272 - R:localhost/127.0.0.1:56101]
12:44:45.266 [Forwarding getElementTagName on session 2b35b9f01b136720b4f7c0f97ff77d1b to remote] DEBUG org.asynchttpclient.netty.request.NettyRequestSender - Using pooled Channel '[id: 0x21a9efe3, L:/127.0.0.1:63272 - R:localhost/127.0.0.1:56101]' for 'GET' to 'http://localhost:56101/session/2b35b9f01b136720b4f7c0f97ff77d1b/element/79190652-08c4-4871-8a9c-928f39872ae0/name'
12:44:45.266 [Forwarding getElementTagName on session 2b35b9f01b136720b4f7c0f97ff77d1b to remote] DEBUG org.asynchttpclient.netty.request.NettyRequestSender - Using open Channel [id: 0x21a9efe3, L:/127.0.0.1:63272 - R:localhost/127.0.0.1:56101] for GET '/session/2b35b9f01b136720b4f7c0f97ff77d1b/element/79190652-08c4-4871-8a9c-928f39872ae0/name'
12:44:45.272 [AsyncHttpClient-1-11] DEBUG org.asynchttpclient.netty.handler.HttpHandler - 

Request DefaultFullHttpRequest(decodeResult: success, version: HTTP/1.1, content: EmptyByteBufBE)
GET /session/2b35b9f01b136720b4f7c0f97ff77d1b/element/79190652-08c4-4871-8a9c-928f39872ae0/name HTTP/1.1
User-Agent: selenium/4.1.2 (java windows)
Cache-Control: no-cache
Content-Type: application/json; charset=utf-8
host: localhost:56101
accept: */*

Response DefaultHttpResponse(decodeResult: success, version: HTTP/1.1)
HTTP/1.1 200 OK
Content-Type: application/json; charset=utf-8
cache-control: no-cache
content-length: 13

12:44:45.273 [AsyncHttpClient-1-11] DEBUG org.asynchttpclient.netty.channel.ChannelManager - Adding key: http://localhost:56101 for channel [id: 0x21a9efe3, L:/127.0.0.1:63272 - R:localhost/127.0.0.1:56101]
12:44:45.277 [Forwarding findElement on session 2b35b9f01b136720b4f7c0f97ff77d1b to remote] DEBUG org.asynchttpclient.netty.request.NettyRequestSender - Using pooled Channel '[id: 0x21a9efe3, L:/127.0.0.1:63272 - R:localhost/127.0.0.1:56101]' for 'POST' to 'http://localhost:56101/session/2b35b9f01b136720b4f7c0f97ff77d1b/element'
12:44:45.277 [Forwarding findElement on session 2b35b9f01b136720b4f7c0f97ff77d1b to remote] DEBUG org.asynchttpclient.netty.request.NettyRequestSender - Using open Channel [id: 0x21a9efe3, L:/127.0.0.1:63272 - R:localhost/127.0.0.1:56101] for POST '/session/2b35b9f01b136720b4f7c0f97ff77d1b/element'
12:44:45.294 [AsyncHttpClient-1-11] DEBUG org.asynchttpclient.netty.handler.HttpHandler - 

Request DefaultHttpRequest(decodeResult: success, version: HTTP/1.1)
POST /session/2b35b9f01b136720b4f7c0f97ff77d1b/element HTTP/1.1
User-Agent: selenium/4.1.2 (java windows)
Content-Length: 74
Content-Type: application/json; charset=utf-8
host: localhost:56101
accept: */*

Response DefaultHttpResponse(decodeResult: success, version: HTTP/1.1)
HTTP/1.1 200 OK
Content-Type: application/json; charset=utf-8
cache-control: no-cache
content-length: 88

12:44:45.294 [AsyncHttpClient-1-11] DEBUG org.asynchttpclient.netty.channel.ChannelManager - Adding key: http://localhost:56101 for channel [id: 0x21a9efe3, L:/127.0.0.1:63272 - R:localhost/127.0.0.1:56101]
12:44:45.297 [Forwarding clickElement on session 2b35b9f01b136720b4f7c0f97ff77d1b to remote] DEBUG org.asynchttpclient.netty.request.NettyRequestSender - Using pooled Channel '[id: 0x21a9efe3, L:/127.0.0.1:63272 - R:localhost/127.0.0.1:56101]' for 'POST' to 'http://localhost:56101/session/2b35b9f01b136720b4f7c0f97ff77d1b/element/79190652-08c4-4871-8a9c-928f39872ae0/click'
12:44:45.297 [Forwarding clickElement on session 2b35b9f01b136720b4f7c0f97ff77d1b to remote] DEBUG org.asynchttpclient.netty.request.NettyRequestSender - Using open Channel [id: 0x21a9efe3, L:/127.0.0.1:63272 - R:localhost/127.0.0.1:56101] for POST '/session/2b35b9f01b136720b4f7c0f97ff77d1b/element/79190652-08c4-4871-8a9c-928f39872ae0/click'
12:44:45.428 [AsyncHttpClient-1-11] DEBUG org.asynchttpclient.netty.handler.HttpHandler - 

Request DefaultHttpRequest(decodeResult: success, version: HTTP/1.1)
POST /session/2b35b9f01b136720b4f7c0f97ff77d1b/element/79190652-08c4-4871-8a9c-928f39872ae0/click HTTP/1.1
User-Agent: selenium/4.1.2 (java windows)
Content-Length: 50
Content-Type: application/json; charset=utf-8
host: localhost:56101
accept: */*

Response DefaultHttpResponse(decodeResult: success, version: HTTP/1.1)
HTTP/1.1 200 OK
Content-Type: application/json; charset=utf-8
cache-control: no-cache
content-length: 14

12:44:45.429 [AsyncHttpClient-1-11] DEBUG org.asynchttpclient.netty.channel.ChannelManager - Adding key: http://localhost:56101 for channel [id: 0x21a9efe3, L:/127.0.0.1:63272 - R:localhost/127.0.0.1:56101]
12:44:45.444 [Forwarding findElement on session 2b35b9f01b136720b4f7c0f97ff77d1b to remote] DEBUG org.asynchttpclient.netty.request.NettyRequestSender - Using pooled Channel '[id: 0x21a9efe3, L:/127.0.0.1:63272 - R:localhost/127.0.0.1:56101]' for 'POST' to 'http://localhost:56101/session/2b35b9f01b136720b4f7c0f97ff77d1b/element'
12:44:45.445 [Forwarding findElement on session 2b35b9f01b136720b4f7c0f97ff77d1b to remote] DEBUG org.asynchttpclient.netty.request.NettyRequestSender - Using open Channel [id: 0x21a9efe3, L:/127.0.0.1:63272 - R:localhost/127.0.0.1:56101] for POST '/session/2b35b9f01b136720b4f7c0f97ff77d1b/element'
12:44:45.473 [AsyncHttpClient-1-11] DEBUG org.asynchttpclient.netty.handler.HttpHandler - 

Request DefaultHttpRequest(decodeResult: success, version: HTTP/1.1)
POST /session/2b35b9f01b136720b4f7c0f97ff77d1b/element HTTP/1.1
User-Agent: selenium/4.1.2 (java windows)
Content-Length: 50
Content-Type: application/json; charset=utf-8
host: localhost:56101
accept: */*

Response DefaultHttpResponse(decodeResult: success, version: HTTP/1.1)
HTTP/1.1 200 OK
Content-Type: application/json; charset=utf-8
cache-control: no-cache
content-length: 88

12:44:45.473 [AsyncHttpClient-1-11] DEBUG org.asynchttpclient.netty.channel.ChannelManager - Adding key: http://localhost:56101 for channel [id: 0x21a9efe3, L:/127.0.0.1:63272 - R:localhost/127.0.0.1:56101]
12:44:45.477 [Forwarding getElementTagName on session 2b35b9f01b136720b4f7c0f97ff77d1b to remote] DEBUG org.asynchttpclient.netty.request.NettyRequestSender - Using pooled Channel '[id: 0x21a9efe3, L:/127.0.0.1:63272 - R:localhost/127.0.0.1:56101]' for 'GET' to 'http://localhost:56101/session/2b35b9f01b136720b4f7c0f97ff77d1b/element/e67fab2f-ab14-4715-8f6c-380fbe20a27c/name'
12:44:45.477 [Forwarding getElementTagName on session 2b35b9f01b136720b4f7c0f97ff77d1b to remote] DEBUG org.asynchttpclient.netty.request.NettyRequestSender - Using open Channel [id: 0x21a9efe3, L:/127.0.0.1:63272 - R:localhost/127.0.0.1:56101] for GET '/session/2b35b9f01b136720b4f7c0f97ff77d1b/element/e67fab2f-ab14-4715-8f6c-380fbe20a27c/name'
12:44:45.491 [AsyncHttpClient-1-11] DEBUG org.asynchttpclient.netty.handler.HttpHandler - 

Request DefaultFullHttpRequest(decodeResult: success, version: HTTP/1.1, content: EmptyByteBufBE)
GET /session/2b35b9f01b136720b4f7c0f97ff77d1b/element/e67fab2f-ab14-4715-8f6c-380fbe20a27c/name HTTP/1.1
User-Agent: selenium/4.1.2 (java windows)
Cache-Control: no-cache
Content-Type: application/json; charset=utf-8
host: localhost:56101
accept: */*

Response DefaultHttpResponse(decodeResult: success, version: HTTP/1.1)
HTTP/1.1 200 OK
Content-Type: application/json; charset=utf-8
cache-control: no-cache
content-length: 18

12:44:45.491 [AsyncHttpClient-1-11] DEBUG org.asynchttpclient.netty.channel.ChannelManager - Adding key: http://localhost:56101 for channel [id: 0x21a9efe3, L:/127.0.0.1:63272 - R:localhost/127.0.0.1:56101]
12:44:45.494 [Forwarding getElementTagName on session 2b35b9f01b136720b4f7c0f97ff77d1b to remote] DEBUG org.asynchttpclient.netty.request.NettyRequestSender - Using pooled Channel '[id: 0x21a9efe3, L:/127.0.0.1:63272 - R:localhost/127.0.0.1:56101]' for 'GET' to 'http://localhost:56101/session/2b35b9f01b136720b4f7c0f97ff77d1b/element/e67fab2f-ab14-4715-8f6c-380fbe20a27c/name'
12:44:45.494 [Forwarding getElementTagName on session 2b35b9f01b136720b4f7c0f97ff77d1b to remote] DEBUG org.asynchttpclient.netty.request.NettyRequestSender - Using open Channel [id: 0x21a9efe3, L:/127.0.0.1:63272 - R:localhost/127.0.0.1:56101] for GET '/session/2b35b9f01b136720b4f7c0f97ff77d1b/element/e67fab2f-ab14-4715-8f6c-380fbe20a27c/name'
12:44:45.504 [AsyncHttpClient-1-11] DEBUG org.asynchttpclient.netty.handler.HttpHandler - 

Request DefaultFullHttpRequest(decodeResult: success, version: HTTP/1.1, content: EmptyByteBufBE)
GET /session/2b35b9f01b136720b4f7c0f97ff77d1b/element/e67fab2f-ab14-4715-8f6c-380fbe20a27c/name HTTP/1.1
User-Agent: selenium/4.1.2 (java windows)
Cache-Control: no-cache
Content-Type: application/json; charset=utf-8
host: localhost:56101
accept: */*

Response DefaultHttpResponse(decodeResult: success, version: HTTP/1.1)
HTTP/1.1 200 OK
Content-Type: application/json; charset=utf-8
cache-control: no-cache
content-length: 18

12:44:45.505 [AsyncHttpClient-1-11] DEBUG org.asynchttpclient.netty.channel.ChannelManager - Adding key: http://localhost:56101 for channel [id: 0x21a9efe3, L:/127.0.0.1:63272 - R:localhost/127.0.0.1:56101]
12:44:45.510 [Forwarding isElementEnabled on session 2b35b9f01b136720b4f7c0f97ff77d1b to remote] DEBUG org.asynchttpclient.netty.request.NettyRequestSender - Using pooled Channel '[id: 0x21a9efe3, L:/127.0.0.1:63272 - R:localhost/127.0.0.1:56101]' for 'GET' to 'http://localhost:56101/session/2b35b9f01b136720b4f7c0f97ff77d1b/element/e67fab2f-ab14-4715-8f6c-380fbe20a27c/enabled'
12:44:45.510 [Forwarding isElementEnabled on session 2b35b9f01b136720b4f7c0f97ff77d1b to remote] DEBUG org.asynchttpclient.netty.request.NettyRequestSender - Using open Channel [id: 0x21a9efe3, L:/127.0.0.1:63272 - R:localhost/127.0.0.1:56101] for GET '/session/2b35b9f01b136720b4f7c0f97ff77d1b/element/e67fab2f-ab14-4715-8f6c-380fbe20a27c/enabled'
12:44:45.545 [AsyncHttpClient-1-11] DEBUG org.asynchttpclient.netty.handler.HttpHandler - 

Request DefaultFullHttpRequest(decodeResult: success, version: HTTP/1.1, content: EmptyByteBufBE)
GET /session/2b35b9f01b136720b4f7c0f97ff77d1b/element/e67fab2f-ab14-4715-8f6c-380fbe20a27c/enabled HTTP/1.1
User-Agent: selenium/4.1.2 (java windows)
Cache-Control: no-cache
Content-Type: application/json; charset=utf-8
host: localhost:56101
accept: */*

Response DefaultHttpResponse(decodeResult: success, version: HTTP/1.1)
HTTP/1.1 200 OK
Content-Type: application/json; charset=utf-8
cache-control: no-cache
content-length: 14

12:44:45.546 [AsyncHttpClient-1-11] DEBUG org.asynchttpclient.netty.channel.ChannelManager - Adding key: http://localhost:56101 for channel [id: 0x21a9efe3, L:/127.0.0.1:63272 - R:localhost/127.0.0.1:56101]
12:44:45.550 [Forwarding isElementEnabled on session 2b35b9f01b136720b4f7c0f97ff77d1b to remote] DEBUG org.asynchttpclient.netty.request.NettyRequestSender - Using pooled Channel '[id: 0x21a9efe3, L:/127.0.0.1:63272 - R:localhost/127.0.0.1:56101]' for 'GET' to 'http://localhost:56101/session/2b35b9f01b136720b4f7c0f97ff77d1b/element/e67fab2f-ab14-4715-8f6c-380fbe20a27c/enabled'
12:44:45.550 [Forwarding isElementEnabled on session 2b35b9f01b136720b4f7c0f97ff77d1b to remote] DEBUG org.asynchttpclient.netty.request.NettyRequestSender - Using open Channel [id: 0x21a9efe3, L:/127.0.0.1:63272 - R:localhost/127.0.0.1:56101] for GET '/session/2b35b9f01b136720b4f7c0f97ff77d1b/element/e67fab2f-ab14-4715-8f6c-380fbe20a27c/enabled'
12:44:45.574 [AsyncHttpClient-1-11] DEBUG org.asynchttpclient.netty.handler.HttpHandler - 

Request DefaultFullHttpRequest(decodeResult: success, version: HTTP/1.1, content: EmptyByteBufBE)
GET /session/2b35b9f01b136720b4f7c0f97ff77d1b/element/e67fab2f-ab14-4715-8f6c-380fbe20a27c/enabled HTTP/1.1
User-Agent: selenium/4.1.2 (java windows)
Cache-Control: no-cache
Content-Type: application/json; charset=utf-8
host: localhost:56101
accept: */*

Response DefaultHttpResponse(decodeResult: success, version: HTTP/1.1)
HTTP/1.1 200 OK
Content-Type: application/json; charset=utf-8
cache-control: no-cache
content-length: 14

12:44:45.574 [AsyncHttpClient-1-11] DEBUG org.asynchttpclient.netty.channel.ChannelManager - Adding key: http://localhost:56101 for channel [id: 0x21a9efe3, L:/127.0.0.1:63272 - R:localhost/127.0.0.1:56101]
12:44:45.579 [Forwarding findElement on session 2b35b9f01b136720b4f7c0f97ff77d1b to remote] DEBUG org.asynchttpclient.netty.request.NettyRequestSender - Using pooled Channel '[id: 0x21a9efe3, L:/127.0.0.1:63272 - R:localhost/127.0.0.1:56101]' for 'POST' to 'http://localhost:56101/session/2b35b9f01b136720b4f7c0f97ff77d1b/element'
12:44:45.580 [Forwarding findElement on session 2b35b9f01b136720b4f7c0f97ff77d1b to remote] DEBUG org.asynchttpclient.netty.request.NettyRequestSender - Using open Channel [id: 0x21a9efe3, L:/127.0.0.1:63272 - R:localhost/127.0.0.1:56101] for POST '/session/2b35b9f01b136720b4f7c0f97ff77d1b/element'
12:44:45.598 [AsyncHttpClient-1-11] DEBUG org.asynchttpclient.netty.handler.HttpHandler - 

Request DefaultHttpRequest(decodeResult: success, version: HTTP/1.1)
POST /session/2b35b9f01b136720b4f7c0f97ff77d1b/element HTTP/1.1
User-Agent: selenium/4.1.2 (java windows)
Content-Length: 50
Content-Type: application/json; charset=utf-8
host: localhost:56101
accept: */*

Response DefaultHttpResponse(decodeResult: success, version: HTTP/1.1)
HTTP/1.1 200 OK
Content-Type: application/json; charset=utf-8
cache-control: no-cache
content-length: 88

12:44:45.598 [AsyncHttpClient-1-11] DEBUG org.asynchttpclient.netty.channel.ChannelManager - Adding key: http://localhost:56101 for channel [id: 0x21a9efe3, L:/127.0.0.1:63272 - R:localhost/127.0.0.1:56101]
12:44:45.602 [Forwarding clickElement on session 2b35b9f01b136720b4f7c0f97ff77d1b to remote] DEBUG org.asynchttpclient.netty.request.NettyRequestSender - Using pooled Channel '[id: 0x21a9efe3, L:/127.0.0.1:63272 - R:localhost/127.0.0.1:56101]' for 'POST' to 'http://localhost:56101/session/2b35b9f01b136720b4f7c0f97ff77d1b/element/e67fab2f-ab14-4715-8f6c-380fbe20a27c/click'
12:44:45.602 [Forwarding clickElement on session 2b35b9f01b136720b4f7c0f97ff77d1b to remote] DEBUG org.asynchttpclient.netty.request.NettyRequestSender - Using open Channel [id: 0x21a9efe3, L:/127.0.0.1:63272 - R:localhost/127.0.0.1:56101] for POST '/session/2b35b9f01b136720b4f7c0f97ff77d1b/element/e67fab2f-ab14-4715-8f6c-380fbe20a27c/click'
12:44:45.692 [AsyncHttpClient-1-11] DEBUG org.asynchttpclient.netty.handler.HttpHandler - 

Request DefaultHttpRequest(decodeResult: success, version: HTTP/1.1)
POST /session/2b35b9f01b136720b4f7c0f97ff77d1b/element/e67fab2f-ab14-4715-8f6c-380fbe20a27c/click HTTP/1.1
User-Agent: selenium/4.1.2 (java windows)
Content-Length: 50
Content-Type: application/json; charset=utf-8
host: localhost:56101
accept: */*

Response DefaultHttpResponse(decodeResult: success, version: HTTP/1.1)
HTTP/1.1 200 OK
Content-Type: application/json; charset=utf-8
cache-control: no-cache
content-length: 14

12:44:45.692 [AsyncHttpClient-1-11] DEBUG org.asynchttpclient.netty.channel.ChannelManager - Adding key: http://localhost:56101 for channel [id: 0x21a9efe3, L:/127.0.0.1:63272 - R:localhost/127.0.0.1:56101]
12:44:45.704 [Forwarding screenshot on session 2b35b9f01b136720b4f7c0f97ff77d1b to remote] DEBUG org.asynchttpclient.netty.request.NettyRequestSender - Using pooled Channel '[id: 0x21a9efe3, L:/127.0.0.1:63272 - R:localhost/127.0.0.1:56101]' for 'GET' to 'http://localhost:56101/session/2b35b9f01b136720b4f7c0f97ff77d1b/screenshot'
12:44:45.705 [Forwarding screenshot on session 2b35b9f01b136720b4f7c0f97ff77d1b to remote] DEBUG org.asynchttpclient.netty.request.NettyRequestSender - Using open Channel [id: 0x21a9efe3, L:/127.0.0.1:63272 - R:localhost/127.0.0.1:56101] for GET '/session/2b35b9f01b136720b4f7c0f97ff77d1b/screenshot'
12:44:46.195 [AsyncHttpClient-1-1] DEBUG org.asynchttpclient.netty.channel.DefaultChannelPool - Entry count for : http://localhost:63273 : 1
12:44:46.245 [AsyncHttpClient-1-11] DEBUG org.asynchttpclient.netty.handler.HttpHandler - 

Request DefaultFullHttpRequest(decodeResult: success, version: HTTP/1.1, content: EmptyByteBufBE)
GET /session/2b35b9f01b136720b4f7c0f97ff77d1b/screenshot HTTP/1.1
User-Agent: selenium/4.1.2 (java windows)
Cache-Control: no-cache
Content-Type: application/json; charset=utf-8
host: localhost:56101
accept: */*

Response DefaultHttpResponse(decodeResult: success, version: HTTP/1.1)
HTTP/1.1 200 OK
Content-Type: application/json; charset=utf-8
cache-control: no-cache
content-length: 287308

12:44:46.249 [AsyncHttpClient-1-11] DEBUG org.asynchttpclient.netty.channel.ChannelManager - Adding key: http://localhost:56101 for channel [id: 0x21a9efe3, L:/127.0.0.1:63272 - R:localhost/127.0.0.1:56101]
12:44:46.269 [main] DEBUG net.serenitybdd.core.photography.Darkroom - Send negative for processing for target\site\serenity\d65dd0b3eafc65dda0775e2b7d7bac25c81ba49e01927a21093d48ac6b1db5f6.png
12:44:46.269 [main] DEBUG net.thucydides.core.steps.StepInterceptor - STEP DONE: clickLogin
  &amp#27;[32mAnd &amp#27;[0m&amp#27;[32mclick login button&amp#27;[0m                                                  &amp#27;[90m# starter.stepdefinition.loginSteps.clickLoginButton()&amp#27;[0m
12:44:46.313 [main] DEBUG net.thucydides.core.steps.StepInterceptor - STARTING STEP: loginSteps.iHaveErrorMessage - errorMessageAlert
12:44:46.322 [Forwarding findElement on session 2b35b9f01b136720b4f7c0f97ff77d1b to remote] DEBUG org.asynchttpclient.netty.request.NettyRequestSender - Using pooled Channel '[id: 0x21a9efe3, L:/127.0.0.1:63272 - R:localhost/127.0.0.1:56101]' for 'POST' to 'http://localhost:56101/session/2b35b9f01b136720b4f7c0f97ff77d1b/element'
12:44:46.322 [Forwarding findElement on session 2b35b9f01b136720b4f7c0f97ff77d1b to remote] DEBUG org.asynchttpclient.netty.request.NettyRequestSender - Using open Channel [id: 0x21a9efe3, L:/127.0.0.1:63272 - R:localhost/127.0.0.1:56101] for POST '/session/2b35b9f01b136720b4f7c0f97ff77d1b/element'
12:44:46.359 [AsyncHttpClient-1-11] DEBUG org.asynchttpclient.netty.handler.HttpHandler - 

Request DefaultHttpRequest(decodeResult: success, version: HTTP/1.1)
POST /session/2b35b9f01b136720b4f7c0f97ff77d1b/element HTTP/1.1
User-Agent: selenium/4.1.2 (java windows)
Content-Length: 49
Content-Type: application/json; charset=utf-8
host: localhost:56101
accept: */*

Response DefaultHttpResponse(decodeResult: success, version: HTTP/1.1)
HTTP/1.1 200 OK
Content-Type: application/json; charset=utf-8
cache-control: no-cache
content-length: 88

12:44:46.359 [AsyncHttpClient-1-11] DEBUG org.asynchttpclient.netty.channel.ChannelManager - Adding key: http://localhost:56101 for channel [id: 0x21a9efe3, L:/127.0.0.1:63272 - R:localhost/127.0.0.1:56101]
12:44:46.362 [Forwarding getElementText on session 2b35b9f01b136720b4f7c0f97ff77d1b to remote] DEBUG org.asynchttpclient.netty.request.NettyRequestSender - Using pooled Channel '[id: 0x21a9efe3, L:/127.0.0.1:63272 - R:localhost/127.0.0.1:56101]' for 'GET' to 'http://localhost:56101/session/2b35b9f01b136720b4f7c0f97ff77d1b/element/a367dc20-9ae6-4a3f-80b1-e936b136b8c6/text'
12:44:46.362 [Forwarding getElementText on session 2b35b9f01b136720b4f7c0f97ff77d1b to remote] DEBUG org.asynchttpclient.netty.request.NettyRequestSender - Using open Channel [id: 0x21a9efe3, L:/127.0.0.1:63272 - R:localhost/127.0.0.1:56101] for GET '/session/2b35b9f01b136720b4f7c0f97ff77d1b/element/a367dc20-9ae6-4a3f-80b1-e936b136b8c6/text'
12:44:46.413 [AsyncHttpClient-1-11] DEBUG org.asynchttpclient.netty.handler.HttpHandler - 

Request DefaultFullHttpRequest(decodeResult: success, version: HTTP/1.1, content: EmptyByteBufBE)
GET /session/2b35b9f01b136720b4f7c0f97ff77d1b/element/a367dc20-9ae6-4a3f-80b1-e936b136b8c6/text HTTP/1.1
User-Agent: selenium/4.1.2 (java windows)
Cache-Control: no-cache
Content-Type: application/json; charset=utf-8
host: localhost:56101
accept: */*

Response DefaultHttpResponse(decodeResult: success, version: HTTP/1.1)
HTTP/1.1 200 OK
Content-Type: application/json; charset=utf-8
cache-control: no-cache
content-length: 41

12:44:46.413 [AsyncHttpClient-1-11] DEBUG org.asynchttpclient.netty.channel.ChannelManager - Adding key: http://localhost:56101 for channel [id: 0x21a9efe3, L:/127.0.0.1:63272 - R:localhost/127.0.0.1:56101]
12:44:46.430 [Forwarding screenshot on session 2b35b9f01b136720b4f7c0f97ff77d1b to remote] DEBUG org.asynchttpclient.netty.request.NettyRequestSender - Using pooled Channel '[id: 0x21a9efe3, L:/127.0.0.1:63272 - R:localhost/127.0.0.1:56101]' for 'GET' to 'http://localhost:56101/session/2b35b9f01b136720b4f7c0f97ff77d1b/screenshot'
12:44:46.430 [Forwarding screenshot on session 2b35b9f01b136720b4f7c0f97ff77d1b to remote] DEBUG org.asynchttpclient.netty.request.NettyRequestSender - Using open Channel [id: 0x21a9efe3, L:/127.0.0.1:63272 - R:localhost/127.0.0.1:56101] for GET '/session/2b35b9f01b136720b4f7c0f97ff77d1b/screenshot'
12:44:46.728 [AsyncHttpClient-1-11] DEBUG org.asynchttpclient.netty.handler.HttpHandler - 

Request DefaultFullHttpRequest(decodeResult: success, version: HTTP/1.1, content: EmptyByteBufBE)
GET /session/2b35b9f01b136720b4f7c0f97ff77d1b/screenshot HTTP/1.1
User-Agent: selenium/4.1.2 (java windows)
Cache-Control: no-cache
Content-Type: application/json; charset=utf-8
host: localhost:56101
accept: */*

Response DefaultHttpResponse(decodeResult: success, version: HTTP/1.1)
HTTP/1.1 200 OK
Content-Type: application/json; charset=utf-8
cache-control: no-cache
content-length: 312036

12:44:46.730 [AsyncHttpClient-1-11] DEBUG org.asynchttpclient.netty.channel.ChannelManager - Adding key: http://localhost:56101 for channel [id: 0x21a9efe3, L:/127.0.0.1:63272 - R:localhost/127.0.0.1:56101]
12:44:46.741 [main] DEBUG net.serenitybdd.core.photography.Darkroom - Send negative for processing for target\site\serenity\b0e0a597a3840915eb4b4703d72913f4774aeddcd94fea4d3b6874a22bb81233.png
12:44:46.742 [main] DEBUG net.thucydides.core.steps.StepInterceptor - STEP DONE: errorMessageAlert
  &amp#27;[32mThen &amp#27;[0m&amp#27;[32mi have error message&amp#27;[0m                                               &amp#27;[90m# starter.stepdefinition.loginSteps.iHaveErrorMessage()&amp#27;[0m
12:44:46.742 [Darkroom Processing Line] DEBUG net.serenitybdd.core.photography.DarkroomProcessingLine - Processing screenshot image in /var/screenshots/screenshot-16783183706926094970
12:44:46.743 [Darkroom Processing Line] DEBUG net.serenitybdd.core.photography.DarkroomProcessingLine - Saving screenshot to target\site\serenity\b0e0a597a3840915eb4b4703d72913f4774aeddcd94fea4d3b6874a22bb81233.png
12:44:46.753 [main] INFO  - 
  _____   ___   ___   _____     ___     _     ___   ___   ___   ___  
 |_   _| | __| / __| |_   _|   | _ \   /_\   / __| / __| | __| |   \ 
   | |   | _|  \__ \   | |     |  _/  / _ \  \__ \ \__ \ | _|  | |) |
   |_|   |___| |___/   |_|     |_|   /_/ \_\ |___/ |___/ |___| |___/ 

As a user i cannot login with wrong password and wrong username
----------------------------------------------------------------------
12:44:46.755 [AsyncHttpClient-1-13] DEBUG org.asynchttpclient.netty.handler.WebSocketHandler - Channel Closed: [id: 0x36913ec1, L:/127.0.0.1:63282 ! R:localhost/127.0.0.1:63273] with attribute NettyResponseFuture{currentRetry=5,
	isDone=1,
	isCancelled=0,
	asyncHandler=org.asynchttpclient.ws.WebSocketUpgradeHandler@65f9d451,
	nettyRequest=org.asynchttpclient.netty.request.NettyRequest@20fb568a,
	future=java.util.concurrent.CompletableFuture@42e11d03[Completed normally],
	uri=ws://localhost:63273/devtools/browser/e41f0b01-3d4b-4435-bccb-7a1da3a42cad,
	keepAlive=true,
	redirectCount=0,
	timeoutsHolder=null,
	inAuth=0,
	touch=1648619073953}
12:44:46.755 [AsyncHttpClient-1-13] DEBUG org.asynchttpclient.netty.channel.ChannelManager - Closing Channel [id: 0x36913ec1, L:/127.0.0.1:63282 ! R:localhost/127.0.0.1:63273] 
12:44:46.758 [Driver Command Executor] DEBUG org.asynchttpclient.netty.request.NettyRequestSender - Using pooled Channel '[id: 0x21a9efe3, L:/127.0.0.1:63272 - R:localhost/127.0.0.1:56101]' for 'DELETE' to 'http://localhost:56101/session/2b35b9f01b136720b4f7c0f97ff77d1b'
12:44:46.758 [Driver Command Executor] DEBUG org.asynchttpclient.netty.request.NettyRequestSender - Using open Channel [id: 0x21a9efe3, L:/127.0.0.1:63272 - R:localhost/127.0.0.1:56101] for DELETE '/session/2b35b9f01b136720b4f7c0f97ff77d1b'
12:44:46.989 [AsyncHttpClient-1-12] DEBUG org.asynchttpclient.netty.handler.HttpHandler - Unexpected I/O exception on channel [id: 0x3cb1c912, L:/127.0.0.1:63281 - R:localhost/127.0.0.1:63273]
java.net.SocketException: Connection reset
	at java.base/sun.nio.ch.SocketChannelImpl.throwConnectionReset(SocketChannelImpl.java:367)
	at java.base/sun.nio.ch.SocketChannelImpl.read(SocketChannelImpl.java:398)
	at io.netty.buffer.PooledByteBuf.setBytes(PooledByteBuf.java:258)
	at io.netty.buffer.AbstractByteBuf.writeBytes(AbstractByteBuf.java:1132)
	at io.netty.channel.socket.nio.NioSocketChannel.doReadBytes(NioSocketChannel.java:350)
	at io.netty.channel.nio.AbstractNioByteChannel$NioByteUnsafe.read(AbstractNioByteChannel.java:151)
	at io.netty.channel.nio.NioEventLoop.processSelectedKey(NioEventLoop.java:722)
	at io.netty.channel.nio.NioEventLoop.processSelectedKeysOptimized(NioEventLoop.java:658)
	at io.netty.channel.nio.NioEventLoop.processSelectedKeys(NioEventLoop.java:584)
	at io.netty.channel.nio.NioEventLoop.run(NioEventLoop.java:496)
	at io.netty.util.concurrent.SingleThreadEventExecutor$4.run(SingleThreadEventExecutor.java:986)
	at io.netty.util.internal.ThreadExecutorMap$2.run(ThreadExecutorMap.java:74)
	at io.netty.util.concurrent.FastThreadLocalRunnable.run(FastThreadLocalRunnable.java:30)
	at java.base/java.lang.Thread.run(Thread.java:832)
12:44:46.989 [AsyncHttpClient-1-12] DEBUG org.asynchttpclient.netty.channel.ChannelManager - Closing Channel [id: 0x3cb1c912, L:/127.0.0.1:63281 - R:localhost/127.0.0.1:63273] 
12:44:46.990 [AsyncHttpClient-1-12] DEBUG org.asynchttpclient.netty.handler.HttpHandler - Channel Closed: [id: 0x3cb1c912, L:/127.0.0.1:63281 ! R:localhost/127.0.0.1:63273] with attribute DISCARD
12:44:47.040 [AsyncHttpClient-1-11] DEBUG org.asynchttpclient.netty.handler.HttpHandler - 

Request DefaultFullHttpRequest(decodeResult: success, version: HTTP/1.1, content: EmptyByteBufBE)
DELETE /session/2b35b9f01b136720b4f7c0f97ff77d1b HTTP/1.1
User-Agent: selenium/4.1.2 (java windows)
Content-Type: application/json; charset=utf-8
host: localhost:56101
accept: */*

Response DefaultHttpResponse(decodeResult: success, version: HTTP/1.1)
HTTP/1.1 200 OK
Content-Type: application/json; charset=utf-8
cache-control: no-cache
content-length: 14

12:44:47.040 [AsyncHttpClient-1-11] DEBUG org.asynchttpclient.netty.channel.ChannelManager - Adding key: http://localhost:56101 for channel [id: 0x21a9efe3, L:/127.0.0.1:63272 - R:localhost/127.0.0.1:56101]
12:44:47.283 [AsyncHttpClient-1-11] DEBUG org.asynchttpclient.netty.handler.HttpHandler - Channel Closed: [id: 0x21a9efe3, L:/127.0.0.1:63272 ! R:localhost/127.0.0.1:56101] with attribute DISCARD
12:44:47.295 [AsyncHttpClient-1-1] DEBUG org.asynchttpclient.netty.channel.DefaultChannelPool - Entry count for : http://localhost:63273 : 1
12:44:47.295 [AsyncHttpClient-1-1] DEBUG org.asynchttpclient.netty.channel.DefaultChannelPool - Entry count for : http://localhost:56101 : 1
12:44:47.295 [AsyncHttpClient-1-1] DEBUG org.asynchttpclient.netty.channel.DefaultChannelPool - Adding Candidate expired Channel [id: 0x3cb1c912, L:/127.0.0.1:63281 ! R:localhost/127.0.0.1:63273] isIdleTimeoutExpired=false isRemotelyClosed=true isTtlExpired=false
12:44:47.295 [AsyncHttpClient-1-1] DEBUG org.asynchttpclient.netty.channel.DefaultChannelPool - Closing Idle Channel [id: 0x3cb1c912, L:/127.0.0.1:63281 ! R:localhost/127.0.0.1:63273]
12:44:47.295 [AsyncHttpClient-1-1] DEBUG org.asynchttpclient.netty.channel.DefaultChannelPool - Adding Candidate expired Channel [id: 0x21a9efe3, L:/127.0.0.1:63272 ! R:localhost/127.0.0.1:56101] isIdleTimeoutExpired=false isRemotelyClosed=true isTtlExpired=false
12:44:47.295 [AsyncHttpClient-1-1] DEBUG org.asynchttpclient.netty.channel.DefaultChannelPool - Closing Idle Channel [id: 0x21a9efe3, L:/127.0.0.1:63272 ! R:localhost/127.0.0.1:56101]
12:44:47.295 [AsyncHttpClient-1-1] DEBUG org.asynchttpclient.netty.channel.DefaultChannelPool - Closed 2 connections out of 2 in 0 ms
]]></system-out>
    <system-err><![CDATA[Starting ChromeDriver 99.0.4844.51 (d537ec02474b5afe23684e7963d538896c63ac77-refs/branch-heads/4844@{#875}) on port 56101
Only local connections are allowed.
Please see https://chromedriver.chromium.org/security-considerations for suggestions on keeping ChromeDriver safe.
ChromeDriver was started successfully.
Mar 30, 2022 12:44:33 PM org.openqa.selenium.remote.ProtocolHandshake createSession
INFO: Detected dialect: W3C
Mar 30, 2022 12:44:33 PM org.openqa.selenium.devtools.CdpVersionFinder findNearestMatch
WARNING: Unable to find an exact match for CDP version 99, so returning the closest version found: 97
Mar 30, 2022 12:44:33 PM org.openqa.selenium.devtools.CdpVersionFinder findNearestMatch
INFO: Found CDP implementation for version 99 of 97
]]></system-err>
  </testcase>
  <testcase name="As a user i cannot login with null password" classname="Login" time="20.543">
    <system-out><![CDATA[
Scenario: As a user i cannot login with null password &amp#27;[90m# src/test/resources/features/login.feature:35&amp#27;[0m
12:44:47.807 [main] INFO io.cucumber.core.plugin.SerenityReporter - Running feature from file:///D:/PERKULIAHAN/Semester%206,Hebatt%20glad!/Altera/New%20folder/Serenity_Gladys/src/test/resources/features/login.feature
12:44:47.810 [main] INFO  - 
  _____   ___   ___   _____     ___   _____     _     ___   _____   ___   ___  
 |_   _| | __| / __| |_   _|   / __| |_   _|   /_\   | _ \ |_   _| | __| |   \ 
   | |   | _|  \__ \   | |     \__ \   | |    / _ \  |   /   | |   | _|  | |) |
   |_|   |___| |___/   |_|     |___/   |_|   /_/ \_\ |_|_\   |_|   |___| |___/ 

As a user i cannot login with null password(login;as-a-user-i-cannot-login-with-null-password)
--------------------------------------------------------------------------------
12:44:47.835 [main] DEBUG net.thucydides.core.steps.StepInterceptor - STARTING STEP: loginSteps.iAmInTheLoginPage - openUrl
12:44:47.836 [main] INFO net.serenitybdd.core.webdriver.driverproviders.ChromeDriverProvider - Using automatically driver download
12:44:47.969 [main] DEBUG io.github.bonigarcia.wdm.cache.ResolutionCache - Resolution chrome=99 in cache (valid until 13:34:24 30/03/2022 WIB)
12:44:47.977 [main] DEBUG io.github.bonigarcia.wdm.cache.ResolutionCache - Resolution chrome99=99.0.4844.51 in cache (valid until 13:36:02 30/03/2022 WIB)
12:44:47.980 [main] INFO io.github.bonigarcia.wdm.WebDriverManager - Using chromedriver 99.0.4844.51 (resolved driver for Chrome 99)
12:44:47.995 [main] DEBUG io.github.bonigarcia.wdm.WebDriverManager - Driver chromedriver 99.0.4844.51 found in cache
12:44:47.996 [main] INFO io.github.bonigarcia.wdm.WebDriverManager - Exporting webdriver.chrome.driver as C:\Users\ASUS\.cache\selenium\chromedriver\win32\99.0.4844.51\chromedriver.exe
12:44:48.129 [main] DEBUG net.serenitybdd.core.webdriver.driverproviders.ProvideNewDriver - Instantiating driver
12:44:48.129 [main] DEBUG net.serenitybdd.core.webdriver.driverproviders.ProvideNewDriver - Driver capabilities: Capabilities {acceptInsecureCerts: false, base.url: https://demoqa.com/login, browserName: chrome, chrome.driver: src/test/resources/webdrive..., driver: chrome, goog:chromeOptions: {args: [], extensions: []}}
12:44:49.210 [AsyncHttpClient-1-14] DEBUG org.asynchttpclient.netty.channel.NettyConnectListener - Using new Channel '[id: 0xe3b5625f, L:/127.0.0.1:63343 - R:localhost/127.0.0.1:56147]' for 'POST' to '/session'
12:44:51.950 [AsyncHttpClient-1-14] DEBUG org.asynchttpclient.netty.handler.HttpHandler - 

Request DefaultHttpRequest(decodeResult: success, version: HTTP/1.1)
POST /session HTTP/1.1
User-Agent: selenium/4.1.2 (java windows)
Content-Length: 610
Content-Type: application/json; charset=utf-8
host: localhost:56147
accept: */*

Response DefaultHttpResponse(decodeResult: success, version: HTTP/1.1)
HTTP/1.1 200 OK
Content-Type: application/json; charset=utf-8
cache-control: no-cache
content-length: 786

12:44:51.950 [AsyncHttpClient-1-14] DEBUG org.asynchttpclient.netty.channel.ChannelManager - Adding key: http://localhost:56147 for channel [id: 0xe3b5625f, L:/127.0.0.1:63343 - R:localhost/127.0.0.1:56147]
12:44:51.962 [AsyncHttpClient-1-15] DEBUG org.asynchttpclient.netty.channel.NettyConnectListener - Using new Channel '[id: 0x0204a60f, L:/127.0.0.1:63352 - R:localhost/127.0.0.1:63344]' for 'GET' to '/json/version'
12:44:51.974 [AsyncHttpClient-1-15] DEBUG org.asynchttpclient.netty.handler.HttpHandler - 

Request DefaultFullHttpRequest(decodeResult: success, version: HTTP/1.1, content: EmptyByteBufBE)
GET /json/version HTTP/1.1
User-Agent: selenium/4.1.2 (java windows)
host: localhost:63344
accept: */*

Response DefaultHttpResponse(decodeResult: success, version: HTTP/1.1)
HTTP/1.1 200 OK
Content-Type: application/json; charset=UTF-8
content-length: 424

12:44:51.974 [AsyncHttpClient-1-15] DEBUG org.asynchttpclient.netty.channel.ChannelManager - Adding key: http://localhost:63344 for channel [id: 0x0204a60f, L:/127.0.0.1:63352 - R:localhost/127.0.0.1:63344]
12:44:51.985 [AsyncHttpClient-1-16] DEBUG org.asynchttpclient.netty.channel.NettyConnectListener - Using new Channel '[id: 0xcf6089a2, L:/127.0.0.1:63353 - R:localhost/127.0.0.1:63344]' for 'GET' to '/devtools/browser/6c352e4f-24ad-40a1-9b5e-2ef93100b976'
12:44:51.995 [AsyncHttpClient-1-16] DEBUG org.asynchttpclient.netty.handler.WebSocketHandler - 

Request DefaultFullHttpRequest(decodeResult: success, version: HTTP/1.1, content: EmptyByteBufBE)
GET /devtools/browser/6c352e4f-24ad-40a1-9b5e-2ef93100b976 HTTP/1.1
upgrade: websocket
connection: upgrade
sec-websocket-key: Iuz3vdAu4oPP3D9Vd6P3pw==
sec-websocket-version: 13
origin: http://localhost:63344
host: localhost:63344
accept: */*
user-agent: AHC/2.1

Response DefaultHttpResponse(decodeResult: success, version: HTTP/1.1)
HTTP/1.1 101 WebSocket Protocol Handshake
Upgrade: WebSocket
Connection: Upgrade
Sec-WebSocket-Accept: 5f3haamv3tBe88m0Zliq3Htzx0I=

12:44:52.002 [Forwarding maximizeCurrentWindow on session a300dcd22577fb7b17b9b2a0142c0a2f to remote] DEBUG org.asynchttpclient.netty.request.NettyRequestSender - Using pooled Channel '[id: 0xe3b5625f, L:/127.0.0.1:63343 - R:localhost/127.0.0.1:56147]' for 'POST' to 'http://localhost:56147/session/a300dcd22577fb7b17b9b2a0142c0a2f/window/maximize'
12:44:52.002 [Forwarding maximizeCurrentWindow on session a300dcd22577fb7b17b9b2a0142c0a2f to remote] DEBUG org.asynchttpclient.netty.request.NettyRequestSender - Using open Channel [id: 0xe3b5625f, L:/127.0.0.1:63343 - R:localhost/127.0.0.1:56147] for POST '/session/a300dcd22577fb7b17b9b2a0142c0a2f/window/maximize'
12:44:52.141 [AsyncHttpClient-1-14] DEBUG org.asynchttpclient.netty.handler.HttpHandler - 

Request DefaultHttpRequest(decodeResult: success, version: HTTP/1.1)
POST /session/a300dcd22577fb7b17b9b2a0142c0a2f/window/maximize HTTP/1.1
User-Agent: selenium/4.1.2 (java windows)
Content-Length: 3
Content-Type: application/json; charset=utf-8
host: localhost:56147
accept: */*

Response DefaultHttpResponse(decodeResult: success, version: HTTP/1.1)
HTTP/1.1 200 OK
Content-Type: application/json; charset=utf-8
cache-control: no-cache
content-length: 51

12:44:52.141 [AsyncHttpClient-1-14] DEBUG org.asynchttpclient.netty.channel.ChannelManager - Adding key: http://localhost:56147 for channel [id: 0xe3b5625f, L:/127.0.0.1:63343 - R:localhost/127.0.0.1:56147]
12:44:52.145 [Forwarding get on session a300dcd22577fb7b17b9b2a0142c0a2f to remote] DEBUG org.asynchttpclient.netty.request.NettyRequestSender - Using pooled Channel '[id: 0xe3b5625f, L:/127.0.0.1:63343 - R:localhost/127.0.0.1:56147]' for 'POST' to 'http://localhost:56147/session/a300dcd22577fb7b17b9b2a0142c0a2f/url'
12:44:52.145 [Forwarding get on session a300dcd22577fb7b17b9b2a0142c0a2f to remote] DEBUG org.asynchttpclient.netty.request.NettyRequestSender - Using open Channel [id: 0xe3b5625f, L:/127.0.0.1:63343 - R:localhost/127.0.0.1:56147] for POST '/session/a300dcd22577fb7b17b9b2a0142c0a2f/url'
12:44:52.794 [AsyncHttpClient-1-1] DEBUG org.asynchttpclient.netty.channel.DefaultChannelPool - Entry count for : http://localhost:63344 : 1
12:44:53.897 [AsyncHttpClient-1-1] DEBUG org.asynchttpclient.netty.channel.DefaultChannelPool - Entry count for : http://localhost:63344 : 1
12:44:54.995 [AsyncHttpClient-1-1] DEBUG org.asynchttpclient.netty.channel.DefaultChannelPool - Entry count for : http://localhost:63344 : 1
12:44:56.101 [AsyncHttpClient-1-1] DEBUG org.asynchttpclient.netty.channel.DefaultChannelPool - Entry count for : http://localhost:63344 : 1
12:44:57.200 [AsyncHttpClient-1-1] DEBUG org.asynchttpclient.netty.channel.DefaultChannelPool - Entry count for : http://localhost:63344 : 1
12:44:58.301 [AsyncHttpClient-1-1] DEBUG org.asynchttpclient.netty.channel.DefaultChannelPool - Entry count for : http://localhost:63344 : 1
12:44:59.393 [AsyncHttpClient-1-1] DEBUG org.asynchttpclient.netty.channel.DefaultChannelPool - Entry count for : http://localhost:63344 : 1
12:45:00.497 [AsyncHttpClient-1-1] DEBUG org.asynchttpclient.netty.channel.DefaultChannelPool - Entry count for : http://localhost:63344 : 1
12:45:01.595 [AsyncHttpClient-1-1] DEBUG org.asynchttpclient.netty.channel.DefaultChannelPool - Entry count for : http://localhost:63344 : 1
12:45:02.695 [AsyncHttpClient-1-1] DEBUG org.asynchttpclient.netty.channel.DefaultChannelPool - Entry count for : http://localhost:63344 : 1
12:45:02.761 [AsyncHttpClient-1-14] DEBUG org.asynchttpclient.netty.handler.HttpHandler - 

Request DefaultHttpRequest(decodeResult: success, version: HTTP/1.1)
POST /session/a300dcd22577fb7b17b9b2a0142c0a2f/url HTTP/1.1
User-Agent: selenium/4.1.2 (java windows)
Content-Length: 54
Content-Type: application/json; charset=utf-8
host: localhost:56147
accept: */*

Response DefaultHttpResponse(decodeResult: success, version: HTTP/1.1)
HTTP/1.1 200 OK
Content-Type: application/json; charset=utf-8
cache-control: no-cache
content-length: 14

12:45:02.762 [AsyncHttpClient-1-14] DEBUG org.asynchttpclient.netty.channel.ChannelManager - Adding key: http://localhost:56147 for channel [id: 0xe3b5625f, L:/127.0.0.1:63343 - R:localhost/127.0.0.1:56147]
12:45:02.767 [Forwarding setTimeout on session a300dcd22577fb7b17b9b2a0142c0a2f to remote] DEBUG org.asynchttpclient.netty.request.NettyRequestSender - Using pooled Channel '[id: 0xe3b5625f, L:/127.0.0.1:63343 - R:localhost/127.0.0.1:56147]' for 'POST' to 'http://localhost:56147/session/a300dcd22577fb7b17b9b2a0142c0a2f/timeouts'
12:45:02.767 [Forwarding setTimeout on session a300dcd22577fb7b17b9b2a0142c0a2f to remote] DEBUG org.asynchttpclient.netty.request.NettyRequestSender - Using open Channel [id: 0xe3b5625f, L:/127.0.0.1:63343 - R:localhost/127.0.0.1:56147] for POST '/session/a300dcd22577fb7b17b9b2a0142c0a2f/timeouts'
12:45:02.769 [AsyncHttpClient-1-14] DEBUG org.asynchttpclient.netty.handler.HttpHandler - 

Request DefaultHttpRequest(decodeResult: success, version: HTTP/1.1)
POST /session/a300dcd22577fb7b17b9b2a0142c0a2f/timeouts HTTP/1.1
User-Agent: selenium/4.1.2 (java windows)
Content-Length: 22
Content-Type: application/json; charset=utf-8
host: localhost:56147
accept: */*

Response DefaultHttpResponse(decodeResult: success, version: HTTP/1.1)
HTTP/1.1 200 OK
Content-Type: application/json; charset=utf-8
cache-control: no-cache
content-length: 14

12:45:02.769 [AsyncHttpClient-1-14] DEBUG org.asynchttpclient.netty.channel.ChannelManager - Adding key: http://localhost:56147 for channel [id: 0xe3b5625f, L:/127.0.0.1:63343 - R:localhost/127.0.0.1:56147]
12:45:02.777 [Forwarding getCurrentUrl on session a300dcd22577fb7b17b9b2a0142c0a2f to remote] DEBUG org.asynchttpclient.netty.request.NettyRequestSender - Using pooled Channel '[id: 0xe3b5625f, L:/127.0.0.1:63343 - R:localhost/127.0.0.1:56147]' for 'GET' to 'http://localhost:56147/session/a300dcd22577fb7b17b9b2a0142c0a2f/url'
12:45:02.777 [Forwarding getCurrentUrl on session a300dcd22577fb7b17b9b2a0142c0a2f to remote] DEBUG org.asynchttpclient.netty.request.NettyRequestSender - Using open Channel [id: 0xe3b5625f, L:/127.0.0.1:63343 - R:localhost/127.0.0.1:56147] for GET '/session/a300dcd22577fb7b17b9b2a0142c0a2f/url'
12:45:02.793 [AsyncHttpClient-1-14] DEBUG org.asynchttpclient.netty.handler.HttpHandler - 

Request DefaultFullHttpRequest(decodeResult: success, version: HTTP/1.1, content: EmptyByteBufBE)
GET /session/a300dcd22577fb7b17b9b2a0142c0a2f/url HTTP/1.1
User-Agent: selenium/4.1.2 (java windows)
Cache-Control: no-cache
Content-Type: application/json; charset=utf-8
host: localhost:56147
accept: */*

Response DefaultHttpResponse(decodeResult: success, version: HTTP/1.1)
HTTP/1.1 200 OK
Content-Type: application/json; charset=utf-8
cache-control: no-cache
content-length: 36

12:45:02.793 [AsyncHttpClient-1-14] DEBUG org.asynchttpclient.netty.channel.ChannelManager - Adding key: http://localhost:56147 for channel [id: 0xe3b5625f, L:/127.0.0.1:63343 - R:localhost/127.0.0.1:56147]
12:45:02.808 [Forwarding screenshot on session a300dcd22577fb7b17b9b2a0142c0a2f to remote] DEBUG org.asynchttpclient.netty.request.NettyRequestSender - Using pooled Channel '[id: 0xe3b5625f, L:/127.0.0.1:63343 - R:localhost/127.0.0.1:56147]' for 'GET' to 'http://localhost:56147/session/a300dcd22577fb7b17b9b2a0142c0a2f/screenshot'
12:45:02.808 [Forwarding screenshot on session a300dcd22577fb7b17b9b2a0142c0a2f to remote] DEBUG org.asynchttpclient.netty.request.NettyRequestSender - Using open Channel [id: 0xe3b5625f, L:/127.0.0.1:63343 - R:localhost/127.0.0.1:56147] for GET '/session/a300dcd22577fb7b17b9b2a0142c0a2f/screenshot'
12:45:03.482 [AsyncHttpClient-1-14] DEBUG org.asynchttpclient.netty.handler.HttpHandler - 

Request DefaultFullHttpRequest(decodeResult: success, version: HTTP/1.1, content: EmptyByteBufBE)
GET /session/a300dcd22577fb7b17b9b2a0142c0a2f/screenshot HTTP/1.1
User-Agent: selenium/4.1.2 (java windows)
Cache-Control: no-cache
Content-Type: application/json; charset=utf-8
host: localhost:56147
accept: */*

Response DefaultHttpResponse(decodeResult: success, version: HTTP/1.1)
HTTP/1.1 200 OK
Content-Type: application/json; charset=utf-8
cache-control: no-cache
content-length: 510228

12:45:03.487 [AsyncHttpClient-1-14] DEBUG org.asynchttpclient.netty.channel.ChannelManager - Adding key: http://localhost:56147 for channel [id: 0xe3b5625f, L:/127.0.0.1:63343 - R:localhost/127.0.0.1:56147]
12:45:03.513 [main] DEBUG net.serenitybdd.core.photography.Darkroom - Send negative for processing for target\site\serenity\047d5f0f923895406e8dda7468179752fa66da961f88eb3bcbd850fcf7762d67.png
12:45:03.514 [main] DEBUG net.thucydides.core.steps.StepInterceptor - STEP DONE: openUrl
12:45:03.514 [Darkroom Processing Line] DEBUG net.serenitybdd.core.photography.DarkroomProcessingLine - Processing screenshot image in /var/screenshots/screenshot-11437779429638097606
12:45:03.514 [Darkroom Processing Line] DEBUG net.serenitybdd.core.photography.DarkroomProcessingLine - Saving screenshot to target\site\serenity\047d5f0f923895406e8dda7468179752fa66da961f88eb3bcbd850fcf7762d67.png
12:45:03.524 [main] DEBUG net.thucydides.core.steps.StepInterceptor - STARTING STEP: loginSteps.iAmInTheLoginPage - validateIfButtonLoginIsAppear
12:45:03.528 [Forwarding findElement on session a300dcd22577fb7b17b9b2a0142c0a2f to remote] DEBUG org.asynchttpclient.netty.request.NettyRequestSender - Using pooled Channel '[id: 0xe3b5625f, L:/127.0.0.1:63343 - R:localhost/127.0.0.1:56147]' for 'POST' to 'http://localhost:56147/session/a300dcd22577fb7b17b9b2a0142c0a2f/element'
12:45:03.528 [Forwarding findElement on session a300dcd22577fb7b17b9b2a0142c0a2f to remote] DEBUG org.asynchttpclient.netty.request.NettyRequestSender - Using open Channel [id: 0xe3b5625f, L:/127.0.0.1:63343 - R:localhost/127.0.0.1:56147] for POST '/session/a300dcd22577fb7b17b9b2a0142c0a2f/element'
12:45:03.798 [AsyncHttpClient-1-1] DEBUG org.asynchttpclient.netty.channel.DefaultChannelPool - Entry count for : http://localhost:63344 : 1
12:45:04.182 [AsyncHttpClient-1-14] DEBUG org.asynchttpclient.netty.handler.HttpHandler - 

Request DefaultHttpRequest(decodeResult: success, version: HTTP/1.1)
POST /session/a300dcd22577fb7b17b9b2a0142c0a2f/element HTTP/1.1
User-Agent: selenium/4.1.2 (java windows)
Content-Length: 50
Content-Type: application/json; charset=utf-8
host: localhost:56147
accept: */*

Response DefaultHttpResponse(decodeResult: success, version: HTTP/1.1)
HTTP/1.1 200 OK
Content-Type: application/json; charset=utf-8
cache-control: no-cache
content-length: 88

12:45:04.183 [AsyncHttpClient-1-14] DEBUG org.asynchttpclient.netty.channel.ChannelManager - Adding key: http://localhost:56147 for channel [id: 0xe3b5625f, L:/127.0.0.1:63343 - R:localhost/127.0.0.1:56147]
12:45:04.189 [Forwarding isElementDisplayed on session a300dcd22577fb7b17b9b2a0142c0a2f to remote] DEBUG org.asynchttpclient.netty.request.NettyRequestSender - Using pooled Channel '[id: 0xe3b5625f, L:/127.0.0.1:63343 - R:localhost/127.0.0.1:56147]' for 'POST' to 'http://localhost:56147/session/a300dcd22577fb7b17b9b2a0142c0a2f/execute/sync'
12:45:04.189 [Forwarding isElementDisplayed on session a300dcd22577fb7b17b9b2a0142c0a2f to remote] DEBUG org.asynchttpclient.netty.request.NettyRequestSender - Using open Channel [id: 0xe3b5625f, L:/127.0.0.1:63343 - R:localhost/127.0.0.1:56147] for POST '/session/a300dcd22577fb7b17b9b2a0142c0a2f/execute/sync'
12:45:04.206 [AsyncHttpClient-1-14] DEBUG org.asynchttpclient.netty.handler.HttpHandler - 

Request DefaultHttpRequest(decodeResult: success, version: HTTP/1.1)
POST /session/a300dcd22577fb7b17b9b2a0142c0a2f/execute/sync HTTP/1.1
User-Agent: selenium/4.1.2 (java windows)
Content-Length: 48780
Content-Type: application/json; charset=utf-8
host: localhost:56147
accept: */*

Response DefaultHttpResponse(decodeResult: success, version: HTTP/1.1)
HTTP/1.1 200 OK
Content-Type: application/json; charset=utf-8
cache-control: no-cache
content-length: 14

12:45:04.206 [AsyncHttpClient-1-14] DEBUG org.asynchttpclient.netty.channel.ChannelManager - Adding key: http://localhost:56147 for channel [id: 0xe3b5625f, L:/127.0.0.1:63343 - R:localhost/127.0.0.1:56147]
12:45:04.211 [Forwarding screenshot on session a300dcd22577fb7b17b9b2a0142c0a2f to remote] DEBUG org.asynchttpclient.netty.request.NettyRequestSender - Using pooled Channel '[id: 0xe3b5625f, L:/127.0.0.1:63343 - R:localhost/127.0.0.1:56147]' for 'GET' to 'http://localhost:56147/session/a300dcd22577fb7b17b9b2a0142c0a2f/screenshot'
12:45:04.211 [Forwarding screenshot on session a300dcd22577fb7b17b9b2a0142c0a2f to remote] DEBUG org.asynchttpclient.netty.request.NettyRequestSender - Using open Channel [id: 0xe3b5625f, L:/127.0.0.1:63343 - R:localhost/127.0.0.1:56147] for GET '/session/a300dcd22577fb7b17b9b2a0142c0a2f/screenshot'
12:45:04.470 [AsyncHttpClient-1-14] DEBUG org.asynchttpclient.netty.handler.HttpHandler - 

Request DefaultFullHttpRequest(decodeResult: success, version: HTTP/1.1, content: EmptyByteBufBE)
GET /session/a300dcd22577fb7b17b9b2a0142c0a2f/screenshot HTTP/1.1
User-Agent: selenium/4.1.2 (java windows)
Cache-Control: no-cache
Content-Type: application/json; charset=utf-8
host: localhost:56147
accept: */*

Response DefaultHttpResponse(decodeResult: success, version: HTTP/1.1)
HTTP/1.1 200 OK
Content-Type: application/json; charset=utf-8
cache-control: no-cache
content-length: 503528

12:45:04.471 [AsyncHttpClient-1-14] DEBUG org.asynchttpclient.netty.channel.ChannelManager - Adding key: http://localhost:56147 for channel [id: 0xe3b5625f, L:/127.0.0.1:63343 - R:localhost/127.0.0.1:56147]
12:45:04.489 [main] DEBUG net.serenitybdd.core.photography.Darkroom - Send negative for processing for target\site\serenity\27d9764822f2bd17fbff08ddc2b0e2c9a26d58642d56b5c8bb513aebcce9c9ac.png
12:45:04.489 [main] DEBUG net.thucydides.core.steps.StepInterceptor - STEP DONE: validateIfButtonLoginIsAppear
  &amp#27;[32mGiven &amp#27;[0m&amp#27;[32mi am in the login page&amp#27;[0m                        &amp#27;[90m# starter.stepdefinition.loginSteps.iAmInTheLoginPage()&amp#27;[0m
12:45:04.489 [Darkroom Processing Line] DEBUG net.serenitybdd.core.photography.DarkroomProcessingLine - Processing screenshot image in /var/screenshots/screenshot-4334393159701124715
12:45:04.489 [Darkroom Processing Line] DEBUG net.serenitybdd.core.photography.DarkroomProcessingLine - Saving screenshot to target\site\serenity\27d9764822f2bd17fbff08ddc2b0e2c9a26d58642d56b5c8bb513aebcce9c9ac.png
12:45:04.512 [main] DEBUG net.thucydides.core.steps.StepInterceptor - STARTING STEP: loginSteps.iInputValidUsername - inputUsernameToField
12:45:04.521 [Forwarding findElement on session a300dcd22577fb7b17b9b2a0142c0a2f to remote] DEBUG org.asynchttpclient.netty.request.NettyRequestSender - Using pooled Channel '[id: 0xe3b5625f, L:/127.0.0.1:63343 - R:localhost/127.0.0.1:56147]' for 'POST' to 'http://localhost:56147/session/a300dcd22577fb7b17b9b2a0142c0a2f/element'
12:45:04.521 [Forwarding findElement on session a300dcd22577fb7b17b9b2a0142c0a2f to remote] DEBUG org.asynchttpclient.netty.request.NettyRequestSender - Using open Channel [id: 0xe3b5625f, L:/127.0.0.1:63343 - R:localhost/127.0.0.1:56147] for POST '/session/a300dcd22577fb7b17b9b2a0142c0a2f/element'
12:45:04.535 [AsyncHttpClient-1-14] DEBUG org.asynchttpclient.netty.handler.HttpHandler - 

Request DefaultHttpRequest(decodeResult: success, version: HTTP/1.1)
POST /session/a300dcd22577fb7b17b9b2a0142c0a2f/element HTTP/1.1
User-Agent: selenium/4.1.2 (java windows)
Content-Length: 53
Content-Type: application/json; charset=utf-8
host: localhost:56147
accept: */*

Response DefaultHttpResponse(decodeResult: success, version: HTTP/1.1)
HTTP/1.1 200 OK
Content-Type: application/json; charset=utf-8
cache-control: no-cache
content-length: 88

12:45:04.535 [AsyncHttpClient-1-14] DEBUG org.asynchttpclient.netty.channel.ChannelManager - Adding key: http://localhost:56147 for channel [id: 0xe3b5625f, L:/127.0.0.1:63343 - R:localhost/127.0.0.1:56147]
12:45:04.538 [Forwarding clearElement on session a300dcd22577fb7b17b9b2a0142c0a2f to remote] DEBUG org.asynchttpclient.netty.request.NettyRequestSender - Using pooled Channel '[id: 0xe3b5625f, L:/127.0.0.1:63343 - R:localhost/127.0.0.1:56147]' for 'POST' to 'http://localhost:56147/session/a300dcd22577fb7b17b9b2a0142c0a2f/element/96110f22-4700-4eeb-a37c-d773ea887a18/clear'
12:45:04.538 [Forwarding clearElement on session a300dcd22577fb7b17b9b2a0142c0a2f to remote] DEBUG org.asynchttpclient.netty.request.NettyRequestSender - Using open Channel [id: 0xe3b5625f, L:/127.0.0.1:63343 - R:localhost/127.0.0.1:56147] for POST '/session/a300dcd22577fb7b17b9b2a0142c0a2f/element/96110f22-4700-4eeb-a37c-d773ea887a18/clear'
12:45:04.576 [AsyncHttpClient-1-14] DEBUG org.asynchttpclient.netty.handler.HttpHandler - 

Request DefaultHttpRequest(decodeResult: success, version: HTTP/1.1)
POST /session/a300dcd22577fb7b17b9b2a0142c0a2f/element/96110f22-4700-4eeb-a37c-d773ea887a18/clear HTTP/1.1
User-Agent: selenium/4.1.2 (java windows)
Content-Length: 50
Content-Type: application/json; charset=utf-8
host: localhost:56147
accept: */*

Response DefaultHttpResponse(decodeResult: success, version: HTTP/1.1)
HTTP/1.1 200 OK
Content-Type: application/json; charset=utf-8
cache-control: no-cache
content-length: 14

12:45:04.576 [AsyncHttpClient-1-14] DEBUG org.asynchttpclient.netty.channel.ChannelManager - Adding key: http://localhost:56147 for channel [id: 0xe3b5625f, L:/127.0.0.1:63343 - R:localhost/127.0.0.1:56147]
12:45:04.578 [Forwarding sendKeysToElement on session a300dcd22577fb7b17b9b2a0142c0a2f to remote] DEBUG org.asynchttpclient.netty.request.NettyRequestSender - Using pooled Channel '[id: 0xe3b5625f, L:/127.0.0.1:63343 - R:localhost/127.0.0.1:56147]' for 'POST' to 'http://localhost:56147/session/a300dcd22577fb7b17b9b2a0142c0a2f/element/96110f22-4700-4eeb-a37c-d773ea887a18/value'
12:45:04.578 [Forwarding sendKeysToElement on session a300dcd22577fb7b17b9b2a0142c0a2f to remote] DEBUG org.asynchttpclient.netty.request.NettyRequestSender - Using open Channel [id: 0xe3b5625f, L:/127.0.0.1:63343 - R:localhost/127.0.0.1:56147] for POST '/session/a300dcd22577fb7b17b9b2a0142c0a2f/element/96110f22-4700-4eeb-a37c-d773ea887a18/value'
12:45:04.679 [AsyncHttpClient-1-14] DEBUG org.asynchttpclient.netty.handler.HttpHandler - 

Request DefaultHttpRequest(decodeResult: success, version: HTTP/1.1)
POST /session/a300dcd22577fb7b17b9b2a0142c0a2f/element/96110f22-4700-4eeb-a37c-d773ea887a18/value HTTP/1.1
User-Agent: selenium/4.1.2 (java windows)
Content-Length: 181
Content-Type: application/json; charset=utf-8
host: localhost:56147
accept: */*

Response DefaultHttpResponse(decodeResult: success, version: HTTP/1.1)
HTTP/1.1 200 OK
Content-Type: application/json; charset=utf-8
cache-control: no-cache
content-length: 14

12:45:04.679 [AsyncHttpClient-1-14] DEBUG org.asynchttpclient.netty.channel.ChannelManager - Adding key: http://localhost:56147 for channel [id: 0xe3b5625f, L:/127.0.0.1:63343 - R:localhost/127.0.0.1:56147]
12:45:04.690 [Forwarding screenshot on session a300dcd22577fb7b17b9b2a0142c0a2f to remote] DEBUG org.asynchttpclient.netty.request.NettyRequestSender - Using pooled Channel '[id: 0xe3b5625f, L:/127.0.0.1:63343 - R:localhost/127.0.0.1:56147]' for 'GET' to 'http://localhost:56147/session/a300dcd22577fb7b17b9b2a0142c0a2f/screenshot'
12:45:04.690 [Forwarding screenshot on session a300dcd22577fb7b17b9b2a0142c0a2f to remote] DEBUG org.asynchttpclient.netty.request.NettyRequestSender - Using open Channel [id: 0xe3b5625f, L:/127.0.0.1:63343 - R:localhost/127.0.0.1:56147] for GET '/session/a300dcd22577fb7b17b9b2a0142c0a2f/screenshot'
12:45:04.894 [AsyncHttpClient-1-1] DEBUG org.asynchttpclient.netty.channel.DefaultChannelPool - Entry count for : http://localhost:63344 : 1
12:45:05.036 [AsyncHttpClient-1-14] DEBUG org.asynchttpclient.netty.handler.HttpHandler - 

Request DefaultFullHttpRequest(decodeResult: success, version: HTTP/1.1, content: EmptyByteBufBE)
GET /session/a300dcd22577fb7b17b9b2a0142c0a2f/screenshot HTTP/1.1
User-Agent: selenium/4.1.2 (java windows)
Cache-Control: no-cache
Content-Type: application/json; charset=utf-8
host: localhost:56147
accept: */*

Response DefaultHttpResponse(decodeResult: success, version: HTTP/1.1)
HTTP/1.1 200 OK
Content-Type: application/json; charset=utf-8
cache-control: no-cache
content-length: 504872

12:45:05.038 [AsyncHttpClient-1-14] DEBUG org.asynchttpclient.netty.channel.ChannelManager - Adding key: http://localhost:56147 for channel [id: 0xe3b5625f, L:/127.0.0.1:63343 - R:localhost/127.0.0.1:56147]
12:45:05.050 [main] DEBUG net.serenitybdd.core.photography.Darkroom - Send negative for processing for target\site\serenity\634af394429d3d682b4759773baaad829d9610c1138f756c184688c0568c418b.png
12:45:05.051 [main] DEBUG net.thucydides.core.steps.StepInterceptor - STEP DONE: inputUsernameToField
12:45:05.051 [Darkroom Processing Line] DEBUG net.serenitybdd.core.photography.DarkroomProcessingLine - Processing screenshot image in /var/screenshots/screenshot-15702558342131074772
12:45:05.051 [Darkroom Processing Line] DEBUG net.serenitybdd.core.photography.DarkroomProcessingLine - Saving screenshot to target\site\serenity\634af394429d3d682b4759773baaad829d9610c1138f756c184688c0568c418b.png
  &amp#27;[32mWhen &amp#27;[0m&amp#27;[32mi input valid username&amp#27;[0m                         &amp#27;[90m# starter.stepdefinition.loginSteps.iInputValidUsername()&amp#27;[0m
12:45:05.067 [main] DEBUG net.thucydides.core.steps.StepInterceptor - STARTING STEP: loginSteps.iInputNullPassword - nullPassword
12:45:05.069 [Forwarding findElement on session a300dcd22577fb7b17b9b2a0142c0a2f to remote] DEBUG org.asynchttpclient.netty.request.NettyRequestSender - Using pooled Channel '[id: 0xe3b5625f, L:/127.0.0.1:63343 - R:localhost/127.0.0.1:56147]' for 'POST' to 'http://localhost:56147/session/a300dcd22577fb7b17b9b2a0142c0a2f/element'
12:45:05.070 [Forwarding findElement on session a300dcd22577fb7b17b9b2a0142c0a2f to remote] DEBUG org.asynchttpclient.netty.request.NettyRequestSender - Using open Channel [id: 0xe3b5625f, L:/127.0.0.1:63343 - R:localhost/127.0.0.1:56147] for POST '/session/a300dcd22577fb7b17b9b2a0142c0a2f/element'
12:45:05.082 [AsyncHttpClient-1-14] DEBUG org.asynchttpclient.netty.handler.HttpHandler - 

Request DefaultHttpRequest(decodeResult: success, version: HTTP/1.1)
POST /session/a300dcd22577fb7b17b9b2a0142c0a2f/element HTTP/1.1
User-Agent: selenium/4.1.2 (java windows)
Content-Length: 53
Content-Type: application/json; charset=utf-8
host: localhost:56147
accept: */*

Response DefaultHttpResponse(decodeResult: success, version: HTTP/1.1)
HTTP/1.1 200 OK
Content-Type: application/json; charset=utf-8
cache-control: no-cache
content-length: 88

12:45:05.082 [AsyncHttpClient-1-14] DEBUG org.asynchttpclient.netty.channel.ChannelManager - Adding key: http://localhost:56147 for channel [id: 0xe3b5625f, L:/127.0.0.1:63343 - R:localhost/127.0.0.1:56147]
12:45:05.085 [Forwarding clearElement on session a300dcd22577fb7b17b9b2a0142c0a2f to remote] DEBUG org.asynchttpclient.netty.request.NettyRequestSender - Using pooled Channel '[id: 0xe3b5625f, L:/127.0.0.1:63343 - R:localhost/127.0.0.1:56147]' for 'POST' to 'http://localhost:56147/session/a300dcd22577fb7b17b9b2a0142c0a2f/element/537c08b1-0edc-4884-b819-23a257481842/clear'
12:45:05.085 [Forwarding clearElement on session a300dcd22577fb7b17b9b2a0142c0a2f to remote] DEBUG org.asynchttpclient.netty.request.NettyRequestSender - Using open Channel [id: 0xe3b5625f, L:/127.0.0.1:63343 - R:localhost/127.0.0.1:56147] for POST '/session/a300dcd22577fb7b17b9b2a0142c0a2f/element/537c08b1-0edc-4884-b819-23a257481842/clear'
12:45:05.132 [AsyncHttpClient-1-14] DEBUG org.asynchttpclient.netty.handler.HttpHandler - 

Request DefaultHttpRequest(decodeResult: success, version: HTTP/1.1)
POST /session/a300dcd22577fb7b17b9b2a0142c0a2f/element/537c08b1-0edc-4884-b819-23a257481842/clear HTTP/1.1
User-Agent: selenium/4.1.2 (java windows)
Content-Length: 50
Content-Type: application/json; charset=utf-8
host: localhost:56147
accept: */*

Response DefaultHttpResponse(decodeResult: success, version: HTTP/1.1)
HTTP/1.1 200 OK
Content-Type: application/json; charset=utf-8
cache-control: no-cache
content-length: 14

12:45:05.132 [AsyncHttpClient-1-14] DEBUG org.asynchttpclient.netty.channel.ChannelManager - Adding key: http://localhost:56147 for channel [id: 0xe3b5625f, L:/127.0.0.1:63343 - R:localhost/127.0.0.1:56147]
12:45:05.135 [Forwarding sendKeysToElement on session a300dcd22577fb7b17b9b2a0142c0a2f to remote] DEBUG org.asynchttpclient.netty.request.NettyRequestSender - Using pooled Channel '[id: 0xe3b5625f, L:/127.0.0.1:63343 - R:localhost/127.0.0.1:56147]' for 'POST' to 'http://localhost:56147/session/a300dcd22577fb7b17b9b2a0142c0a2f/element/537c08b1-0edc-4884-b819-23a257481842/value'
12:45:05.135 [Forwarding sendKeysToElement on session a300dcd22577fb7b17b9b2a0142c0a2f to remote] DEBUG org.asynchttpclient.netty.request.NettyRequestSender - Using open Channel [id: 0xe3b5625f, L:/127.0.0.1:63343 - R:localhost/127.0.0.1:56147] for POST '/session/a300dcd22577fb7b17b9b2a0142c0a2f/element/537c08b1-0edc-4884-b819-23a257481842/value'
12:45:05.192 [AsyncHttpClient-1-14] DEBUG org.asynchttpclient.netty.handler.HttpHandler - 

Request DefaultHttpRequest(decodeResult: success, version: HTTP/1.1)
POST /session/a300dcd22577fb7b17b9b2a0142c0a2f/element/537c08b1-0edc-4884-b819-23a257481842/value HTTP/1.1
User-Agent: selenium/4.1.2 (java windows)
Content-Length: 82
Content-Type: application/json; charset=utf-8
host: localhost:56147
accept: */*

Response DefaultHttpResponse(decodeResult: success, version: HTTP/1.1)
HTTP/1.1 200 OK
Content-Type: application/json; charset=utf-8
cache-control: no-cache
content-length: 14

12:45:05.193 [AsyncHttpClient-1-14] DEBUG org.asynchttpclient.netty.channel.ChannelManager - Adding key: http://localhost:56147 for channel [id: 0xe3b5625f, L:/127.0.0.1:63343 - R:localhost/127.0.0.1:56147]
12:45:05.203 [Forwarding screenshot on session a300dcd22577fb7b17b9b2a0142c0a2f to remote] DEBUG org.asynchttpclient.netty.request.NettyRequestSender - Using pooled Channel '[id: 0xe3b5625f, L:/127.0.0.1:63343 - R:localhost/127.0.0.1:56147]' for 'GET' to 'http://localhost:56147/session/a300dcd22577fb7b17b9b2a0142c0a2f/screenshot'
12:45:05.203 [Forwarding screenshot on session a300dcd22577fb7b17b9b2a0142c0a2f to remote] DEBUG org.asynchttpclient.netty.request.NettyRequestSender - Using open Channel [id: 0xe3b5625f, L:/127.0.0.1:63343 - R:localhost/127.0.0.1:56147] for GET '/session/a300dcd22577fb7b17b9b2a0142c0a2f/screenshot'
12:45:05.548 [AsyncHttpClient-1-14] DEBUG org.asynchttpclient.netty.handler.HttpHandler - 

Request DefaultFullHttpRequest(decodeResult: success, version: HTTP/1.1, content: EmptyByteBufBE)
GET /session/a300dcd22577fb7b17b9b2a0142c0a2f/screenshot HTTP/1.1
User-Agent: selenium/4.1.2 (java windows)
Cache-Control: no-cache
Content-Type: application/json; charset=utf-8
host: localhost:56147
accept: */*

Response DefaultHttpResponse(decodeResult: success, version: HTTP/1.1)
HTTP/1.1 200 OK
Content-Type: application/json; charset=utf-8
cache-control: no-cache
content-length: 504872

12:45:05.549 [AsyncHttpClient-1-14] DEBUG org.asynchttpclient.netty.channel.ChannelManager - Adding key: http://localhost:56147 for channel [id: 0xe3b5625f, L:/127.0.0.1:63343 - R:localhost/127.0.0.1:56147]
12:45:05.565 [main] DEBUG net.serenitybdd.core.photography.Darkroom - Send negative for processing for target\site\serenity\6089920b027d0729ef0cec3e83f75499bbc64232d10f3a62d33a0093c6323a1a.png
12:45:05.565 [main] DEBUG net.thucydides.core.steps.StepInterceptor - STEP DONE: nullPassword
12:45:05.565 [Darkroom Processing Line] DEBUG net.serenitybdd.core.photography.DarkroomProcessingLine - Processing screenshot image in /var/screenshots/screenshot-16042844141030755977
12:45:05.565 [Darkroom Processing Line] DEBUG net.serenitybdd.core.photography.DarkroomProcessingLine - Saving screenshot to target\site\serenity\6089920b027d0729ef0cec3e83f75499bbc64232d10f3a62d33a0093c6323a1a.png
  &amp#27;[32mThen &amp#27;[0m&amp#27;[32mi input null password&amp#27;[0m                          &amp#27;[90m# starter.stepdefinition.loginSteps.iInputNullPassword()&amp#27;[0m
12:45:05.583 [main] DEBUG net.thucydides.core.steps.StepInterceptor - STARTING STEP: loginSteps.clickLoginButton - clickLogin
12:45:05.590 [Forwarding findElement on session a300dcd22577fb7b17b9b2a0142c0a2f to remote] DEBUG org.asynchttpclient.netty.request.NettyRequestSender - Using pooled Channel '[id: 0xe3b5625f, L:/127.0.0.1:63343 - R:localhost/127.0.0.1:56147]' for 'POST' to 'http://localhost:56147/session/a300dcd22577fb7b17b9b2a0142c0a2f/element'
12:45:05.590 [Forwarding findElement on session a300dcd22577fb7b17b9b2a0142c0a2f to remote] DEBUG org.asynchttpclient.netty.request.NettyRequestSender - Using open Channel [id: 0xe3b5625f, L:/127.0.0.1:63343 - R:localhost/127.0.0.1:56147] for POST '/session/a300dcd22577fb7b17b9b2a0142c0a2f/element'
12:45:05.613 [AsyncHttpClient-1-14] DEBUG org.asynchttpclient.netty.handler.HttpHandler - 

Request DefaultHttpRequest(decodeResult: success, version: HTTP/1.1)
POST /session/a300dcd22577fb7b17b9b2a0142c0a2f/element HTTP/1.1
User-Agent: selenium/4.1.2 (java windows)
Content-Length: 74
Content-Type: application/json; charset=utf-8
host: localhost:56147
accept: */*

Response DefaultHttpResponse(decodeResult: success, version: HTTP/1.1)
HTTP/1.1 200 OK
Content-Type: application/json; charset=utf-8
cache-control: no-cache
content-length: 88

12:45:05.613 [AsyncHttpClient-1-14] DEBUG org.asynchttpclient.netty.channel.ChannelManager - Adding key: http://localhost:56147 for channel [id: 0xe3b5625f, L:/127.0.0.1:63343 - R:localhost/127.0.0.1:56147]
12:45:05.615 [Forwarding getElementTagName on session a300dcd22577fb7b17b9b2a0142c0a2f to remote] DEBUG org.asynchttpclient.netty.request.NettyRequestSender - Using pooled Channel '[id: 0xe3b5625f, L:/127.0.0.1:63343 - R:localhost/127.0.0.1:56147]' for 'GET' to 'http://localhost:56147/session/a300dcd22577fb7b17b9b2a0142c0a2f/element/e397b970-2a64-4abc-9bdd-a6bdd80e9302/name'
12:45:05.615 [Forwarding getElementTagName on session a300dcd22577fb7b17b9b2a0142c0a2f to remote] DEBUG org.asynchttpclient.netty.request.NettyRequestSender - Using open Channel [id: 0xe3b5625f, L:/127.0.0.1:63343 - R:localhost/127.0.0.1:56147] for GET '/session/a300dcd22577fb7b17b9b2a0142c0a2f/element/e397b970-2a64-4abc-9bdd-a6bdd80e9302/name'
12:45:05.625 [AsyncHttpClient-1-14] DEBUG org.asynchttpclient.netty.handler.HttpHandler - 

Request DefaultFullHttpRequest(decodeResult: success, version: HTTP/1.1, content: EmptyByteBufBE)
GET /session/a300dcd22577fb7b17b9b2a0142c0a2f/element/e397b970-2a64-4abc-9bdd-a6bdd80e9302/name HTTP/1.1
User-Agent: selenium/4.1.2 (java windows)
Cache-Control: no-cache
Content-Type: application/json; charset=utf-8
host: localhost:56147
accept: */*

Response DefaultHttpResponse(decodeResult: success, version: HTTP/1.1)
HTTP/1.1 200 OK
Content-Type: application/json; charset=utf-8
cache-control: no-cache
content-length: 13

12:45:05.625 [AsyncHttpClient-1-14] DEBUG org.asynchttpclient.netty.channel.ChannelManager - Adding key: http://localhost:56147 for channel [id: 0xe3b5625f, L:/127.0.0.1:63343 - R:localhost/127.0.0.1:56147]
12:45:05.627 [Forwarding getElementTagName on session a300dcd22577fb7b17b9b2a0142c0a2f to remote] DEBUG org.asynchttpclient.netty.request.NettyRequestSender - Using pooled Channel '[id: 0xe3b5625f, L:/127.0.0.1:63343 - R:localhost/127.0.0.1:56147]' for 'GET' to 'http://localhost:56147/session/a300dcd22577fb7b17b9b2a0142c0a2f/element/e397b970-2a64-4abc-9bdd-a6bdd80e9302/name'
12:45:05.627 [Forwarding getElementTagName on session a300dcd22577fb7b17b9b2a0142c0a2f to remote] DEBUG org.asynchttpclient.netty.request.NettyRequestSender - Using open Channel [id: 0xe3b5625f, L:/127.0.0.1:63343 - R:localhost/127.0.0.1:56147] for GET '/session/a300dcd22577fb7b17b9b2a0142c0a2f/element/e397b970-2a64-4abc-9bdd-a6bdd80e9302/name'
12:45:05.633 [AsyncHttpClient-1-14] DEBUG org.asynchttpclient.netty.handler.HttpHandler - 

Request DefaultFullHttpRequest(decodeResult: success, version: HTTP/1.1, content: EmptyByteBufBE)
GET /session/a300dcd22577fb7b17b9b2a0142c0a2f/element/e397b970-2a64-4abc-9bdd-a6bdd80e9302/name HTTP/1.1
User-Agent: selenium/4.1.2 (java windows)
Cache-Control: no-cache
Content-Type: application/json; charset=utf-8
host: localhost:56147
accept: */*

Response DefaultHttpResponse(decodeResult: success, version: HTTP/1.1)
HTTP/1.1 200 OK
Content-Type: application/json; charset=utf-8
cache-control: no-cache
content-length: 13

12:45:05.633 [AsyncHttpClient-1-14] DEBUG org.asynchttpclient.netty.channel.ChannelManager - Adding key: http://localhost:56147 for channel [id: 0xe3b5625f, L:/127.0.0.1:63343 - R:localhost/127.0.0.1:56147]
12:45:05.636 [Forwarding findElement on session a300dcd22577fb7b17b9b2a0142c0a2f to remote] DEBUG org.asynchttpclient.netty.request.NettyRequestSender - Using pooled Channel '[id: 0xe3b5625f, L:/127.0.0.1:63343 - R:localhost/127.0.0.1:56147]' for 'POST' to 'http://localhost:56147/session/a300dcd22577fb7b17b9b2a0142c0a2f/element'
12:45:05.636 [Forwarding findElement on session a300dcd22577fb7b17b9b2a0142c0a2f to remote] DEBUG org.asynchttpclient.netty.request.NettyRequestSender - Using open Channel [id: 0xe3b5625f, L:/127.0.0.1:63343 - R:localhost/127.0.0.1:56147] for POST '/session/a300dcd22577fb7b17b9b2a0142c0a2f/element'
12:45:05.645 [AsyncHttpClient-1-14] DEBUG org.asynchttpclient.netty.handler.HttpHandler - 

Request DefaultHttpRequest(decodeResult: success, version: HTTP/1.1)
POST /session/a300dcd22577fb7b17b9b2a0142c0a2f/element HTTP/1.1
User-Agent: selenium/4.1.2 (java windows)
Content-Length: 74
Content-Type: application/json; charset=utf-8
host: localhost:56147
accept: */*

Response DefaultHttpResponse(decodeResult: success, version: HTTP/1.1)
HTTP/1.1 200 OK
Content-Type: application/json; charset=utf-8
cache-control: no-cache
content-length: 88

12:45:05.645 [AsyncHttpClient-1-14] DEBUG org.asynchttpclient.netty.channel.ChannelManager - Adding key: http://localhost:56147 for channel [id: 0xe3b5625f, L:/127.0.0.1:63343 - R:localhost/127.0.0.1:56147]
12:45:05.647 [Forwarding clickElement on session a300dcd22577fb7b17b9b2a0142c0a2f to remote] DEBUG org.asynchttpclient.netty.request.NettyRequestSender - Using pooled Channel '[id: 0xe3b5625f, L:/127.0.0.1:63343 - R:localhost/127.0.0.1:56147]' for 'POST' to 'http://localhost:56147/session/a300dcd22577fb7b17b9b2a0142c0a2f/element/e397b970-2a64-4abc-9bdd-a6bdd80e9302/click'
12:45:05.647 [Forwarding clickElement on session a300dcd22577fb7b17b9b2a0142c0a2f to remote] DEBUG org.asynchttpclient.netty.request.NettyRequestSender - Using open Channel [id: 0xe3b5625f, L:/127.0.0.1:63343 - R:localhost/127.0.0.1:56147] for POST '/session/a300dcd22577fb7b17b9b2a0142c0a2f/element/e397b970-2a64-4abc-9bdd-a6bdd80e9302/click'
12:45:05.729 [AsyncHttpClient-1-14] DEBUG org.asynchttpclient.netty.handler.HttpHandler - 

Request DefaultHttpRequest(decodeResult: success, version: HTTP/1.1)
POST /session/a300dcd22577fb7b17b9b2a0142c0a2f/element/e397b970-2a64-4abc-9bdd-a6bdd80e9302/click HTTP/1.1
User-Agent: selenium/4.1.2 (java windows)
Content-Length: 50
Content-Type: application/json; charset=utf-8
host: localhost:56147
accept: */*

Response DefaultHttpResponse(decodeResult: success, version: HTTP/1.1)
HTTP/1.1 200 OK
Content-Type: application/json; charset=utf-8
cache-control: no-cache
content-length: 14

12:45:05.729 [AsyncHttpClient-1-14] DEBUG org.asynchttpclient.netty.channel.ChannelManager - Adding key: http://localhost:56147 for channel [id: 0xe3b5625f, L:/127.0.0.1:63343 - R:localhost/127.0.0.1:56147]
12:45:05.737 [Forwarding findElement on session a300dcd22577fb7b17b9b2a0142c0a2f to remote] DEBUG org.asynchttpclient.netty.request.NettyRequestSender - Using pooled Channel '[id: 0xe3b5625f, L:/127.0.0.1:63343 - R:localhost/127.0.0.1:56147]' for 'POST' to 'http://localhost:56147/session/a300dcd22577fb7b17b9b2a0142c0a2f/element'
12:45:05.737 [Forwarding findElement on session a300dcd22577fb7b17b9b2a0142c0a2f to remote] DEBUG org.asynchttpclient.netty.request.NettyRequestSender - Using open Channel [id: 0xe3b5625f, L:/127.0.0.1:63343 - R:localhost/127.0.0.1:56147] for POST '/session/a300dcd22577fb7b17b9b2a0142c0a2f/element'
12:45:05.749 [AsyncHttpClient-1-14] DEBUG org.asynchttpclient.netty.handler.HttpHandler - 

Request DefaultHttpRequest(decodeResult: success, version: HTTP/1.1)
POST /session/a300dcd22577fb7b17b9b2a0142c0a2f/element HTTP/1.1
User-Agent: selenium/4.1.2 (java windows)
Content-Length: 50
Content-Type: application/json; charset=utf-8
host: localhost:56147
accept: */*

Response DefaultHttpResponse(decodeResult: success, version: HTTP/1.1)
HTTP/1.1 200 OK
Content-Type: application/json; charset=utf-8
cache-control: no-cache
content-length: 88

12:45:05.749 [AsyncHttpClient-1-14] DEBUG org.asynchttpclient.netty.channel.ChannelManager - Adding key: http://localhost:56147 for channel [id: 0xe3b5625f, L:/127.0.0.1:63343 - R:localhost/127.0.0.1:56147]
12:45:05.753 [Forwarding getElementTagName on session a300dcd22577fb7b17b9b2a0142c0a2f to remote] DEBUG org.asynchttpclient.netty.request.NettyRequestSender - Using pooled Channel '[id: 0xe3b5625f, L:/127.0.0.1:63343 - R:localhost/127.0.0.1:56147]' for 'GET' to 'http://localhost:56147/session/a300dcd22577fb7b17b9b2a0142c0a2f/element/62befbf7-bf06-4aac-818e-e201788409fc/name'
12:45:05.753 [Forwarding getElementTagName on session a300dcd22577fb7b17b9b2a0142c0a2f to remote] DEBUG org.asynchttpclient.netty.request.NettyRequestSender - Using open Channel [id: 0xe3b5625f, L:/127.0.0.1:63343 - R:localhost/127.0.0.1:56147] for GET '/session/a300dcd22577fb7b17b9b2a0142c0a2f/element/62befbf7-bf06-4aac-818e-e201788409fc/name'
12:45:05.759 [AsyncHttpClient-1-14] DEBUG org.asynchttpclient.netty.handler.HttpHandler - 

Request DefaultFullHttpRequest(decodeResult: success, version: HTTP/1.1, content: EmptyByteBufBE)
GET /session/a300dcd22577fb7b17b9b2a0142c0a2f/element/62befbf7-bf06-4aac-818e-e201788409fc/name HTTP/1.1
User-Agent: selenium/4.1.2 (java windows)
Cache-Control: no-cache
Content-Type: application/json; charset=utf-8
host: localhost:56147
accept: */*

Response DefaultHttpResponse(decodeResult: success, version: HTTP/1.1)
HTTP/1.1 200 OK
Content-Type: application/json; charset=utf-8
cache-control: no-cache
content-length: 18

12:45:05.760 [AsyncHttpClient-1-14] DEBUG org.asynchttpclient.netty.channel.ChannelManager - Adding key: http://localhost:56147 for channel [id: 0xe3b5625f, L:/127.0.0.1:63343 - R:localhost/127.0.0.1:56147]
12:45:05.762 [Forwarding getElementTagName on session a300dcd22577fb7b17b9b2a0142c0a2f to remote] DEBUG org.asynchttpclient.netty.request.NettyRequestSender - Using pooled Channel '[id: 0xe3b5625f, L:/127.0.0.1:63343 - R:localhost/127.0.0.1:56147]' for 'GET' to 'http://localhost:56147/session/a300dcd22577fb7b17b9b2a0142c0a2f/element/62befbf7-bf06-4aac-818e-e201788409fc/name'
12:45:05.762 [Forwarding getElementTagName on session a300dcd22577fb7b17b9b2a0142c0a2f to remote] DEBUG org.asynchttpclient.netty.request.NettyRequestSender - Using open Channel [id: 0xe3b5625f, L:/127.0.0.1:63343 - R:localhost/127.0.0.1:56147] for GET '/session/a300dcd22577fb7b17b9b2a0142c0a2f/element/62befbf7-bf06-4aac-818e-e201788409fc/name'
12:45:05.770 [AsyncHttpClient-1-14] DEBUG org.asynchttpclient.netty.handler.HttpHandler - 

Request DefaultFullHttpRequest(decodeResult: success, version: HTTP/1.1, content: EmptyByteBufBE)
GET /session/a300dcd22577fb7b17b9b2a0142c0a2f/element/62befbf7-bf06-4aac-818e-e201788409fc/name HTTP/1.1
User-Agent: selenium/4.1.2 (java windows)
Cache-Control: no-cache
Content-Type: application/json; charset=utf-8
host: localhost:56147
accept: */*

Response DefaultHttpResponse(decodeResult: success, version: HTTP/1.1)
HTTP/1.1 200 OK
Content-Type: application/json; charset=utf-8
cache-control: no-cache
content-length: 18

12:45:05.770 [AsyncHttpClient-1-14] DEBUG org.asynchttpclient.netty.channel.ChannelManager - Adding key: http://localhost:56147 for channel [id: 0xe3b5625f, L:/127.0.0.1:63343 - R:localhost/127.0.0.1:56147]
12:45:05.774 [Forwarding isElementEnabled on session a300dcd22577fb7b17b9b2a0142c0a2f to remote] DEBUG org.asynchttpclient.netty.request.NettyRequestSender - Using pooled Channel '[id: 0xe3b5625f, L:/127.0.0.1:63343 - R:localhost/127.0.0.1:56147]' for 'GET' to 'http://localhost:56147/session/a300dcd22577fb7b17b9b2a0142c0a2f/element/62befbf7-bf06-4aac-818e-e201788409fc/enabled'
12:45:05.774 [Forwarding isElementEnabled on session a300dcd22577fb7b17b9b2a0142c0a2f to remote] DEBUG org.asynchttpclient.netty.request.NettyRequestSender - Using open Channel [id: 0xe3b5625f, L:/127.0.0.1:63343 - R:localhost/127.0.0.1:56147] for GET '/session/a300dcd22577fb7b17b9b2a0142c0a2f/element/62befbf7-bf06-4aac-818e-e201788409fc/enabled'
12:45:05.788 [AsyncHttpClient-1-14] DEBUG org.asynchttpclient.netty.handler.HttpHandler - 

Request DefaultFullHttpRequest(decodeResult: success, version: HTTP/1.1, content: EmptyByteBufBE)
GET /session/a300dcd22577fb7b17b9b2a0142c0a2f/element/62befbf7-bf06-4aac-818e-e201788409fc/enabled HTTP/1.1
User-Agent: selenium/4.1.2 (java windows)
Cache-Control: no-cache
Content-Type: application/json; charset=utf-8
host: localhost:56147
accept: */*

Response DefaultHttpResponse(decodeResult: success, version: HTTP/1.1)
HTTP/1.1 200 OK
Content-Type: application/json; charset=utf-8
cache-control: no-cache
content-length: 14

12:45:05.789 [AsyncHttpClient-1-14] DEBUG org.asynchttpclient.netty.channel.ChannelManager - Adding key: http://localhost:56147 for channel [id: 0xe3b5625f, L:/127.0.0.1:63343 - R:localhost/127.0.0.1:56147]
12:45:05.790 [Forwarding isElementEnabled on session a300dcd22577fb7b17b9b2a0142c0a2f to remote] DEBUG org.asynchttpclient.netty.request.NettyRequestSender - Using pooled Channel '[id: 0xe3b5625f, L:/127.0.0.1:63343 - R:localhost/127.0.0.1:56147]' for 'GET' to 'http://localhost:56147/session/a300dcd22577fb7b17b9b2a0142c0a2f/element/62befbf7-bf06-4aac-818e-e201788409fc/enabled'
12:45:05.791 [Forwarding isElementEnabled on session a300dcd22577fb7b17b9b2a0142c0a2f to remote] DEBUG org.asynchttpclient.netty.request.NettyRequestSender - Using open Channel [id: 0xe3b5625f, L:/127.0.0.1:63343 - R:localhost/127.0.0.1:56147] for GET '/session/a300dcd22577fb7b17b9b2a0142c0a2f/element/62befbf7-bf06-4aac-818e-e201788409fc/enabled'
12:45:05.804 [AsyncHttpClient-1-14] DEBUG org.asynchttpclient.netty.handler.HttpHandler - 

Request DefaultFullHttpRequest(decodeResult: success, version: HTTP/1.1, content: EmptyByteBufBE)
GET /session/a300dcd22577fb7b17b9b2a0142c0a2f/element/62befbf7-bf06-4aac-818e-e201788409fc/enabled HTTP/1.1
User-Agent: selenium/4.1.2 (java windows)
Cache-Control: no-cache
Content-Type: application/json; charset=utf-8
host: localhost:56147
accept: */*

Response DefaultHttpResponse(decodeResult: success, version: HTTP/1.1)
HTTP/1.1 200 OK
Content-Type: application/json; charset=utf-8
cache-control: no-cache
content-length: 14

12:45:05.805 [AsyncHttpClient-1-14] DEBUG org.asynchttpclient.netty.channel.ChannelManager - Adding key: http://localhost:56147 for channel [id: 0xe3b5625f, L:/127.0.0.1:63343 - R:localhost/127.0.0.1:56147]
12:45:05.808 [Forwarding findElement on session a300dcd22577fb7b17b9b2a0142c0a2f to remote] DEBUG org.asynchttpclient.netty.request.NettyRequestSender - Using pooled Channel '[id: 0xe3b5625f, L:/127.0.0.1:63343 - R:localhost/127.0.0.1:56147]' for 'POST' to 'http://localhost:56147/session/a300dcd22577fb7b17b9b2a0142c0a2f/element'
12:45:05.808 [Forwarding findElement on session a300dcd22577fb7b17b9b2a0142c0a2f to remote] DEBUG org.asynchttpclient.netty.request.NettyRequestSender - Using open Channel [id: 0xe3b5625f, L:/127.0.0.1:63343 - R:localhost/127.0.0.1:56147] for POST '/session/a300dcd22577fb7b17b9b2a0142c0a2f/element'
12:45:05.820 [AsyncHttpClient-1-14] DEBUG org.asynchttpclient.netty.handler.HttpHandler - 

Request DefaultHttpRequest(decodeResult: success, version: HTTP/1.1)
POST /session/a300dcd22577fb7b17b9b2a0142c0a2f/element HTTP/1.1
User-Agent: selenium/4.1.2 (java windows)
Content-Length: 50
Content-Type: application/json; charset=utf-8
host: localhost:56147
accept: */*

Response DefaultHttpResponse(decodeResult: success, version: HTTP/1.1)
HTTP/1.1 200 OK
Content-Type: application/json; charset=utf-8
cache-control: no-cache
content-length: 88

12:45:05.820 [AsyncHttpClient-1-14] DEBUG org.asynchttpclient.netty.channel.ChannelManager - Adding key: http://localhost:56147 for channel [id: 0xe3b5625f, L:/127.0.0.1:63343 - R:localhost/127.0.0.1:56147]
12:45:05.823 [Forwarding clickElement on session a300dcd22577fb7b17b9b2a0142c0a2f to remote] DEBUG org.asynchttpclient.netty.request.NettyRequestSender - Using pooled Channel '[id: 0xe3b5625f, L:/127.0.0.1:63343 - R:localhost/127.0.0.1:56147]' for 'POST' to 'http://localhost:56147/session/a300dcd22577fb7b17b9b2a0142c0a2f/element/62befbf7-bf06-4aac-818e-e201788409fc/click'
12:45:05.823 [Forwarding clickElement on session a300dcd22577fb7b17b9b2a0142c0a2f to remote] DEBUG org.asynchttpclient.netty.request.NettyRequestSender - Using open Channel [id: 0xe3b5625f, L:/127.0.0.1:63343 - R:localhost/127.0.0.1:56147] for POST '/session/a300dcd22577fb7b17b9b2a0142c0a2f/element/62befbf7-bf06-4aac-818e-e201788409fc/click'
12:45:05.901 [AsyncHttpClient-1-14] DEBUG org.asynchttpclient.netty.handler.HttpHandler - 

Request DefaultHttpRequest(decodeResult: success, version: HTTP/1.1)
POST /session/a300dcd22577fb7b17b9b2a0142c0a2f/element/62befbf7-bf06-4aac-818e-e201788409fc/click HTTP/1.1
User-Agent: selenium/4.1.2 (java windows)
Content-Length: 50
Content-Type: application/json; charset=utf-8
host: localhost:56147
accept: */*

Response DefaultHttpResponse(decodeResult: success, version: HTTP/1.1)
HTTP/1.1 200 OK
Content-Type: application/json; charset=utf-8
cache-control: no-cache
content-length: 14

12:45:05.902 [AsyncHttpClient-1-14] DEBUG org.asynchttpclient.netty.channel.ChannelManager - Adding key: http://localhost:56147 for channel [id: 0xe3b5625f, L:/127.0.0.1:63343 - R:localhost/127.0.0.1:56147]
12:45:05.910 [Forwarding screenshot on session a300dcd22577fb7b17b9b2a0142c0a2f to remote] DEBUG org.asynchttpclient.netty.request.NettyRequestSender - Using pooled Channel '[id: 0xe3b5625f, L:/127.0.0.1:63343 - R:localhost/127.0.0.1:56147]' for 'GET' to 'http://localhost:56147/session/a300dcd22577fb7b17b9b2a0142c0a2f/screenshot'
12:45:05.911 [Forwarding screenshot on session a300dcd22577fb7b17b9b2a0142c0a2f to remote] DEBUG org.asynchttpclient.netty.request.NettyRequestSender - Using open Channel [id: 0xe3b5625f, L:/127.0.0.1:63343 - R:localhost/127.0.0.1:56147] for GET '/session/a300dcd22577fb7b17b9b2a0142c0a2f/screenshot'
12:45:05.999 [AsyncHttpClient-1-1] DEBUG org.asynchttpclient.netty.channel.DefaultChannelPool - Entry count for : http://localhost:63344 : 1
12:45:06.397 [AsyncHttpClient-1-14] DEBUG org.asynchttpclient.netty.handler.HttpHandler - 

Request DefaultFullHttpRequest(decodeResult: success, version: HTTP/1.1, content: EmptyByteBufBE)
GET /session/a300dcd22577fb7b17b9b2a0142c0a2f/screenshot HTTP/1.1
User-Agent: selenium/4.1.2 (java windows)
Cache-Control: no-cache
Content-Type: application/json; charset=utf-8
host: localhost:56147
accept: */*

Response DefaultHttpResponse(decodeResult: success, version: HTTP/1.1)
HTTP/1.1 200 OK
Content-Type: application/json; charset=utf-8
cache-control: no-cache
content-length: 317888

12:45:06.398 [AsyncHttpClient-1-14] DEBUG org.asynchttpclient.netty.channel.ChannelManager - Adding key: http://localhost:56147 for channel [id: 0xe3b5625f, L:/127.0.0.1:63343 - R:localhost/127.0.0.1:56147]
12:45:06.411 [main] DEBUG net.serenitybdd.core.photography.Darkroom - Send negative for processing for target\site\serenity\1d2747c565bd79dd11b5684d62a7e8038cf90a94f6607db31c5068df306f6c53.png
12:45:06.412 [main] DEBUG net.thucydides.core.steps.StepInterceptor - STEP DONE: clickLogin
  &amp#27;[32mAnd &amp#27;[0m&amp#27;[32mclick login button&amp#27;[0m                              &amp#27;[90m# starter.stepdefinition.loginSteps.clickLoginButton()&amp#27;[0m
12:45:06.412 [Darkroom Processing Line] DEBUG net.serenitybdd.core.photography.DarkroomProcessingLine - Processing screenshot image in /var/screenshots/screenshot-6280280903796652238
12:45:06.412 [Darkroom Processing Line] DEBUG net.serenitybdd.core.photography.DarkroomProcessingLine - Saving screenshot to target\site\serenity\1d2747c565bd79dd11b5684d62a7e8038cf90a94f6607db31c5068df306f6c53.png
12:45:06.439 [main] DEBUG net.thucydides.core.steps.StepInterceptor - STARTING STEP: loginSteps.iStillInLoginPage - headerTextLogin
12:45:06.443 [Forwarding findElement on session a300dcd22577fb7b17b9b2a0142c0a2f to remote] DEBUG org.asynchttpclient.netty.request.NettyRequestSender - Using pooled Channel '[id: 0xe3b5625f, L:/127.0.0.1:63343 - R:localhost/127.0.0.1:56147]' for 'POST' to 'http://localhost:56147/session/a300dcd22577fb7b17b9b2a0142c0a2f/element'
12:45:06.443 [Forwarding findElement on session a300dcd22577fb7b17b9b2a0142c0a2f to remote] DEBUG org.asynchttpclient.netty.request.NettyRequestSender - Using open Channel [id: 0xe3b5625f, L:/127.0.0.1:63343 - R:localhost/127.0.0.1:56147] for POST '/session/a300dcd22577fb7b17b9b2a0142c0a2f/element'
12:45:06.451 [AsyncHttpClient-1-14] DEBUG org.asynchttpclient.netty.handler.HttpHandler - 

Request DefaultHttpRequest(decodeResult: success, version: HTTP/1.1)
POST /session/a300dcd22577fb7b17b9b2a0142c0a2f/element HTTP/1.1
User-Agent: selenium/4.1.2 (java windows)
Content-Length: 48
Content-Type: application/json; charset=utf-8
host: localhost:56147
accept: */*

Response DefaultHttpResponse(decodeResult: success, version: HTTP/1.1)
HTTP/1.1 400 Bad Request
Content-Type: application/json; charset=utf-8
cache-control: no-cache
content-length: 959

12:45:06.451 [AsyncHttpClient-1-14] DEBUG org.asynchttpclient.netty.channel.ChannelManager - Adding key: http://localhost:56147 for channel [id: 0xe3b5625f, L:/127.0.0.1:63343 - R:localhost/127.0.0.1:56147]
12:45:06.514 [Forwarding findElement on session a300dcd22577fb7b17b9b2a0142c0a2f to remote] DEBUG org.asynchttpclient.netty.request.NettyRequestSender - Using pooled Channel '[id: 0xe3b5625f, L:/127.0.0.1:63343 - R:localhost/127.0.0.1:56147]' for 'POST' to 'http://localhost:56147/session/a300dcd22577fb7b17b9b2a0142c0a2f/element'
12:45:06.514 [Forwarding findElement on session a300dcd22577fb7b17b9b2a0142c0a2f to remote] DEBUG org.asynchttpclient.netty.request.NettyRequestSender - Using open Channel [id: 0xe3b5625f, L:/127.0.0.1:63343 - R:localhost/127.0.0.1:56147] for POST '/session/a300dcd22577fb7b17b9b2a0142c0a2f/element'
12:45:06.529 [AsyncHttpClient-1-14] DEBUG org.asynchttpclient.netty.handler.HttpHandler - 

Request DefaultHttpRequest(decodeResult: success, version: HTTP/1.1)
POST /session/a300dcd22577fb7b17b9b2a0142c0a2f/element HTTP/1.1
User-Agent: selenium/4.1.2 (java windows)
Content-Length: 58
Content-Type: application/json; charset=utf-8
host: localhost:56147
accept: */*

Response DefaultHttpResponse(decodeResult: success, version: HTTP/1.1)
HTTP/1.1 200 OK
Content-Type: application/json; charset=utf-8
cache-control: no-cache
content-length: 88

12:45:06.529 [AsyncHttpClient-1-14] DEBUG org.asynchttpclient.netty.channel.ChannelManager - Adding key: http://localhost:56147 for channel [id: 0xe3b5625f, L:/127.0.0.1:63343 - R:localhost/127.0.0.1:56147]
12:45:06.530 [Forwarding getElementText on session a300dcd22577fb7b17b9b2a0142c0a2f to remote] DEBUG org.asynchttpclient.netty.request.NettyRequestSender - Using pooled Channel '[id: 0xe3b5625f, L:/127.0.0.1:63343 - R:localhost/127.0.0.1:56147]' for 'GET' to 'http://localhost:56147/session/a300dcd22577fb7b17b9b2a0142c0a2f/element/67c9f401-f3d5-42ec-b37c-57d975a68be9/text'
12:45:06.531 [Forwarding getElementText on session a300dcd22577fb7b17b9b2a0142c0a2f to remote] DEBUG org.asynchttpclient.netty.request.NettyRequestSender - Using open Channel [id: 0xe3b5625f, L:/127.0.0.1:63343 - R:localhost/127.0.0.1:56147] for GET '/session/a300dcd22577fb7b17b9b2a0142c0a2f/element/67c9f401-f3d5-42ec-b37c-57d975a68be9/text'
12:45:06.544 [AsyncHttpClient-1-14] DEBUG org.asynchttpclient.netty.handler.HttpHandler - 

Request DefaultFullHttpRequest(decodeResult: success, version: HTTP/1.1, content: EmptyByteBufBE)
GET /session/a300dcd22577fb7b17b9b2a0142c0a2f/element/67c9f401-f3d5-42ec-b37c-57d975a68be9/text HTTP/1.1
User-Agent: selenium/4.1.2 (java windows)
Cache-Control: no-cache
Content-Type: application/json; charset=utf-8
host: localhost:56147
accept: */*

Response DefaultHttpResponse(decodeResult: success, version: HTTP/1.1)
HTTP/1.1 200 OK
Content-Type: application/json; charset=utf-8
cache-control: no-cache
content-length: 17

12:45:06.545 [AsyncHttpClient-1-14] DEBUG org.asynchttpclient.netty.channel.ChannelManager - Adding key: http://localhost:56147 for channel [id: 0xe3b5625f, L:/127.0.0.1:63343 - R:localhost/127.0.0.1:56147]
12:45:06.549 [Forwarding screenshot on session a300dcd22577fb7b17b9b2a0142c0a2f to remote] DEBUG org.asynchttpclient.netty.request.NettyRequestSender - Using pooled Channel '[id: 0xe3b5625f, L:/127.0.0.1:63343 - R:localhost/127.0.0.1:56147]' for 'GET' to 'http://localhost:56147/session/a300dcd22577fb7b17b9b2a0142c0a2f/screenshot'
12:45:06.549 [Forwarding screenshot on session a300dcd22577fb7b17b9b2a0142c0a2f to remote] DEBUG org.asynchttpclient.netty.request.NettyRequestSender - Using open Channel [id: 0xe3b5625f, L:/127.0.0.1:63343 - R:localhost/127.0.0.1:56147] for GET '/session/a300dcd22577fb7b17b9b2a0142c0a2f/screenshot'
12:45:06.812 [AsyncHttpClient-1-14] DEBUG org.asynchttpclient.netty.handler.HttpHandler - 

Request DefaultFullHttpRequest(decodeResult: success, version: HTTP/1.1, content: EmptyByteBufBE)
GET /session/a300dcd22577fb7b17b9b2a0142c0a2f/screenshot HTTP/1.1
User-Agent: selenium/4.1.2 (java windows)
Cache-Control: no-cache
Content-Type: application/json; charset=utf-8
host: localhost:56147
accept: */*

Response DefaultHttpResponse(decodeResult: success, version: HTTP/1.1)
HTTP/1.1 200 OK
Content-Type: application/json; charset=utf-8
cache-control: no-cache
content-length: 317876

12:45:06.813 [AsyncHttpClient-1-14] DEBUG org.asynchttpclient.netty.channel.ChannelManager - Adding key: http://localhost:56147 for channel [id: 0xe3b5625f, L:/127.0.0.1:63343 - R:localhost/127.0.0.1:56147]
12:45:06.828 [main] DEBUG net.serenitybdd.core.photography.Darkroom - Send negative for processing for target\site\serenity\6045499570e77b660dca7438f72a3b83b57837f3e611349ce222caf20d5f0028.png
12:45:06.828 [main] DEBUG net.thucydides.core.steps.StepInterceptor - STEP DONE: headerTextLogin
  &amp#27;[32mThen &amp#27;[0m&amp#27;[32mi still in login page&amp#27;[0m                          &amp#27;[90m# starter.stepdefinition.loginSteps.iStillInLoginPage()&amp#27;[0m
12:45:06.828 [Darkroom Processing Line] DEBUG net.serenitybdd.core.photography.DarkroomProcessingLine - Processing screenshot image in /var/screenshots/screenshot-15907549990188260507
12:45:06.828 [Darkroom Processing Line] DEBUG net.serenitybdd.core.photography.DarkroomProcessingLine - Saving screenshot to target\site\serenity\6045499570e77b660dca7438f72a3b83b57837f3e611349ce222caf20d5f0028.png
12:45:06.839 [main] INFO  - 
  _____   ___   ___   _____     ___     _     ___   ___   ___   ___  
 |_   _| | __| / __| |_   _|   | _ \   /_\   / __| / __| | __| |   \ 
   | |   | _|  \__ \   | |     |  _/  / _ \  \__ \ \__ \ | _|  | |) |
   |_|   |___| |___/   |_|     |_|   /_/ \_\ |___/ |___/ |___| |___/ 

As a user i cannot login with null password
----------------------------------------------------------------------
12:45:06.841 [AsyncHttpClient-1-16] DEBUG org.asynchttpclient.netty.handler.WebSocketHandler - Channel Closed: [id: 0xcf6089a2, L:/127.0.0.1:63353 ! R:localhost/127.0.0.1:63344] with attribute NettyResponseFuture{currentRetry=5,
	isDone=1,
	isCancelled=0,
	asyncHandler=org.asynchttpclient.ws.WebSocketUpgradeHandler@efc8d6d,
	nettyRequest=org.asynchttpclient.netty.request.NettyRequest@4bfe12d6,
	future=java.util.concurrent.CompletableFuture@68e931ba[Completed normally],
	uri=ws://localhost:63344/devtools/browser/6c352e4f-24ad-40a1-9b5e-2ef93100b976,
	keepAlive=true,
	redirectCount=0,
	timeoutsHolder=null,
	inAuth=0,
	touch=1648619091996}
12:45:06.842 [AsyncHttpClient-1-16] DEBUG org.asynchttpclient.netty.channel.ChannelManager - Closing Channel [id: 0xcf6089a2, L:/127.0.0.1:63353 ! R:localhost/127.0.0.1:63344] 
12:45:06.849 [Driver Command Executor] DEBUG org.asynchttpclient.netty.request.NettyRequestSender - Using pooled Channel '[id: 0xe3b5625f, L:/127.0.0.1:63343 - R:localhost/127.0.0.1:56147]' for 'DELETE' to 'http://localhost:56147/session/a300dcd22577fb7b17b9b2a0142c0a2f'
12:45:06.850 [Driver Command Executor] DEBUG org.asynchttpclient.netty.request.NettyRequestSender - Using open Channel [id: 0xe3b5625f, L:/127.0.0.1:63343 - R:localhost/127.0.0.1:56147] for DELETE '/session/a300dcd22577fb7b17b9b2a0142c0a2f'
12:45:07.099 [AsyncHttpClient-1-1] DEBUG org.asynchttpclient.netty.channel.DefaultChannelPool - Entry count for : http://localhost:63344 : 1
12:45:07.177 [AsyncHttpClient-1-15] DEBUG org.asynchttpclient.netty.handler.HttpHandler - Unexpected I/O exception on channel [id: 0x0204a60f, L:/127.0.0.1:63352 - R:localhost/127.0.0.1:63344]
java.net.SocketException: Connection reset
	at java.base/sun.nio.ch.SocketChannelImpl.throwConnectionReset(SocketChannelImpl.java:367)
	at java.base/sun.nio.ch.SocketChannelImpl.read(SocketChannelImpl.java:398)
	at io.netty.buffer.PooledByteBuf.setBytes(PooledByteBuf.java:258)
	at io.netty.buffer.AbstractByteBuf.writeBytes(AbstractByteBuf.java:1132)
	at io.netty.channel.socket.nio.NioSocketChannel.doReadBytes(NioSocketChannel.java:350)
	at io.netty.channel.nio.AbstractNioByteChannel$NioByteUnsafe.read(AbstractNioByteChannel.java:151)
	at io.netty.channel.nio.NioEventLoop.processSelectedKey(NioEventLoop.java:722)
	at io.netty.channel.nio.NioEventLoop.processSelectedKeysOptimized(NioEventLoop.java:658)
	at io.netty.channel.nio.NioEventLoop.processSelectedKeys(NioEventLoop.java:584)
	at io.netty.channel.nio.NioEventLoop.run(NioEventLoop.java:496)
	at io.netty.util.concurrent.SingleThreadEventExecutor$4.run(SingleThreadEventExecutor.java:986)
	at io.netty.util.internal.ThreadExecutorMap$2.run(ThreadExecutorMap.java:74)
	at io.netty.util.concurrent.FastThreadLocalRunnable.run(FastThreadLocalRunnable.java:30)
	at java.base/java.lang.Thread.run(Thread.java:832)
12:45:07.177 [AsyncHttpClient-1-15] DEBUG org.asynchttpclient.netty.channel.ChannelManager - Closing Channel [id: 0x0204a60f, L:/127.0.0.1:63352 - R:localhost/127.0.0.1:63344] 
12:45:07.177 [AsyncHttpClient-1-15] DEBUG org.asynchttpclient.netty.handler.HttpHandler - Channel Closed: [id: 0x0204a60f, L:/127.0.0.1:63352 ! R:localhost/127.0.0.1:63344] with attribute DISCARD
12:45:07.273 [AsyncHttpClient-1-14] DEBUG org.asynchttpclient.netty.handler.HttpHandler - 

Request DefaultFullHttpRequest(decodeResult: success, version: HTTP/1.1, content: EmptyByteBufBE)
DELETE /session/a300dcd22577fb7b17b9b2a0142c0a2f HTTP/1.1
User-Agent: selenium/4.1.2 (java windows)
Content-Type: application/json; charset=utf-8
host: localhost:56147
accept: */*

Response DefaultHttpResponse(decodeResult: success, version: HTTP/1.1)
HTTP/1.1 200 OK
Content-Type: application/json; charset=utf-8
cache-control: no-cache
content-length: 14

12:45:07.273 [AsyncHttpClient-1-14] DEBUG org.asynchttpclient.netty.channel.ChannelManager - Adding key: http://localhost:56147 for channel [id: 0xe3b5625f, L:/127.0.0.1:63343 - R:localhost/127.0.0.1:56147]
12:45:08.199 [AsyncHttpClient-1-1] DEBUG org.asynchttpclient.netty.channel.DefaultChannelPool - Entry count for : http://localhost:63344 : 1
12:45:08.199 [AsyncHttpClient-1-1] DEBUG org.asynchttpclient.netty.channel.DefaultChannelPool - Entry count for : http://localhost:56147 : 1
12:45:08.199 [AsyncHttpClient-1-1] DEBUG org.asynchttpclient.netty.channel.DefaultChannelPool - Adding Candidate expired Channel [id: 0x0204a60f, L:/127.0.0.1:63352 ! R:localhost/127.0.0.1:63344] isIdleTimeoutExpired=false isRemotelyClosed=true isTtlExpired=false
12:45:08.199 [AsyncHttpClient-1-1] DEBUG org.asynchttpclient.netty.channel.DefaultChannelPool - Closing Idle Channel [id: 0x0204a60f, L:/127.0.0.1:63352 ! R:localhost/127.0.0.1:63344]
12:45:08.200 [AsyncHttpClient-1-1] DEBUG org.asynchttpclient.netty.channel.DefaultChannelPool - Closed 1 connections out of 2 in 1 ms
12:45:08.283 [AsyncHttpClient-1-14] DEBUG org.asynchttpclient.netty.handler.HttpHandler - Unexpected I/O exception on channel [id: 0xe3b5625f, L:/127.0.0.1:63343 - R:localhost/127.0.0.1:56147]
java.net.SocketException: Connection reset
	at java.base/sun.nio.ch.SocketChannelImpl.throwConnectionReset(SocketChannelImpl.java:367)
	at java.base/sun.nio.ch.SocketChannelImpl.read(SocketChannelImpl.java:398)
	at io.netty.buffer.PooledByteBuf.setBytes(PooledByteBuf.java:258)
	at io.netty.buffer.AbstractByteBuf.writeBytes(AbstractByteBuf.java:1132)
	at io.netty.channel.socket.nio.NioSocketChannel.doReadBytes(NioSocketChannel.java:350)
	at io.netty.channel.nio.AbstractNioByteChannel$NioByteUnsafe.read(AbstractNioByteChannel.java:151)
	at io.netty.channel.nio.NioEventLoop.processSelectedKey(NioEventLoop.java:722)
	at io.netty.channel.nio.NioEventLoop.processSelectedKeysOptimized(NioEventLoop.java:658)
	at io.netty.channel.nio.NioEventLoop.processSelectedKeys(NioEventLoop.java:584)
	at io.netty.channel.nio.NioEventLoop.run(NioEventLoop.java:496)
	at io.netty.util.concurrent.SingleThreadEventExecutor$4.run(SingleThreadEventExecutor.java:986)
	at io.netty.util.internal.ThreadExecutorMap$2.run(ThreadExecutorMap.java:74)
	at io.netty.util.concurrent.FastThreadLocalRunnable.run(FastThreadLocalRunnable.java:30)
	at java.base/java.lang.Thread.run(Thread.java:832)
12:45:08.283 [AsyncHttpClient-1-14] DEBUG org.asynchttpclient.netty.channel.ChannelManager - Closing Channel [id: 0xe3b5625f, L:/127.0.0.1:63343 - R:localhost/127.0.0.1:56147] 
12:45:08.283 [AsyncHttpClient-1-14] DEBUG org.asynchttpclient.netty.handler.HttpHandler - Channel Closed: [id: 0xe3b5625f, L:/127.0.0.1:63343 ! R:localhost/127.0.0.1:56147] with attribute DISCARD
]]></system-out>
    <system-err><![CDATA[Starting ChromeDriver 99.0.4844.51 (d537ec02474b5afe23684e7963d538896c63ac77-refs/branch-heads/4844@{#875}) on port 56147
Only local connections are allowed.
Please see https://chromedriver.chromium.org/security-considerations for suggestions on keeping ChromeDriver safe.
ChromeDriver was started successfully.
Mar 30, 2022 12:44:51 PM org.openqa.selenium.remote.ProtocolHandshake createSession
INFO: Detected dialect: W3C
Mar 30, 2022 12:44:51 PM org.openqa.selenium.devtools.CdpVersionFinder findNearestMatch
WARNING: Unable to find an exact match for CDP version 99, so returning the closest version found: 97
Mar 30, 2022 12:44:51 PM org.openqa.selenium.devtools.CdpVersionFinder findNearestMatch
INFO: Found CDP implementation for version 99 of 97
]]></system-err>
  </testcase>
  <testcase name="As a user i cannot login with null username" classname="Login" time="17.581">
    <system-out><![CDATA[
Scenario: As a user i cannot login with null username &amp#27;[90m# src/test/resources/features/login.feature:42&amp#27;[0m
12:45:08.355 [main] INFO io.cucumber.core.plugin.SerenityReporter - Running feature from file:///D:/PERKULIAHAN/Semester%206,Hebatt%20glad!/Altera/New%20folder/Serenity_Gladys/src/test/resources/features/login.feature
12:45:08.360 [main] INFO  - 
  _____   ___   ___   _____     ___   _____     _     ___   _____   ___   ___  
 |_   _| | __| / __| |_   _|   / __| |_   _|   /_\   | _ \ |_   _| | __| |   \ 
   | |   | _|  \__ \   | |     \__ \   | |    / _ \  |   /   | |   | _|  | |) |
   |_|   |___| |___/   |_|     |___/   |_|   /_/ \_\ |_|_\   |_|   |___| |___/ 

As a user i cannot login with null username(login;as-a-user-i-cannot-login-with-null-username)
--------------------------------------------------------------------------------
12:45:08.402 [main] DEBUG net.thucydides.core.steps.StepInterceptor - STARTING STEP: loginSteps.iAmInTheLoginPage - openUrl
12:45:08.404 [main] INFO net.serenitybdd.core.webdriver.driverproviders.ChromeDriverProvider - Using automatically driver download
12:45:08.799 [main] DEBUG io.github.bonigarcia.wdm.cache.ResolutionCache - Resolution chrome=99 in cache (valid until 13:34:24 30/03/2022 WIB)
12:45:08.812 [main] DEBUG io.github.bonigarcia.wdm.cache.ResolutionCache - Resolution chrome99=99.0.4844.51 in cache (valid until 13:36:02 30/03/2022 WIB)
12:45:08.819 [main] INFO io.github.bonigarcia.wdm.WebDriverManager - Using chromedriver 99.0.4844.51 (resolved driver for Chrome 99)
12:45:08.854 [main] DEBUG io.github.bonigarcia.wdm.WebDriverManager - Driver chromedriver 99.0.4844.51 found in cache
12:45:08.855 [main] INFO io.github.bonigarcia.wdm.WebDriverManager - Exporting webdriver.chrome.driver as C:\Users\ASUS\.cache\selenium\chromedriver\win32\99.0.4844.51\chromedriver.exe
12:45:09.206 [main] DEBUG net.serenitybdd.core.webdriver.driverproviders.ProvideNewDriver - Instantiating driver
12:45:09.207 [main] DEBUG net.serenitybdd.core.webdriver.driverproviders.ProvideNewDriver - Driver capabilities: Capabilities {acceptInsecureCerts: false, base.url: https://demoqa.com/login, browserName: chrome, chrome.driver: src/test/resources/webdrive..., driver: chrome, goog:chromeOptions: {args: [], extensions: []}}
12:45:09.303 [AsyncHttpClient-1-1] DEBUG org.asynchttpclient.netty.channel.DefaultChannelPool - Entry count for : http://localhost:56147 : 1
12:45:09.303 [AsyncHttpClient-1-1] DEBUG org.asynchttpclient.netty.channel.DefaultChannelPool - Adding Candidate expired Channel [id: 0xe3b5625f, L:/127.0.0.1:63343 ! R:localhost/127.0.0.1:56147] isIdleTimeoutExpired=false isRemotelyClosed=true isTtlExpired=false
12:45:09.303 [AsyncHttpClient-1-1] DEBUG org.asynchttpclient.netty.channel.DefaultChannelPool - Closing Idle Channel [id: 0xe3b5625f, L:/127.0.0.1:63343 ! R:localhost/127.0.0.1:56147]
12:45:09.303 [AsyncHttpClient-1-1] DEBUG org.asynchttpclient.netty.channel.DefaultChannelPool - Closed 1 connections out of 1 in 0 ms
12:45:09.777 [AsyncHttpClient-1-17] DEBUG org.asynchttpclient.netty.channel.NettyConnectListener - Using new Channel '[id: 0x80c5c1c3, L:/127.0.0.1:63413 - R:localhost/127.0.0.1:51851]' for 'POST' to '/session'
12:45:11.769 [AsyncHttpClient-1-17] DEBUG org.asynchttpclient.netty.handler.HttpHandler - 

Request DefaultHttpRequest(decodeResult: success, version: HTTP/1.1)
POST /session HTTP/1.1
User-Agent: selenium/4.1.2 (java windows)
Content-Length: 610
Content-Type: application/json; charset=utf-8
host: localhost:51851
accept: */*

Response DefaultHttpResponse(decodeResult: success, version: HTTP/1.1)
HTTP/1.1 200 OK
Content-Type: application/json; charset=utf-8
cache-control: no-cache
content-length: 785

12:45:11.769 [AsyncHttpClient-1-17] DEBUG org.asynchttpclient.netty.channel.ChannelManager - Adding key: http://localhost:51851 for channel [id: 0x80c5c1c3, L:/127.0.0.1:63413 - R:localhost/127.0.0.1:51851]
12:45:11.780 [AsyncHttpClient-1-2] DEBUG org.asynchttpclient.netty.channel.NettyConnectListener - Using new Channel '[id: 0xfb3110b9, L:/127.0.0.1:63423 - R:localhost/127.0.0.1:63416]' for 'GET' to '/json/version'
12:45:11.781 [AsyncHttpClient-1-2] DEBUG org.asynchttpclient.netty.handler.HttpHandler - 

Request DefaultFullHttpRequest(decodeResult: success, version: HTTP/1.1, content: EmptyByteBufBE)
GET /json/version HTTP/1.1
User-Agent: selenium/4.1.2 (java windows)
host: localhost:63416
accept: */*

Response DefaultHttpResponse(decodeResult: success, version: HTTP/1.1)
HTTP/1.1 200 OK
Content-Type: application/json; charset=UTF-8
content-length: 424

12:45:11.781 [AsyncHttpClient-1-2] DEBUG org.asynchttpclient.netty.channel.ChannelManager - Adding key: http://localhost:63416 for channel [id: 0xfb3110b9, L:/127.0.0.1:63423 - R:localhost/127.0.0.1:63416]
12:45:11.785 [AsyncHttpClient-1-3] DEBUG org.asynchttpclient.netty.channel.NettyConnectListener - Using new Channel '[id: 0x84f53380, L:/127.0.0.1:63424 - R:localhost/127.0.0.1:63416]' for 'GET' to '/devtools/browser/401b1271-8368-4e61-ad74-9ec92df96c59'
12:45:11.786 [AsyncHttpClient-1-3] DEBUG org.asynchttpclient.netty.handler.WebSocketHandler - 

Request DefaultFullHttpRequest(decodeResult: success, version: HTTP/1.1, content: EmptyByteBufBE)
GET /devtools/browser/401b1271-8368-4e61-ad74-9ec92df96c59 HTTP/1.1
upgrade: websocket
connection: upgrade
sec-websocket-key: KM0/xlsgqFIXRRUHO9GCdg==
sec-websocket-version: 13
origin: http://localhost:63416
host: localhost:63416
accept: */*
user-agent: AHC/2.1

Response DefaultHttpResponse(decodeResult: success, version: HTTP/1.1)
HTTP/1.1 101 WebSocket Protocol Handshake
Upgrade: WebSocket
Connection: Upgrade
Sec-WebSocket-Accept: aSTNlqW5UgLme8sAkXZ2mpweiKQ=

12:45:11.796 [Forwarding maximizeCurrentWindow on session a4f5c560ef616009369bb297b690df4a to remote] DEBUG org.asynchttpclient.netty.request.NettyRequestSender - Using pooled Channel '[id: 0x80c5c1c3, L:/127.0.0.1:63413 - R:localhost/127.0.0.1:51851]' for 'POST' to 'http://localhost:51851/session/a4f5c560ef616009369bb297b690df4a/window/maximize'
12:45:11.797 [Forwarding maximizeCurrentWindow on session a4f5c560ef616009369bb297b690df4a to remote] DEBUG org.asynchttpclient.netty.request.NettyRequestSender - Using open Channel [id: 0x80c5c1c3, L:/127.0.0.1:63413 - R:localhost/127.0.0.1:51851] for POST '/session/a4f5c560ef616009369bb297b690df4a/window/maximize'
12:45:11.981 [AsyncHttpClient-1-17] DEBUG org.asynchttpclient.netty.handler.HttpHandler - 

Request DefaultHttpRequest(decodeResult: success, version: HTTP/1.1)
POST /session/a4f5c560ef616009369bb297b690df4a/window/maximize HTTP/1.1
User-Agent: selenium/4.1.2 (java windows)
Content-Length: 3
Content-Type: application/json; charset=utf-8
host: localhost:51851
accept: */*

Response DefaultHttpResponse(decodeResult: success, version: HTTP/1.1)
HTTP/1.1 200 OK
Content-Type: application/json; charset=utf-8
cache-control: no-cache
content-length: 51

12:45:11.982 [AsyncHttpClient-1-17] DEBUG org.asynchttpclient.netty.channel.ChannelManager - Adding key: http://localhost:51851 for channel [id: 0x80c5c1c3, L:/127.0.0.1:63413 - R:localhost/127.0.0.1:51851]
12:45:11.986 [Forwarding get on session a4f5c560ef616009369bb297b690df4a to remote] DEBUG org.asynchttpclient.netty.request.NettyRequestSender - Using pooled Channel '[id: 0x80c5c1c3, L:/127.0.0.1:63413 - R:localhost/127.0.0.1:51851]' for 'POST' to 'http://localhost:51851/session/a4f5c560ef616009369bb297b690df4a/url'
12:45:11.986 [Forwarding get on session a4f5c560ef616009369bb297b690df4a to remote] DEBUG org.asynchttpclient.netty.request.NettyRequestSender - Using open Channel [id: 0x80c5c1c3, L:/127.0.0.1:63413 - R:localhost/127.0.0.1:51851] for POST '/session/a4f5c560ef616009369bb297b690df4a/url'
12:45:12.595 [AsyncHttpClient-1-1] DEBUG org.asynchttpclient.netty.channel.DefaultChannelPool - Entry count for : http://localhost:63416 : 1
12:45:13.703 [AsyncHttpClient-1-1] DEBUG org.asynchttpclient.netty.channel.DefaultChannelPool - Entry count for : http://localhost:63416 : 1
12:45:14.794 [AsyncHttpClient-1-1] DEBUG org.asynchttpclient.netty.channel.DefaultChannelPool - Entry count for : http://localhost:63416 : 1
12:45:15.896 [AsyncHttpClient-1-1] DEBUG org.asynchttpclient.netty.channel.DefaultChannelPool - Entry count for : http://localhost:63416 : 1
12:45:16.995 [AsyncHttpClient-1-1] DEBUG org.asynchttpclient.netty.channel.DefaultChannelPool - Entry count for : http://localhost:63416 : 1
12:45:18.098 [AsyncHttpClient-1-1] DEBUG org.asynchttpclient.netty.channel.DefaultChannelPool - Entry count for : http://localhost:63416 : 1
12:45:19.194 [AsyncHttpClient-1-1] DEBUG org.asynchttpclient.netty.channel.DefaultChannelPool - Entry count for : http://localhost:63416 : 1
12:45:20.304 [AsyncHttpClient-1-1] DEBUG org.asynchttpclient.netty.channel.DefaultChannelPool - Entry count for : http://localhost:63416 : 1
12:45:20.566 [AsyncHttpClient-1-17] DEBUG org.asynchttpclient.netty.handler.HttpHandler - 

Request DefaultHttpRequest(decodeResult: success, version: HTTP/1.1)
POST /session/a4f5c560ef616009369bb297b690df4a/url HTTP/1.1
User-Agent: selenium/4.1.2 (java windows)
Content-Length: 54
Content-Type: application/json; charset=utf-8
host: localhost:51851
accept: */*

Response DefaultHttpResponse(decodeResult: success, version: HTTP/1.1)
HTTP/1.1 200 OK
Content-Type: application/json; charset=utf-8
cache-control: no-cache
content-length: 14

12:45:20.567 [AsyncHttpClient-1-17] DEBUG org.asynchttpclient.netty.channel.ChannelManager - Adding key: http://localhost:51851 for channel [id: 0x80c5c1c3, L:/127.0.0.1:63413 - R:localhost/127.0.0.1:51851]
12:45:20.569 [Forwarding setTimeout on session a4f5c560ef616009369bb297b690df4a to remote] DEBUG org.asynchttpclient.netty.request.NettyRequestSender - Using pooled Channel '[id: 0x80c5c1c3, L:/127.0.0.1:63413 - R:localhost/127.0.0.1:51851]' for 'POST' to 'http://localhost:51851/session/a4f5c560ef616009369bb297b690df4a/timeouts'
12:45:20.569 [Forwarding setTimeout on session a4f5c560ef616009369bb297b690df4a to remote] DEBUG org.asynchttpclient.netty.request.NettyRequestSender - Using open Channel [id: 0x80c5c1c3, L:/127.0.0.1:63413 - R:localhost/127.0.0.1:51851] for POST '/session/a4f5c560ef616009369bb297b690df4a/timeouts'
12:45:20.570 [AsyncHttpClient-1-17] DEBUG org.asynchttpclient.netty.handler.HttpHandler - 

Request DefaultHttpRequest(decodeResult: success, version: HTTP/1.1)
POST /session/a4f5c560ef616009369bb297b690df4a/timeouts HTTP/1.1
User-Agent: selenium/4.1.2 (java windows)
Content-Length: 22
Content-Type: application/json; charset=utf-8
host: localhost:51851
accept: */*

Response DefaultHttpResponse(decodeResult: success, version: HTTP/1.1)
HTTP/1.1 200 OK
Content-Type: application/json; charset=utf-8
cache-control: no-cache
content-length: 14

12:45:20.571 [AsyncHttpClient-1-17] DEBUG org.asynchttpclient.netty.channel.ChannelManager - Adding key: http://localhost:51851 for channel [id: 0x80c5c1c3, L:/127.0.0.1:63413 - R:localhost/127.0.0.1:51851]
12:45:20.575 [Forwarding getCurrentUrl on session a4f5c560ef616009369bb297b690df4a to remote] DEBUG org.asynchttpclient.netty.request.NettyRequestSender - Using pooled Channel '[id: 0x80c5c1c3, L:/127.0.0.1:63413 - R:localhost/127.0.0.1:51851]' for 'GET' to 'http://localhost:51851/session/a4f5c560ef616009369bb297b690df4a/url'
12:45:20.575 [Forwarding getCurrentUrl on session a4f5c560ef616009369bb297b690df4a to remote] DEBUG org.asynchttpclient.netty.request.NettyRequestSender - Using open Channel [id: 0x80c5c1c3, L:/127.0.0.1:63413 - R:localhost/127.0.0.1:51851] for GET '/session/a4f5c560ef616009369bb297b690df4a/url'
12:45:20.582 [AsyncHttpClient-1-17] DEBUG org.asynchttpclient.netty.handler.HttpHandler - 

Request DefaultFullHttpRequest(decodeResult: success, version: HTTP/1.1, content: EmptyByteBufBE)
GET /session/a4f5c560ef616009369bb297b690df4a/url HTTP/1.1
User-Agent: selenium/4.1.2 (java windows)
Cache-Control: no-cache
Content-Type: application/json; charset=utf-8
host: localhost:51851
accept: */*

Response DefaultHttpResponse(decodeResult: success, version: HTTP/1.1)
HTTP/1.1 200 OK
Content-Type: application/json; charset=utf-8
cache-control: no-cache
content-length: 36

12:45:20.582 [AsyncHttpClient-1-17] DEBUG org.asynchttpclient.netty.channel.ChannelManager - Adding key: http://localhost:51851 for channel [id: 0x80c5c1c3, L:/127.0.0.1:63413 - R:localhost/127.0.0.1:51851]
12:45:20.592 [Forwarding screenshot on session a4f5c560ef616009369bb297b690df4a to remote] DEBUG org.asynchttpclient.netty.request.NettyRequestSender - Using pooled Channel '[id: 0x80c5c1c3, L:/127.0.0.1:63413 - R:localhost/127.0.0.1:51851]' for 'GET' to 'http://localhost:51851/session/a4f5c560ef616009369bb297b690df4a/screenshot'
12:45:20.592 [Forwarding screenshot on session a4f5c560ef616009369bb297b690df4a to remote] DEBUG org.asynchttpclient.netty.request.NettyRequestSender - Using open Channel [id: 0x80c5c1c3, L:/127.0.0.1:63413 - R:localhost/127.0.0.1:51851] for GET '/session/a4f5c560ef616009369bb297b690df4a/screenshot'
12:45:21.067 [AsyncHttpClient-1-17] DEBUG org.asynchttpclient.netty.handler.HttpHandler - 

Request DefaultFullHttpRequest(decodeResult: success, version: HTTP/1.1, content: EmptyByteBufBE)
GET /session/a4f5c560ef616009369bb297b690df4a/screenshot HTTP/1.1
User-Agent: selenium/4.1.2 (java windows)
Cache-Control: no-cache
Content-Type: application/json; charset=utf-8
host: localhost:51851
accept: */*

Response DefaultHttpResponse(decodeResult: success, version: HTTP/1.1)
HTTP/1.1 200 OK
Content-Type: application/json; charset=utf-8
cache-control: no-cache
content-length: 388596

12:45:21.070 [AsyncHttpClient-1-17] DEBUG org.asynchttpclient.netty.channel.ChannelManager - Adding key: http://localhost:51851 for channel [id: 0x80c5c1c3, L:/127.0.0.1:63413 - R:localhost/127.0.0.1:51851]
12:45:21.095 [main] DEBUG net.serenitybdd.core.photography.Darkroom - Send negative for processing for target\site\serenity\f4be07a7605f3299668ace46304e4ac30a7f76710298cf2e561fac7e9c9b619b.png
12:45:21.096 [main] DEBUG net.thucydides.core.steps.StepInterceptor - STEP DONE: openUrl
12:45:21.121 [Darkroom Processing Line] DEBUG net.serenitybdd.core.photography.DarkroomProcessingLine - Processing screenshot image in /var/screenshots/screenshot-8879050767481249591
12:45:21.121 [Darkroom Processing Line] DEBUG net.serenitybdd.core.photography.DarkroomProcessingLine - Saving screenshot to target\site\serenity\f4be07a7605f3299668ace46304e4ac30a7f76710298cf2e561fac7e9c9b619b.png
12:45:21.137 [main] DEBUG net.thucydides.core.steps.StepInterceptor - STARTING STEP: loginSteps.iAmInTheLoginPage - validateIfButtonLoginIsAppear
12:45:21.142 [Forwarding findElement on session a4f5c560ef616009369bb297b690df4a to remote] DEBUG org.asynchttpclient.netty.request.NettyRequestSender - Using pooled Channel '[id: 0x80c5c1c3, L:/127.0.0.1:63413 - R:localhost/127.0.0.1:51851]' for 'POST' to 'http://localhost:51851/session/a4f5c560ef616009369bb297b690df4a/element'
12:45:21.142 [Forwarding findElement on session a4f5c560ef616009369bb297b690df4a to remote] DEBUG org.asynchttpclient.netty.request.NettyRequestSender - Using open Channel [id: 0x80c5c1c3, L:/127.0.0.1:63413 - R:localhost/127.0.0.1:51851] for POST '/session/a4f5c560ef616009369bb297b690df4a/element'
12:45:21.251 [AsyncHttpClient-1-17] DEBUG org.asynchttpclient.netty.handler.HttpHandler - 

Request DefaultHttpRequest(decodeResult: success, version: HTTP/1.1)
POST /session/a4f5c560ef616009369bb297b690df4a/element HTTP/1.1
User-Agent: selenium/4.1.2 (java windows)
Content-Length: 50
Content-Type: application/json; charset=utf-8
host: localhost:51851
accept: */*

Response DefaultHttpResponse(decodeResult: success, version: HTTP/1.1)
HTTP/1.1 200 OK
Content-Type: application/json; charset=utf-8
cache-control: no-cache
content-length: 88

12:45:21.252 [AsyncHttpClient-1-17] DEBUG org.asynchttpclient.netty.channel.ChannelManager - Adding key: http://localhost:51851 for channel [id: 0x80c5c1c3, L:/127.0.0.1:63413 - R:localhost/127.0.0.1:51851]
12:45:21.263 [Forwarding isElementDisplayed on session a4f5c560ef616009369bb297b690df4a to remote] DEBUG org.asynchttpclient.netty.request.NettyRequestSender - Using pooled Channel '[id: 0x80c5c1c3, L:/127.0.0.1:63413 - R:localhost/127.0.0.1:51851]' for 'POST' to 'http://localhost:51851/session/a4f5c560ef616009369bb297b690df4a/execute/sync'
12:45:21.263 [Forwarding isElementDisplayed on session a4f5c560ef616009369bb297b690df4a to remote] DEBUG org.asynchttpclient.netty.request.NettyRequestSender - Using open Channel [id: 0x80c5c1c3, L:/127.0.0.1:63413 - R:localhost/127.0.0.1:51851] for POST '/session/a4f5c560ef616009369bb297b690df4a/execute/sync'
12:45:21.301 [AsyncHttpClient-1-17] DEBUG org.asynchttpclient.netty.handler.HttpHandler - 

Request DefaultHttpRequest(decodeResult: success, version: HTTP/1.1)
POST /session/a4f5c560ef616009369bb297b690df4a/execute/sync HTTP/1.1
User-Agent: selenium/4.1.2 (java windows)
Content-Length: 48780
Content-Type: application/json; charset=utf-8
host: localhost:51851
accept: */*

Response DefaultHttpResponse(decodeResult: success, version: HTTP/1.1)
HTTP/1.1 200 OK
Content-Type: application/json; charset=utf-8
cache-control: no-cache
content-length: 14

12:45:21.301 [AsyncHttpClient-1-17] DEBUG org.asynchttpclient.netty.channel.ChannelManager - Adding key: http://localhost:51851 for channel [id: 0x80c5c1c3, L:/127.0.0.1:63413 - R:localhost/127.0.0.1:51851]
12:45:21.312 [Forwarding screenshot on session a4f5c560ef616009369bb297b690df4a to remote] DEBUG org.asynchttpclient.netty.request.NettyRequestSender - Using pooled Channel '[id: 0x80c5c1c3, L:/127.0.0.1:63413 - R:localhost/127.0.0.1:51851]' for 'GET' to 'http://localhost:51851/session/a4f5c560ef616009369bb297b690df4a/screenshot'
12:45:21.312 [Forwarding screenshot on session a4f5c560ef616009369bb297b690df4a to remote] DEBUG org.asynchttpclient.netty.request.NettyRequestSender - Using open Channel [id: 0x80c5c1c3, L:/127.0.0.1:63413 - R:localhost/127.0.0.1:51851] for GET '/session/a4f5c560ef616009369bb297b690df4a/screenshot'
12:45:21.396 [AsyncHttpClient-1-1] DEBUG org.asynchttpclient.netty.channel.DefaultChannelPool - Entry count for : http://localhost:63416 : 1
12:45:21.819 [AsyncHttpClient-1-17] DEBUG org.asynchttpclient.netty.handler.HttpHandler - 

Request DefaultFullHttpRequest(decodeResult: success, version: HTTP/1.1, content: EmptyByteBufBE)
GET /session/a4f5c560ef616009369bb297b690df4a/screenshot HTTP/1.1
User-Agent: selenium/4.1.2 (java windows)
Cache-Control: no-cache
Content-Type: application/json; charset=utf-8
host: localhost:51851
accept: */*

Response DefaultHttpResponse(decodeResult: success, version: HTTP/1.1)
HTTP/1.1 200 OK
Content-Type: application/json; charset=utf-8
cache-control: no-cache
content-length: 388596

12:45:21.821 [AsyncHttpClient-1-17] DEBUG org.asynchttpclient.netty.channel.ChannelManager - Adding key: http://localhost:51851 for channel [id: 0x80c5c1c3, L:/127.0.0.1:63413 - R:localhost/127.0.0.1:51851]
12:45:21.844 [main] DEBUG net.serenitybdd.core.photography.Darkroom - Send negative for processing for target\site\serenity\f4be07a7605f3299668ace46304e4ac30a7f76710298cf2e561fac7e9c9b619b.png
12:45:21.844 [main] DEBUG net.thucydides.core.steps.StepInterceptor - STEP DONE: validateIfButtonLoginIsAppear
  &amp#27;[32mGiven &amp#27;[0m&amp#27;[32mi am in the login page&amp#27;[0m                        &amp#27;[90m# starter.stepdefinition.loginSteps.iAmInTheLoginPage()&amp#27;[0m
12:45:21.883 [main] DEBUG net.thucydides.core.steps.StepInterceptor - STARTING STEP: loginSteps.iInputNullUsername - nullUsername
12:45:21.888 [Forwarding findElement on session a4f5c560ef616009369bb297b690df4a to remote] DEBUG org.asynchttpclient.netty.request.NettyRequestSender - Using pooled Channel '[id: 0x80c5c1c3, L:/127.0.0.1:63413 - R:localhost/127.0.0.1:51851]' for 'POST' to 'http://localhost:51851/session/a4f5c560ef616009369bb297b690df4a/element'
12:45:21.888 [Forwarding findElement on session a4f5c560ef616009369bb297b690df4a to remote] DEBUG org.asynchttpclient.netty.request.NettyRequestSender - Using open Channel [id: 0x80c5c1c3, L:/127.0.0.1:63413 - R:localhost/127.0.0.1:51851] for POST '/session/a4f5c560ef616009369bb297b690df4a/element'
12:45:21.916 [AsyncHttpClient-1-17] DEBUG org.asynchttpclient.netty.handler.HttpHandler - 

Request DefaultHttpRequest(decodeResult: success, version: HTTP/1.1)
POST /session/a4f5c560ef616009369bb297b690df4a/element HTTP/1.1
User-Agent: selenium/4.1.2 (java windows)
Content-Length: 53
Content-Type: application/json; charset=utf-8
host: localhost:51851
accept: */*

Response DefaultHttpResponse(decodeResult: success, version: HTTP/1.1)
HTTP/1.1 200 OK
Content-Type: application/json; charset=utf-8
cache-control: no-cache
content-length: 88

12:45:21.916 [AsyncHttpClient-1-17] DEBUG org.asynchttpclient.netty.channel.ChannelManager - Adding key: http://localhost:51851 for channel [id: 0x80c5c1c3, L:/127.0.0.1:63413 - R:localhost/127.0.0.1:51851]
12:45:21.920 [Forwarding clearElement on session a4f5c560ef616009369bb297b690df4a to remote] DEBUG org.asynchttpclient.netty.request.NettyRequestSender - Using pooled Channel '[id: 0x80c5c1c3, L:/127.0.0.1:63413 - R:localhost/127.0.0.1:51851]' for 'POST' to 'http://localhost:51851/session/a4f5c560ef616009369bb297b690df4a/element/f571fe64-c1e2-44c1-ae71-600a01149098/clear'
12:45:21.920 [Forwarding clearElement on session a4f5c560ef616009369bb297b690df4a to remote] DEBUG org.asynchttpclient.netty.request.NettyRequestSender - Using open Channel [id: 0x80c5c1c3, L:/127.0.0.1:63413 - R:localhost/127.0.0.1:51851] for POST '/session/a4f5c560ef616009369bb297b690df4a/element/f571fe64-c1e2-44c1-ae71-600a01149098/clear'
12:45:21.986 [AsyncHttpClient-1-17] DEBUG org.asynchttpclient.netty.handler.HttpHandler - 

Request DefaultHttpRequest(decodeResult: success, version: HTTP/1.1)
POST /session/a4f5c560ef616009369bb297b690df4a/element/f571fe64-c1e2-44c1-ae71-600a01149098/clear HTTP/1.1
User-Agent: selenium/4.1.2 (java windows)
Content-Length: 50
Content-Type: application/json; charset=utf-8
host: localhost:51851
accept: */*

Response DefaultHttpResponse(decodeResult: success, version: HTTP/1.1)
HTTP/1.1 200 OK
Content-Type: application/json; charset=utf-8
cache-control: no-cache
content-length: 14

12:45:21.986 [AsyncHttpClient-1-17] DEBUG org.asynchttpclient.netty.channel.ChannelManager - Adding key: http://localhost:51851 for channel [id: 0x80c5c1c3, L:/127.0.0.1:63413 - R:localhost/127.0.0.1:51851]
12:45:21.989 [Forwarding sendKeysToElement on session a4f5c560ef616009369bb297b690df4a to remote] DEBUG org.asynchttpclient.netty.request.NettyRequestSender - Using pooled Channel '[id: 0x80c5c1c3, L:/127.0.0.1:63413 - R:localhost/127.0.0.1:51851]' for 'POST' to 'http://localhost:51851/session/a4f5c560ef616009369bb297b690df4a/element/f571fe64-c1e2-44c1-ae71-600a01149098/value'
12:45:21.990 [Forwarding sendKeysToElement on session a4f5c560ef616009369bb297b690df4a to remote] DEBUG org.asynchttpclient.netty.request.NettyRequestSender - Using open Channel [id: 0x80c5c1c3, L:/127.0.0.1:63413 - R:localhost/127.0.0.1:51851] for POST '/session/a4f5c560ef616009369bb297b690df4a/element/f571fe64-c1e2-44c1-ae71-600a01149098/value'
12:45:22.060 [AsyncHttpClient-1-17] DEBUG org.asynchttpclient.netty.handler.HttpHandler - 

Request DefaultHttpRequest(decodeResult: success, version: HTTP/1.1)
POST /session/a4f5c560ef616009369bb297b690df4a/element/f571fe64-c1e2-44c1-ae71-600a01149098/value HTTP/1.1
User-Agent: selenium/4.1.2 (java windows)
Content-Length: 82
Content-Type: application/json; charset=utf-8
host: localhost:51851
accept: */*

Response DefaultHttpResponse(decodeResult: success, version: HTTP/1.1)
HTTP/1.1 200 OK
Content-Type: application/json; charset=utf-8
cache-control: no-cache
content-length: 14

12:45:22.060 [AsyncHttpClient-1-17] DEBUG org.asynchttpclient.netty.channel.ChannelManager - Adding key: http://localhost:51851 for channel [id: 0x80c5c1c3, L:/127.0.0.1:63413 - R:localhost/127.0.0.1:51851]
12:45:22.075 [Forwarding screenshot on session a4f5c560ef616009369bb297b690df4a to remote] DEBUG org.asynchttpclient.netty.request.NettyRequestSender - Using pooled Channel '[id: 0x80c5c1c3, L:/127.0.0.1:63413 - R:localhost/127.0.0.1:51851]' for 'GET' to 'http://localhost:51851/session/a4f5c560ef616009369bb297b690df4a/screenshot'
12:45:22.075 [Forwarding screenshot on session a4f5c560ef616009369bb297b690df4a to remote] DEBUG org.asynchttpclient.netty.request.NettyRequestSender - Using open Channel [id: 0x80c5c1c3, L:/127.0.0.1:63413 - R:localhost/127.0.0.1:51851] for GET '/session/a4f5c560ef616009369bb297b690df4a/screenshot'
12:45:22.497 [AsyncHttpClient-1-1] DEBUG org.asynchttpclient.netty.channel.DefaultChannelPool - Entry count for : http://localhost:63416 : 1
12:45:22.688 [AsyncHttpClient-1-17] DEBUG org.asynchttpclient.netty.handler.HttpHandler - 

Request DefaultFullHttpRequest(decodeResult: success, version: HTTP/1.1, content: EmptyByteBufBE)
GET /session/a4f5c560ef616009369bb297b690df4a/screenshot HTTP/1.1
User-Agent: selenium/4.1.2 (java windows)
Cache-Control: no-cache
Content-Type: application/json; charset=utf-8
host: localhost:51851
accept: */*

Response DefaultHttpResponse(decodeResult: success, version: HTTP/1.1)
HTTP/1.1 200 OK
Content-Type: application/json; charset=utf-8
cache-control: no-cache
content-length: 388868

12:45:22.691 [AsyncHttpClient-1-17] DEBUG org.asynchttpclient.netty.channel.ChannelManager - Adding key: http://localhost:51851 for channel [id: 0x80c5c1c3, L:/127.0.0.1:63413 - R:localhost/127.0.0.1:51851]
12:45:22.709 [main] DEBUG net.serenitybdd.core.photography.Darkroom - Send negative for processing for target\site\serenity\cfd4b1d5027e8a20f5934b063e82b562126e9a0da16922c549c2a926e798d9aa.png
12:45:22.710 [main] DEBUG net.thucydides.core.steps.StepInterceptor - STEP DONE: nullUsername
  &amp#27;[32mWhen &amp#27;[0m&amp#27;[32mi input null username&amp#27;[0m                          &amp#27;[90m# starter.stepdefinition.loginSteps.iInputNullUsername()&amp#27;[0m
12:45:22.710 [Darkroom Processing Line] DEBUG net.serenitybdd.core.photography.DarkroomProcessingLine - Processing screenshot image in /var/screenshots/screenshot-13671140588174133440
12:45:22.710 [Darkroom Processing Line] DEBUG net.serenitybdd.core.photography.DarkroomProcessingLine - Saving screenshot to target\site\serenity\cfd4b1d5027e8a20f5934b063e82b562126e9a0da16922c549c2a926e798d9aa.png
12:45:22.742 [main] DEBUG net.thucydides.core.steps.StepInterceptor - STARTING STEP: loginSteps.iInputValidPassword - inputPasswordToField
12:45:22.748 [Forwarding findElement on session a4f5c560ef616009369bb297b690df4a to remote] DEBUG org.asynchttpclient.netty.request.NettyRequestSender - Using pooled Channel '[id: 0x80c5c1c3, L:/127.0.0.1:63413 - R:localhost/127.0.0.1:51851]' for 'POST' to 'http://localhost:51851/session/a4f5c560ef616009369bb297b690df4a/element'
12:45:22.748 [Forwarding findElement on session a4f5c560ef616009369bb297b690df4a to remote] DEBUG org.asynchttpclient.netty.request.NettyRequestSender - Using open Channel [id: 0x80c5c1c3, L:/127.0.0.1:63413 - R:localhost/127.0.0.1:51851] for POST '/session/a4f5c560ef616009369bb297b690df4a/element'
12:45:22.776 [AsyncHttpClient-1-17] DEBUG org.asynchttpclient.netty.handler.HttpHandler - 

Request DefaultHttpRequest(decodeResult: success, version: HTTP/1.1)
POST /session/a4f5c560ef616009369bb297b690df4a/element HTTP/1.1
User-Agent: selenium/4.1.2 (java windows)
Content-Length: 53
Content-Type: application/json; charset=utf-8
host: localhost:51851
accept: */*

Response DefaultHttpResponse(decodeResult: success, version: HTTP/1.1)
HTTP/1.1 200 OK
Content-Type: application/json; charset=utf-8
cache-control: no-cache
content-length: 88

12:45:22.776 [AsyncHttpClient-1-17] DEBUG org.asynchttpclient.netty.channel.ChannelManager - Adding key: http://localhost:51851 for channel [id: 0x80c5c1c3, L:/127.0.0.1:63413 - R:localhost/127.0.0.1:51851]
12:45:22.780 [Forwarding clearElement on session a4f5c560ef616009369bb297b690df4a to remote] DEBUG org.asynchttpclient.netty.request.NettyRequestSender - Using pooled Channel '[id: 0x80c5c1c3, L:/127.0.0.1:63413 - R:localhost/127.0.0.1:51851]' for 'POST' to 'http://localhost:51851/session/a4f5c560ef616009369bb297b690df4a/element/f571fe64-c1e2-44c1-ae71-600a01149098/clear'
12:45:22.780 [Forwarding clearElement on session a4f5c560ef616009369bb297b690df4a to remote] DEBUG org.asynchttpclient.netty.request.NettyRequestSender - Using open Channel [id: 0x80c5c1c3, L:/127.0.0.1:63413 - R:localhost/127.0.0.1:51851] for POST '/session/a4f5c560ef616009369bb297b690df4a/element/f571fe64-c1e2-44c1-ae71-600a01149098/clear'
12:45:22.823 [AsyncHttpClient-1-17] DEBUG org.asynchttpclient.netty.handler.HttpHandler - 

Request DefaultHttpRequest(decodeResult: success, version: HTTP/1.1)
POST /session/a4f5c560ef616009369bb297b690df4a/element/f571fe64-c1e2-44c1-ae71-600a01149098/clear HTTP/1.1
User-Agent: selenium/4.1.2 (java windows)
Content-Length: 50
Content-Type: application/json; charset=utf-8
host: localhost:51851
accept: */*

Response DefaultHttpResponse(decodeResult: success, version: HTTP/1.1)
HTTP/1.1 200 OK
Content-Type: application/json; charset=utf-8
cache-control: no-cache
content-length: 14

12:45:22.824 [AsyncHttpClient-1-17] DEBUG org.asynchttpclient.netty.channel.ChannelManager - Adding key: http://localhost:51851 for channel [id: 0x80c5c1c3, L:/127.0.0.1:63413 - R:localhost/127.0.0.1:51851]
12:45:22.827 [Forwarding sendKeysToElement on session a4f5c560ef616009369bb297b690df4a to remote] DEBUG org.asynchttpclient.netty.request.NettyRequestSender - Using pooled Channel '[id: 0x80c5c1c3, L:/127.0.0.1:63413 - R:localhost/127.0.0.1:51851]' for 'POST' to 'http://localhost:51851/session/a4f5c560ef616009369bb297b690df4a/element/f571fe64-c1e2-44c1-ae71-600a01149098/value'
12:45:22.827 [Forwarding sendKeysToElement on session a4f5c560ef616009369bb297b690df4a to remote] DEBUG org.asynchttpclient.netty.request.NettyRequestSender - Using open Channel [id: 0x80c5c1c3, L:/127.0.0.1:63413 - R:localhost/127.0.0.1:51851] for POST '/session/a4f5c560ef616009369bb297b690df4a/element/f571fe64-c1e2-44c1-ae71-600a01149098/value'
12:45:22.959 [AsyncHttpClient-1-17] DEBUG org.asynchttpclient.netty.handler.HttpHandler - 

Request DefaultHttpRequest(decodeResult: success, version: HTTP/1.1)
POST /session/a4f5c560ef616009369bb297b690df4a/element/f571fe64-c1e2-44c1-ae71-600a01149098/value HTTP/1.1
User-Agent: selenium/4.1.2 (java windows)
Content-Length: 171
Content-Type: application/json; charset=utf-8
host: localhost:51851
accept: */*

Response DefaultHttpResponse(decodeResult: success, version: HTTP/1.1)
HTTP/1.1 200 OK
Content-Type: application/json; charset=utf-8
cache-control: no-cache
content-length: 14

12:45:22.959 [AsyncHttpClient-1-17] DEBUG org.asynchttpclient.netty.channel.ChannelManager - Adding key: http://localhost:51851 for channel [id: 0x80c5c1c3, L:/127.0.0.1:63413 - R:localhost/127.0.0.1:51851]
12:45:22.976 [Forwarding screenshot on session a4f5c560ef616009369bb297b690df4a to remote] DEBUG org.asynchttpclient.netty.request.NettyRequestSender - Using pooled Channel '[id: 0x80c5c1c3, L:/127.0.0.1:63413 - R:localhost/127.0.0.1:51851]' for 'GET' to 'http://localhost:51851/session/a4f5c560ef616009369bb297b690df4a/screenshot'
12:45:22.977 [Forwarding screenshot on session a4f5c560ef616009369bb297b690df4a to remote] DEBUG org.asynchttpclient.netty.request.NettyRequestSender - Using open Channel [id: 0x80c5c1c3, L:/127.0.0.1:63413 - R:localhost/127.0.0.1:51851] for GET '/session/a4f5c560ef616009369bb297b690df4a/screenshot'
12:45:23.594 [AsyncHttpClient-1-1] DEBUG org.asynchttpclient.netty.channel.DefaultChannelPool - Entry count for : http://localhost:63416 : 1
12:45:23.673 [AsyncHttpClient-1-17] DEBUG org.asynchttpclient.netty.handler.HttpHandler - 

Request DefaultFullHttpRequest(decodeResult: success, version: HTTP/1.1, content: EmptyByteBufBE)
GET /session/a4f5c560ef616009369bb297b690df4a/screenshot HTTP/1.1
User-Agent: selenium/4.1.2 (java windows)
Cache-Control: no-cache
Content-Type: application/json; charset=utf-8
host: localhost:51851
accept: */*

Response DefaultHttpResponse(decodeResult: success, version: HTTP/1.1)
HTTP/1.1 200 OK
Content-Type: application/json; charset=utf-8
cache-control: no-cache
content-length: 386600

12:45:23.676 [AsyncHttpClient-1-17] DEBUG org.asynchttpclient.netty.channel.ChannelManager - Adding key: http://localhost:51851 for channel [id: 0x80c5c1c3, L:/127.0.0.1:63413 - R:localhost/127.0.0.1:51851]
12:45:23.690 [main] DEBUG net.serenitybdd.core.photography.Darkroom - Send negative for processing for target\site\serenity\6b71e28423092d21aa484c08cebb49e064ea57551bf433ac4c84a0f501eef74a.png
12:45:23.690 [main] DEBUG net.thucydides.core.steps.StepInterceptor - STEP DONE: inputPasswordToField
  &amp#27;[32mThen &amp#27;[0m&amp#27;[32mI input valid password&amp#27;[0m                         &amp#27;[90m# starter.stepdefinition.loginSteps.iInputValidPassword()&amp#27;[0m
12:45:23.690 [Darkroom Processing Line] DEBUG net.serenitybdd.core.photography.DarkroomProcessingLine - Processing screenshot image in /var/screenshots/screenshot-4828801106667495188
12:45:23.690 [Darkroom Processing Line] DEBUG net.serenitybdd.core.photography.DarkroomProcessingLine - Saving screenshot to target\site\serenity\6b71e28423092d21aa484c08cebb49e064ea57551bf433ac4c84a0f501eef74a.png
12:45:23.718 [main] DEBUG net.thucydides.core.steps.StepInterceptor - STARTING STEP: loginSteps.clickLoginButton - clickLogin
12:45:23.727 [Forwarding findElement on session a4f5c560ef616009369bb297b690df4a to remote] DEBUG org.asynchttpclient.netty.request.NettyRequestSender - Using pooled Channel '[id: 0x80c5c1c3, L:/127.0.0.1:63413 - R:localhost/127.0.0.1:51851]' for 'POST' to 'http://localhost:51851/session/a4f5c560ef616009369bb297b690df4a/element'
12:45:23.727 [Forwarding findElement on session a4f5c560ef616009369bb297b690df4a to remote] DEBUG org.asynchttpclient.netty.request.NettyRequestSender - Using open Channel [id: 0x80c5c1c3, L:/127.0.0.1:63413 - R:localhost/127.0.0.1:51851] for POST '/session/a4f5c560ef616009369bb297b690df4a/element'
12:45:23.760 [AsyncHttpClient-1-17] DEBUG org.asynchttpclient.netty.handler.HttpHandler - 

Request DefaultHttpRequest(decodeResult: success, version: HTTP/1.1)
POST /session/a4f5c560ef616009369bb297b690df4a/element HTTP/1.1
User-Agent: selenium/4.1.2 (java windows)
Content-Length: 74
Content-Type: application/json; charset=utf-8
host: localhost:51851
accept: */*

Response DefaultHttpResponse(decodeResult: success, version: HTTP/1.1)
HTTP/1.1 200 OK
Content-Type: application/json; charset=utf-8
cache-control: no-cache
content-length: 88

12:45:23.761 [AsyncHttpClient-1-17] DEBUG org.asynchttpclient.netty.channel.ChannelManager - Adding key: http://localhost:51851 for channel [id: 0x80c5c1c3, L:/127.0.0.1:63413 - R:localhost/127.0.0.1:51851]
12:45:23.764 [Forwarding getElementTagName on session a4f5c560ef616009369bb297b690df4a to remote] DEBUG org.asynchttpclient.netty.request.NettyRequestSender - Using pooled Channel '[id: 0x80c5c1c3, L:/127.0.0.1:63413 - R:localhost/127.0.0.1:51851]' for 'GET' to 'http://localhost:51851/session/a4f5c560ef616009369bb297b690df4a/element/37b10bd5-0140-4ae4-ad95-7c42c07e3a3b/name'
12:45:23.764 [Forwarding getElementTagName on session a4f5c560ef616009369bb297b690df4a to remote] DEBUG org.asynchttpclient.netty.request.NettyRequestSender - Using open Channel [id: 0x80c5c1c3, L:/127.0.0.1:63413 - R:localhost/127.0.0.1:51851] for GET '/session/a4f5c560ef616009369bb297b690df4a/element/37b10bd5-0140-4ae4-ad95-7c42c07e3a3b/name'
12:45:23.771 [AsyncHttpClient-1-17] DEBUG org.asynchttpclient.netty.handler.HttpHandler - 

Request DefaultFullHttpRequest(decodeResult: success, version: HTTP/1.1, content: EmptyByteBufBE)
GET /session/a4f5c560ef616009369bb297b690df4a/element/37b10bd5-0140-4ae4-ad95-7c42c07e3a3b/name HTTP/1.1
User-Agent: selenium/4.1.2 (java windows)
Cache-Control: no-cache
Content-Type: application/json; charset=utf-8
host: localhost:51851
accept: */*

Response DefaultHttpResponse(decodeResult: success, version: HTTP/1.1)
HTTP/1.1 200 OK
Content-Type: application/json; charset=utf-8
cache-control: no-cache
content-length: 13

12:45:23.771 [AsyncHttpClient-1-17] DEBUG org.asynchttpclient.netty.channel.ChannelManager - Adding key: http://localhost:51851 for channel [id: 0x80c5c1c3, L:/127.0.0.1:63413 - R:localhost/127.0.0.1:51851]
12:45:23.773 [Forwarding getElementTagName on session a4f5c560ef616009369bb297b690df4a to remote] DEBUG org.asynchttpclient.netty.request.NettyRequestSender - Using pooled Channel '[id: 0x80c5c1c3, L:/127.0.0.1:63413 - R:localhost/127.0.0.1:51851]' for 'GET' to 'http://localhost:51851/session/a4f5c560ef616009369bb297b690df4a/element/37b10bd5-0140-4ae4-ad95-7c42c07e3a3b/name'
12:45:23.773 [Forwarding getElementTagName on session a4f5c560ef616009369bb297b690df4a to remote] DEBUG org.asynchttpclient.netty.request.NettyRequestSender - Using open Channel [id: 0x80c5c1c3, L:/127.0.0.1:63413 - R:localhost/127.0.0.1:51851] for GET '/session/a4f5c560ef616009369bb297b690df4a/element/37b10bd5-0140-4ae4-ad95-7c42c07e3a3b/name'
12:45:23.777 [AsyncHttpClient-1-17] DEBUG org.asynchttpclient.netty.handler.HttpHandler - 

Request DefaultFullHttpRequest(decodeResult: success, version: HTTP/1.1, content: EmptyByteBufBE)
GET /session/a4f5c560ef616009369bb297b690df4a/element/37b10bd5-0140-4ae4-ad95-7c42c07e3a3b/name HTTP/1.1
User-Agent: selenium/4.1.2 (java windows)
Cache-Control: no-cache
Content-Type: application/json; charset=utf-8
host: localhost:51851
accept: */*

Response DefaultHttpResponse(decodeResult: success, version: HTTP/1.1)
HTTP/1.1 200 OK
Content-Type: application/json; charset=utf-8
cache-control: no-cache
content-length: 13

12:45:23.777 [AsyncHttpClient-1-17] DEBUG org.asynchttpclient.netty.channel.ChannelManager - Adding key: http://localhost:51851 for channel [id: 0x80c5c1c3, L:/127.0.0.1:63413 - R:localhost/127.0.0.1:51851]
12:45:23.779 [Forwarding findElement on session a4f5c560ef616009369bb297b690df4a to remote] DEBUG org.asynchttpclient.netty.request.NettyRequestSender - Using pooled Channel '[id: 0x80c5c1c3, L:/127.0.0.1:63413 - R:localhost/127.0.0.1:51851]' for 'POST' to 'http://localhost:51851/session/a4f5c560ef616009369bb297b690df4a/element'
12:45:23.779 [Forwarding findElement on session a4f5c560ef616009369bb297b690df4a to remote] DEBUG org.asynchttpclient.netty.request.NettyRequestSender - Using open Channel [id: 0x80c5c1c3, L:/127.0.0.1:63413 - R:localhost/127.0.0.1:51851] for POST '/session/a4f5c560ef616009369bb297b690df4a/element'
12:45:23.787 [AsyncHttpClient-1-17] DEBUG org.asynchttpclient.netty.handler.HttpHandler - 

Request DefaultHttpRequest(decodeResult: success, version: HTTP/1.1)
POST /session/a4f5c560ef616009369bb297b690df4a/element HTTP/1.1
User-Agent: selenium/4.1.2 (java windows)
Content-Length: 74
Content-Type: application/json; charset=utf-8
host: localhost:51851
accept: */*

Response DefaultHttpResponse(decodeResult: success, version: HTTP/1.1)
HTTP/1.1 200 OK
Content-Type: application/json; charset=utf-8
cache-control: no-cache
content-length: 88

12:45:23.787 [AsyncHttpClient-1-17] DEBUG org.asynchttpclient.netty.channel.ChannelManager - Adding key: http://localhost:51851 for channel [id: 0x80c5c1c3, L:/127.0.0.1:63413 - R:localhost/127.0.0.1:51851]
12:45:23.788 [Forwarding clickElement on session a4f5c560ef616009369bb297b690df4a to remote] DEBUG org.asynchttpclient.netty.request.NettyRequestSender - Using pooled Channel '[id: 0x80c5c1c3, L:/127.0.0.1:63413 - R:localhost/127.0.0.1:51851]' for 'POST' to 'http://localhost:51851/session/a4f5c560ef616009369bb297b690df4a/element/37b10bd5-0140-4ae4-ad95-7c42c07e3a3b/click'
12:45:23.788 [Forwarding clickElement on session a4f5c560ef616009369bb297b690df4a to remote] DEBUG org.asynchttpclient.netty.request.NettyRequestSender - Using open Channel [id: 0x80c5c1c3, L:/127.0.0.1:63413 - R:localhost/127.0.0.1:51851] for POST '/session/a4f5c560ef616009369bb297b690df4a/element/37b10bd5-0140-4ae4-ad95-7c42c07e3a3b/click'
12:45:23.842 [AsyncHttpClient-1-17] DEBUG org.asynchttpclient.netty.handler.HttpHandler - 

Request DefaultHttpRequest(decodeResult: success, version: HTTP/1.1)
POST /session/a4f5c560ef616009369bb297b690df4a/element/37b10bd5-0140-4ae4-ad95-7c42c07e3a3b/click HTTP/1.1
User-Agent: selenium/4.1.2 (java windows)
Content-Length: 50
Content-Type: application/json; charset=utf-8
host: localhost:51851
accept: */*

Response DefaultHttpResponse(decodeResult: success, version: HTTP/1.1)
HTTP/1.1 200 OK
Content-Type: application/json; charset=utf-8
cache-control: no-cache
content-length: 14

12:45:23.842 [AsyncHttpClient-1-17] DEBUG org.asynchttpclient.netty.channel.ChannelManager - Adding key: http://localhost:51851 for channel [id: 0x80c5c1c3, L:/127.0.0.1:63413 - R:localhost/127.0.0.1:51851]
12:45:23.846 [Forwarding findElement on session a4f5c560ef616009369bb297b690df4a to remote] DEBUG org.asynchttpclient.netty.request.NettyRequestSender - Using pooled Channel '[id: 0x80c5c1c3, L:/127.0.0.1:63413 - R:localhost/127.0.0.1:51851]' for 'POST' to 'http://localhost:51851/session/a4f5c560ef616009369bb297b690df4a/element'
12:45:23.847 [Forwarding findElement on session a4f5c560ef616009369bb297b690df4a to remote] DEBUG org.asynchttpclient.netty.request.NettyRequestSender - Using open Channel [id: 0x80c5c1c3, L:/127.0.0.1:63413 - R:localhost/127.0.0.1:51851] for POST '/session/a4f5c560ef616009369bb297b690df4a/element'
12:45:23.855 [AsyncHttpClient-1-17] DEBUG org.asynchttpclient.netty.handler.HttpHandler - 

Request DefaultHttpRequest(decodeResult: success, version: HTTP/1.1)
POST /session/a4f5c560ef616009369bb297b690df4a/element HTTP/1.1
User-Agent: selenium/4.1.2 (java windows)
Content-Length: 50
Content-Type: application/json; charset=utf-8
host: localhost:51851
accept: */*

Response DefaultHttpResponse(decodeResult: success, version: HTTP/1.1)
HTTP/1.1 200 OK
Content-Type: application/json; charset=utf-8
cache-control: no-cache
content-length: 88

12:45:23.855 [AsyncHttpClient-1-17] DEBUG org.asynchttpclient.netty.channel.ChannelManager - Adding key: http://localhost:51851 for channel [id: 0x80c5c1c3, L:/127.0.0.1:63413 - R:localhost/127.0.0.1:51851]
12:45:23.858 [Forwarding getElementTagName on session a4f5c560ef616009369bb297b690df4a to remote] DEBUG org.asynchttpclient.netty.request.NettyRequestSender - Using pooled Channel '[id: 0x80c5c1c3, L:/127.0.0.1:63413 - R:localhost/127.0.0.1:51851]' for 'GET' to 'http://localhost:51851/session/a4f5c560ef616009369bb297b690df4a/element/a6320f95-1789-47d2-841f-de15e76ea730/name'
12:45:23.858 [Forwarding getElementTagName on session a4f5c560ef616009369bb297b690df4a to remote] DEBUG org.asynchttpclient.netty.request.NettyRequestSender - Using open Channel [id: 0x80c5c1c3, L:/127.0.0.1:63413 - R:localhost/127.0.0.1:51851] for GET '/session/a4f5c560ef616009369bb297b690df4a/element/a6320f95-1789-47d2-841f-de15e76ea730/name'
12:45:23.864 [AsyncHttpClient-1-17] DEBUG org.asynchttpclient.netty.handler.HttpHandler - 

Request DefaultFullHttpRequest(decodeResult: success, version: HTTP/1.1, content: EmptyByteBufBE)
GET /session/a4f5c560ef616009369bb297b690df4a/element/a6320f95-1789-47d2-841f-de15e76ea730/name HTTP/1.1
User-Agent: selenium/4.1.2 (java windows)
Cache-Control: no-cache
Content-Type: application/json; charset=utf-8
host: localhost:51851
accept: */*

Response DefaultHttpResponse(decodeResult: success, version: HTTP/1.1)
HTTP/1.1 200 OK
Content-Type: application/json; charset=utf-8
cache-control: no-cache
content-length: 18

12:45:23.865 [AsyncHttpClient-1-17] DEBUG org.asynchttpclient.netty.channel.ChannelManager - Adding key: http://localhost:51851 for channel [id: 0x80c5c1c3, L:/127.0.0.1:63413 - R:localhost/127.0.0.1:51851]
12:45:23.866 [Forwarding getElementTagName on session a4f5c560ef616009369bb297b690df4a to remote] DEBUG org.asynchttpclient.netty.request.NettyRequestSender - Using pooled Channel '[id: 0x80c5c1c3, L:/127.0.0.1:63413 - R:localhost/127.0.0.1:51851]' for 'GET' to 'http://localhost:51851/session/a4f5c560ef616009369bb297b690df4a/element/a6320f95-1789-47d2-841f-de15e76ea730/name'
12:45:23.866 [Forwarding getElementTagName on session a4f5c560ef616009369bb297b690df4a to remote] DEBUG org.asynchttpclient.netty.request.NettyRequestSender - Using open Channel [id: 0x80c5c1c3, L:/127.0.0.1:63413 - R:localhost/127.0.0.1:51851] for GET '/session/a4f5c560ef616009369bb297b690df4a/element/a6320f95-1789-47d2-841f-de15e76ea730/name'
12:45:23.870 [AsyncHttpClient-1-17] DEBUG org.asynchttpclient.netty.handler.HttpHandler - 

Request DefaultFullHttpRequest(decodeResult: success, version: HTTP/1.1, content: EmptyByteBufBE)
GET /session/a4f5c560ef616009369bb297b690df4a/element/a6320f95-1789-47d2-841f-de15e76ea730/name HTTP/1.1
User-Agent: selenium/4.1.2 (java windows)
Cache-Control: no-cache
Content-Type: application/json; charset=utf-8
host: localhost:51851
accept: */*

Response DefaultHttpResponse(decodeResult: success, version: HTTP/1.1)
HTTP/1.1 200 OK
Content-Type: application/json; charset=utf-8
cache-control: no-cache
content-length: 18

12:45:23.871 [AsyncHttpClient-1-17] DEBUG org.asynchttpclient.netty.channel.ChannelManager - Adding key: http://localhost:51851 for channel [id: 0x80c5c1c3, L:/127.0.0.1:63413 - R:localhost/127.0.0.1:51851]
12:45:23.873 [Forwarding isElementEnabled on session a4f5c560ef616009369bb297b690df4a to remote] DEBUG org.asynchttpclient.netty.request.NettyRequestSender - Using pooled Channel '[id: 0x80c5c1c3, L:/127.0.0.1:63413 - R:localhost/127.0.0.1:51851]' for 'GET' to 'http://localhost:51851/session/a4f5c560ef616009369bb297b690df4a/element/a6320f95-1789-47d2-841f-de15e76ea730/enabled'
12:45:23.873 [Forwarding isElementEnabled on session a4f5c560ef616009369bb297b690df4a to remote] DEBUG org.asynchttpclient.netty.request.NettyRequestSender - Using open Channel [id: 0x80c5c1c3, L:/127.0.0.1:63413 - R:localhost/127.0.0.1:51851] for GET '/session/a4f5c560ef616009369bb297b690df4a/element/a6320f95-1789-47d2-841f-de15e76ea730/enabled'
12:45:23.884 [AsyncHttpClient-1-17] DEBUG org.asynchttpclient.netty.handler.HttpHandler - 

Request DefaultFullHttpRequest(decodeResult: success, version: HTTP/1.1, content: EmptyByteBufBE)
GET /session/a4f5c560ef616009369bb297b690df4a/element/a6320f95-1789-47d2-841f-de15e76ea730/enabled HTTP/1.1
User-Agent: selenium/4.1.2 (java windows)
Cache-Control: no-cache
Content-Type: application/json; charset=utf-8
host: localhost:51851
accept: */*

Response DefaultHttpResponse(decodeResult: success, version: HTTP/1.1)
HTTP/1.1 200 OK
Content-Type: application/json; charset=utf-8
cache-control: no-cache
content-length: 14

12:45:23.884 [AsyncHttpClient-1-17] DEBUG org.asynchttpclient.netty.channel.ChannelManager - Adding key: http://localhost:51851 for channel [id: 0x80c5c1c3, L:/127.0.0.1:63413 - R:localhost/127.0.0.1:51851]
12:45:23.887 [Forwarding isElementEnabled on session a4f5c560ef616009369bb297b690df4a to remote] DEBUG org.asynchttpclient.netty.request.NettyRequestSender - Using pooled Channel '[id: 0x80c5c1c3, L:/127.0.0.1:63413 - R:localhost/127.0.0.1:51851]' for 'GET' to 'http://localhost:51851/session/a4f5c560ef616009369bb297b690df4a/element/a6320f95-1789-47d2-841f-de15e76ea730/enabled'
12:45:23.887 [Forwarding isElementEnabled on session a4f5c560ef616009369bb297b690df4a to remote] DEBUG org.asynchttpclient.netty.request.NettyRequestSender - Using open Channel [id: 0x80c5c1c3, L:/127.0.0.1:63413 - R:localhost/127.0.0.1:51851] for GET '/session/a4f5c560ef616009369bb297b690df4a/element/a6320f95-1789-47d2-841f-de15e76ea730/enabled'
12:45:23.894 [AsyncHttpClient-1-17] DEBUG org.asynchttpclient.netty.handler.HttpHandler - 

Request DefaultFullHttpRequest(decodeResult: success, version: HTTP/1.1, content: EmptyByteBufBE)
GET /session/a4f5c560ef616009369bb297b690df4a/element/a6320f95-1789-47d2-841f-de15e76ea730/enabled HTTP/1.1
User-Agent: selenium/4.1.2 (java windows)
Cache-Control: no-cache
Content-Type: application/json; charset=utf-8
host: localhost:51851
accept: */*

Response DefaultHttpResponse(decodeResult: success, version: HTTP/1.1)
HTTP/1.1 200 OK
Content-Type: application/json; charset=utf-8
cache-control: no-cache
content-length: 14

12:45:23.895 [AsyncHttpClient-1-17] DEBUG org.asynchttpclient.netty.channel.ChannelManager - Adding key: http://localhost:51851 for channel [id: 0x80c5c1c3, L:/127.0.0.1:63413 - R:localhost/127.0.0.1:51851]
12:45:23.898 [Forwarding findElement on session a4f5c560ef616009369bb297b690df4a to remote] DEBUG org.asynchttpclient.netty.request.NettyRequestSender - Using pooled Channel '[id: 0x80c5c1c3, L:/127.0.0.1:63413 - R:localhost/127.0.0.1:51851]' for 'POST' to 'http://localhost:51851/session/a4f5c560ef616009369bb297b690df4a/element'
12:45:23.898 [Forwarding findElement on session a4f5c560ef616009369bb297b690df4a to remote] DEBUG org.asynchttpclient.netty.request.NettyRequestSender - Using open Channel [id: 0x80c5c1c3, L:/127.0.0.1:63413 - R:localhost/127.0.0.1:51851] for POST '/session/a4f5c560ef616009369bb297b690df4a/element'
12:45:23.905 [AsyncHttpClient-1-17] DEBUG org.asynchttpclient.netty.handler.HttpHandler - 

Request DefaultHttpRequest(decodeResult: success, version: HTTP/1.1)
POST /session/a4f5c560ef616009369bb297b690df4a/element HTTP/1.1
User-Agent: selenium/4.1.2 (java windows)
Content-Length: 50
Content-Type: application/json; charset=utf-8
host: localhost:51851
accept: */*

Response DefaultHttpResponse(decodeResult: success, version: HTTP/1.1)
HTTP/1.1 200 OK
Content-Type: application/json; charset=utf-8
cache-control: no-cache
content-length: 88

12:45:23.905 [AsyncHttpClient-1-17] DEBUG org.asynchttpclient.netty.channel.ChannelManager - Adding key: http://localhost:51851 for channel [id: 0x80c5c1c3, L:/127.0.0.1:63413 - R:localhost/127.0.0.1:51851]
12:45:23.906 [Forwarding clickElement on session a4f5c560ef616009369bb297b690df4a to remote] DEBUG org.asynchttpclient.netty.request.NettyRequestSender - Using pooled Channel '[id: 0x80c5c1c3, L:/127.0.0.1:63413 - R:localhost/127.0.0.1:51851]' for 'POST' to 'http://localhost:51851/session/a4f5c560ef616009369bb297b690df4a/element/a6320f95-1789-47d2-841f-de15e76ea730/click'
12:45:23.906 [Forwarding clickElement on session a4f5c560ef616009369bb297b690df4a to remote] DEBUG org.asynchttpclient.netty.request.NettyRequestSender - Using open Channel [id: 0x80c5c1c3, L:/127.0.0.1:63413 - R:localhost/127.0.0.1:51851] for POST '/session/a4f5c560ef616009369bb297b690df4a/element/a6320f95-1789-47d2-841f-de15e76ea730/click'
12:45:23.950 [AsyncHttpClient-1-17] DEBUG org.asynchttpclient.netty.handler.HttpHandler - 

Request DefaultHttpRequest(decodeResult: success, version: HTTP/1.1)
POST /session/a4f5c560ef616009369bb297b690df4a/element/a6320f95-1789-47d2-841f-de15e76ea730/click HTTP/1.1
User-Agent: selenium/4.1.2 (java windows)
Content-Length: 50
Content-Type: application/json; charset=utf-8
host: localhost:51851
accept: */*

Response DefaultHttpResponse(decodeResult: success, version: HTTP/1.1)
HTTP/1.1 200 OK
Content-Type: application/json; charset=utf-8
cache-control: no-cache
content-length: 14

12:45:23.950 [AsyncHttpClient-1-17] DEBUG org.asynchttpclient.netty.channel.ChannelManager - Adding key: http://localhost:51851 for channel [id: 0x80c5c1c3, L:/127.0.0.1:63413 - R:localhost/127.0.0.1:51851]
12:45:23.961 [Forwarding screenshot on session a4f5c560ef616009369bb297b690df4a to remote] DEBUG org.asynchttpclient.netty.request.NettyRequestSender - Using pooled Channel '[id: 0x80c5c1c3, L:/127.0.0.1:63413 - R:localhost/127.0.0.1:51851]' for 'GET' to 'http://localhost:51851/session/a4f5c560ef616009369bb297b690df4a/screenshot'
12:45:23.961 [Forwarding screenshot on session a4f5c560ef616009369bb297b690df4a to remote] DEBUG org.asynchttpclient.netty.request.NettyRequestSender - Using open Channel [id: 0x80c5c1c3, L:/127.0.0.1:63413 - R:localhost/127.0.0.1:51851] for GET '/session/a4f5c560ef616009369bb297b690df4a/screenshot'
12:45:24.267 [AsyncHttpClient-1-17] DEBUG org.asynchttpclient.netty.handler.HttpHandler - 

Request DefaultFullHttpRequest(decodeResult: success, version: HTTP/1.1, content: EmptyByteBufBE)
GET /session/a4f5c560ef616009369bb297b690df4a/screenshot HTTP/1.1
User-Agent: selenium/4.1.2 (java windows)
Cache-Control: no-cache
Content-Type: application/json; charset=utf-8
host: localhost:51851
accept: */*

Response DefaultHttpResponse(decodeResult: success, version: HTTP/1.1)
HTTP/1.1 200 OK
Content-Type: application/json; charset=utf-8
cache-control: no-cache
content-length: 314900

12:45:24.269 [AsyncHttpClient-1-17] DEBUG org.asynchttpclient.netty.channel.ChannelManager - Adding key: http://localhost:51851 for channel [id: 0x80c5c1c3, L:/127.0.0.1:63413 - R:localhost/127.0.0.1:51851]
12:45:24.278 [main] DEBUG net.serenitybdd.core.photography.Darkroom - Send negative for processing for target\site\serenity\830c7f9f061e58869c3069df9691aeae6ddf9de80095820e7abe5140f3b1f245.png
12:45:24.279 [Darkroom Processing Line] DEBUG net.serenitybdd.core.photography.DarkroomProcessingLine - Processing screenshot image in /var/screenshots/screenshot-8532372873065894372
12:45:24.279 [Darkroom Processing Line] DEBUG net.serenitybdd.core.photography.DarkroomProcessingLine - Saving screenshot to target\site\serenity\830c7f9f061e58869c3069df9691aeae6ddf9de80095820e7abe5140f3b1f245.png
12:45:24.279 [main] DEBUG net.thucydides.core.steps.StepInterceptor - STEP DONE: clickLogin
  &amp#27;[32mAnd &amp#27;[0m&amp#27;[32mclick login button&amp#27;[0m                              &amp#27;[90m# starter.stepdefinition.loginSteps.clickLoginButton()&amp#27;[0m
12:45:24.301 [main] DEBUG net.thucydides.core.steps.StepInterceptor - STARTING STEP: loginSteps.iStillInLoginPage - headerTextLogin
12:45:24.304 [Forwarding findElement on session a4f5c560ef616009369bb297b690df4a to remote] DEBUG org.asynchttpclient.netty.request.NettyRequestSender - Using pooled Channel '[id: 0x80c5c1c3, L:/127.0.0.1:63413 - R:localhost/127.0.0.1:51851]' for 'POST' to 'http://localhost:51851/session/a4f5c560ef616009369bb297b690df4a/element'
12:45:24.304 [Forwarding findElement on session a4f5c560ef616009369bb297b690df4a to remote] DEBUG org.asynchttpclient.netty.request.NettyRequestSender - Using open Channel [id: 0x80c5c1c3, L:/127.0.0.1:63413 - R:localhost/127.0.0.1:51851] for POST '/session/a4f5c560ef616009369bb297b690df4a/element'
12:45:24.308 [AsyncHttpClient-1-17] DEBUG org.asynchttpclient.netty.handler.HttpHandler - 

Request DefaultHttpRequest(decodeResult: success, version: HTTP/1.1)
POST /session/a4f5c560ef616009369bb297b690df4a/element HTTP/1.1
User-Agent: selenium/4.1.2 (java windows)
Content-Length: 48
Content-Type: application/json; charset=utf-8
host: localhost:51851
accept: */*

Response DefaultHttpResponse(decodeResult: success, version: HTTP/1.1)
HTTP/1.1 400 Bad Request
Content-Type: application/json; charset=utf-8
cache-control: no-cache
content-length: 959

12:45:24.308 [AsyncHttpClient-1-17] DEBUG org.asynchttpclient.netty.channel.ChannelManager - Adding key: http://localhost:51851 for channel [id: 0x80c5c1c3, L:/127.0.0.1:63413 - R:localhost/127.0.0.1:51851]
12:45:24.310 [Forwarding findElement on session a4f5c560ef616009369bb297b690df4a to remote] DEBUG org.asynchttpclient.netty.request.NettyRequestSender - Using pooled Channel '[id: 0x80c5c1c3, L:/127.0.0.1:63413 - R:localhost/127.0.0.1:51851]' for 'POST' to 'http://localhost:51851/session/a4f5c560ef616009369bb297b690df4a/element'
12:45:24.310 [Forwarding findElement on session a4f5c560ef616009369bb297b690df4a to remote] DEBUG org.asynchttpclient.netty.request.NettyRequestSender - Using open Channel [id: 0x80c5c1c3, L:/127.0.0.1:63413 - R:localhost/127.0.0.1:51851] for POST '/session/a4f5c560ef616009369bb297b690df4a/element'
12:45:24.335 [AsyncHttpClient-1-17] DEBUG org.asynchttpclient.netty.handler.HttpHandler - 

Request DefaultHttpRequest(decodeResult: success, version: HTTP/1.1)
POST /session/a4f5c560ef616009369bb297b690df4a/element HTTP/1.1
User-Agent: selenium/4.1.2 (java windows)
Content-Length: 58
Content-Type: application/json; charset=utf-8
host: localhost:51851
accept: */*

Response DefaultHttpResponse(decodeResult: success, version: HTTP/1.1)
HTTP/1.1 200 OK
Content-Type: application/json; charset=utf-8
cache-control: no-cache
content-length: 88

12:45:24.335 [AsyncHttpClient-1-17] DEBUG org.asynchttpclient.netty.channel.ChannelManager - Adding key: http://localhost:51851 for channel [id: 0x80c5c1c3, L:/127.0.0.1:63413 - R:localhost/127.0.0.1:51851]
12:45:24.337 [Forwarding getElementText on session a4f5c560ef616009369bb297b690df4a to remote] DEBUG org.asynchttpclient.netty.request.NettyRequestSender - Using pooled Channel '[id: 0x80c5c1c3, L:/127.0.0.1:63413 - R:localhost/127.0.0.1:51851]' for 'GET' to 'http://localhost:51851/session/a4f5c560ef616009369bb297b690df4a/element/165824e4-1817-4848-b8a3-42c3777103c3/text'
12:45:24.337 [Forwarding getElementText on session a4f5c560ef616009369bb297b690df4a to remote] DEBUG org.asynchttpclient.netty.request.NettyRequestSender - Using open Channel [id: 0x80c5c1c3, L:/127.0.0.1:63413 - R:localhost/127.0.0.1:51851] for GET '/session/a4f5c560ef616009369bb297b690df4a/element/165824e4-1817-4848-b8a3-42c3777103c3/text'
12:45:24.354 [AsyncHttpClient-1-17] DEBUG org.asynchttpclient.netty.handler.HttpHandler - 

Request DefaultFullHttpRequest(decodeResult: success, version: HTTP/1.1, content: EmptyByteBufBE)
GET /session/a4f5c560ef616009369bb297b690df4a/element/165824e4-1817-4848-b8a3-42c3777103c3/text HTTP/1.1
User-Agent: selenium/4.1.2 (java windows)
Cache-Control: no-cache
Content-Type: application/json; charset=utf-8
host: localhost:51851
accept: */*

Response DefaultHttpResponse(decodeResult: success, version: HTTP/1.1)
HTTP/1.1 200 OK
Content-Type: application/json; charset=utf-8
cache-control: no-cache
content-length: 17

12:45:24.354 [AsyncHttpClient-1-17] DEBUG org.asynchttpclient.netty.channel.ChannelManager - Adding key: http://localhost:51851 for channel [id: 0x80c5c1c3, L:/127.0.0.1:63413 - R:localhost/127.0.0.1:51851]
12:45:24.359 [Forwarding screenshot on session a4f5c560ef616009369bb297b690df4a to remote] DEBUG org.asynchttpclient.netty.request.NettyRequestSender - Using pooled Channel '[id: 0x80c5c1c3, L:/127.0.0.1:63413 - R:localhost/127.0.0.1:51851]' for 'GET' to 'http://localhost:51851/session/a4f5c560ef616009369bb297b690df4a/screenshot'
12:45:24.360 [Forwarding screenshot on session a4f5c560ef616009369bb297b690df4a to remote] DEBUG org.asynchttpclient.netty.request.NettyRequestSender - Using open Channel [id: 0x80c5c1c3, L:/127.0.0.1:63413 - R:localhost/127.0.0.1:51851] for GET '/session/a4f5c560ef616009369bb297b690df4a/screenshot'
12:45:24.631 [AsyncHttpClient-1-17] DEBUG org.asynchttpclient.netty.handler.HttpHandler - 

Request DefaultFullHttpRequest(decodeResult: success, version: HTTP/1.1, content: EmptyByteBufBE)
GET /session/a4f5c560ef616009369bb297b690df4a/screenshot HTTP/1.1
User-Agent: selenium/4.1.2 (java windows)
Cache-Control: no-cache
Content-Type: application/json; charset=utf-8
host: localhost:51851
accept: */*

Response DefaultHttpResponse(decodeResult: success, version: HTTP/1.1)
HTTP/1.1 200 OK
Content-Type: application/json; charset=utf-8
cache-control: no-cache
content-length: 314956

12:45:24.633 [AsyncHttpClient-1-17] DEBUG org.asynchttpclient.netty.channel.ChannelManager - Adding key: http://localhost:51851 for channel [id: 0x80c5c1c3, L:/127.0.0.1:63413 - R:localhost/127.0.0.1:51851]
12:45:24.643 [main] DEBUG net.serenitybdd.core.photography.Darkroom - Send negative for processing for target\site\serenity\63f97747c7da739637a455d06d1c9a207d9512927eab42c2fe8267a2b3088ff1.png
12:45:24.644 [main] DEBUG net.thucydides.core.steps.StepInterceptor - STEP DONE: headerTextLogin
12:45:24.644 [Darkroom Processing Line] DEBUG net.serenitybdd.core.photography.DarkroomProcessingLine - Processing screenshot image in /var/screenshots/screenshot-10718214984891172056
12:45:24.644 [Darkroom Processing Line] DEBUG net.serenitybdd.core.photography.DarkroomProcessingLine - Saving screenshot to target\site\serenity\63f97747c7da739637a455d06d1c9a207d9512927eab42c2fe8267a2b3088ff1.png
  &amp#27;[32mThen &amp#27;[0m&amp#27;[32mi still in login page&amp#27;[0m                          &amp#27;[90m# starter.stepdefinition.loginSteps.iStillInLoginPage()&amp#27;[0m
12:45:24.653 [main] INFO  - 
  _____   ___   ___   _____     ___     _     ___   ___   ___   ___  
 |_   _| | __| / __| |_   _|   | _ \   /_\   / __| / __| | __| |   \ 
   | |   | _|  \__ \   | |     |  _/  / _ \  \__ \ \__ \ | _|  | |) |
   |_|   |___| |___/   |_|     |_|   /_/ \_\ |___/ |___/ |___| |___/ 

As a user i cannot login with null username
----------------------------------------------------------------------
12:45:24.655 [AsyncHttpClient-1-3] DEBUG org.asynchttpclient.netty.handler.WebSocketHandler - Channel Closed: [id: 0x84f53380, L:/127.0.0.1:63424 ! R:localhost/127.0.0.1:63416] with attribute NettyResponseFuture{currentRetry=5,
	isDone=1,
	isCancelled=0,
	asyncHandler=org.asynchttpclient.ws.WebSocketUpgradeHandler@7ac107f1,
	nettyRequest=org.asynchttpclient.netty.request.NettyRequest@3d7d7d34,
	future=java.util.concurrent.CompletableFuture@655cd79e[Completed normally],
	uri=ws://localhost:63416/devtools/browser/401b1271-8368-4e61-ad74-9ec92df96c59,
	keepAlive=true,
	redirectCount=0,
	timeoutsHolder=null,
	inAuth=0,
	touch=1648619111787}
12:45:24.655 [AsyncHttpClient-1-3] DEBUG org.asynchttpclient.netty.channel.ChannelManager - Closing Channel [id: 0x84f53380, L:/127.0.0.1:63424 ! R:localhost/127.0.0.1:63416] 
12:45:24.656 [Driver Command Executor] DEBUG org.asynchttpclient.netty.request.NettyRequestSender - Using pooled Channel '[id: 0x80c5c1c3, L:/127.0.0.1:63413 - R:localhost/127.0.0.1:51851]' for 'DELETE' to 'http://localhost:51851/session/a4f5c560ef616009369bb297b690df4a'
12:45:24.656 [Driver Command Executor] DEBUG org.asynchttpclient.netty.request.NettyRequestSender - Using open Channel [id: 0x80c5c1c3, L:/127.0.0.1:63413 - R:localhost/127.0.0.1:51851] for DELETE '/session/a4f5c560ef616009369bb297b690df4a'
12:45:24.693 [AsyncHttpClient-1-1] DEBUG org.asynchttpclient.netty.channel.DefaultChannelPool - Entry count for : http://localhost:63416 : 1
12:45:24.816 [AsyncHttpClient-1-2] DEBUG org.asynchttpclient.netty.handler.HttpHandler - Unexpected I/O exception on channel [id: 0xfb3110b9, L:/127.0.0.1:63423 - R:localhost/127.0.0.1:63416]
java.net.SocketException: Connection reset
	at java.base/sun.nio.ch.SocketChannelImpl.throwConnectionReset(SocketChannelImpl.java:367)
	at java.base/sun.nio.ch.SocketChannelImpl.read(SocketChannelImpl.java:398)
	at io.netty.buffer.PooledByteBuf.setBytes(PooledByteBuf.java:258)
	at io.netty.buffer.AbstractByteBuf.writeBytes(AbstractByteBuf.java:1132)
	at io.netty.channel.socket.nio.NioSocketChannel.doReadBytes(NioSocketChannel.java:350)
	at io.netty.channel.nio.AbstractNioByteChannel$NioByteUnsafe.read(AbstractNioByteChannel.java:151)
	at io.netty.channel.nio.NioEventLoop.processSelectedKey(NioEventLoop.java:722)
	at io.netty.channel.nio.NioEventLoop.processSelectedKeysOptimized(NioEventLoop.java:658)
	at io.netty.channel.nio.NioEventLoop.processSelectedKeys(NioEventLoop.java:584)
	at io.netty.channel.nio.NioEventLoop.run(NioEventLoop.java:496)
	at io.netty.util.concurrent.SingleThreadEventExecutor$4.run(SingleThreadEventExecutor.java:986)
	at io.netty.util.internal.ThreadExecutorMap$2.run(ThreadExecutorMap.java:74)
	at io.netty.util.concurrent.FastThreadLocalRunnable.run(FastThreadLocalRunnable.java:30)
	at java.base/java.lang.Thread.run(Thread.java:832)
12:45:24.817 [AsyncHttpClient-1-2] DEBUG org.asynchttpclient.netty.channel.ChannelManager - Closing Channel [id: 0xfb3110b9, L:/127.0.0.1:63423 - R:localhost/127.0.0.1:63416] 
12:45:24.817 [AsyncHttpClient-1-2] DEBUG org.asynchttpclient.netty.handler.HttpHandler - Channel Closed: [id: 0xfb3110b9, L:/127.0.0.1:63423 ! R:localhost/127.0.0.1:63416] with attribute DISCARD
12:45:24.851 [AsyncHttpClient-1-17] DEBUG org.asynchttpclient.netty.handler.HttpHandler - 

Request DefaultFullHttpRequest(decodeResult: success, version: HTTP/1.1, content: EmptyByteBufBE)
DELETE /session/a4f5c560ef616009369bb297b690df4a HTTP/1.1
User-Agent: selenium/4.1.2 (java windows)
Content-Type: application/json; charset=utf-8
host: localhost:51851
accept: */*

Response DefaultHttpResponse(decodeResult: success, version: HTTP/1.1)
HTTP/1.1 200 OK
Content-Type: application/json; charset=utf-8
cache-control: no-cache
content-length: 14

12:45:24.851 [AsyncHttpClient-1-17] DEBUG org.asynchttpclient.netty.channel.ChannelManager - Adding key: http://localhost:51851 for channel [id: 0x80c5c1c3, L:/127.0.0.1:63413 - R:localhost/127.0.0.1:51851]
12:45:25.794 [AsyncHttpClient-1-1] DEBUG org.asynchttpclient.netty.channel.DefaultChannelPool - Entry count for : http://localhost:51851 : 1
12:45:25.794 [AsyncHttpClient-1-1] DEBUG org.asynchttpclient.netty.channel.DefaultChannelPool - Entry count for : http://localhost:63416 : 1
12:45:25.794 [AsyncHttpClient-1-1] DEBUG org.asynchttpclient.netty.channel.DefaultChannelPool - Adding Candidate expired Channel [id: 0xfb3110b9, L:/127.0.0.1:63423 ! R:localhost/127.0.0.1:63416] isIdleTimeoutExpired=false isRemotelyClosed=true isTtlExpired=false
12:45:25.794 [AsyncHttpClient-1-1] DEBUG org.asynchttpclient.netty.channel.DefaultChannelPool - Closing Idle Channel [id: 0xfb3110b9, L:/127.0.0.1:63423 ! R:localhost/127.0.0.1:63416]
12:45:25.794 [AsyncHttpClient-1-1] DEBUG org.asynchttpclient.netty.channel.DefaultChannelPool - Closed 1 connections out of 2 in 0 ms
12:45:25.896 [AsyncHttpClient-1-17] DEBUG org.asynchttpclient.netty.handler.HttpHandler - Unexpected I/O exception on channel [id: 0x80c5c1c3, L:/127.0.0.1:63413 - R:localhost/127.0.0.1:51851]
java.net.SocketException: Connection reset
	at java.base/sun.nio.ch.SocketChannelImpl.throwConnectionReset(SocketChannelImpl.java:367)
	at java.base/sun.nio.ch.SocketChannelImpl.read(SocketChannelImpl.java:398)
	at io.netty.buffer.PooledByteBuf.setBytes(PooledByteBuf.java:258)
	at io.netty.buffer.AbstractByteBuf.writeBytes(AbstractByteBuf.java:1132)
	at io.netty.channel.socket.nio.NioSocketChannel.doReadBytes(NioSocketChannel.java:350)
	at io.netty.channel.nio.AbstractNioByteChannel$NioByteUnsafe.read(AbstractNioByteChannel.java:151)
	at io.netty.channel.nio.NioEventLoop.processSelectedKey(NioEventLoop.java:722)
	at io.netty.channel.nio.NioEventLoop.processSelectedKeysOptimized(NioEventLoop.java:658)
	at io.netty.channel.nio.NioEventLoop.processSelectedKeys(NioEventLoop.java:584)
	at io.netty.channel.nio.NioEventLoop.run(NioEventLoop.java:496)
	at io.netty.util.concurrent.SingleThreadEventExecutor$4.run(SingleThreadEventExecutor.java:986)
	at io.netty.util.internal.ThreadExecutorMap$2.run(ThreadExecutorMap.java:74)
	at io.netty.util.concurrent.FastThreadLocalRunnable.run(FastThreadLocalRunnable.java:30)
	at java.base/java.lang.Thread.run(Thread.java:832)
12:45:25.897 [AsyncHttpClient-1-17] DEBUG org.asynchttpclient.netty.channel.ChannelManager - Closing Channel [id: 0x80c5c1c3, L:/127.0.0.1:63413 - R:localhost/127.0.0.1:51851] 
12:45:25.897 [AsyncHttpClient-1-17] DEBUG org.asynchttpclient.netty.handler.HttpHandler - Channel Closed: [id: 0x80c5c1c3, L:/127.0.0.1:63413 ! R:localhost/127.0.0.1:51851] with attribute DISCARD
]]></system-out>
    <system-err><![CDATA[Starting ChromeDriver 99.0.4844.51 (d537ec02474b5afe23684e7963d538896c63ac77-refs/branch-heads/4844@{#875}) on port 51851
Only local connections are allowed.
Please see https://chromedriver.chromium.org/security-considerations for suggestions on keeping ChromeDriver safe.
ChromeDriver was started successfully.
Mar 30, 2022 12:45:11 PM org.openqa.selenium.remote.ProtocolHandshake createSession
INFO: Detected dialect: W3C
Mar 30, 2022 12:45:11 PM org.openqa.selenium.devtools.CdpVersionFinder findNearestMatch
WARNING: Unable to find an exact match for CDP version 99, so returning the closest version found: 97
Mar 30, 2022 12:45:11 PM org.openqa.selenium.devtools.CdpVersionFinder findNearestMatch
INFO: Found CDP implementation for version 99 of 97
]]></system-err>
  </testcase>
</testsuite>