<?xml version="1.0" encoding="UTF-8"?>
<testsuite xmlns:xsi="http://www.w3.org/2001/XMLSchema-instance" xsi:noNamespaceSchemaLocation="https://maven.apache.org/surefire/maven-failsafe-plugin/xsd/failsafe-test-report-3.0.xsd" version="3.0" name="starter.cucumberTestSuite" time="155.072" tests="8" errors="0" skipped="0" failures="0">
  <properties>
    <property name="java.specification.version" value="15"/>
    <property name="webdriver.chrome.driver" value="C:\Users\ASUS\.cache\selenium\chromedriver\win32\100.0.4896.60\chromedriver.exe"/>
    <property name="sun.cpu.isalist" value="amd64"/>
    <property name="sun.jnu.encoding" value="Cp1252"/>
    <property name="java.class.path" value="D:\PERKULIAHAN\Semester 6,Hebatt glad!\Altera\QE_Gladys-Cindana-Asri-Pardosi\Mini-Project\Web\target\test-classes;C:\Users\ASUS\.m2\repository\net\serenity-bdd\serenity-core\3.2.1\serenity-core-3.2.1.jar;C:\Users\ASUS\.m2\repository\net\serenity-bdd\serenity-model\3.2.1\serenity-model-3.2.1.jar;C:\Users\ASUS\.m2\repository\org\apache\commons\commons-text\1.9\commons-text-1.9.jar;C:\Users\ASUS\.m2\repository\commons-net\commons-net\3.8.0\commons-net-3.8.0.jar;C:\Users\ASUS\.m2\repository\com\google\guava\guava\31.1-jre\guava-31.1-jre.jar;C:\Users\ASUS\.m2\repository\com\google\guava\failureaccess\1.0.1\failureaccess-1.0.1.jar;C:\Users\ASUS\.m2\repository\com\google\guava\listenablefuture\9999.0-empty-to-avoid-conflict-with-guava\listenablefuture-9999.0-empty-to-avoid-conflict-with-guava.jar;C:\Users\ASUS\.m2\repository\com\google\code\findbugs\jsr305\3.0.2\jsr305-3.0.2.jar;C:\Users\ASUS\.m2\repository\org\checkerframework\checker-qual\3.12.0\checker-qual-3.12.0.jar;C:\Users\ASUS\.m2\repository\com\google\errorprone\error_prone_annotations\2.11.0\error_prone_annotations-2.11.0.jar;C:\Users\ASUS\.m2\repository\com\google\j2objc\j2objc-annotations\1.3\j2objc-annotations-1.3.jar;C:\Users\ASUS\.m2\repository\com\google\inject\guice\5.1.0\guice-5.1.0.jar;C:\Users\ASUS\.m2\repository\javax\inject\javax.inject\1\javax.inject-1.jar;C:\Users\ASUS\.m2\repository\aopalliance\aopalliance\1.0\aopalliance-1.0.jar;C:\Users\ASUS\.m2\repository\org\jsoup\jsoup\1.14.3\jsoup-1.14.3.jar;C:\Users\ASUS\.m2\repository\com\thoughtworks\xstream\xstream\1.4.19\xstream-1.4.19.jar;C:\Users\ASUS\.m2\repository\io\github\x-stream\mxparser\1.2.2\mxparser-1.2.2.jar;C:\Users\ASUS\.m2\repository\xmlpull\xmlpull\1.1.3.1\xmlpull-1.1.3.1.jar;C:\Users\ASUS\.m2\repository\io\cucumber\cucumber-java\7.2.3\cucumber-java-7.2.3.jar;C:\Users\ASUS\.m2\repository\com\typesafe\config\1.4.2\config-1.4.2.jar;C:\Users\ASUS\.m2\repository\org\imgscalr\imgscalr-lib\4.2\imgscalr-lib-4.2.jar;C:\Users\ASUS\.m2\repository\org\awaitility\awaitility\4.2.0\awaitility-4.2.0.jar;C:\Users\ASUS\.m2\repository\org\freemarker\freemarker\2.3.31\freemarker-2.3.31.jar;C:\Users\ASUS\.m2\repository\io\github\classgraph\classgraph\4.8.138\classgraph-4.8.138.jar;C:\Users\ASUS\.m2\repository\net\sourceforge\jexcelapi\jxl\2.6.12\jxl-2.6.12.jar;C:\Users\ASUS\.m2\repository\net\bytebuddy\byte-buddy\1.12.8\byte-buddy-1.12.8.jar;C:\Users\ASUS\.m2\repository\net\bytebuddy\byte-buddy-agent\1.12.8\byte-buddy-agent-1.12.8.jar;C:\Users\ASUS\.m2\repository\org\objenesis\objenesis\3.1\objenesis-3.1.jar;C:\Users\ASUS\.m2\repository\net\serenity-bdd\serenity-reports\3.2.1\serenity-reports-3.2.1.jar;C:\Users\ASUS\.m2\repository\net\serenity-bdd\serenity-stats\3.2.1\serenity-stats-3.2.1.jar;C:\Users\ASUS\.m2\repository\net\serenity-bdd\serenity-reports-configuration\3.2.1\serenity-reports-configuration-3.2.1.jar;C:\Users\ASUS\.m2\repository\com\vladsch\flexmark\flexmark-all\0.34.30\flexmark-all-0.34.30.jar;C:\Users\ASUS\.m2\repository\com\vladsch\flexmark\flexmark\0.34.30\flexmark-0.34.30.jar;C:\Users\ASUS\.m2\repository\com\vladsch\flexmark\flexmark-ext-abbreviation\0.34.30\flexmark-ext-abbreviation-0.34.30.jar;C:\Users\ASUS\.m2\repository\com\vladsch\flexmark\flexmark-ext-admonition\0.34.30\flexmark-ext-admonition-0.34.30.jar;C:\Users\ASUS\.m2\repository\com\vladsch\flexmark\flexmark-ext-anchorlink\0.34.30\flexmark-ext-anchorlink-0.34.30.jar;C:\Users\ASUS\.m2\repository\com\vladsch\flexmark\flexmark-ext-aside\0.34.30\flexmark-ext-aside-0.34.30.jar;C:\Users\ASUS\.m2\repository\com\vladsch\flexmark\flexmark-ext-attributes\0.34.30\flexmark-ext-attributes-0.34.30.jar;C:\Users\ASUS\.m2\repository\com\vladsch\flexmark\flexmark-ext-autolink\0.34.30\flexmark-ext-autolink-0.34.30.jar;C:\Users\ASUS\.m2\repository\org\nibor\autolink\autolink\0.6.0\autolink-0.6.0.jar;C:\Users\ASUS\.m2\repository\com\vladsch\flexmark\flexmark-ext-definition\0.34.30\flexmark-ext-definition-0.34.30.jar;C:\Users\ASUS\.m2\repository\com\vladsch\flexmark\flexmark-ext-emoji\0.34.30\flexmark-ext-emoji-0.34.30.jar;C:\Users\ASUS\.m2\repository\com\vladsch\flexmark\flexmark-ext-enumerated-reference\0.34.30\flexmark-ext-enumerated-reference-0.34.30.jar;C:\Users\ASUS\.m2\repository\com\vladsch\flexmark\flexmark-ext-escaped-character\0.34.30\flexmark-ext-escaped-character-0.34.30.jar;C:\Users\ASUS\.m2\repository\com\vladsch\flexmark\flexmark-ext-footnotes\0.34.30\flexmark-ext-footnotes-0.34.30.jar;C:\Users\ASUS\.m2\repository\com\vladsch\flexmark\flexmark-ext-gfm-issues\0.34.30\flexmark-ext-gfm-issues-0.34.30.jar;C:\Users\ASUS\.m2\repository\com\vladsch\flexmark\flexmark-ext-gfm-strikethrough\0.34.30\flexmark-ext-gfm-strikethrough-0.34.30.jar;C:\Users\ASUS\.m2\repository\com\vladsch\flexmark\flexmark-ext-gfm-tables\0.34.30\flexmark-ext-gfm-tables-0.34.30.jar;C:\Users\ASUS\.m2\repository\com\vladsch\flexmark\flexmark-ext-gfm-tasklist\0.34.30\flexmark-ext-gfm-tasklist-0.34.30.jar;C:\Users\ASUS\.m2\repository\com\vladsch\flexmark\flexmark-ext-gfm-users\0.34.30\flexmark-ext-gfm-users-0.34.30.jar;C:\Users\ASUS\.m2\repository\com\vladsch\flexmark\flexmark-ext-gitlab\0.34.30\flexmark-ext-gitlab-0.34.30.jar;C:\Users\ASUS\.m2\repository\com\vladsch\flexmark\flexmark-ext-jekyll-front-matter\0.34.30\flexmark-ext-jekyll-front-matter-0.34.30.jar;C:\Users\ASUS\.m2\repository\com\vladsch\flexmark\flexmark-ext-jekyll-tag\0.34.30\flexmark-ext-jekyll-tag-0.34.30.jar;C:\Users\ASUS\.m2\repository\com\vladsch\flexmark\flexmark-ext-media-tags\0.34.30\flexmark-ext-media-tags-0.34.30.jar;C:\Users\ASUS\.m2\repository\com\vladsch\flexmark\flexmark-test-util\0.34.30\flexmark-test-util-0.34.30.jar;C:\Users\ASUS\.m2\repository\com\vladsch\flexmark\flexmark-ext-ins\0.34.30\flexmark-ext-ins-0.34.30.jar;C:\Users\ASUS\.m2\repository\com\vladsch\flexmark\flexmark-ext-xwiki-macros\0.34.30\flexmark-ext-xwiki-macros-0.34.30.jar;C:\Users\ASUS\.m2\repository\com\vladsch\flexmark\flexmark-ext-superscript\0.34.30\flexmark-ext-superscript-0.34.30.jar;C:\Users\ASUS\.m2\repository\com\vladsch\flexmark\flexmark-ext-tables\0.34.30\flexmark-ext-tables-0.34.30.jar;C:\Users\ASUS\.m2\repository\com\vladsch\flexmark\flexmark-ext-toc\0.34.30\flexmark-ext-toc-0.34.30.jar;C:\Users\ASUS\.m2\repository\com\vladsch\flexmark\flexmark-ext-typographic\0.34.30\flexmark-ext-typographic-0.34.30.jar;C:\Users\ASUS\.m2\repository\com\vladsch\flexmark\flexmark-ext-wikilink\0.34.30\flexmark-ext-wikilink-0.34.30.jar;C:\Users\ASUS\.m2\repository\com\vladsch\flexmark\flexmark-ext-yaml-front-matter\0.34.30\flexmark-ext-yaml-front-matter-0.34.30.jar;C:\Users\ASUS\.m2\repository\com\vladsch\flexmark\flexmark-ext-youtube-embedded\0.34.30\flexmark-ext-youtube-embedded-0.34.30.jar;C:\Users\ASUS\.m2\repository\com\vladsch\flexmark\flexmark-formatter\0.34.30\flexmark-formatter-0.34.30.jar;C:\Users\ASUS\.m2\repository\com\vladsch\flexmark\flexmark-html-parser\0.34.30\flexmark-html-parser-0.34.30.jar;C:\Users\ASUS\.m2\repository\com\vladsch\flexmark\flexmark-jira-converter\0.34.30\flexmark-jira-converter-0.34.30.jar;C:\Users\ASUS\.m2\repository\com\vladsch\flexmark\flexmark-pdf-converter\0.34.30\flexmark-pdf-converter-0.34.30.jar;C:\Users\ASUS\.m2\repository\com\openhtmltopdf\openhtmltopdf-core\0.0.1-RC13\openhtmltopdf-core-0.0.1-RC13.jar;C:\Users\ASUS\.m2\repository\com\openhtmltopdf\openhtmltopdf-pdfbox\0.0.1-RC13\openhtmltopdf-pdfbox-0.0.1-RC13.jar;C:\Users\ASUS\.m2\repository\org\apache\pdfbox\pdfbox\2.0.8\pdfbox-2.0.8.jar;C:\Users\ASUS\.m2\repository\org\apache\pdfbox\fontbox\2.0.8\fontbox-2.0.8.jar;C:\Users\ASUS\.m2\repository\commons-logging\commons-logging\1.2\commons-logging-1.2.jar;C:\Users\ASUS\.m2\repository\org\apache\pdfbox\xmpbox\2.0.8\xmpbox-2.0.8.jar;C:\Users\ASUS\.m2\repository\de\rototor\pdfbox\graphics2d\0.12\graphics2d-0.12.jar;C:\Users\ASUS\.m2\repository\com\openhtmltopdf\openhtmltopdf-rtl-support\0.0.1-RC13\openhtmltopdf-rtl-support-0.0.1-RC13.jar;C:\Users\ASUS\.m2\repository\com\ibm\icu\icu4j\59.1\icu4j-59.1.jar;C:\Users\ASUS\.m2\repository\com\openhtmltopdf\openhtmltopdf-jsoup-dom-converter\0.0.1-RC13\openhtmltopdf-jsoup-dom-converter-0.0.1-RC13.jar;C:\Users\ASUS\.m2\repository\com\vladsch\flexmark\flexmark-profile-pegdown\0.34.30\flexmark-profile-pegdown-0.34.30.jar;C:\Users\ASUS\.m2\repository\com\vladsch\flexmark\flexmark-util\0.34.30\flexmark-util-0.34.30.jar;C:\Users\ASUS\.m2\repository\com\vladsch\flexmark\flexmark-youtrack-converter\0.34.30\flexmark-youtrack-converter-0.34.30.jar;C:\Users\ASUS\.m2\repository\es\nitaur\markdown\txtmark\0.16\txtmark-0.16.jar;C:\Users\ASUS\.m2\repository\net\serenity-bdd\serenity-report-resources\3.2.1\serenity-report-resources-3.2.1.jar;C:\Users\ASUS\.m2\repository\com\google\code\gson\gson\2.9.0\gson-2.9.0.jar;C:\Users\ASUS\.m2\repository\com\fasterxml\jackson\core\jackson-core\2.13.2\jackson-core-2.13.2.jar;C:\Users\ASUS\.m2\repository\com\fasterxml\jackson\core\jackson-databind\2.13.2\jackson-databind-2.13.2.jar;C:\Users\ASUS\.m2\repository\com\fasterxml\jackson\core\jackson-annotations\2.13.2\jackson-annotations-2.13.2.jar;C:\Users\ASUS\.m2\repository\commons-codec\commons-codec\1.15\commons-codec-1.15.jar;C:\Users\ASUS\.m2\repository\commons-io\commons-io\2.11.0\commons-io-2.11.0.jar;C:\Users\ASUS\.m2\repository\org\seleniumhq\selenium\selenium-java\4.1.2\selenium-java-4.1.2.jar;C:\Users\ASUS\.m2\repository\org\seleniumhq\selenium\selenium-devtools-v85\4.1.2\selenium-devtools-v85-4.1.2.jar;C:\Users\ASUS\.m2\repository\org\seleniumhq\selenium\selenium-devtools-v95\4.1.2\selenium-devtools-v95-4.1.2.jar;C:\Users\ASUS\.m2\repository\org\seleniumhq\selenium\selenium-devtools-v96\4.1.2\selenium-devtools-v96-4.1.2.jar;C:\Users\ASUS\.m2\repository\org\seleniumhq\selenium\selenium-devtools-v97\4.1.2\selenium-devtools-v97-4.1.2.jar;C:\Users\ASUS\.m2\repository\org\seleniumhq\selenium\selenium-firefox-xpi-driver\4.1.2\selenium-firefox-xpi-driver-4.1.2.jar;C:\Users\ASUS\.m2\repository\org\seleniumhq\selenium\selenium-opera-driver\4.1.2\selenium-opera-driver-4.1.2.jar;C:\Users\ASUS\.m2\repository\org\seleniumhq\selenium\selenium-remote-driver\4.1.2\selenium-remote-driver-4.1.2.jar;C:\Users\ASUS\.m2\repository\com\beust\jcommander\1.82\jcommander-1.82.jar;C:\Users\ASUS\.m2\repository\io\netty\netty-buffer\4.1.73.Final\netty-buffer-4.1.73.Final.jar;C:\Users\ASUS\.m2\repository\io\netty\netty-codec-http\4.1.73.Final\netty-codec-http-4.1.73.Final.jar;C:\Users\ASUS\.m2\repository\io\netty\netty-codec\4.1.73.Final\netty-codec-4.1.73.Final.jar;C:\Users\ASUS\.m2\repository\io\netty\netty-handler\4.1.73.Final\netty-handler-4.1.73.Final.jar;C:\Users\ASUS\.m2\repository\io\netty\netty-tcnative-classes\2.0.46.Final\netty-tcnative-classes-2.0.46.Final.jar;C:\Users\ASUS\.m2\repository\io\netty\netty-common\4.1.73.Final\netty-common-4.1.73.Final.jar;C:\Users\ASUS\.m2\repository\io\netty\netty-transport-classes-epoll\4.1.73.Final\netty-transport-classes-epoll-4.1.73.Final.jar;C:\Users\ASUS\.m2\repository\io\netty\netty-transport-classes-kqueue\4.1.73.Final\netty-transport-classes-kqueue-4.1.73.Final.jar;C:\Users\ASUS\.m2\repository\io\netty\netty-transport-native-epoll\4.1.73.Final\netty-transport-native-epoll-4.1.73.Final.jar;C:\Users\ASUS\.m2\repository\io\netty\netty-transport-native-kqueue\4.1.73.Final\netty-transport-native-kqueue-4.1.73.Final.jar;C:\Users\ASUS\.m2\repository\io\netty\netty-transport-native-unix-common\4.1.73.Final\netty-transport-native-unix-common-4.1.73.Final.jar;C:\Users\ASUS\.m2\repository\io\netty\netty-transport\4.1.73.Final\netty-transport-4.1.73.Final.jar;C:\Users\ASUS\.m2\repository\io\netty\netty-resolver\4.1.73.Final\netty-resolver-4.1.73.Final.jar;C:\Users\ASUS\.m2\repository\io\opentelemetry\opentelemetry-api\1.10.1\opentelemetry-api-1.10.1.jar;C:\Users\ASUS\.m2\repository\io\opentelemetry\opentelemetry-context\1.10.1\opentelemetry-context-1.10.1.jar;C:\Users\ASUS\.m2\repository\io\opentelemetry\opentelemetry-exporter-logging\1.10.1\opentelemetry-exporter-logging-1.10.1.jar;C:\Users\ASUS\.m2\repository\io\opentelemetry\opentelemetry-sdk-metrics\1.10.1-alpha\opentelemetry-sdk-metrics-1.10.1-alpha.jar;C:\Users\ASUS\.m2\repository\io\opentelemetry\opentelemetry-sdk-logs\1.10.1-alpha\opentelemetry-sdk-logs-1.10.1-alpha.jar;C:\Users\ASUS\.m2\repository\io\opentelemetry\opentelemetry-sdk-common\1.10.1\opentelemetry-sdk-common-1.10.1.jar;C:\Users\ASUS\.m2\repository\io\opentelemetry\opentelemetry-sdk-extension-autoconfigure-spi\1.10.1\opentelemetry-sdk-extension-autoconfigure-spi-1.10.1.jar;C:\Users\ASUS\.m2\repository\io\opentelemetry\opentelemetry-sdk-extension-autoconfigure\1.10.1-alpha\opentelemetry-sdk-extension-autoconfigure-1.10.1-alpha.jar;C:\Users\ASUS\.m2\repository\io\opentelemetry\opentelemetry-sdk-trace\1.10.1\opentelemetry-sdk-trace-1.10.1.jar;C:\Users\ASUS\.m2\repository\io\opentelemetry\opentelemetry-sdk\1.10.1\opentelemetry-sdk-1.10.1.jar;C:\Users\ASUS\.m2\repository\io\opentelemetry\opentelemetry-semconv\1.10.1-alpha\opentelemetry-semconv-1.10.1-alpha.jar;C:\Users\ASUS\.m2\repository\io\ous\jtoml\2.0.0\jtoml-2.0.0.jar;C:\Users\ASUS\.m2\repository\org\apache\commons\commons-exec\1.3\commons-exec-1.3.jar;C:\Users\ASUS\.m2\repository\org\asynchttpclient\async-http-client\2.12.3\async-http-client-2.12.3.jar;C:\Users\ASUS\.m2\repository\org\asynchttpclient\async-http-client-netty-utils\2.12.3\async-http-client-netty-utils-2.12.3.jar;C:\Users\ASUS\.m2\repository\io\netty\netty-codec-socks\4.1.60.Final\netty-codec-socks-4.1.60.Final.jar;C:\Users\ASUS\.m2\repository\io\netty\netty-handler-proxy\4.1.60.Final\netty-handler-proxy-4.1.60.Final.jar;C:\Users\ASUS\.m2\repository\io\netty\netty-transport-native-epoll\4.1.60.Final\netty-transport-native-epoll-4.1.60.Final-linux-x86_64.jar;C:\Users\ASUS\.m2\repository\io\netty\netty-transport-native-kqueue\4.1.60.Final\netty-transport-native-kqueue-4.1.60.Final-osx-x86_64.jar;C:\Users\ASUS\.m2\repository\org\reactivestreams\reactive-streams\1.0.3\reactive-streams-1.0.3.jar;C:\Users\ASUS\.m2\repository\com\typesafe\netty\netty-reactive-streams\2.0.4\netty-reactive-streams-2.0.4.jar;C:\Users\ASUS\.m2\repository\org\seleniumhq\selenium\selenium-http\4.1.2\selenium-http-4.1.2.jar;C:\Users\ASUS\.m2\repository\net\jodah\failsafe\2.4.4\failsafe-2.4.4.jar;C:\Users\ASUS\.m2\repository\org\seleniumhq\selenium\selenium-safari-driver\4.1.2\selenium-safari-driver-4.1.2.jar;C:\Users\ASUS\.m2\repository\org\seleniumhq\selenium\selenium-api\4.1.2\selenium-api-4.1.2.jar;C:\Users\ASUS\.m2\repository\org\seleniumhq\selenium\selenium-support\4.1.2\selenium-support-4.1.2.jar;C:\Users\ASUS\.m2\repository\com\google\auto\service\auto-service-annotations\1.0.1\auto-service-annotations-1.0.1.jar;C:\Users\ASUS\.m2\repository\com\google\auto\service\auto-service\1.0.1\auto-service-1.0.1.jar;C:\Users\ASUS\.m2\repository\com\google\auto\auto-common\1.2\auto-common-1.2.jar;C:\Users\ASUS\.m2\repository\org\seleniumhq\selenium\selenium-json\4.1.2\selenium-json-4.1.2.jar;C:\Users\ASUS\.m2\repository\org\seleniumhq\selenium\selenium-chrome-driver\4.1.2\selenium-chrome-driver-4.1.2.jar;C:\Users\ASUS\.m2\repository\org\seleniumhq\selenium\selenium-chromium-driver\4.1.2\selenium-chromium-driver-4.1.2.jar;C:\Users\ASUS\.m2\repository\org\seleniumhq\selenium\selenium-firefox-driver\4.1.2\selenium-firefox-driver-4.1.2.jar;C:\Users\ASUS\.m2\repository\org\seleniumhq\selenium\selenium-edge-driver\4.1.2\selenium-edge-driver-4.1.2.jar;C:\Users\ASUS\.m2\repository\org\seleniumhq\selenium\selenium-ie-driver\4.1.2\selenium-ie-driver-4.1.2.jar;C:\Users\ASUS\.m2\repository\org\projectlombok\lombok\1.18.20\lombok-1.18.20.jar;C:\Users\ASUS\.m2\repository\io\appium\java-client\8.0.0\java-client-8.0.0.jar;C:\Users\ASUS\.m2\repository\commons-validator\commons-validator\1.7\commons-validator-1.7.jar;C:\Users\ASUS\.m2\repository\commons-digester\commons-digester\2.1\commons-digester-2.1.jar;C:\Users\ASUS\.m2\repository\org\aspectj\aspectjweaver\1.9.8\aspectjweaver-1.9.8.jar;C:\Users\ASUS\.m2\repository\org\codehaus\groovy\groovy\3.0.10\groovy-3.0.10.jar;C:\Users\ASUS\.m2\repository\net\sf\opencsv\opencsv\2.0\opencsv-2.0.jar;C:\Users\ASUS\.m2\repository\commons-beanutils\commons-beanutils\1.9.4\commons-beanutils-1.9.4.jar;C:\Users\ASUS\.m2\repository\org\apache\commons\commons-lang3\3.12.0\commons-lang3-3.12.0.jar;C:\Users\ASUS\.m2\repository\commons-collections\commons-collections\3.2.2\commons-collections-3.2.2.jar;C:\Users\ASUS\.m2\repository\org\fluentlenium\fluentlenium-core\0.10.2\fluentlenium-core-0.10.2.jar;C:\Users\ASUS\.m2\repository\io\github\bonigarcia\webdrivermanager\5.1.0\webdrivermanager-5.1.0.jar;C:\Users\ASUS\.m2\repository\com\github\docker-java\docker-java\3.2.13\docker-java-3.2.13.jar;C:\Users\ASUS\.m2\repository\com\github\docker-java\docker-java-core\3.2.13\docker-java-core-3.2.13.jar;C:\Users\ASUS\.m2\repository\com\github\docker-java\docker-java-api\3.2.13\docker-java-api-3.2.13.jar;C:\Users\ASUS\.m2\repository\org\apache\commons\commons-compress\1.21\commons-compress-1.21.jar;C:\Users\ASUS\.m2\repository\org\bouncycastle\bcpkix-jdk15on\1.64\bcpkix-jdk15on-1.64.jar;C:\Users\ASUS\.m2\repository\org\bouncycastle\bcprov-jdk15on\1.64\bcprov-jdk15on-1.64.jar;C:\Users\ASUS\.m2\repository\org\slf4j\jcl-over-slf4j\1.7.30\jcl-over-slf4j-1.7.30.jar;C:\Users\ASUS\.m2\repository\com\github\docker-java\docker-java-transport-httpclient5\3.2.13\docker-java-transport-httpclient5-3.2.13.jar;C:\Users\ASUS\.m2\repository\com\github\docker-java\docker-java-transport\3.2.13\docker-java-transport-3.2.13.jar;C:\Users\ASUS\.m2\repository\org\apache\httpcomponents\client5\httpclient5\5.0.3\httpclient5-5.0.3.jar;C:\Users\ASUS\.m2\repository\org\apache\httpcomponents\core5\httpcore5\5.0.2\httpcore5-5.0.2.jar;C:\Users\ASUS\.m2\repository\net\java\dev\jna\jna\5.8.0\jna-5.8.0.jar;C:\Users\ASUS\.m2\repository\org\brotli\dec\0.1.2\dec-0.1.2.jar;C:\Users\ASUS\.m2\repository\com\jhlabs\filters\2.0.235\filters-2.0.235.jar;C:\Users\ASUS\.m2\repository\com\paulhammant\ngwebdriver\1.1.6\ngwebdriver-1.1.6.jar;C:\Users\ASUS\.m2\repository\joda-time\joda-time\2.8.2\joda-time-2.8.2.jar;C:\Users\ASUS\.m2\repository\org\hamcrest\hamcrest\2.2\hamcrest-2.2.jar;C:\Users\ASUS\.m2\repository\com\google\jimfs\jimfs\1.2\jimfs-1.2.jar;C:\Users\ASUS\.m2\repository\org\mockito\mockito-core\3.3.3\mockito-core-3.3.3.jar;C:\Users\ASUS\.m2\repository\javax\xml\bind\jaxb-api\2.3.1\jaxb-api-2.3.1.jar;C:\Users\ASUS\.m2\repository\javax\activation\javax.activation-api\1.2.0\javax.activation-api-1.2.0.jar;C:\Users\ASUS\.m2\repository\com\sun\xml\bind\jaxb-core\2.3.0.1\jaxb-core-2.3.0.1.jar;C:\Users\ASUS\.m2\repository\com\sun\xml\bind\jaxb-impl\2.3.3\jaxb-impl-2.3.3.jar;C:\Users\ASUS\.m2\repository\jakarta\xml\bind\jakarta.xml.bind-api\2.3.3\jakarta.xml.bind-api-2.3.3.jar;C:\Users\ASUS\.m2\repository\com\sun\activation\jakarta.activation\1.2.2\jakarta.activation-1.2.2.jar;C:\Users\ASUS\.m2\repository\javax\activation\activation\1.1.1\activation-1.1.1.jar;C:\Users\ASUS\.m2\repository\net\serenity-bdd\serenity-cucumber\3.2.1\serenity-cucumber-3.2.1.jar;C:\Users\ASUS\.m2\repository\io\cucumber\cucumber-core\7.2.3\cucumber-core-7.2.3.jar;C:\Users\ASUS\.m2\repository\io\cucumber\cucumber-gherkin\7.2.3\cucumber-gherkin-7.2.3.jar;C:\Users\ASUS\.m2\repository\io\cucumber\cucumber-gherkin-messages\7.2.3\cucumber-gherkin-messages-7.2.3.jar;C:\Users\ASUS\.m2\repository\io\cucumber\messages\17.1.1\messages-17.1.1.jar;C:\Users\ASUS\.m2\repository\io\cucumber\tag-expressions\4.1.0\tag-expressions-4.1.0.jar;C:\Users\ASUS\.m2\repository\io\cucumber\cucumber-expressions\15.0.1\cucumber-expressions-15.0.1.jar;C:\Users\ASUS\.m2\repository\io\cucumber\datatable\7.2.3\datatable-7.2.3.jar;C:\Users\ASUS\.m2\repository\io\cucumber\cucumber-plugin\7.2.3\cucumber-plugin-7.2.3.jar;C:\Users\ASUS\.m2\repository\io\cucumber\docstring\7.2.3\docstring-7.2.3.jar;C:\Users\ASUS\.m2\repository\io\cucumber\html-formatter\17.0.0\html-formatter-17.0.0.jar;C:\Users\ASUS\.m2\repository\io\cucumber\ci-environment\8.1.0\ci-environment-8.1.0.jar;C:\Users\ASUS\.m2\repository\io\cucumber\cucumber-junit\7.2.3\cucumber-junit-7.2.3.jar;C:\Users\ASUS\.m2\repository\org\apache\commons\commons-csv\1.5\commons-csv-1.5.jar;C:\Users\ASUS\.m2\repository\net\serenity-bdd\serenity-screenplay\3.2.1\serenity-screenplay-3.2.1.jar;C:\Users\ASUS\.m2\repository\net\serenity-bdd\serenity-screenplay-webdriver\3.2.1\serenity-screenplay-webdriver-3.2.1.jar;C:\Users\ASUS\.m2\repository\net\serenity-bdd\serenity-ensure\3.2.1\serenity-ensure-3.2.1.jar;C:\Users\ASUS\.m2\repository\net\serenity-bdd\serenity-junit\3.2.1\serenity-junit-3.2.1.jar;C:\Users\ASUS\.m2\repository\org\jetbrains\kotlin\kotlin-stdlib\1.6.0\kotlin-stdlib-1.6.0.jar;C:\Users\ASUS\.m2\repository\org\jetbrains\annotations\13.0\annotations-13.0.jar;C:\Users\ASUS\.m2\repository\org\jetbrains\kotlin\kotlin-stdlib-common\1.6.0\kotlin-stdlib-common-1.6.0.jar;C:\Users\ASUS\.m2\repository\org\junit\platform\junit-platform-launcher\1.8.1\junit-platform-launcher-1.8.1.jar;C:\Users\ASUS\.m2\repository\org\junit\platform\junit-platform-engine\1.8.1\junit-platform-engine-1.8.1.jar;C:\Users\ASUS\.m2\repository\org\opentest4j\opentest4j\1.2.0\opentest4j-1.2.0.jar;C:\Users\ASUS\.m2\repository\org\junit\platform\junit-platform-commons\1.8.1\junit-platform-commons-1.8.1.jar;C:\Users\ASUS\.m2\repository\org\apiguardian\apiguardian-api\1.1.2\apiguardian-api-1.1.2.jar;C:\Users\ASUS\.m2\repository\org\junit\jupiter\junit-jupiter-engine\5.8.2\junit-jupiter-engine-5.8.2.jar;C:\Users\ASUS\.m2\repository\org\junit\jupiter\junit-jupiter-api\5.8.2\junit-jupiter-api-5.8.2.jar;C:\Users\ASUS\.m2\repository\org\junit\vintage\junit-vintage-engine\5.8.2\junit-vintage-engine-5.8.2.jar;C:\Users\ASUS\.m2\repository\junit\junit\4.13.2\junit-4.13.2.jar;C:\Users\ASUS\.m2\repository\org\hamcrest\hamcrest-core\1.3\hamcrest-core-1.3.jar;C:\Users\ASUS\.m2\repository\ch\qos\logback\logback-classic\1.2.10\logback-classic-1.2.10.jar;C:\Users\ASUS\.m2\repository\ch\qos\logback\logback-core\1.2.10\logback-core-1.2.10.jar;C:\Users\ASUS\.m2\repository\org\slf4j\slf4j-api\1.7.32\slf4j-api-1.7.32.jar;C:\Users\ASUS\.m2\repository\org\assertj\assertj-core\3.6.2\assertj-core-3.6.2.jar;"/>
    <property name="java.vm.vendor" value="Oracle Corporation"/>
    <property name="sun.arch.data.model" value="64"/>
    <property name="user.variant" value=""/>
    <property name="java.vendor.url" value="https://java.oracle.com/"/>
    <property name="user.timezone" value="Asia/Jakarta"/>
    <property name="log4j2.formatMsgNoLookups" value="true"/>
    <property name="os.name" value="Windows 10"/>
    <property name="java.vm.specification.version" value="15"/>
    <property name="sun.java.launcher" value="SUN_STANDARD"/>
    <property name="user.country" value="ID"/>
    <property name="sun.boot.library.path" value="C:\Program Files\Java\jdk-15.0.2\bin"/>
    <property name="sun.java.command" value="org.apache.maven.surefire.booter.ForkedBooter C:\Users\ASUS\AppData\Local\Temp\surefire10301126284966348536 2022-04-30T19-24-41_429-jvmRun1 surefire328100431819711450tmp surefire_010441542188635605887tmp"/>
    <property name="jdk.debug" value="release"/>
    <property name="surefire.test.class.path" value="D:\PERKULIAHAN\Semester 6,Hebatt glad!\Altera\QE_Gladys-Cindana-Asri-Pardosi\Mini-Project\Web\target\test-classes;C:\Users\ASUS\.m2\repository\net\serenity-bdd\serenity-core\3.2.1\serenity-core-3.2.1.jar;C:\Users\ASUS\.m2\repository\net\serenity-bdd\serenity-model\3.2.1\serenity-model-3.2.1.jar;C:\Users\ASUS\.m2\repository\org\apache\commons\commons-text\1.9\commons-text-1.9.jar;C:\Users\ASUS\.m2\repository\commons-net\commons-net\3.8.0\commons-net-3.8.0.jar;C:\Users\ASUS\.m2\repository\com\google\guava\guava\31.1-jre\guava-31.1-jre.jar;C:\Users\ASUS\.m2\repository\com\google\guava\failureaccess\1.0.1\failureaccess-1.0.1.jar;C:\Users\ASUS\.m2\repository\com\google\guava\listenablefuture\9999.0-empty-to-avoid-conflict-with-guava\listenablefuture-9999.0-empty-to-avoid-conflict-with-guava.jar;C:\Users\ASUS\.m2\repository\com\google\code\findbugs\jsr305\3.0.2\jsr305-3.0.2.jar;C:\Users\ASUS\.m2\repository\org\checkerframework\checker-qual\3.12.0\checker-qual-3.12.0.jar;C:\Users\ASUS\.m2\repository\com\google\errorprone\error_prone_annotations\2.11.0\error_prone_annotations-2.11.0.jar;C:\Users\ASUS\.m2\repository\com\google\j2objc\j2objc-annotations\1.3\j2objc-annotations-1.3.jar;C:\Users\ASUS\.m2\repository\com\google\inject\guice\5.1.0\guice-5.1.0.jar;C:\Users\ASUS\.m2\repository\javax\inject\javax.inject\1\javax.inject-1.jar;C:\Users\ASUS\.m2\repository\aopalliance\aopalliance\1.0\aopalliance-1.0.jar;C:\Users\ASUS\.m2\repository\org\jsoup\jsoup\1.14.3\jsoup-1.14.3.jar;C:\Users\ASUS\.m2\repository\com\thoughtworks\xstream\xstream\1.4.19\xstream-1.4.19.jar;C:\Users\ASUS\.m2\repository\io\github\x-stream\mxparser\1.2.2\mxparser-1.2.2.jar;C:\Users\ASUS\.m2\repository\xmlpull\xmlpull\1.1.3.1\xmlpull-1.1.3.1.jar;C:\Users\ASUS\.m2\repository\io\cucumber\cucumber-java\7.2.3\cucumber-java-7.2.3.jar;C:\Users\ASUS\.m2\repository\com\typesafe\config\1.4.2\config-1.4.2.jar;C:\Users\ASUS\.m2\repository\org\imgscalr\imgscalr-lib\4.2\imgscalr-lib-4.2.jar;C:\Users\ASUS\.m2\repository\org\awaitility\awaitility\4.2.0\awaitility-4.2.0.jar;C:\Users\ASUS\.m2\repository\org\freemarker\freemarker\2.3.31\freemarker-2.3.31.jar;C:\Users\ASUS\.m2\repository\io\github\classgraph\classgraph\4.8.138\classgraph-4.8.138.jar;C:\Users\ASUS\.m2\repository\net\sourceforge\jexcelapi\jxl\2.6.12\jxl-2.6.12.jar;C:\Users\ASUS\.m2\repository\net\bytebuddy\byte-buddy\1.12.8\byte-buddy-1.12.8.jar;C:\Users\ASUS\.m2\repository\net\bytebuddy\byte-buddy-agent\1.12.8\byte-buddy-agent-1.12.8.jar;C:\Users\ASUS\.m2\repository\org\objenesis\objenesis\3.1\objenesis-3.1.jar;C:\Users\ASUS\.m2\repository\net\serenity-bdd\serenity-reports\3.2.1\serenity-reports-3.2.1.jar;C:\Users\ASUS\.m2\repository\net\serenity-bdd\serenity-stats\3.2.1\serenity-stats-3.2.1.jar;C:\Users\ASUS\.m2\repository\net\serenity-bdd\serenity-reports-configuration\3.2.1\serenity-reports-configuration-3.2.1.jar;C:\Users\ASUS\.m2\repository\com\vladsch\flexmark\flexmark-all\0.34.30\flexmark-all-0.34.30.jar;C:\Users\ASUS\.m2\repository\com\vladsch\flexmark\flexmark\0.34.30\flexmark-0.34.30.jar;C:\Users\ASUS\.m2\repository\com\vladsch\flexmark\flexmark-ext-abbreviation\0.34.30\flexmark-ext-abbreviation-0.34.30.jar;C:\Users\ASUS\.m2\repository\com\vladsch\flexmark\flexmark-ext-admonition\0.34.30\flexmark-ext-admonition-0.34.30.jar;C:\Users\ASUS\.m2\repository\com\vladsch\flexmark\flexmark-ext-anchorlink\0.34.30\flexmark-ext-anchorlink-0.34.30.jar;C:\Users\ASUS\.m2\repository\com\vladsch\flexmark\flexmark-ext-aside\0.34.30\flexmark-ext-aside-0.34.30.jar;C:\Users\ASUS\.m2\repository\com\vladsch\flexmark\flexmark-ext-attributes\0.34.30\flexmark-ext-attributes-0.34.30.jar;C:\Users\ASUS\.m2\repository\com\vladsch\flexmark\flexmark-ext-autolink\0.34.30\flexmark-ext-autolink-0.34.30.jar;C:\Users\ASUS\.m2\repository\org\nibor\autolink\autolink\0.6.0\autolink-0.6.0.jar;C:\Users\ASUS\.m2\repository\com\vladsch\flexmark\flexmark-ext-definition\0.34.30\flexmark-ext-definition-0.34.30.jar;C:\Users\ASUS\.m2\repository\com\vladsch\flexmark\flexmark-ext-emoji\0.34.30\flexmark-ext-emoji-0.34.30.jar;C:\Users\ASUS\.m2\repository\com\vladsch\flexmark\flexmark-ext-enumerated-reference\0.34.30\flexmark-ext-enumerated-reference-0.34.30.jar;C:\Users\ASUS\.m2\repository\com\vladsch\flexmark\flexmark-ext-escaped-character\0.34.30\flexmark-ext-escaped-character-0.34.30.jar;C:\Users\ASUS\.m2\repository\com\vladsch\flexmark\flexmark-ext-footnotes\0.34.30\flexmark-ext-footnotes-0.34.30.jar;C:\Users\ASUS\.m2\repository\com\vladsch\flexmark\flexmark-ext-gfm-issues\0.34.30\flexmark-ext-gfm-issues-0.34.30.jar;C:\Users\ASUS\.m2\repository\com\vladsch\flexmark\flexmark-ext-gfm-strikethrough\0.34.30\flexmark-ext-gfm-strikethrough-0.34.30.jar;C:\Users\ASUS\.m2\repository\com\vladsch\flexmark\flexmark-ext-gfm-tables\0.34.30\flexmark-ext-gfm-tables-0.34.30.jar;C:\Users\ASUS\.m2\repository\com\vladsch\flexmark\flexmark-ext-gfm-tasklist\0.34.30\flexmark-ext-gfm-tasklist-0.34.30.jar;C:\Users\ASUS\.m2\repository\com\vladsch\flexmark\flexmark-ext-gfm-users\0.34.30\flexmark-ext-gfm-users-0.34.30.jar;C:\Users\ASUS\.m2\repository\com\vladsch\flexmark\flexmark-ext-gitlab\0.34.30\flexmark-ext-gitlab-0.34.30.jar;C:\Users\ASUS\.m2\repository\com\vladsch\flexmark\flexmark-ext-jekyll-front-matter\0.34.30\flexmark-ext-jekyll-front-matter-0.34.30.jar;C:\Users\ASUS\.m2\repository\com\vladsch\flexmark\flexmark-ext-jekyll-tag\0.34.30\flexmark-ext-jekyll-tag-0.34.30.jar;C:\Users\ASUS\.m2\repository\com\vladsch\flexmark\flexmark-ext-media-tags\0.34.30\flexmark-ext-media-tags-0.34.30.jar;C:\Users\ASUS\.m2\repository\com\vladsch\flexmark\flexmark-test-util\0.34.30\flexmark-test-util-0.34.30.jar;C:\Users\ASUS\.m2\repository\com\vladsch\flexmark\flexmark-ext-ins\0.34.30\flexmark-ext-ins-0.34.30.jar;C:\Users\ASUS\.m2\repository\com\vladsch\flexmark\flexmark-ext-xwiki-macros\0.34.30\flexmark-ext-xwiki-macros-0.34.30.jar;C:\Users\ASUS\.m2\repository\com\vladsch\flexmark\flexmark-ext-superscript\0.34.30\flexmark-ext-superscript-0.34.30.jar;C:\Users\ASUS\.m2\repository\com\vladsch\flexmark\flexmark-ext-tables\0.34.30\flexmark-ext-tables-0.34.30.jar;C:\Users\ASUS\.m2\repository\com\vladsch\flexmark\flexmark-ext-toc\0.34.30\flexmark-ext-toc-0.34.30.jar;C:\Users\ASUS\.m2\repository\com\vladsch\flexmark\flexmark-ext-typographic\0.34.30\flexmark-ext-typographic-0.34.30.jar;C:\Users\ASUS\.m2\repository\com\vladsch\flexmark\flexmark-ext-wikilink\0.34.30\flexmark-ext-wikilink-0.34.30.jar;C:\Users\ASUS\.m2\repository\com\vladsch\flexmark\flexmark-ext-yaml-front-matter\0.34.30\flexmark-ext-yaml-front-matter-0.34.30.jar;C:\Users\ASUS\.m2\repository\com\vladsch\flexmark\flexmark-ext-youtube-embedded\0.34.30\flexmark-ext-youtube-embedded-0.34.30.jar;C:\Users\ASUS\.m2\repository\com\vladsch\flexmark\flexmark-formatter\0.34.30\flexmark-formatter-0.34.30.jar;C:\Users\ASUS\.m2\repository\com\vladsch\flexmark\flexmark-html-parser\0.34.30\flexmark-html-parser-0.34.30.jar;C:\Users\ASUS\.m2\repository\com\vladsch\flexmark\flexmark-jira-converter\0.34.30\flexmark-jira-converter-0.34.30.jar;C:\Users\ASUS\.m2\repository\com\vladsch\flexmark\flexmark-pdf-converter\0.34.30\flexmark-pdf-converter-0.34.30.jar;C:\Users\ASUS\.m2\repository\com\openhtmltopdf\openhtmltopdf-core\0.0.1-RC13\openhtmltopdf-core-0.0.1-RC13.jar;C:\Users\ASUS\.m2\repository\com\openhtmltopdf\openhtmltopdf-pdfbox\0.0.1-RC13\openhtmltopdf-pdfbox-0.0.1-RC13.jar;C:\Users\ASUS\.m2\repository\org\apache\pdfbox\pdfbox\2.0.8\pdfbox-2.0.8.jar;C:\Users\ASUS\.m2\repository\org\apache\pdfbox\fontbox\2.0.8\fontbox-2.0.8.jar;C:\Users\ASUS\.m2\repository\commons-logging\commons-logging\1.2\commons-logging-1.2.jar;C:\Users\ASUS\.m2\repository\org\apache\pdfbox\xmpbox\2.0.8\xmpbox-2.0.8.jar;C:\Users\ASUS\.m2\repository\de\rototor\pdfbox\graphics2d\0.12\graphics2d-0.12.jar;C:\Users\ASUS\.m2\repository\com\openhtmltopdf\openhtmltopdf-rtl-support\0.0.1-RC13\openhtmltopdf-rtl-support-0.0.1-RC13.jar;C:\Users\ASUS\.m2\repository\com\ibm\icu\icu4j\59.1\icu4j-59.1.jar;C:\Users\ASUS\.m2\repository\com\openhtmltopdf\openhtmltopdf-jsoup-dom-converter\0.0.1-RC13\openhtmltopdf-jsoup-dom-converter-0.0.1-RC13.jar;C:\Users\ASUS\.m2\repository\com\vladsch\flexmark\flexmark-profile-pegdown\0.34.30\flexmark-profile-pegdown-0.34.30.jar;C:\Users\ASUS\.m2\repository\com\vladsch\flexmark\flexmark-util\0.34.30\flexmark-util-0.34.30.jar;C:\Users\ASUS\.m2\repository\com\vladsch\flexmark\flexmark-youtrack-converter\0.34.30\flexmark-youtrack-converter-0.34.30.jar;C:\Users\ASUS\.m2\repository\es\nitaur\markdown\txtmark\0.16\txtmark-0.16.jar;C:\Users\ASUS\.m2\repository\net\serenity-bdd\serenity-report-resources\3.2.1\serenity-report-resources-3.2.1.jar;C:\Users\ASUS\.m2\repository\com\google\code\gson\gson\2.9.0\gson-2.9.0.jar;C:\Users\ASUS\.m2\repository\com\fasterxml\jackson\core\jackson-core\2.13.2\jackson-core-2.13.2.jar;C:\Users\ASUS\.m2\repository\com\fasterxml\jackson\core\jackson-databind\2.13.2\jackson-databind-2.13.2.jar;C:\Users\ASUS\.m2\repository\com\fasterxml\jackson\core\jackson-annotations\2.13.2\jackson-annotations-2.13.2.jar;C:\Users\ASUS\.m2\repository\commons-codec\commons-codec\1.15\commons-codec-1.15.jar;C:\Users\ASUS\.m2\repository\commons-io\commons-io\2.11.0\commons-io-2.11.0.jar;C:\Users\ASUS\.m2\repository\org\seleniumhq\selenium\selenium-java\4.1.2\selenium-java-4.1.2.jar;C:\Users\ASUS\.m2\repository\org\seleniumhq\selenium\selenium-devtools-v85\4.1.2\selenium-devtools-v85-4.1.2.jar;C:\Users\ASUS\.m2\repository\org\seleniumhq\selenium\selenium-devtools-v95\4.1.2\selenium-devtools-v95-4.1.2.jar;C:\Users\ASUS\.m2\repository\org\seleniumhq\selenium\selenium-devtools-v96\4.1.2\selenium-devtools-v96-4.1.2.jar;C:\Users\ASUS\.m2\repository\org\seleniumhq\selenium\selenium-devtools-v97\4.1.2\selenium-devtools-v97-4.1.2.jar;C:\Users\ASUS\.m2\repository\org\seleniumhq\selenium\selenium-firefox-xpi-driver\4.1.2\selenium-firefox-xpi-driver-4.1.2.jar;C:\Users\ASUS\.m2\repository\org\seleniumhq\selenium\selenium-opera-driver\4.1.2\selenium-opera-driver-4.1.2.jar;C:\Users\ASUS\.m2\repository\org\seleniumhq\selenium\selenium-remote-driver\4.1.2\selenium-remote-driver-4.1.2.jar;C:\Users\ASUS\.m2\repository\com\beust\jcommander\1.82\jcommander-1.82.jar;C:\Users\ASUS\.m2\repository\io\netty\netty-buffer\4.1.73.Final\netty-buffer-4.1.73.Final.jar;C:\Users\ASUS\.m2\repository\io\netty\netty-codec-http\4.1.73.Final\netty-codec-http-4.1.73.Final.jar;C:\Users\ASUS\.m2\repository\io\netty\netty-codec\4.1.73.Final\netty-codec-4.1.73.Final.jar;C:\Users\ASUS\.m2\repository\io\netty\netty-handler\4.1.73.Final\netty-handler-4.1.73.Final.jar;C:\Users\ASUS\.m2\repository\io\netty\netty-tcnative-classes\2.0.46.Final\netty-tcnative-classes-2.0.46.Final.jar;C:\Users\ASUS\.m2\repository\io\netty\netty-common\4.1.73.Final\netty-common-4.1.73.Final.jar;C:\Users\ASUS\.m2\repository\io\netty\netty-transport-classes-epoll\4.1.73.Final\netty-transport-classes-epoll-4.1.73.Final.jar;C:\Users\ASUS\.m2\repository\io\netty\netty-transport-classes-kqueue\4.1.73.Final\netty-transport-classes-kqueue-4.1.73.Final.jar;C:\Users\ASUS\.m2\repository\io\netty\netty-transport-native-epoll\4.1.73.Final\netty-transport-native-epoll-4.1.73.Final.jar;C:\Users\ASUS\.m2\repository\io\netty\netty-transport-native-kqueue\4.1.73.Final\netty-transport-native-kqueue-4.1.73.Final.jar;C:\Users\ASUS\.m2\repository\io\netty\netty-transport-native-unix-common\4.1.73.Final\netty-transport-native-unix-common-4.1.73.Final.jar;C:\Users\ASUS\.m2\repository\io\netty\netty-transport\4.1.73.Final\netty-transport-4.1.73.Final.jar;C:\Users\ASUS\.m2\repository\io\netty\netty-resolver\4.1.73.Final\netty-resolver-4.1.73.Final.jar;C:\Users\ASUS\.m2\repository\io\opentelemetry\opentelemetry-api\1.10.1\opentelemetry-api-1.10.1.jar;C:\Users\ASUS\.m2\repository\io\opentelemetry\opentelemetry-context\1.10.1\opentelemetry-context-1.10.1.jar;C:\Users\ASUS\.m2\repository\io\opentelemetry\opentelemetry-exporter-logging\1.10.1\opentelemetry-exporter-logging-1.10.1.jar;C:\Users\ASUS\.m2\repository\io\opentelemetry\opentelemetry-sdk-metrics\1.10.1-alpha\opentelemetry-sdk-metrics-1.10.1-alpha.jar;C:\Users\ASUS\.m2\repository\io\opentelemetry\opentelemetry-sdk-logs\1.10.1-alpha\opentelemetry-sdk-logs-1.10.1-alpha.jar;C:\Users\ASUS\.m2\repository\io\opentelemetry\opentelemetry-sdk-common\1.10.1\opentelemetry-sdk-common-1.10.1.jar;C:\Users\ASUS\.m2\repository\io\opentelemetry\opentelemetry-sdk-extension-autoconfigure-spi\1.10.1\opentelemetry-sdk-extension-autoconfigure-spi-1.10.1.jar;C:\Users\ASUS\.m2\repository\io\opentelemetry\opentelemetry-sdk-extension-autoconfigure\1.10.1-alpha\opentelemetry-sdk-extension-autoconfigure-1.10.1-alpha.jar;C:\Users\ASUS\.m2\repository\io\opentelemetry\opentelemetry-sdk-trace\1.10.1\opentelemetry-sdk-trace-1.10.1.jar;C:\Users\ASUS\.m2\repository\io\opentelemetry\opentelemetry-sdk\1.10.1\opentelemetry-sdk-1.10.1.jar;C:\Users\ASUS\.m2\repository\io\opentelemetry\opentelemetry-semconv\1.10.1-alpha\opentelemetry-semconv-1.10.1-alpha.jar;C:\Users\ASUS\.m2\repository\io\ous\jtoml\2.0.0\jtoml-2.0.0.jar;C:\Users\ASUS\.m2\repository\org\apache\commons\commons-exec\1.3\commons-exec-1.3.jar;C:\Users\ASUS\.m2\repository\org\asynchttpclient\async-http-client\2.12.3\async-http-client-2.12.3.jar;C:\Users\ASUS\.m2\repository\org\asynchttpclient\async-http-client-netty-utils\2.12.3\async-http-client-netty-utils-2.12.3.jar;C:\Users\ASUS\.m2\repository\io\netty\netty-codec-socks\4.1.60.Final\netty-codec-socks-4.1.60.Final.jar;C:\Users\ASUS\.m2\repository\io\netty\netty-handler-proxy\4.1.60.Final\netty-handler-proxy-4.1.60.Final.jar;C:\Users\ASUS\.m2\repository\io\netty\netty-transport-native-epoll\4.1.60.Final\netty-transport-native-epoll-4.1.60.Final-linux-x86_64.jar;C:\Users\ASUS\.m2\repository\io\netty\netty-transport-native-kqueue\4.1.60.Final\netty-transport-native-kqueue-4.1.60.Final-osx-x86_64.jar;C:\Users\ASUS\.m2\repository\org\reactivestreams\reactive-streams\1.0.3\reactive-streams-1.0.3.jar;C:\Users\ASUS\.m2\repository\com\typesafe\netty\netty-reactive-streams\2.0.4\netty-reactive-streams-2.0.4.jar;C:\Users\ASUS\.m2\repository\org\seleniumhq\selenium\selenium-http\4.1.2\selenium-http-4.1.2.jar;C:\Users\ASUS\.m2\repository\net\jodah\failsafe\2.4.4\failsafe-2.4.4.jar;C:\Users\ASUS\.m2\repository\org\seleniumhq\selenium\selenium-safari-driver\4.1.2\selenium-safari-driver-4.1.2.jar;C:\Users\ASUS\.m2\repository\org\seleniumhq\selenium\selenium-api\4.1.2\selenium-api-4.1.2.jar;C:\Users\ASUS\.m2\repository\org\seleniumhq\selenium\selenium-support\4.1.2\selenium-support-4.1.2.jar;C:\Users\ASUS\.m2\repository\com\google\auto\service\auto-service-annotations\1.0.1\auto-service-annotations-1.0.1.jar;C:\Users\ASUS\.m2\repository\com\google\auto\service\auto-service\1.0.1\auto-service-1.0.1.jar;C:\Users\ASUS\.m2\repository\com\google\auto\auto-common\1.2\auto-common-1.2.jar;C:\Users\ASUS\.m2\repository\org\seleniumhq\selenium\selenium-json\4.1.2\selenium-json-4.1.2.jar;C:\Users\ASUS\.m2\repository\org\seleniumhq\selenium\selenium-chrome-driver\4.1.2\selenium-chrome-driver-4.1.2.jar;C:\Users\ASUS\.m2\repository\org\seleniumhq\selenium\selenium-chromium-driver\4.1.2\selenium-chromium-driver-4.1.2.jar;C:\Users\ASUS\.m2\repository\org\seleniumhq\selenium\selenium-firefox-driver\4.1.2\selenium-firefox-driver-4.1.2.jar;C:\Users\ASUS\.m2\repository\org\seleniumhq\selenium\selenium-edge-driver\4.1.2\selenium-edge-driver-4.1.2.jar;C:\Users\ASUS\.m2\repository\org\seleniumhq\selenium\selenium-ie-driver\4.1.2\selenium-ie-driver-4.1.2.jar;C:\Users\ASUS\.m2\repository\org\projectlombok\lombok\1.18.20\lombok-1.18.20.jar;C:\Users\ASUS\.m2\repository\io\appium\java-client\8.0.0\java-client-8.0.0.jar;C:\Users\ASUS\.m2\repository\commons-validator\commons-validator\1.7\commons-validator-1.7.jar;C:\Users\ASUS\.m2\repository\commons-digester\commons-digester\2.1\commons-digester-2.1.jar;C:\Users\ASUS\.m2\repository\org\aspectj\aspectjweaver\1.9.8\aspectjweaver-1.9.8.jar;C:\Users\ASUS\.m2\repository\org\codehaus\groovy\groovy\3.0.10\groovy-3.0.10.jar;C:\Users\ASUS\.m2\repository\net\sf\opencsv\opencsv\2.0\opencsv-2.0.jar;C:\Users\ASUS\.m2\repository\commons-beanutils\commons-beanutils\1.9.4\commons-beanutils-1.9.4.jar;C:\Users\ASUS\.m2\repository\org\apache\commons\commons-lang3\3.12.0\commons-lang3-3.12.0.jar;C:\Users\ASUS\.m2\repository\commons-collections\commons-collections\3.2.2\commons-collections-3.2.2.jar;C:\Users\ASUS\.m2\repository\org\fluentlenium\fluentlenium-core\0.10.2\fluentlenium-core-0.10.2.jar;C:\Users\ASUS\.m2\repository\io\github\bonigarcia\webdrivermanager\5.1.0\webdrivermanager-5.1.0.jar;C:\Users\ASUS\.m2\repository\com\github\docker-java\docker-java\3.2.13\docker-java-3.2.13.jar;C:\Users\ASUS\.m2\repository\com\github\docker-java\docker-java-core\3.2.13\docker-java-core-3.2.13.jar;C:\Users\ASUS\.m2\repository\com\github\docker-java\docker-java-api\3.2.13\docker-java-api-3.2.13.jar;C:\Users\ASUS\.m2\repository\org\apache\commons\commons-compress\1.21\commons-compress-1.21.jar;C:\Users\ASUS\.m2\repository\org\bouncycastle\bcpkix-jdk15on\1.64\bcpkix-jdk15on-1.64.jar;C:\Users\ASUS\.m2\repository\org\bouncycastle\bcprov-jdk15on\1.64\bcprov-jdk15on-1.64.jar;C:\Users\ASUS\.m2\repository\org\slf4j\jcl-over-slf4j\1.7.30\jcl-over-slf4j-1.7.30.jar;C:\Users\ASUS\.m2\repository\com\github\docker-java\docker-java-transport-httpclient5\3.2.13\docker-java-transport-httpclient5-3.2.13.jar;C:\Users\ASUS\.m2\repository\com\github\docker-java\docker-java-transport\3.2.13\docker-java-transport-3.2.13.jar;C:\Users\ASUS\.m2\repository\org\apache\httpcomponents\client5\httpclient5\5.0.3\httpclient5-5.0.3.jar;C:\Users\ASUS\.m2\repository\org\apache\httpcomponents\core5\httpcore5\5.0.2\httpcore5-5.0.2.jar;C:\Users\ASUS\.m2\repository\net\java\dev\jna\jna\5.8.0\jna-5.8.0.jar;C:\Users\ASUS\.m2\repository\org\brotli\dec\0.1.2\dec-0.1.2.jar;C:\Users\ASUS\.m2\repository\com\jhlabs\filters\2.0.235\filters-2.0.235.jar;C:\Users\ASUS\.m2\repository\com\paulhammant\ngwebdriver\1.1.6\ngwebdriver-1.1.6.jar;C:\Users\ASUS\.m2\repository\joda-time\joda-time\2.8.2\joda-time-2.8.2.jar;C:\Users\ASUS\.m2\repository\org\hamcrest\hamcrest\2.2\hamcrest-2.2.jar;C:\Users\ASUS\.m2\repository\com\google\jimfs\jimfs\1.2\jimfs-1.2.jar;C:\Users\ASUS\.m2\repository\org\mockito\mockito-core\3.3.3\mockito-core-3.3.3.jar;C:\Users\ASUS\.m2\repository\javax\xml\bind\jaxb-api\2.3.1\jaxb-api-2.3.1.jar;C:\Users\ASUS\.m2\repository\javax\activation\javax.activation-api\1.2.0\javax.activation-api-1.2.0.jar;C:\Users\ASUS\.m2\repository\com\sun\xml\bind\jaxb-core\2.3.0.1\jaxb-core-2.3.0.1.jar;C:\Users\ASUS\.m2\repository\com\sun\xml\bind\jaxb-impl\2.3.3\jaxb-impl-2.3.3.jar;C:\Users\ASUS\.m2\repository\jakarta\xml\bind\jakarta.xml.bind-api\2.3.3\jakarta.xml.bind-api-2.3.3.jar;C:\Users\ASUS\.m2\repository\com\sun\activation\jakarta.activation\1.2.2\jakarta.activation-1.2.2.jar;C:\Users\ASUS\.m2\repository\javax\activation\activation\1.1.1\activation-1.1.1.jar;C:\Users\ASUS\.m2\repository\net\serenity-bdd\serenity-cucumber\3.2.1\serenity-cucumber-3.2.1.jar;C:\Users\ASUS\.m2\repository\io\cucumber\cucumber-core\7.2.3\cucumber-core-7.2.3.jar;C:\Users\ASUS\.m2\repository\io\cucumber\cucumber-gherkin\7.2.3\cucumber-gherkin-7.2.3.jar;C:\Users\ASUS\.m2\repository\io\cucumber\cucumber-gherkin-messages\7.2.3\cucumber-gherkin-messages-7.2.3.jar;C:\Users\ASUS\.m2\repository\io\cucumber\messages\17.1.1\messages-17.1.1.jar;C:\Users\ASUS\.m2\repository\io\cucumber\tag-expressions\4.1.0\tag-expressions-4.1.0.jar;C:\Users\ASUS\.m2\repository\io\cucumber\cucumber-expressions\15.0.1\cucumber-expressions-15.0.1.jar;C:\Users\ASUS\.m2\repository\io\cucumber\datatable\7.2.3\datatable-7.2.3.jar;C:\Users\ASUS\.m2\repository\io\cucumber\cucumber-plugin\7.2.3\cucumber-plugin-7.2.3.jar;C:\Users\ASUS\.m2\repository\io\cucumber\docstring\7.2.3\docstring-7.2.3.jar;C:\Users\ASUS\.m2\repository\io\cucumber\html-formatter\17.0.0\html-formatter-17.0.0.jar;C:\Users\ASUS\.m2\repository\io\cucumber\ci-environment\8.1.0\ci-environment-8.1.0.jar;C:\Users\ASUS\.m2\repository\io\cucumber\cucumber-junit\7.2.3\cucumber-junit-7.2.3.jar;C:\Users\ASUS\.m2\repository\org\apache\commons\commons-csv\1.5\commons-csv-1.5.jar;C:\Users\ASUS\.m2\repository\net\serenity-bdd\serenity-screenplay\3.2.1\serenity-screenplay-3.2.1.jar;C:\Users\ASUS\.m2\repository\net\serenity-bdd\serenity-screenplay-webdriver\3.2.1\serenity-screenplay-webdriver-3.2.1.jar;C:\Users\ASUS\.m2\repository\net\serenity-bdd\serenity-ensure\3.2.1\serenity-ensure-3.2.1.jar;C:\Users\ASUS\.m2\repository\net\serenity-bdd\serenity-junit\3.2.1\serenity-junit-3.2.1.jar;C:\Users\ASUS\.m2\repository\org\jetbrains\kotlin\kotlin-stdlib\1.6.0\kotlin-stdlib-1.6.0.jar;C:\Users\ASUS\.m2\repository\org\jetbrains\annotations\13.0\annotations-13.0.jar;C:\Users\ASUS\.m2\repository\org\jetbrains\kotlin\kotlin-stdlib-common\1.6.0\kotlin-stdlib-common-1.6.0.jar;C:\Users\ASUS\.m2\repository\org\junit\platform\junit-platform-launcher\1.8.1\junit-platform-launcher-1.8.1.jar;C:\Users\ASUS\.m2\repository\org\junit\platform\junit-platform-engine\1.8.1\junit-platform-engine-1.8.1.jar;C:\Users\ASUS\.m2\repository\org\opentest4j\opentest4j\1.2.0\opentest4j-1.2.0.jar;C:\Users\ASUS\.m2\repository\org\junit\platform\junit-platform-commons\1.8.1\junit-platform-commons-1.8.1.jar;C:\Users\ASUS\.m2\repository\org\apiguardian\apiguardian-api\1.1.2\apiguardian-api-1.1.2.jar;C:\Users\ASUS\.m2\repository\org\junit\jupiter\junit-jupiter-engine\5.8.2\junit-jupiter-engine-5.8.2.jar;C:\Users\ASUS\.m2\repository\org\junit\jupiter\junit-jupiter-api\5.8.2\junit-jupiter-api-5.8.2.jar;C:\Users\ASUS\.m2\repository\org\junit\vintage\junit-vintage-engine\5.8.2\junit-vintage-engine-5.8.2.jar;C:\Users\ASUS\.m2\repository\junit\junit\4.13.2\junit-4.13.2.jar;C:\Users\ASUS\.m2\repository\org\hamcrest\hamcrest-core\1.3\hamcrest-core-1.3.jar;C:\Users\ASUS\.m2\repository\ch\qos\logback\logback-classic\1.2.10\logback-classic-1.2.10.jar;C:\Users\ASUS\.m2\repository\ch\qos\logback\logback-core\1.2.10\logback-core-1.2.10.jar;C:\Users\ASUS\.m2\repository\org\slf4j\slf4j-api\1.7.32\slf4j-api-1.7.32.jar;C:\Users\ASUS\.m2\repository\org\assertj\assertj-core\3.6.2\assertj-core-3.6.2.jar;"/>
    <property name="sun.cpu.endian" value="little"/>
    <property name="user.home" value="C:\Users\ASUS"/>
    <property name="user.language" value="en"/>
    <property name="java.specification.vendor" value="Oracle Corporation"/>
    <property name="jdk.module.path" value="D:\PERKULIAHAN\Semester 6,Hebatt glad!\Altera\QE_Gladys-Cindana-Asri-Pardosi\Mini-Project\Web\target\Web-1.0-SNAPSHOT.jar"/>
    <property name="java.version.date" value="2021-01-19"/>
    <property name="java.home" value="C:\Program Files\Java\jdk-15.0.2"/>
    <property name="file.separator" value="\"/>
    <property name="basedir" value="D:\PERKULIAHAN\Semester 6,Hebatt glad!\Altera\QE_Gladys-Cindana-Asri-Pardosi\Mini-Project\Web"/>
    <property name="java.vm.compressedOopsMode" value="Zero based"/>
    <property name="line.separator" value="&#10;"/>
    <property name="java.vm.specification.vendor" value="Oracle Corporation"/>
    <property name="java.specification.name" value="Java Platform API Specification"/>
    <property name="surefire.real.class.path" value="C:\Users\ASUS\.m2\repository\org\apache\maven\surefire\surefire-booter\3.0.0-M5\surefire-booter-3.0.0-M5.jar;C:\Users\ASUS\.m2\repository\org\apache\maven\surefire\surefire-api\3.0.0-M5\surefire-api-3.0.0-M5.jar;C:\Users\ASUS\.m2\repository\org\apache\maven\surefire\surefire-logger-api\3.0.0-M5\surefire-logger-api-3.0.0-M5.jar;C:\Users\ASUS\.m2\repository\org\apache\maven\surefire\surefire-shared-utils\3.0.0-M4\surefire-shared-utils-3.0.0-M4.jar;C:\Users\ASUS\.m2\repository\org\apache\maven\surefire\surefire-extensions-spi\3.0.0-M5\surefire-extensions-spi-3.0.0-M5.jar;D:\PERKULIAHAN\Semester 6,Hebatt glad!\Altera\QE_Gladys-Cindana-Asri-Pardosi\Mini-Project\Web\target\test-classes;C:\Users\ASUS\.m2\repository\net\serenity-bdd\serenity-core\3.2.1\serenity-core-3.2.1.jar;C:\Users\ASUS\.m2\repository\net\serenity-bdd\serenity-model\3.2.1\serenity-model-3.2.1.jar;C:\Users\ASUS\.m2\repository\org\apache\commons\commons-text\1.9\commons-text-1.9.jar;C:\Users\ASUS\.m2\repository\commons-net\commons-net\3.8.0\commons-net-3.8.0.jar;C:\Users\ASUS\.m2\repository\com\google\guava\guava\31.1-jre\guava-31.1-jre.jar;C:\Users\ASUS\.m2\repository\com\google\guava\failureaccess\1.0.1\failureaccess-1.0.1.jar;C:\Users\ASUS\.m2\repository\com\google\guava\listenablefuture\9999.0-empty-to-avoid-conflict-with-guava\listenablefuture-9999.0-empty-to-avoid-conflict-with-guava.jar;C:\Users\ASUS\.m2\repository\com\google\code\findbugs\jsr305\3.0.2\jsr305-3.0.2.jar;C:\Users\ASUS\.m2\repository\org\checkerframework\checker-qual\3.12.0\checker-qual-3.12.0.jar;C:\Users\ASUS\.m2\repository\com\google\errorprone\error_prone_annotations\2.11.0\error_prone_annotations-2.11.0.jar;C:\Users\ASUS\.m2\repository\com\google\j2objc\j2objc-annotations\1.3\j2objc-annotations-1.3.jar;C:\Users\ASUS\.m2\repository\com\google\inject\guice\5.1.0\guice-5.1.0.jar;C:\Users\ASUS\.m2\repository\javax\inject\javax.inject\1\javax.inject-1.jar;C:\Users\ASUS\.m2\repository\aopalliance\aopalliance\1.0\aopalliance-1.0.jar;C:\Users\ASUS\.m2\repository\org\jsoup\jsoup\1.14.3\jsoup-1.14.3.jar;C:\Users\ASUS\.m2\repository\com\thoughtworks\xstream\xstream\1.4.19\xstream-1.4.19.jar;C:\Users\ASUS\.m2\repository\io\github\x-stream\mxparser\1.2.2\mxparser-1.2.2.jar;C:\Users\ASUS\.m2\repository\xmlpull\xmlpull\1.1.3.1\xmlpull-1.1.3.1.jar;C:\Users\ASUS\.m2\repository\io\cucumber\cucumber-java\7.2.3\cucumber-java-7.2.3.jar;C:\Users\ASUS\.m2\repository\com\typesafe\config\1.4.2\config-1.4.2.jar;C:\Users\ASUS\.m2\repository\org\imgscalr\imgscalr-lib\4.2\imgscalr-lib-4.2.jar;C:\Users\ASUS\.m2\repository\org\awaitility\awaitility\4.2.0\awaitility-4.2.0.jar;C:\Users\ASUS\.m2\repository\org\freemarker\freemarker\2.3.31\freemarker-2.3.31.jar;C:\Users\ASUS\.m2\repository\io\github\classgraph\classgraph\4.8.138\classgraph-4.8.138.jar;C:\Users\ASUS\.m2\repository\net\sourceforge\jexcelapi\jxl\2.6.12\jxl-2.6.12.jar;C:\Users\ASUS\.m2\repository\net\bytebuddy\byte-buddy\1.12.8\byte-buddy-1.12.8.jar;C:\Users\ASUS\.m2\repository\net\bytebuddy\byte-buddy-agent\1.12.8\byte-buddy-agent-1.12.8.jar;C:\Users\ASUS\.m2\repository\org\objenesis\objenesis\3.1\objenesis-3.1.jar;C:\Users\ASUS\.m2\repository\net\serenity-bdd\serenity-reports\3.2.1\serenity-reports-3.2.1.jar;C:\Users\ASUS\.m2\repository\net\serenity-bdd\serenity-stats\3.2.1\serenity-stats-3.2.1.jar;C:\Users\ASUS\.m2\repository\net\serenity-bdd\serenity-reports-configuration\3.2.1\serenity-reports-configuration-3.2.1.jar;C:\Users\ASUS\.m2\repository\com\vladsch\flexmark\flexmark-all\0.34.30\flexmark-all-0.34.30.jar;C:\Users\ASUS\.m2\repository\com\vladsch\flexmark\flexmark\0.34.30\flexmark-0.34.30.jar;C:\Users\ASUS\.m2\repository\com\vladsch\flexmark\flexmark-ext-abbreviation\0.34.30\flexmark-ext-abbreviation-0.34.30.jar;C:\Users\ASUS\.m2\repository\com\vladsch\flexmark\flexmark-ext-admonition\0.34.30\flexmark-ext-admonition-0.34.30.jar;C:\Users\ASUS\.m2\repository\com\vladsch\flexmark\flexmark-ext-anchorlink\0.34.30\flexmark-ext-anchorlink-0.34.30.jar;C:\Users\ASUS\.m2\repository\com\vladsch\flexmark\flexmark-ext-aside\0.34.30\flexmark-ext-aside-0.34.30.jar;C:\Users\ASUS\.m2\repository\com\vladsch\flexmark\flexmark-ext-attributes\0.34.30\flexmark-ext-attributes-0.34.30.jar;C:\Users\ASUS\.m2\repository\com\vladsch\flexmark\flexmark-ext-autolink\0.34.30\flexmark-ext-autolink-0.34.30.jar;C:\Users\ASUS\.m2\repository\org\nibor\autolink\autolink\0.6.0\autolink-0.6.0.jar;C:\Users\ASUS\.m2\repository\com\vladsch\flexmark\flexmark-ext-definition\0.34.30\flexmark-ext-definition-0.34.30.jar;C:\Users\ASUS\.m2\repository\com\vladsch\flexmark\flexmark-ext-emoji\0.34.30\flexmark-ext-emoji-0.34.30.jar;C:\Users\ASUS\.m2\repository\com\vladsch\flexmark\flexmark-ext-enumerated-reference\0.34.30\flexmark-ext-enumerated-reference-0.34.30.jar;C:\Users\ASUS\.m2\repository\com\vladsch\flexmark\flexmark-ext-escaped-character\0.34.30\flexmark-ext-escaped-character-0.34.30.jar;C:\Users\ASUS\.m2\repository\com\vladsch\flexmark\flexmark-ext-footnotes\0.34.30\flexmark-ext-footnotes-0.34.30.jar;C:\Users\ASUS\.m2\repository\com\vladsch\flexmark\flexmark-ext-gfm-issues\0.34.30\flexmark-ext-gfm-issues-0.34.30.jar;C:\Users\ASUS\.m2\repository\com\vladsch\flexmark\flexmark-ext-gfm-strikethrough\0.34.30\flexmark-ext-gfm-strikethrough-0.34.30.jar;C:\Users\ASUS\.m2\repository\com\vladsch\flexmark\flexmark-ext-gfm-tables\0.34.30\flexmark-ext-gfm-tables-0.34.30.jar;C:\Users\ASUS\.m2\repository\com\vladsch\flexmark\flexmark-ext-gfm-tasklist\0.34.30\flexmark-ext-gfm-tasklist-0.34.30.jar;C:\Users\ASUS\.m2\repository\com\vladsch\flexmark\flexmark-ext-gfm-users\0.34.30\flexmark-ext-gfm-users-0.34.30.jar;C:\Users\ASUS\.m2\repository\com\vladsch\flexmark\flexmark-ext-gitlab\0.34.30\flexmark-ext-gitlab-0.34.30.jar;C:\Users\ASUS\.m2\repository\com\vladsch\flexmark\flexmark-ext-jekyll-front-matter\0.34.30\flexmark-ext-jekyll-front-matter-0.34.30.jar;C:\Users\ASUS\.m2\repository\com\vladsch\flexmark\flexmark-ext-jekyll-tag\0.34.30\flexmark-ext-jekyll-tag-0.34.30.jar;C:\Users\ASUS\.m2\repository\com\vladsch\flexmark\flexmark-ext-media-tags\0.34.30\flexmark-ext-media-tags-0.34.30.jar;C:\Users\ASUS\.m2\repository\com\vladsch\flexmark\flexmark-test-util\0.34.30\flexmark-test-util-0.34.30.jar;C:\Users\ASUS\.m2\repository\com\vladsch\flexmark\flexmark-ext-ins\0.34.30\flexmark-ext-ins-0.34.30.jar;C:\Users\ASUS\.m2\repository\com\vladsch\flexmark\flexmark-ext-xwiki-macros\0.34.30\flexmark-ext-xwiki-macros-0.34.30.jar;C:\Users\ASUS\.m2\repository\com\vladsch\flexmark\flexmark-ext-superscript\0.34.30\flexmark-ext-superscript-0.34.30.jar;C:\Users\ASUS\.m2\repository\com\vladsch\flexmark\flexmark-ext-tables\0.34.30\flexmark-ext-tables-0.34.30.jar;C:\Users\ASUS\.m2\repository\com\vladsch\flexmark\flexmark-ext-toc\0.34.30\flexmark-ext-toc-0.34.30.jar;C:\Users\ASUS\.m2\repository\com\vladsch\flexmark\flexmark-ext-typographic\0.34.30\flexmark-ext-typographic-0.34.30.jar;C:\Users\ASUS\.m2\repository\com\vladsch\flexmark\flexmark-ext-wikilink\0.34.30\flexmark-ext-wikilink-0.34.30.jar;C:\Users\ASUS\.m2\repository\com\vladsch\flexmark\flexmark-ext-yaml-front-matter\0.34.30\flexmark-ext-yaml-front-matter-0.34.30.jar;C:\Users\ASUS\.m2\repository\com\vladsch\flexmark\flexmark-ext-youtube-embedded\0.34.30\flexmark-ext-youtube-embedded-0.34.30.jar;C:\Users\ASUS\.m2\repository\com\vladsch\flexmark\flexmark-formatter\0.34.30\flexmark-formatter-0.34.30.jar;C:\Users\ASUS\.m2\repository\com\vladsch\flexmark\flexmark-html-parser\0.34.30\flexmark-html-parser-0.34.30.jar;C:\Users\ASUS\.m2\repository\com\vladsch\flexmark\flexmark-jira-converter\0.34.30\flexmark-jira-converter-0.34.30.jar;C:\Users\ASUS\.m2\repository\com\vladsch\flexmark\flexmark-pdf-converter\0.34.30\flexmark-pdf-converter-0.34.30.jar;C:\Users\ASUS\.m2\repository\com\openhtmltopdf\openhtmltopdf-core\0.0.1-RC13\openhtmltopdf-core-0.0.1-RC13.jar;C:\Users\ASUS\.m2\repository\com\openhtmltopdf\openhtmltopdf-pdfbox\0.0.1-RC13\openhtmltopdf-pdfbox-0.0.1-RC13.jar;C:\Users\ASUS\.m2\repository\org\apache\pdfbox\pdfbox\2.0.8\pdfbox-2.0.8.jar;C:\Users\ASUS\.m2\repository\org\apache\pdfbox\fontbox\2.0.8\fontbox-2.0.8.jar;C:\Users\ASUS\.m2\repository\commons-logging\commons-logging\1.2\commons-logging-1.2.jar;C:\Users\ASUS\.m2\repository\org\apache\pdfbox\xmpbox\2.0.8\xmpbox-2.0.8.jar;C:\Users\ASUS\.m2\repository\de\rototor\pdfbox\graphics2d\0.12\graphics2d-0.12.jar;C:\Users\ASUS\.m2\repository\com\openhtmltopdf\openhtmltopdf-rtl-support\0.0.1-RC13\openhtmltopdf-rtl-support-0.0.1-RC13.jar;C:\Users\ASUS\.m2\repository\com\ibm\icu\icu4j\59.1\icu4j-59.1.jar;C:\Users\ASUS\.m2\repository\com\openhtmltopdf\openhtmltopdf-jsoup-dom-converter\0.0.1-RC13\openhtmltopdf-jsoup-dom-converter-0.0.1-RC13.jar;C:\Users\ASUS\.m2\repository\com\vladsch\flexmark\flexmark-profile-pegdown\0.34.30\flexmark-profile-pegdown-0.34.30.jar;C:\Users\ASUS\.m2\repository\com\vladsch\flexmark\flexmark-util\0.34.30\flexmark-util-0.34.30.jar;C:\Users\ASUS\.m2\repository\com\vladsch\flexmark\flexmark-youtrack-converter\0.34.30\flexmark-youtrack-converter-0.34.30.jar;C:\Users\ASUS\.m2\repository\es\nitaur\markdown\txtmark\0.16\txtmark-0.16.jar;C:\Users\ASUS\.m2\repository\net\serenity-bdd\serenity-report-resources\3.2.1\serenity-report-resources-3.2.1.jar;C:\Users\ASUS\.m2\repository\com\google\code\gson\gson\2.9.0\gson-2.9.0.jar;C:\Users\ASUS\.m2\repository\com\fasterxml\jackson\core\jackson-core\2.13.2\jackson-core-2.13.2.jar;C:\Users\ASUS\.m2\repository\com\fasterxml\jackson\core\jackson-databind\2.13.2\jackson-databind-2.13.2.jar;C:\Users\ASUS\.m2\repository\com\fasterxml\jackson\core\jackson-annotations\2.13.2\jackson-annotations-2.13.2.jar;C:\Users\ASUS\.m2\repository\commons-codec\commons-codec\1.15\commons-codec-1.15.jar;C:\Users\ASUS\.m2\repository\commons-io\commons-io\2.11.0\commons-io-2.11.0.jar;C:\Users\ASUS\.m2\repository\org\seleniumhq\selenium\selenium-java\4.1.2\selenium-java-4.1.2.jar;C:\Users\ASUS\.m2\repository\org\seleniumhq\selenium\selenium-devtools-v85\4.1.2\selenium-devtools-v85-4.1.2.jar;C:\Users\ASUS\.m2\repository\org\seleniumhq\selenium\selenium-devtools-v95\4.1.2\selenium-devtools-v95-4.1.2.jar;C:\Users\ASUS\.m2\repository\org\seleniumhq\selenium\selenium-devtools-v96\4.1.2\selenium-devtools-v96-4.1.2.jar;C:\Users\ASUS\.m2\repository\org\seleniumhq\selenium\selenium-devtools-v97\4.1.2\selenium-devtools-v97-4.1.2.jar;C:\Users\ASUS\.m2\repository\org\seleniumhq\selenium\selenium-firefox-xpi-driver\4.1.2\selenium-firefox-xpi-driver-4.1.2.jar;C:\Users\ASUS\.m2\repository\org\seleniumhq\selenium\selenium-opera-driver\4.1.2\selenium-opera-driver-4.1.2.jar;C:\Users\ASUS\.m2\repository\org\seleniumhq\selenium\selenium-remote-driver\4.1.2\selenium-remote-driver-4.1.2.jar;C:\Users\ASUS\.m2\repository\com\beust\jcommander\1.82\jcommander-1.82.jar;C:\Users\ASUS\.m2\repository\io\netty\netty-buffer\4.1.73.Final\netty-buffer-4.1.73.Final.jar;C:\Users\ASUS\.m2\repository\io\netty\netty-codec-http\4.1.73.Final\netty-codec-http-4.1.73.Final.jar;C:\Users\ASUS\.m2\repository\io\netty\netty-codec\4.1.73.Final\netty-codec-4.1.73.Final.jar;C:\Users\ASUS\.m2\repository\io\netty\netty-handler\4.1.73.Final\netty-handler-4.1.73.Final.jar;C:\Users\ASUS\.m2\repository\io\netty\netty-tcnative-classes\2.0.46.Final\netty-tcnative-classes-2.0.46.Final.jar;C:\Users\ASUS\.m2\repository\io\netty\netty-common\4.1.73.Final\netty-common-4.1.73.Final.jar;C:\Users\ASUS\.m2\repository\io\netty\netty-transport-classes-epoll\4.1.73.Final\netty-transport-classes-epoll-4.1.73.Final.jar;C:\Users\ASUS\.m2\repository\io\netty\netty-transport-classes-kqueue\4.1.73.Final\netty-transport-classes-kqueue-4.1.73.Final.jar;C:\Users\ASUS\.m2\repository\io\netty\netty-transport-native-epoll\4.1.73.Final\netty-transport-native-epoll-4.1.73.Final.jar;C:\Users\ASUS\.m2\repository\io\netty\netty-transport-native-kqueue\4.1.73.Final\netty-transport-native-kqueue-4.1.73.Final.jar;C:\Users\ASUS\.m2\repository\io\netty\netty-transport-native-unix-common\4.1.73.Final\netty-transport-native-unix-common-4.1.73.Final.jar;C:\Users\ASUS\.m2\repository\io\netty\netty-transport\4.1.73.Final\netty-transport-4.1.73.Final.jar;C:\Users\ASUS\.m2\repository\io\netty\netty-resolver\4.1.73.Final\netty-resolver-4.1.73.Final.jar;C:\Users\ASUS\.m2\repository\io\opentelemetry\opentelemetry-api\1.10.1\opentelemetry-api-1.10.1.jar;C:\Users\ASUS\.m2\repository\io\opentelemetry\opentelemetry-context\1.10.1\opentelemetry-context-1.10.1.jar;C:\Users\ASUS\.m2\repository\io\opentelemetry\opentelemetry-exporter-logging\1.10.1\opentelemetry-exporter-logging-1.10.1.jar;C:\Users\ASUS\.m2\repository\io\opentelemetry\opentelemetry-sdk-metrics\1.10.1-alpha\opentelemetry-sdk-metrics-1.10.1-alpha.jar;C:\Users\ASUS\.m2\repository\io\opentelemetry\opentelemetry-sdk-logs\1.10.1-alpha\opentelemetry-sdk-logs-1.10.1-alpha.jar;C:\Users\ASUS\.m2\repository\io\opentelemetry\opentelemetry-sdk-common\1.10.1\opentelemetry-sdk-common-1.10.1.jar;C:\Users\ASUS\.m2\repository\io\opentelemetry\opentelemetry-sdk-extension-autoconfigure-spi\1.10.1\opentelemetry-sdk-extension-autoconfigure-spi-1.10.1.jar;C:\Users\ASUS\.m2\repository\io\opentelemetry\opentelemetry-sdk-extension-autoconfigure\1.10.1-alpha\opentelemetry-sdk-extension-autoconfigure-1.10.1-alpha.jar;C:\Users\ASUS\.m2\repository\io\opentelemetry\opentelemetry-sdk-trace\1.10.1\opentelemetry-sdk-trace-1.10.1.jar;C:\Users\ASUS\.m2\repository\io\opentelemetry\opentelemetry-sdk\1.10.1\opentelemetry-sdk-1.10.1.jar;C:\Users\ASUS\.m2\repository\io\opentelemetry\opentelemetry-semconv\1.10.1-alpha\opentelemetry-semconv-1.10.1-alpha.jar;C:\Users\ASUS\.m2\repository\io\ous\jtoml\2.0.0\jtoml-2.0.0.jar;C:\Users\ASUS\.m2\repository\org\apache\commons\commons-exec\1.3\commons-exec-1.3.jar;C:\Users\ASUS\.m2\repository\org\asynchttpclient\async-http-client\2.12.3\async-http-client-2.12.3.jar;C:\Users\ASUS\.m2\repository\org\asynchttpclient\async-http-client-netty-utils\2.12.3\async-http-client-netty-utils-2.12.3.jar;C:\Users\ASUS\.m2\repository\io\netty\netty-codec-socks\4.1.60.Final\netty-codec-socks-4.1.60.Final.jar;C:\Users\ASUS\.m2\repository\io\netty\netty-handler-proxy\4.1.60.Final\netty-handler-proxy-4.1.60.Final.jar;C:\Users\ASUS\.m2\repository\io\netty\netty-transport-native-epoll\4.1.60.Final\netty-transport-native-epoll-4.1.60.Final-linux-x86_64.jar;C:\Users\ASUS\.m2\repository\io\netty\netty-transport-native-kqueue\4.1.60.Final\netty-transport-native-kqueue-4.1.60.Final-osx-x86_64.jar;C:\Users\ASUS\.m2\repository\org\reactivestreams\reactive-streams\1.0.3\reactive-streams-1.0.3.jar;C:\Users\ASUS\.m2\repository\com\typesafe\netty\netty-reactive-streams\2.0.4\netty-reactive-streams-2.0.4.jar;C:\Users\ASUS\.m2\repository\org\seleniumhq\selenium\selenium-http\4.1.2\selenium-http-4.1.2.jar;C:\Users\ASUS\.m2\repository\net\jodah\failsafe\2.4.4\failsafe-2.4.4.jar;C:\Users\ASUS\.m2\repository\org\seleniumhq\selenium\selenium-safari-driver\4.1.2\selenium-safari-driver-4.1.2.jar;C:\Users\ASUS\.m2\repository\org\seleniumhq\selenium\selenium-api\4.1.2\selenium-api-4.1.2.jar;C:\Users\ASUS\.m2\repository\org\seleniumhq\selenium\selenium-support\4.1.2\selenium-support-4.1.2.jar;C:\Users\ASUS\.m2\repository\com\google\auto\service\auto-service-annotations\1.0.1\auto-service-annotations-1.0.1.jar;C:\Users\ASUS\.m2\repository\com\google\auto\service\auto-service\1.0.1\auto-service-1.0.1.jar;C:\Users\ASUS\.m2\repository\com\google\auto\auto-common\1.2\auto-common-1.2.jar;C:\Users\ASUS\.m2\repository\org\seleniumhq\selenium\selenium-json\4.1.2\selenium-json-4.1.2.jar;C:\Users\ASUS\.m2\repository\org\seleniumhq\selenium\selenium-chrome-driver\4.1.2\selenium-chrome-driver-4.1.2.jar;C:\Users\ASUS\.m2\repository\org\seleniumhq\selenium\selenium-chromium-driver\4.1.2\selenium-chromium-driver-4.1.2.jar;C:\Users\ASUS\.m2\repository\org\seleniumhq\selenium\selenium-firefox-driver\4.1.2\selenium-firefox-driver-4.1.2.jar;C:\Users\ASUS\.m2\repository\org\seleniumhq\selenium\selenium-edge-driver\4.1.2\selenium-edge-driver-4.1.2.jar;C:\Users\ASUS\.m2\repository\org\seleniumhq\selenium\selenium-ie-driver\4.1.2\selenium-ie-driver-4.1.2.jar;C:\Users\ASUS\.m2\repository\org\projectlombok\lombok\1.18.20\lombok-1.18.20.jar;C:\Users\ASUS\.m2\repository\io\appium\java-client\8.0.0\java-client-8.0.0.jar;C:\Users\ASUS\.m2\repository\commons-validator\commons-validator\1.7\commons-validator-1.7.jar;C:\Users\ASUS\.m2\repository\commons-digester\commons-digester\2.1\commons-digester-2.1.jar;C:\Users\ASUS\.m2\repository\org\aspectj\aspectjweaver\1.9.8\aspectjweaver-1.9.8.jar;C:\Users\ASUS\.m2\repository\org\codehaus\groovy\groovy\3.0.10\groovy-3.0.10.jar;C:\Users\ASUS\.m2\repository\net\sf\opencsv\opencsv\2.0\opencsv-2.0.jar;C:\Users\ASUS\.m2\repository\commons-beanutils\commons-beanutils\1.9.4\commons-beanutils-1.9.4.jar;C:\Users\ASUS\.m2\repository\org\apache\commons\commons-lang3\3.12.0\commons-lang3-3.12.0.jar;C:\Users\ASUS\.m2\repository\commons-collections\commons-collections\3.2.2\commons-collections-3.2.2.jar;C:\Users\ASUS\.m2\repository\org\fluentlenium\fluentlenium-core\0.10.2\fluentlenium-core-0.10.2.jar;C:\Users\ASUS\.m2\repository\io\github\bonigarcia\webdrivermanager\5.1.0\webdrivermanager-5.1.0.jar;C:\Users\ASUS\.m2\repository\com\github\docker-java\docker-java\3.2.13\docker-java-3.2.13.jar;C:\Users\ASUS\.m2\repository\com\github\docker-java\docker-java-core\3.2.13\docker-java-core-3.2.13.jar;C:\Users\ASUS\.m2\repository\com\github\docker-java\docker-java-api\3.2.13\docker-java-api-3.2.13.jar;C:\Users\ASUS\.m2\repository\org\apache\commons\commons-compress\1.21\commons-compress-1.21.jar;C:\Users\ASUS\.m2\repository\org\bouncycastle\bcpkix-jdk15on\1.64\bcpkix-jdk15on-1.64.jar;C:\Users\ASUS\.m2\repository\org\bouncycastle\bcprov-jdk15on\1.64\bcprov-jdk15on-1.64.jar;C:\Users\ASUS\.m2\repository\org\slf4j\jcl-over-slf4j\1.7.30\jcl-over-slf4j-1.7.30.jar;C:\Users\ASUS\.m2\repository\com\github\docker-java\docker-java-transport-httpclient5\3.2.13\docker-java-transport-httpclient5-3.2.13.jar;C:\Users\ASUS\.m2\repository\com\github\docker-java\docker-java-transport\3.2.13\docker-java-transport-3.2.13.jar;C:\Users\ASUS\.m2\repository\org\apache\httpcomponents\client5\httpclient5\5.0.3\httpclient5-5.0.3.jar;C:\Users\ASUS\.m2\repository\org\apache\httpcomponents\core5\httpcore5\5.0.2\httpcore5-5.0.2.jar;C:\Users\ASUS\.m2\repository\net\java\dev\jna\jna\5.8.0\jna-5.8.0.jar;C:\Users\ASUS\.m2\repository\org\brotli\dec\0.1.2\dec-0.1.2.jar;C:\Users\ASUS\.m2\repository\com\jhlabs\filters\2.0.235\filters-2.0.235.jar;C:\Users\ASUS\.m2\repository\com\paulhammant\ngwebdriver\1.1.6\ngwebdriver-1.1.6.jar;C:\Users\ASUS\.m2\repository\joda-time\joda-time\2.8.2\joda-time-2.8.2.jar;C:\Users\ASUS\.m2\repository\org\hamcrest\hamcrest\2.2\hamcrest-2.2.jar;C:\Users\ASUS\.m2\repository\com\google\jimfs\jimfs\1.2\jimfs-1.2.jar;C:\Users\ASUS\.m2\repository\org\mockito\mockito-core\3.3.3\mockito-core-3.3.3.jar;C:\Users\ASUS\.m2\repository\javax\xml\bind\jaxb-api\2.3.1\jaxb-api-2.3.1.jar;C:\Users\ASUS\.m2\repository\javax\activation\javax.activation-api\1.2.0\javax.activation-api-1.2.0.jar;C:\Users\ASUS\.m2\repository\com\sun\xml\bind\jaxb-core\2.3.0.1\jaxb-core-2.3.0.1.jar;C:\Users\ASUS\.m2\repository\com\sun\xml\bind\jaxb-impl\2.3.3\jaxb-impl-2.3.3.jar;C:\Users\ASUS\.m2\repository\jakarta\xml\bind\jakarta.xml.bind-api\2.3.3\jakarta.xml.bind-api-2.3.3.jar;C:\Users\ASUS\.m2\repository\com\sun\activation\jakarta.activation\1.2.2\jakarta.activation-1.2.2.jar;C:\Users\ASUS\.m2\repository\javax\activation\activation\1.1.1\activation-1.1.1.jar;C:\Users\ASUS\.m2\repository\net\serenity-bdd\serenity-cucumber\3.2.1\serenity-cucumber-3.2.1.jar;C:\Users\ASUS\.m2\repository\io\cucumber\cucumber-core\7.2.3\cucumber-core-7.2.3.jar;C:\Users\ASUS\.m2\repository\io\cucumber\cucumber-gherkin\7.2.3\cucumber-gherkin-7.2.3.jar;C:\Users\ASUS\.m2\repository\io\cucumber\cucumber-gherkin-messages\7.2.3\cucumber-gherkin-messages-7.2.3.jar;C:\Users\ASUS\.m2\repository\io\cucumber\messages\17.1.1\messages-17.1.1.jar;C:\Users\ASUS\.m2\repository\io\cucumber\tag-expressions\4.1.0\tag-expressions-4.1.0.jar;C:\Users\ASUS\.m2\repository\io\cucumber\cucumber-expressions\15.0.1\cucumber-expressions-15.0.1.jar;C:\Users\ASUS\.m2\repository\io\cucumber\datatable\7.2.3\datatable-7.2.3.jar;C:\Users\ASUS\.m2\repository\io\cucumber\cucumber-plugin\7.2.3\cucumber-plugin-7.2.3.jar;C:\Users\ASUS\.m2\repository\io\cucumber\docstring\7.2.3\docstring-7.2.3.jar;C:\Users\ASUS\.m2\repository\io\cucumber\html-formatter\17.0.0\html-formatter-17.0.0.jar;C:\Users\ASUS\.m2\repository\io\cucumber\ci-environment\8.1.0\ci-environment-8.1.0.jar;C:\Users\ASUS\.m2\repository\io\cucumber\cucumber-junit\7.2.3\cucumber-junit-7.2.3.jar;C:\Users\ASUS\.m2\repository\org\apache\commons\commons-csv\1.5\commons-csv-1.5.jar;C:\Users\ASUS\.m2\repository\net\serenity-bdd\serenity-screenplay\3.2.1\serenity-screenplay-3.2.1.jar;C:\Users\ASUS\.m2\repository\net\serenity-bdd\serenity-screenplay-webdriver\3.2.1\serenity-screenplay-webdriver-3.2.1.jar;C:\Users\ASUS\.m2\repository\net\serenity-bdd\serenity-ensure\3.2.1\serenity-ensure-3.2.1.jar;C:\Users\ASUS\.m2\repository\net\serenity-bdd\serenity-junit\3.2.1\serenity-junit-3.2.1.jar;C:\Users\ASUS\.m2\repository\org\jetbrains\kotlin\kotlin-stdlib\1.6.0\kotlin-stdlib-1.6.0.jar;C:\Users\ASUS\.m2\repository\org\jetbrains\annotations\13.0\annotations-13.0.jar;C:\Users\ASUS\.m2\repository\org\jetbrains\kotlin\kotlin-stdlib-common\1.6.0\kotlin-stdlib-common-1.6.0.jar;C:\Users\ASUS\.m2\repository\org\junit\platform\junit-platform-launcher\1.8.1\junit-platform-launcher-1.8.1.jar;C:\Users\ASUS\.m2\repository\org\junit\platform\junit-platform-engine\1.8.1\junit-platform-engine-1.8.1.jar;C:\Users\ASUS\.m2\repository\org\opentest4j\opentest4j\1.2.0\opentest4j-1.2.0.jar;C:\Users\ASUS\.m2\repository\org\junit\platform\junit-platform-commons\1.8.1\junit-platform-commons-1.8.1.jar;C:\Users\ASUS\.m2\repository\org\apiguardian\apiguardian-api\1.1.2\apiguardian-api-1.1.2.jar;C:\Users\ASUS\.m2\repository\org\junit\jupiter\junit-jupiter-engine\5.8.2\junit-jupiter-engine-5.8.2.jar;C:\Users\ASUS\.m2\repository\org\junit\jupiter\junit-jupiter-api\5.8.2\junit-jupiter-api-5.8.2.jar;C:\Users\ASUS\.m2\repository\org\junit\vintage\junit-vintage-engine\5.8.2\junit-vintage-engine-5.8.2.jar;C:\Users\ASUS\.m2\repository\junit\junit\4.13.2\junit-4.13.2.jar;C:\Users\ASUS\.m2\repository\org\hamcrest\hamcrest-core\1.3\hamcrest-core-1.3.jar;C:\Users\ASUS\.m2\repository\ch\qos\logback\logback-classic\1.2.10\logback-classic-1.2.10.jar;C:\Users\ASUS\.m2\repository\ch\qos\logback\logback-core\1.2.10\logback-core-1.2.10.jar;C:\Users\ASUS\.m2\repository\org\slf4j\slf4j-api\1.7.32\slf4j-api-1.7.32.jar;C:\Users\ASUS\.m2\repository\org\assertj\assertj-core\3.6.2\assertj-core-3.6.2.jar;C:\Users\ASUS\.m2\repository\org\apache\maven\surefire\surefire-junit-platform\3.0.0-M5\surefire-junit-platform-3.0.0-M5.jar;C:\Users\ASUS\.m2\repository\org\apache\maven\surefire\common-java5\3.0.0-M5\common-java5-3.0.0-M5.jar"/>
    <property name="user.script" value=""/>
    <property name="java.protocol.handler.pkgs" value="com.google.common"/>
    <property name="sun.management.compiler" value="HotSpot 64-Bit Tiered Compilers"/>
    <property name="java.runtime.version" value="15.0.2+7-27"/>
    <property name="user.name" value="ASUS"/>
    <property name="path.separator" value=";"/>
    <property name="os.version" value="10.0"/>
    <property name="java.runtime.name" value="Java(TM) SE Runtime Environment"/>
    <property name="file.encoding" value="Cp1252"/>
    <property name="webdriver.base.url" value=""/>
    <property name="java.vm.name" value="Java HotSpot(TM) 64-Bit Server VM"/>
    <property name="localRepository" value="C:\Users\ASUS\.m2\repository"/>
    <property name="java.vendor.url.bug" value="https://bugreport.java.com/bugreport/"/>
    <property name="java.io.tmpdir" value="C:\Users\ASUS\AppData\Local\Temp\"/>
    <property name="java.version" value="15.0.2"/>
    <property name="user.dir" value="D:\PERKULIAHAN\Semester 6,Hebatt glad!\Altera\QE_Gladys-Cindana-Asri-Pardosi\Mini-Project\Web"/>
    <property name="os.arch" value="amd64"/>
    <property name="java.vm.specification.name" value="Java Virtual Machine Specification"/>
    <property name="sun.os.patch.level" value=""/>
    <property name="java.library.path" value="C:\Program Files\Java\jdk-15.0.2\bin;C:\WINDOWS\Sun\Java\bin;C:\WINDOWS\system32;C:\WINDOWS;C:\Program Files\nodejs\;C:\Program Files\Java\jdk-15.0.2\bin;C:\Program Files\Common Files\Oracle\Java\javapath;C:\WINDOWS;C:\WINDOWS\system32;C:\WINDOWS\System32\Wbem;C:\WINDOWS\System32\WindowsPowerShell\v1.0\;C:\WINDOWS\System32\OpenSSH\;C:\Program Files\Intel\WiFi\bin\;C:\Program Files\Common Files\Intel\WirelessCommon\;C:\MinGw\bin;C:\Program Files\Microsoft SQL Server\Client SDK\ODBC\170\Tools\Binn\;C:\Program Files (x86)\Microsoft SQL Server\150\Tools\Binn\;C:\Program Files\Microsoft SQL Server\150\Tools\Binn\;C:\Program Files\Microsoft SQL Server\150\DTS\Binn\;C:\Program Files (x86)\dotnet\;C:\MinGW\bin;C:\Program Files\apache-maven-3.8.1\bin;C:\Program Files\chromedriver_win32;C:\Program Files\dotnet\;C:\Program Files\Git\cmd;%ANDROID_HOME%\platform-tools;%ANDROID_HOME%\tools;C:\Users\ASUS\AppData\Local\Microsoft\WindowsApps;C:\Users\ASUS\AppData\Local\Programs\Microsoft VS Code\bin;C:\Users\ASUS\.dotnet\tools;C:\Program Files\erl-24.1\bin;C:\Program Files\RabbitMQ Server;C:\Program Files (x86)\Sophos\Sophos SSL VPN Client\bin;C:\Program Files\JetBrains\IntelliJ IDEA 2021.3.2\bin;;C:\Users\ASUS\AppData\Roaming\npm;."/>
    <property name="java.vm.info" value="mixed mode"/>
    <property name="java.vendor" value="Oracle Corporation"/>
    <property name="java.vm.version" value="15.0.2+7-27"/>
    <property name="sun.io.unicode.encoding" value="UnicodeLittle"/>
    <property name="java.class.version" value="59.0"/>
  </properties>
  <testcase name="Login scenario #1" classname="Login" time="28.769">
    <system-out><![CDATA[19:24:51.266 [main] INFO io.cucumber.core.plugin.SerenityReporter - Running feature from file:///D:/PERKULIAHAN/Semester%206,Hebatt%20glad!/Altera/QE_Gladys-Cindana-Asri-Pardosi/Mini-Project/Web/src/test/resources/features/login.feature
19:24:51.781 [main] INFO  - 

-------------------------------------------------------------------------------------
     _______. _______ .______       _______ .__   __.  __  .___________.____    ____ 
    /       ||   ____||   _  \     |   ____||  \ |  | |  | |           |\   \  /   / 
   |   (----`|  |__   |  |_)  |    |  |__   |   \|  | |  | `---|  |----` \   \/   /  
    \   \    |   __|  |      /     |   __|  |  . `  | |  |     |  |       \_    _/   
.----)   |   |  |____ |  |\  \----.|  |____ |  |\   | |  |     |  |         |  |     
|_______/    |_______|| _| `._____||_______||__| \__| |__|     |__|         |__|    
                                                                                     
 News and tutorials at http://www.serenity-bdd.info                                  
 Documentation at https://wakaleo.gitbooks.io/the-serenity-book/content/             
 Join the Serenity Community on Gitter: https://gitter.im/serenity-bdd/serenity-core 
 Serenity BDD Support and Training at http://serenity-bdd.info/#/trainingandsupport  
-------------------------------------------------------------------------------------

19:24:51.789 [main] DEBUG net.thucydides.core.steps.StepEventBus - Test suite started for story net.thucydides.core.model.Story@f388ff28
19:24:51.801 [main] INFO  - Test Suite Started: Login
19:24:51.844 [main] INFO io.cucumber.core.plugin.SerenityReporter - Running feature from file:///D:/PERKULIAHAN/Semester%206,Hebatt%20glad!/Altera/QE_Gladys-Cindana-Asri-Pardosi/Mini-Project/Web/src/test/resources/features/register.feature
19:24:51.861 [main] DEBUG net.thucydides.core.steps.StepEventBus - Test suite started for story net.thucydides.core.model.Story@9f729512
19:24:51.864 [main] INFO  - Test Suite Started: Registration
19:24:51.866 [main] INFO io.cucumber.core.plugin.SerenityReporter - Running feature from file:///D:/PERKULIAHAN/Semester%206,Hebatt%20glad!/Altera/QE_Gladys-Cindana-Asri-Pardosi/Mini-Project/Web/src/test/resources/features/login.feature
19:24:51.879 [main] DEBUG net.thucydides.core.steps.StepEventBus - Test suite started for story net.thucydides.core.model.Story@f388ff28
19:24:51.881 [main] INFO  - Test Suite Started: Login

@DDT
Scenario Outline: Login scenario           &amp#27;[90m# src/test/resources/features/login.feature:17&amp#27;[0m
19:24:52.257 [main] INFO io.cucumber.core.plugin.SerenityReporter - Running feature from file:///D:/PERKULIAHAN/Semester%206,Hebatt%20glad!/Altera/QE_Gladys-Cindana-Asri-Pardosi/Mini-Project/Web/src/test/resources/features/login.feature
19:24:52.526 [main] INFO  - 
  _____   ___   ___   _____     ___   _____     _     ___   _____   ___   ___  
 |_   _| | __| / __| |_   _|   / __| |_   _|   /_\   | _ \ |_   _| | __| |   \ 
   | |   | _|  \__ \   | |     \__ \   | |    / _ \  |   /   | |   | _|  | |) |
   |_|   |___| |___/   |_|     |___/   |_|   /_/ \_\ |_|_\   |_|   |___| |___/ 

Login scenario(login;login-scenario)
--------------------------------------------------------------------------------
19:24:54.681 [main] DEBUG net.thucydides.core.steps.StepInterceptor - STARTING STEP: stepdefinition.iAmOnLoginPage - openUrl
19:24:54.757 [main] INFO net.serenitybdd.core.webdriver.driverproviders.ChromeDriverProvider - Using automatically driver download
19:24:56.135 [main] DEBUG io.github.bonigarcia.wdm.cache.ResolutionCache - Resolution chrome=100 in cache (valid until 19:49:42 30/04/2022 WIB)
19:24:56.152 [main] DEBUG io.github.bonigarcia.wdm.cache.ResolutionCache - Resolution chrome100=100.0.4896.60 in cache (valid until 18:49:42 01/05/2022 WIB)
19:24:56.160 [main] INFO io.github.bonigarcia.wdm.WebDriverManager - Using chromedriver 100.0.4896.60 (resolved driver for Chrome 100)
19:24:56.221 [main] DEBUG io.github.bonigarcia.wdm.WebDriverManager - Driver chromedriver 100.0.4896.60 found in cache
19:24:56.224 [main] INFO io.github.bonigarcia.wdm.WebDriverManager - Exporting webdriver.chrome.driver as C:\Users\ASUS\.cache\selenium\chromedriver\win32\100.0.4896.60\chromedriver.exe
19:24:57.245 [main] DEBUG net.thucydides.core.reflection.ClassFinder - Could not load class .starter.cucumberTestSuite
19:24:57.245 [main] DEBUG net.thucydides.core.reflection.ClassFinder - Could not load class .starter.pages.HomePage
19:24:57.245 [main] DEBUG net.thucydides.core.reflection.ClassFinder - Could not load class .starter.pages.LoginPage
19:24:57.245 [main] DEBUG net.thucydides.core.reflection.ClassFinder - Could not load class .starter.pages.RegisterPage
19:24:57.245 [main] DEBUG net.thucydides.core.reflection.ClassFinder - Could not load class .starter.stepdefinitions.registerStep
19:24:57.245 [main] DEBUG net.thucydides.core.reflection.ClassFinder - Could not load class .starter.stepdefinitions.stepdefinition
19:24:57.245 [main] DEBUG net.thucydides.core.reflection.ClassFinder - Could not load class .utils.General
19:24:57.248 [main] DEBUG net.thucydides.core.reflection.ClassFinder - Could not load class META-INF.versions.9.com.sun.istack.logging.StackHelper
19:24:57.248 [main] DEBUG net.thucydides.core.reflection.ClassFinder - Could not load class META-INF.versions.9.com.sun.xml.bind.v2.runtime.reflect.opt.AccessorInjector
19:24:57.250 [main] DEBUG net.thucydides.core.reflection.ClassFinder - Could not load class META-INF.versions.9.com.sun.xml.bind.v2.runtime.reflect.opt.Injector
19:24:57.253 [main] DEBUG net.thucydides.core.reflection.ClassFinder - Could not load class META-INF.versions.9.com.sun.xml.bind.v2.runtime.reflect.opt.OptimizedAccessorFactory
19:24:57.253 [main] DEBUG net.thucydides.core.reflection.ClassFinder - Could not load class META-INF.versions.9.com.sun.xml.bind.v2.runtime.reflect.opt.OptimizedTransducedAccessorFactory
19:24:57.255 [main] DEBUG net.thucydides.core.reflection.ClassFinder - Could not load class META-INF.versions.9.io.opentelemetry.sdk.internal.CurrentJavaVersionSpecific
19:24:57.255 [main] DEBUG net.thucydides.core.reflection.ClassFinder - Could not load class META-INF.versions.9.io.opentelemetry.sdk.internal.Java9VersionSpecific
19:24:57.255 [main] DEBUG net.thucydides.core.reflection.ClassFinder - Could not load class META-INF.versions.9.javax.xml.bind.ModuleUtil
19:24:57.258 [main] DEBUG net.thucydides.core.reflection.ClassFinder - Could not load class META-INF.versions.9.module-info
19:24:57.258 [main] DEBUG net.thucydides.core.reflection.ClassFinder - Could not load class META-INF.versions.9.org.junit.platform.commons.util.ModuleUtils
19:24:58.045 [main] DEBUG net.thucydides.core.reflection.ClassFinder - Could not load class com.google.gson.internal.
19:24:58.454 [main] DEBUG net.thucydides.core.reflection.ClassFinder - Could not load class com.sun.xml.bind.v2.runtime.output.FastInfosetStreamWriterOutput
19:24:59.557 [main] DEBUG net.thucydides.core.reflection.ClassFinder - Could not load class module-info
19:25:06.069 [main] DEBUG io.netty.util.internal.logging.InternalLoggerFactory - Using SLF4J as the default logging framework
19:25:06.077 [main] DEBUG io.netty.util.ResourceLeakDetector - -Dio.netty.leakDetection.level: simple
19:25:06.077 [main] DEBUG io.netty.util.ResourceLeakDetector - -Dio.netty.leakDetection.targetRecords: 4
19:25:06.087 [main] DEBUG io.netty.util.ResourceLeakDetectorFactory - Loaded default ResourceLeakDetector: io.netty.util.ResourceLeakDetector@4dc24d88
19:25:06.149 [main] DEBUG io.netty.util.internal.PlatformDependent0 - -Dio.netty.noUnsafe: false
19:25:06.149 [main] DEBUG io.netty.util.internal.PlatformDependent0 - Java version: 15
19:25:06.152 [main] DEBUG io.netty.util.internal.PlatformDependent0 - sun.misc.Unsafe.theUnsafe: available
19:25:06.154 [main] DEBUG io.netty.util.internal.PlatformDependent0 - sun.misc.Unsafe.copyMemory: available
19:25:06.154 [main] DEBUG io.netty.util.internal.PlatformDependent0 - java.nio.Buffer.address: available
19:25:06.156 [main] DEBUG io.netty.util.internal.PlatformDependent0 - direct buffer constructor: unavailable: Reflective setAccessible(true) disabled
19:25:06.159 [main] DEBUG io.netty.util.internal.PlatformDependent0 - java.nio.Bits.unaligned: available, true
19:25:06.162 [main] DEBUG io.netty.util.internal.PlatformDependent0 - jdk.internal.misc.Unsafe.allocateUninitializedArray(int): unavailable: class io.netty.util.internal.PlatformDependent0$6 cannot access class jdk.internal.misc.Unsafe (in module java.base) because module java.base does not export jdk.internal.misc to unnamed module @30c31dd7
19:25:06.166 [main] DEBUG io.netty.util.internal.PlatformDependent0 - java.nio.DirectByteBuffer.<init>(long, int): unavailable
19:25:06.166 [main] DEBUG io.netty.util.internal.PlatformDependent - sun.misc.Unsafe: available
19:25:06.171 [main] DEBUG io.netty.util.internal.PlatformDependent - maxDirectMemory: 2671771648 bytes (maybe)
19:25:06.174 [main] DEBUG io.netty.util.internal.PlatformDependent - -Dio.netty.tmpdir: C:\Users\ASUS\AppData\Local\Temp (java.io.tmpdir)
19:25:06.174 [main] DEBUG io.netty.util.internal.PlatformDependent - -Dio.netty.bitMode: 64 (sun.arch.data.model)
19:25:06.174 [main] DEBUG io.netty.util.internal.PlatformDependent - Platform: Windows
19:25:06.176 [main] DEBUG io.netty.util.internal.PlatformDependent - -Dio.netty.maxDirectMemory: -1 bytes
19:25:06.176 [main] DEBUG io.netty.util.internal.PlatformDependent - -Dio.netty.uninitializedArrayAllocationThreshold: -1
19:25:06.179 [main] DEBUG io.netty.util.internal.CleanerJava9 - java.nio.ByteBuffer.cleaner(): available
19:25:06.179 [main] DEBUG io.netty.util.internal.PlatformDependent - -Dio.netty.noPreferDirect: false
19:25:06.199 [main] DEBUG io.netty.util.internal.PlatformDependent - org.jctools-core.MpscChunkedArrayQueue: available
19:25:06.257 [main] DEBUG io.netty.util.internal.InternalThreadLocalMap - -Dio.netty.threadLocalMap.stringBuilder.initialSize: 1024
19:25:06.257 [main] DEBUG io.netty.util.internal.InternalThreadLocalMap - -Dio.netty.threadLocalMap.stringBuilder.maxSize: 4096
19:25:06.362 [main] DEBUG io.netty.handler.ssl.JdkSslContext - Default protocols (JDK): [TLSv1.3, TLSv1.2, TLSv1.1, TLSv1] 
19:25:06.362 [main] DEBUG io.netty.handler.ssl.JdkSslContext - Default cipher suites (JDK): [TLS_ECDHE_ECDSA_WITH_AES_256_GCM_SHA384, TLS_ECDHE_ECDSA_WITH_AES_128_GCM_SHA256, TLS_ECDHE_RSA_WITH_AES_128_GCM_SHA256, TLS_ECDHE_RSA_WITH_AES_256_GCM_SHA384, TLS_ECDHE_RSA_WITH_AES_128_CBC_SHA, TLS_ECDHE_RSA_WITH_AES_256_CBC_SHA, TLS_RSA_WITH_AES_128_GCM_SHA256, TLS_RSA_WITH_AES_128_CBC_SHA, TLS_RSA_WITH_AES_256_CBC_SHA, TLS_AES_128_GCM_SHA256, TLS_AES_256_GCM_SHA384]
19:25:06.432 [main] DEBUG io.netty.channel.MultithreadEventLoopGroup - -Dio.netty.eventLoopThreads: 16
19:25:06.452 [main] DEBUG io.netty.channel.nio.NioEventLoop - -Dio.netty.noKeySetOptimization: false
19:25:06.454 [main] DEBUG io.netty.channel.nio.NioEventLoop - -Dio.netty.selectorAutoRebuildThreshold: 512
19:25:06.572 [main] DEBUG io.netty.buffer.PooledByteBufAllocator - -Dio.netty.allocator.numHeapArenas: 16
19:25:06.572 [main] DEBUG io.netty.buffer.PooledByteBufAllocator - -Dio.netty.allocator.numDirectArenas: 16
19:25:06.572 [main] DEBUG io.netty.buffer.PooledByteBufAllocator - -Dio.netty.allocator.pageSize: 8192
19:25:06.572 [main] DEBUG io.netty.buffer.PooledByteBufAllocator - -Dio.netty.allocator.maxOrder: 11
19:25:06.572 [main] DEBUG io.netty.buffer.PooledByteBufAllocator - -Dio.netty.allocator.chunkSize: 16777216
19:25:06.572 [main] DEBUG io.netty.buffer.PooledByteBufAllocator - -Dio.netty.allocator.smallCacheSize: 256
19:25:06.572 [main] DEBUG io.netty.buffer.PooledByteBufAllocator - -Dio.netty.allocator.normalCacheSize: 64
19:25:06.572 [main] DEBUG io.netty.buffer.PooledByteBufAllocator - -Dio.netty.allocator.maxCachedBufferCapacity: 32768
19:25:06.572 [main] DEBUG io.netty.buffer.PooledByteBufAllocator - -Dio.netty.allocator.cacheTrimInterval: 8192
19:25:06.574 [main] DEBUG io.netty.buffer.PooledByteBufAllocator - -Dio.netty.allocator.cacheTrimIntervalMillis: 0
19:25:06.574 [main] DEBUG io.netty.buffer.PooledByteBufAllocator - -Dio.netty.allocator.useCacheForAllThreads: true
19:25:06.574 [main] DEBUG io.netty.buffer.PooledByteBufAllocator - -Dio.netty.allocator.maxCachedByteBuffersPerChunk: 1023
19:25:06.597 [main] DEBUG io.netty.buffer.ByteBufUtil - -Dio.netty.allocator.type: pooled
19:25:06.598 [main] DEBUG io.netty.buffer.ByteBufUtil - -Dio.netty.threadLocalDirectBufferSize: 0
19:25:06.598 [main] DEBUG io.netty.buffer.ByteBufUtil - -Dio.netty.maxThreadLocalCharBufferSize: 16384
19:25:06.953 [main] DEBUG net.serenitybdd.core.webdriver.driverproviders.ProvideNewDriver - Instantiating driver
19:25:06.953 [main] DEBUG net.serenitybdd.core.webdriver.driverproviders.ProvideNewDriver - Driver capabilities: Capabilities {acceptInsecureCerts: false, base.url: , browserName: chrome, goog:chromeOptions: {args: [], extensions: []}}
19:25:07.996 [Forwarding newSession on session null to remote] DEBUG io.netty.channel.DefaultChannelId - -Dio.netty.processId: 33396 (auto-detected)
19:25:08.001 [Forwarding newSession on session null to remote] DEBUG io.netty.util.NetUtil - -Djava.net.preferIPv4Stack: false
19:25:08.002 [Forwarding newSession on session null to remote] DEBUG io.netty.util.NetUtil - -Djava.net.preferIPv6Addresses: false
19:25:08.018 [Forwarding newSession on session null to remote] DEBUG io.netty.util.NetUtilInitializations - Loopback interface: lo (Software Loopback Interface 1, 127.0.0.1)
19:25:08.021 [Forwarding newSession on session null to remote] DEBUG io.netty.util.NetUtil - Failed to get SOMAXCONN from sysctl and file \proc\sys\net\core\somaxconn. Default: 200
19:25:08.073 [Forwarding newSession on session null to remote] DEBUG io.netty.channel.DefaultChannelId - -Dio.netty.machineId: 04:ea:56:ff:fe:54:1b:1e (auto-detected)
19:25:08.173 [AsyncHttpClient-1-2] DEBUG io.netty.buffer.AbstractByteBuf - -Dio.netty.buffer.checkAccessible: true
19:25:08.173 [AsyncHttpClient-1-2] DEBUG io.netty.buffer.AbstractByteBuf - -Dio.netty.buffer.checkBounds: true
19:25:08.173 [AsyncHttpClient-1-2] DEBUG io.netty.util.ResourceLeakDetectorFactory - Loaded default ResourceLeakDetector: io.netty.util.ResourceLeakDetector@220c13ea
19:25:08.196 [AsyncHttpClient-1-2] DEBUG org.asynchttpclient.netty.channel.NettyConnectListener - Using new Channel '[id: 0x074035ae, L:/127.0.0.1:56601 - R:localhost/127.0.0.1:63751]' for 'POST' to '/session'
19:25:08.239 [AsyncHttpClient-1-2] DEBUG io.netty.util.Recycler - -Dio.netty.recycler.maxCapacityPerThread: 4096
19:25:08.239 [AsyncHttpClient-1-2] DEBUG io.netty.util.Recycler - -Dio.netty.recycler.ratio: 8
19:25:08.239 [AsyncHttpClient-1-2] DEBUG io.netty.util.Recycler - -Dio.netty.recycler.chunkSize: 32
19:25:08.239 [AsyncHttpClient-1-2] DEBUG io.netty.util.Recycler - -Dio.netty.recycler.blocking: false
19:25:09.782 [AsyncHttpClient-1-2] DEBUG io.netty.handler.codec.compression.Brotli - brotli4j not in the classpath; Brotli support will be unavailable.
19:25:09.782 [AsyncHttpClient-1-2] DEBUG org.asynchttpclient.netty.handler.HttpHandler - 

Request DefaultHttpRequest(decodeResult: success, version: HTTP/1.1)
POST /session HTTP/1.1
User-Agent: selenium/4.1.2 (java windows)
Content-Length: 457
Content-Type: application/json; charset=utf-8
host: localhost:63751
accept: */*

Response DefaultHttpResponse(decodeResult: success, version: HTTP/1.1)
HTTP/1.1 200 OK
Content-Type: application/json; charset=utf-8
cache-control: no-cache
content-length: 790

19:25:09.812 [AsyncHttpClient-1-2] DEBUG org.asynchttpclient.netty.channel.ChannelManager - Adding key: http://localhost:63751 for channel [id: 0x074035ae, L:/127.0.0.1:56601 - R:localhost/127.0.0.1:63751]
19:25:10.164 [AsyncHttpClient-1-3] DEBUG org.asynchttpclient.netty.channel.NettyConnectListener - Using new Channel '[id: 0x1c7aa07d, L:/127.0.0.1:56616 - R:localhost/127.0.0.1:56602]' for 'GET' to '/json/version'
19:25:10.184 [AsyncHttpClient-1-3] DEBUG org.asynchttpclient.netty.handler.HttpHandler - 

Request DefaultFullHttpRequest(decodeResult: success, version: HTTP/1.1, content: EmptyByteBufBE)
GET /json/version HTTP/1.1
User-Agent: selenium/4.1.2 (java windows)
host: localhost:56602
accept: */*

Response DefaultHttpResponse(decodeResult: success, version: HTTP/1.1)
HTTP/1.1 200 OK
Content-Type: application/json; charset=UTF-8
content-length: 429

19:25:10.187 [AsyncHttpClient-1-3] DEBUG org.asynchttpclient.netty.channel.ChannelManager - Adding key: http://localhost:56602 for channel [id: 0x1c7aa07d, L:/127.0.0.1:56616 - R:localhost/127.0.0.1:56602]
19:25:10.207 [main] DEBUG io.netty.util.internal.ThreadLocalRandom - -Dio.netty.initialSeedUniquifier: 0x53fdeee7d68eb068
19:25:10.217 [AsyncHttpClient-1-4] DEBUG org.asynchttpclient.netty.channel.NettyConnectListener - Using new Channel '[id: 0x692dcd43, L:/127.0.0.1:56617 - R:localhost/127.0.0.1:56602]' for 'GET' to '/devtools/browser/67378fb2-4835-4001-a947-e1608f8d4a3e'
19:25:10.247 [AsyncHttpClient-1-4] DEBUG org.asynchttpclient.netty.handler.WebSocketHandler - 

Request DefaultFullHttpRequest(decodeResult: success, version: HTTP/1.1, content: EmptyByteBufBE)
GET /devtools/browser/67378fb2-4835-4001-a947-e1608f8d4a3e HTTP/1.1
upgrade: websocket
connection: upgrade
sec-websocket-key: 9yolxM1/5YN6PrF9e+4drA==
sec-websocket-version: 13
origin: http://localhost:56602
host: localhost:56602
accept: */*
user-agent: AHC/2.1

Response DefaultHttpResponse(decodeResult: success, version: HTTP/1.1)
HTTP/1.1 101 WebSocket Protocol Handshake
Upgrade: WebSocket
Connection: Upgrade
Sec-WebSocket-Accept: v8xeatGkA+rSWh8u9DSZ4PboMj4=

19:25:10.710 [AsyncHttpClient-1-1] DEBUG org.asynchttpclient.netty.channel.DefaultChannelPool - Entry count for : http://localhost:63751 : 1
19:25:10.710 [AsyncHttpClient-1-1] DEBUG org.asynchttpclient.netty.channel.DefaultChannelPool - Entry count for : http://localhost:56602 : 1
19:25:11.415 [main] DEBUG net.thucydides.core.reflection.ClassFinder - Could not load class .starter.cucumberTestSuite
19:25:11.415 [main] DEBUG net.thucydides.core.reflection.ClassFinder - Could not load class .starter.pages.HomePage
19:25:11.417 [main] DEBUG net.thucydides.core.reflection.ClassFinder - Could not load class .starter.pages.LoginPage
19:25:11.417 [main] DEBUG net.thucydides.core.reflection.ClassFinder - Could not load class .starter.pages.RegisterPage
19:25:11.417 [main] DEBUG net.thucydides.core.reflection.ClassFinder - Could not load class .starter.stepdefinitions.registerStep
19:25:11.417 [main] DEBUG net.thucydides.core.reflection.ClassFinder - Could not load class .starter.stepdefinitions.stepdefinition
19:25:11.417 [main] DEBUG net.thucydides.core.reflection.ClassFinder - Could not load class .utils.General
19:25:11.417 [main] DEBUG net.thucydides.core.reflection.ClassFinder - Could not load class META-INF.versions.9.com.sun.istack.logging.StackHelper
19:25:11.421 [main] DEBUG net.thucydides.core.reflection.ClassFinder - Could not load class META-INF.versions.9.com.sun.xml.bind.v2.runtime.reflect.opt.AccessorInjector
19:25:11.423 [main] DEBUG net.thucydides.core.reflection.ClassFinder - Could not load class META-INF.versions.9.com.sun.xml.bind.v2.runtime.reflect.opt.Injector
19:25:11.425 [main] DEBUG net.thucydides.core.reflection.ClassFinder - Could not load class META-INF.versions.9.com.sun.xml.bind.v2.runtime.reflect.opt.OptimizedAccessorFactory
19:25:11.425 [main] DEBUG net.thucydides.core.reflection.ClassFinder - Could not load class META-INF.versions.9.com.sun.xml.bind.v2.runtime.reflect.opt.OptimizedTransducedAccessorFactory
19:25:11.428 [main] DEBUG net.thucydides.core.reflection.ClassFinder - Could not load class META-INF.versions.9.io.opentelemetry.sdk.internal.CurrentJavaVersionSpecific
19:25:11.431 [main] DEBUG net.thucydides.core.reflection.ClassFinder - Could not load class META-INF.versions.9.io.opentelemetry.sdk.internal.Java9VersionSpecific
19:25:11.433 [main] DEBUG net.thucydides.core.reflection.ClassFinder - Could not load class META-INF.versions.9.javax.xml.bind.ModuleUtil
19:25:11.435 [main] DEBUG net.thucydides.core.reflection.ClassFinder - Could not load class META-INF.versions.9.module-info
19:25:11.438 [main] DEBUG net.thucydides.core.reflection.ClassFinder - Could not load class META-INF.versions.9.org.junit.platform.commons.util.ModuleUtils
19:25:11.443 [main] DEBUG net.thucydides.core.reflection.ClassFinder - Could not load class com.google.gson.internal.
19:25:11.445 [main] DEBUG net.thucydides.core.reflection.ClassFinder - Could not load class com.sun.xml.bind.v2.runtime.output.FastInfosetStreamWriterOutput
19:25:11.455 [main] DEBUG net.thucydides.core.reflection.ClassFinder - Could not load class module-info
19:25:11.512 [Forwarding get on session 36b004e67a2d30bd3f551bc813550c8a to remote] DEBUG org.asynchttpclient.netty.request.NettyRequestSender - Using pooled Channel '[id: 0x074035ae, L:/127.0.0.1:56601 - R:localhost/127.0.0.1:63751]' for 'POST' to 'http://localhost:63751/session/36b004e67a2d30bd3f551bc813550c8a/url'
19:25:11.512 [Forwarding get on session 36b004e67a2d30bd3f551bc813550c8a to remote] DEBUG org.asynchttpclient.netty.request.NettyRequestSender - Using open Channel [id: 0x074035ae, L:/127.0.0.1:56601 - R:localhost/127.0.0.1:63751] for POST '/session/36b004e67a2d30bd3f551bc813550c8a/url'
19:25:11.808 [AsyncHttpClient-1-1] DEBUG org.asynchttpclient.netty.channel.DefaultChannelPool - Entry count for : http://localhost:56602 : 1
19:25:12.910 [AsyncHttpClient-1-1] DEBUG org.asynchttpclient.netty.channel.DefaultChannelPool - Entry count for : http://localhost:56602 : 1
19:25:13.615 [AsyncHttpClient-1-2] DEBUG org.asynchttpclient.netty.handler.HttpHandler - 

Request DefaultHttpRequest(decodeResult: success, version: HTTP/1.1)
POST /session/36b004e67a2d30bd3f551bc813550c8a/url HTTP/1.1
User-Agent: selenium/4.1.2 (java windows)
Content-Length: 49
Content-Type: application/json; charset=utf-8
host: localhost:63751
accept: */*

Response DefaultHttpResponse(decodeResult: success, version: HTTP/1.1)
HTTP/1.1 200 OK
Content-Type: application/json; charset=utf-8
cache-control: no-cache
content-length: 14

19:25:13.615 [AsyncHttpClient-1-2] DEBUG org.asynchttpclient.netty.channel.ChannelManager - Adding key: http://localhost:63751 for channel [id: 0x074035ae, L:/127.0.0.1:56601 - R:localhost/127.0.0.1:63751]
19:25:13.632 [Forwarding setTimeout on session 36b004e67a2d30bd3f551bc813550c8a to remote] DEBUG org.asynchttpclient.netty.request.NettyRequestSender - Using pooled Channel '[id: 0x074035ae, L:/127.0.0.1:56601 - R:localhost/127.0.0.1:63751]' for 'POST' to 'http://localhost:63751/session/36b004e67a2d30bd3f551bc813550c8a/timeouts'
19:25:13.632 [Forwarding setTimeout on session 36b004e67a2d30bd3f551bc813550c8a to remote] DEBUG org.asynchttpclient.netty.request.NettyRequestSender - Using open Channel [id: 0x074035ae, L:/127.0.0.1:56601 - R:localhost/127.0.0.1:63751] for POST '/session/36b004e67a2d30bd3f551bc813550c8a/timeouts'
19:25:13.635 [AsyncHttpClient-1-2] DEBUG org.asynchttpclient.netty.handler.HttpHandler - 

Request DefaultHttpRequest(decodeResult: success, version: HTTP/1.1)
POST /session/36b004e67a2d30bd3f551bc813550c8a/timeouts HTTP/1.1
User-Agent: selenium/4.1.2 (java windows)
Content-Length: 22
Content-Type: application/json; charset=utf-8
host: localhost:63751
accept: */*

Response DefaultHttpResponse(decodeResult: success, version: HTTP/1.1)
HTTP/1.1 200 OK
Content-Type: application/json; charset=utf-8
cache-control: no-cache
content-length: 14

19:25:13.635 [AsyncHttpClient-1-2] DEBUG org.asynchttpclient.netty.channel.ChannelManager - Adding key: http://localhost:63751 for channel [id: 0x074035ae, L:/127.0.0.1:56601 - R:localhost/127.0.0.1:63751]
19:25:13.654 [Forwarding getCurrentUrl on session 36b004e67a2d30bd3f551bc813550c8a to remote] DEBUG org.asynchttpclient.netty.request.NettyRequestSender - Using pooled Channel '[id: 0x074035ae, L:/127.0.0.1:56601 - R:localhost/127.0.0.1:63751]' for 'GET' to 'http://localhost:63751/session/36b004e67a2d30bd3f551bc813550c8a/url'
19:25:13.654 [Forwarding getCurrentUrl on session 36b004e67a2d30bd3f551bc813550c8a to remote] DEBUG org.asynchttpclient.netty.request.NettyRequestSender - Using open Channel [id: 0x074035ae, L:/127.0.0.1:56601 - R:localhost/127.0.0.1:63751] for GET '/session/36b004e67a2d30bd3f551bc813550c8a/url'
19:25:13.664 [AsyncHttpClient-1-2] DEBUG org.asynchttpclient.netty.handler.HttpHandler - 

Request DefaultFullHttpRequest(decodeResult: success, version: HTTP/1.1, content: EmptyByteBufBE)
GET /session/36b004e67a2d30bd3f551bc813550c8a/url HTTP/1.1
User-Agent: selenium/4.1.2 (java windows)
Cache-Control: no-cache
Content-Type: application/json; charset=utf-8
host: localhost:63751
accept: */*

Response DefaultHttpResponse(decodeResult: success, version: HTTP/1.1)
HTTP/1.1 200 OK
Content-Type: application/json; charset=utf-8
cache-control: no-cache
content-length: 31

19:25:13.667 [AsyncHttpClient-1-2] DEBUG org.asynchttpclient.netty.channel.ChannelManager - Adding key: http://localhost:63751 for channel [id: 0x074035ae, L:/127.0.0.1:56601 - R:localhost/127.0.0.1:63751]
19:25:13.724 [main] DEBUG net.serenitybdd.core.photography.Darkroom - Opening darkroom
19:25:13.724 [Darkroom Processing Line] DEBUG net.serenitybdd.core.photography.DarkroomProcessingLine - Darkroom processing line starting up
19:25:13.726 [Forwarding screenshot on session 36b004e67a2d30bd3f551bc813550c8a to remote] DEBUG org.asynchttpclient.netty.request.NettyRequestSender - Using pooled Channel '[id: 0x074035ae, L:/127.0.0.1:56601 - R:localhost/127.0.0.1:63751]' for 'GET' to 'http://localhost:63751/session/36b004e67a2d30bd3f551bc813550c8a/screenshot'
19:25:13.726 [Forwarding screenshot on session 36b004e67a2d30bd3f551bc813550c8a to remote] DEBUG org.asynchttpclient.netty.request.NettyRequestSender - Using open Channel [id: 0x074035ae, L:/127.0.0.1:56601 - R:localhost/127.0.0.1:63751] for GET '/session/36b004e67a2d30bd3f551bc813550c8a/screenshot'
19:25:14.011 [AsyncHttpClient-1-1] DEBUG org.asynchttpclient.netty.channel.DefaultChannelPool - Entry count for : http://localhost:56602 : 1
19:25:14.702 [AsyncHttpClient-1-2] DEBUG org.asynchttpclient.netty.handler.HttpHandler - 

Request DefaultFullHttpRequest(decodeResult: success, version: HTTP/1.1, content: EmptyByteBufBE)
GET /session/36b004e67a2d30bd3f551bc813550c8a/screenshot HTTP/1.1
User-Agent: selenium/4.1.2 (java windows)
Cache-Control: no-cache
Content-Type: application/json; charset=utf-8
host: localhost:63751
accept: */*

Response DefaultHttpResponse(decodeResult: success, version: HTTP/1.1)
HTTP/1.1 200 OK
Content-Type: application/json; charset=utf-8
cache-control: no-cache
content-length: 49788

19:25:14.704 [AsyncHttpClient-1-2] DEBUG org.asynchttpclient.netty.channel.ChannelManager - Adding key: http://localhost:63751 for channel [id: 0x074035ae, L:/127.0.0.1:56601 - R:localhost/127.0.0.1:63751]
19:25:14.861 [main] DEBUG net.serenitybdd.core.photography.Darkroom - Send negative for processing for target\site\serenity\e6a63c95d3bdf56a788b726a2a4cb3add5c6ed242822e36dd69a8dc52fd32436.png
19:25:14.861 [Darkroom Processing Line] DEBUG net.serenitybdd.core.photography.DarkroomProcessingLine - Processing screenshot image in /var/screenshots/screenshot-13898532360957307147
19:25:14.861 [Darkroom Processing Line] DEBUG net.serenitybdd.core.photography.DarkroomProcessingLine - Saving screenshot to target\site\serenity\e6a63c95d3bdf56a788b726a2a4cb3add5c6ed242822e36dd69a8dc52fd32436.png
19:25:14.869 [main] DEBUG net.thucydides.core.steps.StepInterceptor - STEP DONE: openUrl
19:25:14.886 [main] DEBUG net.thucydides.core.steps.StepInterceptor - STARTING STEP: stepdefinition.iAmOnLoginPage - clickIconLogin
19:25:14.907 [Forwarding findElement on session 36b004e67a2d30bd3f551bc813550c8a to remote] DEBUG org.asynchttpclient.netty.request.NettyRequestSender - Using pooled Channel '[id: 0x074035ae, L:/127.0.0.1:56601 - R:localhost/127.0.0.1:63751]' for 'POST' to 'http://localhost:63751/session/36b004e67a2d30bd3f551bc813550c8a/element'
19:25:14.907 [Forwarding findElement on session 36b004e67a2d30bd3f551bc813550c8a to remote] DEBUG org.asynchttpclient.netty.request.NettyRequestSender - Using open Channel [id: 0x074035ae, L:/127.0.0.1:56601 - R:localhost/127.0.0.1:63751] for POST '/session/36b004e67a2d30bd3f551bc813550c8a/element'
19:25:14.931 [AsyncHttpClient-1-2] DEBUG org.asynchttpclient.netty.handler.HttpHandler - 

Request DefaultHttpRequest(decodeResult: success, version: HTTP/1.1)
POST /session/36b004e67a2d30bd3f551bc813550c8a/element HTTP/1.1
User-Agent: selenium/4.1.2 (java windows)
Content-Length: 170
Content-Type: application/json; charset=utf-8
host: localhost:63751
accept: */*

Response DefaultHttpResponse(decodeResult: success, version: HTTP/1.1)
HTTP/1.1 200 OK
Content-Type: application/json; charset=utf-8
cache-control: no-cache
content-length: 88

19:25:14.931 [AsyncHttpClient-1-2] DEBUG org.asynchttpclient.netty.channel.ChannelManager - Adding key: http://localhost:63751 for channel [id: 0x074035ae, L:/127.0.0.1:56601 - R:localhost/127.0.0.1:63751]
19:25:14.939 [Forwarding getElementTagName on session 36b004e67a2d30bd3f551bc813550c8a to remote] DEBUG org.asynchttpclient.netty.request.NettyRequestSender - Using pooled Channel '[id: 0x074035ae, L:/127.0.0.1:56601 - R:localhost/127.0.0.1:63751]' for 'GET' to 'http://localhost:63751/session/36b004e67a2d30bd3f551bc813550c8a/element/799e69a2-4f7b-4cba-8875-b02579224c83/name'
19:25:14.939 [Forwarding getElementTagName on session 36b004e67a2d30bd3f551bc813550c8a to remote] DEBUG org.asynchttpclient.netty.request.NettyRequestSender - Using open Channel [id: 0x074035ae, L:/127.0.0.1:56601 - R:localhost/127.0.0.1:63751] for GET '/session/36b004e67a2d30bd3f551bc813550c8a/element/799e69a2-4f7b-4cba-8875-b02579224c83/name'
19:25:14.949 [AsyncHttpClient-1-2] DEBUG org.asynchttpclient.netty.handler.HttpHandler - 

Request DefaultFullHttpRequest(decodeResult: success, version: HTTP/1.1, content: EmptyByteBufBE)
GET /session/36b004e67a2d30bd3f551bc813550c8a/element/799e69a2-4f7b-4cba-8875-b02579224c83/name HTTP/1.1
User-Agent: selenium/4.1.2 (java windows)
Cache-Control: no-cache
Content-Type: application/json; charset=utf-8
host: localhost:63751
accept: */*

Response DefaultHttpResponse(decodeResult: success, version: HTTP/1.1)
HTTP/1.1 200 OK
Content-Type: application/json; charset=utf-8
cache-control: no-cache
content-length: 13

19:25:14.949 [AsyncHttpClient-1-2] DEBUG org.asynchttpclient.netty.channel.ChannelManager - Adding key: http://localhost:63751 for channel [id: 0x074035ae, L:/127.0.0.1:56601 - R:localhost/127.0.0.1:63751]
19:25:14.956 [Forwarding getElementTagName on session 36b004e67a2d30bd3f551bc813550c8a to remote] DEBUG org.asynchttpclient.netty.request.NettyRequestSender - Using pooled Channel '[id: 0x074035ae, L:/127.0.0.1:56601 - R:localhost/127.0.0.1:63751]' for 'GET' to 'http://localhost:63751/session/36b004e67a2d30bd3f551bc813550c8a/element/799e69a2-4f7b-4cba-8875-b02579224c83/name'
19:25:14.956 [Forwarding getElementTagName on session 36b004e67a2d30bd3f551bc813550c8a to remote] DEBUG org.asynchttpclient.netty.request.NettyRequestSender - Using open Channel [id: 0x074035ae, L:/127.0.0.1:56601 - R:localhost/127.0.0.1:63751] for GET '/session/36b004e67a2d30bd3f551bc813550c8a/element/799e69a2-4f7b-4cba-8875-b02579224c83/name'
19:25:14.971 [AsyncHttpClient-1-2] DEBUG org.asynchttpclient.netty.handler.HttpHandler - 

Request DefaultFullHttpRequest(decodeResult: success, version: HTTP/1.1, content: EmptyByteBufBE)
GET /session/36b004e67a2d30bd3f551bc813550c8a/element/799e69a2-4f7b-4cba-8875-b02579224c83/name HTTP/1.1
User-Agent: selenium/4.1.2 (java windows)
Cache-Control: no-cache
Content-Type: application/json; charset=utf-8
host: localhost:63751
accept: */*

Response DefaultHttpResponse(decodeResult: success, version: HTTP/1.1)
HTTP/1.1 200 OK
Content-Type: application/json; charset=utf-8
cache-control: no-cache
content-length: 13

19:25:14.971 [AsyncHttpClient-1-2] DEBUG org.asynchttpclient.netty.channel.ChannelManager - Adding key: http://localhost:63751 for channel [id: 0x074035ae, L:/127.0.0.1:56601 - R:localhost/127.0.0.1:63751]
19:25:14.984 [Forwarding findElement on session 36b004e67a2d30bd3f551bc813550c8a to remote] DEBUG org.asynchttpclient.netty.request.NettyRequestSender - Using pooled Channel '[id: 0x074035ae, L:/127.0.0.1:56601 - R:localhost/127.0.0.1:63751]' for 'POST' to 'http://localhost:63751/session/36b004e67a2d30bd3f551bc813550c8a/element'
19:25:14.986 [Forwarding findElement on session 36b004e67a2d30bd3f551bc813550c8a to remote] DEBUG org.asynchttpclient.netty.request.NettyRequestSender - Using open Channel [id: 0x074035ae, L:/127.0.0.1:56601 - R:localhost/127.0.0.1:63751] for POST '/session/36b004e67a2d30bd3f551bc813550c8a/element'
19:25:15.006 [AsyncHttpClient-1-2] DEBUG org.asynchttpclient.netty.handler.HttpHandler - 

Request DefaultHttpRequest(decodeResult: success, version: HTTP/1.1)
POST /session/36b004e67a2d30bd3f551bc813550c8a/element HTTP/1.1
User-Agent: selenium/4.1.2 (java windows)
Content-Length: 170
Content-Type: application/json; charset=utf-8
host: localhost:63751
accept: */*

Response DefaultHttpResponse(decodeResult: success, version: HTTP/1.1)
HTTP/1.1 200 OK
Content-Type: application/json; charset=utf-8
cache-control: no-cache
content-length: 88

19:25:15.009 [AsyncHttpClient-1-2] DEBUG org.asynchttpclient.netty.channel.ChannelManager - Adding key: http://localhost:63751 for channel [id: 0x074035ae, L:/127.0.0.1:56601 - R:localhost/127.0.0.1:63751]
19:25:15.016 [Forwarding clickElement on session 36b004e67a2d30bd3f551bc813550c8a to remote] DEBUG org.asynchttpclient.netty.request.NettyRequestSender - Using pooled Channel '[id: 0x074035ae, L:/127.0.0.1:56601 - R:localhost/127.0.0.1:63751]' for 'POST' to 'http://localhost:63751/session/36b004e67a2d30bd3f551bc813550c8a/element/799e69a2-4f7b-4cba-8875-b02579224c83/click'
19:25:15.016 [Forwarding clickElement on session 36b004e67a2d30bd3f551bc813550c8a to remote] DEBUG org.asynchttpclient.netty.request.NettyRequestSender - Using open Channel [id: 0x074035ae, L:/127.0.0.1:56601 - R:localhost/127.0.0.1:63751] for POST '/session/36b004e67a2d30bd3f551bc813550c8a/element/799e69a2-4f7b-4cba-8875-b02579224c83/click'
19:25:15.093 [AsyncHttpClient-1-2] DEBUG org.asynchttpclient.netty.handler.HttpHandler - 

Request DefaultHttpRequest(decodeResult: success, version: HTTP/1.1)
POST /session/36b004e67a2d30bd3f551bc813550c8a/element/799e69a2-4f7b-4cba-8875-b02579224c83/click HTTP/1.1
User-Agent: selenium/4.1.2 (java windows)
Content-Length: 50
Content-Type: application/json; charset=utf-8
host: localhost:63751
accept: */*

Response DefaultHttpResponse(decodeResult: success, version: HTTP/1.1)
HTTP/1.1 200 OK
Content-Type: application/json; charset=utf-8
cache-control: no-cache
content-length: 14

19:25:15.093 [AsyncHttpClient-1-2] DEBUG org.asynchttpclient.netty.channel.ChannelManager - Adding key: http://localhost:63751 for channel [id: 0x074035ae, L:/127.0.0.1:56601 - R:localhost/127.0.0.1:63751]
19:25:15.108 [AsyncHttpClient-1-1] DEBUG org.asynchttpclient.netty.channel.DefaultChannelPool - Entry count for : http://localhost:63751 : 1
19:25:15.108 [AsyncHttpClient-1-1] DEBUG org.asynchttpclient.netty.channel.DefaultChannelPool - Entry count for : http://localhost:56602 : 1
19:25:15.125 [Forwarding screenshot on session 36b004e67a2d30bd3f551bc813550c8a to remote] DEBUG org.asynchttpclient.netty.request.NettyRequestSender - Using pooled Channel '[id: 0x074035ae, L:/127.0.0.1:56601 - R:localhost/127.0.0.1:63751]' for 'GET' to 'http://localhost:63751/session/36b004e67a2d30bd3f551bc813550c8a/screenshot'
19:25:15.125 [Forwarding screenshot on session 36b004e67a2d30bd3f551bc813550c8a to remote] DEBUG org.asynchttpclient.netty.request.NettyRequestSender - Using open Channel [id: 0x074035ae, L:/127.0.0.1:56601 - R:localhost/127.0.0.1:63751] for GET '/session/36b004e67a2d30bd3f551bc813550c8a/screenshot'
19:25:15.690 [AsyncHttpClient-1-2] DEBUG org.asynchttpclient.netty.handler.HttpHandler - 

Request DefaultFullHttpRequest(decodeResult: success, version: HTTP/1.1, content: EmptyByteBufBE)
GET /session/36b004e67a2d30bd3f551bc813550c8a/screenshot HTTP/1.1
User-Agent: selenium/4.1.2 (java windows)
Cache-Control: no-cache
Content-Type: application/json; charset=utf-8
host: localhost:63751
accept: */*

Response DefaultHttpResponse(decodeResult: success, version: HTTP/1.1)
HTTP/1.1 200 OK
Content-Type: application/json; charset=utf-8
cache-control: no-cache
content-length: 40120

19:25:15.692 [AsyncHttpClient-1-2] DEBUG org.asynchttpclient.netty.channel.ChannelManager - Adding key: http://localhost:63751 for channel [id: 0x074035ae, L:/127.0.0.1:56601 - R:localhost/127.0.0.1:63751]
19:25:15.704 [main] DEBUG net.serenitybdd.core.photography.Darkroom - Send negative for processing for target\site\serenity\67ceac6d2a4df07f2d215887f542e69184153f4614227b1a5a73878a6f29a6fc.png
19:25:15.705 [main] DEBUG net.thucydides.core.steps.StepInterceptor - STEP DONE: clickIconLogin
19:25:15.705 [Darkroom Processing Line] DEBUG net.serenitybdd.core.photography.DarkroomProcessingLine - Processing screenshot image in /var/screenshots/screenshot-2059741105392855423
19:25:15.706 [Darkroom Processing Line] DEBUG net.serenitybdd.core.photography.DarkroomProcessingLine - Saving screenshot to target\site\serenity\67ceac6d2a4df07f2d215887f542e69184153f4614227b1a5a73878a6f29a6fc.png
  &amp#27;[32mGiven &amp#27;[0m&amp#27;[32mi am on login page&amp#27;[0m                 &amp#27;[90m# starter.stepdefinitions.stepdefinition.iAmOnLoginPage()&amp#27;[0m
19:25:15.766 [Forwarding screenshot on session 36b004e67a2d30bd3f551bc813550c8a to remote] DEBUG org.asynchttpclient.netty.request.NettyRequestSender - Using pooled Channel '[id: 0x074035ae, L:/127.0.0.1:56601 - R:localhost/127.0.0.1:63751]' for 'GET' to 'http://localhost:63751/session/36b004e67a2d30bd3f551bc813550c8a/screenshot'
19:25:15.769 [Forwarding screenshot on session 36b004e67a2d30bd3f551bc813550c8a to remote] DEBUG org.asynchttpclient.netty.request.NettyRequestSender - Using open Channel [id: 0x074035ae, L:/127.0.0.1:56601 - R:localhost/127.0.0.1:63751] for GET '/session/36b004e67a2d30bd3f551bc813550c8a/screenshot'
19:25:15.937 [AsyncHttpClient-1-2] DEBUG org.asynchttpclient.netty.handler.HttpHandler - 

Request DefaultFullHttpRequest(decodeResult: success, version: HTTP/1.1, content: EmptyByteBufBE)
GET /session/36b004e67a2d30bd3f551bc813550c8a/screenshot HTTP/1.1
User-Agent: selenium/4.1.2 (java windows)
Cache-Control: no-cache
Content-Type: application/json; charset=utf-8
host: localhost:63751
accept: */*

Response DefaultHttpResponse(decodeResult: success, version: HTTP/1.1)
HTTP/1.1 200 OK
Content-Type: application/json; charset=utf-8
cache-control: no-cache
content-length: 39520

19:25:15.940 [AsyncHttpClient-1-2] DEBUG org.asynchttpclient.netty.channel.ChannelManager - Adding key: http://localhost:63751 for channel [id: 0x074035ae, L:/127.0.0.1:56601 - R:localhost/127.0.0.1:63751]
19:25:15.945 [main] DEBUG net.serenitybdd.core.photography.Darkroom - Send negative for processing for target\site\serenity\1288ad2728c710f67d550c819c438d21557d4755e33a862f2b4f8299bee42c2a.png
19:25:15.945 [Darkroom Processing Line] DEBUG net.serenitybdd.core.photography.DarkroomProcessingLine - Processing screenshot image in /var/screenshots/screenshot-16137660225736341388
19:25:15.945 [Darkroom Processing Line] DEBUG net.serenitybdd.core.photography.DarkroomProcessingLine - Saving screenshot to target\site\serenity\1288ad2728c710f67d550c819c438d21557d4755e33a862f2b4f8299bee42c2a.png
19:25:15.945 [main] DEBUG net.thucydides.core.steps.StepInterceptor - STARTING STEP: stepdefinition.iInputUsername - inputUsername
19:25:15.957 [Forwarding findElement on session 36b004e67a2d30bd3f551bc813550c8a to remote] DEBUG org.asynchttpclient.netty.request.NettyRequestSender - Using pooled Channel '[id: 0x074035ae, L:/127.0.0.1:56601 - R:localhost/127.0.0.1:63751]' for 'POST' to 'http://localhost:63751/session/36b004e67a2d30bd3f551bc813550c8a/element'
19:25:15.957 [Forwarding findElement on session 36b004e67a2d30bd3f551bc813550c8a to remote] DEBUG org.asynchttpclient.netty.request.NettyRequestSender - Using open Channel [id: 0x074035ae, L:/127.0.0.1:56601 - R:localhost/127.0.0.1:63751] for POST '/session/36b004e67a2d30bd3f551bc813550c8a/element'
19:25:15.975 [AsyncHttpClient-1-2] DEBUG org.asynchttpclient.netty.handler.HttpHandler - 

Request DefaultHttpRequest(decodeResult: success, version: HTTP/1.1)
POST /session/36b004e67a2d30bd3f551bc813550c8a/element HTTP/1.1
User-Agent: selenium/4.1.2 (java windows)
Content-Length: 86
Content-Type: application/json; charset=utf-8
host: localhost:63751
accept: */*

Response DefaultHttpResponse(decodeResult: success, version: HTTP/1.1)
HTTP/1.1 200 OK
Content-Type: application/json; charset=utf-8
cache-control: no-cache
content-length: 88

19:25:15.977 [AsyncHttpClient-1-2] DEBUG org.asynchttpclient.netty.channel.ChannelManager - Adding key: http://localhost:63751 for channel [id: 0x074035ae, L:/127.0.0.1:56601 - R:localhost/127.0.0.1:63751]
19:25:15.982 [Forwarding clearElement on session 36b004e67a2d30bd3f551bc813550c8a to remote] DEBUG org.asynchttpclient.netty.request.NettyRequestSender - Using pooled Channel '[id: 0x074035ae, L:/127.0.0.1:56601 - R:localhost/127.0.0.1:63751]' for 'POST' to 'http://localhost:63751/session/36b004e67a2d30bd3f551bc813550c8a/element/7b9ef439-d116-4239-8408-f8f111f9394c/clear'
19:25:15.982 [Forwarding clearElement on session 36b004e67a2d30bd3f551bc813550c8a to remote] DEBUG org.asynchttpclient.netty.request.NettyRequestSender - Using open Channel [id: 0x074035ae, L:/127.0.0.1:56601 - R:localhost/127.0.0.1:63751] for POST '/session/36b004e67a2d30bd3f551bc813550c8a/element/7b9ef439-d116-4239-8408-f8f111f9394c/clear'
19:25:16.038 [AsyncHttpClient-1-2] DEBUG org.asynchttpclient.netty.handler.HttpHandler - 

Request DefaultHttpRequest(decodeResult: success, version: HTTP/1.1)
POST /session/36b004e67a2d30bd3f551bc813550c8a/element/7b9ef439-d116-4239-8408-f8f111f9394c/clear HTTP/1.1
User-Agent: selenium/4.1.2 (java windows)
Content-Length: 50
Content-Type: application/json; charset=utf-8
host: localhost:63751
accept: */*

Response DefaultHttpResponse(decodeResult: success, version: HTTP/1.1)
HTTP/1.1 200 OK
Content-Type: application/json; charset=utf-8
cache-control: no-cache
content-length: 14

19:25:16.038 [AsyncHttpClient-1-2] DEBUG org.asynchttpclient.netty.channel.ChannelManager - Adding key: http://localhost:63751 for channel [id: 0x074035ae, L:/127.0.0.1:56601 - R:localhost/127.0.0.1:63751]
19:25:16.049 [Forwarding sendKeysToElement on session 36b004e67a2d30bd3f551bc813550c8a to remote] DEBUG org.asynchttpclient.netty.request.NettyRequestSender - Using pooled Channel '[id: 0x074035ae, L:/127.0.0.1:56601 - R:localhost/127.0.0.1:63751]' for 'POST' to 'http://localhost:63751/session/36b004e67a2d30bd3f551bc813550c8a/element/7b9ef439-d116-4239-8408-f8f111f9394c/value'
19:25:16.049 [Forwarding sendKeysToElement on session 36b004e67a2d30bd3f551bc813550c8a to remote] DEBUG org.asynchttpclient.netty.request.NettyRequestSender - Using open Channel [id: 0x074035ae, L:/127.0.0.1:56601 - R:localhost/127.0.0.1:63751] for POST '/session/36b004e67a2d30bd3f551bc813550c8a/element/7b9ef439-d116-4239-8408-f8f111f9394c/value'
19:25:16.209 [AsyncHttpClient-1-1] DEBUG org.asynchttpclient.netty.channel.DefaultChannelPool - Entry count for : http://localhost:56602 : 1
19:25:16.286 [AsyncHttpClient-1-2] DEBUG org.asynchttpclient.netty.handler.HttpHandler - 

Request DefaultHttpRequest(decodeResult: success, version: HTTP/1.1)
POST /session/36b004e67a2d30bd3f551bc813550c8a/element/7b9ef439-d116-4239-8408-f8f111f9394c/value HTTP/1.1
User-Agent: selenium/4.1.2 (java windows)
Content-Length: 241
Content-Type: application/json; charset=utf-8
host: localhost:63751
accept: */*

Response DefaultHttpResponse(decodeResult: success, version: HTTP/1.1)
HTTP/1.1 200 OK
Content-Type: application/json; charset=utf-8
cache-control: no-cache
content-length: 14

19:25:16.289 [AsyncHttpClient-1-2] DEBUG org.asynchttpclient.netty.channel.ChannelManager - Adding key: http://localhost:63751 for channel [id: 0x074035ae, L:/127.0.0.1:56601 - R:localhost/127.0.0.1:63751]
19:25:16.309 [Forwarding screenshot on session 36b004e67a2d30bd3f551bc813550c8a to remote] DEBUG org.asynchttpclient.netty.request.NettyRequestSender - Using pooled Channel '[id: 0x074035ae, L:/127.0.0.1:56601 - R:localhost/127.0.0.1:63751]' for 'GET' to 'http://localhost:63751/session/36b004e67a2d30bd3f551bc813550c8a/screenshot'
19:25:16.309 [Forwarding screenshot on session 36b004e67a2d30bd3f551bc813550c8a to remote] DEBUG org.asynchttpclient.netty.request.NettyRequestSender - Using open Channel [id: 0x074035ae, L:/127.0.0.1:56601 - R:localhost/127.0.0.1:63751] for GET '/session/36b004e67a2d30bd3f551bc813550c8a/screenshot'
19:25:16.524 [AsyncHttpClient-1-2] DEBUG org.asynchttpclient.netty.handler.HttpHandler - 

Request DefaultFullHttpRequest(decodeResult: success, version: HTTP/1.1, content: EmptyByteBufBE)
GET /session/36b004e67a2d30bd3f551bc813550c8a/screenshot HTTP/1.1
User-Agent: selenium/4.1.2 (java windows)
Cache-Control: no-cache
Content-Type: application/json; charset=utf-8
host: localhost:63751
accept: */*

Response DefaultHttpResponse(decodeResult: success, version: HTTP/1.1)
HTTP/1.1 200 OK
Content-Type: application/json; charset=utf-8
cache-control: no-cache
content-length: 47472

19:25:16.526 [AsyncHttpClient-1-2] DEBUG org.asynchttpclient.netty.channel.ChannelManager - Adding key: http://localhost:63751 for channel [id: 0x074035ae, L:/127.0.0.1:56601 - R:localhost/127.0.0.1:63751]
19:25:16.531 [main] DEBUG net.serenitybdd.core.photography.Darkroom - Send negative for processing for target\site\serenity\dd3335d1896f04c8545600ff91edd9e8da850e6ca36d64dd80bf1750ba74418a.png
19:25:16.531 [main] DEBUG net.thucydides.core.steps.StepInterceptor - STEP DONE: inputUsername
  &amp#27;[32mWhen &amp#27;[0m&amp#27;[32mi input &amp#27;[0m&amp#27;[32m&amp#27;[1m"gladys@gmail.com"&amp#27;[0m&amp#27;[32m username&amp#27;[0m &amp#27;[90m# starter.stepdefinitions.stepdefinition.iInputUsername(java.lang.String)&amp#27;[0m
19:25:16.534 [Darkroom Processing Line] DEBUG net.serenitybdd.core.photography.DarkroomProcessingLine - Processing screenshot image in /var/screenshots/screenshot-1879535567574433451
19:25:16.534 [Darkroom Processing Line] DEBUG net.serenitybdd.core.photography.DarkroomProcessingLine - Saving screenshot to target\site\serenity\dd3335d1896f04c8545600ff91edd9e8da850e6ca36d64dd80bf1750ba74418a.png
19:25:16.591 [Forwarding screenshot on session 36b004e67a2d30bd3f551bc813550c8a to remote] DEBUG org.asynchttpclient.netty.request.NettyRequestSender - Using pooled Channel '[id: 0x074035ae, L:/127.0.0.1:56601 - R:localhost/127.0.0.1:63751]' for 'GET' to 'http://localhost:63751/session/36b004e67a2d30bd3f551bc813550c8a/screenshot'
19:25:16.591 [Forwarding screenshot on session 36b004e67a2d30bd3f551bc813550c8a to remote] DEBUG org.asynchttpclient.netty.request.NettyRequestSender - Using open Channel [id: 0x074035ae, L:/127.0.0.1:56601 - R:localhost/127.0.0.1:63751] for GET '/session/36b004e67a2d30bd3f551bc813550c8a/screenshot'
19:25:16.787 [AsyncHttpClient-1-2] DEBUG org.asynchttpclient.netty.handler.HttpHandler - 

Request DefaultFullHttpRequest(decodeResult: success, version: HTTP/1.1, content: EmptyByteBufBE)
GET /session/36b004e67a2d30bd3f551bc813550c8a/screenshot HTTP/1.1
User-Agent: selenium/4.1.2 (java windows)
Cache-Control: no-cache
Content-Type: application/json; charset=utf-8
host: localhost:63751
accept: */*

Response DefaultHttpResponse(decodeResult: success, version: HTTP/1.1)
HTTP/1.1 200 OK
Content-Type: application/json; charset=utf-8
cache-control: no-cache
content-length: 46940

19:25:16.789 [AsyncHttpClient-1-2] DEBUG org.asynchttpclient.netty.channel.ChannelManager - Adding key: http://localhost:63751 for channel [id: 0x074035ae, L:/127.0.0.1:56601 - R:localhost/127.0.0.1:63751]
19:25:16.792 [main] DEBUG net.serenitybdd.core.photography.Darkroom - Send negative for processing for target\site\serenity\c26365a4232fbaadff7f43b5845433dc8ea00575e106c77c4891b2f139e42e36.png
19:25:16.794 [main] DEBUG net.thucydides.core.steps.StepInterceptor - STARTING STEP: stepdefinition.iInputPassword - inputPassword
19:25:16.794 [Darkroom Processing Line] DEBUG net.serenitybdd.core.photography.DarkroomProcessingLine - Processing screenshot image in /var/screenshots/screenshot-17504133185193313110
19:25:16.794 [Darkroom Processing Line] DEBUG net.serenitybdd.core.photography.DarkroomProcessingLine - Saving screenshot to target\site\serenity\c26365a4232fbaadff7f43b5845433dc8ea00575e106c77c4891b2f139e42e36.png
19:25:16.801 [Forwarding findElement on session 36b004e67a2d30bd3f551bc813550c8a to remote] DEBUG org.asynchttpclient.netty.request.NettyRequestSender - Using pooled Channel '[id: 0x074035ae, L:/127.0.0.1:56601 - R:localhost/127.0.0.1:63751]' for 'POST' to 'http://localhost:63751/session/36b004e67a2d30bd3f551bc813550c8a/element'
19:25:16.801 [Forwarding findElement on session 36b004e67a2d30bd3f551bc813550c8a to remote] DEBUG org.asynchttpclient.netty.request.NettyRequestSender - Using open Channel [id: 0x074035ae, L:/127.0.0.1:56601 - R:localhost/127.0.0.1:63751] for POST '/session/36b004e67a2d30bd3f551bc813550c8a/element'
19:25:16.824 [AsyncHttpClient-1-2] DEBUG org.asynchttpclient.netty.handler.HttpHandler - 

Request DefaultHttpRequest(decodeResult: success, version: HTTP/1.1)
POST /session/36b004e67a2d30bd3f551bc813550c8a/element HTTP/1.1
User-Agent: selenium/4.1.2 (java windows)
Content-Length: 89
Content-Type: application/json; charset=utf-8
host: localhost:63751
accept: */*

Response DefaultHttpResponse(decodeResult: success, version: HTTP/1.1)
HTTP/1.1 200 OK
Content-Type: application/json; charset=utf-8
cache-control: no-cache
content-length: 88

19:25:16.824 [AsyncHttpClient-1-2] DEBUG org.asynchttpclient.netty.channel.ChannelManager - Adding key: http://localhost:63751 for channel [id: 0x074035ae, L:/127.0.0.1:56601 - R:localhost/127.0.0.1:63751]
19:25:16.829 [Forwarding clearElement on session 36b004e67a2d30bd3f551bc813550c8a to remote] DEBUG org.asynchttpclient.netty.request.NettyRequestSender - Using pooled Channel '[id: 0x074035ae, L:/127.0.0.1:56601 - R:localhost/127.0.0.1:63751]' for 'POST' to 'http://localhost:63751/session/36b004e67a2d30bd3f551bc813550c8a/element/b6003e7d-1e0b-4a61-b7d1-c007286c025c/clear'
19:25:16.829 [Forwarding clearElement on session 36b004e67a2d30bd3f551bc813550c8a to remote] DEBUG org.asynchttpclient.netty.request.NettyRequestSender - Using open Channel [id: 0x074035ae, L:/127.0.0.1:56601 - R:localhost/127.0.0.1:63751] for POST '/session/36b004e67a2d30bd3f551bc813550c8a/element/b6003e7d-1e0b-4a61-b7d1-c007286c025c/clear'
19:25:16.886 [AsyncHttpClient-1-2] DEBUG org.asynchttpclient.netty.handler.HttpHandler - 

Request DefaultHttpRequest(decodeResult: success, version: HTTP/1.1)
POST /session/36b004e67a2d30bd3f551bc813550c8a/element/b6003e7d-1e0b-4a61-b7d1-c007286c025c/clear HTTP/1.1
User-Agent: selenium/4.1.2 (java windows)
Content-Length: 50
Content-Type: application/json; charset=utf-8
host: localhost:63751
accept: */*

Response DefaultHttpResponse(decodeResult: success, version: HTTP/1.1)
HTTP/1.1 200 OK
Content-Type: application/json; charset=utf-8
cache-control: no-cache
content-length: 14

19:25:16.886 [AsyncHttpClient-1-2] DEBUG org.asynchttpclient.netty.channel.ChannelManager - Adding key: http://localhost:63751 for channel [id: 0x074035ae, L:/127.0.0.1:56601 - R:localhost/127.0.0.1:63751]
19:25:16.891 [Forwarding sendKeysToElement on session 36b004e67a2d30bd3f551bc813550c8a to remote] DEBUG org.asynchttpclient.netty.request.NettyRequestSender - Using pooled Channel '[id: 0x074035ae, L:/127.0.0.1:56601 - R:localhost/127.0.0.1:63751]' for 'POST' to 'http://localhost:63751/session/36b004e67a2d30bd3f551bc813550c8a/element/b6003e7d-1e0b-4a61-b7d1-c007286c025c/value'
19:25:16.891 [Forwarding sendKeysToElement on session 36b004e67a2d30bd3f551bc813550c8a to remote] DEBUG org.asynchttpclient.netty.request.NettyRequestSender - Using open Channel [id: 0x074035ae, L:/127.0.0.1:56601 - R:localhost/127.0.0.1:63751] for POST '/session/36b004e67a2d30bd3f551bc813550c8a/element/b6003e7d-1e0b-4a61-b7d1-c007286c025c/value'
19:25:17.029 [AsyncHttpClient-1-2] DEBUG org.asynchttpclient.netty.handler.HttpHandler - 

Request DefaultHttpRequest(decodeResult: success, version: HTTP/1.1)
POST /session/36b004e67a2d30bd3f551bc813550c8a/element/b6003e7d-1e0b-4a61-b7d1-c007286c025c/value HTTP/1.1
User-Agent: selenium/4.1.2 (java windows)
Content-Length: 141
Content-Type: application/json; charset=utf-8
host: localhost:63751
accept: */*

Response DefaultHttpResponse(decodeResult: success, version: HTTP/1.1)
HTTP/1.1 200 OK
Content-Type: application/json; charset=utf-8
cache-control: no-cache
content-length: 14

19:25:17.031 [AsyncHttpClient-1-2] DEBUG org.asynchttpclient.netty.channel.ChannelManager - Adding key: http://localhost:63751 for channel [id: 0x074035ae, L:/127.0.0.1:56601 - R:localhost/127.0.0.1:63751]
19:25:17.051 [Forwarding screenshot on session 36b004e67a2d30bd3f551bc813550c8a to remote] DEBUG org.asynchttpclient.netty.request.NettyRequestSender - Using pooled Channel '[id: 0x074035ae, L:/127.0.0.1:56601 - R:localhost/127.0.0.1:63751]' for 'GET' to 'http://localhost:63751/session/36b004e67a2d30bd3f551bc813550c8a/screenshot'
19:25:17.051 [Forwarding screenshot on session 36b004e67a2d30bd3f551bc813550c8a to remote] DEBUG org.asynchttpclient.netty.request.NettyRequestSender - Using open Channel [id: 0x074035ae, L:/127.0.0.1:56601 - R:localhost/127.0.0.1:63751] for GET '/session/36b004e67a2d30bd3f551bc813550c8a/screenshot'
19:25:17.248 [AsyncHttpClient-1-2] DEBUG org.asynchttpclient.netty.handler.HttpHandler - 

Request DefaultFullHttpRequest(decodeResult: success, version: HTTP/1.1, content: EmptyByteBufBE)
GET /session/36b004e67a2d30bd3f551bc813550c8a/screenshot HTTP/1.1
User-Agent: selenium/4.1.2 (java windows)
Cache-Control: no-cache
Content-Type: application/json; charset=utf-8
host: localhost:63751
accept: */*

Response DefaultHttpResponse(decodeResult: success, version: HTTP/1.1)
HTTP/1.1 200 OK
Content-Type: application/json; charset=utf-8
cache-control: no-cache
content-length: 49848

19:25:17.251 [AsyncHttpClient-1-2] DEBUG org.asynchttpclient.netty.channel.ChannelManager - Adding key: http://localhost:63751 for channel [id: 0x074035ae, L:/127.0.0.1:56601 - R:localhost/127.0.0.1:63751]
19:25:17.258 [main] DEBUG net.serenitybdd.core.photography.Darkroom - Send negative for processing for target\site\serenity\9b69dea1fc8803813db694e679fab8895f1d14c6e8f7a09799af598014491b56.png
19:25:17.258 [main] DEBUG net.thucydides.core.steps.StepInterceptor - STEP DONE: inputPassword
  &amp#27;[32mAnd &amp#27;[0m&amp#27;[32mi input &amp#27;[0m&amp#27;[32m&amp#27;[1m"gladys"&amp#27;[0m&amp#27;[32m password&amp#27;[0m            &amp#27;[90m# starter.stepdefinitions.stepdefinition.iInputPassword(java.lang.String)&amp#27;[0m
19:25:17.258 [Darkroom Processing Line] DEBUG net.serenitybdd.core.photography.DarkroomProcessingLine - Processing screenshot image in /var/screenshots/screenshot-2649869645651907890
19:25:17.258 [Darkroom Processing Line] DEBUG net.serenitybdd.core.photography.DarkroomProcessingLine - Saving screenshot to target\site\serenity\9b69dea1fc8803813db694e679fab8895f1d14c6e8f7a09799af598014491b56.png
19:25:17.301 [main] DEBUG net.thucydides.core.steps.StepInterceptor - STARTING STEP: stepdefinition.clickLoginButton - clickLogin
19:25:17.306 [Forwarding findElement on session 36b004e67a2d30bd3f551bc813550c8a to remote] DEBUG org.asynchttpclient.netty.request.NettyRequestSender - Using pooled Channel '[id: 0x074035ae, L:/127.0.0.1:56601 - R:localhost/127.0.0.1:63751]' for 'POST' to 'http://localhost:63751/session/36b004e67a2d30bd3f551bc813550c8a/element'
19:25:17.306 [Forwarding findElement on session 36b004e67a2d30bd3f551bc813550c8a to remote] DEBUG org.asynchttpclient.netty.request.NettyRequestSender - Using open Channel [id: 0x074035ae, L:/127.0.0.1:56601 - R:localhost/127.0.0.1:63751] for POST '/session/36b004e67a2d30bd3f551bc813550c8a/element'
19:25:17.311 [AsyncHttpClient-1-1] DEBUG org.asynchttpclient.netty.channel.DefaultChannelPool - Entry count for : http://localhost:56602 : 1
19:25:17.326 [AsyncHttpClient-1-2] DEBUG org.asynchttpclient.netty.handler.HttpHandler - 

Request DefaultHttpRequest(decodeResult: success, version: HTTP/1.1)
POST /session/36b004e67a2d30bd3f551bc813550c8a/element HTTP/1.1
User-Agent: selenium/4.1.2 (java windows)
Content-Length: 72
Content-Type: application/json; charset=utf-8
host: localhost:63751
accept: */*

Response DefaultHttpResponse(decodeResult: success, version: HTTP/1.1)
HTTP/1.1 200 OK
Content-Type: application/json; charset=utf-8
cache-control: no-cache
content-length: 88

19:25:17.326 [AsyncHttpClient-1-2] DEBUG org.asynchttpclient.netty.channel.ChannelManager - Adding key: http://localhost:63751 for channel [id: 0x074035ae, L:/127.0.0.1:56601 - R:localhost/127.0.0.1:63751]
19:25:17.333 [Forwarding getElementTagName on session 36b004e67a2d30bd3f551bc813550c8a to remote] DEBUG org.asynchttpclient.netty.request.NettyRequestSender - Using pooled Channel '[id: 0x074035ae, L:/127.0.0.1:56601 - R:localhost/127.0.0.1:63751]' for 'GET' to 'http://localhost:63751/session/36b004e67a2d30bd3f551bc813550c8a/element/4467dab1-6845-467d-98f4-5137ae68a410/name'
19:25:17.333 [Forwarding getElementTagName on session 36b004e67a2d30bd3f551bc813550c8a to remote] DEBUG org.asynchttpclient.netty.request.NettyRequestSender - Using open Channel [id: 0x074035ae, L:/127.0.0.1:56601 - R:localhost/127.0.0.1:63751] for GET '/session/36b004e67a2d30bd3f551bc813550c8a/element/4467dab1-6845-467d-98f4-5137ae68a410/name'
19:25:17.341 [AsyncHttpClient-1-2] DEBUG org.asynchttpclient.netty.handler.HttpHandler - 

Request DefaultFullHttpRequest(decodeResult: success, version: HTTP/1.1, content: EmptyByteBufBE)
GET /session/36b004e67a2d30bd3f551bc813550c8a/element/4467dab1-6845-467d-98f4-5137ae68a410/name HTTP/1.1
User-Agent: selenium/4.1.2 (java windows)
Cache-Control: no-cache
Content-Type: application/json; charset=utf-8
host: localhost:63751
accept: */*

Response DefaultHttpResponse(decodeResult: success, version: HTTP/1.1)
HTTP/1.1 200 OK
Content-Type: application/json; charset=utf-8
cache-control: no-cache
content-length: 18

19:25:17.343 [AsyncHttpClient-1-2] DEBUG org.asynchttpclient.netty.channel.ChannelManager - Adding key: http://localhost:63751 for channel [id: 0x074035ae, L:/127.0.0.1:56601 - R:localhost/127.0.0.1:63751]
19:25:17.346 [Forwarding getElementTagName on session 36b004e67a2d30bd3f551bc813550c8a to remote] DEBUG org.asynchttpclient.netty.request.NettyRequestSender - Using pooled Channel '[id: 0x074035ae, L:/127.0.0.1:56601 - R:localhost/127.0.0.1:63751]' for 'GET' to 'http://localhost:63751/session/36b004e67a2d30bd3f551bc813550c8a/element/4467dab1-6845-467d-98f4-5137ae68a410/name'
19:25:17.346 [Forwarding getElementTagName on session 36b004e67a2d30bd3f551bc813550c8a to remote] DEBUG org.asynchttpclient.netty.request.NettyRequestSender - Using open Channel [id: 0x074035ae, L:/127.0.0.1:56601 - R:localhost/127.0.0.1:63751] for GET '/session/36b004e67a2d30bd3f551bc813550c8a/element/4467dab1-6845-467d-98f4-5137ae68a410/name'
19:25:17.356 [AsyncHttpClient-1-2] DEBUG org.asynchttpclient.netty.handler.HttpHandler - 

Request DefaultFullHttpRequest(decodeResult: success, version: HTTP/1.1, content: EmptyByteBufBE)
GET /session/36b004e67a2d30bd3f551bc813550c8a/element/4467dab1-6845-467d-98f4-5137ae68a410/name HTTP/1.1
User-Agent: selenium/4.1.2 (java windows)
Cache-Control: no-cache
Content-Type: application/json; charset=utf-8
host: localhost:63751
accept: */*

Response DefaultHttpResponse(decodeResult: success, version: HTTP/1.1)
HTTP/1.1 200 OK
Content-Type: application/json; charset=utf-8
cache-control: no-cache
content-length: 18

19:25:17.356 [AsyncHttpClient-1-2] DEBUG org.asynchttpclient.netty.channel.ChannelManager - Adding key: http://localhost:63751 for channel [id: 0x074035ae, L:/127.0.0.1:56601 - R:localhost/127.0.0.1:63751]
19:25:17.363 [Forwarding isElementEnabled on session 36b004e67a2d30bd3f551bc813550c8a to remote] DEBUG org.asynchttpclient.netty.request.NettyRequestSender - Using pooled Channel '[id: 0x074035ae, L:/127.0.0.1:56601 - R:localhost/127.0.0.1:63751]' for 'GET' to 'http://localhost:63751/session/36b004e67a2d30bd3f551bc813550c8a/element/4467dab1-6845-467d-98f4-5137ae68a410/enabled'
19:25:17.366 [Forwarding isElementEnabled on session 36b004e67a2d30bd3f551bc813550c8a to remote] DEBUG org.asynchttpclient.netty.request.NettyRequestSender - Using open Channel [id: 0x074035ae, L:/127.0.0.1:56601 - R:localhost/127.0.0.1:63751] for GET '/session/36b004e67a2d30bd3f551bc813550c8a/element/4467dab1-6845-467d-98f4-5137ae68a410/enabled'
19:25:17.382 [AsyncHttpClient-1-2] DEBUG org.asynchttpclient.netty.handler.HttpHandler - 

Request DefaultFullHttpRequest(decodeResult: success, version: HTTP/1.1, content: EmptyByteBufBE)
GET /session/36b004e67a2d30bd3f551bc813550c8a/element/4467dab1-6845-467d-98f4-5137ae68a410/enabled HTTP/1.1
User-Agent: selenium/4.1.2 (java windows)
Cache-Control: no-cache
Content-Type: application/json; charset=utf-8
host: localhost:63751
accept: */*

Response DefaultHttpResponse(decodeResult: success, version: HTTP/1.1)
HTTP/1.1 200 OK
Content-Type: application/json; charset=utf-8
cache-control: no-cache
content-length: 14

19:25:17.382 [AsyncHttpClient-1-2] DEBUG org.asynchttpclient.netty.channel.ChannelManager - Adding key: http://localhost:63751 for channel [id: 0x074035ae, L:/127.0.0.1:56601 - R:localhost/127.0.0.1:63751]
19:25:17.387 [Forwarding isElementEnabled on session 36b004e67a2d30bd3f551bc813550c8a to remote] DEBUG org.asynchttpclient.netty.request.NettyRequestSender - Using pooled Channel '[id: 0x074035ae, L:/127.0.0.1:56601 - R:localhost/127.0.0.1:63751]' for 'GET' to 'http://localhost:63751/session/36b004e67a2d30bd3f551bc813550c8a/element/4467dab1-6845-467d-98f4-5137ae68a410/enabled'
19:25:17.387 [Forwarding isElementEnabled on session 36b004e67a2d30bd3f551bc813550c8a to remote] DEBUG org.asynchttpclient.netty.request.NettyRequestSender - Using open Channel [id: 0x074035ae, L:/127.0.0.1:56601 - R:localhost/127.0.0.1:63751] for GET '/session/36b004e67a2d30bd3f551bc813550c8a/element/4467dab1-6845-467d-98f4-5137ae68a410/enabled'
19:25:17.397 [AsyncHttpClient-1-2] DEBUG org.asynchttpclient.netty.handler.HttpHandler - 

Request DefaultFullHttpRequest(decodeResult: success, version: HTTP/1.1, content: EmptyByteBufBE)
GET /session/36b004e67a2d30bd3f551bc813550c8a/element/4467dab1-6845-467d-98f4-5137ae68a410/enabled HTTP/1.1
User-Agent: selenium/4.1.2 (java windows)
Cache-Control: no-cache
Content-Type: application/json; charset=utf-8
host: localhost:63751
accept: */*

Response DefaultHttpResponse(decodeResult: success, version: HTTP/1.1)
HTTP/1.1 200 OK
Content-Type: application/json; charset=utf-8
cache-control: no-cache
content-length: 14

19:25:17.400 [AsyncHttpClient-1-2] DEBUG org.asynchttpclient.netty.channel.ChannelManager - Adding key: http://localhost:63751 for channel [id: 0x074035ae, L:/127.0.0.1:56601 - R:localhost/127.0.0.1:63751]
19:25:17.405 [Forwarding findElement on session 36b004e67a2d30bd3f551bc813550c8a to remote] DEBUG org.asynchttpclient.netty.request.NettyRequestSender - Using pooled Channel '[id: 0x074035ae, L:/127.0.0.1:56601 - R:localhost/127.0.0.1:63751]' for 'POST' to 'http://localhost:63751/session/36b004e67a2d30bd3f551bc813550c8a/element'
19:25:17.405 [Forwarding findElement on session 36b004e67a2d30bd3f551bc813550c8a to remote] DEBUG org.asynchttpclient.netty.request.NettyRequestSender - Using open Channel [id: 0x074035ae, L:/127.0.0.1:56601 - R:localhost/127.0.0.1:63751] for POST '/session/36b004e67a2d30bd3f551bc813550c8a/element'
19:25:17.417 [AsyncHttpClient-1-2] DEBUG org.asynchttpclient.netty.handler.HttpHandler - 

Request DefaultHttpRequest(decodeResult: success, version: HTTP/1.1)
POST /session/36b004e67a2d30bd3f551bc813550c8a/element HTTP/1.1
User-Agent: selenium/4.1.2 (java windows)
Content-Length: 72
Content-Type: application/json; charset=utf-8
host: localhost:63751
accept: */*

Response DefaultHttpResponse(decodeResult: success, version: HTTP/1.1)
HTTP/1.1 200 OK
Content-Type: application/json; charset=utf-8
cache-control: no-cache
content-length: 88

19:25:17.417 [AsyncHttpClient-1-2] DEBUG org.asynchttpclient.netty.channel.ChannelManager - Adding key: http://localhost:63751 for channel [id: 0x074035ae, L:/127.0.0.1:56601 - R:localhost/127.0.0.1:63751]
19:25:17.422 [Forwarding clickElement on session 36b004e67a2d30bd3f551bc813550c8a to remote] DEBUG org.asynchttpclient.netty.request.NettyRequestSender - Using pooled Channel '[id: 0x074035ae, L:/127.0.0.1:56601 - R:localhost/127.0.0.1:63751]' for 'POST' to 'http://localhost:63751/session/36b004e67a2d30bd3f551bc813550c8a/element/4467dab1-6845-467d-98f4-5137ae68a410/click'
19:25:17.422 [Forwarding clickElement on session 36b004e67a2d30bd3f551bc813550c8a to remote] DEBUG org.asynchttpclient.netty.request.NettyRequestSender - Using open Channel [id: 0x074035ae, L:/127.0.0.1:56601 - R:localhost/127.0.0.1:63751] for POST '/session/36b004e67a2d30bd3f551bc813550c8a/element/4467dab1-6845-467d-98f4-5137ae68a410/click'
19:25:17.490 [AsyncHttpClient-1-2] DEBUG org.asynchttpclient.netty.handler.HttpHandler - 

Request DefaultHttpRequest(decodeResult: success, version: HTTP/1.1)
POST /session/36b004e67a2d30bd3f551bc813550c8a/element/4467dab1-6845-467d-98f4-5137ae68a410/click HTTP/1.1
User-Agent: selenium/4.1.2 (java windows)
Content-Length: 50
Content-Type: application/json; charset=utf-8
host: localhost:63751
accept: */*

Response DefaultHttpResponse(decodeResult: success, version: HTTP/1.1)
HTTP/1.1 200 OK
Content-Type: application/json; charset=utf-8
cache-control: no-cache
content-length: 14

19:25:17.490 [AsyncHttpClient-1-2] DEBUG org.asynchttpclient.netty.channel.ChannelManager - Adding key: http://localhost:63751 for channel [id: 0x074035ae, L:/127.0.0.1:56601 - R:localhost/127.0.0.1:63751]
19:25:17.505 [Forwarding screenshot on session 36b004e67a2d30bd3f551bc813550c8a to remote] DEBUG org.asynchttpclient.netty.request.NettyRequestSender - Using pooled Channel '[id: 0x074035ae, L:/127.0.0.1:56601 - R:localhost/127.0.0.1:63751]' for 'GET' to 'http://localhost:63751/session/36b004e67a2d30bd3f551bc813550c8a/screenshot'
19:25:17.505 [Forwarding screenshot on session 36b004e67a2d30bd3f551bc813550c8a to remote] DEBUG org.asynchttpclient.netty.request.NettyRequestSender - Using open Channel [id: 0x074035ae, L:/127.0.0.1:56601 - R:localhost/127.0.0.1:63751] for GET '/session/36b004e67a2d30bd3f551bc813550c8a/screenshot'
19:25:17.953 [AsyncHttpClient-1-2] DEBUG org.asynchttpclient.netty.handler.HttpHandler - 

Request DefaultFullHttpRequest(decodeResult: success, version: HTTP/1.1, content: EmptyByteBufBE)
GET /session/36b004e67a2d30bd3f551bc813550c8a/screenshot HTTP/1.1
User-Agent: selenium/4.1.2 (java windows)
Cache-Control: no-cache
Content-Type: application/json; charset=utf-8
host: localhost:63751
accept: */*

Response DefaultHttpResponse(decodeResult: success, version: HTTP/1.1)
HTTP/1.1 200 OK
Content-Type: application/json; charset=utf-8
cache-control: no-cache
content-length: 49364

19:25:17.956 [AsyncHttpClient-1-2] DEBUG org.asynchttpclient.netty.channel.ChannelManager - Adding key: http://localhost:63751 for channel [id: 0x074035ae, L:/127.0.0.1:56601 - R:localhost/127.0.0.1:63751]
19:25:17.958 [main] DEBUG net.serenitybdd.core.photography.Darkroom - Send negative for processing for target\site\serenity\e85fc491d44010a80af8f303c462918ce4b96c7bf5b15b27b627291ff2f9757d.png
19:25:17.961 [main] DEBUG net.thucydides.core.steps.StepInterceptor - STEP DONE: clickLogin
19:25:17.961 [Darkroom Processing Line] DEBUG net.serenitybdd.core.photography.DarkroomProcessingLine - Processing screenshot image in /var/screenshots/screenshot-2589744245688425631
19:25:17.961 [Darkroom Processing Line] DEBUG net.serenitybdd.core.photography.DarkroomProcessingLine - Saving screenshot to target\site\serenity\e85fc491d44010a80af8f303c462918ce4b96c7bf5b15b27b627291ff2f9757d.png
  &amp#27;[32mAnd &amp#27;[0m&amp#27;[32mclick login button&amp#27;[0m                   &amp#27;[90m# starter.stepdefinitions.stepdefinition.clickLoginButton()&amp#27;[0m
19:25:17.994 [main] DEBUG net.thucydides.core.steps.StepInterceptor - STARTING STEP: stepdefinition.iGetThe - homePageAppear
19:25:18.000 [Forwarding findElement on session 36b004e67a2d30bd3f551bc813550c8a to remote] DEBUG org.asynchttpclient.netty.request.NettyRequestSender - Using pooled Channel '[id: 0x074035ae, L:/127.0.0.1:56601 - R:localhost/127.0.0.1:63751]' for 'POST' to 'http://localhost:63751/session/36b004e67a2d30bd3f551bc813550c8a/element'
19:25:18.000 [Forwarding findElement on session 36b004e67a2d30bd3f551bc813550c8a to remote] DEBUG org.asynchttpclient.netty.request.NettyRequestSender - Using open Channel [id: 0x074035ae, L:/127.0.0.1:56601 - R:localhost/127.0.0.1:63751] for POST '/session/36b004e67a2d30bd3f551bc813550c8a/element'
19:25:18.010 [AsyncHttpClient-1-2] DEBUG org.asynchttpclient.netty.handler.HttpHandler - 

Request DefaultHttpRequest(decodeResult: success, version: HTTP/1.1)
POST /session/36b004e67a2d30bd3f551bc813550c8a/element HTTP/1.1
User-Agent: selenium/4.1.2 (java windows)
Content-Length: 53
Content-Type: application/json; charset=utf-8
host: localhost:63751
accept: */*

Response DefaultHttpResponse(decodeResult: success, version: HTTP/1.1)
HTTP/1.1 400 Bad Request
Content-Type: application/json; charset=utf-8
cache-control: no-cache
content-length: 958

19:25:18.010 [AsyncHttpClient-1-2] DEBUG org.asynchttpclient.netty.channel.ChannelManager - Adding key: http://localhost:63751 for channel [id: 0x074035ae, L:/127.0.0.1:56601 - R:localhost/127.0.0.1:63751]
19:25:18.035 [Forwarding findElement on session 36b004e67a2d30bd3f551bc813550c8a to remote] DEBUG org.asynchttpclient.netty.request.NettyRequestSender - Using pooled Channel '[id: 0x074035ae, L:/127.0.0.1:56601 - R:localhost/127.0.0.1:63751]' for 'POST' to 'http://localhost:63751/session/36b004e67a2d30bd3f551bc813550c8a/element'
19:25:18.035 [Forwarding findElement on session 36b004e67a2d30bd3f551bc813550c8a to remote] DEBUG org.asynchttpclient.netty.request.NettyRequestSender - Using open Channel [id: 0x074035ae, L:/127.0.0.1:56601 - R:localhost/127.0.0.1:63751] for POST '/session/36b004e67a2d30bd3f551bc813550c8a/element'
19:25:18.060 [AsyncHttpClient-1-2] DEBUG org.asynchttpclient.netty.handler.HttpHandler - 

Request DefaultHttpRequest(decodeResult: success, version: HTTP/1.1)
POST /session/36b004e67a2d30bd3f551bc813550c8a/element HTTP/1.1
User-Agent: selenium/4.1.2 (java windows)
Content-Length: 63
Content-Type: application/json; charset=utf-8
host: localhost:63751
accept: */*

Response DefaultHttpResponse(decodeResult: success, version: HTTP/1.1)
HTTP/1.1 200 OK
Content-Type: application/json; charset=utf-8
cache-control: no-cache
content-length: 88

19:25:18.063 [AsyncHttpClient-1-2] DEBUG org.asynchttpclient.netty.channel.ChannelManager - Adding key: http://localhost:63751 for channel [id: 0x074035ae, L:/127.0.0.1:56601 - R:localhost/127.0.0.1:63751]
19:25:18.083 [Forwarding isElementDisplayed on session 36b004e67a2d30bd3f551bc813550c8a to remote] DEBUG org.asynchttpclient.netty.request.NettyRequestSender - Using pooled Channel '[id: 0x074035ae, L:/127.0.0.1:56601 - R:localhost/127.0.0.1:63751]' for 'POST' to 'http://localhost:63751/session/36b004e67a2d30bd3f551bc813550c8a/execute/sync'
19:25:18.083 [Forwarding isElementDisplayed on session 36b004e67a2d30bd3f551bc813550c8a to remote] DEBUG org.asynchttpclient.netty.request.NettyRequestSender - Using open Channel [id: 0x074035ae, L:/127.0.0.1:56601 - R:localhost/127.0.0.1:63751] for POST '/session/36b004e67a2d30bd3f551bc813550c8a/execute/sync'
19:25:18.408 [AsyncHttpClient-1-1] DEBUG org.asynchttpclient.netty.channel.DefaultChannelPool - Entry count for : http://localhost:56602 : 1
19:25:18.565 [AsyncHttpClient-1-2] DEBUG org.asynchttpclient.netty.handler.HttpHandler - 

Request DefaultHttpRequest(decodeResult: success, version: HTTP/1.1)
POST /session/36b004e67a2d30bd3f551bc813550c8a/execute/sync HTTP/1.1
User-Agent: selenium/4.1.2 (java windows)
Content-Length: 48780
Content-Type: application/json; charset=utf-8
host: localhost:63751
accept: */*

Response DefaultHttpResponse(decodeResult: success, version: HTTP/1.1)
HTTP/1.1 200 OK
Content-Type: application/json; charset=utf-8
cache-control: no-cache
content-length: 14

19:25:18.565 [AsyncHttpClient-1-2] DEBUG org.asynchttpclient.netty.channel.ChannelManager - Adding key: http://localhost:63751 for channel [id: 0x074035ae, L:/127.0.0.1:56601 - R:localhost/127.0.0.1:63751]
19:25:18.582 [Forwarding screenshot on session 36b004e67a2d30bd3f551bc813550c8a to remote] DEBUG org.asynchttpclient.netty.request.NettyRequestSender - Using pooled Channel '[id: 0x074035ae, L:/127.0.0.1:56601 - R:localhost/127.0.0.1:63751]' for 'GET' to 'http://localhost:63751/session/36b004e67a2d30bd3f551bc813550c8a/screenshot'
19:25:18.582 [Forwarding screenshot on session 36b004e67a2d30bd3f551bc813550c8a to remote] DEBUG org.asynchttpclient.netty.request.NettyRequestSender - Using open Channel [id: 0x074035ae, L:/127.0.0.1:56601 - R:localhost/127.0.0.1:63751] for GET '/session/36b004e67a2d30bd3f551bc813550c8a/screenshot'
19:25:18.835 [AsyncHttpClient-1-2] DEBUG org.asynchttpclient.netty.handler.HttpHandler - 

Request DefaultFullHttpRequest(decodeResult: success, version: HTTP/1.1, content: EmptyByteBufBE)
GET /session/36b004e67a2d30bd3f551bc813550c8a/screenshot HTTP/1.1
User-Agent: selenium/4.1.2 (java windows)
Cache-Control: no-cache
Content-Type: application/json; charset=utf-8
host: localhost:63751
accept: */*

Response DefaultHttpResponse(decodeResult: success, version: HTTP/1.1)
HTTP/1.1 200 OK
Content-Type: application/json; charset=utf-8
cache-control: no-cache
content-length: 50776

19:25:18.838 [AsyncHttpClient-1-2] DEBUG org.asynchttpclient.netty.channel.ChannelManager - Adding key: http://localhost:63751 for channel [id: 0x074035ae, L:/127.0.0.1:56601 - R:localhost/127.0.0.1:63751]
19:25:18.845 [main] DEBUG net.serenitybdd.core.photography.Darkroom - Send negative for processing for target\site\serenity\017f42a27c6f40f9077e00ebc2617dae67674d6e7204618586ecb0ff960261e9.png
19:25:18.845 [main] DEBUG net.thucydides.core.steps.StepInterceptor - STEP DONE: homePageAppear
19:25:18.845 [Darkroom Processing Line] DEBUG net.serenitybdd.core.photography.DarkroomProcessingLine - Processing screenshot image in /var/screenshots/screenshot-8496029170674133085
19:25:18.845 [Darkroom Processing Line] DEBUG net.serenitybdd.core.photography.DarkroomProcessingLine - Saving screenshot to target\site\serenity\017f42a27c6f40f9077e00ebc2617dae67674d6e7204618586ecb0ff960261e9.png
  &amp#27;[32mThen &amp#27;[0m&amp#27;[32mi get the &amp#27;[0m&amp#27;[32m&amp#27;[1m"home page"&amp#27;[0m               &amp#27;[90m# starter.stepdefinitions.stepdefinition.iGetThe(java.lang.String)&amp#27;[0m
19:25:19.138 [AsyncHttpClient-1-4] DEBUG org.asynchttpclient.netty.handler.WebSocketHandler - Channel Closed: [id: 0x692dcd43, L:/127.0.0.1:56617 ! R:localhost/127.0.0.1:56602] with attribute NettyResponseFuture{currentRetry=5,
	isDone=1,
	isCancelled=0,
	asyncHandler=org.asynchttpclient.ws.WebSocketUpgradeHandler@a75ba77,
	nettyRequest=org.asynchttpclient.netty.request.NettyRequest@31f7e499,
	future=java.util.concurrent.CompletableFuture@c22a978[Completed normally],
	uri=ws://localhost:56602/devtools/browser/67378fb2-4835-4001-a947-e1608f8d4a3e,
	keepAlive=true,
	redirectCount=0,
	timeoutsHolder=null,
	inAuth=0,
	touch=1651321510280}
19:25:19.141 [AsyncHttpClient-1-4] DEBUG org.asynchttpclient.netty.channel.ChannelManager - Closing Channel [id: 0x692dcd43, L:/127.0.0.1:56617 ! R:localhost/127.0.0.1:56602] 
19:25:19.148 [Driver Command Executor] DEBUG org.asynchttpclient.netty.request.NettyRequestSender - Using pooled Channel '[id: 0x074035ae, L:/127.0.0.1:56601 - R:localhost/127.0.0.1:63751]' for 'DELETE' to 'http://localhost:63751/session/36b004e67a2d30bd3f551bc813550c8a'
19:25:19.151 [Driver Command Executor] DEBUG org.asynchttpclient.netty.request.NettyRequestSender - Using open Channel [id: 0x074035ae, L:/127.0.0.1:56601 - R:localhost/127.0.0.1:63751] for DELETE '/session/36b004e67a2d30bd3f551bc813550c8a'
19:25:19.505 [AsyncHttpClient-1-3] DEBUG org.asynchttpclient.netty.handler.HttpHandler - Unexpected I/O exception on channel [id: 0x1c7aa07d, L:/127.0.0.1:56616 - R:localhost/127.0.0.1:56602]
java.net.SocketException: Connection reset
	at java.base/sun.nio.ch.SocketChannelImpl.throwConnectionReset(SocketChannelImpl.java:367)
	at java.base/sun.nio.ch.SocketChannelImpl.read(SocketChannelImpl.java:398)
	at io.netty.buffer.PooledByteBuf.setBytes(PooledByteBuf.java:258)
	at io.netty.buffer.AbstractByteBuf.writeBytes(AbstractByteBuf.java:1132)
	at io.netty.channel.socket.nio.NioSocketChannel.doReadBytes(NioSocketChannel.java:350)
	at io.netty.channel.nio.AbstractNioByteChannel$NioByteUnsafe.read(AbstractNioByteChannel.java:151)
	at io.netty.channel.nio.NioEventLoop.processSelectedKey(NioEventLoop.java:722)
	at io.netty.channel.nio.NioEventLoop.processSelectedKeysOptimized(NioEventLoop.java:658)
	at io.netty.channel.nio.NioEventLoop.processSelectedKeys(NioEventLoop.java:584)
	at io.netty.channel.nio.NioEventLoop.run(NioEventLoop.java:496)
	at io.netty.util.concurrent.SingleThreadEventExecutor$4.run(SingleThreadEventExecutor.java:986)
	at io.netty.util.internal.ThreadExecutorMap$2.run(ThreadExecutorMap.java:74)
	at io.netty.util.concurrent.FastThreadLocalRunnable.run(FastThreadLocalRunnable.java:30)
	at java.base/java.lang.Thread.run(Thread.java:832)
19:25:19.505 [AsyncHttpClient-1-3] DEBUG org.asynchttpclient.netty.channel.ChannelManager - Closing Channel [id: 0x1c7aa07d, L:/127.0.0.1:56616 - R:localhost/127.0.0.1:56602] 
19:25:19.510 [AsyncHttpClient-1-1] DEBUG org.asynchttpclient.netty.channel.DefaultChannelPool - Entry count for : http://localhost:56602 : 1
19:25:19.510 [AsyncHttpClient-1-1] DEBUG org.asynchttpclient.netty.channel.DefaultChannelPool - Adding Candidate expired Channel [id: 0x1c7aa07d, L:/127.0.0.1:56616 ! R:localhost/127.0.0.1:56602] isIdleTimeoutExpired=false isRemotelyClosed=true isTtlExpired=false
19:25:19.510 [AsyncHttpClient-1-1] DEBUG org.asynchttpclient.netty.channel.DefaultChannelPool - Closing Idle Channel [id: 0x1c7aa07d, L:/127.0.0.1:56616 ! R:localhost/127.0.0.1:56602]
19:25:19.510 [AsyncHttpClient-1-3] DEBUG org.asynchttpclient.netty.handler.HttpHandler - Channel Closed: [id: 0x1c7aa07d, L:/127.0.0.1:56616 ! R:localhost/127.0.0.1:56602] with attribute DISCARD
19:25:19.510 [AsyncHttpClient-1-1] DEBUG org.asynchttpclient.netty.channel.DefaultChannelPool - Closed 1 connections out of 1 in 0 ms
19:25:19.563 [AsyncHttpClient-1-2] DEBUG org.asynchttpclient.netty.handler.HttpHandler - 

Request DefaultFullHttpRequest(decodeResult: success, version: HTTP/1.1, content: EmptyByteBufBE)
DELETE /session/36b004e67a2d30bd3f551bc813550c8a HTTP/1.1
User-Agent: selenium/4.1.2 (java windows)
Content-Type: application/json; charset=utf-8
host: localhost:63751
accept: */*

Response DefaultHttpResponse(decodeResult: success, version: HTTP/1.1)
HTTP/1.1 200 OK
Content-Type: application/json; charset=utf-8
cache-control: no-cache
content-length: 14

19:25:19.565 [AsyncHttpClient-1-2] DEBUG org.asynchttpclient.netty.channel.ChannelManager - Adding key: http://localhost:63751 for channel [id: 0x074035ae, L:/127.0.0.1:56601 - R:localhost/127.0.0.1:63751]
19:25:20.596 [AsyncHttpClient-1-2] DEBUG org.asynchttpclient.netty.handler.HttpHandler - Unexpected I/O exception on channel [id: 0x074035ae, L:/127.0.0.1:56601 - R:localhost/127.0.0.1:63751]
java.net.SocketException: Connection reset
	at java.base/sun.nio.ch.SocketChannelImpl.throwConnectionReset(SocketChannelImpl.java:367)
	at java.base/sun.nio.ch.SocketChannelImpl.read(SocketChannelImpl.java:398)
	at io.netty.buffer.PooledByteBuf.setBytes(PooledByteBuf.java:258)
	at io.netty.buffer.AbstractByteBuf.writeBytes(AbstractByteBuf.java:1132)
	at io.netty.channel.socket.nio.NioSocketChannel.doReadBytes(NioSocketChannel.java:350)
	at io.netty.channel.nio.AbstractNioByteChannel$NioByteUnsafe.read(AbstractNioByteChannel.java:151)
	at io.netty.channel.nio.NioEventLoop.processSelectedKey(NioEventLoop.java:722)
	at io.netty.channel.nio.NioEventLoop.processSelectedKeysOptimized(NioEventLoop.java:658)
	at io.netty.channel.nio.NioEventLoop.processSelectedKeys(NioEventLoop.java:584)
	at io.netty.channel.nio.NioEventLoop.run(NioEventLoop.java:496)
	at io.netty.util.concurrent.SingleThreadEventExecutor$4.run(SingleThreadEventExecutor.java:986)
	at io.netty.util.internal.ThreadExecutorMap$2.run(ThreadExecutorMap.java:74)
	at io.netty.util.concurrent.FastThreadLocalRunnable.run(FastThreadLocalRunnable.java:30)
	at java.base/java.lang.Thread.run(Thread.java:832)
19:25:20.596 [AsyncHttpClient-1-2] DEBUG org.asynchttpclient.netty.channel.ChannelManager - Closing Channel [id: 0x074035ae, L:/127.0.0.1:56601 - R:localhost/127.0.0.1:63751] 
19:25:20.596 [AsyncHttpClient-1-2] DEBUG org.asynchttpclient.netty.handler.HttpHandler - Channel Closed: [id: 0x074035ae, L:/127.0.0.1:56601 ! R:localhost/127.0.0.1:63751] with attribute DISCARD
19:25:20.608 [AsyncHttpClient-1-1] DEBUG org.asynchttpclient.netty.channel.DefaultChannelPool - Entry count for : http://localhost:63751 : 1
19:25:20.608 [AsyncHttpClient-1-1] DEBUG org.asynchttpclient.netty.channel.DefaultChannelPool - Adding Candidate expired Channel [id: 0x074035ae, L:/127.0.0.1:56601 ! R:localhost/127.0.0.1:63751] isIdleTimeoutExpired=false isRemotelyClosed=true isTtlExpired=false
19:25:20.608 [AsyncHttpClient-1-1] DEBUG org.asynchttpclient.netty.channel.DefaultChannelPool - Closing Idle Channel [id: 0x074035ae, L:/127.0.0.1:56601 ! R:localhost/127.0.0.1:63751]
19:25:20.608 [AsyncHttpClient-1-1] DEBUG org.asynchttpclient.netty.channel.DefaultChannelPool - Closed 1 connections out of 1 in 0 ms
19:25:20.651 [main] INFO  - 
  _____   ___   ___   _____     ___     _     ___   ___   ___   ___  
 |_   _| | __| / __| |_   _|   | _ \   /_\   / __| / __| | __| |   \ 
   | |   | _|  \__ \   | |     |  _/  / _ \  \__ \ \__ \ | _|  | |) |
   |_|   |___| |___/   |_|     |_|   /_/ \_\ |___/ |___/ |___| |___/ 

Login scenario
----------------------------------------------------------------------
]]></system-out>
    <system-err><![CDATA[Starting ChromeDriver 100.0.4896.60 (6a5d10861ce8de5fce22564658033b43cb7de047-refs/branch-heads/4896@{#875}) on port 63751
Only local connections are allowed.
Please see https://chromedriver.chromium.org/security-considerations for suggestions on keeping ChromeDriver safe.
ChromeDriver was started successfully.
Apr 30, 2022 7:25:10 PM org.openqa.selenium.remote.ProtocolHandshake createSession
INFO: Detected dialect: W3C
Apr 30, 2022 7:25:10 PM org.openqa.selenium.devtools.CdpVersionFinder findNearestMatch
WARNING: Unable to find an exact match for CDP version 100, so returning the closest version found: 97
Apr 30, 2022 7:25:10 PM org.openqa.selenium.devtools.CdpVersionFinder findNearestMatch
INFO: Found CDP implementation for version 100 of 97
]]></system-err>
  </testcase>
  <testcase name="Login scenario #2" classname="Login" time="12.791">
    <system-out><![CDATA[
@DDT
Scenario Outline: Login scenario           &amp#27;[90m# src/test/resources/features/login.feature:18&amp#27;[0m
19:25:20.691 [main] INFO io.cucumber.core.plugin.SerenityReporter - Running feature from file:///D:/PERKULIAHAN/Semester%206,Hebatt%20glad!/Altera/QE_Gladys-Cindana-Asri-Pardosi/Mini-Project/Web/src/test/resources/features/login.feature
19:25:20.776 [main] DEBUG net.thucydides.core.steps.StepInterceptor - STARTING STEP: stepdefinition.iAmOnLoginPage - openUrl
19:25:20.781 [main] INFO net.serenitybdd.core.webdriver.driverproviders.ChromeDriverProvider - Using automatically driver download
19:25:20.993 [main] DEBUG io.github.bonigarcia.wdm.cache.ResolutionCache - Resolution chrome=100 in cache (valid until 19:49:42 30/04/2022 WIB)
19:25:21.010 [main] DEBUG io.github.bonigarcia.wdm.cache.ResolutionCache - Resolution chrome100=100.0.4896.60 in cache (valid until 18:49:42 01/05/2022 WIB)
19:25:21.020 [main] INFO io.github.bonigarcia.wdm.WebDriverManager - Using chromedriver 100.0.4896.60 (resolved driver for Chrome 100)
19:25:21.061 [main] DEBUG io.github.bonigarcia.wdm.WebDriverManager - Driver chromedriver 100.0.4896.60 found in cache
19:25:21.064 [main] INFO io.github.bonigarcia.wdm.WebDriverManager - Exporting webdriver.chrome.driver as C:\Users\ASUS\.cache\selenium\chromedriver\win32\100.0.4896.60\chromedriver.exe
19:25:21.299 [main] DEBUG net.serenitybdd.core.webdriver.driverproviders.ProvideNewDriver - Instantiating driver
19:25:21.299 [main] DEBUG net.serenitybdd.core.webdriver.driverproviders.ProvideNewDriver - Driver capabilities: Capabilities {acceptInsecureCerts: false, base.url: , browserName: chrome, goog:chromeOptions: {args: [], extensions: []}}
19:25:21.867 [AsyncHttpClient-1-5] DEBUG org.asynchttpclient.netty.channel.NettyConnectListener - Using new Channel '[id: 0xd32012c8, L:/127.0.0.1:56646 - R:localhost/127.0.0.1:54212]' for 'POST' to '/session'
19:25:23.422 [AsyncHttpClient-1-5] DEBUG org.asynchttpclient.netty.handler.HttpHandler - 

Request DefaultHttpRequest(decodeResult: success, version: HTTP/1.1)
POST /session HTTP/1.1
User-Agent: selenium/4.1.2 (java windows)
Content-Length: 457
Content-Type: application/json; charset=utf-8
host: localhost:54212
accept: */*

Response DefaultHttpResponse(decodeResult: success, version: HTTP/1.1)
HTTP/1.1 200 OK
Content-Type: application/json; charset=utf-8
cache-control: no-cache
content-length: 789

19:25:23.424 [AsyncHttpClient-1-5] DEBUG org.asynchttpclient.netty.channel.ChannelManager - Adding key: http://localhost:54212 for channel [id: 0xd32012c8, L:/127.0.0.1:56646 - R:localhost/127.0.0.1:54212]
19:25:23.452 [AsyncHttpClient-1-6] DEBUG org.asynchttpclient.netty.channel.NettyConnectListener - Using new Channel '[id: 0x4503193e, L:/127.0.0.1:56655 - R:localhost/127.0.0.1:56647]' for 'GET' to '/json/version'
19:25:23.481 [AsyncHttpClient-1-6] DEBUG org.asynchttpclient.netty.handler.HttpHandler - 

Request DefaultFullHttpRequest(decodeResult: success, version: HTTP/1.1, content: EmptyByteBufBE)
GET /json/version HTTP/1.1
User-Agent: selenium/4.1.2 (java windows)
host: localhost:56647
accept: */*

Response DefaultHttpResponse(decodeResult: success, version: HTTP/1.1)
HTTP/1.1 200 OK
Content-Type: application/json; charset=UTF-8
content-length: 429

19:25:23.482 [AsyncHttpClient-1-6] DEBUG org.asynchttpclient.netty.channel.ChannelManager - Adding key: http://localhost:56647 for channel [id: 0x4503193e, L:/127.0.0.1:56655 - R:localhost/127.0.0.1:56647]
19:25:23.519 [AsyncHttpClient-1-7] DEBUG org.asynchttpclient.netty.channel.NettyConnectListener - Using new Channel '[id: 0x1efd3387, L:/127.0.0.1:56656 - R:localhost/127.0.0.1:56647]' for 'GET' to '/devtools/browser/cee768be-7c27-4521-93d6-7efb2e3a4f73'
19:25:23.559 [AsyncHttpClient-1-7] DEBUG org.asynchttpclient.netty.handler.WebSocketHandler - 

Request DefaultFullHttpRequest(decodeResult: success, version: HTTP/1.1, content: EmptyByteBufBE)
GET /devtools/browser/cee768be-7c27-4521-93d6-7efb2e3a4f73 HTTP/1.1
upgrade: websocket
connection: upgrade
sec-websocket-key: f18WWtU6kglOoE5AOeS7WQ==
sec-websocket-version: 13
origin: http://localhost:56647
host: localhost:56647
accept: */*
user-agent: AHC/2.1

Response DefaultHttpResponse(decodeResult: success, version: HTTP/1.1)
HTTP/1.1 101 WebSocket Protocol Handshake
Upgrade: WebSocket
Connection: Upgrade
Sec-WebSocket-Accept: mpNBoz7K35A5Brl1sWVbn/ZhEM8=

19:25:23.579 [Forwarding get on session f55013250e1b04b857a8c466af3c77ff to remote] DEBUG org.asynchttpclient.netty.request.NettyRequestSender - Using pooled Channel '[id: 0xd32012c8, L:/127.0.0.1:56646 - R:localhost/127.0.0.1:54212]' for 'POST' to 'http://localhost:54212/session/f55013250e1b04b857a8c466af3c77ff/url'
19:25:23.582 [Forwarding get on session f55013250e1b04b857a8c466af3c77ff to remote] DEBUG org.asynchttpclient.netty.request.NettyRequestSender - Using open Channel [id: 0xd32012c8, L:/127.0.0.1:56646 - R:localhost/127.0.0.1:54212] for POST '/session/f55013250e1b04b857a8c466af3c77ff/url'
19:25:23.909 [AsyncHttpClient-1-1] DEBUG org.asynchttpclient.netty.channel.DefaultChannelPool - Entry count for : http://localhost:56647 : 1
19:25:25.011 [AsyncHttpClient-1-1] DEBUG org.asynchttpclient.netty.channel.DefaultChannelPool - Entry count for : http://localhost:56647 : 1
19:25:26.111 [AsyncHttpClient-1-1] DEBUG org.asynchttpclient.netty.channel.DefaultChannelPool - Entry count for : http://localhost:56647 : 1
19:25:27.210 [AsyncHttpClient-1-1] DEBUG org.asynchttpclient.netty.channel.DefaultChannelPool - Entry count for : http://localhost:56647 : 1
19:25:27.868 [AsyncHttpClient-1-5] DEBUG org.asynchttpclient.netty.handler.HttpHandler - 

Request DefaultHttpRequest(decodeResult: success, version: HTTP/1.1)
POST /session/f55013250e1b04b857a8c466af3c77ff/url HTTP/1.1
User-Agent: selenium/4.1.2 (java windows)
Content-Length: 49
Content-Type: application/json; charset=utf-8
host: localhost:54212
accept: */*

Response DefaultHttpResponse(decodeResult: success, version: HTTP/1.1)
HTTP/1.1 200 OK
Content-Type: application/json; charset=utf-8
cache-control: no-cache
content-length: 14

19:25:27.868 [AsyncHttpClient-1-5] DEBUG org.asynchttpclient.netty.channel.ChannelManager - Adding key: http://localhost:54212 for channel [id: 0xd32012c8, L:/127.0.0.1:56646 - R:localhost/127.0.0.1:54212]
19:25:27.876 [Forwarding setTimeout on session f55013250e1b04b857a8c466af3c77ff to remote] DEBUG org.asynchttpclient.netty.request.NettyRequestSender - Using pooled Channel '[id: 0xd32012c8, L:/127.0.0.1:56646 - R:localhost/127.0.0.1:54212]' for 'POST' to 'http://localhost:54212/session/f55013250e1b04b857a8c466af3c77ff/timeouts'
19:25:27.876 [Forwarding setTimeout on session f55013250e1b04b857a8c466af3c77ff to remote] DEBUG org.asynchttpclient.netty.request.NettyRequestSender - Using open Channel [id: 0xd32012c8, L:/127.0.0.1:56646 - R:localhost/127.0.0.1:54212] for POST '/session/f55013250e1b04b857a8c466af3c77ff/timeouts'
19:25:27.881 [AsyncHttpClient-1-5] DEBUG org.asynchttpclient.netty.handler.HttpHandler - 

Request DefaultHttpRequest(decodeResult: success, version: HTTP/1.1)
POST /session/f55013250e1b04b857a8c466af3c77ff/timeouts HTTP/1.1
User-Agent: selenium/4.1.2 (java windows)
Content-Length: 22
Content-Type: application/json; charset=utf-8
host: localhost:54212
accept: */*

Response DefaultHttpResponse(decodeResult: success, version: HTTP/1.1)
HTTP/1.1 200 OK
Content-Type: application/json; charset=utf-8
cache-control: no-cache
content-length: 14

19:25:27.881 [AsyncHttpClient-1-5] DEBUG org.asynchttpclient.netty.channel.ChannelManager - Adding key: http://localhost:54212 for channel [id: 0xd32012c8, L:/127.0.0.1:56646 - R:localhost/127.0.0.1:54212]
19:25:27.893 [Forwarding getCurrentUrl on session f55013250e1b04b857a8c466af3c77ff to remote] DEBUG org.asynchttpclient.netty.request.NettyRequestSender - Using pooled Channel '[id: 0xd32012c8, L:/127.0.0.1:56646 - R:localhost/127.0.0.1:54212]' for 'GET' to 'http://localhost:54212/session/f55013250e1b04b857a8c466af3c77ff/url'
19:25:27.893 [Forwarding getCurrentUrl on session f55013250e1b04b857a8c466af3c77ff to remote] DEBUG org.asynchttpclient.netty.request.NettyRequestSender - Using open Channel [id: 0xd32012c8, L:/127.0.0.1:56646 - R:localhost/127.0.0.1:54212] for GET '/session/f55013250e1b04b857a8c466af3c77ff/url'
19:25:27.903 [AsyncHttpClient-1-5] DEBUG org.asynchttpclient.netty.handler.HttpHandler - 

Request DefaultFullHttpRequest(decodeResult: success, version: HTTP/1.1, content: EmptyByteBufBE)
GET /session/f55013250e1b04b857a8c466af3c77ff/url HTTP/1.1
User-Agent: selenium/4.1.2 (java windows)
Cache-Control: no-cache
Content-Type: application/json; charset=utf-8
host: localhost:54212
accept: */*

Response DefaultHttpResponse(decodeResult: success, version: HTTP/1.1)
HTTP/1.1 200 OK
Content-Type: application/json; charset=utf-8
cache-control: no-cache
content-length: 31

19:25:27.903 [AsyncHttpClient-1-5] DEBUG org.asynchttpclient.netty.channel.ChannelManager - Adding key: http://localhost:54212 for channel [id: 0xd32012c8, L:/127.0.0.1:56646 - R:localhost/127.0.0.1:54212]
19:25:27.917 [Forwarding screenshot on session f55013250e1b04b857a8c466af3c77ff to remote] DEBUG org.asynchttpclient.netty.request.NettyRequestSender - Using pooled Channel '[id: 0xd32012c8, L:/127.0.0.1:56646 - R:localhost/127.0.0.1:54212]' for 'GET' to 'http://localhost:54212/session/f55013250e1b04b857a8c466af3c77ff/screenshot'
19:25:27.917 [Forwarding screenshot on session f55013250e1b04b857a8c466af3c77ff to remote] DEBUG org.asynchttpclient.netty.request.NettyRequestSender - Using open Channel [id: 0xd32012c8, L:/127.0.0.1:56646 - R:localhost/127.0.0.1:54212] for GET '/session/f55013250e1b04b857a8c466af3c77ff/screenshot'
19:25:28.310 [AsyncHttpClient-1-1] DEBUG org.asynchttpclient.netty.channel.DefaultChannelPool - Entry count for : http://localhost:56647 : 1
19:25:29.119 [AsyncHttpClient-1-5] DEBUG org.asynchttpclient.netty.handler.HttpHandler - 

Request DefaultFullHttpRequest(decodeResult: success, version: HTTP/1.1, content: EmptyByteBufBE)
GET /session/f55013250e1b04b857a8c466af3c77ff/screenshot HTTP/1.1
User-Agent: selenium/4.1.2 (java windows)
Cache-Control: no-cache
Content-Type: application/json; charset=utf-8
host: localhost:54212
accept: */*

Response DefaultHttpResponse(decodeResult: success, version: HTTP/1.1)
HTTP/1.1 200 OK
Content-Type: application/json; charset=utf-8
cache-control: no-cache
content-length: 49788

19:25:29.121 [AsyncHttpClient-1-5] DEBUG org.asynchttpclient.netty.channel.ChannelManager - Adding key: http://localhost:54212 for channel [id: 0xd32012c8, L:/127.0.0.1:56646 - R:localhost/127.0.0.1:54212]
19:25:29.126 [main] DEBUG net.serenitybdd.core.photography.Darkroom - Send negative for processing for target\site\serenity\e6a63c95d3bdf56a788b726a2a4cb3add5c6ed242822e36dd69a8dc52fd32436.png
19:25:29.126 [main] DEBUG net.thucydides.core.steps.StepInterceptor - STEP DONE: openUrl
19:25:29.141 [main] DEBUG net.thucydides.core.steps.StepInterceptor - STARTING STEP: stepdefinition.iAmOnLoginPage - clickIconLogin
19:25:29.149 [Forwarding findElement on session f55013250e1b04b857a8c466af3c77ff to remote] DEBUG org.asynchttpclient.netty.request.NettyRequestSender - Using pooled Channel '[id: 0xd32012c8, L:/127.0.0.1:56646 - R:localhost/127.0.0.1:54212]' for 'POST' to 'http://localhost:54212/session/f55013250e1b04b857a8c466af3c77ff/element'
19:25:29.149 [Forwarding findElement on session f55013250e1b04b857a8c466af3c77ff to remote] DEBUG org.asynchttpclient.netty.request.NettyRequestSender - Using open Channel [id: 0xd32012c8, L:/127.0.0.1:56646 - R:localhost/127.0.0.1:54212] for POST '/session/f55013250e1b04b857a8c466af3c77ff/element'
19:25:29.174 [AsyncHttpClient-1-5] DEBUG org.asynchttpclient.netty.handler.HttpHandler - 

Request DefaultHttpRequest(decodeResult: success, version: HTTP/1.1)
POST /session/f55013250e1b04b857a8c466af3c77ff/element HTTP/1.1
User-Agent: selenium/4.1.2 (java windows)
Content-Length: 170
Content-Type: application/json; charset=utf-8
host: localhost:54212
accept: */*

Response DefaultHttpResponse(decodeResult: success, version: HTTP/1.1)
HTTP/1.1 200 OK
Content-Type: application/json; charset=utf-8
cache-control: no-cache
content-length: 88

19:25:29.176 [AsyncHttpClient-1-5] DEBUG org.asynchttpclient.netty.channel.ChannelManager - Adding key: http://localhost:54212 for channel [id: 0xd32012c8, L:/127.0.0.1:56646 - R:localhost/127.0.0.1:54212]
19:25:29.181 [Forwarding getElementTagName on session f55013250e1b04b857a8c466af3c77ff to remote] DEBUG org.asynchttpclient.netty.request.NettyRequestSender - Using pooled Channel '[id: 0xd32012c8, L:/127.0.0.1:56646 - R:localhost/127.0.0.1:54212]' for 'GET' to 'http://localhost:54212/session/f55013250e1b04b857a8c466af3c77ff/element/eda97347-724f-4cff-b696-ccec0a870f88/name'
19:25:29.181 [Forwarding getElementTagName on session f55013250e1b04b857a8c466af3c77ff to remote] DEBUG org.asynchttpclient.netty.request.NettyRequestSender - Using open Channel [id: 0xd32012c8, L:/127.0.0.1:56646 - R:localhost/127.0.0.1:54212] for GET '/session/f55013250e1b04b857a8c466af3c77ff/element/eda97347-724f-4cff-b696-ccec0a870f88/name'
19:25:29.191 [AsyncHttpClient-1-5] DEBUG org.asynchttpclient.netty.handler.HttpHandler - 

Request DefaultFullHttpRequest(decodeResult: success, version: HTTP/1.1, content: EmptyByteBufBE)
GET /session/f55013250e1b04b857a8c466af3c77ff/element/eda97347-724f-4cff-b696-ccec0a870f88/name HTTP/1.1
User-Agent: selenium/4.1.2 (java windows)
Cache-Control: no-cache
Content-Type: application/json; charset=utf-8
host: localhost:54212
accept: */*

Response DefaultHttpResponse(decodeResult: success, version: HTTP/1.1)
HTTP/1.1 200 OK
Content-Type: application/json; charset=utf-8
cache-control: no-cache
content-length: 13

19:25:29.194 [AsyncHttpClient-1-5] DEBUG org.asynchttpclient.netty.channel.ChannelManager - Adding key: http://localhost:54212 for channel [id: 0xd32012c8, L:/127.0.0.1:56646 - R:localhost/127.0.0.1:54212]
19:25:29.199 [Forwarding getElementTagName on session f55013250e1b04b857a8c466af3c77ff to remote] DEBUG org.asynchttpclient.netty.request.NettyRequestSender - Using pooled Channel '[id: 0xd32012c8, L:/127.0.0.1:56646 - R:localhost/127.0.0.1:54212]' for 'GET' to 'http://localhost:54212/session/f55013250e1b04b857a8c466af3c77ff/element/eda97347-724f-4cff-b696-ccec0a870f88/name'
19:25:29.199 [Forwarding getElementTagName on session f55013250e1b04b857a8c466af3c77ff to remote] DEBUG org.asynchttpclient.netty.request.NettyRequestSender - Using open Channel [id: 0xd32012c8, L:/127.0.0.1:56646 - R:localhost/127.0.0.1:54212] for GET '/session/f55013250e1b04b857a8c466af3c77ff/element/eda97347-724f-4cff-b696-ccec0a870f88/name'
19:25:29.210 [AsyncHttpClient-1-5] DEBUG org.asynchttpclient.netty.handler.HttpHandler - 

Request DefaultFullHttpRequest(decodeResult: success, version: HTTP/1.1, content: EmptyByteBufBE)
GET /session/f55013250e1b04b857a8c466af3c77ff/element/eda97347-724f-4cff-b696-ccec0a870f88/name HTTP/1.1
User-Agent: selenium/4.1.2 (java windows)
Cache-Control: no-cache
Content-Type: application/json; charset=utf-8
host: localhost:54212
accept: */*

Response DefaultHttpResponse(decodeResult: success, version: HTTP/1.1)
HTTP/1.1 200 OK
Content-Type: application/json; charset=utf-8
cache-control: no-cache
content-length: 13

19:25:29.211 [AsyncHttpClient-1-5] DEBUG org.asynchttpclient.netty.channel.ChannelManager - Adding key: http://localhost:54212 for channel [id: 0xd32012c8, L:/127.0.0.1:56646 - R:localhost/127.0.0.1:54212]
19:25:29.216 [Forwarding findElement on session f55013250e1b04b857a8c466af3c77ff to remote] DEBUG org.asynchttpclient.netty.request.NettyRequestSender - Using pooled Channel '[id: 0xd32012c8, L:/127.0.0.1:56646 - R:localhost/127.0.0.1:54212]' for 'POST' to 'http://localhost:54212/session/f55013250e1b04b857a8c466af3c77ff/element'
19:25:29.218 [Forwarding findElement on session f55013250e1b04b857a8c466af3c77ff to remote] DEBUG org.asynchttpclient.netty.request.NettyRequestSender - Using open Channel [id: 0xd32012c8, L:/127.0.0.1:56646 - R:localhost/127.0.0.1:54212] for POST '/session/f55013250e1b04b857a8c466af3c77ff/element'
19:25:29.238 [AsyncHttpClient-1-5] DEBUG org.asynchttpclient.netty.handler.HttpHandler - 

Request DefaultHttpRequest(decodeResult: success, version: HTTP/1.1)
POST /session/f55013250e1b04b857a8c466af3c77ff/element HTTP/1.1
User-Agent: selenium/4.1.2 (java windows)
Content-Length: 170
Content-Type: application/json; charset=utf-8
host: localhost:54212
accept: */*

Response DefaultHttpResponse(decodeResult: success, version: HTTP/1.1)
HTTP/1.1 200 OK
Content-Type: application/json; charset=utf-8
cache-control: no-cache
content-length: 88

19:25:29.238 [AsyncHttpClient-1-5] DEBUG org.asynchttpclient.netty.channel.ChannelManager - Adding key: http://localhost:54212 for channel [id: 0xd32012c8, L:/127.0.0.1:56646 - R:localhost/127.0.0.1:54212]
19:25:29.243 [Forwarding clickElement on session f55013250e1b04b857a8c466af3c77ff to remote] DEBUG org.asynchttpclient.netty.request.NettyRequestSender - Using pooled Channel '[id: 0xd32012c8, L:/127.0.0.1:56646 - R:localhost/127.0.0.1:54212]' for 'POST' to 'http://localhost:54212/session/f55013250e1b04b857a8c466af3c77ff/element/eda97347-724f-4cff-b696-ccec0a870f88/click'
19:25:29.243 [Forwarding clickElement on session f55013250e1b04b857a8c466af3c77ff to remote] DEBUG org.asynchttpclient.netty.request.NettyRequestSender - Using open Channel [id: 0xd32012c8, L:/127.0.0.1:56646 - R:localhost/127.0.0.1:54212] for POST '/session/f55013250e1b04b857a8c466af3c77ff/element/eda97347-724f-4cff-b696-ccec0a870f88/click'
19:25:29.326 [AsyncHttpClient-1-5] DEBUG org.asynchttpclient.netty.handler.HttpHandler - 

Request DefaultHttpRequest(decodeResult: success, version: HTTP/1.1)
POST /session/f55013250e1b04b857a8c466af3c77ff/element/eda97347-724f-4cff-b696-ccec0a870f88/click HTTP/1.1
User-Agent: selenium/4.1.2 (java windows)
Content-Length: 50
Content-Type: application/json; charset=utf-8
host: localhost:54212
accept: */*

Response DefaultHttpResponse(decodeResult: success, version: HTTP/1.1)
HTTP/1.1 200 OK
Content-Type: application/json; charset=utf-8
cache-control: no-cache
content-length: 14

19:25:29.326 [AsyncHttpClient-1-5] DEBUG org.asynchttpclient.netty.channel.ChannelManager - Adding key: http://localhost:54212 for channel [id: 0xd32012c8, L:/127.0.0.1:56646 - R:localhost/127.0.0.1:54212]
19:25:29.359 [Forwarding screenshot on session f55013250e1b04b857a8c466af3c77ff to remote] DEBUG org.asynchttpclient.netty.request.NettyRequestSender - Using pooled Channel '[id: 0xd32012c8, L:/127.0.0.1:56646 - R:localhost/127.0.0.1:54212]' for 'GET' to 'http://localhost:54212/session/f55013250e1b04b857a8c466af3c77ff/screenshot'
19:25:29.359 [Forwarding screenshot on session f55013250e1b04b857a8c466af3c77ff to remote] DEBUG org.asynchttpclient.netty.request.NettyRequestSender - Using open Channel [id: 0xd32012c8, L:/127.0.0.1:56646 - R:localhost/127.0.0.1:54212] for GET '/session/f55013250e1b04b857a8c466af3c77ff/screenshot'
19:25:29.410 [AsyncHttpClient-1-1] DEBUG org.asynchttpclient.netty.channel.DefaultChannelPool - Entry count for : http://localhost:56647 : 1
19:25:29.845 [AsyncHttpClient-1-5] DEBUG org.asynchttpclient.netty.handler.HttpHandler - 

Request DefaultFullHttpRequest(decodeResult: success, version: HTTP/1.1, content: EmptyByteBufBE)
GET /session/f55013250e1b04b857a8c466af3c77ff/screenshot HTTP/1.1
User-Agent: selenium/4.1.2 (java windows)
Cache-Control: no-cache
Content-Type: application/json; charset=utf-8
host: localhost:54212
accept: */*

Response DefaultHttpResponse(decodeResult: success, version: HTTP/1.1)
HTTP/1.1 200 OK
Content-Type: application/json; charset=utf-8
cache-control: no-cache
content-length: 40120

19:25:29.848 [AsyncHttpClient-1-5] DEBUG org.asynchttpclient.netty.channel.ChannelManager - Adding key: http://localhost:54212 for channel [id: 0xd32012c8, L:/127.0.0.1:56646 - R:localhost/127.0.0.1:54212]
19:25:29.853 [main] DEBUG net.serenitybdd.core.photography.Darkroom - Send negative for processing for target\site\serenity\67ceac6d2a4df07f2d215887f542e69184153f4614227b1a5a73878a6f29a6fc.png
19:25:29.855 [main] DEBUG net.thucydides.core.steps.StepInterceptor - STEP DONE: clickIconLogin
  &amp#27;[32mGiven &amp#27;[0m&amp#27;[32mi am on login page&amp#27;[0m                 &amp#27;[90m# starter.stepdefinitions.stepdefinition.iAmOnLoginPage()&amp#27;[0m
19:25:29.890 [main] DEBUG net.thucydides.core.steps.StepInterceptor - STARTING STEP: stepdefinition.iInputUsername - inputUsername
19:25:29.898 [Forwarding findElement on session f55013250e1b04b857a8c466af3c77ff to remote] DEBUG org.asynchttpclient.netty.request.NettyRequestSender - Using pooled Channel '[id: 0xd32012c8, L:/127.0.0.1:56646 - R:localhost/127.0.0.1:54212]' for 'POST' to 'http://localhost:54212/session/f55013250e1b04b857a8c466af3c77ff/element'
19:25:29.900 [Forwarding findElement on session f55013250e1b04b857a8c466af3c77ff to remote] DEBUG org.asynchttpclient.netty.request.NettyRequestSender - Using open Channel [id: 0xd32012c8, L:/127.0.0.1:56646 - R:localhost/127.0.0.1:54212] for POST '/session/f55013250e1b04b857a8c466af3c77ff/element'
19:25:29.921 [AsyncHttpClient-1-5] DEBUG org.asynchttpclient.netty.handler.HttpHandler - 

Request DefaultHttpRequest(decodeResult: success, version: HTTP/1.1)
POST /session/f55013250e1b04b857a8c466af3c77ff/element HTTP/1.1
User-Agent: selenium/4.1.2 (java windows)
Content-Length: 86
Content-Type: application/json; charset=utf-8
host: localhost:54212
accept: */*

Response DefaultHttpResponse(decodeResult: success, version: HTTP/1.1)
HTTP/1.1 200 OK
Content-Type: application/json; charset=utf-8
cache-control: no-cache
content-length: 88

19:25:29.921 [AsyncHttpClient-1-5] DEBUG org.asynchttpclient.netty.channel.ChannelManager - Adding key: http://localhost:54212 for channel [id: 0xd32012c8, L:/127.0.0.1:56646 - R:localhost/127.0.0.1:54212]
19:25:29.925 [Forwarding clearElement on session f55013250e1b04b857a8c466af3c77ff to remote] DEBUG org.asynchttpclient.netty.request.NettyRequestSender - Using pooled Channel '[id: 0xd32012c8, L:/127.0.0.1:56646 - R:localhost/127.0.0.1:54212]' for 'POST' to 'http://localhost:54212/session/f55013250e1b04b857a8c466af3c77ff/element/2c2b3c5c-b3f9-4227-8399-5ee604ae2ac5/clear'
19:25:29.925 [Forwarding clearElement on session f55013250e1b04b857a8c466af3c77ff to remote] DEBUG org.asynchttpclient.netty.request.NettyRequestSender - Using open Channel [id: 0xd32012c8, L:/127.0.0.1:56646 - R:localhost/127.0.0.1:54212] for POST '/session/f55013250e1b04b857a8c466af3c77ff/element/2c2b3c5c-b3f9-4227-8399-5ee604ae2ac5/clear'
19:25:29.978 [AsyncHttpClient-1-5] DEBUG org.asynchttpclient.netty.handler.HttpHandler - 

Request DefaultHttpRequest(decodeResult: success, version: HTTP/1.1)
POST /session/f55013250e1b04b857a8c466af3c77ff/element/2c2b3c5c-b3f9-4227-8399-5ee604ae2ac5/clear HTTP/1.1
User-Agent: selenium/4.1.2 (java windows)
Content-Length: 50
Content-Type: application/json; charset=utf-8
host: localhost:54212
accept: */*

Response DefaultHttpResponse(decodeResult: success, version: HTTP/1.1)
HTTP/1.1 200 OK
Content-Type: application/json; charset=utf-8
cache-control: no-cache
content-length: 14

19:25:29.978 [AsyncHttpClient-1-5] DEBUG org.asynchttpclient.netty.channel.ChannelManager - Adding key: http://localhost:54212 for channel [id: 0xd32012c8, L:/127.0.0.1:56646 - R:localhost/127.0.0.1:54212]
19:25:29.985 [Forwarding sendKeysToElement on session f55013250e1b04b857a8c466af3c77ff to remote] DEBUG org.asynchttpclient.netty.request.NettyRequestSender - Using pooled Channel '[id: 0xd32012c8, L:/127.0.0.1:56646 - R:localhost/127.0.0.1:54212]' for 'POST' to 'http://localhost:54212/session/f55013250e1b04b857a8c466af3c77ff/element/2c2b3c5c-b3f9-4227-8399-5ee604ae2ac5/value'
19:25:29.985 [Forwarding sendKeysToElement on session f55013250e1b04b857a8c466af3c77ff to remote] DEBUG org.asynchttpclient.netty.request.NettyRequestSender - Using open Channel [id: 0xd32012c8, L:/127.0.0.1:56646 - R:localhost/127.0.0.1:54212] for POST '/session/f55013250e1b04b857a8c466af3c77ff/element/2c2b3c5c-b3f9-4227-8399-5ee604ae2ac5/value'
19:25:30.234 [AsyncHttpClient-1-5] DEBUG org.asynchttpclient.netty.handler.HttpHandler - 

Request DefaultHttpRequest(decodeResult: success, version: HTTP/1.1)
POST /session/f55013250e1b04b857a8c466af3c77ff/element/2c2b3c5c-b3f9-4227-8399-5ee604ae2ac5/value HTTP/1.1
User-Agent: selenium/4.1.2 (java windows)
Content-Length: 241
Content-Type: application/json; charset=utf-8
host: localhost:54212
accept: */*

Response DefaultHttpResponse(decodeResult: success, version: HTTP/1.1)
HTTP/1.1 200 OK
Content-Type: application/json; charset=utf-8
cache-control: no-cache
content-length: 14

19:25:30.237 [AsyncHttpClient-1-5] DEBUG org.asynchttpclient.netty.channel.ChannelManager - Adding key: http://localhost:54212 for channel [id: 0xd32012c8, L:/127.0.0.1:56646 - R:localhost/127.0.0.1:54212]
19:25:30.259 [Forwarding screenshot on session f55013250e1b04b857a8c466af3c77ff to remote] DEBUG org.asynchttpclient.netty.request.NettyRequestSender - Using pooled Channel '[id: 0xd32012c8, L:/127.0.0.1:56646 - R:localhost/127.0.0.1:54212]' for 'GET' to 'http://localhost:54212/session/f55013250e1b04b857a8c466af3c77ff/screenshot'
19:25:30.259 [Forwarding screenshot on session f55013250e1b04b857a8c466af3c77ff to remote] DEBUG org.asynchttpclient.netty.request.NettyRequestSender - Using open Channel [id: 0xd32012c8, L:/127.0.0.1:56646 - R:localhost/127.0.0.1:54212] for GET '/session/f55013250e1b04b857a8c466af3c77ff/screenshot'
19:25:30.510 [AsyncHttpClient-1-1] DEBUG org.asynchttpclient.netty.channel.DefaultChannelPool - Entry count for : http://localhost:56647 : 1
19:25:30.522 [AsyncHttpClient-1-5] DEBUG org.asynchttpclient.netty.handler.HttpHandler - 

Request DefaultFullHttpRequest(decodeResult: success, version: HTTP/1.1, content: EmptyByteBufBE)
GET /session/f55013250e1b04b857a8c466af3c77ff/screenshot HTTP/1.1
User-Agent: selenium/4.1.2 (java windows)
Cache-Control: no-cache
Content-Type: application/json; charset=utf-8
host: localhost:54212
accept: */*

Response DefaultHttpResponse(decodeResult: success, version: HTTP/1.1)
HTTP/1.1 200 OK
Content-Type: application/json; charset=utf-8
cache-control: no-cache
content-length: 47336

19:25:30.525 [AsyncHttpClient-1-5] DEBUG org.asynchttpclient.netty.channel.ChannelManager - Adding key: http://localhost:54212 for channel [id: 0xd32012c8, L:/127.0.0.1:56646 - R:localhost/127.0.0.1:54212]
19:25:30.530 [main] DEBUG net.serenitybdd.core.photography.Darkroom - Send negative for processing for target\site\serenity\2a7524d221a100fb5d2f8435dfed526d41ad72233d58a9c42fd45df6e8e519bf.png
19:25:30.530 [main] DEBUG net.thucydides.core.steps.StepInterceptor - STEP DONE: inputUsername
19:25:30.530 [Darkroom Processing Line] DEBUG net.serenitybdd.core.photography.DarkroomProcessingLine - Processing screenshot image in /var/screenshots/screenshot-11772242495837669847
19:25:30.530 [Darkroom Processing Line] DEBUG net.serenitybdd.core.photography.DarkroomProcessingLine - Saving screenshot to target\site\serenity\2a7524d221a100fb5d2f8435dfed526d41ad72233d58a9c42fd45df6e8e519bf.png
  &amp#27;[32mWhen &amp#27;[0m&amp#27;[32mi input &amp#27;[0m&amp#27;[32m&amp#27;[1m"gladys@gmail.com"&amp#27;[0m&amp#27;[32m username&amp#27;[0m &amp#27;[90m# starter.stepdefinitions.stepdefinition.iInputUsername(java.lang.String)&amp#27;[0m
19:25:30.562 [main] DEBUG net.thucydides.core.steps.StepInterceptor - STARTING STEP: stepdefinition.iInputPassword - inputPassword
19:25:30.570 [Forwarding findElement on session f55013250e1b04b857a8c466af3c77ff to remote] DEBUG org.asynchttpclient.netty.request.NettyRequestSender - Using pooled Channel '[id: 0xd32012c8, L:/127.0.0.1:56646 - R:localhost/127.0.0.1:54212]' for 'POST' to 'http://localhost:54212/session/f55013250e1b04b857a8c466af3c77ff/element'
19:25:30.572 [Forwarding findElement on session f55013250e1b04b857a8c466af3c77ff to remote] DEBUG org.asynchttpclient.netty.request.NettyRequestSender - Using open Channel [id: 0xd32012c8, L:/127.0.0.1:56646 - R:localhost/127.0.0.1:54212] for POST '/session/f55013250e1b04b857a8c466af3c77ff/element'
19:25:30.590 [AsyncHttpClient-1-5] DEBUG org.asynchttpclient.netty.handler.HttpHandler - 

Request DefaultHttpRequest(decodeResult: success, version: HTTP/1.1)
POST /session/f55013250e1b04b857a8c466af3c77ff/element HTTP/1.1
User-Agent: selenium/4.1.2 (java windows)
Content-Length: 89
Content-Type: application/json; charset=utf-8
host: localhost:54212
accept: */*

Response DefaultHttpResponse(decodeResult: success, version: HTTP/1.1)
HTTP/1.1 200 OK
Content-Type: application/json; charset=utf-8
cache-control: no-cache
content-length: 88

19:25:30.590 [AsyncHttpClient-1-5] DEBUG org.asynchttpclient.netty.channel.ChannelManager - Adding key: http://localhost:54212 for channel [id: 0xd32012c8, L:/127.0.0.1:56646 - R:localhost/127.0.0.1:54212]
19:25:30.595 [Forwarding clearElement on session f55013250e1b04b857a8c466af3c77ff to remote] DEBUG org.asynchttpclient.netty.request.NettyRequestSender - Using pooled Channel '[id: 0xd32012c8, L:/127.0.0.1:56646 - R:localhost/127.0.0.1:54212]' for 'POST' to 'http://localhost:54212/session/f55013250e1b04b857a8c466af3c77ff/element/e6c49003-c0f1-467f-8af8-2462d560003e/clear'
19:25:30.595 [Forwarding clearElement on session f55013250e1b04b857a8c466af3c77ff to remote] DEBUG org.asynchttpclient.netty.request.NettyRequestSender - Using open Channel [id: 0xd32012c8, L:/127.0.0.1:56646 - R:localhost/127.0.0.1:54212] for POST '/session/f55013250e1b04b857a8c466af3c77ff/element/e6c49003-c0f1-467f-8af8-2462d560003e/clear'
19:25:30.652 [AsyncHttpClient-1-5] DEBUG org.asynchttpclient.netty.handler.HttpHandler - 

Request DefaultHttpRequest(decodeResult: success, version: HTTP/1.1)
POST /session/f55013250e1b04b857a8c466af3c77ff/element/e6c49003-c0f1-467f-8af8-2462d560003e/clear HTTP/1.1
User-Agent: selenium/4.1.2 (java windows)
Content-Length: 50
Content-Type: application/json; charset=utf-8
host: localhost:54212
accept: */*

Response DefaultHttpResponse(decodeResult: success, version: HTTP/1.1)
HTTP/1.1 200 OK
Content-Type: application/json; charset=utf-8
cache-control: no-cache
content-length: 14

19:25:30.652 [AsyncHttpClient-1-5] DEBUG org.asynchttpclient.netty.channel.ChannelManager - Adding key: http://localhost:54212 for channel [id: 0xd32012c8, L:/127.0.0.1:56646 - R:localhost/127.0.0.1:54212]
19:25:30.662 [Forwarding sendKeysToElement on session f55013250e1b04b857a8c466af3c77ff to remote] DEBUG org.asynchttpclient.netty.request.NettyRequestSender - Using pooled Channel '[id: 0xd32012c8, L:/127.0.0.1:56646 - R:localhost/127.0.0.1:54212]' for 'POST' to 'http://localhost:54212/session/f55013250e1b04b857a8c466af3c77ff/element/e6c49003-c0f1-467f-8af8-2462d560003e/value'
19:25:30.662 [Forwarding sendKeysToElement on session f55013250e1b04b857a8c466af3c77ff to remote] DEBUG org.asynchttpclient.netty.request.NettyRequestSender - Using open Channel [id: 0xd32012c8, L:/127.0.0.1:56646 - R:localhost/127.0.0.1:54212] for POST '/session/f55013250e1b04b857a8c466af3c77ff/element/e6c49003-c0f1-467f-8af8-2462d560003e/value'
19:25:30.775 [AsyncHttpClient-1-5] DEBUG org.asynchttpclient.netty.handler.HttpHandler - 

Request DefaultHttpRequest(decodeResult: success, version: HTTP/1.1)
POST /session/f55013250e1b04b857a8c466af3c77ff/element/e6c49003-c0f1-467f-8af8-2462d560003e/value HTTP/1.1
User-Agent: selenium/4.1.2 (java windows)
Content-Length: 82
Content-Type: application/json; charset=utf-8
host: localhost:54212
accept: */*

Response DefaultHttpResponse(decodeResult: success, version: HTTP/1.1)
HTTP/1.1 200 OK
Content-Type: application/json; charset=utf-8
cache-control: no-cache
content-length: 14

19:25:30.777 [AsyncHttpClient-1-5] DEBUG org.asynchttpclient.netty.channel.ChannelManager - Adding key: http://localhost:54212 for channel [id: 0xd32012c8, L:/127.0.0.1:56646 - R:localhost/127.0.0.1:54212]
19:25:30.810 [Forwarding screenshot on session f55013250e1b04b857a8c466af3c77ff to remote] DEBUG org.asynchttpclient.netty.request.NettyRequestSender - Using pooled Channel '[id: 0xd32012c8, L:/127.0.0.1:56646 - R:localhost/127.0.0.1:54212]' for 'GET' to 'http://localhost:54212/session/f55013250e1b04b857a8c466af3c77ff/screenshot'
19:25:30.810 [Forwarding screenshot on session f55013250e1b04b857a8c466af3c77ff to remote] DEBUG org.asynchttpclient.netty.request.NettyRequestSender - Using open Channel [id: 0xd32012c8, L:/127.0.0.1:56646 - R:localhost/127.0.0.1:54212] for GET '/session/f55013250e1b04b857a8c466af3c77ff/screenshot'
19:25:31.098 [AsyncHttpClient-1-5] DEBUG org.asynchttpclient.netty.handler.HttpHandler - 

Request DefaultFullHttpRequest(decodeResult: success, version: HTTP/1.1, content: EmptyByteBufBE)
GET /session/f55013250e1b04b857a8c466af3c77ff/screenshot HTTP/1.1
User-Agent: selenium/4.1.2 (java windows)
Cache-Control: no-cache
Content-Type: application/json; charset=utf-8
host: localhost:54212
accept: */*

Response DefaultHttpResponse(decodeResult: success, version: HTTP/1.1)
HTTP/1.1 200 OK
Content-Type: application/json; charset=utf-8
cache-control: no-cache
content-length: 46612

19:25:31.104 [AsyncHttpClient-1-5] DEBUG org.asynchttpclient.netty.channel.ChannelManager - Adding key: http://localhost:54212 for channel [id: 0xd32012c8, L:/127.0.0.1:56646 - R:localhost/127.0.0.1:54212]
19:25:31.109 [main] DEBUG net.serenitybdd.core.photography.Darkroom - Send negative for processing for target\site\serenity\4b47e57779f5734da7ef87b313f87c70e652f4777fde20ca0604d53ae61a4a00.png
19:25:31.110 [main] DEBUG net.thucydides.core.steps.StepInterceptor - STEP DONE: inputPassword
19:25:31.110 [Darkroom Processing Line] DEBUG net.serenitybdd.core.photography.DarkroomProcessingLine - Processing screenshot image in /var/screenshots/screenshot-9353550476787767987
19:25:31.110 [Darkroom Processing Line] DEBUG net.serenitybdd.core.photography.DarkroomProcessingLine - Saving screenshot to target\site\serenity\4b47e57779f5734da7ef87b313f87c70e652f4777fde20ca0604d53ae61a4a00.png
  &amp#27;[32mAnd &amp#27;[0m&amp#27;[32mi input &amp#27;[0m&amp#27;[32m&amp#27;[1m""&amp#27;[0m&amp#27;[32m password&amp#27;[0m                  &amp#27;[90m# starter.stepdefinitions.stepdefinition.iInputPassword(java.lang.String)&amp#27;[0m
19:25:31.168 [Forwarding screenshot on session f55013250e1b04b857a8c466af3c77ff to remote] DEBUG org.asynchttpclient.netty.request.NettyRequestSender - Using pooled Channel '[id: 0xd32012c8, L:/127.0.0.1:56646 - R:localhost/127.0.0.1:54212]' for 'GET' to 'http://localhost:54212/session/f55013250e1b04b857a8c466af3c77ff/screenshot'
19:25:31.168 [Forwarding screenshot on session f55013250e1b04b857a8c466af3c77ff to remote] DEBUG org.asynchttpclient.netty.request.NettyRequestSender - Using open Channel [id: 0xd32012c8, L:/127.0.0.1:56646 - R:localhost/127.0.0.1:54212] for GET '/session/f55013250e1b04b857a8c466af3c77ff/screenshot'
19:25:31.397 [AsyncHttpClient-1-5] DEBUG org.asynchttpclient.netty.handler.HttpHandler - 

Request DefaultFullHttpRequest(decodeResult: success, version: HTTP/1.1, content: EmptyByteBufBE)
GET /session/f55013250e1b04b857a8c466af3c77ff/screenshot HTTP/1.1
User-Agent: selenium/4.1.2 (java windows)
Cache-Control: no-cache
Content-Type: application/json; charset=utf-8
host: localhost:54212
accept: */*

Response DefaultHttpResponse(decodeResult: success, version: HTTP/1.1)
HTTP/1.1 200 OK
Content-Type: application/json; charset=utf-8
cache-control: no-cache
content-length: 45648

19:25:31.399 [AsyncHttpClient-1-5] DEBUG org.asynchttpclient.netty.channel.ChannelManager - Adding key: http://localhost:54212 for channel [id: 0xd32012c8, L:/127.0.0.1:56646 - R:localhost/127.0.0.1:54212]
19:25:31.404 [main] DEBUG net.serenitybdd.core.photography.Darkroom - Send negative for processing for target\site\serenity\eea0fcc3873f0e76dcfb40a6689a72a00c77c314fce9439a6a52710347503e6a.png
19:25:31.404 [Darkroom Processing Line] DEBUG net.serenitybdd.core.photography.DarkroomProcessingLine - Processing screenshot image in /var/screenshots/screenshot-15447720802165961683
19:25:31.405 [Darkroom Processing Line] DEBUG net.serenitybdd.core.photography.DarkroomProcessingLine - Saving screenshot to target\site\serenity\eea0fcc3873f0e76dcfb40a6689a72a00c77c314fce9439a6a52710347503e6a.png
19:25:31.405 [main] DEBUG net.thucydides.core.steps.StepInterceptor - STARTING STEP: stepdefinition.clickLoginButton - clickLogin
19:25:31.412 [Forwarding findElement on session f55013250e1b04b857a8c466af3c77ff to remote] DEBUG org.asynchttpclient.netty.request.NettyRequestSender - Using pooled Channel '[id: 0xd32012c8, L:/127.0.0.1:56646 - R:localhost/127.0.0.1:54212]' for 'POST' to 'http://localhost:54212/session/f55013250e1b04b857a8c466af3c77ff/element'
19:25:31.414 [Forwarding findElement on session f55013250e1b04b857a8c466af3c77ff to remote] DEBUG org.asynchttpclient.netty.request.NettyRequestSender - Using open Channel [id: 0xd32012c8, L:/127.0.0.1:56646 - R:localhost/127.0.0.1:54212] for POST '/session/f55013250e1b04b857a8c466af3c77ff/element'
19:25:31.434 [AsyncHttpClient-1-5] DEBUG org.asynchttpclient.netty.handler.HttpHandler - 

Request DefaultHttpRequest(decodeResult: success, version: HTTP/1.1)
POST /session/f55013250e1b04b857a8c466af3c77ff/element HTTP/1.1
User-Agent: selenium/4.1.2 (java windows)
Content-Length: 72
Content-Type: application/json; charset=utf-8
host: localhost:54212
accept: */*

Response DefaultHttpResponse(decodeResult: success, version: HTTP/1.1)
HTTP/1.1 200 OK
Content-Type: application/json; charset=utf-8
cache-control: no-cache
content-length: 88

19:25:31.437 [AsyncHttpClient-1-5] DEBUG org.asynchttpclient.netty.channel.ChannelManager - Adding key: http://localhost:54212 for channel [id: 0xd32012c8, L:/127.0.0.1:56646 - R:localhost/127.0.0.1:54212]
19:25:31.442 [Forwarding getElementTagName on session f55013250e1b04b857a8c466af3c77ff to remote] DEBUG org.asynchttpclient.netty.request.NettyRequestSender - Using pooled Channel '[id: 0xd32012c8, L:/127.0.0.1:56646 - R:localhost/127.0.0.1:54212]' for 'GET' to 'http://localhost:54212/session/f55013250e1b04b857a8c466af3c77ff/element/4de8ad20-9ee2-46dc-a348-5c2f7f7765a5/name'
19:25:31.442 [Forwarding getElementTagName on session f55013250e1b04b857a8c466af3c77ff to remote] DEBUG org.asynchttpclient.netty.request.NettyRequestSender - Using open Channel [id: 0xd32012c8, L:/127.0.0.1:56646 - R:localhost/127.0.0.1:54212] for GET '/session/f55013250e1b04b857a8c466af3c77ff/element/4de8ad20-9ee2-46dc-a348-5c2f7f7765a5/name'
19:25:31.452 [AsyncHttpClient-1-5] DEBUG org.asynchttpclient.netty.handler.HttpHandler - 

Request DefaultFullHttpRequest(decodeResult: success, version: HTTP/1.1, content: EmptyByteBufBE)
GET /session/f55013250e1b04b857a8c466af3c77ff/element/4de8ad20-9ee2-46dc-a348-5c2f7f7765a5/name HTTP/1.1
User-Agent: selenium/4.1.2 (java windows)
Cache-Control: no-cache
Content-Type: application/json; charset=utf-8
host: localhost:54212
accept: */*

Response DefaultHttpResponse(decodeResult: success, version: HTTP/1.1)
HTTP/1.1 200 OK
Content-Type: application/json; charset=utf-8
cache-control: no-cache
content-length: 18

19:25:31.452 [AsyncHttpClient-1-5] DEBUG org.asynchttpclient.netty.channel.ChannelManager - Adding key: http://localhost:54212 for channel [id: 0xd32012c8, L:/127.0.0.1:56646 - R:localhost/127.0.0.1:54212]
19:25:31.457 [Forwarding getElementTagName on session f55013250e1b04b857a8c466af3c77ff to remote] DEBUG org.asynchttpclient.netty.request.NettyRequestSender - Using pooled Channel '[id: 0xd32012c8, L:/127.0.0.1:56646 - R:localhost/127.0.0.1:54212]' for 'GET' to 'http://localhost:54212/session/f55013250e1b04b857a8c466af3c77ff/element/4de8ad20-9ee2-46dc-a348-5c2f7f7765a5/name'
19:25:31.457 [Forwarding getElementTagName on session f55013250e1b04b857a8c466af3c77ff to remote] DEBUG org.asynchttpclient.netty.request.NettyRequestSender - Using open Channel [id: 0xd32012c8, L:/127.0.0.1:56646 - R:localhost/127.0.0.1:54212] for GET '/session/f55013250e1b04b857a8c466af3c77ff/element/4de8ad20-9ee2-46dc-a348-5c2f7f7765a5/name'
19:25:31.467 [AsyncHttpClient-1-5] DEBUG org.asynchttpclient.netty.handler.HttpHandler - 

Request DefaultFullHttpRequest(decodeResult: success, version: HTTP/1.1, content: EmptyByteBufBE)
GET /session/f55013250e1b04b857a8c466af3c77ff/element/4de8ad20-9ee2-46dc-a348-5c2f7f7765a5/name HTTP/1.1
User-Agent: selenium/4.1.2 (java windows)
Cache-Control: no-cache
Content-Type: application/json; charset=utf-8
host: localhost:54212
accept: */*

Response DefaultHttpResponse(decodeResult: success, version: HTTP/1.1)
HTTP/1.1 200 OK
Content-Type: application/json; charset=utf-8
cache-control: no-cache
content-length: 18

19:25:31.469 [AsyncHttpClient-1-5] DEBUG org.asynchttpclient.netty.channel.ChannelManager - Adding key: http://localhost:54212 for channel [id: 0xd32012c8, L:/127.0.0.1:56646 - R:localhost/127.0.0.1:54212]
19:25:31.474 [Forwarding isElementEnabled on session f55013250e1b04b857a8c466af3c77ff to remote] DEBUG org.asynchttpclient.netty.request.NettyRequestSender - Using pooled Channel '[id: 0xd32012c8, L:/127.0.0.1:56646 - R:localhost/127.0.0.1:54212]' for 'GET' to 'http://localhost:54212/session/f55013250e1b04b857a8c466af3c77ff/element/4de8ad20-9ee2-46dc-a348-5c2f7f7765a5/enabled'
19:25:31.474 [Forwarding isElementEnabled on session f55013250e1b04b857a8c466af3c77ff to remote] DEBUG org.asynchttpclient.netty.request.NettyRequestSender - Using open Channel [id: 0xd32012c8, L:/127.0.0.1:56646 - R:localhost/127.0.0.1:54212] for GET '/session/f55013250e1b04b857a8c466af3c77ff/element/4de8ad20-9ee2-46dc-a348-5c2f7f7765a5/enabled'
19:25:31.493 [AsyncHttpClient-1-5] DEBUG org.asynchttpclient.netty.handler.HttpHandler - 

Request DefaultFullHttpRequest(decodeResult: success, version: HTTP/1.1, content: EmptyByteBufBE)
GET /session/f55013250e1b04b857a8c466af3c77ff/element/4de8ad20-9ee2-46dc-a348-5c2f7f7765a5/enabled HTTP/1.1
User-Agent: selenium/4.1.2 (java windows)
Cache-Control: no-cache
Content-Type: application/json; charset=utf-8
host: localhost:54212
accept: */*

Response DefaultHttpResponse(decodeResult: success, version: HTTP/1.1)
HTTP/1.1 200 OK
Content-Type: application/json; charset=utf-8
cache-control: no-cache
content-length: 14

19:25:31.493 [AsyncHttpClient-1-5] DEBUG org.asynchttpclient.netty.channel.ChannelManager - Adding key: http://localhost:54212 for channel [id: 0xd32012c8, L:/127.0.0.1:56646 - R:localhost/127.0.0.1:54212]
19:25:31.498 [Forwarding isElementEnabled on session f55013250e1b04b857a8c466af3c77ff to remote] DEBUG org.asynchttpclient.netty.request.NettyRequestSender - Using pooled Channel '[id: 0xd32012c8, L:/127.0.0.1:56646 - R:localhost/127.0.0.1:54212]' for 'GET' to 'http://localhost:54212/session/f55013250e1b04b857a8c466af3c77ff/element/4de8ad20-9ee2-46dc-a348-5c2f7f7765a5/enabled'
19:25:31.498 [Forwarding isElementEnabled on session f55013250e1b04b857a8c466af3c77ff to remote] DEBUG org.asynchttpclient.netty.request.NettyRequestSender - Using open Channel [id: 0xd32012c8, L:/127.0.0.1:56646 - R:localhost/127.0.0.1:54212] for GET '/session/f55013250e1b04b857a8c466af3c77ff/element/4de8ad20-9ee2-46dc-a348-5c2f7f7765a5/enabled'
19:25:31.507 [AsyncHttpClient-1-5] DEBUG org.asynchttpclient.netty.handler.HttpHandler - 

Request DefaultFullHttpRequest(decodeResult: success, version: HTTP/1.1, content: EmptyByteBufBE)
GET /session/f55013250e1b04b857a8c466af3c77ff/element/4de8ad20-9ee2-46dc-a348-5c2f7f7765a5/enabled HTTP/1.1
User-Agent: selenium/4.1.2 (java windows)
Cache-Control: no-cache
Content-Type: application/json; charset=utf-8
host: localhost:54212
accept: */*

Response DefaultHttpResponse(decodeResult: success, version: HTTP/1.1)
HTTP/1.1 200 OK
Content-Type: application/json; charset=utf-8
cache-control: no-cache
content-length: 14

19:25:31.507 [AsyncHttpClient-1-5] DEBUG org.asynchttpclient.netty.channel.ChannelManager - Adding key: http://localhost:54212 for channel [id: 0xd32012c8, L:/127.0.0.1:56646 - R:localhost/127.0.0.1:54212]
19:25:31.512 [Forwarding findElement on session f55013250e1b04b857a8c466af3c77ff to remote] DEBUG org.asynchttpclient.netty.request.NettyRequestSender - Using pooled Channel '[id: 0xd32012c8, L:/127.0.0.1:56646 - R:localhost/127.0.0.1:54212]' for 'POST' to 'http://localhost:54212/session/f55013250e1b04b857a8c466af3c77ff/element'
19:25:31.515 [Forwarding findElement on session f55013250e1b04b857a8c466af3c77ff to remote] DEBUG org.asynchttpclient.netty.request.NettyRequestSender - Using open Channel [id: 0xd32012c8, L:/127.0.0.1:56646 - R:localhost/127.0.0.1:54212] for POST '/session/f55013250e1b04b857a8c466af3c77ff/element'
19:25:31.525 [AsyncHttpClient-1-5] DEBUG org.asynchttpclient.netty.handler.HttpHandler - 

Request DefaultHttpRequest(decodeResult: success, version: HTTP/1.1)
POST /session/f55013250e1b04b857a8c466af3c77ff/element HTTP/1.1
User-Agent: selenium/4.1.2 (java windows)
Content-Length: 72
Content-Type: application/json; charset=utf-8
host: localhost:54212
accept: */*

Response DefaultHttpResponse(decodeResult: success, version: HTTP/1.1)
HTTP/1.1 200 OK
Content-Type: application/json; charset=utf-8
cache-control: no-cache
content-length: 88

19:25:31.525 [AsyncHttpClient-1-5] DEBUG org.asynchttpclient.netty.channel.ChannelManager - Adding key: http://localhost:54212 for channel [id: 0xd32012c8, L:/127.0.0.1:56646 - R:localhost/127.0.0.1:54212]
19:25:31.530 [Forwarding clickElement on session f55013250e1b04b857a8c466af3c77ff to remote] DEBUG org.asynchttpclient.netty.request.NettyRequestSender - Using pooled Channel '[id: 0xd32012c8, L:/127.0.0.1:56646 - R:localhost/127.0.0.1:54212]' for 'POST' to 'http://localhost:54212/session/f55013250e1b04b857a8c466af3c77ff/element/4de8ad20-9ee2-46dc-a348-5c2f7f7765a5/click'
19:25:31.530 [Forwarding clickElement on session f55013250e1b04b857a8c466af3c77ff to remote] DEBUG org.asynchttpclient.netty.request.NettyRequestSender - Using open Channel [id: 0xd32012c8, L:/127.0.0.1:56646 - R:localhost/127.0.0.1:54212] for POST '/session/f55013250e1b04b857a8c466af3c77ff/element/4de8ad20-9ee2-46dc-a348-5c2f7f7765a5/click'
19:25:31.603 [AsyncHttpClient-1-5] DEBUG org.asynchttpclient.netty.handler.HttpHandler - 

Request DefaultHttpRequest(decodeResult: success, version: HTTP/1.1)
POST /session/f55013250e1b04b857a8c466af3c77ff/element/4de8ad20-9ee2-46dc-a348-5c2f7f7765a5/click HTTP/1.1
User-Agent: selenium/4.1.2 (java windows)
Content-Length: 50
Content-Type: application/json; charset=utf-8
host: localhost:54212
accept: */*

Response DefaultHttpResponse(decodeResult: success, version: HTTP/1.1)
HTTP/1.1 200 OK
Content-Type: application/json; charset=utf-8
cache-control: no-cache
content-length: 14

19:25:31.604 [AsyncHttpClient-1-5] DEBUG org.asynchttpclient.netty.channel.ChannelManager - Adding key: http://localhost:54212 for channel [id: 0xd32012c8, L:/127.0.0.1:56646 - R:localhost/127.0.0.1:54212]
19:25:31.608 [AsyncHttpClient-1-1] DEBUG org.asynchttpclient.netty.channel.DefaultChannelPool - Entry count for : http://localhost:54212 : 1
19:25:31.608 [AsyncHttpClient-1-1] DEBUG org.asynchttpclient.netty.channel.DefaultChannelPool - Entry count for : http://localhost:56647 : 1
19:25:31.613 [Forwarding screenshot on session f55013250e1b04b857a8c466af3c77ff to remote] DEBUG org.asynchttpclient.netty.request.NettyRequestSender - Using pooled Channel '[id: 0xd32012c8, L:/127.0.0.1:56646 - R:localhost/127.0.0.1:54212]' for 'GET' to 'http://localhost:54212/session/f55013250e1b04b857a8c466af3c77ff/screenshot'
19:25:31.613 [Forwarding screenshot on session f55013250e1b04b857a8c466af3c77ff to remote] DEBUG org.asynchttpclient.netty.request.NettyRequestSender - Using open Channel [id: 0xd32012c8, L:/127.0.0.1:56646 - R:localhost/127.0.0.1:54212] for GET '/session/f55013250e1b04b857a8c466af3c77ff/screenshot'
19:25:32.102 [AsyncHttpClient-1-5] DEBUG org.asynchttpclient.netty.handler.HttpHandler - 

Request DefaultFullHttpRequest(decodeResult: success, version: HTTP/1.1, content: EmptyByteBufBE)
GET /session/f55013250e1b04b857a8c466af3c77ff/screenshot HTTP/1.1
User-Agent: selenium/4.1.2 (java windows)
Cache-Control: no-cache
Content-Type: application/json; charset=utf-8
host: localhost:54212
accept: */*

Response DefaultHttpResponse(decodeResult: success, version: HTTP/1.1)
HTTP/1.1 200 OK
Content-Type: application/json; charset=utf-8
cache-control: no-cache
content-length: 57432

19:25:32.103 [AsyncHttpClient-1-5] DEBUG org.asynchttpclient.netty.channel.ChannelManager - Adding key: http://localhost:54212 for channel [id: 0xd32012c8, L:/127.0.0.1:56646 - R:localhost/127.0.0.1:54212]
19:25:32.107 [main] DEBUG net.serenitybdd.core.photography.Darkroom - Send negative for processing for target\site\serenity\b2592af357093923b3570ddb7e24c6ae283f80ca286d03de440fe4d0817f0681.png
19:25:32.108 [main] DEBUG net.thucydides.core.steps.StepInterceptor - STEP DONE: clickLogin
19:25:32.108 [Darkroom Processing Line] DEBUG net.serenitybdd.core.photography.DarkroomProcessingLine - Processing screenshot image in /var/screenshots/screenshot-13193420528721964418
19:25:32.108 [Darkroom Processing Line] DEBUG net.serenitybdd.core.photography.DarkroomProcessingLine - Saving screenshot to target\site\serenity\b2592af357093923b3570ddb7e24c6ae283f80ca286d03de440fe4d0817f0681.png
  &amp#27;[32mAnd &amp#27;[0m&amp#27;[32mclick login button&amp#27;[0m                   &amp#27;[90m# starter.stepdefinitions.stepdefinition.clickLoginButton()&amp#27;[0m
19:25:32.148 [main] DEBUG net.thucydides.core.steps.StepInterceptor - STARTING STEP: stepdefinition.iGetThe - validateLoginApp
19:25:32.156 [Forwarding findElement on session f55013250e1b04b857a8c466af3c77ff to remote] DEBUG org.asynchttpclient.netty.request.NettyRequestSender - Using pooled Channel '[id: 0xd32012c8, L:/127.0.0.1:56646 - R:localhost/127.0.0.1:54212]' for 'POST' to 'http://localhost:54212/session/f55013250e1b04b857a8c466af3c77ff/element'
19:25:32.156 [Forwarding findElement on session f55013250e1b04b857a8c466af3c77ff to remote] DEBUG org.asynchttpclient.netty.request.NettyRequestSender - Using open Channel [id: 0xd32012c8, L:/127.0.0.1:56646 - R:localhost/127.0.0.1:54212] for POST '/session/f55013250e1b04b857a8c466af3c77ff/element'
19:25:32.163 [AsyncHttpClient-1-5] DEBUG org.asynchttpclient.netty.handler.HttpHandler - 

Request DefaultHttpRequest(decodeResult: success, version: HTTP/1.1)
POST /session/f55013250e1b04b857a8c466af3c77ff/element HTTP/1.1
User-Agent: selenium/4.1.2 (java windows)
Content-Length: 50
Content-Type: application/json; charset=utf-8
host: localhost:54212
accept: */*

Response DefaultHttpResponse(decodeResult: success, version: HTTP/1.1)
HTTP/1.1 400 Bad Request
Content-Type: application/json; charset=utf-8
cache-control: no-cache
content-length: 958

19:25:32.163 [AsyncHttpClient-1-5] DEBUG org.asynchttpclient.netty.channel.ChannelManager - Adding key: http://localhost:54212 for channel [id: 0xd32012c8, L:/127.0.0.1:56646 - R:localhost/127.0.0.1:54212]
19:25:32.173 [Forwarding findElement on session f55013250e1b04b857a8c466af3c77ff to remote] DEBUG org.asynchttpclient.netty.request.NettyRequestSender - Using pooled Channel '[id: 0xd32012c8, L:/127.0.0.1:56646 - R:localhost/127.0.0.1:54212]' for 'POST' to 'http://localhost:54212/session/f55013250e1b04b857a8c466af3c77ff/element'
19:25:32.173 [Forwarding findElement on session f55013250e1b04b857a8c466af3c77ff to remote] DEBUG org.asynchttpclient.netty.request.NettyRequestSender - Using open Channel [id: 0xd32012c8, L:/127.0.0.1:56646 - R:localhost/127.0.0.1:54212] for POST '/session/f55013250e1b04b857a8c466af3c77ff/element'
19:25:32.198 [AsyncHttpClient-1-5] DEBUG org.asynchttpclient.netty.handler.HttpHandler - 

Request DefaultHttpRequest(decodeResult: success, version: HTTP/1.1)
POST /session/f55013250e1b04b857a8c466af3c77ff/element HTTP/1.1
User-Agent: selenium/4.1.2 (java windows)
Content-Length: 60
Content-Type: application/json; charset=utf-8
host: localhost:54212
accept: */*

Response DefaultHttpResponse(decodeResult: success, version: HTTP/1.1)
HTTP/1.1 200 OK
Content-Type: application/json; charset=utf-8
cache-control: no-cache
content-length: 88

19:25:32.198 [AsyncHttpClient-1-5] DEBUG org.asynchttpclient.netty.channel.ChannelManager - Adding key: http://localhost:54212 for channel [id: 0xd32012c8, L:/127.0.0.1:56646 - R:localhost/127.0.0.1:54212]
19:25:32.206 [Forwarding isElementDisplayed on session f55013250e1b04b857a8c466af3c77ff to remote] DEBUG org.asynchttpclient.netty.request.NettyRequestSender - Using pooled Channel '[id: 0xd32012c8, L:/127.0.0.1:56646 - R:localhost/127.0.0.1:54212]' for 'POST' to 'http://localhost:54212/session/f55013250e1b04b857a8c466af3c77ff/execute/sync'
19:25:32.206 [Forwarding isElementDisplayed on session f55013250e1b04b857a8c466af3c77ff to remote] DEBUG org.asynchttpclient.netty.request.NettyRequestSender - Using open Channel [id: 0xd32012c8, L:/127.0.0.1:56646 - R:localhost/127.0.0.1:54212] for POST '/session/f55013250e1b04b857a8c466af3c77ff/execute/sync'
19:25:32.241 [AsyncHttpClient-1-5] DEBUG org.asynchttpclient.netty.handler.HttpHandler - 

Request DefaultHttpRequest(decodeResult: success, version: HTTP/1.1)
POST /session/f55013250e1b04b857a8c466af3c77ff/execute/sync HTTP/1.1
User-Agent: selenium/4.1.2 (java windows)
Content-Length: 48780
Content-Type: application/json; charset=utf-8
host: localhost:54212
accept: */*

Response DefaultHttpResponse(decodeResult: success, version: HTTP/1.1)
HTTP/1.1 200 OK
Content-Type: application/json; charset=utf-8
cache-control: no-cache
content-length: 14

19:25:32.241 [AsyncHttpClient-1-5] DEBUG org.asynchttpclient.netty.channel.ChannelManager - Adding key: http://localhost:54212 for channel [id: 0xd32012c8, L:/127.0.0.1:56646 - R:localhost/127.0.0.1:54212]
19:25:32.253 [Forwarding screenshot on session f55013250e1b04b857a8c466af3c77ff to remote] DEBUG org.asynchttpclient.netty.request.NettyRequestSender - Using pooled Channel '[id: 0xd32012c8, L:/127.0.0.1:56646 - R:localhost/127.0.0.1:54212]' for 'GET' to 'http://localhost:54212/session/f55013250e1b04b857a8c466af3c77ff/screenshot'
19:25:32.253 [Forwarding screenshot on session f55013250e1b04b857a8c466af3c77ff to remote] DEBUG org.asynchttpclient.netty.request.NettyRequestSender - Using open Channel [id: 0xd32012c8, L:/127.0.0.1:56646 - R:localhost/127.0.0.1:54212] for GET '/session/f55013250e1b04b857a8c466af3c77ff/screenshot'
19:25:32.438 [AsyncHttpClient-1-5] DEBUG org.asynchttpclient.netty.handler.HttpHandler - 

Request DefaultFullHttpRequest(decodeResult: success, version: HTTP/1.1, content: EmptyByteBufBE)
GET /session/f55013250e1b04b857a8c466af3c77ff/screenshot HTTP/1.1
User-Agent: selenium/4.1.2 (java windows)
Cache-Control: no-cache
Content-Type: application/json; charset=utf-8
host: localhost:54212
accept: */*

Response DefaultHttpResponse(decodeResult: success, version: HTTP/1.1)
HTTP/1.1 200 OK
Content-Type: application/json; charset=utf-8
cache-control: no-cache
content-length: 54312

19:25:32.438 [AsyncHttpClient-1-5] DEBUG org.asynchttpclient.netty.channel.ChannelManager - Adding key: http://localhost:54212 for channel [id: 0xd32012c8, L:/127.0.0.1:56646 - R:localhost/127.0.0.1:54212]
19:25:32.443 [main] DEBUG net.serenitybdd.core.photography.Darkroom - Send negative for processing for target\site\serenity\4173be9d439bf2b8f196920c1ce5f0637d352b8505f98227508abafd9b2373b2.png
19:25:32.443 [main] DEBUG net.thucydides.core.steps.StepInterceptor - STEP DONE: validateLoginApp
19:25:32.443 [Darkroom Processing Line] DEBUG net.serenitybdd.core.photography.DarkroomProcessingLine - Processing screenshot image in /var/screenshots/screenshot-13648768068911542807
19:25:32.443 [Darkroom Processing Line] DEBUG net.serenitybdd.core.photography.DarkroomProcessingLine - Saving screenshot to target\site\serenity\4173be9d439bf2b8f196920c1ce5f0637d352b8505f98227508abafd9b2373b2.png
19:25:32.458 [main] DEBUG net.thucydides.core.steps.StepInterceptor - STARTING STEP: stepdefinition.iGetThe - displayErrorMessage
19:25:32.468 [main] DEBUG net.thucydides.core.steps.StepInterceptor - STEP DONE: displayErrorMessage
  &amp#27;[32mThen &amp#27;[0m&amp#27;[32mi get the &amp#27;[0m&amp#27;[32m&amp#27;[1m"Login Page"&amp#27;[0m              &amp#27;[90m# starter.stepdefinitions.stepdefinition.iGetThe(java.lang.String)&amp#27;[0m
19:25:32.497 [Forwarding screenshot on session f55013250e1b04b857a8c466af3c77ff to remote] DEBUG org.asynchttpclient.netty.request.NettyRequestSender - Using pooled Channel '[id: 0xd32012c8, L:/127.0.0.1:56646 - R:localhost/127.0.0.1:54212]' for 'GET' to 'http://localhost:54212/session/f55013250e1b04b857a8c466af3c77ff/screenshot'
19:25:32.497 [Forwarding screenshot on session f55013250e1b04b857a8c466af3c77ff to remote] DEBUG org.asynchttpclient.netty.request.NettyRequestSender - Using open Channel [id: 0xd32012c8, L:/127.0.0.1:56646 - R:localhost/127.0.0.1:54212] for GET '/session/f55013250e1b04b857a8c466af3c77ff/screenshot'
19:25:32.677 [AsyncHttpClient-1-5] DEBUG org.asynchttpclient.netty.handler.HttpHandler - 

Request DefaultFullHttpRequest(decodeResult: success, version: HTTP/1.1, content: EmptyByteBufBE)
GET /session/f55013250e1b04b857a8c466af3c77ff/screenshot HTTP/1.1
User-Agent: selenium/4.1.2 (java windows)
Cache-Control: no-cache
Content-Type: application/json; charset=utf-8
host: localhost:54212
accept: */*

Response DefaultHttpResponse(decodeResult: success, version: HTTP/1.1)
HTTP/1.1 200 OK
Content-Type: application/json; charset=utf-8
cache-control: no-cache
content-length: 54312

19:25:32.680 [AsyncHttpClient-1-5] DEBUG org.asynchttpclient.netty.channel.ChannelManager - Adding key: http://localhost:54212 for channel [id: 0xd32012c8, L:/127.0.0.1:56646 - R:localhost/127.0.0.1:54212]
19:25:32.685 [main] DEBUG net.serenitybdd.core.photography.Darkroom - Send negative for processing for target\site\serenity\4173be9d439bf2b8f196920c1ce5f0637d352b8505f98227508abafd9b2373b2.png
19:25:32.695 [AsyncHttpClient-1-7] DEBUG org.asynchttpclient.netty.handler.WebSocketHandler - Channel Closed: [id: 0x1efd3387, L:/127.0.0.1:56656 ! R:localhost/127.0.0.1:56647] with attribute NettyResponseFuture{currentRetry=5,
	isDone=1,
	isCancelled=0,
	asyncHandler=org.asynchttpclient.ws.WebSocketUpgradeHandler@710ba8bb,
	nettyRequest=org.asynchttpclient.netty.request.NettyRequest@340938fe,
	future=java.util.concurrent.CompletableFuture@5101582f[Completed normally],
	uri=ws://localhost:56647/devtools/browser/cee768be-7c27-4521-93d6-7efb2e3a4f73,
	keepAlive=true,
	redirectCount=0,
	timeoutsHolder=null,
	inAuth=0,
	touch=1651321523560}
19:25:32.695 [AsyncHttpClient-1-7] DEBUG org.asynchttpclient.netty.channel.ChannelManager - Closing Channel [id: 0x1efd3387, L:/127.0.0.1:56656 ! R:localhost/127.0.0.1:56647] 
19:25:32.695 [Driver Command Executor] DEBUG org.asynchttpclient.netty.request.NettyRequestSender - Using pooled Channel '[id: 0xd32012c8, L:/127.0.0.1:56646 - R:localhost/127.0.0.1:54212]' for 'DELETE' to 'http://localhost:54212/session/f55013250e1b04b857a8c466af3c77ff'
19:25:32.695 [Driver Command Executor] DEBUG org.asynchttpclient.netty.request.NettyRequestSender - Using open Channel [id: 0xd32012c8, L:/127.0.0.1:56646 - R:localhost/127.0.0.1:54212] for DELETE '/session/f55013250e1b04b857a8c466af3c77ff'
19:25:32.710 [AsyncHttpClient-1-1] DEBUG org.asynchttpclient.netty.channel.DefaultChannelPool - Entry count for : http://localhost:56647 : 1
19:25:32.742 [AsyncHttpClient-1-6] DEBUG org.asynchttpclient.netty.handler.HttpHandler - Unexpected I/O exception on channel [id: 0x4503193e, L:/127.0.0.1:56655 - R:localhost/127.0.0.1:56647]
java.net.SocketException: Connection reset
	at java.base/sun.nio.ch.SocketChannelImpl.throwConnectionReset(SocketChannelImpl.java:367)
	at java.base/sun.nio.ch.SocketChannelImpl.read(SocketChannelImpl.java:398)
	at io.netty.buffer.PooledByteBuf.setBytes(PooledByteBuf.java:258)
	at io.netty.buffer.AbstractByteBuf.writeBytes(AbstractByteBuf.java:1132)
	at io.netty.channel.socket.nio.NioSocketChannel.doReadBytes(NioSocketChannel.java:350)
	at io.netty.channel.nio.AbstractNioByteChannel$NioByteUnsafe.read(AbstractNioByteChannel.java:151)
	at io.netty.channel.nio.NioEventLoop.processSelectedKey(NioEventLoop.java:722)
	at io.netty.channel.nio.NioEventLoop.processSelectedKeysOptimized(NioEventLoop.java:658)
	at io.netty.channel.nio.NioEventLoop.processSelectedKeys(NioEventLoop.java:584)
	at io.netty.channel.nio.NioEventLoop.run(NioEventLoop.java:496)
	at io.netty.util.concurrent.SingleThreadEventExecutor$4.run(SingleThreadEventExecutor.java:986)
	at io.netty.util.internal.ThreadExecutorMap$2.run(ThreadExecutorMap.java:74)
	at io.netty.util.concurrent.FastThreadLocalRunnable.run(FastThreadLocalRunnable.java:30)
	at java.base/java.lang.Thread.run(Thread.java:832)
19:25:32.742 [AsyncHttpClient-1-6] DEBUG org.asynchttpclient.netty.channel.ChannelManager - Closing Channel [id: 0x4503193e, L:/127.0.0.1:56655 - R:localhost/127.0.0.1:56647] 
19:25:32.742 [AsyncHttpClient-1-6] DEBUG org.asynchttpclient.netty.handler.HttpHandler - Channel Closed: [id: 0x4503193e, L:/127.0.0.1:56655 ! R:localhost/127.0.0.1:56647] with attribute DISCARD
19:25:32.765 [AsyncHttpClient-1-5] DEBUG org.asynchttpclient.netty.handler.HttpHandler - 

Request DefaultFullHttpRequest(decodeResult: success, version: HTTP/1.1, content: EmptyByteBufBE)
DELETE /session/f55013250e1b04b857a8c466af3c77ff HTTP/1.1
User-Agent: selenium/4.1.2 (java windows)
Content-Type: application/json; charset=utf-8
host: localhost:54212
accept: */*

Response DefaultHttpResponse(decodeResult: success, version: HTTP/1.1)
HTTP/1.1 200 OK
Content-Type: application/json; charset=utf-8
cache-control: no-cache
content-length: 14

19:25:32.767 [AsyncHttpClient-1-5] DEBUG org.asynchttpclient.netty.channel.ChannelManager - Adding key: http://localhost:54212 for channel [id: 0xd32012c8, L:/127.0.0.1:56646 - R:localhost/127.0.0.1:54212]
19:25:32.937 [AsyncHttpClient-1-5] DEBUG org.asynchttpclient.netty.handler.HttpHandler - Channel Closed: [id: 0xd32012c8, L:/127.0.0.1:56646 ! R:localhost/127.0.0.1:54212] with attribute DISCARD
19:25:33.454 [main] INFO  - 
  _____   ___   ___   _____     ___     _     ___   ___   ___   ___  
 |_   _| | __| / __| |_   _|   | _ \   /_\   / __| / __| | __| |   \ 
   | |   | _|  \__ \   | |     |  _/  / _ \  \__ \ \__ \ | _|  | |) |
   |_|   |___| |___/   |_|     |_|   /_/ \_\ |___/ |___/ |___| |___/ 

Login scenario
----------------------------------------------------------------------
]]></system-out>
    <system-err><![CDATA[Starting ChromeDriver 100.0.4896.60 (6a5d10861ce8de5fce22564658033b43cb7de047-refs/branch-heads/4896@{#875}) on port 54212
Only local connections are allowed.
Please see https://chromedriver.chromium.org/security-considerations for suggestions on keeping ChromeDriver safe.
ChromeDriver was started successfully.
Apr 30, 2022 7:25:23 PM org.openqa.selenium.remote.ProtocolHandshake createSession
INFO: Detected dialect: W3C
Apr 30, 2022 7:25:23 PM org.openqa.selenium.devtools.CdpVersionFinder findNearestMatch
WARNING: Unable to find an exact match for CDP version 100, so returning the closest version found: 97
Apr 30, 2022 7:25:23 PM org.openqa.selenium.devtools.CdpVersionFinder findNearestMatch
INFO: Found CDP implementation for version 100 of 97
]]></system-err>
  </testcase>
  <testcase name="Login scenario #3" classname="Login" time="10.938">
    <system-out><![CDATA[
@DDT
Scenario Outline: Login scenario       &amp#27;[90m# src/test/resources/features/login.feature:19&amp#27;[0m
19:25:33.472 [main] INFO io.cucumber.core.plugin.SerenityReporter - Running feature from file:///D:/PERKULIAHAN/Semester%206,Hebatt%20glad!/Altera/QE_Gladys-Cindana-Asri-Pardosi/Mini-Project/Web/src/test/resources/features/login.feature
19:25:33.520 [main] DEBUG net.thucydides.core.steps.StepInterceptor - STARTING STEP: stepdefinition.iAmOnLoginPage - openUrl
19:25:33.523 [main] INFO net.serenitybdd.core.webdriver.driverproviders.ChromeDriverProvider - Using automatically driver download
19:25:33.738 [main] DEBUG io.github.bonigarcia.wdm.cache.ResolutionCache - Resolution chrome=100 in cache (valid until 19:49:42 30/04/2022 WIB)
19:25:33.755 [main] DEBUG io.github.bonigarcia.wdm.cache.ResolutionCache - Resolution chrome100=100.0.4896.60 in cache (valid until 18:49:42 01/05/2022 WIB)
19:25:33.760 [main] INFO io.github.bonigarcia.wdm.WebDriverManager - Using chromedriver 100.0.4896.60 (resolved driver for Chrome 100)
19:25:33.803 [main] DEBUG io.github.bonigarcia.wdm.WebDriverManager - Driver chromedriver 100.0.4896.60 found in cache
19:25:33.805 [main] INFO io.github.bonigarcia.wdm.WebDriverManager - Exporting webdriver.chrome.driver as C:\Users\ASUS\.cache\selenium\chromedriver\win32\100.0.4896.60\chromedriver.exe
19:25:33.810 [AsyncHttpClient-1-1] DEBUG org.asynchttpclient.netty.channel.DefaultChannelPool - Entry count for : http://localhost:54212 : 1
19:25:33.810 [AsyncHttpClient-1-1] DEBUG org.asynchttpclient.netty.channel.DefaultChannelPool - Entry count for : http://localhost:56647 : 1
19:25:33.810 [AsyncHttpClient-1-1] DEBUG org.asynchttpclient.netty.channel.DefaultChannelPool - Adding Candidate expired Channel [id: 0xd32012c8, L:/127.0.0.1:56646 ! R:localhost/127.0.0.1:54212] isIdleTimeoutExpired=false isRemotelyClosed=true isTtlExpired=false
19:25:33.810 [AsyncHttpClient-1-1] DEBUG org.asynchttpclient.netty.channel.DefaultChannelPool - Closing Idle Channel [id: 0xd32012c8, L:/127.0.0.1:56646 ! R:localhost/127.0.0.1:54212]
19:25:33.810 [AsyncHttpClient-1-1] DEBUG org.asynchttpclient.netty.channel.DefaultChannelPool - Adding Candidate expired Channel [id: 0x4503193e, L:/127.0.0.1:56655 ! R:localhost/127.0.0.1:56647] isIdleTimeoutExpired=false isRemotelyClosed=true isTtlExpired=false
19:25:33.810 [AsyncHttpClient-1-1] DEBUG org.asynchttpclient.netty.channel.DefaultChannelPool - Closing Idle Channel [id: 0x4503193e, L:/127.0.0.1:56655 ! R:localhost/127.0.0.1:56647]
19:25:33.810 [AsyncHttpClient-1-1] DEBUG org.asynchttpclient.netty.channel.DefaultChannelPool - Closed 2 connections out of 2 in 0 ms
19:25:34.003 [main] DEBUG net.serenitybdd.core.webdriver.driverproviders.ProvideNewDriver - Instantiating driver
19:25:34.003 [main] DEBUG net.serenitybdd.core.webdriver.driverproviders.ProvideNewDriver - Driver capabilities: Capabilities {acceptInsecureCerts: false, base.url: , browserName: chrome, goog:chromeOptions: {args: [], extensions: []}}
19:25:34.556 [AsyncHttpClient-1-8] DEBUG org.asynchttpclient.netty.channel.NettyConnectListener - Using new Channel '[id: 0x8fb8e365, L:/127.0.0.1:56684 - R:localhost/127.0.0.1:56432]' for 'POST' to '/session'
19:25:36.210 [AsyncHttpClient-1-8] DEBUG org.asynchttpclient.netty.handler.HttpHandler - 

Request DefaultHttpRequest(decodeResult: success, version: HTTP/1.1)
POST /session HTTP/1.1
User-Agent: selenium/4.1.2 (java windows)
Content-Length: 457
Content-Type: application/json; charset=utf-8
host: localhost:56432
accept: */*

Response DefaultHttpResponse(decodeResult: success, version: HTTP/1.1)
HTTP/1.1 200 OK
Content-Type: application/json; charset=utf-8
cache-control: no-cache
content-length: 790

19:25:36.211 [AsyncHttpClient-1-8] DEBUG org.asynchttpclient.netty.channel.ChannelManager - Adding key: http://localhost:56432 for channel [id: 0x8fb8e365, L:/127.0.0.1:56684 - R:localhost/127.0.0.1:56432]
19:25:36.305 [AsyncHttpClient-1-9] DEBUG org.asynchttpclient.netty.channel.NettyConnectListener - Using new Channel '[id: 0x5d57dd9b, L:/127.0.0.1:56694 - R:localhost/127.0.0.1:56686]' for 'GET' to '/json/version'
19:25:36.341 [AsyncHttpClient-1-9] DEBUG org.asynchttpclient.netty.handler.HttpHandler - 

Request DefaultFullHttpRequest(decodeResult: success, version: HTTP/1.1, content: EmptyByteBufBE)
GET /json/version HTTP/1.1
User-Agent: selenium/4.1.2 (java windows)
host: localhost:56686
accept: */*

Response DefaultHttpResponse(decodeResult: success, version: HTTP/1.1)
HTTP/1.1 200 OK
Content-Type: application/json; charset=UTF-8
content-length: 429

19:25:36.341 [AsyncHttpClient-1-9] DEBUG org.asynchttpclient.netty.channel.ChannelManager - Adding key: http://localhost:56686 for channel [id: 0x5d57dd9b, L:/127.0.0.1:56694 - R:localhost/127.0.0.1:56686]
19:25:36.366 [AsyncHttpClient-1-10] DEBUG org.asynchttpclient.netty.channel.NettyConnectListener - Using new Channel '[id: 0x65b6d724, L:/127.0.0.1:56695 - R:localhost/127.0.0.1:56686]' for 'GET' to '/devtools/browser/5d7ba398-5c8f-40f5-ab91-0739289e7adc'
19:25:36.394 [AsyncHttpClient-1-10] DEBUG org.asynchttpclient.netty.handler.WebSocketHandler - 

Request DefaultFullHttpRequest(decodeResult: success, version: HTTP/1.1, content: EmptyByteBufBE)
GET /devtools/browser/5d7ba398-5c8f-40f5-ab91-0739289e7adc HTTP/1.1
upgrade: websocket
connection: upgrade
sec-websocket-key: R/59GBrd8iRvd2LgqQFYlw==
sec-websocket-version: 13
origin: http://localhost:56686
host: localhost:56686
accept: */*
user-agent: AHC/2.1

Response DefaultHttpResponse(decodeResult: success, version: HTTP/1.1)
HTTP/1.1 101 WebSocket Protocol Handshake
Upgrade: WebSocket
Connection: Upgrade
Sec-WebSocket-Accept: 9J+nwUs78FVMVDl9298JodtXpTU=

19:25:36.414 [Forwarding get on session 66651efe89dfdffe723451da09bebc98 to remote] DEBUG org.asynchttpclient.netty.request.NettyRequestSender - Using pooled Channel '[id: 0x8fb8e365, L:/127.0.0.1:56684 - R:localhost/127.0.0.1:56432]' for 'POST' to 'http://localhost:56432/session/66651efe89dfdffe723451da09bebc98/url'
19:25:36.414 [Forwarding get on session 66651efe89dfdffe723451da09bebc98 to remote] DEBUG org.asynchttpclient.netty.request.NettyRequestSender - Using open Channel [id: 0x8fb8e365, L:/127.0.0.1:56684 - R:localhost/127.0.0.1:56432] for POST '/session/66651efe89dfdffe723451da09bebc98/url'
19:25:37.109 [AsyncHttpClient-1-1] DEBUG org.asynchttpclient.netty.channel.DefaultChannelPool - Entry count for : http://localhost:56686 : 1
19:25:38.208 [AsyncHttpClient-1-1] DEBUG org.asynchttpclient.netty.channel.DefaultChannelPool - Entry count for : http://localhost:56686 : 1
19:25:39.309 [AsyncHttpClient-1-1] DEBUG org.asynchttpclient.netty.channel.DefaultChannelPool - Entry count for : http://localhost:56686 : 1
19:25:39.744 [AsyncHttpClient-1-8] DEBUG org.asynchttpclient.netty.handler.HttpHandler - 

Request DefaultHttpRequest(decodeResult: success, version: HTTP/1.1)
POST /session/66651efe89dfdffe723451da09bebc98/url HTTP/1.1
User-Agent: selenium/4.1.2 (java windows)
Content-Length: 49
Content-Type: application/json; charset=utf-8
host: localhost:56432
accept: */*

Response DefaultHttpResponse(decodeResult: success, version: HTTP/1.1)
HTTP/1.1 200 OK
Content-Type: application/json; charset=utf-8
cache-control: no-cache
content-length: 14

19:25:39.746 [AsyncHttpClient-1-8] DEBUG org.asynchttpclient.netty.channel.ChannelManager - Adding key: http://localhost:56432 for channel [id: 0x8fb8e365, L:/127.0.0.1:56684 - R:localhost/127.0.0.1:56432]
19:25:39.751 [Forwarding setTimeout on session 66651efe89dfdffe723451da09bebc98 to remote] DEBUG org.asynchttpclient.netty.request.NettyRequestSender - Using pooled Channel '[id: 0x8fb8e365, L:/127.0.0.1:56684 - R:localhost/127.0.0.1:56432]' for 'POST' to 'http://localhost:56432/session/66651efe89dfdffe723451da09bebc98/timeouts'
19:25:39.751 [Forwarding setTimeout on session 66651efe89dfdffe723451da09bebc98 to remote] DEBUG org.asynchttpclient.netty.request.NettyRequestSender - Using open Channel [id: 0x8fb8e365, L:/127.0.0.1:56684 - R:localhost/127.0.0.1:56432] for POST '/session/66651efe89dfdffe723451da09bebc98/timeouts'
19:25:39.754 [AsyncHttpClient-1-8] DEBUG org.asynchttpclient.netty.handler.HttpHandler - 

Request DefaultHttpRequest(decodeResult: success, version: HTTP/1.1)
POST /session/66651efe89dfdffe723451da09bebc98/timeouts HTTP/1.1
User-Agent: selenium/4.1.2 (java windows)
Content-Length: 22
Content-Type: application/json; charset=utf-8
host: localhost:56432
accept: */*

Response DefaultHttpResponse(decodeResult: success, version: HTTP/1.1)
HTTP/1.1 200 OK
Content-Type: application/json; charset=utf-8
cache-control: no-cache
content-length: 14

19:25:39.754 [AsyncHttpClient-1-8] DEBUG org.asynchttpclient.netty.channel.ChannelManager - Adding key: http://localhost:56432 for channel [id: 0x8fb8e365, L:/127.0.0.1:56684 - R:localhost/127.0.0.1:56432]
19:25:39.761 [Forwarding getCurrentUrl on session 66651efe89dfdffe723451da09bebc98 to remote] DEBUG org.asynchttpclient.netty.request.NettyRequestSender - Using pooled Channel '[id: 0x8fb8e365, L:/127.0.0.1:56684 - R:localhost/127.0.0.1:56432]' for 'GET' to 'http://localhost:56432/session/66651efe89dfdffe723451da09bebc98/url'
19:25:39.761 [Forwarding getCurrentUrl on session 66651efe89dfdffe723451da09bebc98 to remote] DEBUG org.asynchttpclient.netty.request.NettyRequestSender - Using open Channel [id: 0x8fb8e365, L:/127.0.0.1:56684 - R:localhost/127.0.0.1:56432] for GET '/session/66651efe89dfdffe723451da09bebc98/url'
19:25:39.771 [AsyncHttpClient-1-8] DEBUG org.asynchttpclient.netty.handler.HttpHandler - 

Request DefaultFullHttpRequest(decodeResult: success, version: HTTP/1.1, content: EmptyByteBufBE)
GET /session/66651efe89dfdffe723451da09bebc98/url HTTP/1.1
User-Agent: selenium/4.1.2 (java windows)
Cache-Control: no-cache
Content-Type: application/json; charset=utf-8
host: localhost:56432
accept: */*

Response DefaultHttpResponse(decodeResult: success, version: HTTP/1.1)
HTTP/1.1 200 OK
Content-Type: application/json; charset=utf-8
cache-control: no-cache
content-length: 31

19:25:39.771 [AsyncHttpClient-1-8] DEBUG org.asynchttpclient.netty.channel.ChannelManager - Adding key: http://localhost:56432 for channel [id: 0x8fb8e365, L:/127.0.0.1:56684 - R:localhost/127.0.0.1:56432]
19:25:39.786 [Forwarding screenshot on session 66651efe89dfdffe723451da09bebc98 to remote] DEBUG org.asynchttpclient.netty.request.NettyRequestSender - Using pooled Channel '[id: 0x8fb8e365, L:/127.0.0.1:56684 - R:localhost/127.0.0.1:56432]' for 'GET' to 'http://localhost:56432/session/66651efe89dfdffe723451da09bebc98/screenshot'
19:25:39.786 [Forwarding screenshot on session 66651efe89dfdffe723451da09bebc98 to remote] DEBUG org.asynchttpclient.netty.request.NettyRequestSender - Using open Channel [id: 0x8fb8e365, L:/127.0.0.1:56684 - R:localhost/127.0.0.1:56432] for GET '/session/66651efe89dfdffe723451da09bebc98/screenshot'
19:25:40.411 [AsyncHttpClient-1-1] DEBUG org.asynchttpclient.netty.channel.DefaultChannelPool - Entry count for : http://localhost:56686 : 1
19:25:40.789 [AsyncHttpClient-1-8] DEBUG org.asynchttpclient.netty.handler.HttpHandler - 

Request DefaultFullHttpRequest(decodeResult: success, version: HTTP/1.1, content: EmptyByteBufBE)
GET /session/66651efe89dfdffe723451da09bebc98/screenshot HTTP/1.1
User-Agent: selenium/4.1.2 (java windows)
Cache-Control: no-cache
Content-Type: application/json; charset=utf-8
host: localhost:56432
accept: */*

Response DefaultHttpResponse(decodeResult: success, version: HTTP/1.1)
HTTP/1.1 200 OK
Content-Type: application/json; charset=utf-8
cache-control: no-cache
content-length: 49788

19:25:40.789 [AsyncHttpClient-1-8] DEBUG org.asynchttpclient.netty.channel.ChannelManager - Adding key: http://localhost:56432 for channel [id: 0x8fb8e365, L:/127.0.0.1:56684 - R:localhost/127.0.0.1:56432]
19:25:40.794 [main] DEBUG net.serenitybdd.core.photography.Darkroom - Send negative for processing for target\site\serenity\e6a63c95d3bdf56a788b726a2a4cb3add5c6ed242822e36dd69a8dc52fd32436.png
19:25:40.796 [main] DEBUG net.thucydides.core.steps.StepInterceptor - STEP DONE: openUrl
19:25:40.806 [main] DEBUG net.thucydides.core.steps.StepInterceptor - STARTING STEP: stepdefinition.iAmOnLoginPage - clickIconLogin
19:25:40.814 [Forwarding findElement on session 66651efe89dfdffe723451da09bebc98 to remote] DEBUG org.asynchttpclient.netty.request.NettyRequestSender - Using pooled Channel '[id: 0x8fb8e365, L:/127.0.0.1:56684 - R:localhost/127.0.0.1:56432]' for 'POST' to 'http://localhost:56432/session/66651efe89dfdffe723451da09bebc98/element'
19:25:40.814 [Forwarding findElement on session 66651efe89dfdffe723451da09bebc98 to remote] DEBUG org.asynchttpclient.netty.request.NettyRequestSender - Using open Channel [id: 0x8fb8e365, L:/127.0.0.1:56684 - R:localhost/127.0.0.1:56432] for POST '/session/66651efe89dfdffe723451da09bebc98/element'
19:25:40.834 [AsyncHttpClient-1-8] DEBUG org.asynchttpclient.netty.handler.HttpHandler - 

Request DefaultHttpRequest(decodeResult: success, version: HTTP/1.1)
POST /session/66651efe89dfdffe723451da09bebc98/element HTTP/1.1
User-Agent: selenium/4.1.2 (java windows)
Content-Length: 170
Content-Type: application/json; charset=utf-8
host: localhost:56432
accept: */*

Response DefaultHttpResponse(decodeResult: success, version: HTTP/1.1)
HTTP/1.1 200 OK
Content-Type: application/json; charset=utf-8
cache-control: no-cache
content-length: 88

19:25:40.836 [AsyncHttpClient-1-8] DEBUG org.asynchttpclient.netty.channel.ChannelManager - Adding key: http://localhost:56432 for channel [id: 0x8fb8e365, L:/127.0.0.1:56684 - R:localhost/127.0.0.1:56432]
19:25:40.839 [Forwarding getElementTagName on session 66651efe89dfdffe723451da09bebc98 to remote] DEBUG org.asynchttpclient.netty.request.NettyRequestSender - Using pooled Channel '[id: 0x8fb8e365, L:/127.0.0.1:56684 - R:localhost/127.0.0.1:56432]' for 'GET' to 'http://localhost:56432/session/66651efe89dfdffe723451da09bebc98/element/6c02c0e3-1973-4395-8c4f-c7b6a2a0b245/name'
19:25:40.839 [Forwarding getElementTagName on session 66651efe89dfdffe723451da09bebc98 to remote] DEBUG org.asynchttpclient.netty.request.NettyRequestSender - Using open Channel [id: 0x8fb8e365, L:/127.0.0.1:56684 - R:localhost/127.0.0.1:56432] for GET '/session/66651efe89dfdffe723451da09bebc98/element/6c02c0e3-1973-4395-8c4f-c7b6a2a0b245/name'
19:25:40.846 [AsyncHttpClient-1-8] DEBUG org.asynchttpclient.netty.handler.HttpHandler - 

Request DefaultFullHttpRequest(decodeResult: success, version: HTTP/1.1, content: EmptyByteBufBE)
GET /session/66651efe89dfdffe723451da09bebc98/element/6c02c0e3-1973-4395-8c4f-c7b6a2a0b245/name HTTP/1.1
User-Agent: selenium/4.1.2 (java windows)
Cache-Control: no-cache
Content-Type: application/json; charset=utf-8
host: localhost:56432
accept: */*

Response DefaultHttpResponse(decodeResult: success, version: HTTP/1.1)
HTTP/1.1 200 OK
Content-Type: application/json; charset=utf-8
cache-control: no-cache
content-length: 13

19:25:40.849 [AsyncHttpClient-1-8] DEBUG org.asynchttpclient.netty.channel.ChannelManager - Adding key: http://localhost:56432 for channel [id: 0x8fb8e365, L:/127.0.0.1:56684 - R:localhost/127.0.0.1:56432]
19:25:40.851 [Forwarding getElementTagName on session 66651efe89dfdffe723451da09bebc98 to remote] DEBUG org.asynchttpclient.netty.request.NettyRequestSender - Using pooled Channel '[id: 0x8fb8e365, L:/127.0.0.1:56684 - R:localhost/127.0.0.1:56432]' for 'GET' to 'http://localhost:56432/session/66651efe89dfdffe723451da09bebc98/element/6c02c0e3-1973-4395-8c4f-c7b6a2a0b245/name'
19:25:40.854 [Forwarding getElementTagName on session 66651efe89dfdffe723451da09bebc98 to remote] DEBUG org.asynchttpclient.netty.request.NettyRequestSender - Using open Channel [id: 0x8fb8e365, L:/127.0.0.1:56684 - R:localhost/127.0.0.1:56432] for GET '/session/66651efe89dfdffe723451da09bebc98/element/6c02c0e3-1973-4395-8c4f-c7b6a2a0b245/name'
19:25:40.859 [AsyncHttpClient-1-8] DEBUG org.asynchttpclient.netty.handler.HttpHandler - 

Request DefaultFullHttpRequest(decodeResult: success, version: HTTP/1.1, content: EmptyByteBufBE)
GET /session/66651efe89dfdffe723451da09bebc98/element/6c02c0e3-1973-4395-8c4f-c7b6a2a0b245/name HTTP/1.1
User-Agent: selenium/4.1.2 (java windows)
Cache-Control: no-cache
Content-Type: application/json; charset=utf-8
host: localhost:56432
accept: */*

Response DefaultHttpResponse(decodeResult: success, version: HTTP/1.1)
HTTP/1.1 200 OK
Content-Type: application/json; charset=utf-8
cache-control: no-cache
content-length: 13

19:25:40.861 [AsyncHttpClient-1-8] DEBUG org.asynchttpclient.netty.channel.ChannelManager - Adding key: http://localhost:56432 for channel [id: 0x8fb8e365, L:/127.0.0.1:56684 - R:localhost/127.0.0.1:56432]
19:25:40.866 [Forwarding findElement on session 66651efe89dfdffe723451da09bebc98 to remote] DEBUG org.asynchttpclient.netty.request.NettyRequestSender - Using pooled Channel '[id: 0x8fb8e365, L:/127.0.0.1:56684 - R:localhost/127.0.0.1:56432]' for 'POST' to 'http://localhost:56432/session/66651efe89dfdffe723451da09bebc98/element'
19:25:40.866 [Forwarding findElement on session 66651efe89dfdffe723451da09bebc98 to remote] DEBUG org.asynchttpclient.netty.request.NettyRequestSender - Using open Channel [id: 0x8fb8e365, L:/127.0.0.1:56684 - R:localhost/127.0.0.1:56432] for POST '/session/66651efe89dfdffe723451da09bebc98/element'
19:25:40.881 [AsyncHttpClient-1-8] DEBUG org.asynchttpclient.netty.handler.HttpHandler - 

Request DefaultHttpRequest(decodeResult: success, version: HTTP/1.1)
POST /session/66651efe89dfdffe723451da09bebc98/element HTTP/1.1
User-Agent: selenium/4.1.2 (java windows)
Content-Length: 170
Content-Type: application/json; charset=utf-8
host: localhost:56432
accept: */*

Response DefaultHttpResponse(decodeResult: success, version: HTTP/1.1)
HTTP/1.1 200 OK
Content-Type: application/json; charset=utf-8
cache-control: no-cache
content-length: 88

19:25:40.881 [AsyncHttpClient-1-8] DEBUG org.asynchttpclient.netty.channel.ChannelManager - Adding key: http://localhost:56432 for channel [id: 0x8fb8e365, L:/127.0.0.1:56684 - R:localhost/127.0.0.1:56432]
19:25:40.884 [Forwarding clickElement on session 66651efe89dfdffe723451da09bebc98 to remote] DEBUG org.asynchttpclient.netty.request.NettyRequestSender - Using pooled Channel '[id: 0x8fb8e365, L:/127.0.0.1:56684 - R:localhost/127.0.0.1:56432]' for 'POST' to 'http://localhost:56432/session/66651efe89dfdffe723451da09bebc98/element/6c02c0e3-1973-4395-8c4f-c7b6a2a0b245/click'
19:25:40.884 [Forwarding clickElement on session 66651efe89dfdffe723451da09bebc98 to remote] DEBUG org.asynchttpclient.netty.request.NettyRequestSender - Using open Channel [id: 0x8fb8e365, L:/127.0.0.1:56684 - R:localhost/127.0.0.1:56432] for POST '/session/66651efe89dfdffe723451da09bebc98/element/6c02c0e3-1973-4395-8c4f-c7b6a2a0b245/click'
19:25:40.949 [AsyncHttpClient-1-8] DEBUG org.asynchttpclient.netty.handler.HttpHandler - 

Request DefaultHttpRequest(decodeResult: success, version: HTTP/1.1)
POST /session/66651efe89dfdffe723451da09bebc98/element/6c02c0e3-1973-4395-8c4f-c7b6a2a0b245/click HTTP/1.1
User-Agent: selenium/4.1.2 (java windows)
Content-Length: 50
Content-Type: application/json; charset=utf-8
host: localhost:56432
accept: */*

Response DefaultHttpResponse(decodeResult: success, version: HTTP/1.1)
HTTP/1.1 200 OK
Content-Type: application/json; charset=utf-8
cache-control: no-cache
content-length: 14

19:25:40.949 [AsyncHttpClient-1-8] DEBUG org.asynchttpclient.netty.channel.ChannelManager - Adding key: http://localhost:56432 for channel [id: 0x8fb8e365, L:/127.0.0.1:56684 - R:localhost/127.0.0.1:56432]
19:25:40.966 [Forwarding screenshot on session 66651efe89dfdffe723451da09bebc98 to remote] DEBUG org.asynchttpclient.netty.request.NettyRequestSender - Using pooled Channel '[id: 0x8fb8e365, L:/127.0.0.1:56684 - R:localhost/127.0.0.1:56432]' for 'GET' to 'http://localhost:56432/session/66651efe89dfdffe723451da09bebc98/screenshot'
19:25:40.966 [Forwarding screenshot on session 66651efe89dfdffe723451da09bebc98 to remote] DEBUG org.asynchttpclient.netty.request.NettyRequestSender - Using open Channel [id: 0x8fb8e365, L:/127.0.0.1:56684 - R:localhost/127.0.0.1:56432] for GET '/session/66651efe89dfdffe723451da09bebc98/screenshot'
19:25:41.420 [AsyncHttpClient-1-8] DEBUG org.asynchttpclient.netty.handler.HttpHandler - 

Request DefaultFullHttpRequest(decodeResult: success, version: HTTP/1.1, content: EmptyByteBufBE)
GET /session/66651efe89dfdffe723451da09bebc98/screenshot HTTP/1.1
User-Agent: selenium/4.1.2 (java windows)
Cache-Control: no-cache
Content-Type: application/json; charset=utf-8
host: localhost:56432
accept: */*

Response DefaultHttpResponse(decodeResult: success, version: HTTP/1.1)
HTTP/1.1 200 OK
Content-Type: application/json; charset=utf-8
cache-control: no-cache
content-length: 40140

19:25:41.420 [AsyncHttpClient-1-8] DEBUG org.asynchttpclient.netty.channel.ChannelManager - Adding key: http://localhost:56432 for channel [id: 0x8fb8e365, L:/127.0.0.1:56684 - R:localhost/127.0.0.1:56432]
19:25:41.425 [main] DEBUG net.serenitybdd.core.photography.Darkroom - Send negative for processing for target\site\serenity\b2526f376d5b741adf432def5b93c519a8702ae6384afbd063123425135fd5e6.png
19:25:41.425 [main] DEBUG net.thucydides.core.steps.StepInterceptor - STEP DONE: clickIconLogin
19:25:41.425 [Darkroom Processing Line] DEBUG net.serenitybdd.core.photography.DarkroomProcessingLine - Processing screenshot image in /var/screenshots/screenshot-16885928949523284810
  &amp#27;[32mGiven &amp#27;[0m&amp#27;[32mi am on login page&amp#27;[0m             &amp#27;[90m# starter.stepdefinitions.stepdefinition.iAmOnLoginPage()&amp#27;[0m
19:25:41.425 [Darkroom Processing Line] DEBUG net.serenitybdd.core.photography.DarkroomProcessingLine - Saving screenshot to target\site\serenity\b2526f376d5b741adf432def5b93c519a8702ae6384afbd063123425135fd5e6.png
19:25:41.455 [main] DEBUG net.thucydides.core.steps.StepInterceptor - STARTING STEP: stepdefinition.iInputUsername - inputUsername
19:25:41.460 [Forwarding findElement on session 66651efe89dfdffe723451da09bebc98 to remote] DEBUG org.asynchttpclient.netty.request.NettyRequestSender - Using pooled Channel '[id: 0x8fb8e365, L:/127.0.0.1:56684 - R:localhost/127.0.0.1:56432]' for 'POST' to 'http://localhost:56432/session/66651efe89dfdffe723451da09bebc98/element'
19:25:41.460 [Forwarding findElement on session 66651efe89dfdffe723451da09bebc98 to remote] DEBUG org.asynchttpclient.netty.request.NettyRequestSender - Using open Channel [id: 0x8fb8e365, L:/127.0.0.1:56684 - R:localhost/127.0.0.1:56432] for POST '/session/66651efe89dfdffe723451da09bebc98/element'
19:25:41.485 [AsyncHttpClient-1-8] DEBUG org.asynchttpclient.netty.handler.HttpHandler - 

Request DefaultHttpRequest(decodeResult: success, version: HTTP/1.1)
POST /session/66651efe89dfdffe723451da09bebc98/element HTTP/1.1
User-Agent: selenium/4.1.2 (java windows)
Content-Length: 86
Content-Type: application/json; charset=utf-8
host: localhost:56432
accept: */*

Response DefaultHttpResponse(decodeResult: success, version: HTTP/1.1)
HTTP/1.1 200 OK
Content-Type: application/json; charset=utf-8
cache-control: no-cache
content-length: 88

19:25:41.485 [AsyncHttpClient-1-8] DEBUG org.asynchttpclient.netty.channel.ChannelManager - Adding key: http://localhost:56432 for channel [id: 0x8fb8e365, L:/127.0.0.1:56684 - R:localhost/127.0.0.1:56432]
19:25:41.488 [Forwarding clearElement on session 66651efe89dfdffe723451da09bebc98 to remote] DEBUG org.asynchttpclient.netty.request.NettyRequestSender - Using pooled Channel '[id: 0x8fb8e365, L:/127.0.0.1:56684 - R:localhost/127.0.0.1:56432]' for 'POST' to 'http://localhost:56432/session/66651efe89dfdffe723451da09bebc98/element/72e9b026-5e6b-4ceb-885a-3a284d0a6c35/clear'
19:25:41.488 [Forwarding clearElement on session 66651efe89dfdffe723451da09bebc98 to remote] DEBUG org.asynchttpclient.netty.request.NettyRequestSender - Using open Channel [id: 0x8fb8e365, L:/127.0.0.1:56684 - R:localhost/127.0.0.1:56432] for POST '/session/66651efe89dfdffe723451da09bebc98/element/72e9b026-5e6b-4ceb-885a-3a284d0a6c35/clear'
19:25:41.508 [AsyncHttpClient-1-1] DEBUG org.asynchttpclient.netty.channel.DefaultChannelPool - Entry count for : http://localhost:56686 : 1
19:25:41.540 [AsyncHttpClient-1-8] DEBUG org.asynchttpclient.netty.handler.HttpHandler - 

Request DefaultHttpRequest(decodeResult: success, version: HTTP/1.1)
POST /session/66651efe89dfdffe723451da09bebc98/element/72e9b026-5e6b-4ceb-885a-3a284d0a6c35/clear HTTP/1.1
User-Agent: selenium/4.1.2 (java windows)
Content-Length: 50
Content-Type: application/json; charset=utf-8
host: localhost:56432
accept: */*

Response DefaultHttpResponse(decodeResult: success, version: HTTP/1.1)
HTTP/1.1 200 OK
Content-Type: application/json; charset=utf-8
cache-control: no-cache
content-length: 14

19:25:41.540 [AsyncHttpClient-1-8] DEBUG org.asynchttpclient.netty.channel.ChannelManager - Adding key: http://localhost:56432 for channel [id: 0x8fb8e365, L:/127.0.0.1:56684 - R:localhost/127.0.0.1:56432]
19:25:41.545 [Forwarding sendKeysToElement on session 66651efe89dfdffe723451da09bebc98 to remote] DEBUG org.asynchttpclient.netty.request.NettyRequestSender - Using pooled Channel '[id: 0x8fb8e365, L:/127.0.0.1:56684 - R:localhost/127.0.0.1:56432]' for 'POST' to 'http://localhost:56432/session/66651efe89dfdffe723451da09bebc98/element/72e9b026-5e6b-4ceb-885a-3a284d0a6c35/value'
19:25:41.545 [Forwarding sendKeysToElement on session 66651efe89dfdffe723451da09bebc98 to remote] DEBUG org.asynchttpclient.netty.request.NettyRequestSender - Using open Channel [id: 0x8fb8e365, L:/127.0.0.1:56684 - R:localhost/127.0.0.1:56432] for POST '/session/66651efe89dfdffe723451da09bebc98/element/72e9b026-5e6b-4ceb-885a-3a284d0a6c35/value'
19:25:41.606 [AsyncHttpClient-1-8] DEBUG org.asynchttpclient.netty.handler.HttpHandler - 

Request DefaultHttpRequest(decodeResult: success, version: HTTP/1.1)
POST /session/66651efe89dfdffe723451da09bebc98/element/72e9b026-5e6b-4ceb-885a-3a284d0a6c35/value HTTP/1.1
User-Agent: selenium/4.1.2 (java windows)
Content-Length: 82
Content-Type: application/json; charset=utf-8
host: localhost:56432
accept: */*

Response DefaultHttpResponse(decodeResult: success, version: HTTP/1.1)
HTTP/1.1 200 OK
Content-Type: application/json; charset=utf-8
cache-control: no-cache
content-length: 14

19:25:41.606 [AsyncHttpClient-1-8] DEBUG org.asynchttpclient.netty.channel.ChannelManager - Adding key: http://localhost:56432 for channel [id: 0x8fb8e365, L:/127.0.0.1:56684 - R:localhost/127.0.0.1:56432]
19:25:41.620 [Forwarding screenshot on session 66651efe89dfdffe723451da09bebc98 to remote] DEBUG org.asynchttpclient.netty.request.NettyRequestSender - Using pooled Channel '[id: 0x8fb8e365, L:/127.0.0.1:56684 - R:localhost/127.0.0.1:56432]' for 'GET' to 'http://localhost:56432/session/66651efe89dfdffe723451da09bebc98/screenshot'
19:25:41.620 [Forwarding screenshot on session 66651efe89dfdffe723451da09bebc98 to remote] DEBUG org.asynchttpclient.netty.request.NettyRequestSender - Using open Channel [id: 0x8fb8e365, L:/127.0.0.1:56684 - R:localhost/127.0.0.1:56432] for GET '/session/66651efe89dfdffe723451da09bebc98/screenshot'
19:25:41.850 [AsyncHttpClient-1-8] DEBUG org.asynchttpclient.netty.handler.HttpHandler - 

Request DefaultFullHttpRequest(decodeResult: success, version: HTTP/1.1, content: EmptyByteBufBE)
GET /session/66651efe89dfdffe723451da09bebc98/screenshot HTTP/1.1
User-Agent: selenium/4.1.2 (java windows)
Cache-Control: no-cache
Content-Type: application/json; charset=utf-8
host: localhost:56432
accept: */*

Response DefaultHttpResponse(decodeResult: success, version: HTTP/1.1)
HTTP/1.1 200 OK
Content-Type: application/json; charset=utf-8
cache-control: no-cache
content-length: 39772

19:25:41.852 [AsyncHttpClient-1-8] DEBUG org.asynchttpclient.netty.channel.ChannelManager - Adding key: http://localhost:56432 for channel [id: 0x8fb8e365, L:/127.0.0.1:56684 - R:localhost/127.0.0.1:56432]
19:25:41.857 [main] DEBUG net.serenitybdd.core.photography.Darkroom - Send negative for processing for target\site\serenity\bb1810b2f218beeaf2e0358c6a4e6a77e9cb70f97962175ac81f3cb98b466c08.png
19:25:41.857 [main] DEBUG net.thucydides.core.steps.StepInterceptor - STEP DONE: inputUsername
  &amp#27;[32mWhen &amp#27;[0m&amp#27;[32mi input &amp#27;[0m&amp#27;[32m&amp#27;[1m""&amp#27;[0m&amp#27;[32m username&amp#27;[0m             &amp#27;[90m# starter.stepdefinitions.stepdefinition.iInputUsername(java.lang.String)&amp#27;[0m
19:25:41.857 [Darkroom Processing Line] DEBUG net.serenitybdd.core.photography.DarkroomProcessingLine - Processing screenshot image in /var/screenshots/screenshot-2785760239101759489
19:25:41.857 [Darkroom Processing Line] DEBUG net.serenitybdd.core.photography.DarkroomProcessingLine - Saving screenshot to target\site\serenity\bb1810b2f218beeaf2e0358c6a4e6a77e9cb70f97962175ac81f3cb98b466c08.png
19:25:41.890 [main] DEBUG net.thucydides.core.steps.StepInterceptor - STARTING STEP: stepdefinition.iInputPassword - inputPassword
19:25:41.895 [Forwarding findElement on session 66651efe89dfdffe723451da09bebc98 to remote] DEBUG org.asynchttpclient.netty.request.NettyRequestSender - Using pooled Channel '[id: 0x8fb8e365, L:/127.0.0.1:56684 - R:localhost/127.0.0.1:56432]' for 'POST' to 'http://localhost:56432/session/66651efe89dfdffe723451da09bebc98/element'
19:25:41.895 [Forwarding findElement on session 66651efe89dfdffe723451da09bebc98 to remote] DEBUG org.asynchttpclient.netty.request.NettyRequestSender - Using open Channel [id: 0x8fb8e365, L:/127.0.0.1:56684 - R:localhost/127.0.0.1:56432] for POST '/session/66651efe89dfdffe723451da09bebc98/element'
19:25:41.939 [AsyncHttpClient-1-8] DEBUG org.asynchttpclient.netty.handler.HttpHandler - 

Request DefaultHttpRequest(decodeResult: success, version: HTTP/1.1)
POST /session/66651efe89dfdffe723451da09bebc98/element HTTP/1.1
User-Agent: selenium/4.1.2 (java windows)
Content-Length: 89
Content-Type: application/json; charset=utf-8
host: localhost:56432
accept: */*

Response DefaultHttpResponse(decodeResult: success, version: HTTP/1.1)
HTTP/1.1 200 OK
Content-Type: application/json; charset=utf-8
cache-control: no-cache
content-length: 88

19:25:41.939 [AsyncHttpClient-1-8] DEBUG org.asynchttpclient.netty.channel.ChannelManager - Adding key: http://localhost:56432 for channel [id: 0x8fb8e365, L:/127.0.0.1:56684 - R:localhost/127.0.0.1:56432]
19:25:41.944 [Forwarding clearElement on session 66651efe89dfdffe723451da09bebc98 to remote] DEBUG org.asynchttpclient.netty.request.NettyRequestSender - Using pooled Channel '[id: 0x8fb8e365, L:/127.0.0.1:56684 - R:localhost/127.0.0.1:56432]' for 'POST' to 'http://localhost:56432/session/66651efe89dfdffe723451da09bebc98/element/31748164-5bab-4ec2-a2a3-cac94f51e720/clear'
19:25:41.944 [Forwarding clearElement on session 66651efe89dfdffe723451da09bebc98 to remote] DEBUG org.asynchttpclient.netty.request.NettyRequestSender - Using open Channel [id: 0x8fb8e365, L:/127.0.0.1:56684 - R:localhost/127.0.0.1:56432] for POST '/session/66651efe89dfdffe723451da09bebc98/element/31748164-5bab-4ec2-a2a3-cac94f51e720/clear'
19:25:42.009 [AsyncHttpClient-1-8] DEBUG org.asynchttpclient.netty.handler.HttpHandler - 

Request DefaultHttpRequest(decodeResult: success, version: HTTP/1.1)
POST /session/66651efe89dfdffe723451da09bebc98/element/31748164-5bab-4ec2-a2a3-cac94f51e720/clear HTTP/1.1
User-Agent: selenium/4.1.2 (java windows)
Content-Length: 50
Content-Type: application/json; charset=utf-8
host: localhost:56432
accept: */*

Response DefaultHttpResponse(decodeResult: success, version: HTTP/1.1)
HTTP/1.1 200 OK
Content-Type: application/json; charset=utf-8
cache-control: no-cache
content-length: 14

19:25:42.009 [AsyncHttpClient-1-8] DEBUG org.asynchttpclient.netty.channel.ChannelManager - Adding key: http://localhost:56432 for channel [id: 0x8fb8e365, L:/127.0.0.1:56684 - R:localhost/127.0.0.1:56432]
19:25:42.017 [Forwarding sendKeysToElement on session 66651efe89dfdffe723451da09bebc98 to remote] DEBUG org.asynchttpclient.netty.request.NettyRequestSender - Using pooled Channel '[id: 0x8fb8e365, L:/127.0.0.1:56684 - R:localhost/127.0.0.1:56432]' for 'POST' to 'http://localhost:56432/session/66651efe89dfdffe723451da09bebc98/element/31748164-5bab-4ec2-a2a3-cac94f51e720/value'
19:25:42.017 [Forwarding sendKeysToElement on session 66651efe89dfdffe723451da09bebc98 to remote] DEBUG org.asynchttpclient.netty.request.NettyRequestSender - Using open Channel [id: 0x8fb8e365, L:/127.0.0.1:56684 - R:localhost/127.0.0.1:56432] for POST '/session/66651efe89dfdffe723451da09bebc98/element/31748164-5bab-4ec2-a2a3-cac94f51e720/value'
19:25:42.212 [AsyncHttpClient-1-8] DEBUG org.asynchttpclient.netty.handler.HttpHandler - 

Request DefaultHttpRequest(decodeResult: success, version: HTTP/1.1)
POST /session/66651efe89dfdffe723451da09bebc98/element/31748164-5bab-4ec2-a2a3-cac94f51e720/value HTTP/1.1
User-Agent: selenium/4.1.2 (java windows)
Content-Length: 211
Content-Type: application/json; charset=utf-8
host: localhost:56432
accept: */*

Response DefaultHttpResponse(decodeResult: success, version: HTTP/1.1)
HTTP/1.1 200 OK
Content-Type: application/json; charset=utf-8
cache-control: no-cache
content-length: 14

19:25:42.215 [AsyncHttpClient-1-8] DEBUG org.asynchttpclient.netty.channel.ChannelManager - Adding key: http://localhost:56432 for channel [id: 0x8fb8e365, L:/127.0.0.1:56684 - R:localhost/127.0.0.1:56432]
19:25:42.230 [Forwarding screenshot on session 66651efe89dfdffe723451da09bebc98 to remote] DEBUG org.asynchttpclient.netty.request.NettyRequestSender - Using pooled Channel '[id: 0x8fb8e365, L:/127.0.0.1:56684 - R:localhost/127.0.0.1:56432]' for 'GET' to 'http://localhost:56432/session/66651efe89dfdffe723451da09bebc98/screenshot'
19:25:42.232 [Forwarding screenshot on session 66651efe89dfdffe723451da09bebc98 to remote] DEBUG org.asynchttpclient.netty.request.NettyRequestSender - Using open Channel [id: 0x8fb8e365, L:/127.0.0.1:56684 - R:localhost/127.0.0.1:56432] for GET '/session/66651efe89dfdffe723451da09bebc98/screenshot'
19:25:42.442 [AsyncHttpClient-1-8] DEBUG org.asynchttpclient.netty.handler.HttpHandler - 

Request DefaultFullHttpRequest(decodeResult: success, version: HTTP/1.1, content: EmptyByteBufBE)
GET /session/66651efe89dfdffe723451da09bebc98/screenshot HTTP/1.1
User-Agent: selenium/4.1.2 (java windows)
Cache-Control: no-cache
Content-Type: application/json; charset=utf-8
host: localhost:56432
accept: */*

Response DefaultHttpResponse(decodeResult: success, version: HTTP/1.1)
HTTP/1.1 200 OK
Content-Type: application/json; charset=utf-8
cache-control: no-cache
content-length: 44176

19:25:42.442 [AsyncHttpClient-1-8] DEBUG org.asynchttpclient.netty.channel.ChannelManager - Adding key: http://localhost:56432 for channel [id: 0x8fb8e365, L:/127.0.0.1:56684 - R:localhost/127.0.0.1:56432]
19:25:42.449 [main] DEBUG net.serenitybdd.core.photography.Darkroom - Send negative for processing for target\site\serenity\5c2ccf628da7b22b0317f9ffc887b4e9d8388a29d3d31b555a093437a9f89a45.png
19:25:42.449 [main] DEBUG net.thucydides.core.steps.StepInterceptor - STEP DONE: inputPassword
19:25:42.449 [Darkroom Processing Line] DEBUG net.serenitybdd.core.photography.DarkroomProcessingLine - Processing screenshot image in /var/screenshots/screenshot-18152266385942894944
19:25:42.449 [Darkroom Processing Line] DEBUG net.serenitybdd.core.photography.DarkroomProcessingLine - Saving screenshot to target\site\serenity\5c2ccf628da7b22b0317f9ffc887b4e9d8388a29d3d31b555a093437a9f89a45.png
  &amp#27;[32mAnd &amp#27;[0m&amp#27;[32mi input &amp#27;[0m&amp#27;[32m&amp#27;[1m"realgladz1511"&amp#27;[0m&amp#27;[32m password&amp#27;[0m &amp#27;[90m# starter.stepdefinitions.stepdefinition.iInputPassword(java.lang.String)&amp#27;[0m
19:25:42.479 [main] DEBUG net.thucydides.core.steps.StepInterceptor - STARTING STEP: stepdefinition.clickLoginButton - clickLogin
19:25:42.491 [Forwarding findElement on session 66651efe89dfdffe723451da09bebc98 to remote] DEBUG org.asynchttpclient.netty.request.NettyRequestSender - Using pooled Channel '[id: 0x8fb8e365, L:/127.0.0.1:56684 - R:localhost/127.0.0.1:56432]' for 'POST' to 'http://localhost:56432/session/66651efe89dfdffe723451da09bebc98/element'
19:25:42.491 [Forwarding findElement on session 66651efe89dfdffe723451da09bebc98 to remote] DEBUG org.asynchttpclient.netty.request.NettyRequestSender - Using open Channel [id: 0x8fb8e365, L:/127.0.0.1:56684 - R:localhost/127.0.0.1:56432] for POST '/session/66651efe89dfdffe723451da09bebc98/element'
19:25:42.509 [AsyncHttpClient-1-8] DEBUG org.asynchttpclient.netty.handler.HttpHandler - 

Request DefaultHttpRequest(decodeResult: success, version: HTTP/1.1)
POST /session/66651efe89dfdffe723451da09bebc98/element HTTP/1.1
User-Agent: selenium/4.1.2 (java windows)
Content-Length: 72
Content-Type: application/json; charset=utf-8
host: localhost:56432
accept: */*

Response DefaultHttpResponse(decodeResult: success, version: HTTP/1.1)
HTTP/1.1 200 OK
Content-Type: application/json; charset=utf-8
cache-control: no-cache
content-length: 88

19:25:42.509 [AsyncHttpClient-1-8] DEBUG org.asynchttpclient.netty.channel.ChannelManager - Adding key: http://localhost:56432 for channel [id: 0x8fb8e365, L:/127.0.0.1:56684 - R:localhost/127.0.0.1:56432]
19:25:42.514 [Forwarding getElementTagName on session 66651efe89dfdffe723451da09bebc98 to remote] DEBUG org.asynchttpclient.netty.request.NettyRequestSender - Using pooled Channel '[id: 0x8fb8e365, L:/127.0.0.1:56684 - R:localhost/127.0.0.1:56432]' for 'GET' to 'http://localhost:56432/session/66651efe89dfdffe723451da09bebc98/element/4fd173dc-9774-4a18-8fa0-c651ab198894/name'
19:25:42.514 [Forwarding getElementTagName on session 66651efe89dfdffe723451da09bebc98 to remote] DEBUG org.asynchttpclient.netty.request.NettyRequestSender - Using open Channel [id: 0x8fb8e365, L:/127.0.0.1:56684 - R:localhost/127.0.0.1:56432] for GET '/session/66651efe89dfdffe723451da09bebc98/element/4fd173dc-9774-4a18-8fa0-c651ab198894/name'
19:25:42.527 [AsyncHttpClient-1-8] DEBUG org.asynchttpclient.netty.handler.HttpHandler - 

Request DefaultFullHttpRequest(decodeResult: success, version: HTTP/1.1, content: EmptyByteBufBE)
GET /session/66651efe89dfdffe723451da09bebc98/element/4fd173dc-9774-4a18-8fa0-c651ab198894/name HTTP/1.1
User-Agent: selenium/4.1.2 (java windows)
Cache-Control: no-cache
Content-Type: application/json; charset=utf-8
host: localhost:56432
accept: */*

Response DefaultHttpResponse(decodeResult: success, version: HTTP/1.1)
HTTP/1.1 200 OK
Content-Type: application/json; charset=utf-8
cache-control: no-cache
content-length: 18

19:25:42.527 [AsyncHttpClient-1-8] DEBUG org.asynchttpclient.netty.channel.ChannelManager - Adding key: http://localhost:56432 for channel [id: 0x8fb8e365, L:/127.0.0.1:56684 - R:localhost/127.0.0.1:56432]
19:25:42.529 [Forwarding getElementTagName on session 66651efe89dfdffe723451da09bebc98 to remote] DEBUG org.asynchttpclient.netty.request.NettyRequestSender - Using pooled Channel '[id: 0x8fb8e365, L:/127.0.0.1:56684 - R:localhost/127.0.0.1:56432]' for 'GET' to 'http://localhost:56432/session/66651efe89dfdffe723451da09bebc98/element/4fd173dc-9774-4a18-8fa0-c651ab198894/name'
19:25:42.529 [Forwarding getElementTagName on session 66651efe89dfdffe723451da09bebc98 to remote] DEBUG org.asynchttpclient.netty.request.NettyRequestSender - Using open Channel [id: 0x8fb8e365, L:/127.0.0.1:56684 - R:localhost/127.0.0.1:56432] for GET '/session/66651efe89dfdffe723451da09bebc98/element/4fd173dc-9774-4a18-8fa0-c651ab198894/name'
19:25:42.539 [AsyncHttpClient-1-8] DEBUG org.asynchttpclient.netty.handler.HttpHandler - 

Request DefaultFullHttpRequest(decodeResult: success, version: HTTP/1.1, content: EmptyByteBufBE)
GET /session/66651efe89dfdffe723451da09bebc98/element/4fd173dc-9774-4a18-8fa0-c651ab198894/name HTTP/1.1
User-Agent: selenium/4.1.2 (java windows)
Cache-Control: no-cache
Content-Type: application/json; charset=utf-8
host: localhost:56432
accept: */*

Response DefaultHttpResponse(decodeResult: success, version: HTTP/1.1)
HTTP/1.1 200 OK
Content-Type: application/json; charset=utf-8
cache-control: no-cache
content-length: 18

19:25:42.542 [AsyncHttpClient-1-8] DEBUG org.asynchttpclient.netty.channel.ChannelManager - Adding key: http://localhost:56432 for channel [id: 0x8fb8e365, L:/127.0.0.1:56684 - R:localhost/127.0.0.1:56432]
19:25:42.552 [Forwarding isElementEnabled on session 66651efe89dfdffe723451da09bebc98 to remote] DEBUG org.asynchttpclient.netty.request.NettyRequestSender - Using pooled Channel '[id: 0x8fb8e365, L:/127.0.0.1:56684 - R:localhost/127.0.0.1:56432]' for 'GET' to 'http://localhost:56432/session/66651efe89dfdffe723451da09bebc98/element/4fd173dc-9774-4a18-8fa0-c651ab198894/enabled'
19:25:42.552 [Forwarding isElementEnabled on session 66651efe89dfdffe723451da09bebc98 to remote] DEBUG org.asynchttpclient.netty.request.NettyRequestSender - Using open Channel [id: 0x8fb8e365, L:/127.0.0.1:56684 - R:localhost/127.0.0.1:56432] for GET '/session/66651efe89dfdffe723451da09bebc98/element/4fd173dc-9774-4a18-8fa0-c651ab198894/enabled'
19:25:42.572 [AsyncHttpClient-1-8] DEBUG org.asynchttpclient.netty.handler.HttpHandler - 

Request DefaultFullHttpRequest(decodeResult: success, version: HTTP/1.1, content: EmptyByteBufBE)
GET /session/66651efe89dfdffe723451da09bebc98/element/4fd173dc-9774-4a18-8fa0-c651ab198894/enabled HTTP/1.1
User-Agent: selenium/4.1.2 (java windows)
Cache-Control: no-cache
Content-Type: application/json; charset=utf-8
host: localhost:56432
accept: */*

Response DefaultHttpResponse(decodeResult: success, version: HTTP/1.1)
HTTP/1.1 200 OK
Content-Type: application/json; charset=utf-8
cache-control: no-cache
content-length: 14

19:25:42.572 [AsyncHttpClient-1-8] DEBUG org.asynchttpclient.netty.channel.ChannelManager - Adding key: http://localhost:56432 for channel [id: 0x8fb8e365, L:/127.0.0.1:56684 - R:localhost/127.0.0.1:56432]
19:25:42.577 [Forwarding isElementEnabled on session 66651efe89dfdffe723451da09bebc98 to remote] DEBUG org.asynchttpclient.netty.request.NettyRequestSender - Using pooled Channel '[id: 0x8fb8e365, L:/127.0.0.1:56684 - R:localhost/127.0.0.1:56432]' for 'GET' to 'http://localhost:56432/session/66651efe89dfdffe723451da09bebc98/element/4fd173dc-9774-4a18-8fa0-c651ab198894/enabled'
19:25:42.577 [Forwarding isElementEnabled on session 66651efe89dfdffe723451da09bebc98 to remote] DEBUG org.asynchttpclient.netty.request.NettyRequestSender - Using open Channel [id: 0x8fb8e365, L:/127.0.0.1:56684 - R:localhost/127.0.0.1:56432] for GET '/session/66651efe89dfdffe723451da09bebc98/element/4fd173dc-9774-4a18-8fa0-c651ab198894/enabled'
19:25:42.594 [AsyncHttpClient-1-8] DEBUG org.asynchttpclient.netty.handler.HttpHandler - 

Request DefaultFullHttpRequest(decodeResult: success, version: HTTP/1.1, content: EmptyByteBufBE)
GET /session/66651efe89dfdffe723451da09bebc98/element/4fd173dc-9774-4a18-8fa0-c651ab198894/enabled HTTP/1.1
User-Agent: selenium/4.1.2 (java windows)
Cache-Control: no-cache
Content-Type: application/json; charset=utf-8
host: localhost:56432
accept: */*

Response DefaultHttpResponse(decodeResult: success, version: HTTP/1.1)
HTTP/1.1 200 OK
Content-Type: application/json; charset=utf-8
cache-control: no-cache
content-length: 14

19:25:42.594 [AsyncHttpClient-1-8] DEBUG org.asynchttpclient.netty.channel.ChannelManager - Adding key: http://localhost:56432 for channel [id: 0x8fb8e365, L:/127.0.0.1:56684 - R:localhost/127.0.0.1:56432]
19:25:42.603 [Forwarding findElement on session 66651efe89dfdffe723451da09bebc98 to remote] DEBUG org.asynchttpclient.netty.request.NettyRequestSender - Using pooled Channel '[id: 0x8fb8e365, L:/127.0.0.1:56684 - R:localhost/127.0.0.1:56432]' for 'POST' to 'http://localhost:56432/session/66651efe89dfdffe723451da09bebc98/element'
19:25:42.603 [Forwarding findElement on session 66651efe89dfdffe723451da09bebc98 to remote] DEBUG org.asynchttpclient.netty.request.NettyRequestSender - Using open Channel [id: 0x8fb8e365, L:/127.0.0.1:56684 - R:localhost/127.0.0.1:56432] for POST '/session/66651efe89dfdffe723451da09bebc98/element'
19:25:42.609 [AsyncHttpClient-1-1] DEBUG org.asynchttpclient.netty.channel.DefaultChannelPool - Entry count for : http://localhost:56686 : 1
19:25:42.624 [AsyncHttpClient-1-8] DEBUG org.asynchttpclient.netty.handler.HttpHandler - 

Request DefaultHttpRequest(decodeResult: success, version: HTTP/1.1)
POST /session/66651efe89dfdffe723451da09bebc98/element HTTP/1.1
User-Agent: selenium/4.1.2 (java windows)
Content-Length: 72
Content-Type: application/json; charset=utf-8
host: localhost:56432
accept: */*

Response DefaultHttpResponse(decodeResult: success, version: HTTP/1.1)
HTTP/1.1 200 OK
Content-Type: application/json; charset=utf-8
cache-control: no-cache
content-length: 88

19:25:42.624 [AsyncHttpClient-1-8] DEBUG org.asynchttpclient.netty.channel.ChannelManager - Adding key: http://localhost:56432 for channel [id: 0x8fb8e365, L:/127.0.0.1:56684 - R:localhost/127.0.0.1:56432]
19:25:42.632 [Forwarding clickElement on session 66651efe89dfdffe723451da09bebc98 to remote] DEBUG org.asynchttpclient.netty.request.NettyRequestSender - Using pooled Channel '[id: 0x8fb8e365, L:/127.0.0.1:56684 - R:localhost/127.0.0.1:56432]' for 'POST' to 'http://localhost:56432/session/66651efe89dfdffe723451da09bebc98/element/4fd173dc-9774-4a18-8fa0-c651ab198894/click'
19:25:42.632 [Forwarding clickElement on session 66651efe89dfdffe723451da09bebc98 to remote] DEBUG org.asynchttpclient.netty.request.NettyRequestSender - Using open Channel [id: 0x8fb8e365, L:/127.0.0.1:56684 - R:localhost/127.0.0.1:56432] for POST '/session/66651efe89dfdffe723451da09bebc98/element/4fd173dc-9774-4a18-8fa0-c651ab198894/click'
19:25:42.740 [AsyncHttpClient-1-8] DEBUG org.asynchttpclient.netty.handler.HttpHandler - 

Request DefaultHttpRequest(decodeResult: success, version: HTTP/1.1)
POST /session/66651efe89dfdffe723451da09bebc98/element/4fd173dc-9774-4a18-8fa0-c651ab198894/click HTTP/1.1
User-Agent: selenium/4.1.2 (java windows)
Content-Length: 50
Content-Type: application/json; charset=utf-8
host: localhost:56432
accept: */*

Response DefaultHttpResponse(decodeResult: success, version: HTTP/1.1)
HTTP/1.1 200 OK
Content-Type: application/json; charset=utf-8
cache-control: no-cache
content-length: 14

19:25:42.742 [AsyncHttpClient-1-8] DEBUG org.asynchttpclient.netty.channel.ChannelManager - Adding key: http://localhost:56432 for channel [id: 0x8fb8e365, L:/127.0.0.1:56684 - R:localhost/127.0.0.1:56432]
19:25:42.767 [Forwarding screenshot on session 66651efe89dfdffe723451da09bebc98 to remote] DEBUG org.asynchttpclient.netty.request.NettyRequestSender - Using pooled Channel '[id: 0x8fb8e365, L:/127.0.0.1:56684 - R:localhost/127.0.0.1:56432]' for 'GET' to 'http://localhost:56432/session/66651efe89dfdffe723451da09bebc98/screenshot'
19:25:42.767 [Forwarding screenshot on session 66651efe89dfdffe723451da09bebc98 to remote] DEBUG org.asynchttpclient.netty.request.NettyRequestSender - Using open Channel [id: 0x8fb8e365, L:/127.0.0.1:56684 - R:localhost/127.0.0.1:56432] for GET '/session/66651efe89dfdffe723451da09bebc98/screenshot'
19:25:43.289 [AsyncHttpClient-1-8] DEBUG org.asynchttpclient.netty.handler.HttpHandler - 

Request DefaultFullHttpRequest(decodeResult: success, version: HTTP/1.1, content: EmptyByteBufBE)
GET /session/66651efe89dfdffe723451da09bebc98/screenshot HTTP/1.1
User-Agent: selenium/4.1.2 (java windows)
Cache-Control: no-cache
Content-Type: application/json; charset=utf-8
host: localhost:56432
accept: */*

Response DefaultHttpResponse(decodeResult: success, version: HTTP/1.1)
HTTP/1.1 200 OK
Content-Type: application/json; charset=utf-8
cache-control: no-cache
content-length: 48632

19:25:43.291 [AsyncHttpClient-1-8] DEBUG org.asynchttpclient.netty.channel.ChannelManager - Adding key: http://localhost:56432 for channel [id: 0x8fb8e365, L:/127.0.0.1:56684 - R:localhost/127.0.0.1:56432]
19:25:43.294 [main] DEBUG net.serenitybdd.core.photography.Darkroom - Send negative for processing for target\site\serenity\fe2f436dd8ff8859a4856bc497ade907a6cef528a74addd906bb1dbe930f3267.png
19:25:43.294 [main] DEBUG net.thucydides.core.steps.StepInterceptor - STEP DONE: clickLogin
19:25:43.294 [Darkroom Processing Line] DEBUG net.serenitybdd.core.photography.DarkroomProcessingLine - Processing screenshot image in /var/screenshots/screenshot-18382130939440695204
  &amp#27;[32mAnd &amp#27;[0m&amp#27;[32mclick login button&amp#27;[0m               &amp#27;[90m# starter.stepdefinitions.stepdefinition.clickLoginButton()&amp#27;[0m
19:25:43.296 [Darkroom Processing Line] DEBUG net.serenitybdd.core.photography.DarkroomProcessingLine - Saving screenshot to target\site\serenity\fe2f436dd8ff8859a4856bc497ade907a6cef528a74addd906bb1dbe930f3267.png
19:25:43.334 [main] DEBUG net.thucydides.core.steps.StepInterceptor - STARTING STEP: stepdefinition.iGetThe - validateLoginApp
19:25:43.339 [Forwarding findElement on session 66651efe89dfdffe723451da09bebc98 to remote] DEBUG org.asynchttpclient.netty.request.NettyRequestSender - Using pooled Channel '[id: 0x8fb8e365, L:/127.0.0.1:56684 - R:localhost/127.0.0.1:56432]' for 'POST' to 'http://localhost:56432/session/66651efe89dfdffe723451da09bebc98/element'
19:25:43.339 [Forwarding findElement on session 66651efe89dfdffe723451da09bebc98 to remote] DEBUG org.asynchttpclient.netty.request.NettyRequestSender - Using open Channel [id: 0x8fb8e365, L:/127.0.0.1:56684 - R:localhost/127.0.0.1:56432] for POST '/session/66651efe89dfdffe723451da09bebc98/element'
19:25:43.351 [AsyncHttpClient-1-8] DEBUG org.asynchttpclient.netty.handler.HttpHandler - 

Request DefaultHttpRequest(decodeResult: success, version: HTTP/1.1)
POST /session/66651efe89dfdffe723451da09bebc98/element HTTP/1.1
User-Agent: selenium/4.1.2 (java windows)
Content-Length: 50
Content-Type: application/json; charset=utf-8
host: localhost:56432
accept: */*

Response DefaultHttpResponse(decodeResult: success, version: HTTP/1.1)
HTTP/1.1 400 Bad Request
Content-Type: application/json; charset=utf-8
cache-control: no-cache
content-length: 958

19:25:43.351 [AsyncHttpClient-1-8] DEBUG org.asynchttpclient.netty.channel.ChannelManager - Adding key: http://localhost:56432 for channel [id: 0x8fb8e365, L:/127.0.0.1:56684 - R:localhost/127.0.0.1:56432]
19:25:43.356 [Forwarding findElement on session 66651efe89dfdffe723451da09bebc98 to remote] DEBUG org.asynchttpclient.netty.request.NettyRequestSender - Using pooled Channel '[id: 0x8fb8e365, L:/127.0.0.1:56684 - R:localhost/127.0.0.1:56432]' for 'POST' to 'http://localhost:56432/session/66651efe89dfdffe723451da09bebc98/element'
19:25:43.356 [Forwarding findElement on session 66651efe89dfdffe723451da09bebc98 to remote] DEBUG org.asynchttpclient.netty.request.NettyRequestSender - Using open Channel [id: 0x8fb8e365, L:/127.0.0.1:56684 - R:localhost/127.0.0.1:56432] for POST '/session/66651efe89dfdffe723451da09bebc98/element'
19:25:43.377 [AsyncHttpClient-1-8] DEBUG org.asynchttpclient.netty.handler.HttpHandler - 

Request DefaultHttpRequest(decodeResult: success, version: HTTP/1.1)
POST /session/66651efe89dfdffe723451da09bebc98/element HTTP/1.1
User-Agent: selenium/4.1.2 (java windows)
Content-Length: 60
Content-Type: application/json; charset=utf-8
host: localhost:56432
accept: */*

Response DefaultHttpResponse(decodeResult: success, version: HTTP/1.1)
HTTP/1.1 200 OK
Content-Type: application/json; charset=utf-8
cache-control: no-cache
content-length: 88

19:25:43.377 [AsyncHttpClient-1-8] DEBUG org.asynchttpclient.netty.channel.ChannelManager - Adding key: http://localhost:56432 for channel [id: 0x8fb8e365, L:/127.0.0.1:56684 - R:localhost/127.0.0.1:56432]
19:25:43.390 [Forwarding isElementDisplayed on session 66651efe89dfdffe723451da09bebc98 to remote] DEBUG org.asynchttpclient.netty.request.NettyRequestSender - Using pooled Channel '[id: 0x8fb8e365, L:/127.0.0.1:56684 - R:localhost/127.0.0.1:56432]' for 'POST' to 'http://localhost:56432/session/66651efe89dfdffe723451da09bebc98/execute/sync'
19:25:43.390 [Forwarding isElementDisplayed on session 66651efe89dfdffe723451da09bebc98 to remote] DEBUG org.asynchttpclient.netty.request.NettyRequestSender - Using open Channel [id: 0x8fb8e365, L:/127.0.0.1:56684 - R:localhost/127.0.0.1:56432] for POST '/session/66651efe89dfdffe723451da09bebc98/execute/sync'
19:25:43.413 [AsyncHttpClient-1-8] DEBUG org.asynchttpclient.netty.handler.HttpHandler - 

Request DefaultHttpRequest(decodeResult: success, version: HTTP/1.1)
POST /session/66651efe89dfdffe723451da09bebc98/execute/sync HTTP/1.1
User-Agent: selenium/4.1.2 (java windows)
Content-Length: 48780
Content-Type: application/json; charset=utf-8
host: localhost:56432
accept: */*

Response DefaultHttpResponse(decodeResult: success, version: HTTP/1.1)
HTTP/1.1 200 OK
Content-Type: application/json; charset=utf-8
cache-control: no-cache
content-length: 14

19:25:43.413 [AsyncHttpClient-1-8] DEBUG org.asynchttpclient.netty.channel.ChannelManager - Adding key: http://localhost:56432 for channel [id: 0x8fb8e365, L:/127.0.0.1:56684 - R:localhost/127.0.0.1:56432]
19:25:43.422 [Forwarding screenshot on session 66651efe89dfdffe723451da09bebc98 to remote] DEBUG org.asynchttpclient.netty.request.NettyRequestSender - Using pooled Channel '[id: 0x8fb8e365, L:/127.0.0.1:56684 - R:localhost/127.0.0.1:56432]' for 'GET' to 'http://localhost:56432/session/66651efe89dfdffe723451da09bebc98/screenshot'
19:25:43.422 [Forwarding screenshot on session 66651efe89dfdffe723451da09bebc98 to remote] DEBUG org.asynchttpclient.netty.request.NettyRequestSender - Using open Channel [id: 0x8fb8e365, L:/127.0.0.1:56684 - R:localhost/127.0.0.1:56432] for GET '/session/66651efe89dfdffe723451da09bebc98/screenshot'
19:25:43.593 [AsyncHttpClient-1-8] DEBUG org.asynchttpclient.netty.handler.HttpHandler - 

Request DefaultFullHttpRequest(decodeResult: success, version: HTTP/1.1, content: EmptyByteBufBE)
GET /session/66651efe89dfdffe723451da09bebc98/screenshot HTTP/1.1
User-Agent: selenium/4.1.2 (java windows)
Cache-Control: no-cache
Content-Type: application/json; charset=utf-8
host: localhost:56432
accept: */*

Response DefaultHttpResponse(decodeResult: success, version: HTTP/1.1)
HTTP/1.1 200 OK
Content-Type: application/json; charset=utf-8
cache-control: no-cache
content-length: 47700

19:25:43.595 [AsyncHttpClient-1-8] DEBUG org.asynchttpclient.netty.channel.ChannelManager - Adding key: http://localhost:56432 for channel [id: 0x8fb8e365, L:/127.0.0.1:56684 - R:localhost/127.0.0.1:56432]
19:25:43.606 [main] DEBUG net.serenitybdd.core.photography.Darkroom - Send negative for processing for target\site\serenity\0a930dc9aa9c31a499938c91b04f829b9992a43756aebb0078c14f5aeb2d1f74.png
19:25:43.606 [main] DEBUG net.thucydides.core.steps.StepInterceptor - STEP DONE: validateLoginApp
19:25:43.606 [Darkroom Processing Line] DEBUG net.serenitybdd.core.photography.DarkroomProcessingLine - Processing screenshot image in /var/screenshots/screenshot-14147157328491631811
19:25:43.606 [Darkroom Processing Line] DEBUG net.serenitybdd.core.photography.DarkroomProcessingLine - Saving screenshot to target\site\serenity\0a930dc9aa9c31a499938c91b04f829b9992a43756aebb0078c14f5aeb2d1f74.png
19:25:43.613 [main] DEBUG net.thucydides.core.steps.StepInterceptor - STARTING STEP: stepdefinition.iGetThe - displayErrorMessage
19:25:43.618 [main] DEBUG net.thucydides.core.steps.StepInterceptor - STEP DONE: displayErrorMessage
  &amp#27;[32mThen &amp#27;[0m&amp#27;[32mi get the &amp#27;[0m&amp#27;[32m&amp#27;[1m"Login Page"&amp#27;[0m          &amp#27;[90m# starter.stepdefinitions.stepdefinition.iGetThe(java.lang.String)&amp#27;[0m
19:25:43.633 [AsyncHttpClient-1-10] DEBUG org.asynchttpclient.netty.handler.WebSocketHandler - Channel Closed: [id: 0x65b6d724, L:/127.0.0.1:56695 ! R:localhost/127.0.0.1:56686] with attribute NettyResponseFuture{currentRetry=5,
	isDone=1,
	isCancelled=0,
	asyncHandler=org.asynchttpclient.ws.WebSocketUpgradeHandler@77caf894,
	nettyRequest=org.asynchttpclient.netty.request.NettyRequest@32c87809,
	future=java.util.concurrent.CompletableFuture@5b0c6007[Completed normally],
	uri=ws://localhost:56686/devtools/browser/5d7ba398-5c8f-40f5-ab91-0739289e7adc,
	keepAlive=true,
	redirectCount=0,
	timeoutsHolder=null,
	inAuth=0,
	touch=1651321536396}
19:25:43.633 [AsyncHttpClient-1-10] DEBUG org.asynchttpclient.netty.channel.ChannelManager - Closing Channel [id: 0x65b6d724, L:/127.0.0.1:56695 ! R:localhost/127.0.0.1:56686] 
19:25:43.633 [Driver Command Executor] DEBUG org.asynchttpclient.netty.request.NettyRequestSender - Using pooled Channel '[id: 0x8fb8e365, L:/127.0.0.1:56684 - R:localhost/127.0.0.1:56432]' for 'DELETE' to 'http://localhost:56432/session/66651efe89dfdffe723451da09bebc98'
19:25:43.633 [Driver Command Executor] DEBUG org.asynchttpclient.netty.request.NettyRequestSender - Using open Channel [id: 0x8fb8e365, L:/127.0.0.1:56684 - R:localhost/127.0.0.1:56432] for DELETE '/session/66651efe89dfdffe723451da09bebc98'
19:25:43.676 [AsyncHttpClient-1-9] DEBUG org.asynchttpclient.netty.handler.HttpHandler - Unexpected I/O exception on channel [id: 0x5d57dd9b, L:/127.0.0.1:56694 - R:localhost/127.0.0.1:56686]
java.net.SocketException: Connection reset
	at java.base/sun.nio.ch.SocketChannelImpl.throwConnectionReset(SocketChannelImpl.java:367)
	at java.base/sun.nio.ch.SocketChannelImpl.read(SocketChannelImpl.java:398)
	at io.netty.buffer.PooledByteBuf.setBytes(PooledByteBuf.java:258)
	at io.netty.buffer.AbstractByteBuf.writeBytes(AbstractByteBuf.java:1132)
	at io.netty.channel.socket.nio.NioSocketChannel.doReadBytes(NioSocketChannel.java:350)
	at io.netty.channel.nio.AbstractNioByteChannel$NioByteUnsafe.read(AbstractNioByteChannel.java:151)
	at io.netty.channel.nio.NioEventLoop.processSelectedKey(NioEventLoop.java:722)
	at io.netty.channel.nio.NioEventLoop.processSelectedKeysOptimized(NioEventLoop.java:658)
	at io.netty.channel.nio.NioEventLoop.processSelectedKeys(NioEventLoop.java:584)
	at io.netty.channel.nio.NioEventLoop.run(NioEventLoop.java:496)
	at io.netty.util.concurrent.SingleThreadEventExecutor$4.run(SingleThreadEventExecutor.java:986)
	at io.netty.util.internal.ThreadExecutorMap$2.run(ThreadExecutorMap.java:74)
	at io.netty.util.concurrent.FastThreadLocalRunnable.run(FastThreadLocalRunnable.java:30)
	at java.base/java.lang.Thread.run(Thread.java:832)
19:25:43.676 [AsyncHttpClient-1-9] DEBUG org.asynchttpclient.netty.channel.ChannelManager - Closing Channel [id: 0x5d57dd9b, L:/127.0.0.1:56694 - R:localhost/127.0.0.1:56686] 
19:25:43.676 [AsyncHttpClient-1-9] DEBUG org.asynchttpclient.netty.handler.HttpHandler - Channel Closed: [id: 0x5d57dd9b, L:/127.0.0.1:56694 ! R:localhost/127.0.0.1:56686] with attribute DISCARD
19:25:43.701 [AsyncHttpClient-1-8] DEBUG org.asynchttpclient.netty.handler.HttpHandler - 

Request DefaultFullHttpRequest(decodeResult: success, version: HTTP/1.1, content: EmptyByteBufBE)
DELETE /session/66651efe89dfdffe723451da09bebc98 HTTP/1.1
User-Agent: selenium/4.1.2 (java windows)
Content-Type: application/json; charset=utf-8
host: localhost:56432
accept: */*

Response DefaultHttpResponse(decodeResult: success, version: HTTP/1.1)
HTTP/1.1 200 OK
Content-Type: application/json; charset=utf-8
cache-control: no-cache
content-length: 14

19:25:43.702 [AsyncHttpClient-1-8] DEBUG org.asynchttpclient.netty.channel.ChannelManager - Adding key: http://localhost:56432 for channel [id: 0x8fb8e365, L:/127.0.0.1:56684 - R:localhost/127.0.0.1:56432]
19:25:43.710 [AsyncHttpClient-1-1] DEBUG org.asynchttpclient.netty.channel.DefaultChannelPool - Entry count for : http://localhost:56686 : 1
19:25:43.710 [AsyncHttpClient-1-1] DEBUG org.asynchttpclient.netty.channel.DefaultChannelPool - Entry count for : http://localhost:56432 : 1
19:25:43.710 [AsyncHttpClient-1-1] DEBUG org.asynchttpclient.netty.channel.DefaultChannelPool - Adding Candidate expired Channel [id: 0x5d57dd9b, L:/127.0.0.1:56694 ! R:localhost/127.0.0.1:56686] isIdleTimeoutExpired=false isRemotelyClosed=true isTtlExpired=false
19:25:43.710 [AsyncHttpClient-1-1] DEBUG org.asynchttpclient.netty.channel.DefaultChannelPool - Closing Idle Channel [id: 0x5d57dd9b, L:/127.0.0.1:56694 ! R:localhost/127.0.0.1:56686]
19:25:43.710 [AsyncHttpClient-1-1] DEBUG org.asynchttpclient.netty.channel.DefaultChannelPool - Closed 1 connections out of 2 in 0 ms
19:25:43.879 [AsyncHttpClient-1-8] DEBUG org.asynchttpclient.netty.handler.HttpHandler - Channel Closed: [id: 0x8fb8e365, L:/127.0.0.1:56684 ! R:localhost/127.0.0.1:56432] with attribute DISCARD
]]></system-out>
    <system-err><![CDATA[Starting ChromeDriver 100.0.4896.60 (6a5d10861ce8de5fce22564658033b43cb7de047-refs/branch-heads/4896@{#875}) on port 56432
Only local connections are allowed.
Please see https://chromedriver.chromium.org/security-considerations for suggestions on keeping ChromeDriver safe.
ChromeDriver was started successfully.
Apr 30, 2022 7:25:36 PM org.openqa.selenium.remote.ProtocolHandshake createSession
INFO: Detected dialect: W3C
Apr 30, 2022 7:25:36 PM org.openqa.selenium.devtools.CdpVersionFinder findNearestMatch
WARNING: Unable to find an exact match for CDP version 100, so returning the closest version found: 97
Apr 30, 2022 7:25:36 PM org.openqa.selenium.devtools.CdpVersionFinder findNearestMatch
INFO: Found CDP implementation for version 100 of 97
]]></system-err>
  </testcase>
  <testcase name="Login scenario #4" classname="Login" time="14.527">
    <system-out><![CDATA[
@DDT
Scenario Outline: Login scenario &amp#27;[90m# src/test/resources/features/login.feature:20&amp#27;[0m
19:25:44.407 [main] INFO io.cucumber.core.plugin.SerenityReporter - Running feature from file:///D:/PERKULIAHAN/Semester%206,Hebatt%20glad!/Altera/QE_Gladys-Cindana-Asri-Pardosi/Mini-Project/Web/src/test/resources/features/login.feature
19:25:44.454 [main] DEBUG net.thucydides.core.steps.StepInterceptor - STARTING STEP: stepdefinition.iAmOnLoginPage - openUrl
19:25:44.456 [main] INFO net.serenitybdd.core.webdriver.driverproviders.ChromeDriverProvider - Using automatically driver download
19:25:44.637 [main] DEBUG io.github.bonigarcia.wdm.cache.ResolutionCache - Resolution chrome=100 in cache (valid until 19:49:42 30/04/2022 WIB)
19:25:44.645 [main] DEBUG io.github.bonigarcia.wdm.cache.ResolutionCache - Resolution chrome100=100.0.4896.60 in cache (valid until 18:49:42 01/05/2022 WIB)
19:25:44.650 [main] INFO io.github.bonigarcia.wdm.WebDriverManager - Using chromedriver 100.0.4896.60 (resolved driver for Chrome 100)
19:25:44.685 [main] DEBUG io.github.bonigarcia.wdm.WebDriverManager - Driver chromedriver 100.0.4896.60 found in cache
19:25:44.687 [main] INFO io.github.bonigarcia.wdm.WebDriverManager - Exporting webdriver.chrome.driver as C:\Users\ASUS\.cache\selenium\chromedriver\win32\100.0.4896.60\chromedriver.exe
19:25:44.809 [AsyncHttpClient-1-1] DEBUG org.asynchttpclient.netty.channel.DefaultChannelPool - Entry count for : http://localhost:56432 : 1
19:25:44.809 [AsyncHttpClient-1-1] DEBUG org.asynchttpclient.netty.channel.DefaultChannelPool - Adding Candidate expired Channel [id: 0x8fb8e365, L:/127.0.0.1:56684 ! R:localhost/127.0.0.1:56432] isIdleTimeoutExpired=false isRemotelyClosed=true isTtlExpired=false
19:25:44.809 [AsyncHttpClient-1-1] DEBUG org.asynchttpclient.netty.channel.DefaultChannelPool - Closing Idle Channel [id: 0x8fb8e365, L:/127.0.0.1:56684 ! R:localhost/127.0.0.1:56432]
19:25:44.809 [AsyncHttpClient-1-1] DEBUG org.asynchttpclient.netty.channel.DefaultChannelPool - Closed 1 connections out of 1 in 0 ms
19:25:44.862 [main] DEBUG net.serenitybdd.core.webdriver.driverproviders.ProvideNewDriver - Instantiating driver
19:25:44.862 [main] DEBUG net.serenitybdd.core.webdriver.driverproviders.ProvideNewDriver - Driver capabilities: Capabilities {acceptInsecureCerts: false, base.url: , browserName: chrome, goog:chromeOptions: {args: [], extensions: []}}
19:25:45.408 [AsyncHttpClient-1-11] DEBUG org.asynchttpclient.netty.channel.NettyConnectListener - Using new Channel '[id: 0xbd23ea4c, L:/127.0.0.1:56733 - R:localhost/127.0.0.1:51229]' for 'POST' to '/session'
19:25:46.751 [AsyncHttpClient-1-11] DEBUG org.asynchttpclient.netty.handler.HttpHandler - 

Request DefaultHttpRequest(decodeResult: success, version: HTTP/1.1)
POST /session HTTP/1.1
User-Agent: selenium/4.1.2 (java windows)
Content-Length: 457
Content-Type: application/json; charset=utf-8
host: localhost:51229
accept: */*

Response DefaultHttpResponse(decodeResult: success, version: HTTP/1.1)
HTTP/1.1 200 OK
Content-Type: application/json; charset=utf-8
cache-control: no-cache
content-length: 790

19:25:46.751 [AsyncHttpClient-1-11] DEBUG org.asynchttpclient.netty.channel.ChannelManager - Adding key: http://localhost:51229 for channel [id: 0xbd23ea4c, L:/127.0.0.1:56733 - R:localhost/127.0.0.1:51229]
19:25:46.773 [AsyncHttpClient-1-12] DEBUG org.asynchttpclient.netty.channel.NettyConnectListener - Using new Channel '[id: 0x28032d07, L:/127.0.0.1:56743 - R:localhost/127.0.0.1:56734]' for 'GET' to '/json/version'
19:25:46.793 [AsyncHttpClient-1-12] DEBUG org.asynchttpclient.netty.handler.HttpHandler - 

Request DefaultFullHttpRequest(decodeResult: success, version: HTTP/1.1, content: EmptyByteBufBE)
GET /json/version HTTP/1.1
User-Agent: selenium/4.1.2 (java windows)
host: localhost:56734
accept: */*

Response DefaultHttpResponse(decodeResult: success, version: HTTP/1.1)
HTTP/1.1 200 OK
Content-Type: application/json; charset=UTF-8
content-length: 429

19:25:46.793 [AsyncHttpClient-1-12] DEBUG org.asynchttpclient.netty.channel.ChannelManager - Adding key: http://localhost:56734 for channel [id: 0x28032d07, L:/127.0.0.1:56743 - R:localhost/127.0.0.1:56734]
19:25:46.824 [AsyncHttpClient-1-13] DEBUG org.asynchttpclient.netty.channel.NettyConnectListener - Using new Channel '[id: 0x77aa2bba, L:/127.0.0.1:56744 - R:localhost/127.0.0.1:56734]' for 'GET' to '/devtools/browser/4874bdfe-60c1-4516-af52-2487945fef43'
19:25:46.843 [AsyncHttpClient-1-13] DEBUG org.asynchttpclient.netty.handler.WebSocketHandler - 

Request DefaultFullHttpRequest(decodeResult: success, version: HTTP/1.1, content: EmptyByteBufBE)
GET /devtools/browser/4874bdfe-60c1-4516-af52-2487945fef43 HTTP/1.1
upgrade: websocket
connection: upgrade
sec-websocket-key: cj1/v6PjzNrLXoUz+dJUgg==
sec-websocket-version: 13
origin: http://localhost:56734
host: localhost:56734
accept: */*
user-agent: AHC/2.1

Response DefaultHttpResponse(decodeResult: success, version: HTTP/1.1)
HTTP/1.1 101 WebSocket Protocol Handshake
Upgrade: WebSocket
Connection: Upgrade
Sec-WebSocket-Accept: lCMYd+jlkRGyvSZVobC3z594GP8=

19:25:46.861 [Forwarding get on session 3f2268bd2579c883a9bd618e204e6447 to remote] DEBUG org.asynchttpclient.netty.request.NettyRequestSender - Using pooled Channel '[id: 0xbd23ea4c, L:/127.0.0.1:56733 - R:localhost/127.0.0.1:51229]' for 'POST' to 'http://localhost:51229/session/3f2268bd2579c883a9bd618e204e6447/url'
19:25:46.863 [Forwarding get on session 3f2268bd2579c883a9bd618e204e6447 to remote] DEBUG org.asynchttpclient.netty.request.NettyRequestSender - Using open Channel [id: 0xbd23ea4c, L:/127.0.0.1:56733 - R:localhost/127.0.0.1:51229] for POST '/session/3f2268bd2579c883a9bd618e204e6447/url'
19:25:47.026 [AsyncHttpClient-1-1] DEBUG org.asynchttpclient.netty.channel.DefaultChannelPool - Entry count for : http://localhost:56734 : 1
19:25:48.109 [AsyncHttpClient-1-1] DEBUG org.asynchttpclient.netty.channel.DefaultChannelPool - Entry count for : http://localhost:56734 : 1
19:25:49.210 [AsyncHttpClient-1-1] DEBUG org.asynchttpclient.netty.channel.DefaultChannelPool - Entry count for : http://localhost:56734 : 1
19:25:50.310 [AsyncHttpClient-1-1] DEBUG org.asynchttpclient.netty.channel.DefaultChannelPool - Entry count for : http://localhost:56734 : 1
19:25:51.409 [AsyncHttpClient-1-1] DEBUG org.asynchttpclient.netty.channel.DefaultChannelPool - Entry count for : http://localhost:56734 : 1
19:25:52.509 [AsyncHttpClient-1-1] DEBUG org.asynchttpclient.netty.channel.DefaultChannelPool - Entry count for : http://localhost:56734 : 1
19:25:53.610 [AsyncHttpClient-1-1] DEBUG org.asynchttpclient.netty.channel.DefaultChannelPool - Entry count for : http://localhost:56734 : 1
19:25:54.382 [AsyncHttpClient-1-11] DEBUG org.asynchttpclient.netty.handler.HttpHandler - 

Request DefaultHttpRequest(decodeResult: success, version: HTTP/1.1)
POST /session/3f2268bd2579c883a9bd618e204e6447/url HTTP/1.1
User-Agent: selenium/4.1.2 (java windows)
Content-Length: 49
Content-Type: application/json; charset=utf-8
host: localhost:51229
accept: */*

Response DefaultHttpResponse(decodeResult: success, version: HTTP/1.1)
HTTP/1.1 200 OK
Content-Type: application/json; charset=utf-8
cache-control: no-cache
content-length: 14

19:25:54.385 [AsyncHttpClient-1-11] DEBUG org.asynchttpclient.netty.channel.ChannelManager - Adding key: http://localhost:51229 for channel [id: 0xbd23ea4c, L:/127.0.0.1:56733 - R:localhost/127.0.0.1:51229]
19:25:54.387 [Forwarding setTimeout on session 3f2268bd2579c883a9bd618e204e6447 to remote] DEBUG org.asynchttpclient.netty.request.NettyRequestSender - Using pooled Channel '[id: 0xbd23ea4c, L:/127.0.0.1:56733 - R:localhost/127.0.0.1:51229]' for 'POST' to 'http://localhost:51229/session/3f2268bd2579c883a9bd618e204e6447/timeouts'
19:25:54.387 [Forwarding setTimeout on session 3f2268bd2579c883a9bd618e204e6447 to remote] DEBUG org.asynchttpclient.netty.request.NettyRequestSender - Using open Channel [id: 0xbd23ea4c, L:/127.0.0.1:56733 - R:localhost/127.0.0.1:51229] for POST '/session/3f2268bd2579c883a9bd618e204e6447/timeouts'
19:25:54.390 [AsyncHttpClient-1-11] DEBUG org.asynchttpclient.netty.handler.HttpHandler - 

Request DefaultHttpRequest(decodeResult: success, version: HTTP/1.1)
POST /session/3f2268bd2579c883a9bd618e204e6447/timeouts HTTP/1.1
User-Agent: selenium/4.1.2 (java windows)
Content-Length: 22
Content-Type: application/json; charset=utf-8
host: localhost:51229
accept: */*

Response DefaultHttpResponse(decodeResult: success, version: HTTP/1.1)
HTTP/1.1 200 OK
Content-Type: application/json; charset=utf-8
cache-control: no-cache
content-length: 14

19:25:54.390 [AsyncHttpClient-1-11] DEBUG org.asynchttpclient.netty.channel.ChannelManager - Adding key: http://localhost:51229 for channel [id: 0xbd23ea4c, L:/127.0.0.1:56733 - R:localhost/127.0.0.1:51229]
19:25:54.400 [Forwarding getCurrentUrl on session 3f2268bd2579c883a9bd618e204e6447 to remote] DEBUG org.asynchttpclient.netty.request.NettyRequestSender - Using pooled Channel '[id: 0xbd23ea4c, L:/127.0.0.1:56733 - R:localhost/127.0.0.1:51229]' for 'GET' to 'http://localhost:51229/session/3f2268bd2579c883a9bd618e204e6447/url'
19:25:54.400 [Forwarding getCurrentUrl on session 3f2268bd2579c883a9bd618e204e6447 to remote] DEBUG org.asynchttpclient.netty.request.NettyRequestSender - Using open Channel [id: 0xbd23ea4c, L:/127.0.0.1:56733 - R:localhost/127.0.0.1:51229] for GET '/session/3f2268bd2579c883a9bd618e204e6447/url'
19:25:54.408 [AsyncHttpClient-1-11] DEBUG org.asynchttpclient.netty.handler.HttpHandler - 

Request DefaultFullHttpRequest(decodeResult: success, version: HTTP/1.1, content: EmptyByteBufBE)
GET /session/3f2268bd2579c883a9bd618e204e6447/url HTTP/1.1
User-Agent: selenium/4.1.2 (java windows)
Cache-Control: no-cache
Content-Type: application/json; charset=utf-8
host: localhost:51229
accept: */*

Response DefaultHttpResponse(decodeResult: success, version: HTTP/1.1)
HTTP/1.1 200 OK
Content-Type: application/json; charset=utf-8
cache-control: no-cache
content-length: 31

19:25:54.408 [AsyncHttpClient-1-11] DEBUG org.asynchttpclient.netty.channel.ChannelManager - Adding key: http://localhost:51229 for channel [id: 0xbd23ea4c, L:/127.0.0.1:56733 - R:localhost/127.0.0.1:51229]
19:25:54.418 [Forwarding screenshot on session 3f2268bd2579c883a9bd618e204e6447 to remote] DEBUG org.asynchttpclient.netty.request.NettyRequestSender - Using pooled Channel '[id: 0xbd23ea4c, L:/127.0.0.1:56733 - R:localhost/127.0.0.1:51229]' for 'GET' to 'http://localhost:51229/session/3f2268bd2579c883a9bd618e204e6447/screenshot'
19:25:54.421 [Forwarding screenshot on session 3f2268bd2579c883a9bd618e204e6447 to remote] DEBUG org.asynchttpclient.netty.request.NettyRequestSender - Using open Channel [id: 0xbd23ea4c, L:/127.0.0.1:56733 - R:localhost/127.0.0.1:51229] for GET '/session/3f2268bd2579c883a9bd618e204e6447/screenshot'
19:25:54.574 [AsyncHttpClient-1-11] DEBUG org.asynchttpclient.netty.handler.HttpHandler - 

Request DefaultFullHttpRequest(decodeResult: success, version: HTTP/1.1, content: EmptyByteBufBE)
GET /session/3f2268bd2579c883a9bd618e204e6447/screenshot HTTP/1.1
User-Agent: selenium/4.1.2 (java windows)
Cache-Control: no-cache
Content-Type: application/json; charset=utf-8
host: localhost:51229
accept: */*

Response DefaultHttpResponse(decodeResult: success, version: HTTP/1.1)
HTTP/1.1 200 OK
Content-Type: application/json; charset=utf-8
cache-control: no-cache
content-length: 49788

19:25:54.577 [AsyncHttpClient-1-11] DEBUG org.asynchttpclient.netty.channel.ChannelManager - Adding key: http://localhost:51229 for channel [id: 0xbd23ea4c, L:/127.0.0.1:56733 - R:localhost/127.0.0.1:51229]
19:25:54.582 [main] DEBUG net.serenitybdd.core.photography.Darkroom - Send negative for processing for target\site\serenity\e6a63c95d3bdf56a788b726a2a4cb3add5c6ed242822e36dd69a8dc52fd32436.png
19:25:54.582 [main] DEBUG net.thucydides.core.steps.StepInterceptor - STEP DONE: openUrl
19:25:54.592 [main] DEBUG net.thucydides.core.steps.StepInterceptor - STARTING STEP: stepdefinition.iAmOnLoginPage - clickIconLogin
19:25:54.597 [Forwarding findElement on session 3f2268bd2579c883a9bd618e204e6447 to remote] DEBUG org.asynchttpclient.netty.request.NettyRequestSender - Using pooled Channel '[id: 0xbd23ea4c, L:/127.0.0.1:56733 - R:localhost/127.0.0.1:51229]' for 'POST' to 'http://localhost:51229/session/3f2268bd2579c883a9bd618e204e6447/element'
19:25:54.599 [Forwarding findElement on session 3f2268bd2579c883a9bd618e204e6447 to remote] DEBUG org.asynchttpclient.netty.request.NettyRequestSender - Using open Channel [id: 0xbd23ea4c, L:/127.0.0.1:56733 - R:localhost/127.0.0.1:51229] for POST '/session/3f2268bd2579c883a9bd618e204e6447/element'
19:25:54.617 [AsyncHttpClient-1-11] DEBUG org.asynchttpclient.netty.handler.HttpHandler - 

Request DefaultHttpRequest(decodeResult: success, version: HTTP/1.1)
POST /session/3f2268bd2579c883a9bd618e204e6447/element HTTP/1.1
User-Agent: selenium/4.1.2 (java windows)
Content-Length: 170
Content-Type: application/json; charset=utf-8
host: localhost:51229
accept: */*

Response DefaultHttpResponse(decodeResult: success, version: HTTP/1.1)
HTTP/1.1 200 OK
Content-Type: application/json; charset=utf-8
cache-control: no-cache
content-length: 88

19:25:54.617 [AsyncHttpClient-1-11] DEBUG org.asynchttpclient.netty.channel.ChannelManager - Adding key: http://localhost:51229 for channel [id: 0xbd23ea4c, L:/127.0.0.1:56733 - R:localhost/127.0.0.1:51229]
19:25:54.622 [Forwarding getElementTagName on session 3f2268bd2579c883a9bd618e204e6447 to remote] DEBUG org.asynchttpclient.netty.request.NettyRequestSender - Using pooled Channel '[id: 0xbd23ea4c, L:/127.0.0.1:56733 - R:localhost/127.0.0.1:51229]' for 'GET' to 'http://localhost:51229/session/3f2268bd2579c883a9bd618e204e6447/element/684c311d-ead9-41d4-bea5-83c85a646126/name'
19:25:54.622 [Forwarding getElementTagName on session 3f2268bd2579c883a9bd618e204e6447 to remote] DEBUG org.asynchttpclient.netty.request.NettyRequestSender - Using open Channel [id: 0xbd23ea4c, L:/127.0.0.1:56733 - R:localhost/127.0.0.1:51229] for GET '/session/3f2268bd2579c883a9bd618e204e6447/element/684c311d-ead9-41d4-bea5-83c85a646126/name'
19:25:54.629 [AsyncHttpClient-1-11] DEBUG org.asynchttpclient.netty.handler.HttpHandler - 

Request DefaultFullHttpRequest(decodeResult: success, version: HTTP/1.1, content: EmptyByteBufBE)
GET /session/3f2268bd2579c883a9bd618e204e6447/element/684c311d-ead9-41d4-bea5-83c85a646126/name HTTP/1.1
User-Agent: selenium/4.1.2 (java windows)
Cache-Control: no-cache
Content-Type: application/json; charset=utf-8
host: localhost:51229
accept: */*

Response DefaultHttpResponse(decodeResult: success, version: HTTP/1.1)
HTTP/1.1 200 OK
Content-Type: application/json; charset=utf-8
cache-control: no-cache
content-length: 13

19:25:54.632 [AsyncHttpClient-1-11] DEBUG org.asynchttpclient.netty.channel.ChannelManager - Adding key: http://localhost:51229 for channel [id: 0xbd23ea4c, L:/127.0.0.1:56733 - R:localhost/127.0.0.1:51229]
19:25:54.634 [Forwarding getElementTagName on session 3f2268bd2579c883a9bd618e204e6447 to remote] DEBUG org.asynchttpclient.netty.request.NettyRequestSender - Using pooled Channel '[id: 0xbd23ea4c, L:/127.0.0.1:56733 - R:localhost/127.0.0.1:51229]' for 'GET' to 'http://localhost:51229/session/3f2268bd2579c883a9bd618e204e6447/element/684c311d-ead9-41d4-bea5-83c85a646126/name'
19:25:54.634 [Forwarding getElementTagName on session 3f2268bd2579c883a9bd618e204e6447 to remote] DEBUG org.asynchttpclient.netty.request.NettyRequestSender - Using open Channel [id: 0xbd23ea4c, L:/127.0.0.1:56733 - R:localhost/127.0.0.1:51229] for GET '/session/3f2268bd2579c883a9bd618e204e6447/element/684c311d-ead9-41d4-bea5-83c85a646126/name'
19:25:54.639 [AsyncHttpClient-1-11] DEBUG org.asynchttpclient.netty.handler.HttpHandler - 

Request DefaultFullHttpRequest(decodeResult: success, version: HTTP/1.1, content: EmptyByteBufBE)
GET /session/3f2268bd2579c883a9bd618e204e6447/element/684c311d-ead9-41d4-bea5-83c85a646126/name HTTP/1.1
User-Agent: selenium/4.1.2 (java windows)
Cache-Control: no-cache
Content-Type: application/json; charset=utf-8
host: localhost:51229
accept: */*

Response DefaultHttpResponse(decodeResult: success, version: HTTP/1.1)
HTTP/1.1 200 OK
Content-Type: application/json; charset=utf-8
cache-control: no-cache
content-length: 13

19:25:54.639 [AsyncHttpClient-1-11] DEBUG org.asynchttpclient.netty.channel.ChannelManager - Adding key: http://localhost:51229 for channel [id: 0xbd23ea4c, L:/127.0.0.1:56733 - R:localhost/127.0.0.1:51229]
19:25:54.644 [Forwarding findElement on session 3f2268bd2579c883a9bd618e204e6447 to remote] DEBUG org.asynchttpclient.netty.request.NettyRequestSender - Using pooled Channel '[id: 0xbd23ea4c, L:/127.0.0.1:56733 - R:localhost/127.0.0.1:51229]' for 'POST' to 'http://localhost:51229/session/3f2268bd2579c883a9bd618e204e6447/element'
19:25:54.644 [Forwarding findElement on session 3f2268bd2579c883a9bd618e204e6447 to remote] DEBUG org.asynchttpclient.netty.request.NettyRequestSender - Using open Channel [id: 0xbd23ea4c, L:/127.0.0.1:56733 - R:localhost/127.0.0.1:51229] for POST '/session/3f2268bd2579c883a9bd618e204e6447/element'
19:25:54.657 [AsyncHttpClient-1-11] DEBUG org.asynchttpclient.netty.handler.HttpHandler - 

Request DefaultHttpRequest(decodeResult: success, version: HTTP/1.1)
POST /session/3f2268bd2579c883a9bd618e204e6447/element HTTP/1.1
User-Agent: selenium/4.1.2 (java windows)
Content-Length: 170
Content-Type: application/json; charset=utf-8
host: localhost:51229
accept: */*

Response DefaultHttpResponse(decodeResult: success, version: HTTP/1.1)
HTTP/1.1 200 OK
Content-Type: application/json; charset=utf-8
cache-control: no-cache
content-length: 88

19:25:54.657 [AsyncHttpClient-1-11] DEBUG org.asynchttpclient.netty.channel.ChannelManager - Adding key: http://localhost:51229 for channel [id: 0xbd23ea4c, L:/127.0.0.1:56733 - R:localhost/127.0.0.1:51229]
19:25:54.662 [Forwarding clickElement on session 3f2268bd2579c883a9bd618e204e6447 to remote] DEBUG org.asynchttpclient.netty.request.NettyRequestSender - Using pooled Channel '[id: 0xbd23ea4c, L:/127.0.0.1:56733 - R:localhost/127.0.0.1:51229]' for 'POST' to 'http://localhost:51229/session/3f2268bd2579c883a9bd618e204e6447/element/684c311d-ead9-41d4-bea5-83c85a646126/click'
19:25:54.662 [Forwarding clickElement on session 3f2268bd2579c883a9bd618e204e6447 to remote] DEBUG org.asynchttpclient.netty.request.NettyRequestSender - Using open Channel [id: 0xbd23ea4c, L:/127.0.0.1:56733 - R:localhost/127.0.0.1:51229] for POST '/session/3f2268bd2579c883a9bd618e204e6447/element/684c311d-ead9-41d4-bea5-83c85a646126/click'
19:25:54.709 [AsyncHttpClient-1-1] DEBUG org.asynchttpclient.netty.channel.DefaultChannelPool - Entry count for : http://localhost:56734 : 1
19:25:54.729 [AsyncHttpClient-1-11] DEBUG org.asynchttpclient.netty.handler.HttpHandler - 

Request DefaultHttpRequest(decodeResult: success, version: HTTP/1.1)
POST /session/3f2268bd2579c883a9bd618e204e6447/element/684c311d-ead9-41d4-bea5-83c85a646126/click HTTP/1.1
User-Agent: selenium/4.1.2 (java windows)
Content-Length: 50
Content-Type: application/json; charset=utf-8
host: localhost:51229
accept: */*

Response DefaultHttpResponse(decodeResult: success, version: HTTP/1.1)
HTTP/1.1 200 OK
Content-Type: application/json; charset=utf-8
cache-control: no-cache
content-length: 14

19:25:54.729 [AsyncHttpClient-1-11] DEBUG org.asynchttpclient.netty.channel.ChannelManager - Adding key: http://localhost:51229 for channel [id: 0xbd23ea4c, L:/127.0.0.1:56733 - R:localhost/127.0.0.1:51229]
19:25:54.744 [Forwarding screenshot on session 3f2268bd2579c883a9bd618e204e6447 to remote] DEBUG org.asynchttpclient.netty.request.NettyRequestSender - Using pooled Channel '[id: 0xbd23ea4c, L:/127.0.0.1:56733 - R:localhost/127.0.0.1:51229]' for 'GET' to 'http://localhost:51229/session/3f2268bd2579c883a9bd618e204e6447/screenshot'
19:25:54.744 [Forwarding screenshot on session 3f2268bd2579c883a9bd618e204e6447 to remote] DEBUG org.asynchttpclient.netty.request.NettyRequestSender - Using open Channel [id: 0xbd23ea4c, L:/127.0.0.1:56733 - R:localhost/127.0.0.1:51229] for GET '/session/3f2268bd2579c883a9bd618e204e6447/screenshot'
19:25:55.201 [AsyncHttpClient-1-11] DEBUG org.asynchttpclient.netty.handler.HttpHandler - 

Request DefaultFullHttpRequest(decodeResult: success, version: HTTP/1.1, content: EmptyByteBufBE)
GET /session/3f2268bd2579c883a9bd618e204e6447/screenshot HTTP/1.1
User-Agent: selenium/4.1.2 (java windows)
Cache-Control: no-cache
Content-Type: application/json; charset=utf-8
host: localhost:51229
accept: */*

Response DefaultHttpResponse(decodeResult: success, version: HTTP/1.1)
HTTP/1.1 200 OK
Content-Type: application/json; charset=utf-8
cache-control: no-cache
content-length: 40140

19:25:55.201 [AsyncHttpClient-1-11] DEBUG org.asynchttpclient.netty.channel.ChannelManager - Adding key: http://localhost:51229 for channel [id: 0xbd23ea4c, L:/127.0.0.1:56733 - R:localhost/127.0.0.1:51229]
19:25:55.208 [main] DEBUG net.serenitybdd.core.photography.Darkroom - Send negative for processing for target\site\serenity\b2526f376d5b741adf432def5b93c519a8702ae6384afbd063123425135fd5e6.png
19:25:55.208 [main] DEBUG net.thucydides.core.steps.StepInterceptor - STEP DONE: clickIconLogin
  &amp#27;[32mGiven &amp#27;[0m&amp#27;[32mi am on login page&amp#27;[0m       &amp#27;[90m# starter.stepdefinitions.stepdefinition.iAmOnLoginPage()&amp#27;[0m
19:25:55.246 [main] DEBUG net.thucydides.core.steps.StepInterceptor - STARTING STEP: stepdefinition.iInputUsername - inputUsername
19:25:55.256 [Forwarding findElement on session 3f2268bd2579c883a9bd618e204e6447 to remote] DEBUG org.asynchttpclient.netty.request.NettyRequestSender - Using pooled Channel '[id: 0xbd23ea4c, L:/127.0.0.1:56733 - R:localhost/127.0.0.1:51229]' for 'POST' to 'http://localhost:51229/session/3f2268bd2579c883a9bd618e204e6447/element'
19:25:55.256 [Forwarding findElement on session 3f2268bd2579c883a9bd618e204e6447 to remote] DEBUG org.asynchttpclient.netty.request.NettyRequestSender - Using open Channel [id: 0xbd23ea4c, L:/127.0.0.1:56733 - R:localhost/127.0.0.1:51229] for POST '/session/3f2268bd2579c883a9bd618e204e6447/element'
19:25:55.276 [AsyncHttpClient-1-11] DEBUG org.asynchttpclient.netty.handler.HttpHandler - 

Request DefaultHttpRequest(decodeResult: success, version: HTTP/1.1)
POST /session/3f2268bd2579c883a9bd618e204e6447/element HTTP/1.1
User-Agent: selenium/4.1.2 (java windows)
Content-Length: 86
Content-Type: application/json; charset=utf-8
host: localhost:51229
accept: */*

Response DefaultHttpResponse(decodeResult: success, version: HTTP/1.1)
HTTP/1.1 200 OK
Content-Type: application/json; charset=utf-8
cache-control: no-cache
content-length: 88

19:25:55.278 [AsyncHttpClient-1-11] DEBUG org.asynchttpclient.netty.channel.ChannelManager - Adding key: http://localhost:51229 for channel [id: 0xbd23ea4c, L:/127.0.0.1:56733 - R:localhost/127.0.0.1:51229]
19:25:55.280 [Forwarding clearElement on session 3f2268bd2579c883a9bd618e204e6447 to remote] DEBUG org.asynchttpclient.netty.request.NettyRequestSender - Using pooled Channel '[id: 0xbd23ea4c, L:/127.0.0.1:56733 - R:localhost/127.0.0.1:51229]' for 'POST' to 'http://localhost:51229/session/3f2268bd2579c883a9bd618e204e6447/element/6572f7a7-e344-482d-91c4-2b05018f7314/clear'
19:25:55.280 [Forwarding clearElement on session 3f2268bd2579c883a9bd618e204e6447 to remote] DEBUG org.asynchttpclient.netty.request.NettyRequestSender - Using open Channel [id: 0xbd23ea4c, L:/127.0.0.1:56733 - R:localhost/127.0.0.1:51229] for POST '/session/3f2268bd2579c883a9bd618e204e6447/element/6572f7a7-e344-482d-91c4-2b05018f7314/clear'
19:25:55.347 [AsyncHttpClient-1-11] DEBUG org.asynchttpclient.netty.handler.HttpHandler - 

Request DefaultHttpRequest(decodeResult: success, version: HTTP/1.1)
POST /session/3f2268bd2579c883a9bd618e204e6447/element/6572f7a7-e344-482d-91c4-2b05018f7314/clear HTTP/1.1
User-Agent: selenium/4.1.2 (java windows)
Content-Length: 50
Content-Type: application/json; charset=utf-8
host: localhost:51229
accept: */*

Response DefaultHttpResponse(decodeResult: success, version: HTTP/1.1)
HTTP/1.1 200 OK
Content-Type: application/json; charset=utf-8
cache-control: no-cache
content-length: 14

19:25:55.347 [AsyncHttpClient-1-11] DEBUG org.asynchttpclient.netty.channel.ChannelManager - Adding key: http://localhost:51229 for channel [id: 0xbd23ea4c, L:/127.0.0.1:56733 - R:localhost/127.0.0.1:51229]
19:25:55.352 [Forwarding sendKeysToElement on session 3f2268bd2579c883a9bd618e204e6447 to remote] DEBUG org.asynchttpclient.netty.request.NettyRequestSender - Using pooled Channel '[id: 0xbd23ea4c, L:/127.0.0.1:56733 - R:localhost/127.0.0.1:51229]' for 'POST' to 'http://localhost:51229/session/3f2268bd2579c883a9bd618e204e6447/element/6572f7a7-e344-482d-91c4-2b05018f7314/value'
19:25:55.352 [Forwarding sendKeysToElement on session 3f2268bd2579c883a9bd618e204e6447 to remote] DEBUG org.asynchttpclient.netty.request.NettyRequestSender - Using open Channel [id: 0xbd23ea4c, L:/127.0.0.1:56733 - R:localhost/127.0.0.1:51229] for POST '/session/3f2268bd2579c883a9bd618e204e6447/element/6572f7a7-e344-482d-91c4-2b05018f7314/value'
19:25:55.432 [AsyncHttpClient-1-11] DEBUG org.asynchttpclient.netty.handler.HttpHandler - 

Request DefaultHttpRequest(decodeResult: success, version: HTTP/1.1)
POST /session/3f2268bd2579c883a9bd618e204e6447/element/6572f7a7-e344-482d-91c4-2b05018f7314/value HTTP/1.1
User-Agent: selenium/4.1.2 (java windows)
Content-Length: 82
Content-Type: application/json; charset=utf-8
host: localhost:51229
accept: */*

Response DefaultHttpResponse(decodeResult: success, version: HTTP/1.1)
HTTP/1.1 200 OK
Content-Type: application/json; charset=utf-8
cache-control: no-cache
content-length: 14

19:25:55.432 [AsyncHttpClient-1-11] DEBUG org.asynchttpclient.netty.channel.ChannelManager - Adding key: http://localhost:51229 for channel [id: 0xbd23ea4c, L:/127.0.0.1:56733 - R:localhost/127.0.0.1:51229]
19:25:55.447 [Forwarding screenshot on session 3f2268bd2579c883a9bd618e204e6447 to remote] DEBUG org.asynchttpclient.netty.request.NettyRequestSender - Using pooled Channel '[id: 0xbd23ea4c, L:/127.0.0.1:56733 - R:localhost/127.0.0.1:51229]' for 'GET' to 'http://localhost:51229/session/3f2268bd2579c883a9bd618e204e6447/screenshot'
19:25:55.447 [Forwarding screenshot on session 3f2268bd2579c883a9bd618e204e6447 to remote] DEBUG org.asynchttpclient.netty.request.NettyRequestSender - Using open Channel [id: 0xbd23ea4c, L:/127.0.0.1:56733 - R:localhost/127.0.0.1:51229] for GET '/session/3f2268bd2579c883a9bd618e204e6447/screenshot'
19:25:55.694 [AsyncHttpClient-1-11] DEBUG org.asynchttpclient.netty.handler.HttpHandler - 

Request DefaultFullHttpRequest(decodeResult: success, version: HTTP/1.1, content: EmptyByteBufBE)
GET /session/3f2268bd2579c883a9bd618e204e6447/screenshot HTTP/1.1
User-Agent: selenium/4.1.2 (java windows)
Cache-Control: no-cache
Content-Type: application/json; charset=utf-8
host: localhost:51229
accept: */*

Response DefaultHttpResponse(decodeResult: success, version: HTTP/1.1)
HTTP/1.1 200 OK
Content-Type: application/json; charset=utf-8
cache-control: no-cache
content-length: 39776

19:25:55.694 [AsyncHttpClient-1-11] DEBUG org.asynchttpclient.netty.channel.ChannelManager - Adding key: http://localhost:51229 for channel [id: 0xbd23ea4c, L:/127.0.0.1:56733 - R:localhost/127.0.0.1:51229]
19:25:55.699 [main] DEBUG net.serenitybdd.core.photography.Darkroom - Send negative for processing for target\site\serenity\e81a0e1d55f4632e2fa21896f3fc397533ac1835ffd1937757b338e42a7491d9.png
19:25:55.701 [main] DEBUG net.thucydides.core.steps.StepInterceptor - STEP DONE: inputUsername
19:25:55.701 [Darkroom Processing Line] DEBUG net.serenitybdd.core.photography.DarkroomProcessingLine - Processing screenshot image in /var/screenshots/screenshot-4150524773827211545
19:25:55.701 [Darkroom Processing Line] DEBUG net.serenitybdd.core.photography.DarkroomProcessingLine - Saving screenshot to target\site\serenity\e81a0e1d55f4632e2fa21896f3fc397533ac1835ffd1937757b338e42a7491d9.png
  &amp#27;[32mWhen &amp#27;[0m&amp#27;[32mi input &amp#27;[0m&amp#27;[32m&amp#27;[1m""&amp#27;[0m&amp#27;[32m username&amp#27;[0m       &amp#27;[90m# starter.stepdefinitions.stepdefinition.iInputUsername(java.lang.String)&amp#27;[0m
19:25:55.731 [main] DEBUG net.thucydides.core.steps.StepInterceptor - STARTING STEP: stepdefinition.iInputPassword - inputPassword
19:25:55.739 [Forwarding findElement on session 3f2268bd2579c883a9bd618e204e6447 to remote] DEBUG org.asynchttpclient.netty.request.NettyRequestSender - Using pooled Channel '[id: 0xbd23ea4c, L:/127.0.0.1:56733 - R:localhost/127.0.0.1:51229]' for 'POST' to 'http://localhost:51229/session/3f2268bd2579c883a9bd618e204e6447/element'
19:25:55.739 [Forwarding findElement on session 3f2268bd2579c883a9bd618e204e6447 to remote] DEBUG org.asynchttpclient.netty.request.NettyRequestSender - Using open Channel [id: 0xbd23ea4c, L:/127.0.0.1:56733 - R:localhost/127.0.0.1:51229] for POST '/session/3f2268bd2579c883a9bd618e204e6447/element'
19:25:55.759 [AsyncHttpClient-1-11] DEBUG org.asynchttpclient.netty.handler.HttpHandler - 

Request DefaultHttpRequest(decodeResult: success, version: HTTP/1.1)
POST /session/3f2268bd2579c883a9bd618e204e6447/element HTTP/1.1
User-Agent: selenium/4.1.2 (java windows)
Content-Length: 89
Content-Type: application/json; charset=utf-8
host: localhost:51229
accept: */*

Response DefaultHttpResponse(decodeResult: success, version: HTTP/1.1)
HTTP/1.1 200 OK
Content-Type: application/json; charset=utf-8
cache-control: no-cache
content-length: 88

19:25:55.759 [AsyncHttpClient-1-11] DEBUG org.asynchttpclient.netty.channel.ChannelManager - Adding key: http://localhost:51229 for channel [id: 0xbd23ea4c, L:/127.0.0.1:56733 - R:localhost/127.0.0.1:51229]
19:25:55.766 [Forwarding clearElement on session 3f2268bd2579c883a9bd618e204e6447 to remote] DEBUG org.asynchttpclient.netty.request.NettyRequestSender - Using pooled Channel '[id: 0xbd23ea4c, L:/127.0.0.1:56733 - R:localhost/127.0.0.1:51229]' for 'POST' to 'http://localhost:51229/session/3f2268bd2579c883a9bd618e204e6447/element/84a2c1e5-e181-421b-98eb-4a83ce592cdb/clear'
19:25:55.766 [Forwarding clearElement on session 3f2268bd2579c883a9bd618e204e6447 to remote] DEBUG org.asynchttpclient.netty.request.NettyRequestSender - Using open Channel [id: 0xbd23ea4c, L:/127.0.0.1:56733 - R:localhost/127.0.0.1:51229] for POST '/session/3f2268bd2579c883a9bd618e204e6447/element/84a2c1e5-e181-421b-98eb-4a83ce592cdb/clear'
19:25:55.811 [AsyncHttpClient-1-1] DEBUG org.asynchttpclient.netty.channel.DefaultChannelPool - Entry count for : http://localhost:56734 : 1
19:25:55.828 [AsyncHttpClient-1-11] DEBUG org.asynchttpclient.netty.handler.HttpHandler - 

Request DefaultHttpRequest(decodeResult: success, version: HTTP/1.1)
POST /session/3f2268bd2579c883a9bd618e204e6447/element/84a2c1e5-e181-421b-98eb-4a83ce592cdb/clear HTTP/1.1
User-Agent: selenium/4.1.2 (java windows)
Content-Length: 50
Content-Type: application/json; charset=utf-8
host: localhost:51229
accept: */*

Response DefaultHttpResponse(decodeResult: success, version: HTTP/1.1)
HTTP/1.1 200 OK
Content-Type: application/json; charset=utf-8
cache-control: no-cache
content-length: 14

19:25:55.828 [AsyncHttpClient-1-11] DEBUG org.asynchttpclient.netty.channel.ChannelManager - Adding key: http://localhost:51229 for channel [id: 0xbd23ea4c, L:/127.0.0.1:56733 - R:localhost/127.0.0.1:51229]
19:25:55.838 [Forwarding sendKeysToElement on session 3f2268bd2579c883a9bd618e204e6447 to remote] DEBUG org.asynchttpclient.netty.request.NettyRequestSender - Using pooled Channel '[id: 0xbd23ea4c, L:/127.0.0.1:56733 - R:localhost/127.0.0.1:51229]' for 'POST' to 'http://localhost:51229/session/3f2268bd2579c883a9bd618e204e6447/element/84a2c1e5-e181-421b-98eb-4a83ce592cdb/value'
19:25:55.838 [Forwarding sendKeysToElement on session 3f2268bd2579c883a9bd618e204e6447 to remote] DEBUG org.asynchttpclient.netty.request.NettyRequestSender - Using open Channel [id: 0xbd23ea4c, L:/127.0.0.1:56733 - R:localhost/127.0.0.1:51229] for POST '/session/3f2268bd2579c883a9bd618e204e6447/element/84a2c1e5-e181-421b-98eb-4a83ce592cdb/value'
19:25:55.937 [AsyncHttpClient-1-11] DEBUG org.asynchttpclient.netty.handler.HttpHandler - 

Request DefaultHttpRequest(decodeResult: success, version: HTTP/1.1)
POST /session/3f2268bd2579c883a9bd618e204e6447/element/84a2c1e5-e181-421b-98eb-4a83ce592cdb/value HTTP/1.1
User-Agent: selenium/4.1.2 (java windows)
Content-Length: 82
Content-Type: application/json; charset=utf-8
host: localhost:51229
accept: */*

Response DefaultHttpResponse(decodeResult: success, version: HTTP/1.1)
HTTP/1.1 200 OK
Content-Type: application/json; charset=utf-8
cache-control: no-cache
content-length: 14

19:25:55.937 [AsyncHttpClient-1-11] DEBUG org.asynchttpclient.netty.channel.ChannelManager - Adding key: http://localhost:51229 for channel [id: 0xbd23ea4c, L:/127.0.0.1:56733 - R:localhost/127.0.0.1:51229]
19:25:55.957 [Forwarding screenshot on session 3f2268bd2579c883a9bd618e204e6447 to remote] DEBUG org.asynchttpclient.netty.request.NettyRequestSender - Using pooled Channel '[id: 0xbd23ea4c, L:/127.0.0.1:56733 - R:localhost/127.0.0.1:51229]' for 'GET' to 'http://localhost:51229/session/3f2268bd2579c883a9bd618e204e6447/screenshot'
19:25:55.957 [Forwarding screenshot on session 3f2268bd2579c883a9bd618e204e6447 to remote] DEBUG org.asynchttpclient.netty.request.NettyRequestSender - Using open Channel [id: 0xbd23ea4c, L:/127.0.0.1:56733 - R:localhost/127.0.0.1:51229] for GET '/session/3f2268bd2579c883a9bd618e204e6447/screenshot'
19:25:56.213 [AsyncHttpClient-1-11] DEBUG org.asynchttpclient.netty.handler.HttpHandler - 

Request DefaultFullHttpRequest(decodeResult: success, version: HTTP/1.1, content: EmptyByteBufBE)
GET /session/3f2268bd2579c883a9bd618e204e6447/screenshot HTTP/1.1
User-Agent: selenium/4.1.2 (java windows)
Cache-Control: no-cache
Content-Type: application/json; charset=utf-8
host: localhost:51229
accept: */*

Response DefaultHttpResponse(decodeResult: success, version: HTTP/1.1)
HTTP/1.1 200 OK
Content-Type: application/json; charset=utf-8
cache-control: no-cache
content-length: 40004

19:25:56.216 [AsyncHttpClient-1-11] DEBUG org.asynchttpclient.netty.channel.ChannelManager - Adding key: http://localhost:51229 for channel [id: 0xbd23ea4c, L:/127.0.0.1:56733 - R:localhost/127.0.0.1:51229]
19:25:56.226 [main] DEBUG net.serenitybdd.core.photography.Darkroom - Send negative for processing for target\site\serenity\bd94c28c7646b09a4bbe6881a6ed91d2defc1067621c81944d6b05b91545f6de.png
19:25:56.226 [main] DEBUG net.thucydides.core.steps.StepInterceptor - STEP DONE: inputPassword
19:25:56.226 [Darkroom Processing Line] DEBUG net.serenitybdd.core.photography.DarkroomProcessingLine - Processing screenshot image in /var/screenshots/screenshot-8176276444058883720
19:25:56.226 [Darkroom Processing Line] DEBUG net.serenitybdd.core.photography.DarkroomProcessingLine - Saving screenshot to target\site\serenity\bd94c28c7646b09a4bbe6881a6ed91d2defc1067621c81944d6b05b91545f6de.png
  &amp#27;[32mAnd &amp#27;[0m&amp#27;[32mi input &amp#27;[0m&amp#27;[32m&amp#27;[1m""&amp#27;[0m&amp#27;[32m password&amp#27;[0m        &amp#27;[90m# starter.stepdefinitions.stepdefinition.iInputPassword(java.lang.String)&amp#27;[0m
19:25:56.280 [Forwarding screenshot on session 3f2268bd2579c883a9bd618e204e6447 to remote] DEBUG org.asynchttpclient.netty.request.NettyRequestSender - Using pooled Channel '[id: 0xbd23ea4c, L:/127.0.0.1:56733 - R:localhost/127.0.0.1:51229]' for 'GET' to 'http://localhost:51229/session/3f2268bd2579c883a9bd618e204e6447/screenshot'
19:25:56.280 [Forwarding screenshot on session 3f2268bd2579c883a9bd618e204e6447 to remote] DEBUG org.asynchttpclient.netty.request.NettyRequestSender - Using open Channel [id: 0xbd23ea4c, L:/127.0.0.1:56733 - R:localhost/127.0.0.1:51229] for GET '/session/3f2268bd2579c883a9bd618e204e6447/screenshot'
19:25:56.490 [AsyncHttpClient-1-11] DEBUG org.asynchttpclient.netty.handler.HttpHandler - 

Request DefaultFullHttpRequest(decodeResult: success, version: HTTP/1.1, content: EmptyByteBufBE)
GET /session/3f2268bd2579c883a9bd618e204e6447/screenshot HTTP/1.1
User-Agent: selenium/4.1.2 (java windows)
Cache-Control: no-cache
Content-Type: application/json; charset=utf-8
host: localhost:51229
accept: */*

Response DefaultHttpResponse(decodeResult: success, version: HTTP/1.1)
HTTP/1.1 200 OK
Content-Type: application/json; charset=utf-8
cache-control: no-cache
content-length: 38316

19:25:56.493 [AsyncHttpClient-1-11] DEBUG org.asynchttpclient.netty.channel.ChannelManager - Adding key: http://localhost:51229 for channel [id: 0xbd23ea4c, L:/127.0.0.1:56733 - R:localhost/127.0.0.1:51229]
19:25:56.498 [main] DEBUG net.serenitybdd.core.photography.Darkroom - Send negative for processing for target\site\serenity\889b2ba9b68f8b3e1c2d2a790ec3f741644019abbc7dfe3ae9a8dfd3ccb5a265.png
19:25:56.501 [Darkroom Processing Line] DEBUG net.serenitybdd.core.photography.DarkroomProcessingLine - Processing screenshot image in /var/screenshots/screenshot-13636982056924632882
19:25:56.501 [main] DEBUG net.thucydides.core.steps.StepInterceptor - STARTING STEP: stepdefinition.clickLoginButton - clickLogin
19:25:56.501 [Darkroom Processing Line] DEBUG net.serenitybdd.core.photography.DarkroomProcessingLine - Saving screenshot to target\site\serenity\889b2ba9b68f8b3e1c2d2a790ec3f741644019abbc7dfe3ae9a8dfd3ccb5a265.png
19:25:56.511 [Forwarding findElement on session 3f2268bd2579c883a9bd618e204e6447 to remote] DEBUG org.asynchttpclient.netty.request.NettyRequestSender - Using pooled Channel '[id: 0xbd23ea4c, L:/127.0.0.1:56733 - R:localhost/127.0.0.1:51229]' for 'POST' to 'http://localhost:51229/session/3f2268bd2579c883a9bd618e204e6447/element'
19:25:56.511 [Forwarding findElement on session 3f2268bd2579c883a9bd618e204e6447 to remote] DEBUG org.asynchttpclient.netty.request.NettyRequestSender - Using open Channel [id: 0xbd23ea4c, L:/127.0.0.1:56733 - R:localhost/127.0.0.1:51229] for POST '/session/3f2268bd2579c883a9bd618e204e6447/element'
19:25:56.534 [AsyncHttpClient-1-11] DEBUG org.asynchttpclient.netty.handler.HttpHandler - 

Request DefaultHttpRequest(decodeResult: success, version: HTTP/1.1)
POST /session/3f2268bd2579c883a9bd618e204e6447/element HTTP/1.1
User-Agent: selenium/4.1.2 (java windows)
Content-Length: 72
Content-Type: application/json; charset=utf-8
host: localhost:51229
accept: */*

Response DefaultHttpResponse(decodeResult: success, version: HTTP/1.1)
HTTP/1.1 200 OK
Content-Type: application/json; charset=utf-8
cache-control: no-cache
content-length: 88

19:25:56.534 [AsyncHttpClient-1-11] DEBUG org.asynchttpclient.netty.channel.ChannelManager - Adding key: http://localhost:51229 for channel [id: 0xbd23ea4c, L:/127.0.0.1:56733 - R:localhost/127.0.0.1:51229]
19:25:56.539 [Forwarding getElementTagName on session 3f2268bd2579c883a9bd618e204e6447 to remote] DEBUG org.asynchttpclient.netty.request.NettyRequestSender - Using pooled Channel '[id: 0xbd23ea4c, L:/127.0.0.1:56733 - R:localhost/127.0.0.1:51229]' for 'GET' to 'http://localhost:51229/session/3f2268bd2579c883a9bd618e204e6447/element/6dc3a7f7-c597-4d43-b0b5-11f37991d0db/name'
19:25:56.539 [Forwarding getElementTagName on session 3f2268bd2579c883a9bd618e204e6447 to remote] DEBUG org.asynchttpclient.netty.request.NettyRequestSender - Using open Channel [id: 0xbd23ea4c, L:/127.0.0.1:56733 - R:localhost/127.0.0.1:51229] for GET '/session/3f2268bd2579c883a9bd618e204e6447/element/6dc3a7f7-c597-4d43-b0b5-11f37991d0db/name'
19:25:56.549 [AsyncHttpClient-1-11] DEBUG org.asynchttpclient.netty.handler.HttpHandler - 

Request DefaultFullHttpRequest(decodeResult: success, version: HTTP/1.1, content: EmptyByteBufBE)
GET /session/3f2268bd2579c883a9bd618e204e6447/element/6dc3a7f7-c597-4d43-b0b5-11f37991d0db/name HTTP/1.1
User-Agent: selenium/4.1.2 (java windows)
Cache-Control: no-cache
Content-Type: application/json; charset=utf-8
host: localhost:51229
accept: */*

Response DefaultHttpResponse(decodeResult: success, version: HTTP/1.1)
HTTP/1.1 200 OK
Content-Type: application/json; charset=utf-8
cache-control: no-cache
content-length: 18

19:25:56.549 [AsyncHttpClient-1-11] DEBUG org.asynchttpclient.netty.channel.ChannelManager - Adding key: http://localhost:51229 for channel [id: 0xbd23ea4c, L:/127.0.0.1:56733 - R:localhost/127.0.0.1:51229]
19:25:56.554 [Forwarding getElementTagName on session 3f2268bd2579c883a9bd618e204e6447 to remote] DEBUG org.asynchttpclient.netty.request.NettyRequestSender - Using pooled Channel '[id: 0xbd23ea4c, L:/127.0.0.1:56733 - R:localhost/127.0.0.1:51229]' for 'GET' to 'http://localhost:51229/session/3f2268bd2579c883a9bd618e204e6447/element/6dc3a7f7-c597-4d43-b0b5-11f37991d0db/name'
19:25:56.554 [Forwarding getElementTagName on session 3f2268bd2579c883a9bd618e204e6447 to remote] DEBUG org.asynchttpclient.netty.request.NettyRequestSender - Using open Channel [id: 0xbd23ea4c, L:/127.0.0.1:56733 - R:localhost/127.0.0.1:51229] for GET '/session/3f2268bd2579c883a9bd618e204e6447/element/6dc3a7f7-c597-4d43-b0b5-11f37991d0db/name'
19:25:56.559 [AsyncHttpClient-1-11] DEBUG org.asynchttpclient.netty.handler.HttpHandler - 

Request DefaultFullHttpRequest(decodeResult: success, version: HTTP/1.1, content: EmptyByteBufBE)
GET /session/3f2268bd2579c883a9bd618e204e6447/element/6dc3a7f7-c597-4d43-b0b5-11f37991d0db/name HTTP/1.1
User-Agent: selenium/4.1.2 (java windows)
Cache-Control: no-cache
Content-Type: application/json; charset=utf-8
host: localhost:51229
accept: */*

Response DefaultHttpResponse(decodeResult: success, version: HTTP/1.1)
HTTP/1.1 200 OK
Content-Type: application/json; charset=utf-8
cache-control: no-cache
content-length: 18

19:25:56.561 [AsyncHttpClient-1-11] DEBUG org.asynchttpclient.netty.channel.ChannelManager - Adding key: http://localhost:51229 for channel [id: 0xbd23ea4c, L:/127.0.0.1:56733 - R:localhost/127.0.0.1:51229]
19:25:56.571 [Forwarding isElementEnabled on session 3f2268bd2579c883a9bd618e204e6447 to remote] DEBUG org.asynchttpclient.netty.request.NettyRequestSender - Using pooled Channel '[id: 0xbd23ea4c, L:/127.0.0.1:56733 - R:localhost/127.0.0.1:51229]' for 'GET' to 'http://localhost:51229/session/3f2268bd2579c883a9bd618e204e6447/element/6dc3a7f7-c597-4d43-b0b5-11f37991d0db/enabled'
19:25:56.571 [Forwarding isElementEnabled on session 3f2268bd2579c883a9bd618e204e6447 to remote] DEBUG org.asynchttpclient.netty.request.NettyRequestSender - Using open Channel [id: 0xbd23ea4c, L:/127.0.0.1:56733 - R:localhost/127.0.0.1:51229] for GET '/session/3f2268bd2579c883a9bd618e204e6447/element/6dc3a7f7-c597-4d43-b0b5-11f37991d0db/enabled'
19:25:56.589 [AsyncHttpClient-1-11] DEBUG org.asynchttpclient.netty.handler.HttpHandler - 

Request DefaultFullHttpRequest(decodeResult: success, version: HTTP/1.1, content: EmptyByteBufBE)
GET /session/3f2268bd2579c883a9bd618e204e6447/element/6dc3a7f7-c597-4d43-b0b5-11f37991d0db/enabled HTTP/1.1
User-Agent: selenium/4.1.2 (java windows)
Cache-Control: no-cache
Content-Type: application/json; charset=utf-8
host: localhost:51229
accept: */*

Response DefaultHttpResponse(decodeResult: success, version: HTTP/1.1)
HTTP/1.1 200 OK
Content-Type: application/json; charset=utf-8
cache-control: no-cache
content-length: 14

19:25:56.591 [AsyncHttpClient-1-11] DEBUG org.asynchttpclient.netty.channel.ChannelManager - Adding key: http://localhost:51229 for channel [id: 0xbd23ea4c, L:/127.0.0.1:56733 - R:localhost/127.0.0.1:51229]
19:25:56.596 [Forwarding isElementEnabled on session 3f2268bd2579c883a9bd618e204e6447 to remote] DEBUG org.asynchttpclient.netty.request.NettyRequestSender - Using pooled Channel '[id: 0xbd23ea4c, L:/127.0.0.1:56733 - R:localhost/127.0.0.1:51229]' for 'GET' to 'http://localhost:51229/session/3f2268bd2579c883a9bd618e204e6447/element/6dc3a7f7-c597-4d43-b0b5-11f37991d0db/enabled'
19:25:56.596 [Forwarding isElementEnabled on session 3f2268bd2579c883a9bd618e204e6447 to remote] DEBUG org.asynchttpclient.netty.request.NettyRequestSender - Using open Channel [id: 0xbd23ea4c, L:/127.0.0.1:56733 - R:localhost/127.0.0.1:51229] for GET '/session/3f2268bd2579c883a9bd618e204e6447/element/6dc3a7f7-c597-4d43-b0b5-11f37991d0db/enabled'
19:25:56.609 [AsyncHttpClient-1-11] DEBUG org.asynchttpclient.netty.handler.HttpHandler - 

Request DefaultFullHttpRequest(decodeResult: success, version: HTTP/1.1, content: EmptyByteBufBE)
GET /session/3f2268bd2579c883a9bd618e204e6447/element/6dc3a7f7-c597-4d43-b0b5-11f37991d0db/enabled HTTP/1.1
User-Agent: selenium/4.1.2 (java windows)
Cache-Control: no-cache
Content-Type: application/json; charset=utf-8
host: localhost:51229
accept: */*

Response DefaultHttpResponse(decodeResult: success, version: HTTP/1.1)
HTTP/1.1 200 OK
Content-Type: application/json; charset=utf-8
cache-control: no-cache
content-length: 14

19:25:56.612 [AsyncHttpClient-1-11] DEBUG org.asynchttpclient.netty.channel.ChannelManager - Adding key: http://localhost:51229 for channel [id: 0xbd23ea4c, L:/127.0.0.1:56733 - R:localhost/127.0.0.1:51229]
19:25:56.619 [Forwarding findElement on session 3f2268bd2579c883a9bd618e204e6447 to remote] DEBUG org.asynchttpclient.netty.request.NettyRequestSender - Using pooled Channel '[id: 0xbd23ea4c, L:/127.0.0.1:56733 - R:localhost/127.0.0.1:51229]' for 'POST' to 'http://localhost:51229/session/3f2268bd2579c883a9bd618e204e6447/element'
19:25:56.619 [Forwarding findElement on session 3f2268bd2579c883a9bd618e204e6447 to remote] DEBUG org.asynchttpclient.netty.request.NettyRequestSender - Using open Channel [id: 0xbd23ea4c, L:/127.0.0.1:56733 - R:localhost/127.0.0.1:51229] for POST '/session/3f2268bd2579c883a9bd618e204e6447/element'
19:25:56.637 [AsyncHttpClient-1-11] DEBUG org.asynchttpclient.netty.handler.HttpHandler - 

Request DefaultHttpRequest(decodeResult: success, version: HTTP/1.1)
POST /session/3f2268bd2579c883a9bd618e204e6447/element HTTP/1.1
User-Agent: selenium/4.1.2 (java windows)
Content-Length: 72
Content-Type: application/json; charset=utf-8
host: localhost:51229
accept: */*

Response DefaultHttpResponse(decodeResult: success, version: HTTP/1.1)
HTTP/1.1 200 OK
Content-Type: application/json; charset=utf-8
cache-control: no-cache
content-length: 88

19:25:56.637 [AsyncHttpClient-1-11] DEBUG org.asynchttpclient.netty.channel.ChannelManager - Adding key: http://localhost:51229 for channel [id: 0xbd23ea4c, L:/127.0.0.1:56733 - R:localhost/127.0.0.1:51229]
19:25:56.642 [Forwarding clickElement on session 3f2268bd2579c883a9bd618e204e6447 to remote] DEBUG org.asynchttpclient.netty.request.NettyRequestSender - Using pooled Channel '[id: 0xbd23ea4c, L:/127.0.0.1:56733 - R:localhost/127.0.0.1:51229]' for 'POST' to 'http://localhost:51229/session/3f2268bd2579c883a9bd618e204e6447/element/6dc3a7f7-c597-4d43-b0b5-11f37991d0db/click'
19:25:56.642 [Forwarding clickElement on session 3f2268bd2579c883a9bd618e204e6447 to remote] DEBUG org.asynchttpclient.netty.request.NettyRequestSender - Using open Channel [id: 0xbd23ea4c, L:/127.0.0.1:56733 - R:localhost/127.0.0.1:51229] for POST '/session/3f2268bd2579c883a9bd618e204e6447/element/6dc3a7f7-c597-4d43-b0b5-11f37991d0db/click'
19:25:56.751 [AsyncHttpClient-1-11] DEBUG org.asynchttpclient.netty.handler.HttpHandler - 

Request DefaultHttpRequest(decodeResult: success, version: HTTP/1.1)
POST /session/3f2268bd2579c883a9bd618e204e6447/element/6dc3a7f7-c597-4d43-b0b5-11f37991d0db/click HTTP/1.1
User-Agent: selenium/4.1.2 (java windows)
Content-Length: 50
Content-Type: application/json; charset=utf-8
host: localhost:51229
accept: */*

Response DefaultHttpResponse(decodeResult: success, version: HTTP/1.1)
HTTP/1.1 200 OK
Content-Type: application/json; charset=utf-8
cache-control: no-cache
content-length: 14

19:25:56.751 [AsyncHttpClient-1-11] DEBUG org.asynchttpclient.netty.channel.ChannelManager - Adding key: http://localhost:51229 for channel [id: 0xbd23ea4c, L:/127.0.0.1:56733 - R:localhost/127.0.0.1:51229]
19:25:56.773 [Forwarding screenshot on session 3f2268bd2579c883a9bd618e204e6447 to remote] DEBUG org.asynchttpclient.netty.request.NettyRequestSender - Using pooled Channel '[id: 0xbd23ea4c, L:/127.0.0.1:56733 - R:localhost/127.0.0.1:51229]' for 'GET' to 'http://localhost:51229/session/3f2268bd2579c883a9bd618e204e6447/screenshot'
19:25:56.773 [Forwarding screenshot on session 3f2268bd2579c883a9bd618e204e6447 to remote] DEBUG org.asynchttpclient.netty.request.NettyRequestSender - Using open Channel [id: 0xbd23ea4c, L:/127.0.0.1:56733 - R:localhost/127.0.0.1:51229] for GET '/session/3f2268bd2579c883a9bd618e204e6447/screenshot'
19:25:56.920 [AsyncHttpClient-1-1] DEBUG org.asynchttpclient.netty.channel.DefaultChannelPool - Entry count for : http://localhost:56734 : 1
19:25:57.398 [AsyncHttpClient-1-11] DEBUG org.asynchttpclient.netty.handler.HttpHandler - 

Request DefaultFullHttpRequest(decodeResult: success, version: HTTP/1.1, content: EmptyByteBufBE)
GET /session/3f2268bd2579c883a9bd618e204e6447/screenshot HTTP/1.1
User-Agent: selenium/4.1.2 (java windows)
Cache-Control: no-cache
Content-Type: application/json; charset=utf-8
host: localhost:51229
accept: */*

Response DefaultHttpResponse(decodeResult: success, version: HTTP/1.1)
HTTP/1.1 200 OK
Content-Type: application/json; charset=utf-8
cache-control: no-cache
content-length: 44972

19:25:57.398 [AsyncHttpClient-1-11] DEBUG org.asynchttpclient.netty.channel.ChannelManager - Adding key: http://localhost:51229 for channel [id: 0xbd23ea4c, L:/127.0.0.1:56733 - R:localhost/127.0.0.1:51229]
19:25:57.405 [main] DEBUG net.serenitybdd.core.photography.Darkroom - Send negative for processing for target\site\serenity\f79919ba1ad5eae224910edc7ac7908764831d323e6fa246f70eb23152e40daa.png
19:25:57.406 [main] DEBUG net.thucydides.core.steps.StepInterceptor - STEP DONE: clickLogin
  &amp#27;[32mAnd &amp#27;[0m&amp#27;[32mclick login button&amp#27;[0m         &amp#27;[90m# starter.stepdefinitions.stepdefinition.clickLoginButton()&amp#27;[0m
19:25:57.407 [Darkroom Processing Line] DEBUG net.serenitybdd.core.photography.DarkroomProcessingLine - Processing screenshot image in /var/screenshots/screenshot-6839824750792974805
19:25:57.407 [Darkroom Processing Line] DEBUG net.serenitybdd.core.photography.DarkroomProcessingLine - Saving screenshot to target\site\serenity\f79919ba1ad5eae224910edc7ac7908764831d323e6fa246f70eb23152e40daa.png
19:25:57.438 [main] DEBUG net.thucydides.core.steps.StepInterceptor - STARTING STEP: stepdefinition.iGetThe - validateLoginApp
19:25:57.443 [Forwarding findElement on session 3f2268bd2579c883a9bd618e204e6447 to remote] DEBUG org.asynchttpclient.netty.request.NettyRequestSender - Using pooled Channel '[id: 0xbd23ea4c, L:/127.0.0.1:56733 - R:localhost/127.0.0.1:51229]' for 'POST' to 'http://localhost:51229/session/3f2268bd2579c883a9bd618e204e6447/element'
19:25:57.443 [Forwarding findElement on session 3f2268bd2579c883a9bd618e204e6447 to remote] DEBUG org.asynchttpclient.netty.request.NettyRequestSender - Using open Channel [id: 0xbd23ea4c, L:/127.0.0.1:56733 - R:localhost/127.0.0.1:51229] for POST '/session/3f2268bd2579c883a9bd618e204e6447/element'
19:25:57.451 [AsyncHttpClient-1-11] DEBUG org.asynchttpclient.netty.handler.HttpHandler - 

Request DefaultHttpRequest(decodeResult: success, version: HTTP/1.1)
POST /session/3f2268bd2579c883a9bd618e204e6447/element HTTP/1.1
User-Agent: selenium/4.1.2 (java windows)
Content-Length: 50
Content-Type: application/json; charset=utf-8
host: localhost:51229
accept: */*

Response DefaultHttpResponse(decodeResult: success, version: HTTP/1.1)
HTTP/1.1 400 Bad Request
Content-Type: application/json; charset=utf-8
cache-control: no-cache
content-length: 958

19:25:57.453 [AsyncHttpClient-1-11] DEBUG org.asynchttpclient.netty.channel.ChannelManager - Adding key: http://localhost:51229 for channel [id: 0xbd23ea4c, L:/127.0.0.1:56733 - R:localhost/127.0.0.1:51229]
19:25:57.458 [Forwarding findElement on session 3f2268bd2579c883a9bd618e204e6447 to remote] DEBUG org.asynchttpclient.netty.request.NettyRequestSender - Using pooled Channel '[id: 0xbd23ea4c, L:/127.0.0.1:56733 - R:localhost/127.0.0.1:51229]' for 'POST' to 'http://localhost:51229/session/3f2268bd2579c883a9bd618e204e6447/element'
19:25:57.458 [Forwarding findElement on session 3f2268bd2579c883a9bd618e204e6447 to remote] DEBUG org.asynchttpclient.netty.request.NettyRequestSender - Using open Channel [id: 0xbd23ea4c, L:/127.0.0.1:56733 - R:localhost/127.0.0.1:51229] for POST '/session/3f2268bd2579c883a9bd618e204e6447/element'
19:25:57.476 [AsyncHttpClient-1-11] DEBUG org.asynchttpclient.netty.handler.HttpHandler - 

Request DefaultHttpRequest(decodeResult: success, version: HTTP/1.1)
POST /session/3f2268bd2579c883a9bd618e204e6447/element HTTP/1.1
User-Agent: selenium/4.1.2 (java windows)
Content-Length: 60
Content-Type: application/json; charset=utf-8
host: localhost:51229
accept: */*

Response DefaultHttpResponse(decodeResult: success, version: HTTP/1.1)
HTTP/1.1 200 OK
Content-Type: application/json; charset=utf-8
cache-control: no-cache
content-length: 88

19:25:57.476 [AsyncHttpClient-1-11] DEBUG org.asynchttpclient.netty.channel.ChannelManager - Adding key: http://localhost:51229 for channel [id: 0xbd23ea4c, L:/127.0.0.1:56733 - R:localhost/127.0.0.1:51229]
19:25:57.483 [Forwarding isElementDisplayed on session 3f2268bd2579c883a9bd618e204e6447 to remote] DEBUG org.asynchttpclient.netty.request.NettyRequestSender - Using pooled Channel '[id: 0xbd23ea4c, L:/127.0.0.1:56733 - R:localhost/127.0.0.1:51229]' for 'POST' to 'http://localhost:51229/session/3f2268bd2579c883a9bd618e204e6447/execute/sync'
19:25:57.483 [Forwarding isElementDisplayed on session 3f2268bd2579c883a9bd618e204e6447 to remote] DEBUG org.asynchttpclient.netty.request.NettyRequestSender - Using open Channel [id: 0xbd23ea4c, L:/127.0.0.1:56733 - R:localhost/127.0.0.1:51229] for POST '/session/3f2268bd2579c883a9bd618e204e6447/execute/sync'
19:25:57.507 [AsyncHttpClient-1-11] DEBUG org.asynchttpclient.netty.handler.HttpHandler - 

Request DefaultHttpRequest(decodeResult: success, version: HTTP/1.1)
POST /session/3f2268bd2579c883a9bd618e204e6447/execute/sync HTTP/1.1
User-Agent: selenium/4.1.2 (java windows)
Content-Length: 48780
Content-Type: application/json; charset=utf-8
host: localhost:51229
accept: */*

Response DefaultHttpResponse(decodeResult: success, version: HTTP/1.1)
HTTP/1.1 200 OK
Content-Type: application/json; charset=utf-8
cache-control: no-cache
content-length: 14

19:25:57.508 [AsyncHttpClient-1-11] DEBUG org.asynchttpclient.netty.channel.ChannelManager - Adding key: http://localhost:51229 for channel [id: 0xbd23ea4c, L:/127.0.0.1:56733 - R:localhost/127.0.0.1:51229]
19:25:57.517 [Forwarding screenshot on session 3f2268bd2579c883a9bd618e204e6447 to remote] DEBUG org.asynchttpclient.netty.request.NettyRequestSender - Using pooled Channel '[id: 0xbd23ea4c, L:/127.0.0.1:56733 - R:localhost/127.0.0.1:51229]' for 'GET' to 'http://localhost:51229/session/3f2268bd2579c883a9bd618e204e6447/screenshot'
19:25:57.517 [Forwarding screenshot on session 3f2268bd2579c883a9bd618e204e6447 to remote] DEBUG org.asynchttpclient.netty.request.NettyRequestSender - Using open Channel [id: 0xbd23ea4c, L:/127.0.0.1:56733 - R:localhost/127.0.0.1:51229] for GET '/session/3f2268bd2579c883a9bd618e204e6447/screenshot'
19:25:57.694 [AsyncHttpClient-1-11] DEBUG org.asynchttpclient.netty.handler.HttpHandler - 

Request DefaultFullHttpRequest(decodeResult: success, version: HTTP/1.1, content: EmptyByteBufBE)
GET /session/3f2268bd2579c883a9bd618e204e6447/screenshot HTTP/1.1
User-Agent: selenium/4.1.2 (java windows)
Cache-Control: no-cache
Content-Type: application/json; charset=utf-8
host: localhost:51229
accept: */*

Response DefaultHttpResponse(decodeResult: success, version: HTTP/1.1)
HTTP/1.1 200 OK
Content-Type: application/json; charset=utf-8
cache-control: no-cache
content-length: 44340

19:25:57.696 [AsyncHttpClient-1-11] DEBUG org.asynchttpclient.netty.channel.ChannelManager - Adding key: http://localhost:51229 for channel [id: 0xbd23ea4c, L:/127.0.0.1:56733 - R:localhost/127.0.0.1:51229]
19:25:57.701 [main] DEBUG net.serenitybdd.core.photography.Darkroom - Send negative for processing for target\site\serenity\a23e7f92046b8c9e78546c5f3f0a8e597330134f033f16f926f1b7513d2d8135.png
19:25:57.701 [main] DEBUG net.thucydides.core.steps.StepInterceptor - STEP DONE: validateLoginApp
19:25:57.701 [Darkroom Processing Line] DEBUG net.serenitybdd.core.photography.DarkroomProcessingLine - Processing screenshot image in /var/screenshots/screenshot-12689740379477152816
19:25:57.701 [Darkroom Processing Line] DEBUG net.serenitybdd.core.photography.DarkroomProcessingLine - Saving screenshot to target\site\serenity\a23e7f92046b8c9e78546c5f3f0a8e597330134f033f16f926f1b7513d2d8135.png
19:25:57.709 [main] DEBUG net.thucydides.core.steps.StepInterceptor - STARTING STEP: stepdefinition.iGetThe - displayErrorMessage
19:25:57.714 [main] DEBUG net.thucydides.core.steps.StepInterceptor - STEP DONE: displayErrorMessage
  &amp#27;[32mThen &amp#27;[0m&amp#27;[32mi get the &amp#27;[0m&amp#27;[32m&amp#27;[1m"Login Page"&amp#27;[0m    &amp#27;[90m# starter.stepdefinitions.stepdefinition.iGetThe(java.lang.String)&amp#27;[0m
19:25:57.734 [AsyncHttpClient-1-13] DEBUG org.asynchttpclient.netty.handler.WebSocketHandler - Channel Closed: [id: 0x77aa2bba, L:/127.0.0.1:56744 ! R:localhost/127.0.0.1:56734] with attribute NettyResponseFuture{currentRetry=5,
	isDone=1,
	isCancelled=0,
	asyncHandler=org.asynchttpclient.ws.WebSocketUpgradeHandler@3b7f7d7e,
	nettyRequest=org.asynchttpclient.netty.request.NettyRequest@7e7de475,
	future=java.util.concurrent.CompletableFuture@7743aad2[Completed normally],
	uri=ws://localhost:56734/devtools/browser/4874bdfe-60c1-4516-af52-2487945fef43,
	keepAlive=true,
	redirectCount=0,
	timeoutsHolder=null,
	inAuth=0,
	touch=1651321546846}
19:25:57.734 [AsyncHttpClient-1-13] DEBUG org.asynchttpclient.netty.channel.ChannelManager - Closing Channel [id: 0x77aa2bba, L:/127.0.0.1:56744 ! R:localhost/127.0.0.1:56734] 
19:25:57.734 [Driver Command Executor] DEBUG org.asynchttpclient.netty.request.NettyRequestSender - Using pooled Channel '[id: 0xbd23ea4c, L:/127.0.0.1:56733 - R:localhost/127.0.0.1:51229]' for 'DELETE' to 'http://localhost:51229/session/3f2268bd2579c883a9bd618e204e6447'
19:25:57.734 [Driver Command Executor] DEBUG org.asynchttpclient.netty.request.NettyRequestSender - Using open Channel [id: 0xbd23ea4c, L:/127.0.0.1:56733 - R:localhost/127.0.0.1:51229] for DELETE '/session/3f2268bd2579c883a9bd618e204e6447'
19:25:57.942 [AsyncHttpClient-1-12] DEBUG org.asynchttpclient.netty.handler.HttpHandler - Unexpected I/O exception on channel [id: 0x28032d07, L:/127.0.0.1:56743 - R:localhost/127.0.0.1:56734]
java.net.SocketException: Connection reset
	at java.base/sun.nio.ch.SocketChannelImpl.throwConnectionReset(SocketChannelImpl.java:367)
	at java.base/sun.nio.ch.SocketChannelImpl.read(SocketChannelImpl.java:398)
	at io.netty.buffer.PooledByteBuf.setBytes(PooledByteBuf.java:258)
	at io.netty.buffer.AbstractByteBuf.writeBytes(AbstractByteBuf.java:1132)
	at io.netty.channel.socket.nio.NioSocketChannel.doReadBytes(NioSocketChannel.java:350)
	at io.netty.channel.nio.AbstractNioByteChannel$NioByteUnsafe.read(AbstractNioByteChannel.java:151)
	at io.netty.channel.nio.NioEventLoop.processSelectedKey(NioEventLoop.java:722)
	at io.netty.channel.nio.NioEventLoop.processSelectedKeysOptimized(NioEventLoop.java:658)
	at io.netty.channel.nio.NioEventLoop.processSelectedKeys(NioEventLoop.java:584)
	at io.netty.channel.nio.NioEventLoop.run(NioEventLoop.java:496)
	at io.netty.util.concurrent.SingleThreadEventExecutor$4.run(SingleThreadEventExecutor.java:986)
	at io.netty.util.internal.ThreadExecutorMap$2.run(ThreadExecutorMap.java:74)
	at io.netty.util.concurrent.FastThreadLocalRunnable.run(FastThreadLocalRunnable.java:30)
	at java.base/java.lang.Thread.run(Thread.java:832)
19:25:57.942 [AsyncHttpClient-1-12] DEBUG org.asynchttpclient.netty.channel.ChannelManager - Closing Channel [id: 0x28032d07, L:/127.0.0.1:56743 - R:localhost/127.0.0.1:56734] 
19:25:57.943 [AsyncHttpClient-1-12] DEBUG org.asynchttpclient.netty.handler.HttpHandler - Channel Closed: [id: 0x28032d07, L:/127.0.0.1:56743 ! R:localhost/127.0.0.1:56734] with attribute DISCARD
19:25:58.009 [AsyncHttpClient-1-1] DEBUG org.asynchttpclient.netty.channel.DefaultChannelPool - Entry count for : http://localhost:56734 : 1
19:25:58.009 [AsyncHttpClient-1-1] DEBUG org.asynchttpclient.netty.channel.DefaultChannelPool - Adding Candidate expired Channel [id: 0x28032d07, L:/127.0.0.1:56743 ! R:localhost/127.0.0.1:56734] isIdleTimeoutExpired=false isRemotelyClosed=true isTtlExpired=false
19:25:58.009 [AsyncHttpClient-1-1] DEBUG org.asynchttpclient.netty.channel.DefaultChannelPool - Closing Idle Channel [id: 0x28032d07, L:/127.0.0.1:56743 ! R:localhost/127.0.0.1:56734]
19:25:58.009 [AsyncHttpClient-1-1] DEBUG org.asynchttpclient.netty.channel.DefaultChannelPool - Closed 1 connections out of 1 in 0 ms
19:25:58.028 [AsyncHttpClient-1-11] DEBUG org.asynchttpclient.netty.handler.HttpHandler - 

Request DefaultFullHttpRequest(decodeResult: success, version: HTTP/1.1, content: EmptyByteBufBE)
DELETE /session/3f2268bd2579c883a9bd618e204e6447 HTTP/1.1
User-Agent: selenium/4.1.2 (java windows)
Content-Type: application/json; charset=utf-8
host: localhost:51229
accept: */*

Response DefaultHttpResponse(decodeResult: success, version: HTTP/1.1)
HTTP/1.1 200 OK
Content-Type: application/json; charset=utf-8
cache-control: no-cache
content-length: 14

19:25:58.028 [AsyncHttpClient-1-11] DEBUG org.asynchttpclient.netty.channel.ChannelManager - Adding key: http://localhost:51229 for channel [id: 0xbd23ea4c, L:/127.0.0.1:56733 - R:localhost/127.0.0.1:51229]
19:25:58.406 [AsyncHttpClient-1-11] DEBUG org.asynchttpclient.netty.handler.HttpHandler - Channel Closed: [id: 0xbd23ea4c, L:/127.0.0.1:56733 ! R:localhost/127.0.0.1:51229] with attribute DISCARD
]]></system-out>
    <system-err><![CDATA[Starting ChromeDriver 100.0.4896.60 (6a5d10861ce8de5fce22564658033b43cb7de047-refs/branch-heads/4896@{#875}) on port 51229
Only local connections are allowed.
Please see https://chromedriver.chromium.org/security-considerations for suggestions on keeping ChromeDriver safe.
ChromeDriver was started successfully.
Apr 30, 2022 7:25:46 PM org.openqa.selenium.remote.ProtocolHandshake createSession
INFO: Detected dialect: W3C
Apr 30, 2022 7:25:46 PM org.openqa.selenium.devtools.CdpVersionFinder findNearestMatch
WARNING: Unable to find an exact match for CDP version 100, so returning the closest version found: 97
Apr 30, 2022 7:25:46 PM org.openqa.selenium.devtools.CdpVersionFinder findNearestMatch
INFO: Found CDP implementation for version 100 of 97
]]></system-err>
  </testcase>
  <testcase name="Login scenario #5" classname="Login" time="12.007">
    <system-out><![CDATA[
@DDT
Scenario Outline: Login scenario           &amp#27;[90m# src/test/resources/features/login.feature:21&amp#27;[0m
19:25:58.945 [main] INFO io.cucumber.core.plugin.SerenityReporter - Running feature from file:///D:/PERKULIAHAN/Semester%206,Hebatt%20glad!/Altera/QE_Gladys-Cindana-Asri-Pardosi/Mini-Project/Web/src/test/resources/features/login.feature
19:25:59.010 [main] DEBUG net.thucydides.core.steps.StepInterceptor - STARTING STEP: stepdefinition.iAmOnLoginPage - openUrl
19:25:59.013 [main] INFO net.serenitybdd.core.webdriver.driverproviders.ChromeDriverProvider - Using automatically driver download
19:25:59.110 [AsyncHttpClient-1-1] DEBUG org.asynchttpclient.netty.channel.DefaultChannelPool - Entry count for : http://localhost:51229 : 1
19:25:59.110 [AsyncHttpClient-1-1] DEBUG org.asynchttpclient.netty.channel.DefaultChannelPool - Adding Candidate expired Channel [id: 0xbd23ea4c, L:/127.0.0.1:56733 ! R:localhost/127.0.0.1:51229] isIdleTimeoutExpired=false isRemotelyClosed=true isTtlExpired=false
19:25:59.110 [AsyncHttpClient-1-1] DEBUG org.asynchttpclient.netty.channel.DefaultChannelPool - Closing Idle Channel [id: 0xbd23ea4c, L:/127.0.0.1:56733 ! R:localhost/127.0.0.1:51229]
19:25:59.110 [AsyncHttpClient-1-1] DEBUG org.asynchttpclient.netty.channel.DefaultChannelPool - Closed 1 connections out of 1 in 0 ms
19:25:59.195 [main] DEBUG io.github.bonigarcia.wdm.cache.ResolutionCache - Resolution chrome=100 in cache (valid until 19:49:42 30/04/2022 WIB)
19:25:59.207 [main] DEBUG io.github.bonigarcia.wdm.cache.ResolutionCache - Resolution chrome100=100.0.4896.60 in cache (valid until 18:49:42 01/05/2022 WIB)
19:25:59.210 [main] INFO io.github.bonigarcia.wdm.WebDriverManager - Using chromedriver 100.0.4896.60 (resolved driver for Chrome 100)
19:25:59.238 [main] DEBUG io.github.bonigarcia.wdm.WebDriverManager - Driver chromedriver 100.0.4896.60 found in cache
19:25:59.240 [main] INFO io.github.bonigarcia.wdm.WebDriverManager - Exporting webdriver.chrome.driver as C:\Users\ASUS\.cache\selenium\chromedriver\win32\100.0.4896.60\chromedriver.exe
19:25:59.435 [main] DEBUG net.serenitybdd.core.webdriver.driverproviders.ProvideNewDriver - Instantiating driver
19:25:59.435 [main] DEBUG net.serenitybdd.core.webdriver.driverproviders.ProvideNewDriver - Driver capabilities: Capabilities {acceptInsecureCerts: false, base.url: , browserName: chrome, goog:chromeOptions: {args: [], extensions: []}}
19:25:59.975 [AsyncHttpClient-1-14] DEBUG org.asynchttpclient.netty.channel.NettyConnectListener - Using new Channel '[id: 0xfa84c546, L:/127.0.0.1:56780 - R:localhost/127.0.0.1:63441]' for 'POST' to '/session'
19:26:01.678 [AsyncHttpClient-1-14] DEBUG org.asynchttpclient.netty.handler.HttpHandler - 

Request DefaultHttpRequest(decodeResult: success, version: HTTP/1.1)
POST /session HTTP/1.1
User-Agent: selenium/4.1.2 (java windows)
Content-Length: 457
Content-Type: application/json; charset=utf-8
host: localhost:63441
accept: */*

Response DefaultHttpResponse(decodeResult: success, version: HTTP/1.1)
HTTP/1.1 200 OK
Content-Type: application/json; charset=utf-8
cache-control: no-cache
content-length: 789

19:26:01.678 [AsyncHttpClient-1-14] DEBUG org.asynchttpclient.netty.channel.ChannelManager - Adding key: http://localhost:63441 for channel [id: 0xfa84c546, L:/127.0.0.1:56780 - R:localhost/127.0.0.1:63441]
19:26:01.706 [AsyncHttpClient-1-15] DEBUG org.asynchttpclient.netty.channel.NettyConnectListener - Using new Channel '[id: 0x54b164b3, L:/127.0.0.1:56789 - R:localhost/127.0.0.1:56781]' for 'GET' to '/json/version'
19:26:01.738 [AsyncHttpClient-1-15] DEBUG org.asynchttpclient.netty.handler.HttpHandler - 

Request DefaultFullHttpRequest(decodeResult: success, version: HTTP/1.1, content: EmptyByteBufBE)
GET /json/version HTTP/1.1
User-Agent: selenium/4.1.2 (java windows)
host: localhost:56781
accept: */*

Response DefaultHttpResponse(decodeResult: success, version: HTTP/1.1)
HTTP/1.1 200 OK
Content-Type: application/json; charset=UTF-8
content-length: 429

19:26:01.738 [AsyncHttpClient-1-15] DEBUG org.asynchttpclient.netty.channel.ChannelManager - Adding key: http://localhost:56781 for channel [id: 0x54b164b3, L:/127.0.0.1:56789 - R:localhost/127.0.0.1:56781]
19:26:01.789 [AsyncHttpClient-1-16] DEBUG org.asynchttpclient.netty.channel.NettyConnectListener - Using new Channel '[id: 0xb4071baa, L:/127.0.0.1:56791 - R:localhost/127.0.0.1:56781]' for 'GET' to '/devtools/browser/8830ca5e-1b5e-4f63-960e-57f7e5cb5de4'
19:26:01.811 [AsyncHttpClient-1-16] DEBUG org.asynchttpclient.netty.handler.WebSocketHandler - 

Request DefaultFullHttpRequest(decodeResult: success, version: HTTP/1.1, content: EmptyByteBufBE)
GET /devtools/browser/8830ca5e-1b5e-4f63-960e-57f7e5cb5de4 HTTP/1.1
upgrade: websocket
connection: upgrade
sec-websocket-key: fjhxRksW18rfda5bFp0xxg==
sec-websocket-version: 13
origin: http://localhost:56781
host: localhost:56781
accept: */*
user-agent: AHC/2.1

Response DefaultHttpResponse(decodeResult: success, version: HTTP/1.1)
HTTP/1.1 101 WebSocket Protocol Handshake
Upgrade: WebSocket
Connection: Upgrade
Sec-WebSocket-Accept: 2OL9rXg+9q+nBOOEMGtpzPMXFI4=

19:26:01.826 [Forwarding get on session 7fd1521cace5a6df281eede725d67bfe to remote] DEBUG org.asynchttpclient.netty.request.NettyRequestSender - Using pooled Channel '[id: 0xfa84c546, L:/127.0.0.1:56780 - R:localhost/127.0.0.1:63441]' for 'POST' to 'http://localhost:63441/session/7fd1521cace5a6df281eede725d67bfe/url'
19:26:01.826 [Forwarding get on session 7fd1521cace5a6df281eede725d67bfe to remote] DEBUG org.asynchttpclient.netty.request.NettyRequestSender - Using open Channel [id: 0xfa84c546, L:/127.0.0.1:56780 - R:localhost/127.0.0.1:63441] for POST '/session/7fd1521cace5a6df281eede725d67bfe/url'
19:26:02.409 [AsyncHttpClient-1-1] DEBUG org.asynchttpclient.netty.channel.DefaultChannelPool - Entry count for : http://localhost:56781 : 1
19:26:03.509 [AsyncHttpClient-1-1] DEBUG org.asynchttpclient.netty.channel.DefaultChannelPool - Entry count for : http://localhost:56781 : 1
19:26:04.610 [AsyncHttpClient-1-1] DEBUG org.asynchttpclient.netty.channel.DefaultChannelPool - Entry count for : http://localhost:56781 : 1
19:26:05.709 [AsyncHttpClient-1-1] DEBUG org.asynchttpclient.netty.channel.DefaultChannelPool - Entry count for : http://localhost:56781 : 1
19:26:06.081 [AsyncHttpClient-1-14] DEBUG org.asynchttpclient.netty.handler.HttpHandler - 

Request DefaultHttpRequest(decodeResult: success, version: HTTP/1.1)
POST /session/7fd1521cace5a6df281eede725d67bfe/url HTTP/1.1
User-Agent: selenium/4.1.2 (java windows)
Content-Length: 49
Content-Type: application/json; charset=utf-8
host: localhost:63441
accept: */*

Response DefaultHttpResponse(decodeResult: success, version: HTTP/1.1)
HTTP/1.1 200 OK
Content-Type: application/json; charset=utf-8
cache-control: no-cache
content-length: 14

19:26:06.081 [AsyncHttpClient-1-14] DEBUG org.asynchttpclient.netty.channel.ChannelManager - Adding key: http://localhost:63441 for channel [id: 0xfa84c546, L:/127.0.0.1:56780 - R:localhost/127.0.0.1:63441]
19:26:06.086 [Forwarding setTimeout on session 7fd1521cace5a6df281eede725d67bfe to remote] DEBUG org.asynchttpclient.netty.request.NettyRequestSender - Using pooled Channel '[id: 0xfa84c546, L:/127.0.0.1:56780 - R:localhost/127.0.0.1:63441]' for 'POST' to 'http://localhost:63441/session/7fd1521cace5a6df281eede725d67bfe/timeouts'
19:26:06.086 [Forwarding setTimeout on session 7fd1521cace5a6df281eede725d67bfe to remote] DEBUG org.asynchttpclient.netty.request.NettyRequestSender - Using open Channel [id: 0xfa84c546, L:/127.0.0.1:56780 - R:localhost/127.0.0.1:63441] for POST '/session/7fd1521cace5a6df281eede725d67bfe/timeouts'
19:26:06.088 [AsyncHttpClient-1-14] DEBUG org.asynchttpclient.netty.handler.HttpHandler - 

Request DefaultHttpRequest(decodeResult: success, version: HTTP/1.1)
POST /session/7fd1521cace5a6df281eede725d67bfe/timeouts HTTP/1.1
User-Agent: selenium/4.1.2 (java windows)
Content-Length: 22
Content-Type: application/json; charset=utf-8
host: localhost:63441
accept: */*

Response DefaultHttpResponse(decodeResult: success, version: HTTP/1.1)
HTTP/1.1 200 OK
Content-Type: application/json; charset=utf-8
cache-control: no-cache
content-length: 14

19:26:06.088 [AsyncHttpClient-1-14] DEBUG org.asynchttpclient.netty.channel.ChannelManager - Adding key: http://localhost:63441 for channel [id: 0xfa84c546, L:/127.0.0.1:56780 - R:localhost/127.0.0.1:63441]
19:26:06.093 [Forwarding getCurrentUrl on session 7fd1521cace5a6df281eede725d67bfe to remote] DEBUG org.asynchttpclient.netty.request.NettyRequestSender - Using pooled Channel '[id: 0xfa84c546, L:/127.0.0.1:56780 - R:localhost/127.0.0.1:63441]' for 'GET' to 'http://localhost:63441/session/7fd1521cace5a6df281eede725d67bfe/url'
19:26:06.093 [Forwarding getCurrentUrl on session 7fd1521cace5a6df281eede725d67bfe to remote] DEBUG org.asynchttpclient.netty.request.NettyRequestSender - Using open Channel [id: 0xfa84c546, L:/127.0.0.1:56780 - R:localhost/127.0.0.1:63441] for GET '/session/7fd1521cace5a6df281eede725d67bfe/url'
19:26:06.104 [AsyncHttpClient-1-14] DEBUG org.asynchttpclient.netty.handler.HttpHandler - 

Request DefaultFullHttpRequest(decodeResult: success, version: HTTP/1.1, content: EmptyByteBufBE)
GET /session/7fd1521cace5a6df281eede725d67bfe/url HTTP/1.1
User-Agent: selenium/4.1.2 (java windows)
Cache-Control: no-cache
Content-Type: application/json; charset=utf-8
host: localhost:63441
accept: */*

Response DefaultHttpResponse(decodeResult: success, version: HTTP/1.1)
HTTP/1.1 200 OK
Content-Type: application/json; charset=utf-8
cache-control: no-cache
content-length: 31

19:26:06.105 [AsyncHttpClient-1-14] DEBUG org.asynchttpclient.netty.channel.ChannelManager - Adding key: http://localhost:63441 for channel [id: 0xfa84c546, L:/127.0.0.1:56780 - R:localhost/127.0.0.1:63441]
19:26:06.123 [Forwarding screenshot on session 7fd1521cace5a6df281eede725d67bfe to remote] DEBUG org.asynchttpclient.netty.request.NettyRequestSender - Using pooled Channel '[id: 0xfa84c546, L:/127.0.0.1:56780 - R:localhost/127.0.0.1:63441]' for 'GET' to 'http://localhost:63441/session/7fd1521cace5a6df281eede725d67bfe/screenshot'
19:26:06.123 [Forwarding screenshot on session 7fd1521cace5a6df281eede725d67bfe to remote] DEBUG org.asynchttpclient.netty.request.NettyRequestSender - Using open Channel [id: 0xfa84c546, L:/127.0.0.1:56780 - R:localhost/127.0.0.1:63441] for GET '/session/7fd1521cace5a6df281eede725d67bfe/screenshot'
19:26:06.809 [AsyncHttpClient-1-1] DEBUG org.asynchttpclient.netty.channel.DefaultChannelPool - Entry count for : http://localhost:56781 : 1
19:26:07.140 [AsyncHttpClient-1-14] DEBUG org.asynchttpclient.netty.handler.HttpHandler - 

Request DefaultFullHttpRequest(decodeResult: success, version: HTTP/1.1, content: EmptyByteBufBE)
GET /session/7fd1521cace5a6df281eede725d67bfe/screenshot HTTP/1.1
User-Agent: selenium/4.1.2 (java windows)
Cache-Control: no-cache
Content-Type: application/json; charset=utf-8
host: localhost:63441
accept: */*

Response DefaultHttpResponse(decodeResult: success, version: HTTP/1.1)
HTTP/1.1 200 OK
Content-Type: application/json; charset=utf-8
cache-control: no-cache
content-length: 49788

19:26:07.143 [AsyncHttpClient-1-14] DEBUG org.asynchttpclient.netty.channel.ChannelManager - Adding key: http://localhost:63441 for channel [id: 0xfa84c546, L:/127.0.0.1:56780 - R:localhost/127.0.0.1:63441]
19:26:07.145 [main] DEBUG net.serenitybdd.core.photography.Darkroom - Send negative for processing for target\site\serenity\e6a63c95d3bdf56a788b726a2a4cb3add5c6ed242822e36dd69a8dc52fd32436.png
19:26:07.145 [main] DEBUG net.thucydides.core.steps.StepInterceptor - STEP DONE: openUrl
19:26:07.154 [main] DEBUG net.thucydides.core.steps.StepInterceptor - STARTING STEP: stepdefinition.iAmOnLoginPage - clickIconLogin
19:26:07.159 [Forwarding findElement on session 7fd1521cace5a6df281eede725d67bfe to remote] DEBUG org.asynchttpclient.netty.request.NettyRequestSender - Using pooled Channel '[id: 0xfa84c546, L:/127.0.0.1:56780 - R:localhost/127.0.0.1:63441]' for 'POST' to 'http://localhost:63441/session/7fd1521cace5a6df281eede725d67bfe/element'
19:26:07.159 [Forwarding findElement on session 7fd1521cace5a6df281eede725d67bfe to remote] DEBUG org.asynchttpclient.netty.request.NettyRequestSender - Using open Channel [id: 0xfa84c546, L:/127.0.0.1:56780 - R:localhost/127.0.0.1:63441] for POST '/session/7fd1521cace5a6df281eede725d67bfe/element'
19:26:07.187 [AsyncHttpClient-1-14] DEBUG org.asynchttpclient.netty.handler.HttpHandler - 

Request DefaultHttpRequest(decodeResult: success, version: HTTP/1.1)
POST /session/7fd1521cace5a6df281eede725d67bfe/element HTTP/1.1
User-Agent: selenium/4.1.2 (java windows)
Content-Length: 170
Content-Type: application/json; charset=utf-8
host: localhost:63441
accept: */*

Response DefaultHttpResponse(decodeResult: success, version: HTTP/1.1)
HTTP/1.1 200 OK
Content-Type: application/json; charset=utf-8
cache-control: no-cache
content-length: 88

19:26:07.189 [AsyncHttpClient-1-14] DEBUG org.asynchttpclient.netty.channel.ChannelManager - Adding key: http://localhost:63441 for channel [id: 0xfa84c546, L:/127.0.0.1:56780 - R:localhost/127.0.0.1:63441]
19:26:07.192 [Forwarding getElementTagName on session 7fd1521cace5a6df281eede725d67bfe to remote] DEBUG org.asynchttpclient.netty.request.NettyRequestSender - Using pooled Channel '[id: 0xfa84c546, L:/127.0.0.1:56780 - R:localhost/127.0.0.1:63441]' for 'GET' to 'http://localhost:63441/session/7fd1521cace5a6df281eede725d67bfe/element/58424ab3-d792-4281-ace7-de64e9bd4e8c/name'
19:26:07.192 [Forwarding getElementTagName on session 7fd1521cace5a6df281eede725d67bfe to remote] DEBUG org.asynchttpclient.netty.request.NettyRequestSender - Using open Channel [id: 0xfa84c546, L:/127.0.0.1:56780 - R:localhost/127.0.0.1:63441] for GET '/session/7fd1521cace5a6df281eede725d67bfe/element/58424ab3-d792-4281-ace7-de64e9bd4e8c/name'
19:26:07.202 [AsyncHttpClient-1-14] DEBUG org.asynchttpclient.netty.handler.HttpHandler - 

Request DefaultFullHttpRequest(decodeResult: success, version: HTTP/1.1, content: EmptyByteBufBE)
GET /session/7fd1521cace5a6df281eede725d67bfe/element/58424ab3-d792-4281-ace7-de64e9bd4e8c/name HTTP/1.1
User-Agent: selenium/4.1.2 (java windows)
Cache-Control: no-cache
Content-Type: application/json; charset=utf-8
host: localhost:63441
accept: */*

Response DefaultHttpResponse(decodeResult: success, version: HTTP/1.1)
HTTP/1.1 200 OK
Content-Type: application/json; charset=utf-8
cache-control: no-cache
content-length: 13

19:26:07.202 [AsyncHttpClient-1-14] DEBUG org.asynchttpclient.netty.channel.ChannelManager - Adding key: http://localhost:63441 for channel [id: 0xfa84c546, L:/127.0.0.1:56780 - R:localhost/127.0.0.1:63441]
19:26:07.207 [Forwarding getElementTagName on session 7fd1521cace5a6df281eede725d67bfe to remote] DEBUG org.asynchttpclient.netty.request.NettyRequestSender - Using pooled Channel '[id: 0xfa84c546, L:/127.0.0.1:56780 - R:localhost/127.0.0.1:63441]' for 'GET' to 'http://localhost:63441/session/7fd1521cace5a6df281eede725d67bfe/element/58424ab3-d792-4281-ace7-de64e9bd4e8c/name'
19:26:07.207 [Forwarding getElementTagName on session 7fd1521cace5a6df281eede725d67bfe to remote] DEBUG org.asynchttpclient.netty.request.NettyRequestSender - Using open Channel [id: 0xfa84c546, L:/127.0.0.1:56780 - R:localhost/127.0.0.1:63441] for GET '/session/7fd1521cace5a6df281eede725d67bfe/element/58424ab3-d792-4281-ace7-de64e9bd4e8c/name'
19:26:07.214 [AsyncHttpClient-1-14] DEBUG org.asynchttpclient.netty.handler.HttpHandler - 

Request DefaultFullHttpRequest(decodeResult: success, version: HTTP/1.1, content: EmptyByteBufBE)
GET /session/7fd1521cace5a6df281eede725d67bfe/element/58424ab3-d792-4281-ace7-de64e9bd4e8c/name HTTP/1.1
User-Agent: selenium/4.1.2 (java windows)
Cache-Control: no-cache
Content-Type: application/json; charset=utf-8
host: localhost:63441
accept: */*

Response DefaultHttpResponse(decodeResult: success, version: HTTP/1.1)
HTTP/1.1 200 OK
Content-Type: application/json; charset=utf-8
cache-control: no-cache
content-length: 13

19:26:07.214 [AsyncHttpClient-1-14] DEBUG org.asynchttpclient.netty.channel.ChannelManager - Adding key: http://localhost:63441 for channel [id: 0xfa84c546, L:/127.0.0.1:56780 - R:localhost/127.0.0.1:63441]
19:26:07.219 [Forwarding findElement on session 7fd1521cace5a6df281eede725d67bfe to remote] DEBUG org.asynchttpclient.netty.request.NettyRequestSender - Using pooled Channel '[id: 0xfa84c546, L:/127.0.0.1:56780 - R:localhost/127.0.0.1:63441]' for 'POST' to 'http://localhost:63441/session/7fd1521cace5a6df281eede725d67bfe/element'
19:26:07.219 [Forwarding findElement on session 7fd1521cace5a6df281eede725d67bfe to remote] DEBUG org.asynchttpclient.netty.request.NettyRequestSender - Using open Channel [id: 0xfa84c546, L:/127.0.0.1:56780 - R:localhost/127.0.0.1:63441] for POST '/session/7fd1521cace5a6df281eede725d67bfe/element'
19:26:07.237 [AsyncHttpClient-1-14] DEBUG org.asynchttpclient.netty.handler.HttpHandler - 

Request DefaultHttpRequest(decodeResult: success, version: HTTP/1.1)
POST /session/7fd1521cace5a6df281eede725d67bfe/element HTTP/1.1
User-Agent: selenium/4.1.2 (java windows)
Content-Length: 170
Content-Type: application/json; charset=utf-8
host: localhost:63441
accept: */*

Response DefaultHttpResponse(decodeResult: success, version: HTTP/1.1)
HTTP/1.1 200 OK
Content-Type: application/json; charset=utf-8
cache-control: no-cache
content-length: 88

19:26:07.237 [AsyncHttpClient-1-14] DEBUG org.asynchttpclient.netty.channel.ChannelManager - Adding key: http://localhost:63441 for channel [id: 0xfa84c546, L:/127.0.0.1:56780 - R:localhost/127.0.0.1:63441]
19:26:07.242 [Forwarding clickElement on session 7fd1521cace5a6df281eede725d67bfe to remote] DEBUG org.asynchttpclient.netty.request.NettyRequestSender - Using pooled Channel '[id: 0xfa84c546, L:/127.0.0.1:56780 - R:localhost/127.0.0.1:63441]' for 'POST' to 'http://localhost:63441/session/7fd1521cace5a6df281eede725d67bfe/element/58424ab3-d792-4281-ace7-de64e9bd4e8c/click'
19:26:07.242 [Forwarding clickElement on session 7fd1521cace5a6df281eede725d67bfe to remote] DEBUG org.asynchttpclient.netty.request.NettyRequestSender - Using open Channel [id: 0xfa84c546, L:/127.0.0.1:56780 - R:localhost/127.0.0.1:63441] for POST '/session/7fd1521cace5a6df281eede725d67bfe/element/58424ab3-d792-4281-ace7-de64e9bd4e8c/click'
19:26:07.417 [AsyncHttpClient-1-14] DEBUG org.asynchttpclient.netty.handler.HttpHandler - 

Request DefaultHttpRequest(decodeResult: success, version: HTTP/1.1)
POST /session/7fd1521cace5a6df281eede725d67bfe/element/58424ab3-d792-4281-ace7-de64e9bd4e8c/click HTTP/1.1
User-Agent: selenium/4.1.2 (java windows)
Content-Length: 50
Content-Type: application/json; charset=utf-8
host: localhost:63441
accept: */*

Response DefaultHttpResponse(decodeResult: success, version: HTTP/1.1)
HTTP/1.1 200 OK
Content-Type: application/json; charset=utf-8
cache-control: no-cache
content-length: 14

19:26:07.417 [AsyncHttpClient-1-14] DEBUG org.asynchttpclient.netty.channel.ChannelManager - Adding key: http://localhost:63441 for channel [id: 0xfa84c546, L:/127.0.0.1:56780 - R:localhost/127.0.0.1:63441]
19:26:07.437 [Forwarding screenshot on session 7fd1521cace5a6df281eede725d67bfe to remote] DEBUG org.asynchttpclient.netty.request.NettyRequestSender - Using pooled Channel '[id: 0xfa84c546, L:/127.0.0.1:56780 - R:localhost/127.0.0.1:63441]' for 'GET' to 'http://localhost:63441/session/7fd1521cace5a6df281eede725d67bfe/screenshot'
19:26:07.437 [Forwarding screenshot on session 7fd1521cace5a6df281eede725d67bfe to remote] DEBUG org.asynchttpclient.netty.request.NettyRequestSender - Using open Channel [id: 0xfa84c546, L:/127.0.0.1:56780 - R:localhost/127.0.0.1:63441] for GET '/session/7fd1521cace5a6df281eede725d67bfe/screenshot'
19:26:07.908 [AsyncHttpClient-1-1] DEBUG org.asynchttpclient.netty.channel.DefaultChannelPool - Entry count for : http://localhost:56781 : 1
19:26:07.926 [AsyncHttpClient-1-14] DEBUG org.asynchttpclient.netty.handler.HttpHandler - 

Request DefaultFullHttpRequest(decodeResult: success, version: HTTP/1.1, content: EmptyByteBufBE)
GET /session/7fd1521cace5a6df281eede725d67bfe/screenshot HTTP/1.1
User-Agent: selenium/4.1.2 (java windows)
Cache-Control: no-cache
Content-Type: application/json; charset=utf-8
host: localhost:63441
accept: */*

Response DefaultHttpResponse(decodeResult: success, version: HTTP/1.1)
HTTP/1.1 200 OK
Content-Type: application/json; charset=utf-8
cache-control: no-cache
content-length: 40060

19:26:07.926 [AsyncHttpClient-1-14] DEBUG org.asynchttpclient.netty.channel.ChannelManager - Adding key: http://localhost:63441 for channel [id: 0xfa84c546, L:/127.0.0.1:56780 - R:localhost/127.0.0.1:63441]
19:26:07.931 [main] DEBUG net.serenitybdd.core.photography.Darkroom - Send negative for processing for target\site\serenity\249d494a5941a22357985fddf8d78303522f4fbc00cc04e646a43ac6a8e26239.png
19:26:07.931 [main] DEBUG net.thucydides.core.steps.StepInterceptor - STEP DONE: clickIconLogin
  &amp#27;[32mGiven &amp#27;[0m&amp#27;[32mi am on login page&amp#27;[0m                 &amp#27;[90m# starter.stepdefinitions.stepdefinition.iAmOnLoginPage()&amp#27;[0m
19:26:07.931 [Darkroom Processing Line] DEBUG net.serenitybdd.core.photography.DarkroomProcessingLine - Processing screenshot image in /var/screenshots/screenshot-7739672178291783329
19:26:07.931 [Darkroom Processing Line] DEBUG net.serenitybdd.core.photography.DarkroomProcessingLine - Saving screenshot to target\site\serenity\249d494a5941a22357985fddf8d78303522f4fbc00cc04e646a43ac6a8e26239.png
19:26:07.960 [main] DEBUG net.thucydides.core.steps.StepInterceptor - STARTING STEP: stepdefinition.iInputUsername - inputUsername
19:26:07.967 [Forwarding findElement on session 7fd1521cace5a6df281eede725d67bfe to remote] DEBUG org.asynchttpclient.netty.request.NettyRequestSender - Using pooled Channel '[id: 0xfa84c546, L:/127.0.0.1:56780 - R:localhost/127.0.0.1:63441]' for 'POST' to 'http://localhost:63441/session/7fd1521cace5a6df281eede725d67bfe/element'
19:26:07.967 [Forwarding findElement on session 7fd1521cace5a6df281eede725d67bfe to remote] DEBUG org.asynchttpclient.netty.request.NettyRequestSender - Using open Channel [id: 0xfa84c546, L:/127.0.0.1:56780 - R:localhost/127.0.0.1:63441] for POST '/session/7fd1521cace5a6df281eede725d67bfe/element'
19:26:07.987 [AsyncHttpClient-1-14] DEBUG org.asynchttpclient.netty.handler.HttpHandler - 

Request DefaultHttpRequest(decodeResult: success, version: HTTP/1.1)
POST /session/7fd1521cace5a6df281eede725d67bfe/element HTTP/1.1
User-Agent: selenium/4.1.2 (java windows)
Content-Length: 86
Content-Type: application/json; charset=utf-8
host: localhost:63441
accept: */*

Response DefaultHttpResponse(decodeResult: success, version: HTTP/1.1)
HTTP/1.1 200 OK
Content-Type: application/json; charset=utf-8
cache-control: no-cache
content-length: 88

19:26:07.987 [AsyncHttpClient-1-14] DEBUG org.asynchttpclient.netty.channel.ChannelManager - Adding key: http://localhost:63441 for channel [id: 0xfa84c546, L:/127.0.0.1:56780 - R:localhost/127.0.0.1:63441]
19:26:07.989 [Forwarding clearElement on session 7fd1521cace5a6df281eede725d67bfe to remote] DEBUG org.asynchttpclient.netty.request.NettyRequestSender - Using pooled Channel '[id: 0xfa84c546, L:/127.0.0.1:56780 - R:localhost/127.0.0.1:63441]' for 'POST' to 'http://localhost:63441/session/7fd1521cace5a6df281eede725d67bfe/element/cdb4e14e-8d2b-4fcb-aff3-0b7e088432d9/clear'
19:26:07.989 [Forwarding clearElement on session 7fd1521cace5a6df281eede725d67bfe to remote] DEBUG org.asynchttpclient.netty.request.NettyRequestSender - Using open Channel [id: 0xfa84c546, L:/127.0.0.1:56780 - R:localhost/127.0.0.1:63441] for POST '/session/7fd1521cace5a6df281eede725d67bfe/element/cdb4e14e-8d2b-4fcb-aff3-0b7e088432d9/clear'
19:26:08.054 [AsyncHttpClient-1-14] DEBUG org.asynchttpclient.netty.handler.HttpHandler - 

Request DefaultHttpRequest(decodeResult: success, version: HTTP/1.1)
POST /session/7fd1521cace5a6df281eede725d67bfe/element/cdb4e14e-8d2b-4fcb-aff3-0b7e088432d9/clear HTTP/1.1
User-Agent: selenium/4.1.2 (java windows)
Content-Length: 50
Content-Type: application/json; charset=utf-8
host: localhost:63441
accept: */*

Response DefaultHttpResponse(decodeResult: success, version: HTTP/1.1)
HTTP/1.1 200 OK
Content-Type: application/json; charset=utf-8
cache-control: no-cache
content-length: 14

19:26:08.054 [AsyncHttpClient-1-14] DEBUG org.asynchttpclient.netty.channel.ChannelManager - Adding key: http://localhost:63441 for channel [id: 0xfa84c546, L:/127.0.0.1:56780 - R:localhost/127.0.0.1:63441]
19:26:08.057 [Forwarding sendKeysToElement on session 7fd1521cace5a6df281eede725d67bfe to remote] DEBUG org.asynchttpclient.netty.request.NettyRequestSender - Using pooled Channel '[id: 0xfa84c546, L:/127.0.0.1:56780 - R:localhost/127.0.0.1:63441]' for 'POST' to 'http://localhost:63441/session/7fd1521cace5a6df281eede725d67bfe/element/cdb4e14e-8d2b-4fcb-aff3-0b7e088432d9/value'
19:26:08.057 [Forwarding sendKeysToElement on session 7fd1521cace5a6df281eede725d67bfe to remote] DEBUG org.asynchttpclient.netty.request.NettyRequestSender - Using open Channel [id: 0xfa84c546, L:/127.0.0.1:56780 - R:localhost/127.0.0.1:63441] for POST '/session/7fd1521cace5a6df281eede725d67bfe/element/cdb4e14e-8d2b-4fcb-aff3-0b7e088432d9/value'
19:26:08.289 [AsyncHttpClient-1-14] DEBUG org.asynchttpclient.netty.handler.HttpHandler - 

Request DefaultHttpRequest(decodeResult: success, version: HTTP/1.1)
POST /session/7fd1521cace5a6df281eede725d67bfe/element/cdb4e14e-8d2b-4fcb-aff3-0b7e088432d9/value HTTP/1.1
User-Agent: selenium/4.1.2 (java windows)
Content-Length: 241
Content-Type: application/json; charset=utf-8
host: localhost:63441
accept: */*

Response DefaultHttpResponse(decodeResult: success, version: HTTP/1.1)
HTTP/1.1 200 OK
Content-Type: application/json; charset=utf-8
cache-control: no-cache
content-length: 14

19:26:08.289 [AsyncHttpClient-1-14] DEBUG org.asynchttpclient.netty.channel.ChannelManager - Adding key: http://localhost:63441 for channel [id: 0xfa84c546, L:/127.0.0.1:56780 - R:localhost/127.0.0.1:63441]
19:26:08.303 [Forwarding screenshot on session 7fd1521cace5a6df281eede725d67bfe to remote] DEBUG org.asynchttpclient.netty.request.NettyRequestSender - Using pooled Channel '[id: 0xfa84c546, L:/127.0.0.1:56780 - R:localhost/127.0.0.1:63441]' for 'GET' to 'http://localhost:63441/session/7fd1521cace5a6df281eede725d67bfe/screenshot'
19:26:08.303 [Forwarding screenshot on session 7fd1521cace5a6df281eede725d67bfe to remote] DEBUG org.asynchttpclient.netty.request.NettyRequestSender - Using open Channel [id: 0xfa84c546, L:/127.0.0.1:56780 - R:localhost/127.0.0.1:63441] for GET '/session/7fd1521cace5a6df281eede725d67bfe/screenshot'
19:26:08.574 [AsyncHttpClient-1-14] DEBUG org.asynchttpclient.netty.handler.HttpHandler - 

Request DefaultFullHttpRequest(decodeResult: success, version: HTTP/1.1, content: EmptyByteBufBE)
GET /session/7fd1521cace5a6df281eede725d67bfe/screenshot HTTP/1.1
User-Agent: selenium/4.1.2 (java windows)
Cache-Control: no-cache
Content-Type: application/json; charset=utf-8
host: localhost:63441
accept: */*

Response DefaultHttpResponse(decodeResult: success, version: HTTP/1.1)
HTTP/1.1 200 OK
Content-Type: application/json; charset=utf-8
cache-control: no-cache
content-length: 47396

19:26:08.575 [AsyncHttpClient-1-14] DEBUG org.asynchttpclient.netty.channel.ChannelManager - Adding key: http://localhost:63441 for channel [id: 0xfa84c546, L:/127.0.0.1:56780 - R:localhost/127.0.0.1:63441]
19:26:08.577 [main] DEBUG net.serenitybdd.core.photography.Darkroom - Send negative for processing for target\site\serenity\8e3ce4554b627fd0a82b00cdb05b4d4d46b88415e5fbd422727c27109fb8f97f.png
19:26:08.577 [main] DEBUG net.thucydides.core.steps.StepInterceptor - STEP DONE: inputUsername
  &amp#27;[32mWhen &amp#27;[0m&amp#27;[32mi input &amp#27;[0m&amp#27;[32m&amp#27;[1m"gladys@gmail.com"&amp#27;[0m&amp#27;[32m username&amp#27;[0m &amp#27;[90m# starter.stepdefinitions.stepdefinition.iInputUsername(java.lang.String)&amp#27;[0m
19:26:08.577 [Darkroom Processing Line] DEBUG net.serenitybdd.core.photography.DarkroomProcessingLine - Processing screenshot image in /var/screenshots/screenshot-16366942898135907470
19:26:08.577 [Darkroom Processing Line] DEBUG net.serenitybdd.core.photography.DarkroomProcessingLine - Saving screenshot to target\site\serenity\8e3ce4554b627fd0a82b00cdb05b4d4d46b88415e5fbd422727c27109fb8f97f.png
19:26:08.617 [main] DEBUG net.thucydides.core.steps.StepInterceptor - STARTING STEP: stepdefinition.iInputPassword - inputPassword
19:26:08.622 [Forwarding findElement on session 7fd1521cace5a6df281eede725d67bfe to remote] DEBUG org.asynchttpclient.netty.request.NettyRequestSender - Using pooled Channel '[id: 0xfa84c546, L:/127.0.0.1:56780 - R:localhost/127.0.0.1:63441]' for 'POST' to 'http://localhost:63441/session/7fd1521cace5a6df281eede725d67bfe/element'
19:26:08.622 [Forwarding findElement on session 7fd1521cace5a6df281eede725d67bfe to remote] DEBUG org.asynchttpclient.netty.request.NettyRequestSender - Using open Channel [id: 0xfa84c546, L:/127.0.0.1:56780 - R:localhost/127.0.0.1:63441] for POST '/session/7fd1521cace5a6df281eede725d67bfe/element'
19:26:08.650 [AsyncHttpClient-1-14] DEBUG org.asynchttpclient.netty.handler.HttpHandler - 

Request DefaultHttpRequest(decodeResult: success, version: HTTP/1.1)
POST /session/7fd1521cace5a6df281eede725d67bfe/element HTTP/1.1
User-Agent: selenium/4.1.2 (java windows)
Content-Length: 89
Content-Type: application/json; charset=utf-8
host: localhost:63441
accept: */*

Response DefaultHttpResponse(decodeResult: success, version: HTTP/1.1)
HTTP/1.1 200 OK
Content-Type: application/json; charset=utf-8
cache-control: no-cache
content-length: 88

19:26:08.650 [AsyncHttpClient-1-14] DEBUG org.asynchttpclient.netty.channel.ChannelManager - Adding key: http://localhost:63441 for channel [id: 0xfa84c546, L:/127.0.0.1:56780 - R:localhost/127.0.0.1:63441]
19:26:08.652 [Forwarding clearElement on session 7fd1521cace5a6df281eede725d67bfe to remote] DEBUG org.asynchttpclient.netty.request.NettyRequestSender - Using pooled Channel '[id: 0xfa84c546, L:/127.0.0.1:56780 - R:localhost/127.0.0.1:63441]' for 'POST' to 'http://localhost:63441/session/7fd1521cace5a6df281eede725d67bfe/element/0b38a1ba-8b81-4ebe-b53e-36d78b86fa34/clear'
19:26:08.652 [Forwarding clearElement on session 7fd1521cace5a6df281eede725d67bfe to remote] DEBUG org.asynchttpclient.netty.request.NettyRequestSender - Using open Channel [id: 0xfa84c546, L:/127.0.0.1:56780 - R:localhost/127.0.0.1:63441] for POST '/session/7fd1521cace5a6df281eede725d67bfe/element/0b38a1ba-8b81-4ebe-b53e-36d78b86fa34/clear'
19:26:08.722 [AsyncHttpClient-1-14] DEBUG org.asynchttpclient.netty.handler.HttpHandler - 

Request DefaultHttpRequest(decodeResult: success, version: HTTP/1.1)
POST /session/7fd1521cace5a6df281eede725d67bfe/element/0b38a1ba-8b81-4ebe-b53e-36d78b86fa34/clear HTTP/1.1
User-Agent: selenium/4.1.2 (java windows)
Content-Length: 50
Content-Type: application/json; charset=utf-8
host: localhost:63441
accept: */*

Response DefaultHttpResponse(decodeResult: success, version: HTTP/1.1)
HTTP/1.1 200 OK
Content-Type: application/json; charset=utf-8
cache-control: no-cache
content-length: 14

19:26:08.722 [AsyncHttpClient-1-14] DEBUG org.asynchttpclient.netty.channel.ChannelManager - Adding key: http://localhost:63441 for channel [id: 0xfa84c546, L:/127.0.0.1:56780 - R:localhost/127.0.0.1:63441]
19:26:08.730 [Forwarding sendKeysToElement on session 7fd1521cace5a6df281eede725d67bfe to remote] DEBUG org.asynchttpclient.netty.request.NettyRequestSender - Using pooled Channel '[id: 0xfa84c546, L:/127.0.0.1:56780 - R:localhost/127.0.0.1:63441]' for 'POST' to 'http://localhost:63441/session/7fd1521cace5a6df281eede725d67bfe/element/0b38a1ba-8b81-4ebe-b53e-36d78b86fa34/value'
19:26:08.730 [Forwarding sendKeysToElement on session 7fd1521cace5a6df281eede725d67bfe to remote] DEBUG org.asynchttpclient.netty.request.NettyRequestSender - Using open Channel [id: 0xfa84c546, L:/127.0.0.1:56780 - R:localhost/127.0.0.1:63441] for POST '/session/7fd1521cace5a6df281eede725d67bfe/element/0b38a1ba-8b81-4ebe-b53e-36d78b86fa34/value'
19:26:08.910 [AsyncHttpClient-1-14] DEBUG org.asynchttpclient.netty.handler.HttpHandler - 

Request DefaultHttpRequest(decodeResult: success, version: HTTP/1.1)
POST /session/7fd1521cace5a6df281eede725d67bfe/element/0b38a1ba-8b81-4ebe-b53e-36d78b86fa34/value HTTP/1.1
User-Agent: selenium/4.1.2 (java windows)
Content-Length: 181
Content-Type: application/json; charset=utf-8
host: localhost:63441
accept: */*

Response DefaultHttpResponse(decodeResult: success, version: HTTP/1.1)
HTTP/1.1 200 OK
Content-Type: application/json; charset=utf-8
cache-control: no-cache
content-length: 14

19:26:08.910 [AsyncHttpClient-1-14] DEBUG org.asynchttpclient.netty.channel.ChannelManager - Adding key: http://localhost:63441 for channel [id: 0xfa84c546, L:/127.0.0.1:56780 - R:localhost/127.0.0.1:63441]
19:26:08.922 [Forwarding screenshot on session 7fd1521cace5a6df281eede725d67bfe to remote] DEBUG org.asynchttpclient.netty.request.NettyRequestSender - Using pooled Channel '[id: 0xfa84c546, L:/127.0.0.1:56780 - R:localhost/127.0.0.1:63441]' for 'GET' to 'http://localhost:63441/session/7fd1521cace5a6df281eede725d67bfe/screenshot'
19:26:08.922 [Forwarding screenshot on session 7fd1521cace5a6df281eede725d67bfe to remote] DEBUG org.asynchttpclient.netty.request.NettyRequestSender - Using open Channel [id: 0xfa84c546, L:/127.0.0.1:56780 - R:localhost/127.0.0.1:63441] for GET '/session/7fd1521cace5a6df281eede725d67bfe/screenshot'
19:26:09.010 [AsyncHttpClient-1-1] DEBUG org.asynchttpclient.netty.channel.DefaultChannelPool - Entry count for : http://localhost:56781 : 1
19:26:09.107 [AsyncHttpClient-1-14] DEBUG org.asynchttpclient.netty.handler.HttpHandler - 

Request DefaultFullHttpRequest(decodeResult: success, version: HTTP/1.1, content: EmptyByteBufBE)
GET /session/7fd1521cace5a6df281eede725d67bfe/screenshot HTTP/1.1
User-Agent: selenium/4.1.2 (java windows)
Cache-Control: no-cache
Content-Type: application/json; charset=utf-8
host: localhost:63441
accept: */*

Response DefaultHttpResponse(decodeResult: success, version: HTTP/1.1)
HTTP/1.1 200 OK
Content-Type: application/json; charset=utf-8
cache-control: no-cache
content-length: 50540

19:26:09.108 [AsyncHttpClient-1-14] DEBUG org.asynchttpclient.netty.channel.ChannelManager - Adding key: http://localhost:63441 for channel [id: 0xfa84c546, L:/127.0.0.1:56780 - R:localhost/127.0.0.1:63441]
19:26:09.112 [main] DEBUG net.serenitybdd.core.photography.Darkroom - Send negative for processing for target\site\serenity\94c5122903d7e9672839336ad6a14c13cb30b541986e6ba1fe41d69dcb848a5e.png
19:26:09.112 [main] DEBUG net.thucydides.core.steps.StepInterceptor - STEP DONE: inputPassword
  &amp#27;[32mAnd &amp#27;[0m&amp#27;[32mi input &amp#27;[0m&amp#27;[32m&amp#27;[1m"gladz1511#"&amp#27;[0m&amp#27;[32m password&amp#27;[0m        &amp#27;[90m# starter.stepdefinitions.stepdefinition.iInputPassword(java.lang.String)&amp#27;[0m
19:26:09.112 [Darkroom Processing Line] DEBUG net.serenitybdd.core.photography.DarkroomProcessingLine - Processing screenshot image in /var/screenshots/screenshot-5401899408717092086
19:26:09.112 [Darkroom Processing Line] DEBUG net.serenitybdd.core.photography.DarkroomProcessingLine - Saving screenshot to target\site\serenity\94c5122903d7e9672839336ad6a14c13cb30b541986e6ba1fe41d69dcb848a5e.png
19:26:09.144 [main] DEBUG net.thucydides.core.steps.StepInterceptor - STARTING STEP: stepdefinition.clickLoginButton - clickLogin
19:26:09.157 [Forwarding findElement on session 7fd1521cace5a6df281eede725d67bfe to remote] DEBUG org.asynchttpclient.netty.request.NettyRequestSender - Using pooled Channel '[id: 0xfa84c546, L:/127.0.0.1:56780 - R:localhost/127.0.0.1:63441]' for 'POST' to 'http://localhost:63441/session/7fd1521cace5a6df281eede725d67bfe/element'
19:26:09.157 [Forwarding findElement on session 7fd1521cace5a6df281eede725d67bfe to remote] DEBUG org.asynchttpclient.netty.request.NettyRequestSender - Using open Channel [id: 0xfa84c546, L:/127.0.0.1:56780 - R:localhost/127.0.0.1:63441] for POST '/session/7fd1521cace5a6df281eede725d67bfe/element'
19:26:09.175 [AsyncHttpClient-1-14] DEBUG org.asynchttpclient.netty.handler.HttpHandler - 

Request DefaultHttpRequest(decodeResult: success, version: HTTP/1.1)
POST /session/7fd1521cace5a6df281eede725d67bfe/element HTTP/1.1
User-Agent: selenium/4.1.2 (java windows)
Content-Length: 72
Content-Type: application/json; charset=utf-8
host: localhost:63441
accept: */*

Response DefaultHttpResponse(decodeResult: success, version: HTTP/1.1)
HTTP/1.1 200 OK
Content-Type: application/json; charset=utf-8
cache-control: no-cache
content-length: 88

19:26:09.175 [AsyncHttpClient-1-14] DEBUG org.asynchttpclient.netty.channel.ChannelManager - Adding key: http://localhost:63441 for channel [id: 0xfa84c546, L:/127.0.0.1:56780 - R:localhost/127.0.0.1:63441]
19:26:09.180 [Forwarding getElementTagName on session 7fd1521cace5a6df281eede725d67bfe to remote] DEBUG org.asynchttpclient.netty.request.NettyRequestSender - Using pooled Channel '[id: 0xfa84c546, L:/127.0.0.1:56780 - R:localhost/127.0.0.1:63441]' for 'GET' to 'http://localhost:63441/session/7fd1521cace5a6df281eede725d67bfe/element/350e5bac-b1ca-4f70-9718-b509dcf4a090/name'
19:26:09.180 [Forwarding getElementTagName on session 7fd1521cace5a6df281eede725d67bfe to remote] DEBUG org.asynchttpclient.netty.request.NettyRequestSender - Using open Channel [id: 0xfa84c546, L:/127.0.0.1:56780 - R:localhost/127.0.0.1:63441] for GET '/session/7fd1521cace5a6df281eede725d67bfe/element/350e5bac-b1ca-4f70-9718-b509dcf4a090/name'
19:26:09.190 [AsyncHttpClient-1-14] DEBUG org.asynchttpclient.netty.handler.HttpHandler - 

Request DefaultFullHttpRequest(decodeResult: success, version: HTTP/1.1, content: EmptyByteBufBE)
GET /session/7fd1521cace5a6df281eede725d67bfe/element/350e5bac-b1ca-4f70-9718-b509dcf4a090/name HTTP/1.1
User-Agent: selenium/4.1.2 (java windows)
Cache-Control: no-cache
Content-Type: application/json; charset=utf-8
host: localhost:63441
accept: */*

Response DefaultHttpResponse(decodeResult: success, version: HTTP/1.1)
HTTP/1.1 200 OK
Content-Type: application/json; charset=utf-8
cache-control: no-cache
content-length: 18

19:26:09.190 [AsyncHttpClient-1-14] DEBUG org.asynchttpclient.netty.channel.ChannelManager - Adding key: http://localhost:63441 for channel [id: 0xfa84c546, L:/127.0.0.1:56780 - R:localhost/127.0.0.1:63441]
19:26:09.193 [Forwarding getElementTagName on session 7fd1521cace5a6df281eede725d67bfe to remote] DEBUG org.asynchttpclient.netty.request.NettyRequestSender - Using pooled Channel '[id: 0xfa84c546, L:/127.0.0.1:56780 - R:localhost/127.0.0.1:63441]' for 'GET' to 'http://localhost:63441/session/7fd1521cace5a6df281eede725d67bfe/element/350e5bac-b1ca-4f70-9718-b509dcf4a090/name'
19:26:09.193 [Forwarding getElementTagName on session 7fd1521cace5a6df281eede725d67bfe to remote] DEBUG org.asynchttpclient.netty.request.NettyRequestSender - Using open Channel [id: 0xfa84c546, L:/127.0.0.1:56780 - R:localhost/127.0.0.1:63441] for GET '/session/7fd1521cace5a6df281eede725d67bfe/element/350e5bac-b1ca-4f70-9718-b509dcf4a090/name'
19:26:09.206 [AsyncHttpClient-1-14] DEBUG org.asynchttpclient.netty.handler.HttpHandler - 

Request DefaultFullHttpRequest(decodeResult: success, version: HTTP/1.1, content: EmptyByteBufBE)
GET /session/7fd1521cace5a6df281eede725d67bfe/element/350e5bac-b1ca-4f70-9718-b509dcf4a090/name HTTP/1.1
User-Agent: selenium/4.1.2 (java windows)
Cache-Control: no-cache
Content-Type: application/json; charset=utf-8
host: localhost:63441
accept: */*

Response DefaultHttpResponse(decodeResult: success, version: HTTP/1.1)
HTTP/1.1 200 OK
Content-Type: application/json; charset=utf-8
cache-control: no-cache
content-length: 18

19:26:09.206 [AsyncHttpClient-1-14] DEBUG org.asynchttpclient.netty.channel.ChannelManager - Adding key: http://localhost:63441 for channel [id: 0xfa84c546, L:/127.0.0.1:56780 - R:localhost/127.0.0.1:63441]
19:26:09.211 [Forwarding isElementEnabled on session 7fd1521cace5a6df281eede725d67bfe to remote] DEBUG org.asynchttpclient.netty.request.NettyRequestSender - Using pooled Channel '[id: 0xfa84c546, L:/127.0.0.1:56780 - R:localhost/127.0.0.1:63441]' for 'GET' to 'http://localhost:63441/session/7fd1521cace5a6df281eede725d67bfe/element/350e5bac-b1ca-4f70-9718-b509dcf4a090/enabled'
19:26:09.211 [Forwarding isElementEnabled on session 7fd1521cace5a6df281eede725d67bfe to remote] DEBUG org.asynchttpclient.netty.request.NettyRequestSender - Using open Channel [id: 0xfa84c546, L:/127.0.0.1:56780 - R:localhost/127.0.0.1:63441] for GET '/session/7fd1521cace5a6df281eede725d67bfe/element/350e5bac-b1ca-4f70-9718-b509dcf4a090/enabled'
19:26:09.233 [AsyncHttpClient-1-14] DEBUG org.asynchttpclient.netty.handler.HttpHandler - 

Request DefaultFullHttpRequest(decodeResult: success, version: HTTP/1.1, content: EmptyByteBufBE)
GET /session/7fd1521cace5a6df281eede725d67bfe/element/350e5bac-b1ca-4f70-9718-b509dcf4a090/enabled HTTP/1.1
User-Agent: selenium/4.1.2 (java windows)
Cache-Control: no-cache
Content-Type: application/json; charset=utf-8
host: localhost:63441
accept: */*

Response DefaultHttpResponse(decodeResult: success, version: HTTP/1.1)
HTTP/1.1 200 OK
Content-Type: application/json; charset=utf-8
cache-control: no-cache
content-length: 14

19:26:09.233 [AsyncHttpClient-1-14] DEBUG org.asynchttpclient.netty.channel.ChannelManager - Adding key: http://localhost:63441 for channel [id: 0xfa84c546, L:/127.0.0.1:56780 - R:localhost/127.0.0.1:63441]
19:26:09.238 [Forwarding isElementEnabled on session 7fd1521cace5a6df281eede725d67bfe to remote] DEBUG org.asynchttpclient.netty.request.NettyRequestSender - Using pooled Channel '[id: 0xfa84c546, L:/127.0.0.1:56780 - R:localhost/127.0.0.1:63441]' for 'GET' to 'http://localhost:63441/session/7fd1521cace5a6df281eede725d67bfe/element/350e5bac-b1ca-4f70-9718-b509dcf4a090/enabled'
19:26:09.238 [Forwarding isElementEnabled on session 7fd1521cace5a6df281eede725d67bfe to remote] DEBUG org.asynchttpclient.netty.request.NettyRequestSender - Using open Channel [id: 0xfa84c546, L:/127.0.0.1:56780 - R:localhost/127.0.0.1:63441] for GET '/session/7fd1521cace5a6df281eede725d67bfe/element/350e5bac-b1ca-4f70-9718-b509dcf4a090/enabled'
19:26:09.253 [AsyncHttpClient-1-14] DEBUG org.asynchttpclient.netty.handler.HttpHandler - 

Request DefaultFullHttpRequest(decodeResult: success, version: HTTP/1.1, content: EmptyByteBufBE)
GET /session/7fd1521cace5a6df281eede725d67bfe/element/350e5bac-b1ca-4f70-9718-b509dcf4a090/enabled HTTP/1.1
User-Agent: selenium/4.1.2 (java windows)
Cache-Control: no-cache
Content-Type: application/json; charset=utf-8
host: localhost:63441
accept: */*

Response DefaultHttpResponse(decodeResult: success, version: HTTP/1.1)
HTTP/1.1 200 OK
Content-Type: application/json; charset=utf-8
cache-control: no-cache
content-length: 14

19:26:09.253 [AsyncHttpClient-1-14] DEBUG org.asynchttpclient.netty.channel.ChannelManager - Adding key: http://localhost:63441 for channel [id: 0xfa84c546, L:/127.0.0.1:56780 - R:localhost/127.0.0.1:63441]
19:26:09.258 [Forwarding findElement on session 7fd1521cace5a6df281eede725d67bfe to remote] DEBUG org.asynchttpclient.netty.request.NettyRequestSender - Using pooled Channel '[id: 0xfa84c546, L:/127.0.0.1:56780 - R:localhost/127.0.0.1:63441]' for 'POST' to 'http://localhost:63441/session/7fd1521cace5a6df281eede725d67bfe/element'
19:26:09.258 [Forwarding findElement on session 7fd1521cace5a6df281eede725d67bfe to remote] DEBUG org.asynchttpclient.netty.request.NettyRequestSender - Using open Channel [id: 0xfa84c546, L:/127.0.0.1:56780 - R:localhost/127.0.0.1:63441] for POST '/session/7fd1521cace5a6df281eede725d67bfe/element'
19:26:09.272 [AsyncHttpClient-1-14] DEBUG org.asynchttpclient.netty.handler.HttpHandler - 

Request DefaultHttpRequest(decodeResult: success, version: HTTP/1.1)
POST /session/7fd1521cace5a6df281eede725d67bfe/element HTTP/1.1
User-Agent: selenium/4.1.2 (java windows)
Content-Length: 72
Content-Type: application/json; charset=utf-8
host: localhost:63441
accept: */*

Response DefaultHttpResponse(decodeResult: success, version: HTTP/1.1)
HTTP/1.1 200 OK
Content-Type: application/json; charset=utf-8
cache-control: no-cache
content-length: 88

19:26:09.272 [AsyncHttpClient-1-14] DEBUG org.asynchttpclient.netty.channel.ChannelManager - Adding key: http://localhost:63441 for channel [id: 0xfa84c546, L:/127.0.0.1:56780 - R:localhost/127.0.0.1:63441]
19:26:09.277 [Forwarding clickElement on session 7fd1521cace5a6df281eede725d67bfe to remote] DEBUG org.asynchttpclient.netty.request.NettyRequestSender - Using pooled Channel '[id: 0xfa84c546, L:/127.0.0.1:56780 - R:localhost/127.0.0.1:63441]' for 'POST' to 'http://localhost:63441/session/7fd1521cace5a6df281eede725d67bfe/element/350e5bac-b1ca-4f70-9718-b509dcf4a090/click'
19:26:09.277 [Forwarding clickElement on session 7fd1521cace5a6df281eede725d67bfe to remote] DEBUG org.asynchttpclient.netty.request.NettyRequestSender - Using open Channel [id: 0xfa84c546, L:/127.0.0.1:56780 - R:localhost/127.0.0.1:63441] for POST '/session/7fd1521cace5a6df281eede725d67bfe/element/350e5bac-b1ca-4f70-9718-b509dcf4a090/click'
19:26:09.364 [AsyncHttpClient-1-14] DEBUG org.asynchttpclient.netty.handler.HttpHandler - 

Request DefaultHttpRequest(decodeResult: success, version: HTTP/1.1)
POST /session/7fd1521cace5a6df281eede725d67bfe/element/350e5bac-b1ca-4f70-9718-b509dcf4a090/click HTTP/1.1
User-Agent: selenium/4.1.2 (java windows)
Content-Length: 50
Content-Type: application/json; charset=utf-8
host: localhost:63441
accept: */*

Response DefaultHttpResponse(decodeResult: success, version: HTTP/1.1)
HTTP/1.1 200 OK
Content-Type: application/json; charset=utf-8
cache-control: no-cache
content-length: 14

19:26:09.364 [AsyncHttpClient-1-14] DEBUG org.asynchttpclient.netty.channel.ChannelManager - Adding key: http://localhost:63441 for channel [id: 0xfa84c546, L:/127.0.0.1:56780 - R:localhost/127.0.0.1:63441]
19:26:09.384 [Forwarding screenshot on session 7fd1521cace5a6df281eede725d67bfe to remote] DEBUG org.asynchttpclient.netty.request.NettyRequestSender - Using pooled Channel '[id: 0xfa84c546, L:/127.0.0.1:56780 - R:localhost/127.0.0.1:63441]' for 'GET' to 'http://localhost:63441/session/7fd1521cace5a6df281eede725d67bfe/screenshot'
19:26:09.384 [Forwarding screenshot on session 7fd1521cace5a6df281eede725d67bfe to remote] DEBUG org.asynchttpclient.netty.request.NettyRequestSender - Using open Channel [id: 0xfa84c546, L:/127.0.0.1:56780 - R:localhost/127.0.0.1:63441] for GET '/session/7fd1521cace5a6df281eede725d67bfe/screenshot'
19:26:09.878 [AsyncHttpClient-1-14] DEBUG org.asynchttpclient.netty.handler.HttpHandler - 

Request DefaultFullHttpRequest(decodeResult: success, version: HTTP/1.1, content: EmptyByteBufBE)
GET /session/7fd1521cace5a6df281eede725d67bfe/screenshot HTTP/1.1
User-Agent: selenium/4.1.2 (java windows)
Cache-Control: no-cache
Content-Type: application/json; charset=utf-8
host: localhost:63441
accept: */*

Response DefaultHttpResponse(decodeResult: success, version: HTTP/1.1)
HTTP/1.1 200 OK
Content-Type: application/json; charset=utf-8
cache-control: no-cache
content-length: 59124

19:26:09.880 [AsyncHttpClient-1-14] DEBUG org.asynchttpclient.netty.channel.ChannelManager - Adding key: http://localhost:63441 for channel [id: 0xfa84c546, L:/127.0.0.1:56780 - R:localhost/127.0.0.1:63441]
19:26:09.885 [main] DEBUG net.serenitybdd.core.photography.Darkroom - Send negative for processing for target\site\serenity\836786f0ff54cf0f7401fa9198b5019f1eaeece79cedcac53d807fa7db9cad11.png
19:26:09.885 [main] DEBUG net.thucydides.core.steps.StepInterceptor - STEP DONE: clickLogin
19:26:09.885 [Darkroom Processing Line] DEBUG net.serenitybdd.core.photography.DarkroomProcessingLine - Processing screenshot image in /var/screenshots/screenshot-5977074544162052208
  &amp#27;[32mAnd &amp#27;[0m&amp#27;[32mclick login button&amp#27;[0m                   &amp#27;[90m# starter.stepdefinitions.stepdefinition.clickLoginButton()&amp#27;[0m
19:26:09.885 [Darkroom Processing Line] DEBUG net.serenitybdd.core.photography.DarkroomProcessingLine - Saving screenshot to target\site\serenity\836786f0ff54cf0f7401fa9198b5019f1eaeece79cedcac53d807fa7db9cad11.png
19:26:09.912 [main] DEBUG net.thucydides.core.steps.StepInterceptor - STARTING STEP: stepdefinition.iGetThe - validateLoginApp
19:26:09.919 [Forwarding findElement on session 7fd1521cace5a6df281eede725d67bfe to remote] DEBUG org.asynchttpclient.netty.request.NettyRequestSender - Using pooled Channel '[id: 0xfa84c546, L:/127.0.0.1:56780 - R:localhost/127.0.0.1:63441]' for 'POST' to 'http://localhost:63441/session/7fd1521cace5a6df281eede725d67bfe/element'
19:26:09.919 [Forwarding findElement on session 7fd1521cace5a6df281eede725d67bfe to remote] DEBUG org.asynchttpclient.netty.request.NettyRequestSender - Using open Channel [id: 0xfa84c546, L:/127.0.0.1:56780 - R:localhost/127.0.0.1:63441] for POST '/session/7fd1521cace5a6df281eede725d67bfe/element'
19:26:09.923 [AsyncHttpClient-1-14] DEBUG org.asynchttpclient.netty.handler.HttpHandler - 

Request DefaultHttpRequest(decodeResult: success, version: HTTP/1.1)
POST /session/7fd1521cace5a6df281eede725d67bfe/element HTTP/1.1
User-Agent: selenium/4.1.2 (java windows)
Content-Length: 50
Content-Type: application/json; charset=utf-8
host: localhost:63441
accept: */*

Response DefaultHttpResponse(decodeResult: success, version: HTTP/1.1)
HTTP/1.1 400 Bad Request
Content-Type: application/json; charset=utf-8
cache-control: no-cache
content-length: 958

19:26:09.923 [AsyncHttpClient-1-14] DEBUG org.asynchttpclient.netty.channel.ChannelManager - Adding key: http://localhost:63441 for channel [id: 0xfa84c546, L:/127.0.0.1:56780 - R:localhost/127.0.0.1:63441]
19:26:09.928 [Forwarding findElement on session 7fd1521cace5a6df281eede725d67bfe to remote] DEBUG org.asynchttpclient.netty.request.NettyRequestSender - Using pooled Channel '[id: 0xfa84c546, L:/127.0.0.1:56780 - R:localhost/127.0.0.1:63441]' for 'POST' to 'http://localhost:63441/session/7fd1521cace5a6df281eede725d67bfe/element'
19:26:09.928 [Forwarding findElement on session 7fd1521cace5a6df281eede725d67bfe to remote] DEBUG org.asynchttpclient.netty.request.NettyRequestSender - Using open Channel [id: 0xfa84c546, L:/127.0.0.1:56780 - R:localhost/127.0.0.1:63441] for POST '/session/7fd1521cace5a6df281eede725d67bfe/element'
19:26:09.947 [AsyncHttpClient-1-14] DEBUG org.asynchttpclient.netty.handler.HttpHandler - 

Request DefaultHttpRequest(decodeResult: success, version: HTTP/1.1)
POST /session/7fd1521cace5a6df281eede725d67bfe/element HTTP/1.1
User-Agent: selenium/4.1.2 (java windows)
Content-Length: 60
Content-Type: application/json; charset=utf-8
host: localhost:63441
accept: */*

Response DefaultHttpResponse(decodeResult: success, version: HTTP/1.1)
HTTP/1.1 200 OK
Content-Type: application/json; charset=utf-8
cache-control: no-cache
content-length: 88

19:26:09.949 [AsyncHttpClient-1-14] DEBUG org.asynchttpclient.netty.channel.ChannelManager - Adding key: http://localhost:63441 for channel [id: 0xfa84c546, L:/127.0.0.1:56780 - R:localhost/127.0.0.1:63441]
19:26:09.954 [Forwarding isElementDisplayed on session 7fd1521cace5a6df281eede725d67bfe to remote] DEBUG org.asynchttpclient.netty.request.NettyRequestSender - Using pooled Channel '[id: 0xfa84c546, L:/127.0.0.1:56780 - R:localhost/127.0.0.1:63441]' for 'POST' to 'http://localhost:63441/session/7fd1521cace5a6df281eede725d67bfe/execute/sync'
19:26:09.954 [Forwarding isElementDisplayed on session 7fd1521cace5a6df281eede725d67bfe to remote] DEBUG org.asynchttpclient.netty.request.NettyRequestSender - Using open Channel [id: 0xfa84c546, L:/127.0.0.1:56780 - R:localhost/127.0.0.1:63441] for POST '/session/7fd1521cace5a6df281eede725d67bfe/execute/sync'
19:26:09.977 [AsyncHttpClient-1-14] DEBUG org.asynchttpclient.netty.handler.HttpHandler - 

Request DefaultHttpRequest(decodeResult: success, version: HTTP/1.1)
POST /session/7fd1521cace5a6df281eede725d67bfe/execute/sync HTTP/1.1
User-Agent: selenium/4.1.2 (java windows)
Content-Length: 48780
Content-Type: application/json; charset=utf-8
host: localhost:63441
accept: */*

Response DefaultHttpResponse(decodeResult: success, version: HTTP/1.1)
HTTP/1.1 200 OK
Content-Type: application/json; charset=utf-8
cache-control: no-cache
content-length: 14

19:26:09.977 [AsyncHttpClient-1-14] DEBUG org.asynchttpclient.netty.channel.ChannelManager - Adding key: http://localhost:63441 for channel [id: 0xfa84c546, L:/127.0.0.1:56780 - R:localhost/127.0.0.1:63441]
19:26:09.987 [Forwarding screenshot on session 7fd1521cace5a6df281eede725d67bfe to remote] DEBUG org.asynchttpclient.netty.request.NettyRequestSender - Using pooled Channel '[id: 0xfa84c546, L:/127.0.0.1:56780 - R:localhost/127.0.0.1:63441]' for 'GET' to 'http://localhost:63441/session/7fd1521cace5a6df281eede725d67bfe/screenshot'
19:26:09.987 [Forwarding screenshot on session 7fd1521cace5a6df281eede725d67bfe to remote] DEBUG org.asynchttpclient.netty.request.NettyRequestSender - Using open Channel [id: 0xfa84c546, L:/127.0.0.1:56780 - R:localhost/127.0.0.1:63441] for GET '/session/7fd1521cace5a6df281eede725d67bfe/screenshot'
19:26:10.110 [AsyncHttpClient-1-1] DEBUG org.asynchttpclient.netty.channel.DefaultChannelPool - Entry count for : http://localhost:56781 : 1
19:26:10.155 [AsyncHttpClient-1-14] DEBUG org.asynchttpclient.netty.handler.HttpHandler - 

Request DefaultFullHttpRequest(decodeResult: success, version: HTTP/1.1, content: EmptyByteBufBE)
GET /session/7fd1521cace5a6df281eede725d67bfe/screenshot HTTP/1.1
User-Agent: selenium/4.1.2 (java windows)
Cache-Control: no-cache
Content-Type: application/json; charset=utf-8
host: localhost:63441
accept: */*

Response DefaultHttpResponse(decodeResult: success, version: HTTP/1.1)
HTTP/1.1 200 OK
Content-Type: application/json; charset=utf-8
cache-control: no-cache
content-length: 58312

19:26:10.155 [AsyncHttpClient-1-14] DEBUG org.asynchttpclient.netty.channel.ChannelManager - Adding key: http://localhost:63441 for channel [id: 0xfa84c546, L:/127.0.0.1:56780 - R:localhost/127.0.0.1:63441]
19:26:10.157 [main] DEBUG net.serenitybdd.core.photography.Darkroom - Send negative for processing for target\site\serenity\5d5e54aefe5c7be8846a54f3bbc4b279f7b830d2311873ef17d96495e9897dbc.png
19:26:10.157 [main] DEBUG net.thucydides.core.steps.StepInterceptor - STEP DONE: validateLoginApp
19:26:10.157 [Darkroom Processing Line] DEBUG net.serenitybdd.core.photography.DarkroomProcessingLine - Processing screenshot image in /var/screenshots/screenshot-5837521088414112429
19:26:10.157 [Darkroom Processing Line] DEBUG net.serenitybdd.core.photography.DarkroomProcessingLine - Saving screenshot to target\site\serenity\5d5e54aefe5c7be8846a54f3bbc4b279f7b830d2311873ef17d96495e9897dbc.png
19:26:10.167 [main] DEBUG net.thucydides.core.steps.StepInterceptor - STARTING STEP: stepdefinition.iGetThe - displayErrorMessage
19:26:10.172 [main] DEBUG net.thucydides.core.steps.StepInterceptor - STEP DONE: displayErrorMessage
  &amp#27;[32mThen &amp#27;[0m&amp#27;[32mi get the &amp#27;[0m&amp#27;[32m&amp#27;[1m"Login Page"&amp#27;[0m              &amp#27;[90m# starter.stepdefinitions.stepdefinition.iGetThe(java.lang.String)&amp#27;[0m
19:26:10.187 [AsyncHttpClient-1-16] DEBUG org.asynchttpclient.netty.handler.WebSocketHandler - Channel Closed: [id: 0xb4071baa, L:/127.0.0.1:56791 ! R:localhost/127.0.0.1:56781] with attribute NettyResponseFuture{currentRetry=5,
	isDone=1,
	isCancelled=0,
	asyncHandler=org.asynchttpclient.ws.WebSocketUpgradeHandler@45d97e14,
	nettyRequest=org.asynchttpclient.netty.request.NettyRequest@dbe8cb,
	future=java.util.concurrent.CompletableFuture@47164781[Completed normally],
	uri=ws://localhost:56781/devtools/browser/8830ca5e-1b5e-4f63-960e-57f7e5cb5de4,
	keepAlive=true,
	redirectCount=0,
	timeoutsHolder=null,
	inAuth=0,
	touch=1651321561811}
19:26:10.187 [AsyncHttpClient-1-16] DEBUG org.asynchttpclient.netty.channel.ChannelManager - Closing Channel [id: 0xb4071baa, L:/127.0.0.1:56791 ! R:localhost/127.0.0.1:56781] 
19:26:10.187 [Driver Command Executor] DEBUG org.asynchttpclient.netty.request.NettyRequestSender - Using pooled Channel '[id: 0xfa84c546, L:/127.0.0.1:56780 - R:localhost/127.0.0.1:63441]' for 'DELETE' to 'http://localhost:63441/session/7fd1521cace5a6df281eede725d67bfe'
19:26:10.187 [Driver Command Executor] DEBUG org.asynchttpclient.netty.request.NettyRequestSender - Using open Channel [id: 0xfa84c546, L:/127.0.0.1:56780 - R:localhost/127.0.0.1:63441] for DELETE '/session/7fd1521cace5a6df281eede725d67bfe'
19:26:10.240 [AsyncHttpClient-1-15] DEBUG org.asynchttpclient.netty.handler.HttpHandler - Unexpected I/O exception on channel [id: 0x54b164b3, L:/127.0.0.1:56789 - R:localhost/127.0.0.1:56781]
java.net.SocketException: Connection reset
	at java.base/sun.nio.ch.SocketChannelImpl.throwConnectionReset(SocketChannelImpl.java:367)
	at java.base/sun.nio.ch.SocketChannelImpl.read(SocketChannelImpl.java:398)
	at io.netty.buffer.PooledByteBuf.setBytes(PooledByteBuf.java:258)
	at io.netty.buffer.AbstractByteBuf.writeBytes(AbstractByteBuf.java:1132)
	at io.netty.channel.socket.nio.NioSocketChannel.doReadBytes(NioSocketChannel.java:350)
	at io.netty.channel.nio.AbstractNioByteChannel$NioByteUnsafe.read(AbstractNioByteChannel.java:151)
	at io.netty.channel.nio.NioEventLoop.processSelectedKey(NioEventLoop.java:722)
	at io.netty.channel.nio.NioEventLoop.processSelectedKeysOptimized(NioEventLoop.java:658)
	at io.netty.channel.nio.NioEventLoop.processSelectedKeys(NioEventLoop.java:584)
	at io.netty.channel.nio.NioEventLoop.run(NioEventLoop.java:496)
	at io.netty.util.concurrent.SingleThreadEventExecutor$4.run(SingleThreadEventExecutor.java:986)
	at io.netty.util.internal.ThreadExecutorMap$2.run(ThreadExecutorMap.java:74)
	at io.netty.util.concurrent.FastThreadLocalRunnable.run(FastThreadLocalRunnable.java:30)
	at java.base/java.lang.Thread.run(Thread.java:832)
19:26:10.243 [AsyncHttpClient-1-15] DEBUG org.asynchttpclient.netty.channel.ChannelManager - Closing Channel [id: 0x54b164b3, L:/127.0.0.1:56789 - R:localhost/127.0.0.1:56781] 
19:26:10.243 [AsyncHttpClient-1-15] DEBUG org.asynchttpclient.netty.handler.HttpHandler - Channel Closed: [id: 0x54b164b3, L:/127.0.0.1:56789 ! R:localhost/127.0.0.1:56781] with attribute DISCARD
19:26:10.268 [AsyncHttpClient-1-14] DEBUG org.asynchttpclient.netty.handler.HttpHandler - 

Request DefaultFullHttpRequest(decodeResult: success, version: HTTP/1.1, content: EmptyByteBufBE)
DELETE /session/7fd1521cace5a6df281eede725d67bfe HTTP/1.1
User-Agent: selenium/4.1.2 (java windows)
Content-Type: application/json; charset=utf-8
host: localhost:63441
accept: */*

Response DefaultHttpResponse(decodeResult: success, version: HTTP/1.1)
HTTP/1.1 200 OK
Content-Type: application/json; charset=utf-8
cache-control: no-cache
content-length: 14

19:26:10.268 [AsyncHttpClient-1-14] DEBUG org.asynchttpclient.netty.channel.ChannelManager - Adding key: http://localhost:63441 for channel [id: 0xfa84c546, L:/127.0.0.1:56780 - R:localhost/127.0.0.1:63441]
19:26:10.415 [AsyncHttpClient-1-14] DEBUG org.asynchttpclient.netty.handler.HttpHandler - Channel Closed: [id: 0xfa84c546, L:/127.0.0.1:56780 ! R:localhost/127.0.0.1:63441] with attribute DISCARD
]]></system-out>
    <system-err><![CDATA[Starting ChromeDriver 100.0.4896.60 (6a5d10861ce8de5fce22564658033b43cb7de047-refs/branch-heads/4896@{#875}) on port 63441
Only local connections are allowed.
Please see https://chromedriver.chromium.org/security-considerations for suggestions on keeping ChromeDriver safe.
ChromeDriver was started successfully.
Apr 30, 2022 7:26:01 PM org.openqa.selenium.remote.ProtocolHandshake createSession
INFO: Detected dialect: W3C
Apr 30, 2022 7:26:01 PM org.openqa.selenium.devtools.CdpVersionFinder findNearestMatch
WARNING: Unable to find an exact match for CDP version 100, so returning the closest version found: 97
Apr 30, 2022 7:26:01 PM org.openqa.selenium.devtools.CdpVersionFinder findNearestMatch
INFO: Found CDP implementation for version 100 of 97
]]></system-err>
  </testcase>
  <testcase name="Login scenario #6" classname="Login" time="14.338">
    <system-out><![CDATA[
@DDT
Scenario Outline: Login scenario         &amp#27;[90m# src/test/resources/features/login.feature:22&amp#27;[0m
19:26:10.944 [main] INFO io.cucumber.core.plugin.SerenityReporter - Running feature from file:///D:/PERKULIAHAN/Semester%206,Hebatt%20glad!/Altera/QE_Gladys-Cindana-Asri-Pardosi/Mini-Project/Web/src/test/resources/features/login.feature
19:26:10.982 [main] DEBUG net.thucydides.core.steps.StepInterceptor - STARTING STEP: stepdefinition.iAmOnLoginPage - openUrl
19:26:10.984 [main] INFO net.serenitybdd.core.webdriver.driverproviders.ChromeDriverProvider - Using automatically driver download
19:26:11.210 [AsyncHttpClient-1-1] DEBUG org.asynchttpclient.netty.channel.DefaultChannelPool - Entry count for : http://localhost:63441 : 1
19:26:11.210 [AsyncHttpClient-1-1] DEBUG org.asynchttpclient.netty.channel.DefaultChannelPool - Entry count for : http://localhost:56781 : 1
19:26:11.210 [AsyncHttpClient-1-1] DEBUG org.asynchttpclient.netty.channel.DefaultChannelPool - Adding Candidate expired Channel [id: 0xfa84c546, L:/127.0.0.1:56780 ! R:localhost/127.0.0.1:63441] isIdleTimeoutExpired=false isRemotelyClosed=true isTtlExpired=false
19:26:11.210 [AsyncHttpClient-1-1] DEBUG org.asynchttpclient.netty.channel.DefaultChannelPool - Closing Idle Channel [id: 0xfa84c546, L:/127.0.0.1:56780 ! R:localhost/127.0.0.1:63441]
19:26:11.210 [AsyncHttpClient-1-1] DEBUG org.asynchttpclient.netty.channel.DefaultChannelPool - Adding Candidate expired Channel [id: 0x54b164b3, L:/127.0.0.1:56789 ! R:localhost/127.0.0.1:56781] isIdleTimeoutExpired=false isRemotelyClosed=true isTtlExpired=false
19:26:11.210 [AsyncHttpClient-1-1] DEBUG org.asynchttpclient.netty.channel.DefaultChannelPool - Closing Idle Channel [id: 0x54b164b3, L:/127.0.0.1:56789 ! R:localhost/127.0.0.1:56781]
19:26:11.210 [AsyncHttpClient-1-1] DEBUG org.asynchttpclient.netty.channel.DefaultChannelPool - Closed 2 connections out of 2 in 0 ms
19:26:11.210 [main] DEBUG io.github.bonigarcia.wdm.cache.ResolutionCache - Resolution chrome=100 in cache (valid until 19:49:42 30/04/2022 WIB)
19:26:11.222 [main] DEBUG io.github.bonigarcia.wdm.cache.ResolutionCache - Resolution chrome100=100.0.4896.60 in cache (valid until 18:49:42 01/05/2022 WIB)
19:26:11.225 [main] INFO io.github.bonigarcia.wdm.WebDriverManager - Using chromedriver 100.0.4896.60 (resolved driver for Chrome 100)
19:26:11.252 [main] DEBUG io.github.bonigarcia.wdm.WebDriverManager - Driver chromedriver 100.0.4896.60 found in cache
19:26:11.252 [main] INFO io.github.bonigarcia.wdm.WebDriverManager - Exporting webdriver.chrome.driver as C:\Users\ASUS\.cache\selenium\chromedriver\win32\100.0.4896.60\chromedriver.exe
19:26:11.451 [main] DEBUG net.serenitybdd.core.webdriver.driverproviders.ProvideNewDriver - Instantiating driver
19:26:11.451 [main] DEBUG net.serenitybdd.core.webdriver.driverproviders.ProvideNewDriver - Driver capabilities: Capabilities {acceptInsecureCerts: false, base.url: , browserName: chrome, goog:chromeOptions: {args: [], extensions: []}}
19:26:12.007 [AsyncHttpClient-1-17] DEBUG org.asynchttpclient.netty.channel.NettyConnectListener - Using new Channel '[id: 0xbb06eef2, L:/127.0.0.1:56823 - R:localhost/127.0.0.1:65141]' for 'POST' to '/session'
19:26:13.400 [AsyncHttpClient-1-17] DEBUG org.asynchttpclient.netty.handler.HttpHandler - 

Request DefaultHttpRequest(decodeResult: success, version: HTTP/1.1)
POST /session HTTP/1.1
User-Agent: selenium/4.1.2 (java windows)
Content-Length: 457
Content-Type: application/json; charset=utf-8
host: localhost:65141
accept: */*

Response DefaultHttpResponse(decodeResult: success, version: HTTP/1.1)
HTTP/1.1 200 OK
Content-Type: application/json; charset=utf-8
cache-control: no-cache
content-length: 790

19:26:13.400 [AsyncHttpClient-1-17] DEBUG org.asynchttpclient.netty.channel.ChannelManager - Adding key: http://localhost:65141 for channel [id: 0xbb06eef2, L:/127.0.0.1:56823 - R:localhost/127.0.0.1:65141]
19:26:13.410 [AsyncHttpClient-1-1] DEBUG org.asynchttpclient.netty.channel.DefaultChannelPool - Entry count for : http://localhost:65141 : 1
19:26:13.415 [AsyncHttpClient-1-2] DEBUG org.asynchttpclient.netty.channel.NettyConnectListener - Using new Channel '[id: 0x2282bc43, L:/127.0.0.1:56833 - R:localhost/127.0.0.1:56826]' for 'GET' to '/json/version'
19:26:13.420 [AsyncHttpClient-1-2] DEBUG org.asynchttpclient.netty.handler.HttpHandler - 

Request DefaultFullHttpRequest(decodeResult: success, version: HTTP/1.1, content: EmptyByteBufBE)
GET /json/version HTTP/1.1
User-Agent: selenium/4.1.2 (java windows)
host: localhost:56826
accept: */*

Response DefaultHttpResponse(decodeResult: success, version: HTTP/1.1)
HTTP/1.1 200 OK
Content-Type: application/json; charset=UTF-8
content-length: 429

19:26:13.420 [AsyncHttpClient-1-2] DEBUG org.asynchttpclient.netty.channel.ChannelManager - Adding key: http://localhost:56826 for channel [id: 0x2282bc43, L:/127.0.0.1:56833 - R:localhost/127.0.0.1:56826]
19:26:13.426 [AsyncHttpClient-1-3] DEBUG org.asynchttpclient.netty.channel.NettyConnectListener - Using new Channel '[id: 0x753ee8ab, L:/127.0.0.1:56834 - R:localhost/127.0.0.1:56826]' for 'GET' to '/devtools/browser/a4fc7698-f8b3-46c7-85f3-2222914c4f7d'
19:26:13.428 [AsyncHttpClient-1-3] DEBUG org.asynchttpclient.netty.handler.WebSocketHandler - 

Request DefaultFullHttpRequest(decodeResult: success, version: HTTP/1.1, content: EmptyByteBufBE)
GET /devtools/browser/a4fc7698-f8b3-46c7-85f3-2222914c4f7d HTTP/1.1
upgrade: websocket
connection: upgrade
sec-websocket-key: 6HqmxT+dHcNU/P7fOUS6PA==
sec-websocket-version: 13
origin: http://localhost:56826
host: localhost:56826
accept: */*
user-agent: AHC/2.1

Response DefaultHttpResponse(decodeResult: success, version: HTTP/1.1)
HTTP/1.1 101 WebSocket Protocol Handshake
Upgrade: WebSocket
Connection: Upgrade
Sec-WebSocket-Accept: dC+9S6tKJoXi1EZySnIG3ReapOU=

19:26:13.440 [Forwarding get on session 118eb82bd012e3fc8e733592a598f6ec to remote] DEBUG org.asynchttpclient.netty.request.NettyRequestSender - Using pooled Channel '[id: 0xbb06eef2, L:/127.0.0.1:56823 - R:localhost/127.0.0.1:65141]' for 'POST' to 'http://localhost:65141/session/118eb82bd012e3fc8e733592a598f6ec/url'
19:26:13.440 [Forwarding get on session 118eb82bd012e3fc8e733592a598f6ec to remote] DEBUG org.asynchttpclient.netty.request.NettyRequestSender - Using open Channel [id: 0xbb06eef2, L:/127.0.0.1:56823 - R:localhost/127.0.0.1:65141] for POST '/session/118eb82bd012e3fc8e733592a598f6ec/url'
19:26:14.510 [AsyncHttpClient-1-1] DEBUG org.asynchttpclient.netty.channel.DefaultChannelPool - Entry count for : http://localhost:56826 : 1
19:26:15.610 [AsyncHttpClient-1-1] DEBUG org.asynchttpclient.netty.channel.DefaultChannelPool - Entry count for : http://localhost:56826 : 1
19:26:16.709 [AsyncHttpClient-1-1] DEBUG org.asynchttpclient.netty.channel.DefaultChannelPool - Entry count for : http://localhost:56826 : 1
19:26:17.811 [AsyncHttpClient-1-1] DEBUG org.asynchttpclient.netty.channel.DefaultChannelPool - Entry count for : http://localhost:56826 : 1
19:26:18.909 [AsyncHttpClient-1-1] DEBUG org.asynchttpclient.netty.channel.DefaultChannelPool - Entry count for : http://localhost:56826 : 1
19:26:20.010 [AsyncHttpClient-1-1] DEBUG org.asynchttpclient.netty.channel.DefaultChannelPool - Entry count for : http://localhost:56826 : 1
19:26:20.777 [AsyncHttpClient-1-17] DEBUG org.asynchttpclient.netty.handler.HttpHandler - 

Request DefaultHttpRequest(decodeResult: success, version: HTTP/1.1)
POST /session/118eb82bd012e3fc8e733592a598f6ec/url HTTP/1.1
User-Agent: selenium/4.1.2 (java windows)
Content-Length: 49
Content-Type: application/json; charset=utf-8
host: localhost:65141
accept: */*

Response DefaultHttpResponse(decodeResult: success, version: HTTP/1.1)
HTTP/1.1 200 OK
Content-Type: application/json; charset=utf-8
cache-control: no-cache
content-length: 14

19:26:20.779 [AsyncHttpClient-1-17] DEBUG org.asynchttpclient.netty.channel.ChannelManager - Adding key: http://localhost:65141 for channel [id: 0xbb06eef2, L:/127.0.0.1:56823 - R:localhost/127.0.0.1:65141]
19:26:20.782 [Forwarding setTimeout on session 118eb82bd012e3fc8e733592a598f6ec to remote] DEBUG org.asynchttpclient.netty.request.NettyRequestSender - Using pooled Channel '[id: 0xbb06eef2, L:/127.0.0.1:56823 - R:localhost/127.0.0.1:65141]' for 'POST' to 'http://localhost:65141/session/118eb82bd012e3fc8e733592a598f6ec/timeouts'
19:26:20.782 [Forwarding setTimeout on session 118eb82bd012e3fc8e733592a598f6ec to remote] DEBUG org.asynchttpclient.netty.request.NettyRequestSender - Using open Channel [id: 0xbb06eef2, L:/127.0.0.1:56823 - R:localhost/127.0.0.1:65141] for POST '/session/118eb82bd012e3fc8e733592a598f6ec/timeouts'
19:26:20.784 [AsyncHttpClient-1-17] DEBUG org.asynchttpclient.netty.handler.HttpHandler - 

Request DefaultHttpRequest(decodeResult: success, version: HTTP/1.1)
POST /session/118eb82bd012e3fc8e733592a598f6ec/timeouts HTTP/1.1
User-Agent: selenium/4.1.2 (java windows)
Content-Length: 22
Content-Type: application/json; charset=utf-8
host: localhost:65141
accept: */*

Response DefaultHttpResponse(decodeResult: success, version: HTTP/1.1)
HTTP/1.1 200 OK
Content-Type: application/json; charset=utf-8
cache-control: no-cache
content-length: 14

19:26:20.784 [AsyncHttpClient-1-17] DEBUG org.asynchttpclient.netty.channel.ChannelManager - Adding key: http://localhost:65141 for channel [id: 0xbb06eef2, L:/127.0.0.1:56823 - R:localhost/127.0.0.1:65141]
19:26:20.789 [Forwarding getCurrentUrl on session 118eb82bd012e3fc8e733592a598f6ec to remote] DEBUG org.asynchttpclient.netty.request.NettyRequestSender - Using pooled Channel '[id: 0xbb06eef2, L:/127.0.0.1:56823 - R:localhost/127.0.0.1:65141]' for 'GET' to 'http://localhost:65141/session/118eb82bd012e3fc8e733592a598f6ec/url'
19:26:20.789 [Forwarding getCurrentUrl on session 118eb82bd012e3fc8e733592a598f6ec to remote] DEBUG org.asynchttpclient.netty.request.NettyRequestSender - Using open Channel [id: 0xbb06eef2, L:/127.0.0.1:56823 - R:localhost/127.0.0.1:65141] for GET '/session/118eb82bd012e3fc8e733592a598f6ec/url'
19:26:20.810 [AsyncHttpClient-1-17] DEBUG org.asynchttpclient.netty.handler.HttpHandler - 

Request DefaultFullHttpRequest(decodeResult: success, version: HTTP/1.1, content: EmptyByteBufBE)
GET /session/118eb82bd012e3fc8e733592a598f6ec/url HTTP/1.1
User-Agent: selenium/4.1.2 (java windows)
Cache-Control: no-cache
Content-Type: application/json; charset=utf-8
host: localhost:65141
accept: */*

Response DefaultHttpResponse(decodeResult: success, version: HTTP/1.1)
HTTP/1.1 200 OK
Content-Type: application/json; charset=utf-8
cache-control: no-cache
content-length: 31

19:26:20.810 [AsyncHttpClient-1-17] DEBUG org.asynchttpclient.netty.channel.ChannelManager - Adding key: http://localhost:65141 for channel [id: 0xbb06eef2, L:/127.0.0.1:56823 - R:localhost/127.0.0.1:65141]
19:26:20.817 [Forwarding screenshot on session 118eb82bd012e3fc8e733592a598f6ec to remote] DEBUG org.asynchttpclient.netty.request.NettyRequestSender - Using pooled Channel '[id: 0xbb06eef2, L:/127.0.0.1:56823 - R:localhost/127.0.0.1:65141]' for 'GET' to 'http://localhost:65141/session/118eb82bd012e3fc8e733592a598f6ec/screenshot'
19:26:20.817 [Forwarding screenshot on session 118eb82bd012e3fc8e733592a598f6ec to remote] DEBUG org.asynchttpclient.netty.request.NettyRequestSender - Using open Channel [id: 0xbb06eef2, L:/127.0.0.1:56823 - R:localhost/127.0.0.1:65141] for GET '/session/118eb82bd012e3fc8e733592a598f6ec/screenshot'
19:26:21.108 [AsyncHttpClient-1-1] DEBUG org.asynchttpclient.netty.channel.DefaultChannelPool - Entry count for : http://localhost:56826 : 1
19:26:21.563 [AsyncHttpClient-1-17] DEBUG org.asynchttpclient.netty.handler.HttpHandler - 

Request DefaultFullHttpRequest(decodeResult: success, version: HTTP/1.1, content: EmptyByteBufBE)
GET /session/118eb82bd012e3fc8e733592a598f6ec/screenshot HTTP/1.1
User-Agent: selenium/4.1.2 (java windows)
Cache-Control: no-cache
Content-Type: application/json; charset=utf-8
host: localhost:65141
accept: */*

Response DefaultHttpResponse(decodeResult: success, version: HTTP/1.1)
HTTP/1.1 200 OK
Content-Type: application/json; charset=utf-8
cache-control: no-cache
content-length: 49788

19:26:21.563 [AsyncHttpClient-1-17] DEBUG org.asynchttpclient.netty.channel.ChannelManager - Adding key: http://localhost:65141 for channel [id: 0xbb06eef2, L:/127.0.0.1:56823 - R:localhost/127.0.0.1:65141]
19:26:21.568 [main] DEBUG net.serenitybdd.core.photography.Darkroom - Send negative for processing for target\site\serenity\e6a63c95d3bdf56a788b726a2a4cb3add5c6ed242822e36dd69a8dc52fd32436.png
19:26:21.568 [main] DEBUG net.thucydides.core.steps.StepInterceptor - STEP DONE: openUrl
19:26:21.580 [main] DEBUG net.thucydides.core.steps.StepInterceptor - STARTING STEP: stepdefinition.iAmOnLoginPage - clickIconLogin
19:26:21.588 [Forwarding findElement on session 118eb82bd012e3fc8e733592a598f6ec to remote] DEBUG org.asynchttpclient.netty.request.NettyRequestSender - Using pooled Channel '[id: 0xbb06eef2, L:/127.0.0.1:56823 - R:localhost/127.0.0.1:65141]' for 'POST' to 'http://localhost:65141/session/118eb82bd012e3fc8e733592a598f6ec/element'
19:26:21.588 [Forwarding findElement on session 118eb82bd012e3fc8e733592a598f6ec to remote] DEBUG org.asynchttpclient.netty.request.NettyRequestSender - Using open Channel [id: 0xbb06eef2, L:/127.0.0.1:56823 - R:localhost/127.0.0.1:65141] for POST '/session/118eb82bd012e3fc8e733592a598f6ec/element'
19:26:21.619 [AsyncHttpClient-1-17] DEBUG org.asynchttpclient.netty.handler.HttpHandler - 

Request DefaultHttpRequest(decodeResult: success, version: HTTP/1.1)
POST /session/118eb82bd012e3fc8e733592a598f6ec/element HTTP/1.1
User-Agent: selenium/4.1.2 (java windows)
Content-Length: 170
Content-Type: application/json; charset=utf-8
host: localhost:65141
accept: */*

Response DefaultHttpResponse(decodeResult: success, version: HTTP/1.1)
HTTP/1.1 200 OK
Content-Type: application/json; charset=utf-8
cache-control: no-cache
content-length: 88

19:26:21.619 [AsyncHttpClient-1-17] DEBUG org.asynchttpclient.netty.channel.ChannelManager - Adding key: http://localhost:65141 for channel [id: 0xbb06eef2, L:/127.0.0.1:56823 - R:localhost/127.0.0.1:65141]
19:26:21.624 [Forwarding getElementTagName on session 118eb82bd012e3fc8e733592a598f6ec to remote] DEBUG org.asynchttpclient.netty.request.NettyRequestSender - Using pooled Channel '[id: 0xbb06eef2, L:/127.0.0.1:56823 - R:localhost/127.0.0.1:65141]' for 'GET' to 'http://localhost:65141/session/118eb82bd012e3fc8e733592a598f6ec/element/465538e9-9f1e-4a27-bceb-8dba7d4f61aa/name'
19:26:21.624 [Forwarding getElementTagName on session 118eb82bd012e3fc8e733592a598f6ec to remote] DEBUG org.asynchttpclient.netty.request.NettyRequestSender - Using open Channel [id: 0xbb06eef2, L:/127.0.0.1:56823 - R:localhost/127.0.0.1:65141] for GET '/session/118eb82bd012e3fc8e733592a598f6ec/element/465538e9-9f1e-4a27-bceb-8dba7d4f61aa/name'
19:26:21.634 [AsyncHttpClient-1-17] DEBUG org.asynchttpclient.netty.handler.HttpHandler - 

Request DefaultFullHttpRequest(decodeResult: success, version: HTTP/1.1, content: EmptyByteBufBE)
GET /session/118eb82bd012e3fc8e733592a598f6ec/element/465538e9-9f1e-4a27-bceb-8dba7d4f61aa/name HTTP/1.1
User-Agent: selenium/4.1.2 (java windows)
Cache-Control: no-cache
Content-Type: application/json; charset=utf-8
host: localhost:65141
accept: */*

Response DefaultHttpResponse(decodeResult: success, version: HTTP/1.1)
HTTP/1.1 200 OK
Content-Type: application/json; charset=utf-8
cache-control: no-cache
content-length: 13

19:26:21.634 [AsyncHttpClient-1-17] DEBUG org.asynchttpclient.netty.channel.ChannelManager - Adding key: http://localhost:65141 for channel [id: 0xbb06eef2, L:/127.0.0.1:56823 - R:localhost/127.0.0.1:65141]
19:26:21.639 [Forwarding getElementTagName on session 118eb82bd012e3fc8e733592a598f6ec to remote] DEBUG org.asynchttpclient.netty.request.NettyRequestSender - Using pooled Channel '[id: 0xbb06eef2, L:/127.0.0.1:56823 - R:localhost/127.0.0.1:65141]' for 'GET' to 'http://localhost:65141/session/118eb82bd012e3fc8e733592a598f6ec/element/465538e9-9f1e-4a27-bceb-8dba7d4f61aa/name'
19:26:21.639 [Forwarding getElementTagName on session 118eb82bd012e3fc8e733592a598f6ec to remote] DEBUG org.asynchttpclient.netty.request.NettyRequestSender - Using open Channel [id: 0xbb06eef2, L:/127.0.0.1:56823 - R:localhost/127.0.0.1:65141] for GET '/session/118eb82bd012e3fc8e733592a598f6ec/element/465538e9-9f1e-4a27-bceb-8dba7d4f61aa/name'
19:26:21.647 [AsyncHttpClient-1-17] DEBUG org.asynchttpclient.netty.handler.HttpHandler - 

Request DefaultFullHttpRequest(decodeResult: success, version: HTTP/1.1, content: EmptyByteBufBE)
GET /session/118eb82bd012e3fc8e733592a598f6ec/element/465538e9-9f1e-4a27-bceb-8dba7d4f61aa/name HTTP/1.1
User-Agent: selenium/4.1.2 (java windows)
Cache-Control: no-cache
Content-Type: application/json; charset=utf-8
host: localhost:65141
accept: */*

Response DefaultHttpResponse(decodeResult: success, version: HTTP/1.1)
HTTP/1.1 200 OK
Content-Type: application/json; charset=utf-8
cache-control: no-cache
content-length: 13

19:26:21.649 [AsyncHttpClient-1-17] DEBUG org.asynchttpclient.netty.channel.ChannelManager - Adding key: http://localhost:65141 for channel [id: 0xbb06eef2, L:/127.0.0.1:56823 - R:localhost/127.0.0.1:65141]
19:26:21.654 [Forwarding findElement on session 118eb82bd012e3fc8e733592a598f6ec to remote] DEBUG org.asynchttpclient.netty.request.NettyRequestSender - Using pooled Channel '[id: 0xbb06eef2, L:/127.0.0.1:56823 - R:localhost/127.0.0.1:65141]' for 'POST' to 'http://localhost:65141/session/118eb82bd012e3fc8e733592a598f6ec/element'
19:26:21.654 [Forwarding findElement on session 118eb82bd012e3fc8e733592a598f6ec to remote] DEBUG org.asynchttpclient.netty.request.NettyRequestSender - Using open Channel [id: 0xbb06eef2, L:/127.0.0.1:56823 - R:localhost/127.0.0.1:65141] for POST '/session/118eb82bd012e3fc8e733592a598f6ec/element'
19:26:21.672 [AsyncHttpClient-1-17] DEBUG org.asynchttpclient.netty.handler.HttpHandler - 

Request DefaultHttpRequest(decodeResult: success, version: HTTP/1.1)
POST /session/118eb82bd012e3fc8e733592a598f6ec/element HTTP/1.1
User-Agent: selenium/4.1.2 (java windows)
Content-Length: 170
Content-Type: application/json; charset=utf-8
host: localhost:65141
accept: */*

Response DefaultHttpResponse(decodeResult: success, version: HTTP/1.1)
HTTP/1.1 200 OK
Content-Type: application/json; charset=utf-8
cache-control: no-cache
content-length: 88

19:26:21.672 [AsyncHttpClient-1-17] DEBUG org.asynchttpclient.netty.channel.ChannelManager - Adding key: http://localhost:65141 for channel [id: 0xbb06eef2, L:/127.0.0.1:56823 - R:localhost/127.0.0.1:65141]
19:26:21.674 [Forwarding clickElement on session 118eb82bd012e3fc8e733592a598f6ec to remote] DEBUG org.asynchttpclient.netty.request.NettyRequestSender - Using pooled Channel '[id: 0xbb06eef2, L:/127.0.0.1:56823 - R:localhost/127.0.0.1:65141]' for 'POST' to 'http://localhost:65141/session/118eb82bd012e3fc8e733592a598f6ec/element/465538e9-9f1e-4a27-bceb-8dba7d4f61aa/click'
19:26:21.674 [Forwarding clickElement on session 118eb82bd012e3fc8e733592a598f6ec to remote] DEBUG org.asynchttpclient.netty.request.NettyRequestSender - Using open Channel [id: 0xbb06eef2, L:/127.0.0.1:56823 - R:localhost/127.0.0.1:65141] for POST '/session/118eb82bd012e3fc8e733592a598f6ec/element/465538e9-9f1e-4a27-bceb-8dba7d4f61aa/click'
19:26:21.750 [AsyncHttpClient-1-17] DEBUG org.asynchttpclient.netty.handler.HttpHandler - 

Request DefaultHttpRequest(decodeResult: success, version: HTTP/1.1)
POST /session/118eb82bd012e3fc8e733592a598f6ec/element/465538e9-9f1e-4a27-bceb-8dba7d4f61aa/click HTTP/1.1
User-Agent: selenium/4.1.2 (java windows)
Content-Length: 50
Content-Type: application/json; charset=utf-8
host: localhost:65141
accept: */*

Response DefaultHttpResponse(decodeResult: success, version: HTTP/1.1)
HTTP/1.1 200 OK
Content-Type: application/json; charset=utf-8
cache-control: no-cache
content-length: 14

19:26:21.752 [AsyncHttpClient-1-17] DEBUG org.asynchttpclient.netty.channel.ChannelManager - Adding key: http://localhost:65141 for channel [id: 0xbb06eef2, L:/127.0.0.1:56823 - R:localhost/127.0.0.1:65141]
19:26:21.765 [Forwarding screenshot on session 118eb82bd012e3fc8e733592a598f6ec to remote] DEBUG org.asynchttpclient.netty.request.NettyRequestSender - Using pooled Channel '[id: 0xbb06eef2, L:/127.0.0.1:56823 - R:localhost/127.0.0.1:65141]' for 'GET' to 'http://localhost:65141/session/118eb82bd012e3fc8e733592a598f6ec/screenshot'
19:26:21.765 [Forwarding screenshot on session 118eb82bd012e3fc8e733592a598f6ec to remote] DEBUG org.asynchttpclient.netty.request.NettyRequestSender - Using open Channel [id: 0xbb06eef2, L:/127.0.0.1:56823 - R:localhost/127.0.0.1:65141] for GET '/session/118eb82bd012e3fc8e733592a598f6ec/screenshot'
19:26:22.211 [AsyncHttpClient-1-1] DEBUG org.asynchttpclient.netty.channel.DefaultChannelPool - Entry count for : http://localhost:56826 : 1
19:26:22.253 [AsyncHttpClient-1-17] DEBUG org.asynchttpclient.netty.handler.HttpHandler - 

Request DefaultFullHttpRequest(decodeResult: success, version: HTTP/1.1, content: EmptyByteBufBE)
GET /session/118eb82bd012e3fc8e733592a598f6ec/screenshot HTTP/1.1
User-Agent: selenium/4.1.2 (java windows)
Cache-Control: no-cache
Content-Type: application/json; charset=utf-8
host: localhost:65141
accept: */*

Response DefaultHttpResponse(decodeResult: success, version: HTTP/1.1)
HTTP/1.1 200 OK
Content-Type: application/json; charset=utf-8
cache-control: no-cache
content-length: 40060

19:26:22.253 [AsyncHttpClient-1-17] DEBUG org.asynchttpclient.netty.channel.ChannelManager - Adding key: http://localhost:65141 for channel [id: 0xbb06eef2, L:/127.0.0.1:56823 - R:localhost/127.0.0.1:65141]
19:26:22.258 [main] DEBUG net.serenitybdd.core.photography.Darkroom - Send negative for processing for target\site\serenity\249d494a5941a22357985fddf8d78303522f4fbc00cc04e646a43ac6a8e26239.png
19:26:22.258 [main] DEBUG net.thucydides.core.steps.StepInterceptor - STEP DONE: clickIconLogin
  &amp#27;[32mGiven &amp#27;[0m&amp#27;[32mi am on login page&amp#27;[0m               &amp#27;[90m# starter.stepdefinitions.stepdefinition.iAmOnLoginPage()&amp#27;[0m
19:26:22.291 [main] DEBUG net.thucydides.core.steps.StepInterceptor - STARTING STEP: stepdefinition.iInputUsername - inputUsername
19:26:22.296 [Forwarding findElement on session 118eb82bd012e3fc8e733592a598f6ec to remote] DEBUG org.asynchttpclient.netty.request.NettyRequestSender - Using pooled Channel '[id: 0xbb06eef2, L:/127.0.0.1:56823 - R:localhost/127.0.0.1:65141]' for 'POST' to 'http://localhost:65141/session/118eb82bd012e3fc8e733592a598f6ec/element'
19:26:22.296 [Forwarding findElement on session 118eb82bd012e3fc8e733592a598f6ec to remote] DEBUG org.asynchttpclient.netty.request.NettyRequestSender - Using open Channel [id: 0xbb06eef2, L:/127.0.0.1:56823 - R:localhost/127.0.0.1:65141] for POST '/session/118eb82bd012e3fc8e733592a598f6ec/element'
19:26:22.320 [AsyncHttpClient-1-17] DEBUG org.asynchttpclient.netty.handler.HttpHandler - 

Request DefaultHttpRequest(decodeResult: success, version: HTTP/1.1)
POST /session/118eb82bd012e3fc8e733592a598f6ec/element HTTP/1.1
User-Agent: selenium/4.1.2 (java windows)
Content-Length: 86
Content-Type: application/json; charset=utf-8
host: localhost:65141
accept: */*

Response DefaultHttpResponse(decodeResult: success, version: HTTP/1.1)
HTTP/1.1 200 OK
Content-Type: application/json; charset=utf-8
cache-control: no-cache
content-length: 88

19:26:22.320 [AsyncHttpClient-1-17] DEBUG org.asynchttpclient.netty.channel.ChannelManager - Adding key: http://localhost:65141 for channel [id: 0xbb06eef2, L:/127.0.0.1:56823 - R:localhost/127.0.0.1:65141]
19:26:22.322 [Forwarding clearElement on session 118eb82bd012e3fc8e733592a598f6ec to remote] DEBUG org.asynchttpclient.netty.request.NettyRequestSender - Using pooled Channel '[id: 0xbb06eef2, L:/127.0.0.1:56823 - R:localhost/127.0.0.1:65141]' for 'POST' to 'http://localhost:65141/session/118eb82bd012e3fc8e733592a598f6ec/element/c0c7c97c-6961-41ad-afec-0712660ae48d/clear'
19:26:22.322 [Forwarding clearElement on session 118eb82bd012e3fc8e733592a598f6ec to remote] DEBUG org.asynchttpclient.netty.request.NettyRequestSender - Using open Channel [id: 0xbb06eef2, L:/127.0.0.1:56823 - R:localhost/127.0.0.1:65141] for POST '/session/118eb82bd012e3fc8e733592a598f6ec/element/c0c7c97c-6961-41ad-afec-0712660ae48d/clear'
19:26:22.390 [AsyncHttpClient-1-17] DEBUG org.asynchttpclient.netty.handler.HttpHandler - 

Request DefaultHttpRequest(decodeResult: success, version: HTTP/1.1)
POST /session/118eb82bd012e3fc8e733592a598f6ec/element/c0c7c97c-6961-41ad-afec-0712660ae48d/clear HTTP/1.1
User-Agent: selenium/4.1.2 (java windows)
Content-Length: 50
Content-Type: application/json; charset=utf-8
host: localhost:65141
accept: */*

Response DefaultHttpResponse(decodeResult: success, version: HTTP/1.1)
HTTP/1.1 200 OK
Content-Type: application/json; charset=utf-8
cache-control: no-cache
content-length: 14

19:26:22.390 [AsyncHttpClient-1-17] DEBUG org.asynchttpclient.netty.channel.ChannelManager - Adding key: http://localhost:65141 for channel [id: 0xbb06eef2, L:/127.0.0.1:56823 - R:localhost/127.0.0.1:65141]
19:26:22.395 [Forwarding sendKeysToElement on session 118eb82bd012e3fc8e733592a598f6ec to remote] DEBUG org.asynchttpclient.netty.request.NettyRequestSender - Using pooled Channel '[id: 0xbb06eef2, L:/127.0.0.1:56823 - R:localhost/127.0.0.1:65141]' for 'POST' to 'http://localhost:65141/session/118eb82bd012e3fc8e733592a598f6ec/element/c0c7c97c-6961-41ad-afec-0712660ae48d/value'
19:26:22.395 [Forwarding sendKeysToElement on session 118eb82bd012e3fc8e733592a598f6ec to remote] DEBUG org.asynchttpclient.netty.request.NettyRequestSender - Using open Channel [id: 0xbb06eef2, L:/127.0.0.1:56823 - R:localhost/127.0.0.1:65141] for POST '/session/118eb82bd012e3fc8e733592a598f6ec/element/c0c7c97c-6961-41ad-afec-0712660ae48d/value'
19:26:22.605 [AsyncHttpClient-1-17] DEBUG org.asynchttpclient.netty.handler.HttpHandler - 

Request DefaultHttpRequest(decodeResult: success, version: HTTP/1.1)
POST /session/118eb82bd012e3fc8e733592a598f6ec/element/c0c7c97c-6961-41ad-afec-0712660ae48d/value HTTP/1.1
User-Agent: selenium/4.1.2 (java windows)
Content-Length: 221
Content-Type: application/json; charset=utf-8
host: localhost:65141
accept: */*

Response DefaultHttpResponse(decodeResult: success, version: HTTP/1.1)
HTTP/1.1 200 OK
Content-Type: application/json; charset=utf-8
cache-control: no-cache
content-length: 14

19:26:22.605 [AsyncHttpClient-1-17] DEBUG org.asynchttpclient.netty.channel.ChannelManager - Adding key: http://localhost:65141 for channel [id: 0xbb06eef2, L:/127.0.0.1:56823 - R:localhost/127.0.0.1:65141]
19:26:22.615 [Forwarding screenshot on session 118eb82bd012e3fc8e733592a598f6ec to remote] DEBUG org.asynchttpclient.netty.request.NettyRequestSender - Using pooled Channel '[id: 0xbb06eef2, L:/127.0.0.1:56823 - R:localhost/127.0.0.1:65141]' for 'GET' to 'http://localhost:65141/session/118eb82bd012e3fc8e733592a598f6ec/screenshot'
19:26:22.615 [Forwarding screenshot on session 118eb82bd012e3fc8e733592a598f6ec to remote] DEBUG org.asynchttpclient.netty.request.NettyRequestSender - Using open Channel [id: 0xbb06eef2, L:/127.0.0.1:56823 - R:localhost/127.0.0.1:65141] for GET '/session/118eb82bd012e3fc8e733592a598f6ec/screenshot'
19:26:22.859 [AsyncHttpClient-1-17] DEBUG org.asynchttpclient.netty.handler.HttpHandler - 

Request DefaultFullHttpRequest(decodeResult: success, version: HTTP/1.1, content: EmptyByteBufBE)
GET /session/118eb82bd012e3fc8e733592a598f6ec/screenshot HTTP/1.1
User-Agent: selenium/4.1.2 (java windows)
Cache-Control: no-cache
Content-Type: application/json; charset=utf-8
host: localhost:65141
accept: */*

Response DefaultHttpResponse(decodeResult: success, version: HTTP/1.1)
HTTP/1.1 200 OK
Content-Type: application/json; charset=utf-8
cache-control: no-cache
content-length: 46436

19:26:22.859 [AsyncHttpClient-1-17] DEBUG org.asynchttpclient.netty.channel.ChannelManager - Adding key: http://localhost:65141 for channel [id: 0xbb06eef2, L:/127.0.0.1:56823 - R:localhost/127.0.0.1:65141]
19:26:22.864 [main] DEBUG net.serenitybdd.core.photography.Darkroom - Send negative for processing for target\site\serenity\43af7186c1c2f12195676b8917a879c33fcc9d89ca27f6b63da467a6086d05e4.png
19:26:22.864 [main] DEBUG net.thucydides.core.steps.StepInterceptor - STEP DONE: inputUsername
  &amp#27;[32mWhen &amp#27;[0m&amp#27;[32mi input &amp#27;[0m&amp#27;[32m&amp#27;[1m"glad@gmail.com"&amp#27;[0m&amp#27;[32m username&amp#27;[0m &amp#27;[90m# starter.stepdefinitions.stepdefinition.iInputUsername(java.lang.String)&amp#27;[0m
19:26:22.864 [Darkroom Processing Line] DEBUG net.serenitybdd.core.photography.DarkroomProcessingLine - Processing screenshot image in /var/screenshots/screenshot-14510499767312746472
19:26:22.866 [Darkroom Processing Line] DEBUG net.serenitybdd.core.photography.DarkroomProcessingLine - Saving screenshot to target\site\serenity\43af7186c1c2f12195676b8917a879c33fcc9d89ca27f6b63da467a6086d05e4.png
19:26:22.889 [main] DEBUG net.thucydides.core.steps.StepInterceptor - STARTING STEP: stepdefinition.iInputPassword - inputPassword
19:26:22.891 [Forwarding findElement on session 118eb82bd012e3fc8e733592a598f6ec to remote] DEBUG org.asynchttpclient.netty.request.NettyRequestSender - Using pooled Channel '[id: 0xbb06eef2, L:/127.0.0.1:56823 - R:localhost/127.0.0.1:65141]' for 'POST' to 'http://localhost:65141/session/118eb82bd012e3fc8e733592a598f6ec/element'
19:26:22.894 [Forwarding findElement on session 118eb82bd012e3fc8e733592a598f6ec to remote] DEBUG org.asynchttpclient.netty.request.NettyRequestSender - Using open Channel [id: 0xbb06eef2, L:/127.0.0.1:56823 - R:localhost/127.0.0.1:65141] for POST '/session/118eb82bd012e3fc8e733592a598f6ec/element'
19:26:22.927 [AsyncHttpClient-1-17] DEBUG org.asynchttpclient.netty.handler.HttpHandler - 

Request DefaultHttpRequest(decodeResult: success, version: HTTP/1.1)
POST /session/118eb82bd012e3fc8e733592a598f6ec/element HTTP/1.1
User-Agent: selenium/4.1.2 (java windows)
Content-Length: 89
Content-Type: application/json; charset=utf-8
host: localhost:65141
accept: */*

Response DefaultHttpResponse(decodeResult: success, version: HTTP/1.1)
HTTP/1.1 200 OK
Content-Type: application/json; charset=utf-8
cache-control: no-cache
content-length: 88

19:26:22.927 [AsyncHttpClient-1-17] DEBUG org.asynchttpclient.netty.channel.ChannelManager - Adding key: http://localhost:65141 for channel [id: 0xbb06eef2, L:/127.0.0.1:56823 - R:localhost/127.0.0.1:65141]
19:26:22.934 [Forwarding clearElement on session 118eb82bd012e3fc8e733592a598f6ec to remote] DEBUG org.asynchttpclient.netty.request.NettyRequestSender - Using pooled Channel '[id: 0xbb06eef2, L:/127.0.0.1:56823 - R:localhost/127.0.0.1:65141]' for 'POST' to 'http://localhost:65141/session/118eb82bd012e3fc8e733592a598f6ec/element/bfd5ff59-5ea8-4b8b-86fa-92ef89a54690/clear'
19:26:22.934 [Forwarding clearElement on session 118eb82bd012e3fc8e733592a598f6ec to remote] DEBUG org.asynchttpclient.netty.request.NettyRequestSender - Using open Channel [id: 0xbb06eef2, L:/127.0.0.1:56823 - R:localhost/127.0.0.1:65141] for POST '/session/118eb82bd012e3fc8e733592a598f6ec/element/bfd5ff59-5ea8-4b8b-86fa-92ef89a54690/clear'
19:26:22.992 [AsyncHttpClient-1-17] DEBUG org.asynchttpclient.netty.handler.HttpHandler - 

Request DefaultHttpRequest(decodeResult: success, version: HTTP/1.1)
POST /session/118eb82bd012e3fc8e733592a598f6ec/element/bfd5ff59-5ea8-4b8b-86fa-92ef89a54690/clear HTTP/1.1
User-Agent: selenium/4.1.2 (java windows)
Content-Length: 50
Content-Type: application/json; charset=utf-8
host: localhost:65141
accept: */*

Response DefaultHttpResponse(decodeResult: success, version: HTTP/1.1)
HTTP/1.1 200 OK
Content-Type: application/json; charset=utf-8
cache-control: no-cache
content-length: 14

19:26:22.992 [AsyncHttpClient-1-17] DEBUG org.asynchttpclient.netty.channel.ChannelManager - Adding key: http://localhost:65141 for channel [id: 0xbb06eef2, L:/127.0.0.1:56823 - R:localhost/127.0.0.1:65141]
19:26:22.999 [Forwarding sendKeysToElement on session 118eb82bd012e3fc8e733592a598f6ec to remote] DEBUG org.asynchttpclient.netty.request.NettyRequestSender - Using pooled Channel '[id: 0xbb06eef2, L:/127.0.0.1:56823 - R:localhost/127.0.0.1:65141]' for 'POST' to 'http://localhost:65141/session/118eb82bd012e3fc8e733592a598f6ec/element/bfd5ff59-5ea8-4b8b-86fa-92ef89a54690/value'
19:26:22.999 [Forwarding sendKeysToElement on session 118eb82bd012e3fc8e733592a598f6ec to remote] DEBUG org.asynchttpclient.netty.request.NettyRequestSender - Using open Channel [id: 0xbb06eef2, L:/127.0.0.1:56823 - R:localhost/127.0.0.1:65141] for POST '/session/118eb82bd012e3fc8e733592a598f6ec/element/bfd5ff59-5ea8-4b8b-86fa-92ef89a54690/value'
19:26:23.181 [AsyncHttpClient-1-17] DEBUG org.asynchttpclient.netty.handler.HttpHandler - 

Request DefaultHttpRequest(decodeResult: success, version: HTTP/1.1)
POST /session/118eb82bd012e3fc8e733592a598f6ec/element/bfd5ff59-5ea8-4b8b-86fa-92ef89a54690/value HTTP/1.1
User-Agent: selenium/4.1.2 (java windows)
Content-Length: 211
Content-Type: application/json; charset=utf-8
host: localhost:65141
accept: */*

Response DefaultHttpResponse(decodeResult: success, version: HTTP/1.1)
HTTP/1.1 200 OK
Content-Type: application/json; charset=utf-8
cache-control: no-cache
content-length: 14

19:26:23.181 [AsyncHttpClient-1-17] DEBUG org.asynchttpclient.netty.channel.ChannelManager - Adding key: http://localhost:65141 for channel [id: 0xbb06eef2, L:/127.0.0.1:56823 - R:localhost/127.0.0.1:65141]
19:26:23.202 [Forwarding screenshot on session 118eb82bd012e3fc8e733592a598f6ec to remote] DEBUG org.asynchttpclient.netty.request.NettyRequestSender - Using pooled Channel '[id: 0xbb06eef2, L:/127.0.0.1:56823 - R:localhost/127.0.0.1:65141]' for 'GET' to 'http://localhost:65141/session/118eb82bd012e3fc8e733592a598f6ec/screenshot'
19:26:23.202 [Forwarding screenshot on session 118eb82bd012e3fc8e733592a598f6ec to remote] DEBUG org.asynchttpclient.netty.request.NettyRequestSender - Using open Channel [id: 0xbb06eef2, L:/127.0.0.1:56823 - R:localhost/127.0.0.1:65141] for GET '/session/118eb82bd012e3fc8e733592a598f6ec/screenshot'
19:26:23.309 [AsyncHttpClient-1-1] DEBUG org.asynchttpclient.netty.channel.DefaultChannelPool - Entry count for : http://localhost:56826 : 1
19:26:23.429 [AsyncHttpClient-1-17] DEBUG org.asynchttpclient.netty.handler.HttpHandler - 

Request DefaultFullHttpRequest(decodeResult: success, version: HTTP/1.1, content: EmptyByteBufBE)
GET /session/118eb82bd012e3fc8e733592a598f6ec/screenshot HTTP/1.1
User-Agent: selenium/4.1.2 (java windows)
Cache-Control: no-cache
Content-Type: application/json; charset=utf-8
host: localhost:65141
accept: */*

Response DefaultHttpResponse(decodeResult: success, version: HTTP/1.1)
HTTP/1.1 200 OK
Content-Type: application/json; charset=utf-8
cache-control: no-cache
content-length: 50080

19:26:23.432 [AsyncHttpClient-1-17] DEBUG org.asynchttpclient.netty.channel.ChannelManager - Adding key: http://localhost:65141 for channel [id: 0xbb06eef2, L:/127.0.0.1:56823 - R:localhost/127.0.0.1:65141]
19:26:23.437 [main] DEBUG net.serenitybdd.core.photography.Darkroom - Send negative for processing for target\site\serenity\3bb99b0baee6daa44742e88bf54ac96d54637dcdca12e8712250cfcaa665d52f.png
19:26:23.437 [main] DEBUG net.thucydides.core.steps.StepInterceptor - STEP DONE: inputPassword
19:26:23.437 [Darkroom Processing Line] DEBUG net.serenitybdd.core.photography.DarkroomProcessingLine - Processing screenshot image in /var/screenshots/screenshot-8816759469274062748
19:26:23.437 [Darkroom Processing Line] DEBUG net.serenitybdd.core.photography.DarkroomProcessingLine - Saving screenshot to target\site\serenity\3bb99b0baee6daa44742e88bf54ac96d54637dcdca12e8712250cfcaa665d52f.png
  &amp#27;[32mAnd &amp#27;[0m&amp#27;[32mi input &amp#27;[0m&amp#27;[32m&amp#27;[1m"realgladz1511"&amp#27;[0m&amp#27;[32m password&amp#27;[0m   &amp#27;[90m# starter.stepdefinitions.stepdefinition.iInputPassword(java.lang.String)&amp#27;[0m
19:26:23.467 [main] DEBUG net.thucydides.core.steps.StepInterceptor - STARTING STEP: stepdefinition.clickLoginButton - clickLogin
19:26:23.472 [Forwarding findElement on session 118eb82bd012e3fc8e733592a598f6ec to remote] DEBUG org.asynchttpclient.netty.request.NettyRequestSender - Using pooled Channel '[id: 0xbb06eef2, L:/127.0.0.1:56823 - R:localhost/127.0.0.1:65141]' for 'POST' to 'http://localhost:65141/session/118eb82bd012e3fc8e733592a598f6ec/element'
19:26:23.472 [Forwarding findElement on session 118eb82bd012e3fc8e733592a598f6ec to remote] DEBUG org.asynchttpclient.netty.request.NettyRequestSender - Using open Channel [id: 0xbb06eef2, L:/127.0.0.1:56823 - R:localhost/127.0.0.1:65141] for POST '/session/118eb82bd012e3fc8e733592a598f6ec/element'
19:26:23.498 [AsyncHttpClient-1-17] DEBUG org.asynchttpclient.netty.handler.HttpHandler - 

Request DefaultHttpRequest(decodeResult: success, version: HTTP/1.1)
POST /session/118eb82bd012e3fc8e733592a598f6ec/element HTTP/1.1
User-Agent: selenium/4.1.2 (java windows)
Content-Length: 72
Content-Type: application/json; charset=utf-8
host: localhost:65141
accept: */*

Response DefaultHttpResponse(decodeResult: success, version: HTTP/1.1)
HTTP/1.1 200 OK
Content-Type: application/json; charset=utf-8
cache-control: no-cache
content-length: 88

19:26:23.498 [AsyncHttpClient-1-17] DEBUG org.asynchttpclient.netty.channel.ChannelManager - Adding key: http://localhost:65141 for channel [id: 0xbb06eef2, L:/127.0.0.1:56823 - R:localhost/127.0.0.1:65141]
19:26:23.503 [Forwarding getElementTagName on session 118eb82bd012e3fc8e733592a598f6ec to remote] DEBUG org.asynchttpclient.netty.request.NettyRequestSender - Using pooled Channel '[id: 0xbb06eef2, L:/127.0.0.1:56823 - R:localhost/127.0.0.1:65141]' for 'GET' to 'http://localhost:65141/session/118eb82bd012e3fc8e733592a598f6ec/element/708b9ab7-8d3d-49bd-a5e3-7a0704ab2a62/name'
19:26:23.503 [Forwarding getElementTagName on session 118eb82bd012e3fc8e733592a598f6ec to remote] DEBUG org.asynchttpclient.netty.request.NettyRequestSender - Using open Channel [id: 0xbb06eef2, L:/127.0.0.1:56823 - R:localhost/127.0.0.1:65141] for GET '/session/118eb82bd012e3fc8e733592a598f6ec/element/708b9ab7-8d3d-49bd-a5e3-7a0704ab2a62/name'
19:26:23.510 [AsyncHttpClient-1-17] DEBUG org.asynchttpclient.netty.handler.HttpHandler - 

Request DefaultFullHttpRequest(decodeResult: success, version: HTTP/1.1, content: EmptyByteBufBE)
GET /session/118eb82bd012e3fc8e733592a598f6ec/element/708b9ab7-8d3d-49bd-a5e3-7a0704ab2a62/name HTTP/1.1
User-Agent: selenium/4.1.2 (java windows)
Cache-Control: no-cache
Content-Type: application/json; charset=utf-8
host: localhost:65141
accept: */*

Response DefaultHttpResponse(decodeResult: success, version: HTTP/1.1)
HTTP/1.1 200 OK
Content-Type: application/json; charset=utf-8
cache-control: no-cache
content-length: 18

19:26:23.512 [AsyncHttpClient-1-17] DEBUG org.asynchttpclient.netty.channel.ChannelManager - Adding key: http://localhost:65141 for channel [id: 0xbb06eef2, L:/127.0.0.1:56823 - R:localhost/127.0.0.1:65141]
19:26:23.515 [Forwarding getElementTagName on session 118eb82bd012e3fc8e733592a598f6ec to remote] DEBUG org.asynchttpclient.netty.request.NettyRequestSender - Using pooled Channel '[id: 0xbb06eef2, L:/127.0.0.1:56823 - R:localhost/127.0.0.1:65141]' for 'GET' to 'http://localhost:65141/session/118eb82bd012e3fc8e733592a598f6ec/element/708b9ab7-8d3d-49bd-a5e3-7a0704ab2a62/name'
19:26:23.517 [Forwarding getElementTagName on session 118eb82bd012e3fc8e733592a598f6ec to remote] DEBUG org.asynchttpclient.netty.request.NettyRequestSender - Using open Channel [id: 0xbb06eef2, L:/127.0.0.1:56823 - R:localhost/127.0.0.1:65141] for GET '/session/118eb82bd012e3fc8e733592a598f6ec/element/708b9ab7-8d3d-49bd-a5e3-7a0704ab2a62/name'
19:26:23.523 [AsyncHttpClient-1-17] DEBUG org.asynchttpclient.netty.handler.HttpHandler - 

Request DefaultFullHttpRequest(decodeResult: success, version: HTTP/1.1, content: EmptyByteBufBE)
GET /session/118eb82bd012e3fc8e733592a598f6ec/element/708b9ab7-8d3d-49bd-a5e3-7a0704ab2a62/name HTTP/1.1
User-Agent: selenium/4.1.2 (java windows)
Cache-Control: no-cache
Content-Type: application/json; charset=utf-8
host: localhost:65141
accept: */*

Response DefaultHttpResponse(decodeResult: success, version: HTTP/1.1)
HTTP/1.1 200 OK
Content-Type: application/json; charset=utf-8
cache-control: no-cache
content-length: 18

19:26:23.523 [AsyncHttpClient-1-17] DEBUG org.asynchttpclient.netty.channel.ChannelManager - Adding key: http://localhost:65141 for channel [id: 0xbb06eef2, L:/127.0.0.1:56823 - R:localhost/127.0.0.1:65141]
19:26:23.528 [Forwarding isElementEnabled on session 118eb82bd012e3fc8e733592a598f6ec to remote] DEBUG org.asynchttpclient.netty.request.NettyRequestSender - Using pooled Channel '[id: 0xbb06eef2, L:/127.0.0.1:56823 - R:localhost/127.0.0.1:65141]' for 'GET' to 'http://localhost:65141/session/118eb82bd012e3fc8e733592a598f6ec/element/708b9ab7-8d3d-49bd-a5e3-7a0704ab2a62/enabled'
19:26:23.528 [Forwarding isElementEnabled on session 118eb82bd012e3fc8e733592a598f6ec to remote] DEBUG org.asynchttpclient.netty.request.NettyRequestSender - Using open Channel [id: 0xbb06eef2, L:/127.0.0.1:56823 - R:localhost/127.0.0.1:65141] for GET '/session/118eb82bd012e3fc8e733592a598f6ec/element/708b9ab7-8d3d-49bd-a5e3-7a0704ab2a62/enabled'
19:26:23.543 [AsyncHttpClient-1-17] DEBUG org.asynchttpclient.netty.handler.HttpHandler - 

Request DefaultFullHttpRequest(decodeResult: success, version: HTTP/1.1, content: EmptyByteBufBE)
GET /session/118eb82bd012e3fc8e733592a598f6ec/element/708b9ab7-8d3d-49bd-a5e3-7a0704ab2a62/enabled HTTP/1.1
User-Agent: selenium/4.1.2 (java windows)
Cache-Control: no-cache
Content-Type: application/json; charset=utf-8
host: localhost:65141
accept: */*

Response DefaultHttpResponse(decodeResult: success, version: HTTP/1.1)
HTTP/1.1 200 OK
Content-Type: application/json; charset=utf-8
cache-control: no-cache
content-length: 14

19:26:23.546 [AsyncHttpClient-1-17] DEBUG org.asynchttpclient.netty.channel.ChannelManager - Adding key: http://localhost:65141 for channel [id: 0xbb06eef2, L:/127.0.0.1:56823 - R:localhost/127.0.0.1:65141]
19:26:23.551 [Forwarding isElementEnabled on session 118eb82bd012e3fc8e733592a598f6ec to remote] DEBUG org.asynchttpclient.netty.request.NettyRequestSender - Using pooled Channel '[id: 0xbb06eef2, L:/127.0.0.1:56823 - R:localhost/127.0.0.1:65141]' for 'GET' to 'http://localhost:65141/session/118eb82bd012e3fc8e733592a598f6ec/element/708b9ab7-8d3d-49bd-a5e3-7a0704ab2a62/enabled'
19:26:23.551 [Forwarding isElementEnabled on session 118eb82bd012e3fc8e733592a598f6ec to remote] DEBUG org.asynchttpclient.netty.request.NettyRequestSender - Using open Channel [id: 0xbb06eef2, L:/127.0.0.1:56823 - R:localhost/127.0.0.1:65141] for GET '/session/118eb82bd012e3fc8e733592a598f6ec/element/708b9ab7-8d3d-49bd-a5e3-7a0704ab2a62/enabled'
19:26:23.561 [AsyncHttpClient-1-17] DEBUG org.asynchttpclient.netty.handler.HttpHandler - 

Request DefaultFullHttpRequest(decodeResult: success, version: HTTP/1.1, content: EmptyByteBufBE)
GET /session/118eb82bd012e3fc8e733592a598f6ec/element/708b9ab7-8d3d-49bd-a5e3-7a0704ab2a62/enabled HTTP/1.1
User-Agent: selenium/4.1.2 (java windows)
Cache-Control: no-cache
Content-Type: application/json; charset=utf-8
host: localhost:65141
accept: */*

Response DefaultHttpResponse(decodeResult: success, version: HTTP/1.1)
HTTP/1.1 200 OK
Content-Type: application/json; charset=utf-8
cache-control: no-cache
content-length: 14

19:26:23.561 [AsyncHttpClient-1-17] DEBUG org.asynchttpclient.netty.channel.ChannelManager - Adding key: http://localhost:65141 for channel [id: 0xbb06eef2, L:/127.0.0.1:56823 - R:localhost/127.0.0.1:65141]
19:26:23.569 [Forwarding findElement on session 118eb82bd012e3fc8e733592a598f6ec to remote] DEBUG org.asynchttpclient.netty.request.NettyRequestSender - Using pooled Channel '[id: 0xbb06eef2, L:/127.0.0.1:56823 - R:localhost/127.0.0.1:65141]' for 'POST' to 'http://localhost:65141/session/118eb82bd012e3fc8e733592a598f6ec/element'
19:26:23.569 [Forwarding findElement on session 118eb82bd012e3fc8e733592a598f6ec to remote] DEBUG org.asynchttpclient.netty.request.NettyRequestSender - Using open Channel [id: 0xbb06eef2, L:/127.0.0.1:56823 - R:localhost/127.0.0.1:65141] for POST '/session/118eb82bd012e3fc8e733592a598f6ec/element'
19:26:23.581 [AsyncHttpClient-1-17] DEBUG org.asynchttpclient.netty.handler.HttpHandler - 

Request DefaultHttpRequest(decodeResult: success, version: HTTP/1.1)
POST /session/118eb82bd012e3fc8e733592a598f6ec/element HTTP/1.1
User-Agent: selenium/4.1.2 (java windows)
Content-Length: 72
Content-Type: application/json; charset=utf-8
host: localhost:65141
accept: */*

Response DefaultHttpResponse(decodeResult: success, version: HTTP/1.1)
HTTP/1.1 200 OK
Content-Type: application/json; charset=utf-8
cache-control: no-cache
content-length: 88

19:26:23.581 [AsyncHttpClient-1-17] DEBUG org.asynchttpclient.netty.channel.ChannelManager - Adding key: http://localhost:65141 for channel [id: 0xbb06eef2, L:/127.0.0.1:56823 - R:localhost/127.0.0.1:65141]
19:26:23.586 [Forwarding clickElement on session 118eb82bd012e3fc8e733592a598f6ec to remote] DEBUG org.asynchttpclient.netty.request.NettyRequestSender - Using pooled Channel '[id: 0xbb06eef2, L:/127.0.0.1:56823 - R:localhost/127.0.0.1:65141]' for 'POST' to 'http://localhost:65141/session/118eb82bd012e3fc8e733592a598f6ec/element/708b9ab7-8d3d-49bd-a5e3-7a0704ab2a62/click'
19:26:23.586 [Forwarding clickElement on session 118eb82bd012e3fc8e733592a598f6ec to remote] DEBUG org.asynchttpclient.netty.request.NettyRequestSender - Using open Channel [id: 0xbb06eef2, L:/127.0.0.1:56823 - R:localhost/127.0.0.1:65141] for POST '/session/118eb82bd012e3fc8e733592a598f6ec/element/708b9ab7-8d3d-49bd-a5e3-7a0704ab2a62/click'
19:26:23.664 [AsyncHttpClient-1-17] DEBUG org.asynchttpclient.netty.handler.HttpHandler - 

Request DefaultHttpRequest(decodeResult: success, version: HTTP/1.1)
POST /session/118eb82bd012e3fc8e733592a598f6ec/element/708b9ab7-8d3d-49bd-a5e3-7a0704ab2a62/click HTTP/1.1
User-Agent: selenium/4.1.2 (java windows)
Content-Length: 50
Content-Type: application/json; charset=utf-8
host: localhost:65141
accept: */*

Response DefaultHttpResponse(decodeResult: success, version: HTTP/1.1)
HTTP/1.1 200 OK
Content-Type: application/json; charset=utf-8
cache-control: no-cache
content-length: 14

19:26:23.664 [AsyncHttpClient-1-17] DEBUG org.asynchttpclient.netty.channel.ChannelManager - Adding key: http://localhost:65141 for channel [id: 0xbb06eef2, L:/127.0.0.1:56823 - R:localhost/127.0.0.1:65141]
19:26:23.681 [Forwarding screenshot on session 118eb82bd012e3fc8e733592a598f6ec to remote] DEBUG org.asynchttpclient.netty.request.NettyRequestSender - Using pooled Channel '[id: 0xbb06eef2, L:/127.0.0.1:56823 - R:localhost/127.0.0.1:65141]' for 'GET' to 'http://localhost:65141/session/118eb82bd012e3fc8e733592a598f6ec/screenshot'
19:26:23.682 [Forwarding screenshot on session 118eb82bd012e3fc8e733592a598f6ec to remote] DEBUG org.asynchttpclient.netty.request.NettyRequestSender - Using open Channel [id: 0xbb06eef2, L:/127.0.0.1:56823 - R:localhost/127.0.0.1:65141] for GET '/session/118eb82bd012e3fc8e733592a598f6ec/screenshot'
19:26:24.101 [AsyncHttpClient-1-17] DEBUG org.asynchttpclient.netty.handler.HttpHandler - 

Request DefaultFullHttpRequest(decodeResult: success, version: HTTP/1.1, content: EmptyByteBufBE)
GET /session/118eb82bd012e3fc8e733592a598f6ec/screenshot HTTP/1.1
User-Agent: selenium/4.1.2 (java windows)
Cache-Control: no-cache
Content-Type: application/json; charset=utf-8
host: localhost:65141
accept: */*

Response DefaultHttpResponse(decodeResult: success, version: HTTP/1.1)
HTTP/1.1 200 OK
Content-Type: application/json; charset=utf-8
cache-control: no-cache
content-length: 48792

19:26:24.101 [AsyncHttpClient-1-17] DEBUG org.asynchttpclient.netty.channel.ChannelManager - Adding key: http://localhost:65141 for channel [id: 0xbb06eef2, L:/127.0.0.1:56823 - R:localhost/127.0.0.1:65141]
19:26:24.106 [main] DEBUG net.serenitybdd.core.photography.Darkroom - Send negative for processing for target\site\serenity\6f6bba25920eedad5344a394e264a0a6f421040fe953ac68dd79ae0b25d0fd25.png
19:26:24.106 [main] DEBUG net.thucydides.core.steps.StepInterceptor - STEP DONE: clickLogin
19:26:24.106 [Darkroom Processing Line] DEBUG net.serenitybdd.core.photography.DarkroomProcessingLine - Processing screenshot image in /var/screenshots/screenshot-9050389191889263633
  &amp#27;[32mAnd &amp#27;[0m&amp#27;[32mclick login button&amp#27;[0m                 &amp#27;[90m# starter.stepdefinitions.stepdefinition.clickLoginButton()&amp#27;[0m
19:26:24.106 [Darkroom Processing Line] DEBUG net.serenitybdd.core.photography.DarkroomProcessingLine - Saving screenshot to target\site\serenity\6f6bba25920eedad5344a394e264a0a6f421040fe953ac68dd79ae0b25d0fd25.png
19:26:24.137 [main] DEBUG net.thucydides.core.steps.StepInterceptor - STARTING STEP: stepdefinition.iGetThe - validateLoginApp
19:26:24.142 [Forwarding findElement on session 118eb82bd012e3fc8e733592a598f6ec to remote] DEBUG org.asynchttpclient.netty.request.NettyRequestSender - Using pooled Channel '[id: 0xbb06eef2, L:/127.0.0.1:56823 - R:localhost/127.0.0.1:65141]' for 'POST' to 'http://localhost:65141/session/118eb82bd012e3fc8e733592a598f6ec/element'
19:26:24.142 [Forwarding findElement on session 118eb82bd012e3fc8e733592a598f6ec to remote] DEBUG org.asynchttpclient.netty.request.NettyRequestSender - Using open Channel [id: 0xbb06eef2, L:/127.0.0.1:56823 - R:localhost/127.0.0.1:65141] for POST '/session/118eb82bd012e3fc8e733592a598f6ec/element'
19:26:24.147 [AsyncHttpClient-1-17] DEBUG org.asynchttpclient.netty.handler.HttpHandler - 

Request DefaultHttpRequest(decodeResult: success, version: HTTP/1.1)
POST /session/118eb82bd012e3fc8e733592a598f6ec/element HTTP/1.1
User-Agent: selenium/4.1.2 (java windows)
Content-Length: 50
Content-Type: application/json; charset=utf-8
host: localhost:65141
accept: */*

Response DefaultHttpResponse(decodeResult: success, version: HTTP/1.1)
HTTP/1.1 400 Bad Request
Content-Type: application/json; charset=utf-8
cache-control: no-cache
content-length: 958

19:26:24.150 [AsyncHttpClient-1-17] DEBUG org.asynchttpclient.netty.channel.ChannelManager - Adding key: http://localhost:65141 for channel [id: 0xbb06eef2, L:/127.0.0.1:56823 - R:localhost/127.0.0.1:65141]
19:26:24.152 [Forwarding findElement on session 118eb82bd012e3fc8e733592a598f6ec to remote] DEBUG org.asynchttpclient.netty.request.NettyRequestSender - Using pooled Channel '[id: 0xbb06eef2, L:/127.0.0.1:56823 - R:localhost/127.0.0.1:65141]' for 'POST' to 'http://localhost:65141/session/118eb82bd012e3fc8e733592a598f6ec/element'
19:26:24.152 [Forwarding findElement on session 118eb82bd012e3fc8e733592a598f6ec to remote] DEBUG org.asynchttpclient.netty.request.NettyRequestSender - Using open Channel [id: 0xbb06eef2, L:/127.0.0.1:56823 - R:localhost/127.0.0.1:65141] for POST '/session/118eb82bd012e3fc8e733592a598f6ec/element'
19:26:24.173 [AsyncHttpClient-1-17] DEBUG org.asynchttpclient.netty.handler.HttpHandler - 

Request DefaultHttpRequest(decodeResult: success, version: HTTP/1.1)
POST /session/118eb82bd012e3fc8e733592a598f6ec/element HTTP/1.1
User-Agent: selenium/4.1.2 (java windows)
Content-Length: 60
Content-Type: application/json; charset=utf-8
host: localhost:65141
accept: */*

Response DefaultHttpResponse(decodeResult: success, version: HTTP/1.1)
HTTP/1.1 200 OK
Content-Type: application/json; charset=utf-8
cache-control: no-cache
content-length: 88

19:26:24.173 [AsyncHttpClient-1-17] DEBUG org.asynchttpclient.netty.channel.ChannelManager - Adding key: http://localhost:65141 for channel [id: 0xbb06eef2, L:/127.0.0.1:56823 - R:localhost/127.0.0.1:65141]
19:26:24.178 [Forwarding isElementDisplayed on session 118eb82bd012e3fc8e733592a598f6ec to remote] DEBUG org.asynchttpclient.netty.request.NettyRequestSender - Using pooled Channel '[id: 0xbb06eef2, L:/127.0.0.1:56823 - R:localhost/127.0.0.1:65141]' for 'POST' to 'http://localhost:65141/session/118eb82bd012e3fc8e733592a598f6ec/execute/sync'
19:26:24.178 [Forwarding isElementDisplayed on session 118eb82bd012e3fc8e733592a598f6ec to remote] DEBUG org.asynchttpclient.netty.request.NettyRequestSender - Using open Channel [id: 0xbb06eef2, L:/127.0.0.1:56823 - R:localhost/127.0.0.1:65141] for POST '/session/118eb82bd012e3fc8e733592a598f6ec/execute/sync'
19:26:24.207 [AsyncHttpClient-1-17] DEBUG org.asynchttpclient.netty.handler.HttpHandler - 

Request DefaultHttpRequest(decodeResult: success, version: HTTP/1.1)
POST /session/118eb82bd012e3fc8e733592a598f6ec/execute/sync HTTP/1.1
User-Agent: selenium/4.1.2 (java windows)
Content-Length: 48780
Content-Type: application/json; charset=utf-8
host: localhost:65141
accept: */*

Response DefaultHttpResponse(decodeResult: success, version: HTTP/1.1)
HTTP/1.1 200 OK
Content-Type: application/json; charset=utf-8
cache-control: no-cache
content-length: 14

19:26:24.207 [AsyncHttpClient-1-17] DEBUG org.asynchttpclient.netty.channel.ChannelManager - Adding key: http://localhost:65141 for channel [id: 0xbb06eef2, L:/127.0.0.1:56823 - R:localhost/127.0.0.1:65141]
19:26:24.213 [Forwarding screenshot on session 118eb82bd012e3fc8e733592a598f6ec to remote] DEBUG org.asynchttpclient.netty.request.NettyRequestSender - Using pooled Channel '[id: 0xbb06eef2, L:/127.0.0.1:56823 - R:localhost/127.0.0.1:65141]' for 'GET' to 'http://localhost:65141/session/118eb82bd012e3fc8e733592a598f6ec/screenshot'
19:26:24.213 [Forwarding screenshot on session 118eb82bd012e3fc8e733592a598f6ec to remote] DEBUG org.asynchttpclient.netty.request.NettyRequestSender - Using open Channel [id: 0xbb06eef2, L:/127.0.0.1:56823 - R:localhost/127.0.0.1:65141] for GET '/session/118eb82bd012e3fc8e733592a598f6ec/screenshot'
19:26:24.420 [AsyncHttpClient-1-17] DEBUG org.asynchttpclient.netty.handler.HttpHandler - 

Request DefaultFullHttpRequest(decodeResult: success, version: HTTP/1.1, content: EmptyByteBufBE)
GET /session/118eb82bd012e3fc8e733592a598f6ec/screenshot HTTP/1.1
User-Agent: selenium/4.1.2 (java windows)
Cache-Control: no-cache
Content-Type: application/json; charset=utf-8
host: localhost:65141
accept: */*

Response DefaultHttpResponse(decodeResult: success, version: HTTP/1.1)
HTTP/1.1 200 OK
Content-Type: application/json; charset=utf-8
cache-control: no-cache
content-length: 54232

19:26:24.420 [AsyncHttpClient-1-17] DEBUG org.asynchttpclient.netty.channel.ChannelManager - Adding key: http://localhost:65141 for channel [id: 0xbb06eef2, L:/127.0.0.1:56823 - R:localhost/127.0.0.1:65141]
19:26:24.425 [main] DEBUG net.serenitybdd.core.photography.Darkroom - Send negative for processing for target\site\serenity\c6b76b2ef2104777abcc644646101e2333579984b91020eadb71d329e3ab49da.png
19:26:24.425 [main] DEBUG net.thucydides.core.steps.StepInterceptor - STEP DONE: validateLoginApp
19:26:24.425 [Darkroom Processing Line] DEBUG net.serenitybdd.core.photography.DarkroomProcessingLine - Processing screenshot image in /var/screenshots/screenshot-99514265535140343
19:26:24.425 [Darkroom Processing Line] DEBUG net.serenitybdd.core.photography.DarkroomProcessingLine - Saving screenshot to target\site\serenity\c6b76b2ef2104777abcc644646101e2333579984b91020eadb71d329e3ab49da.png
19:26:24.433 [main] DEBUG net.thucydides.core.steps.StepInterceptor - STARTING STEP: stepdefinition.iGetThe - displayErrorMessage
19:26:24.438 [main] DEBUG net.thucydides.core.steps.StepInterceptor - STEP DONE: displayErrorMessage
  &amp#27;[32mThen &amp#27;[0m&amp#27;[32mi get the &amp#27;[0m&amp#27;[32m&amp#27;[1m"Login Page"&amp#27;[0m            &amp#27;[90m# starter.stepdefinitions.stepdefinition.iGetThe(java.lang.String)&amp#27;[0m
19:26:24.453 [AsyncHttpClient-1-3] DEBUG org.asynchttpclient.netty.handler.WebSocketHandler - Channel Closed: [id: 0x753ee8ab, L:/127.0.0.1:56834 ! R:localhost/127.0.0.1:56826] with attribute NettyResponseFuture{currentRetry=5,
	isDone=1,
	isCancelled=0,
	asyncHandler=org.asynchttpclient.ws.WebSocketUpgradeHandler@3679b997,
	nettyRequest=org.asynchttpclient.netty.request.NettyRequest@592039d4,
	future=java.util.concurrent.CompletableFuture@4f674ee[Completed normally],
	uri=ws://localhost:56826/devtools/browser/a4fc7698-f8b3-46c7-85f3-2222914c4f7d,
	keepAlive=true,
	redirectCount=0,
	timeoutsHolder=null,
	inAuth=0,
	touch=1651321573430}
19:26:24.453 [AsyncHttpClient-1-3] DEBUG org.asynchttpclient.netty.channel.ChannelManager - Closing Channel [id: 0x753ee8ab, L:/127.0.0.1:56834 ! R:localhost/127.0.0.1:56826] 
19:26:24.453 [Driver Command Executor] DEBUG org.asynchttpclient.netty.request.NettyRequestSender - Using pooled Channel '[id: 0xbb06eef2, L:/127.0.0.1:56823 - R:localhost/127.0.0.1:65141]' for 'DELETE' to 'http://localhost:65141/session/118eb82bd012e3fc8e733592a598f6ec'
19:26:24.453 [Driver Command Executor] DEBUG org.asynchttpclient.netty.request.NettyRequestSender - Using open Channel [id: 0xbb06eef2, L:/127.0.0.1:56823 - R:localhost/127.0.0.1:65141] for DELETE '/session/118eb82bd012e3fc8e733592a598f6ec'
19:26:24.470 [AsyncHttpClient-1-1] DEBUG org.asynchttpclient.netty.channel.DefaultChannelPool - Entry count for : http://localhost:56826 : 1
19:26:24.508 [AsyncHttpClient-1-2] DEBUG org.asynchttpclient.netty.handler.HttpHandler - Unexpected I/O exception on channel [id: 0x2282bc43, L:/127.0.0.1:56833 - R:localhost/127.0.0.1:56826]
java.net.SocketException: Connection reset
	at java.base/sun.nio.ch.SocketChannelImpl.throwConnectionReset(SocketChannelImpl.java:367)
	at java.base/sun.nio.ch.SocketChannelImpl.read(SocketChannelImpl.java:398)
	at io.netty.buffer.PooledByteBuf.setBytes(PooledByteBuf.java:258)
	at io.netty.buffer.AbstractByteBuf.writeBytes(AbstractByteBuf.java:1132)
	at io.netty.channel.socket.nio.NioSocketChannel.doReadBytes(NioSocketChannel.java:350)
	at io.netty.channel.nio.AbstractNioByteChannel$NioByteUnsafe.read(AbstractNioByteChannel.java:151)
	at io.netty.channel.nio.NioEventLoop.processSelectedKey(NioEventLoop.java:722)
	at io.netty.channel.nio.NioEventLoop.processSelectedKeysOptimized(NioEventLoop.java:658)
	at io.netty.channel.nio.NioEventLoop.processSelectedKeys(NioEventLoop.java:584)
	at io.netty.channel.nio.NioEventLoop.run(NioEventLoop.java:496)
	at io.netty.util.concurrent.SingleThreadEventExecutor$4.run(SingleThreadEventExecutor.java:986)
	at io.netty.util.internal.ThreadExecutorMap$2.run(ThreadExecutorMap.java:74)
	at io.netty.util.concurrent.FastThreadLocalRunnable.run(FastThreadLocalRunnable.java:30)
	at java.base/java.lang.Thread.run(Thread.java:832)
19:26:24.509 [AsyncHttpClient-1-2] DEBUG org.asynchttpclient.netty.channel.ChannelManager - Closing Channel [id: 0x2282bc43, L:/127.0.0.1:56833 - R:localhost/127.0.0.1:56826] 
19:26:24.509 [AsyncHttpClient-1-2] DEBUG org.asynchttpclient.netty.handler.HttpHandler - Channel Closed: [id: 0x2282bc43, L:/127.0.0.1:56833 ! R:localhost/127.0.0.1:56826] with attribute DISCARD
19:26:24.532 [AsyncHttpClient-1-17] DEBUG org.asynchttpclient.netty.handler.HttpHandler - 

Request DefaultFullHttpRequest(decodeResult: success, version: HTTP/1.1, content: EmptyByteBufBE)
DELETE /session/118eb82bd012e3fc8e733592a598f6ec HTTP/1.1
User-Agent: selenium/4.1.2 (java windows)
Content-Type: application/json; charset=utf-8
host: localhost:65141
accept: */*

Response DefaultHttpResponse(decodeResult: success, version: HTTP/1.1)
HTTP/1.1 200 OK
Content-Type: application/json; charset=utf-8
cache-control: no-cache
content-length: 14

19:26:24.532 [AsyncHttpClient-1-17] DEBUG org.asynchttpclient.netty.channel.ChannelManager - Adding key: http://localhost:65141 for channel [id: 0xbb06eef2, L:/127.0.0.1:56823 - R:localhost/127.0.0.1:65141]
19:26:24.755 [AsyncHttpClient-1-17] DEBUG org.asynchttpclient.netty.handler.HttpHandler - Channel Closed: [id: 0xbb06eef2, L:/127.0.0.1:56823 ! R:localhost/127.0.0.1:65141] with attribute DISCARD
]]></system-out>
    <system-err><![CDATA[Starting ChromeDriver 100.0.4896.60 (6a5d10861ce8de5fce22564658033b43cb7de047-refs/branch-heads/4896@{#875}) on port 65141
Only local connections are allowed.
Please see https://chromedriver.chromium.org/security-considerations for suggestions on keeping ChromeDriver safe.
ChromeDriver was started successfully.
Apr 30, 2022 7:26:13 PM org.openqa.selenium.remote.ProtocolHandshake createSession
INFO: Detected dialect: W3C
Apr 30, 2022 7:26:13 PM org.openqa.selenium.devtools.CdpVersionFinder findNearestMatch
WARNING: Unable to find an exact match for CDP version 100, so returning the closest version found: 97
Apr 30, 2022 7:26:13 PM org.openqa.selenium.devtools.CdpVersionFinder findNearestMatch
INFO: Found CDP implementation for version 100 of 97
]]></system-err>
  </testcase>
  <testcase name="Login scenario #7" classname="Login" time="12.231">
    <system-out><![CDATA[
@DDT
Scenario Outline: Login scenario         &amp#27;[90m# src/test/resources/features/login.feature:23&amp#27;[0m
19:26:25.284 [main] INFO io.cucumber.core.plugin.SerenityReporter - Running feature from file:///D:/PERKULIAHAN/Semester%206,Hebatt%20glad!/Altera/QE_Gladys-Cindana-Asri-Pardosi/Mini-Project/Web/src/test/resources/features/login.feature
19:26:25.325 [main] DEBUG net.thucydides.core.steps.StepInterceptor - STARTING STEP: stepdefinition.iAmOnLoginPage - openUrl
19:26:25.328 [main] INFO net.serenitybdd.core.webdriver.driverproviders.ChromeDriverProvider - Using automatically driver download
19:26:25.518 [AsyncHttpClient-1-1] DEBUG org.asynchttpclient.netty.channel.DefaultChannelPool - Entry count for : http://localhost:56826 : 1
19:26:25.518 [AsyncHttpClient-1-1] DEBUG org.asynchttpclient.netty.channel.DefaultChannelPool - Entry count for : http://localhost:65141 : 1
19:26:25.518 [AsyncHttpClient-1-1] DEBUG org.asynchttpclient.netty.channel.DefaultChannelPool - Adding Candidate expired Channel [id: 0x2282bc43, L:/127.0.0.1:56833 ! R:localhost/127.0.0.1:56826] isIdleTimeoutExpired=false isRemotelyClosed=true isTtlExpired=false
19:26:25.518 [AsyncHttpClient-1-1] DEBUG org.asynchttpclient.netty.channel.DefaultChannelPool - Closing Idle Channel [id: 0x2282bc43, L:/127.0.0.1:56833 ! R:localhost/127.0.0.1:56826]
19:26:25.518 [AsyncHttpClient-1-1] DEBUG org.asynchttpclient.netty.channel.DefaultChannelPool - Adding Candidate expired Channel [id: 0xbb06eef2, L:/127.0.0.1:56823 ! R:localhost/127.0.0.1:65141] isIdleTimeoutExpired=false isRemotelyClosed=true isTtlExpired=false
19:26:25.518 [AsyncHttpClient-1-1] DEBUG org.asynchttpclient.netty.channel.DefaultChannelPool - Closing Idle Channel [id: 0xbb06eef2, L:/127.0.0.1:56823 ! R:localhost/127.0.0.1:65141]
19:26:25.518 [AsyncHttpClient-1-1] DEBUG org.asynchttpclient.netty.channel.DefaultChannelPool - Closed 2 connections out of 2 in 0 ms
19:26:25.548 [main] DEBUG io.github.bonigarcia.wdm.cache.ResolutionCache - Resolution chrome=100 in cache (valid until 19:49:42 30/04/2022 WIB)
19:26:25.560 [main] DEBUG io.github.bonigarcia.wdm.cache.ResolutionCache - Resolution chrome100=100.0.4896.60 in cache (valid until 18:49:42 01/05/2022 WIB)
19:26:25.568 [main] INFO io.github.bonigarcia.wdm.WebDriverManager - Using chromedriver 100.0.4896.60 (resolved driver for Chrome 100)
19:26:25.598 [main] DEBUG io.github.bonigarcia.wdm.WebDriverManager - Driver chromedriver 100.0.4896.60 found in cache
19:26:25.600 [main] INFO io.github.bonigarcia.wdm.WebDriverManager - Exporting webdriver.chrome.driver as C:\Users\ASUS\.cache\selenium\chromedriver\win32\100.0.4896.60\chromedriver.exe
19:26:25.768 [main] DEBUG net.serenitybdd.core.webdriver.driverproviders.ProvideNewDriver - Instantiating driver
19:26:25.768 [main] DEBUG net.serenitybdd.core.webdriver.driverproviders.ProvideNewDriver - Driver capabilities: Capabilities {acceptInsecureCerts: false, base.url: , browserName: chrome, goog:chromeOptions: {args: [], extensions: []}}
19:26:26.313 [AsyncHttpClient-1-4] DEBUG org.asynchttpclient.netty.channel.NettyConnectListener - Using new Channel '[id: 0x0a9a60ba, L:/127.0.0.1:56871 - R:localhost/127.0.0.1:59581]' for 'POST' to '/session'
19:26:27.825 [AsyncHttpClient-1-4] DEBUG org.asynchttpclient.netty.handler.HttpHandler - 

Request DefaultHttpRequest(decodeResult: success, version: HTTP/1.1)
POST /session HTTP/1.1
User-Agent: selenium/4.1.2 (java windows)
Content-Length: 457
Content-Type: application/json; charset=utf-8
host: localhost:59581
accept: */*

Response DefaultHttpResponse(decodeResult: success, version: HTTP/1.1)
HTTP/1.1 200 OK
Content-Type: application/json; charset=utf-8
cache-control: no-cache
content-length: 789

19:26:27.826 [AsyncHttpClient-1-4] DEBUG org.asynchttpclient.netty.channel.ChannelManager - Adding key: http://localhost:59581 for channel [id: 0x0a9a60ba, L:/127.0.0.1:56871 - R:localhost/127.0.0.1:59581]
19:26:27.858 [AsyncHttpClient-1-5] DEBUG org.asynchttpclient.netty.channel.NettyConnectListener - Using new Channel '[id: 0x82649b37, L:/127.0.0.1:56881 - R:localhost/127.0.0.1:56872]' for 'GET' to '/json/version'
19:26:27.858 [AsyncHttpClient-1-5] DEBUG org.asynchttpclient.netty.handler.HttpHandler - 

Request DefaultFullHttpRequest(decodeResult: success, version: HTTP/1.1, content: EmptyByteBufBE)
GET /json/version HTTP/1.1
User-Agent: selenium/4.1.2 (java windows)
host: localhost:56872
accept: */*

Response DefaultHttpResponse(decodeResult: success, version: HTTP/1.1)
HTTP/1.1 200 OK
Content-Type: application/json; charset=UTF-8
content-length: 429

19:26:27.858 [AsyncHttpClient-1-5] DEBUG org.asynchttpclient.netty.channel.ChannelManager - Adding key: http://localhost:56872 for channel [id: 0x82649b37, L:/127.0.0.1:56881 - R:localhost/127.0.0.1:56872]
19:26:27.865 [AsyncHttpClient-1-6] DEBUG org.asynchttpclient.netty.channel.NettyConnectListener - Using new Channel '[id: 0x4a9c4899, L:/127.0.0.1:56882 - R:localhost/127.0.0.1:56872]' for 'GET' to '/devtools/browser/a05a04e3-87ea-4a44-9a67-6ec623eb7f0d'
19:26:27.870 [AsyncHttpClient-1-6] DEBUG org.asynchttpclient.netty.handler.WebSocketHandler - 

Request DefaultFullHttpRequest(decodeResult: success, version: HTTP/1.1, content: EmptyByteBufBE)
GET /devtools/browser/a05a04e3-87ea-4a44-9a67-6ec623eb7f0d HTTP/1.1
upgrade: websocket
connection: upgrade
sec-websocket-key: cf/juTIsAKaaecfM8SXAcQ==
sec-websocket-version: 13
origin: http://localhost:56872
host: localhost:56872
accept: */*
user-agent: AHC/2.1

Response DefaultHttpResponse(decodeResult: success, version: HTTP/1.1)
HTTP/1.1 101 WebSocket Protocol Handshake
Upgrade: WebSocket
Connection: Upgrade
Sec-WebSocket-Accept: g3Ek3SjnKcsdU7D1wzXvIrDffYI=

19:26:27.883 [Forwarding get on session b6f2159a74eb9c3e0d4b102b9980e0ae to remote] DEBUG org.asynchttpclient.netty.request.NettyRequestSender - Using pooled Channel '[id: 0x0a9a60ba, L:/127.0.0.1:56871 - R:localhost/127.0.0.1:59581]' for 'POST' to 'http://localhost:59581/session/b6f2159a74eb9c3e0d4b102b9980e0ae/url'
19:26:27.885 [Forwarding get on session b6f2159a74eb9c3e0d4b102b9980e0ae to remote] DEBUG org.asynchttpclient.netty.request.NettyRequestSender - Using open Channel [id: 0x0a9a60ba, L:/127.0.0.1:56871 - R:localhost/127.0.0.1:59581] for POST '/session/b6f2159a74eb9c3e0d4b102b9980e0ae/url'
19:26:28.809 [AsyncHttpClient-1-1] DEBUG org.asynchttpclient.netty.channel.DefaultChannelPool - Entry count for : http://localhost:56872 : 1
19:26:29.909 [AsyncHttpClient-1-1] DEBUG org.asynchttpclient.netty.channel.DefaultChannelPool - Entry count for : http://localhost:56872 : 1
19:26:31.009 [AsyncHttpClient-1-1] DEBUG org.asynchttpclient.netty.channel.DefaultChannelPool - Entry count for : http://localhost:56872 : 1
19:26:32.108 [AsyncHttpClient-1-1] DEBUG org.asynchttpclient.netty.channel.DefaultChannelPool - Entry count for : http://localhost:56872 : 1
19:26:33.123 [AsyncHttpClient-1-4] DEBUG org.asynchttpclient.netty.handler.HttpHandler - 

Request DefaultHttpRequest(decodeResult: success, version: HTTP/1.1)
POST /session/b6f2159a74eb9c3e0d4b102b9980e0ae/url HTTP/1.1
User-Agent: selenium/4.1.2 (java windows)
Content-Length: 49
Content-Type: application/json; charset=utf-8
host: localhost:59581
accept: */*

Response DefaultHttpResponse(decodeResult: success, version: HTTP/1.1)
HTTP/1.1 200 OK
Content-Type: application/json; charset=utf-8
cache-control: no-cache
content-length: 14

19:26:33.126 [AsyncHttpClient-1-4] DEBUG org.asynchttpclient.netty.channel.ChannelManager - Adding key: http://localhost:59581 for channel [id: 0x0a9a60ba, L:/127.0.0.1:56871 - R:localhost/127.0.0.1:59581]
19:26:33.128 [Forwarding setTimeout on session b6f2159a74eb9c3e0d4b102b9980e0ae to remote] DEBUG org.asynchttpclient.netty.request.NettyRequestSender - Using pooled Channel '[id: 0x0a9a60ba, L:/127.0.0.1:56871 - R:localhost/127.0.0.1:59581]' for 'POST' to 'http://localhost:59581/session/b6f2159a74eb9c3e0d4b102b9980e0ae/timeouts'
19:26:33.128 [Forwarding setTimeout on session b6f2159a74eb9c3e0d4b102b9980e0ae to remote] DEBUG org.asynchttpclient.netty.request.NettyRequestSender - Using open Channel [id: 0x0a9a60ba, L:/127.0.0.1:56871 - R:localhost/127.0.0.1:59581] for POST '/session/b6f2159a74eb9c3e0d4b102b9980e0ae/timeouts'
19:26:33.128 [AsyncHttpClient-1-4] DEBUG org.asynchttpclient.netty.handler.HttpHandler - 

Request DefaultHttpRequest(decodeResult: success, version: HTTP/1.1)
POST /session/b6f2159a74eb9c3e0d4b102b9980e0ae/timeouts HTTP/1.1
User-Agent: selenium/4.1.2 (java windows)
Content-Length: 22
Content-Type: application/json; charset=utf-8
host: localhost:59581
accept: */*

Response DefaultHttpResponse(decodeResult: success, version: HTTP/1.1)
HTTP/1.1 200 OK
Content-Type: application/json; charset=utf-8
cache-control: no-cache
content-length: 14

19:26:33.128 [AsyncHttpClient-1-4] DEBUG org.asynchttpclient.netty.channel.ChannelManager - Adding key: http://localhost:59581 for channel [id: 0x0a9a60ba, L:/127.0.0.1:56871 - R:localhost/127.0.0.1:59581]
19:26:33.133 [Forwarding getCurrentUrl on session b6f2159a74eb9c3e0d4b102b9980e0ae to remote] DEBUG org.asynchttpclient.netty.request.NettyRequestSender - Using pooled Channel '[id: 0x0a9a60ba, L:/127.0.0.1:56871 - R:localhost/127.0.0.1:59581]' for 'GET' to 'http://localhost:59581/session/b6f2159a74eb9c3e0d4b102b9980e0ae/url'
19:26:33.133 [Forwarding getCurrentUrl on session b6f2159a74eb9c3e0d4b102b9980e0ae to remote] DEBUG org.asynchttpclient.netty.request.NettyRequestSender - Using open Channel [id: 0x0a9a60ba, L:/127.0.0.1:56871 - R:localhost/127.0.0.1:59581] for GET '/session/b6f2159a74eb9c3e0d4b102b9980e0ae/url'
19:26:33.141 [AsyncHttpClient-1-4] DEBUG org.asynchttpclient.netty.handler.HttpHandler - 

Request DefaultFullHttpRequest(decodeResult: success, version: HTTP/1.1, content: EmptyByteBufBE)
GET /session/b6f2159a74eb9c3e0d4b102b9980e0ae/url HTTP/1.1
User-Agent: selenium/4.1.2 (java windows)
Cache-Control: no-cache
Content-Type: application/json; charset=utf-8
host: localhost:59581
accept: */*

Response DefaultHttpResponse(decodeResult: success, version: HTTP/1.1)
HTTP/1.1 200 OK
Content-Type: application/json; charset=utf-8
cache-control: no-cache
content-length: 31

19:26:33.143 [AsyncHttpClient-1-4] DEBUG org.asynchttpclient.netty.channel.ChannelManager - Adding key: http://localhost:59581 for channel [id: 0x0a9a60ba, L:/127.0.0.1:56871 - R:localhost/127.0.0.1:59581]
19:26:33.153 [Forwarding screenshot on session b6f2159a74eb9c3e0d4b102b9980e0ae to remote] DEBUG org.asynchttpclient.netty.request.NettyRequestSender - Using pooled Channel '[id: 0x0a9a60ba, L:/127.0.0.1:56871 - R:localhost/127.0.0.1:59581]' for 'GET' to 'http://localhost:59581/session/b6f2159a74eb9c3e0d4b102b9980e0ae/screenshot'
19:26:33.153 [Forwarding screenshot on session b6f2159a74eb9c3e0d4b102b9980e0ae to remote] DEBUG org.asynchttpclient.netty.request.NettyRequestSender - Using open Channel [id: 0x0a9a60ba, L:/127.0.0.1:56871 - R:localhost/127.0.0.1:59581] for GET '/session/b6f2159a74eb9c3e0d4b102b9980e0ae/screenshot'
19:26:33.208 [AsyncHttpClient-1-1] DEBUG org.asynchttpclient.netty.channel.DefaultChannelPool - Entry count for : http://localhost:56872 : 1
19:26:33.877 [AsyncHttpClient-1-4] DEBUG org.asynchttpclient.netty.handler.HttpHandler - 

Request DefaultFullHttpRequest(decodeResult: success, version: HTTP/1.1, content: EmptyByteBufBE)
GET /session/b6f2159a74eb9c3e0d4b102b9980e0ae/screenshot HTTP/1.1
User-Agent: selenium/4.1.2 (java windows)
Cache-Control: no-cache
Content-Type: application/json; charset=utf-8
host: localhost:59581
accept: */*

Response DefaultHttpResponse(decodeResult: success, version: HTTP/1.1)
HTTP/1.1 200 OK
Content-Type: application/json; charset=utf-8
cache-control: no-cache
content-length: 49788

19:26:33.877 [AsyncHttpClient-1-4] DEBUG org.asynchttpclient.netty.channel.ChannelManager - Adding key: http://localhost:59581 for channel [id: 0x0a9a60ba, L:/127.0.0.1:56871 - R:localhost/127.0.0.1:59581]
19:26:33.882 [main] DEBUG net.serenitybdd.core.photography.Darkroom - Send negative for processing for target\site\serenity\e6a63c95d3bdf56a788b726a2a4cb3add5c6ed242822e36dd69a8dc52fd32436.png
19:26:33.882 [main] DEBUG net.thucydides.core.steps.StepInterceptor - STEP DONE: openUrl
19:26:33.895 [main] DEBUG net.thucydides.core.steps.StepInterceptor - STARTING STEP: stepdefinition.iAmOnLoginPage - clickIconLogin
19:26:33.904 [Forwarding findElement on session b6f2159a74eb9c3e0d4b102b9980e0ae to remote] DEBUG org.asynchttpclient.netty.request.NettyRequestSender - Using pooled Channel '[id: 0x0a9a60ba, L:/127.0.0.1:56871 - R:localhost/127.0.0.1:59581]' for 'POST' to 'http://localhost:59581/session/b6f2159a74eb9c3e0d4b102b9980e0ae/element'
19:26:33.904 [Forwarding findElement on session b6f2159a74eb9c3e0d4b102b9980e0ae to remote] DEBUG org.asynchttpclient.netty.request.NettyRequestSender - Using open Channel [id: 0x0a9a60ba, L:/127.0.0.1:56871 - R:localhost/127.0.0.1:59581] for POST '/session/b6f2159a74eb9c3e0d4b102b9980e0ae/element'
19:26:33.924 [AsyncHttpClient-1-4] DEBUG org.asynchttpclient.netty.handler.HttpHandler - 

Request DefaultHttpRequest(decodeResult: success, version: HTTP/1.1)
POST /session/b6f2159a74eb9c3e0d4b102b9980e0ae/element HTTP/1.1
User-Agent: selenium/4.1.2 (java windows)
Content-Length: 170
Content-Type: application/json; charset=utf-8
host: localhost:59581
accept: */*

Response DefaultHttpResponse(decodeResult: success, version: HTTP/1.1)
HTTP/1.1 200 OK
Content-Type: application/json; charset=utf-8
cache-control: no-cache
content-length: 88

19:26:33.924 [AsyncHttpClient-1-4] DEBUG org.asynchttpclient.netty.channel.ChannelManager - Adding key: http://localhost:59581 for channel [id: 0x0a9a60ba, L:/127.0.0.1:56871 - R:localhost/127.0.0.1:59581]
19:26:33.929 [Forwarding getElementTagName on session b6f2159a74eb9c3e0d4b102b9980e0ae to remote] DEBUG org.asynchttpclient.netty.request.NettyRequestSender - Using pooled Channel '[id: 0x0a9a60ba, L:/127.0.0.1:56871 - R:localhost/127.0.0.1:59581]' for 'GET' to 'http://localhost:59581/session/b6f2159a74eb9c3e0d4b102b9980e0ae/element/d0d8f225-71ff-45fb-860c-7fbd5a007134/name'
19:26:33.929 [Forwarding getElementTagName on session b6f2159a74eb9c3e0d4b102b9980e0ae to remote] DEBUG org.asynchttpclient.netty.request.NettyRequestSender - Using open Channel [id: 0x0a9a60ba, L:/127.0.0.1:56871 - R:localhost/127.0.0.1:59581] for GET '/session/b6f2159a74eb9c3e0d4b102b9980e0ae/element/d0d8f225-71ff-45fb-860c-7fbd5a007134/name'
19:26:33.936 [AsyncHttpClient-1-4] DEBUG org.asynchttpclient.netty.handler.HttpHandler - 

Request DefaultFullHttpRequest(decodeResult: success, version: HTTP/1.1, content: EmptyByteBufBE)
GET /session/b6f2159a74eb9c3e0d4b102b9980e0ae/element/d0d8f225-71ff-45fb-860c-7fbd5a007134/name HTTP/1.1
User-Agent: selenium/4.1.2 (java windows)
Cache-Control: no-cache
Content-Type: application/json; charset=utf-8
host: localhost:59581
accept: */*

Response DefaultHttpResponse(decodeResult: success, version: HTTP/1.1)
HTTP/1.1 200 OK
Content-Type: application/json; charset=utf-8
cache-control: no-cache
content-length: 13

19:26:33.936 [AsyncHttpClient-1-4] DEBUG org.asynchttpclient.netty.channel.ChannelManager - Adding key: http://localhost:59581 for channel [id: 0x0a9a60ba, L:/127.0.0.1:56871 - R:localhost/127.0.0.1:59581]
19:26:33.939 [Forwarding getElementTagName on session b6f2159a74eb9c3e0d4b102b9980e0ae to remote] DEBUG org.asynchttpclient.netty.request.NettyRequestSender - Using pooled Channel '[id: 0x0a9a60ba, L:/127.0.0.1:56871 - R:localhost/127.0.0.1:59581]' for 'GET' to 'http://localhost:59581/session/b6f2159a74eb9c3e0d4b102b9980e0ae/element/d0d8f225-71ff-45fb-860c-7fbd5a007134/name'
19:26:33.939 [Forwarding getElementTagName on session b6f2159a74eb9c3e0d4b102b9980e0ae to remote] DEBUG org.asynchttpclient.netty.request.NettyRequestSender - Using open Channel [id: 0x0a9a60ba, L:/127.0.0.1:56871 - R:localhost/127.0.0.1:59581] for GET '/session/b6f2159a74eb9c3e0d4b102b9980e0ae/element/d0d8f225-71ff-45fb-860c-7fbd5a007134/name'
19:26:33.946 [AsyncHttpClient-1-4] DEBUG org.asynchttpclient.netty.handler.HttpHandler - 

Request DefaultFullHttpRequest(decodeResult: success, version: HTTP/1.1, content: EmptyByteBufBE)
GET /session/b6f2159a74eb9c3e0d4b102b9980e0ae/element/d0d8f225-71ff-45fb-860c-7fbd5a007134/name HTTP/1.1
User-Agent: selenium/4.1.2 (java windows)
Cache-Control: no-cache
Content-Type: application/json; charset=utf-8
host: localhost:59581
accept: */*

Response DefaultHttpResponse(decodeResult: success, version: HTTP/1.1)
HTTP/1.1 200 OK
Content-Type: application/json; charset=utf-8
cache-control: no-cache
content-length: 13

19:26:33.946 [AsyncHttpClient-1-4] DEBUG org.asynchttpclient.netty.channel.ChannelManager - Adding key: http://localhost:59581 for channel [id: 0x0a9a60ba, L:/127.0.0.1:56871 - R:localhost/127.0.0.1:59581]
19:26:33.951 [Forwarding findElement on session b6f2159a74eb9c3e0d4b102b9980e0ae to remote] DEBUG org.asynchttpclient.netty.request.NettyRequestSender - Using pooled Channel '[id: 0x0a9a60ba, L:/127.0.0.1:56871 - R:localhost/127.0.0.1:59581]' for 'POST' to 'http://localhost:59581/session/b6f2159a74eb9c3e0d4b102b9980e0ae/element'
19:26:33.951 [Forwarding findElement on session b6f2159a74eb9c3e0d4b102b9980e0ae to remote] DEBUG org.asynchttpclient.netty.request.NettyRequestSender - Using open Channel [id: 0x0a9a60ba, L:/127.0.0.1:56871 - R:localhost/127.0.0.1:59581] for POST '/session/b6f2159a74eb9c3e0d4b102b9980e0ae/element'
19:26:33.969 [AsyncHttpClient-1-4] DEBUG org.asynchttpclient.netty.handler.HttpHandler - 

Request DefaultHttpRequest(decodeResult: success, version: HTTP/1.1)
POST /session/b6f2159a74eb9c3e0d4b102b9980e0ae/element HTTP/1.1
User-Agent: selenium/4.1.2 (java windows)
Content-Length: 170
Content-Type: application/json; charset=utf-8
host: localhost:59581
accept: */*

Response DefaultHttpResponse(decodeResult: success, version: HTTP/1.1)
HTTP/1.1 200 OK
Content-Type: application/json; charset=utf-8
cache-control: no-cache
content-length: 88

19:26:33.969 [AsyncHttpClient-1-4] DEBUG org.asynchttpclient.netty.channel.ChannelManager - Adding key: http://localhost:59581 for channel [id: 0x0a9a60ba, L:/127.0.0.1:56871 - R:localhost/127.0.0.1:59581]
19:26:33.971 [Forwarding clickElement on session b6f2159a74eb9c3e0d4b102b9980e0ae to remote] DEBUG org.asynchttpclient.netty.request.NettyRequestSender - Using pooled Channel '[id: 0x0a9a60ba, L:/127.0.0.1:56871 - R:localhost/127.0.0.1:59581]' for 'POST' to 'http://localhost:59581/session/b6f2159a74eb9c3e0d4b102b9980e0ae/element/d0d8f225-71ff-45fb-860c-7fbd5a007134/click'
19:26:33.971 [Forwarding clickElement on session b6f2159a74eb9c3e0d4b102b9980e0ae to remote] DEBUG org.asynchttpclient.netty.request.NettyRequestSender - Using open Channel [id: 0x0a9a60ba, L:/127.0.0.1:56871 - R:localhost/127.0.0.1:59581] for POST '/session/b6f2159a74eb9c3e0d4b102b9980e0ae/element/d0d8f225-71ff-45fb-860c-7fbd5a007134/click'
19:26:34.046 [AsyncHttpClient-1-4] DEBUG org.asynchttpclient.netty.handler.HttpHandler - 

Request DefaultHttpRequest(decodeResult: success, version: HTTP/1.1)
POST /session/b6f2159a74eb9c3e0d4b102b9980e0ae/element/d0d8f225-71ff-45fb-860c-7fbd5a007134/click HTTP/1.1
User-Agent: selenium/4.1.2 (java windows)
Content-Length: 50
Content-Type: application/json; charset=utf-8
host: localhost:59581
accept: */*

Response DefaultHttpResponse(decodeResult: success, version: HTTP/1.1)
HTTP/1.1 200 OK
Content-Type: application/json; charset=utf-8
cache-control: no-cache
content-length: 14

19:26:34.049 [AsyncHttpClient-1-4] DEBUG org.asynchttpclient.netty.channel.ChannelManager - Adding key: http://localhost:59581 for channel [id: 0x0a9a60ba, L:/127.0.0.1:56871 - R:localhost/127.0.0.1:59581]
19:26:34.061 [Forwarding screenshot on session b6f2159a74eb9c3e0d4b102b9980e0ae to remote] DEBUG org.asynchttpclient.netty.request.NettyRequestSender - Using pooled Channel '[id: 0x0a9a60ba, L:/127.0.0.1:56871 - R:localhost/127.0.0.1:59581]' for 'GET' to 'http://localhost:59581/session/b6f2159a74eb9c3e0d4b102b9980e0ae/screenshot'
19:26:34.061 [Forwarding screenshot on session b6f2159a74eb9c3e0d4b102b9980e0ae to remote] DEBUG org.asynchttpclient.netty.request.NettyRequestSender - Using open Channel [id: 0x0a9a60ba, L:/127.0.0.1:56871 - R:localhost/127.0.0.1:59581] for GET '/session/b6f2159a74eb9c3e0d4b102b9980e0ae/screenshot'
19:26:34.309 [AsyncHttpClient-1-1] DEBUG org.asynchttpclient.netty.channel.DefaultChannelPool - Entry count for : http://localhost:56872 : 1
19:26:34.551 [AsyncHttpClient-1-4] DEBUG org.asynchttpclient.netty.handler.HttpHandler - 

Request DefaultFullHttpRequest(decodeResult: success, version: HTTP/1.1, content: EmptyByteBufBE)
GET /session/b6f2159a74eb9c3e0d4b102b9980e0ae/screenshot HTTP/1.1
User-Agent: selenium/4.1.2 (java windows)
Cache-Control: no-cache
Content-Type: application/json; charset=utf-8
host: localhost:59581
accept: */*

Response DefaultHttpResponse(decodeResult: success, version: HTTP/1.1)
HTTP/1.1 200 OK
Content-Type: application/json; charset=utf-8
cache-control: no-cache
content-length: 40076

19:26:34.551 [AsyncHttpClient-1-4] DEBUG org.asynchttpclient.netty.channel.ChannelManager - Adding key: http://localhost:59581 for channel [id: 0x0a9a60ba, L:/127.0.0.1:56871 - R:localhost/127.0.0.1:59581]
19:26:34.556 [main] DEBUG net.serenitybdd.core.photography.Darkroom - Send negative for processing for target\site\serenity\17b3dbbf5543dffe9e82a15b132dc2bd941cf5ff5374c28515d552a03dff9421.png
19:26:34.556 [main] DEBUG net.thucydides.core.steps.StepInterceptor - STEP DONE: clickIconLogin
  &amp#27;[32mGiven &amp#27;[0m&amp#27;[32mi am on login page&amp#27;[0m               &amp#27;[90m# starter.stepdefinitions.stepdefinition.iAmOnLoginPage()&amp#27;[0m
19:26:34.556 [Darkroom Processing Line] DEBUG net.serenitybdd.core.photography.DarkroomProcessingLine - Processing screenshot image in /var/screenshots/screenshot-17449026392294029974
19:26:34.556 [Darkroom Processing Line] DEBUG net.serenitybdd.core.photography.DarkroomProcessingLine - Saving screenshot to target\site\serenity\17b3dbbf5543dffe9e82a15b132dc2bd941cf5ff5374c28515d552a03dff9421.png
19:26:34.594 [main] DEBUG net.thucydides.core.steps.StepInterceptor - STARTING STEP: stepdefinition.iInputUsername - inputUsername
19:26:34.604 [Forwarding findElement on session b6f2159a74eb9c3e0d4b102b9980e0ae to remote] DEBUG org.asynchttpclient.netty.request.NettyRequestSender - Using pooled Channel '[id: 0x0a9a60ba, L:/127.0.0.1:56871 - R:localhost/127.0.0.1:59581]' for 'POST' to 'http://localhost:59581/session/b6f2159a74eb9c3e0d4b102b9980e0ae/element'
19:26:34.604 [Forwarding findElement on session b6f2159a74eb9c3e0d4b102b9980e0ae to remote] DEBUG org.asynchttpclient.netty.request.NettyRequestSender - Using open Channel [id: 0x0a9a60ba, L:/127.0.0.1:56871 - R:localhost/127.0.0.1:59581] for POST '/session/b6f2159a74eb9c3e0d4b102b9980e0ae/element'
19:26:34.627 [AsyncHttpClient-1-4] DEBUG org.asynchttpclient.netty.handler.HttpHandler - 

Request DefaultHttpRequest(decodeResult: success, version: HTTP/1.1)
POST /session/b6f2159a74eb9c3e0d4b102b9980e0ae/element HTTP/1.1
User-Agent: selenium/4.1.2 (java windows)
Content-Length: 86
Content-Type: application/json; charset=utf-8
host: localhost:59581
accept: */*

Response DefaultHttpResponse(decodeResult: success, version: HTTP/1.1)
HTTP/1.1 200 OK
Content-Type: application/json; charset=utf-8
cache-control: no-cache
content-length: 88

19:26:34.627 [AsyncHttpClient-1-4] DEBUG org.asynchttpclient.netty.channel.ChannelManager - Adding key: http://localhost:59581 for channel [id: 0x0a9a60ba, L:/127.0.0.1:56871 - R:localhost/127.0.0.1:59581]
19:26:34.632 [Forwarding clearElement on session b6f2159a74eb9c3e0d4b102b9980e0ae to remote] DEBUG org.asynchttpclient.netty.request.NettyRequestSender - Using pooled Channel '[id: 0x0a9a60ba, L:/127.0.0.1:56871 - R:localhost/127.0.0.1:59581]' for 'POST' to 'http://localhost:59581/session/b6f2159a74eb9c3e0d4b102b9980e0ae/element/cfe47018-e3b9-4075-a421-fda1ad9ac194/clear'
19:26:34.632 [Forwarding clearElement on session b6f2159a74eb9c3e0d4b102b9980e0ae to remote] DEBUG org.asynchttpclient.netty.request.NettyRequestSender - Using open Channel [id: 0x0a9a60ba, L:/127.0.0.1:56871 - R:localhost/127.0.0.1:59581] for POST '/session/b6f2159a74eb9c3e0d4b102b9980e0ae/element/cfe47018-e3b9-4075-a421-fda1ad9ac194/clear'
19:26:34.691 [AsyncHttpClient-1-4] DEBUG org.asynchttpclient.netty.handler.HttpHandler - 

Request DefaultHttpRequest(decodeResult: success, version: HTTP/1.1)
POST /session/b6f2159a74eb9c3e0d4b102b9980e0ae/element/cfe47018-e3b9-4075-a421-fda1ad9ac194/clear HTTP/1.1
User-Agent: selenium/4.1.2 (java windows)
Content-Length: 50
Content-Type: application/json; charset=utf-8
host: localhost:59581
accept: */*

Response DefaultHttpResponse(decodeResult: success, version: HTTP/1.1)
HTTP/1.1 200 OK
Content-Type: application/json; charset=utf-8
cache-control: no-cache
content-length: 14

19:26:34.691 [AsyncHttpClient-1-4] DEBUG org.asynchttpclient.netty.channel.ChannelManager - Adding key: http://localhost:59581 for channel [id: 0x0a9a60ba, L:/127.0.0.1:56871 - R:localhost/127.0.0.1:59581]
19:26:34.696 [Forwarding sendKeysToElement on session b6f2159a74eb9c3e0d4b102b9980e0ae to remote] DEBUG org.asynchttpclient.netty.request.NettyRequestSender - Using pooled Channel '[id: 0x0a9a60ba, L:/127.0.0.1:56871 - R:localhost/127.0.0.1:59581]' for 'POST' to 'http://localhost:59581/session/b6f2159a74eb9c3e0d4b102b9980e0ae/element/cfe47018-e3b9-4075-a421-fda1ad9ac194/value'
19:26:34.696 [Forwarding sendKeysToElement on session b6f2159a74eb9c3e0d4b102b9980e0ae to remote] DEBUG org.asynchttpclient.netty.request.NettyRequestSender - Using open Channel [id: 0x0a9a60ba, L:/127.0.0.1:56871 - R:localhost/127.0.0.1:59581] for POST '/session/b6f2159a74eb9c3e0d4b102b9980e0ae/element/cfe47018-e3b9-4075-a421-fda1ad9ac194/value'
19:26:34.892 [AsyncHttpClient-1-4] DEBUG org.asynchttpclient.netty.handler.HttpHandler - 

Request DefaultHttpRequest(decodeResult: success, version: HTTP/1.1)
POST /session/b6f2159a74eb9c3e0d4b102b9980e0ae/element/cfe47018-e3b9-4075-a421-fda1ad9ac194/value HTTP/1.1
User-Agent: selenium/4.1.2 (java windows)
Content-Length: 221
Content-Type: application/json; charset=utf-8
host: localhost:59581
accept: */*

Response DefaultHttpResponse(decodeResult: success, version: HTTP/1.1)
HTTP/1.1 200 OK
Content-Type: application/json; charset=utf-8
cache-control: no-cache
content-length: 14

19:26:34.892 [AsyncHttpClient-1-4] DEBUG org.asynchttpclient.netty.channel.ChannelManager - Adding key: http://localhost:59581 for channel [id: 0x0a9a60ba, L:/127.0.0.1:56871 - R:localhost/127.0.0.1:59581]
19:26:34.902 [Forwarding screenshot on session b6f2159a74eb9c3e0d4b102b9980e0ae to remote] DEBUG org.asynchttpclient.netty.request.NettyRequestSender - Using pooled Channel '[id: 0x0a9a60ba, L:/127.0.0.1:56871 - R:localhost/127.0.0.1:59581]' for 'GET' to 'http://localhost:59581/session/b6f2159a74eb9c3e0d4b102b9980e0ae/screenshot'
19:26:34.902 [Forwarding screenshot on session b6f2159a74eb9c3e0d4b102b9980e0ae to remote] DEBUG org.asynchttpclient.netty.request.NettyRequestSender - Using open Channel [id: 0x0a9a60ba, L:/127.0.0.1:56871 - R:localhost/127.0.0.1:59581] for GET '/session/b6f2159a74eb9c3e0d4b102b9980e0ae/screenshot'
19:26:35.145 [AsyncHttpClient-1-4] DEBUG org.asynchttpclient.netty.handler.HttpHandler - 

Request DefaultFullHttpRequest(decodeResult: success, version: HTTP/1.1, content: EmptyByteBufBE)
GET /session/b6f2159a74eb9c3e0d4b102b9980e0ae/screenshot HTTP/1.1
User-Agent: selenium/4.1.2 (java windows)
Cache-Control: no-cache
Content-Type: application/json; charset=utf-8
host: localhost:59581
accept: */*

Response DefaultHttpResponse(decodeResult: success, version: HTTP/1.1)
HTTP/1.1 200 OK
Content-Type: application/json; charset=utf-8
cache-control: no-cache
content-length: 46476

19:26:35.145 [AsyncHttpClient-1-4] DEBUG org.asynchttpclient.netty.channel.ChannelManager - Adding key: http://localhost:59581 for channel [id: 0x0a9a60ba, L:/127.0.0.1:56871 - R:localhost/127.0.0.1:59581]
19:26:35.150 [main] DEBUG net.serenitybdd.core.photography.Darkroom - Send negative for processing for target\site\serenity\9f99897468cc547e8b009fee9536aea718c90903e062038af3edc81d28a0d9ec.png
19:26:35.150 [main] DEBUG net.thucydides.core.steps.StepInterceptor - STEP DONE: inputUsername
19:26:35.150 [Darkroom Processing Line] DEBUG net.serenitybdd.core.photography.DarkroomProcessingLine - Processing screenshot image in /var/screenshots/screenshot-4944717804336284799
  &amp#27;[32mWhen &amp#27;[0m&amp#27;[32mi input &amp#27;[0m&amp#27;[32m&amp#27;[1m"glad@gmail.com"&amp#27;[0m&amp#27;[32m username&amp#27;[0m &amp#27;[90m# starter.stepdefinitions.stepdefinition.iInputUsername(java.lang.String)&amp#27;[0m
19:26:35.150 [Darkroom Processing Line] DEBUG net.serenitybdd.core.photography.DarkroomProcessingLine - Saving screenshot to target\site\serenity\9f99897468cc547e8b009fee9536aea718c90903e062038af3edc81d28a0d9ec.png
19:26:35.183 [main] DEBUG net.thucydides.core.steps.StepInterceptor - STARTING STEP: stepdefinition.iInputPassword - inputPassword
19:26:35.188 [Forwarding findElement on session b6f2159a74eb9c3e0d4b102b9980e0ae to remote] DEBUG org.asynchttpclient.netty.request.NettyRequestSender - Using pooled Channel '[id: 0x0a9a60ba, L:/127.0.0.1:56871 - R:localhost/127.0.0.1:59581]' for 'POST' to 'http://localhost:59581/session/b6f2159a74eb9c3e0d4b102b9980e0ae/element'
19:26:35.188 [Forwarding findElement on session b6f2159a74eb9c3e0d4b102b9980e0ae to remote] DEBUG org.asynchttpclient.netty.request.NettyRequestSender - Using open Channel [id: 0x0a9a60ba, L:/127.0.0.1:56871 - R:localhost/127.0.0.1:59581] for POST '/session/b6f2159a74eb9c3e0d4b102b9980e0ae/element'
19:26:35.213 [AsyncHttpClient-1-4] DEBUG org.asynchttpclient.netty.handler.HttpHandler - 

Request DefaultHttpRequest(decodeResult: success, version: HTTP/1.1)
POST /session/b6f2159a74eb9c3e0d4b102b9980e0ae/element HTTP/1.1
User-Agent: selenium/4.1.2 (java windows)
Content-Length: 89
Content-Type: application/json; charset=utf-8
host: localhost:59581
accept: */*

Response DefaultHttpResponse(decodeResult: success, version: HTTP/1.1)
HTTP/1.1 200 OK
Content-Type: application/json; charset=utf-8
cache-control: no-cache
content-length: 88

19:26:35.213 [AsyncHttpClient-1-4] DEBUG org.asynchttpclient.netty.channel.ChannelManager - Adding key: http://localhost:59581 for channel [id: 0x0a9a60ba, L:/127.0.0.1:56871 - R:localhost/127.0.0.1:59581]
19:26:35.219 [Forwarding clearElement on session b6f2159a74eb9c3e0d4b102b9980e0ae to remote] DEBUG org.asynchttpclient.netty.request.NettyRequestSender - Using pooled Channel '[id: 0x0a9a60ba, L:/127.0.0.1:56871 - R:localhost/127.0.0.1:59581]' for 'POST' to 'http://localhost:59581/session/b6f2159a74eb9c3e0d4b102b9980e0ae/element/c60f059b-9492-47f7-8f86-a19ec4e2e1a4/clear'
19:26:35.219 [Forwarding clearElement on session b6f2159a74eb9c3e0d4b102b9980e0ae to remote] DEBUG org.asynchttpclient.netty.request.NettyRequestSender - Using open Channel [id: 0x0a9a60ba, L:/127.0.0.1:56871 - R:localhost/127.0.0.1:59581] for POST '/session/b6f2159a74eb9c3e0d4b102b9980e0ae/element/c60f059b-9492-47f7-8f86-a19ec4e2e1a4/clear'
19:26:35.288 [AsyncHttpClient-1-4] DEBUG org.asynchttpclient.netty.handler.HttpHandler - 

Request DefaultHttpRequest(decodeResult: success, version: HTTP/1.1)
POST /session/b6f2159a74eb9c3e0d4b102b9980e0ae/element/c60f059b-9492-47f7-8f86-a19ec4e2e1a4/clear HTTP/1.1
User-Agent: selenium/4.1.2 (java windows)
Content-Length: 50
Content-Type: application/json; charset=utf-8
host: localhost:59581
accept: */*

Response DefaultHttpResponse(decodeResult: success, version: HTTP/1.1)
HTTP/1.1 200 OK
Content-Type: application/json; charset=utf-8
cache-control: no-cache
content-length: 14

19:26:35.288 [AsyncHttpClient-1-4] DEBUG org.asynchttpclient.netty.channel.ChannelManager - Adding key: http://localhost:59581 for channel [id: 0x0a9a60ba, L:/127.0.0.1:56871 - R:localhost/127.0.0.1:59581]
19:26:35.293 [Forwarding sendKeysToElement on session b6f2159a74eb9c3e0d4b102b9980e0ae to remote] DEBUG org.asynchttpclient.netty.request.NettyRequestSender - Using pooled Channel '[id: 0x0a9a60ba, L:/127.0.0.1:56871 - R:localhost/127.0.0.1:59581]' for 'POST' to 'http://localhost:59581/session/b6f2159a74eb9c3e0d4b102b9980e0ae/element/c60f059b-9492-47f7-8f86-a19ec4e2e1a4/value'
19:26:35.293 [Forwarding sendKeysToElement on session b6f2159a74eb9c3e0d4b102b9980e0ae to remote] DEBUG org.asynchttpclient.netty.request.NettyRequestSender - Using open Channel [id: 0x0a9a60ba, L:/127.0.0.1:56871 - R:localhost/127.0.0.1:59581] for POST '/session/b6f2159a74eb9c3e0d4b102b9980e0ae/element/c60f059b-9492-47f7-8f86-a19ec4e2e1a4/value'
19:26:35.478 [AsyncHttpClient-1-4] DEBUG org.asynchttpclient.netty.handler.HttpHandler - 

Request DefaultHttpRequest(decodeResult: success, version: HTTP/1.1)
POST /session/b6f2159a74eb9c3e0d4b102b9980e0ae/element/c60f059b-9492-47f7-8f86-a19ec4e2e1a4/value HTTP/1.1
User-Agent: selenium/4.1.2 (java windows)
Content-Length: 181
Content-Type: application/json; charset=utf-8
host: localhost:59581
accept: */*

Response DefaultHttpResponse(decodeResult: success, version: HTTP/1.1)
HTTP/1.1 200 OK
Content-Type: application/json; charset=utf-8
cache-control: no-cache
content-length: 14

19:26:35.479 [AsyncHttpClient-1-4] DEBUG org.asynchttpclient.netty.channel.ChannelManager - Adding key: http://localhost:59581 for channel [id: 0x0a9a60ba, L:/127.0.0.1:56871 - R:localhost/127.0.0.1:59581]
19:26:35.492 [Forwarding screenshot on session b6f2159a74eb9c3e0d4b102b9980e0ae to remote] DEBUG org.asynchttpclient.netty.request.NettyRequestSender - Using pooled Channel '[id: 0x0a9a60ba, L:/127.0.0.1:56871 - R:localhost/127.0.0.1:59581]' for 'GET' to 'http://localhost:59581/session/b6f2159a74eb9c3e0d4b102b9980e0ae/screenshot'
19:26:35.492 [Forwarding screenshot on session b6f2159a74eb9c3e0d4b102b9980e0ae to remote] DEBUG org.asynchttpclient.netty.request.NettyRequestSender - Using open Channel [id: 0x0a9a60ba, L:/127.0.0.1:56871 - R:localhost/127.0.0.1:59581] for GET '/session/b6f2159a74eb9c3e0d4b102b9980e0ae/screenshot'
19:26:35.513 [AsyncHttpClient-1-1] DEBUG org.asynchttpclient.netty.channel.DefaultChannelPool - Entry count for : http://localhost:56872 : 1
19:26:35.694 [AsyncHttpClient-1-4] DEBUG org.asynchttpclient.netty.handler.HttpHandler - 

Request DefaultFullHttpRequest(decodeResult: success, version: HTTP/1.1, content: EmptyByteBufBE)
GET /session/b6f2159a74eb9c3e0d4b102b9980e0ae/screenshot HTTP/1.1
User-Agent: selenium/4.1.2 (java windows)
Cache-Control: no-cache
Content-Type: application/json; charset=utf-8
host: localhost:59581
accept: */*

Response DefaultHttpResponse(decodeResult: success, version: HTTP/1.1)
HTTP/1.1 200 OK
Content-Type: application/json; charset=utf-8
cache-control: no-cache
content-length: 49504

19:26:35.694 [AsyncHttpClient-1-4] DEBUG org.asynchttpclient.netty.channel.ChannelManager - Adding key: http://localhost:59581 for channel [id: 0x0a9a60ba, L:/127.0.0.1:56871 - R:localhost/127.0.0.1:59581]
19:26:35.702 [main] DEBUG net.serenitybdd.core.photography.Darkroom - Send negative for processing for target\site\serenity\f39c7f1e95f717332786ec611a71e47b04e3c6f9391cfcbdc36c27e7d744a5fc.png
19:26:35.702 [main] DEBUG net.thucydides.core.steps.StepInterceptor - STEP DONE: inputPassword
19:26:35.702 [Darkroom Processing Line] DEBUG net.serenitybdd.core.photography.DarkroomProcessingLine - Processing screenshot image in /var/screenshots/screenshot-8975855890685133813
19:26:35.702 [Darkroom Processing Line] DEBUG net.serenitybdd.core.photography.DarkroomProcessingLine - Saving screenshot to target\site\serenity\f39c7f1e95f717332786ec611a71e47b04e3c6f9391cfcbdc36c27e7d744a5fc.png
  &amp#27;[32mAnd &amp#27;[0m&amp#27;[32mi input &amp#27;[0m&amp#27;[32m&amp#27;[1m"gladz1511#"&amp#27;[0m&amp#27;[32m password&amp#27;[0m      &amp#27;[90m# starter.stepdefinitions.stepdefinition.iInputPassword(java.lang.String)&amp#27;[0m
19:26:35.737 [main] DEBUG net.thucydides.core.steps.StepInterceptor - STARTING STEP: stepdefinition.clickLoginButton - clickLogin
19:26:35.744 [Forwarding findElement on session b6f2159a74eb9c3e0d4b102b9980e0ae to remote] DEBUG org.asynchttpclient.netty.request.NettyRequestSender - Using pooled Channel '[id: 0x0a9a60ba, L:/127.0.0.1:56871 - R:localhost/127.0.0.1:59581]' for 'POST' to 'http://localhost:59581/session/b6f2159a74eb9c3e0d4b102b9980e0ae/element'
19:26:35.744 [Forwarding findElement on session b6f2159a74eb9c3e0d4b102b9980e0ae to remote] DEBUG org.asynchttpclient.netty.request.NettyRequestSender - Using open Channel [id: 0x0a9a60ba, L:/127.0.0.1:56871 - R:localhost/127.0.0.1:59581] for POST '/session/b6f2159a74eb9c3e0d4b102b9980e0ae/element'
19:26:35.763 [AsyncHttpClient-1-4] DEBUG org.asynchttpclient.netty.handler.HttpHandler - 

Request DefaultHttpRequest(decodeResult: success, version: HTTP/1.1)
POST /session/b6f2159a74eb9c3e0d4b102b9980e0ae/element HTTP/1.1
User-Agent: selenium/4.1.2 (java windows)
Content-Length: 72
Content-Type: application/json; charset=utf-8
host: localhost:59581
accept: */*

Response DefaultHttpResponse(decodeResult: success, version: HTTP/1.1)
HTTP/1.1 200 OK
Content-Type: application/json; charset=utf-8
cache-control: no-cache
content-length: 88

19:26:35.763 [AsyncHttpClient-1-4] DEBUG org.asynchttpclient.netty.channel.ChannelManager - Adding key: http://localhost:59581 for channel [id: 0x0a9a60ba, L:/127.0.0.1:56871 - R:localhost/127.0.0.1:59581]
19:26:35.769 [Forwarding getElementTagName on session b6f2159a74eb9c3e0d4b102b9980e0ae to remote] DEBUG org.asynchttpclient.netty.request.NettyRequestSender - Using pooled Channel '[id: 0x0a9a60ba, L:/127.0.0.1:56871 - R:localhost/127.0.0.1:59581]' for 'GET' to 'http://localhost:59581/session/b6f2159a74eb9c3e0d4b102b9980e0ae/element/f7222753-6d4f-4562-8c63-39a4f73abded/name'
19:26:35.769 [Forwarding getElementTagName on session b6f2159a74eb9c3e0d4b102b9980e0ae to remote] DEBUG org.asynchttpclient.netty.request.NettyRequestSender - Using open Channel [id: 0x0a9a60ba, L:/127.0.0.1:56871 - R:localhost/127.0.0.1:59581] for GET '/session/b6f2159a74eb9c3e0d4b102b9980e0ae/element/f7222753-6d4f-4562-8c63-39a4f73abded/name'
19:26:35.777 [AsyncHttpClient-1-4] DEBUG org.asynchttpclient.netty.handler.HttpHandler - 

Request DefaultFullHttpRequest(decodeResult: success, version: HTTP/1.1, content: EmptyByteBufBE)
GET /session/b6f2159a74eb9c3e0d4b102b9980e0ae/element/f7222753-6d4f-4562-8c63-39a4f73abded/name HTTP/1.1
User-Agent: selenium/4.1.2 (java windows)
Cache-Control: no-cache
Content-Type: application/json; charset=utf-8
host: localhost:59581
accept: */*

Response DefaultHttpResponse(decodeResult: success, version: HTTP/1.1)
HTTP/1.1 200 OK
Content-Type: application/json; charset=utf-8
cache-control: no-cache
content-length: 18

19:26:35.777 [AsyncHttpClient-1-4] DEBUG org.asynchttpclient.netty.channel.ChannelManager - Adding key: http://localhost:59581 for channel [id: 0x0a9a60ba, L:/127.0.0.1:56871 - R:localhost/127.0.0.1:59581]
19:26:35.779 [Forwarding getElementTagName on session b6f2159a74eb9c3e0d4b102b9980e0ae to remote] DEBUG org.asynchttpclient.netty.request.NettyRequestSender - Using pooled Channel '[id: 0x0a9a60ba, L:/127.0.0.1:56871 - R:localhost/127.0.0.1:59581]' for 'GET' to 'http://localhost:59581/session/b6f2159a74eb9c3e0d4b102b9980e0ae/element/f7222753-6d4f-4562-8c63-39a4f73abded/name'
19:26:35.779 [Forwarding getElementTagName on session b6f2159a74eb9c3e0d4b102b9980e0ae to remote] DEBUG org.asynchttpclient.netty.request.NettyRequestSender - Using open Channel [id: 0x0a9a60ba, L:/127.0.0.1:56871 - R:localhost/127.0.0.1:59581] for GET '/session/b6f2159a74eb9c3e0d4b102b9980e0ae/element/f7222753-6d4f-4562-8c63-39a4f73abded/name'
19:26:35.789 [AsyncHttpClient-1-4] DEBUG org.asynchttpclient.netty.handler.HttpHandler - 

Request DefaultFullHttpRequest(decodeResult: success, version: HTTP/1.1, content: EmptyByteBufBE)
GET /session/b6f2159a74eb9c3e0d4b102b9980e0ae/element/f7222753-6d4f-4562-8c63-39a4f73abded/name HTTP/1.1
User-Agent: selenium/4.1.2 (java windows)
Cache-Control: no-cache
Content-Type: application/json; charset=utf-8
host: localhost:59581
accept: */*

Response DefaultHttpResponse(decodeResult: success, version: HTTP/1.1)
HTTP/1.1 200 OK
Content-Type: application/json; charset=utf-8
cache-control: no-cache
content-length: 18

19:26:35.789 [AsyncHttpClient-1-4] DEBUG org.asynchttpclient.netty.channel.ChannelManager - Adding key: http://localhost:59581 for channel [id: 0x0a9a60ba, L:/127.0.0.1:56871 - R:localhost/127.0.0.1:59581]
19:26:35.794 [Forwarding isElementEnabled on session b6f2159a74eb9c3e0d4b102b9980e0ae to remote] DEBUG org.asynchttpclient.netty.request.NettyRequestSender - Using pooled Channel '[id: 0x0a9a60ba, L:/127.0.0.1:56871 - R:localhost/127.0.0.1:59581]' for 'GET' to 'http://localhost:59581/session/b6f2159a74eb9c3e0d4b102b9980e0ae/element/f7222753-6d4f-4562-8c63-39a4f73abded/enabled'
19:26:35.794 [Forwarding isElementEnabled on session b6f2159a74eb9c3e0d4b102b9980e0ae to remote] DEBUG org.asynchttpclient.netty.request.NettyRequestSender - Using open Channel [id: 0x0a9a60ba, L:/127.0.0.1:56871 - R:localhost/127.0.0.1:59581] for GET '/session/b6f2159a74eb9c3e0d4b102b9980e0ae/element/f7222753-6d4f-4562-8c63-39a4f73abded/enabled'
19:26:35.809 [AsyncHttpClient-1-4] DEBUG org.asynchttpclient.netty.handler.HttpHandler - 

Request DefaultFullHttpRequest(decodeResult: success, version: HTTP/1.1, content: EmptyByteBufBE)
GET /session/b6f2159a74eb9c3e0d4b102b9980e0ae/element/f7222753-6d4f-4562-8c63-39a4f73abded/enabled HTTP/1.1
User-Agent: selenium/4.1.2 (java windows)
Cache-Control: no-cache
Content-Type: application/json; charset=utf-8
host: localhost:59581
accept: */*

Response DefaultHttpResponse(decodeResult: success, version: HTTP/1.1)
HTTP/1.1 200 OK
Content-Type: application/json; charset=utf-8
cache-control: no-cache
content-length: 14

19:26:35.809 [AsyncHttpClient-1-4] DEBUG org.asynchttpclient.netty.channel.ChannelManager - Adding key: http://localhost:59581 for channel [id: 0x0a9a60ba, L:/127.0.0.1:56871 - R:localhost/127.0.0.1:59581]
19:26:35.812 [Forwarding isElementEnabled on session b6f2159a74eb9c3e0d4b102b9980e0ae to remote] DEBUG org.asynchttpclient.netty.request.NettyRequestSender - Using pooled Channel '[id: 0x0a9a60ba, L:/127.0.0.1:56871 - R:localhost/127.0.0.1:59581]' for 'GET' to 'http://localhost:59581/session/b6f2159a74eb9c3e0d4b102b9980e0ae/element/f7222753-6d4f-4562-8c63-39a4f73abded/enabled'
19:26:35.812 [Forwarding isElementEnabled on session b6f2159a74eb9c3e0d4b102b9980e0ae to remote] DEBUG org.asynchttpclient.netty.request.NettyRequestSender - Using open Channel [id: 0x0a9a60ba, L:/127.0.0.1:56871 - R:localhost/127.0.0.1:59581] for GET '/session/b6f2159a74eb9c3e0d4b102b9980e0ae/element/f7222753-6d4f-4562-8c63-39a4f73abded/enabled'
19:26:35.824 [AsyncHttpClient-1-4] DEBUG org.asynchttpclient.netty.handler.HttpHandler - 

Request DefaultFullHttpRequest(decodeResult: success, version: HTTP/1.1, content: EmptyByteBufBE)
GET /session/b6f2159a74eb9c3e0d4b102b9980e0ae/element/f7222753-6d4f-4562-8c63-39a4f73abded/enabled HTTP/1.1
User-Agent: selenium/4.1.2 (java windows)
Cache-Control: no-cache
Content-Type: application/json; charset=utf-8
host: localhost:59581
accept: */*

Response DefaultHttpResponse(decodeResult: success, version: HTTP/1.1)
HTTP/1.1 200 OK
Content-Type: application/json; charset=utf-8
cache-control: no-cache
content-length: 14

19:26:35.824 [AsyncHttpClient-1-4] DEBUG org.asynchttpclient.netty.channel.ChannelManager - Adding key: http://localhost:59581 for channel [id: 0x0a9a60ba, L:/127.0.0.1:56871 - R:localhost/127.0.0.1:59581]
19:26:35.829 [Forwarding findElement on session b6f2159a74eb9c3e0d4b102b9980e0ae to remote] DEBUG org.asynchttpclient.netty.request.NettyRequestSender - Using pooled Channel '[id: 0x0a9a60ba, L:/127.0.0.1:56871 - R:localhost/127.0.0.1:59581]' for 'POST' to 'http://localhost:59581/session/b6f2159a74eb9c3e0d4b102b9980e0ae/element'
19:26:35.829 [Forwarding findElement on session b6f2159a74eb9c3e0d4b102b9980e0ae to remote] DEBUG org.asynchttpclient.netty.request.NettyRequestSender - Using open Channel [id: 0x0a9a60ba, L:/127.0.0.1:56871 - R:localhost/127.0.0.1:59581] for POST '/session/b6f2159a74eb9c3e0d4b102b9980e0ae/element'
19:26:35.845 [AsyncHttpClient-1-4] DEBUG org.asynchttpclient.netty.handler.HttpHandler - 

Request DefaultHttpRequest(decodeResult: success, version: HTTP/1.1)
POST /session/b6f2159a74eb9c3e0d4b102b9980e0ae/element HTTP/1.1
User-Agent: selenium/4.1.2 (java windows)
Content-Length: 72
Content-Type: application/json; charset=utf-8
host: localhost:59581
accept: */*

Response DefaultHttpResponse(decodeResult: success, version: HTTP/1.1)
HTTP/1.1 200 OK
Content-Type: application/json; charset=utf-8
cache-control: no-cache
content-length: 88

19:26:35.845 [AsyncHttpClient-1-4] DEBUG org.asynchttpclient.netty.channel.ChannelManager - Adding key: http://localhost:59581 for channel [id: 0x0a9a60ba, L:/127.0.0.1:56871 - R:localhost/127.0.0.1:59581]
19:26:35.847 [Forwarding clickElement on session b6f2159a74eb9c3e0d4b102b9980e0ae to remote] DEBUG org.asynchttpclient.netty.request.NettyRequestSender - Using pooled Channel '[id: 0x0a9a60ba, L:/127.0.0.1:56871 - R:localhost/127.0.0.1:59581]' for 'POST' to 'http://localhost:59581/session/b6f2159a74eb9c3e0d4b102b9980e0ae/element/f7222753-6d4f-4562-8c63-39a4f73abded/click'
19:26:35.847 [Forwarding clickElement on session b6f2159a74eb9c3e0d4b102b9980e0ae to remote] DEBUG org.asynchttpclient.netty.request.NettyRequestSender - Using open Channel [id: 0x0a9a60ba, L:/127.0.0.1:56871 - R:localhost/127.0.0.1:59581] for POST '/session/b6f2159a74eb9c3e0d4b102b9980e0ae/element/f7222753-6d4f-4562-8c63-39a4f73abded/click'
19:26:35.920 [AsyncHttpClient-1-4] DEBUG org.asynchttpclient.netty.handler.HttpHandler - 

Request DefaultHttpRequest(decodeResult: success, version: HTTP/1.1)
POST /session/b6f2159a74eb9c3e0d4b102b9980e0ae/element/f7222753-6d4f-4562-8c63-39a4f73abded/click HTTP/1.1
User-Agent: selenium/4.1.2 (java windows)
Content-Length: 50
Content-Type: application/json; charset=utf-8
host: localhost:59581
accept: */*

Response DefaultHttpResponse(decodeResult: success, version: HTTP/1.1)
HTTP/1.1 200 OK
Content-Type: application/json; charset=utf-8
cache-control: no-cache
content-length: 14

19:26:35.923 [AsyncHttpClient-1-4] DEBUG org.asynchttpclient.netty.channel.ChannelManager - Adding key: http://localhost:59581 for channel [id: 0x0a9a60ba, L:/127.0.0.1:56871 - R:localhost/127.0.0.1:59581]
19:26:35.930 [Forwarding screenshot on session b6f2159a74eb9c3e0d4b102b9980e0ae to remote] DEBUG org.asynchttpclient.netty.request.NettyRequestSender - Using pooled Channel '[id: 0x0a9a60ba, L:/127.0.0.1:56871 - R:localhost/127.0.0.1:59581]' for 'GET' to 'http://localhost:59581/session/b6f2159a74eb9c3e0d4b102b9980e0ae/screenshot'
19:26:35.930 [Forwarding screenshot on session b6f2159a74eb9c3e0d4b102b9980e0ae to remote] DEBUG org.asynchttpclient.netty.request.NettyRequestSender - Using open Channel [id: 0x0a9a60ba, L:/127.0.0.1:56871 - R:localhost/127.0.0.1:59581] for GET '/session/b6f2159a74eb9c3e0d4b102b9980e0ae/screenshot'
19:26:36.359 [AsyncHttpClient-1-4] DEBUG org.asynchttpclient.netty.handler.HttpHandler - 

Request DefaultFullHttpRequest(decodeResult: success, version: HTTP/1.1, content: EmptyByteBufBE)
GET /session/b6f2159a74eb9c3e0d4b102b9980e0ae/screenshot HTTP/1.1
User-Agent: selenium/4.1.2 (java windows)
Cache-Control: no-cache
Content-Type: application/json; charset=utf-8
host: localhost:59581
accept: */*

Response DefaultHttpResponse(decodeResult: success, version: HTTP/1.1)
HTTP/1.1 200 OK
Content-Type: application/json; charset=utf-8
cache-control: no-cache
content-length: 56132

19:26:36.359 [AsyncHttpClient-1-4] DEBUG org.asynchttpclient.netty.channel.ChannelManager - Adding key: http://localhost:59581 for channel [id: 0x0a9a60ba, L:/127.0.0.1:56871 - R:localhost/127.0.0.1:59581]
19:26:36.364 [main] DEBUG net.serenitybdd.core.photography.Darkroom - Send negative for processing for target\site\serenity\3fc73c09861444a4930d89dc19c84b2c58c1aca697d0353df6dd4166ebc4bb1e.png
19:26:36.367 [main] DEBUG net.thucydides.core.steps.StepInterceptor - STEP DONE: clickLogin
19:26:36.367 [Darkroom Processing Line] DEBUG net.serenitybdd.core.photography.DarkroomProcessingLine - Processing screenshot image in /var/screenshots/screenshot-9295999706404036768
19:26:36.368 [Darkroom Processing Line] DEBUG net.serenitybdd.core.photography.DarkroomProcessingLine - Saving screenshot to target\site\serenity\3fc73c09861444a4930d89dc19c84b2c58c1aca697d0353df6dd4166ebc4bb1e.png
  &amp#27;[32mAnd &amp#27;[0m&amp#27;[32mclick login button&amp#27;[0m                 &amp#27;[90m# starter.stepdefinitions.stepdefinition.clickLoginButton()&amp#27;[0m
19:26:36.396 [main] DEBUG net.thucydides.core.steps.StepInterceptor - STARTING STEP: stepdefinition.iGetThe - validateLoginApp
19:26:36.404 [Forwarding findElement on session b6f2159a74eb9c3e0d4b102b9980e0ae to remote] DEBUG org.asynchttpclient.netty.request.NettyRequestSender - Using pooled Channel '[id: 0x0a9a60ba, L:/127.0.0.1:56871 - R:localhost/127.0.0.1:59581]' for 'POST' to 'http://localhost:59581/session/b6f2159a74eb9c3e0d4b102b9980e0ae/element'
19:26:36.404 [Forwarding findElement on session b6f2159a74eb9c3e0d4b102b9980e0ae to remote] DEBUG org.asynchttpclient.netty.request.NettyRequestSender - Using open Channel [id: 0x0a9a60ba, L:/127.0.0.1:56871 - R:localhost/127.0.0.1:59581] for POST '/session/b6f2159a74eb9c3e0d4b102b9980e0ae/element'
19:26:36.408 [AsyncHttpClient-1-4] DEBUG org.asynchttpclient.netty.handler.HttpHandler - 

Request DefaultHttpRequest(decodeResult: success, version: HTTP/1.1)
POST /session/b6f2159a74eb9c3e0d4b102b9980e0ae/element HTTP/1.1
User-Agent: selenium/4.1.2 (java windows)
Content-Length: 50
Content-Type: application/json; charset=utf-8
host: localhost:59581
accept: */*

Response DefaultHttpResponse(decodeResult: success, version: HTTP/1.1)
HTTP/1.1 400 Bad Request
Content-Type: application/json; charset=utf-8
cache-control: no-cache
content-length: 958

19:26:36.408 [AsyncHttpClient-1-4] DEBUG org.asynchttpclient.netty.channel.ChannelManager - Adding key: http://localhost:59581 for channel [id: 0x0a9a60ba, L:/127.0.0.1:56871 - R:localhost/127.0.0.1:59581]
19:26:36.411 [Forwarding findElement on session b6f2159a74eb9c3e0d4b102b9980e0ae to remote] DEBUG org.asynchttpclient.netty.request.NettyRequestSender - Using pooled Channel '[id: 0x0a9a60ba, L:/127.0.0.1:56871 - R:localhost/127.0.0.1:59581]' for 'POST' to 'http://localhost:59581/session/b6f2159a74eb9c3e0d4b102b9980e0ae/element'
19:26:36.411 [Forwarding findElement on session b6f2159a74eb9c3e0d4b102b9980e0ae to remote] DEBUG org.asynchttpclient.netty.request.NettyRequestSender - Using open Channel [id: 0x0a9a60ba, L:/127.0.0.1:56871 - R:localhost/127.0.0.1:59581] for POST '/session/b6f2159a74eb9c3e0d4b102b9980e0ae/element'
19:26:36.440 [AsyncHttpClient-1-4] DEBUG org.asynchttpclient.netty.handler.HttpHandler - 

Request DefaultHttpRequest(decodeResult: success, version: HTTP/1.1)
POST /session/b6f2159a74eb9c3e0d4b102b9980e0ae/element HTTP/1.1
User-Agent: selenium/4.1.2 (java windows)
Content-Length: 60
Content-Type: application/json; charset=utf-8
host: localhost:59581
accept: */*

Response DefaultHttpResponse(decodeResult: success, version: HTTP/1.1)
HTTP/1.1 200 OK
Content-Type: application/json; charset=utf-8
cache-control: no-cache
content-length: 88

19:26:36.440 [AsyncHttpClient-1-4] DEBUG org.asynchttpclient.netty.channel.ChannelManager - Adding key: http://localhost:59581 for channel [id: 0x0a9a60ba, L:/127.0.0.1:56871 - R:localhost/127.0.0.1:59581]
19:26:36.448 [Forwarding isElementDisplayed on session b6f2159a74eb9c3e0d4b102b9980e0ae to remote] DEBUG org.asynchttpclient.netty.request.NettyRequestSender - Using pooled Channel '[id: 0x0a9a60ba, L:/127.0.0.1:56871 - R:localhost/127.0.0.1:59581]' for 'POST' to 'http://localhost:59581/session/b6f2159a74eb9c3e0d4b102b9980e0ae/execute/sync'
19:26:36.450 [Forwarding isElementDisplayed on session b6f2159a74eb9c3e0d4b102b9980e0ae to remote] DEBUG org.asynchttpclient.netty.request.NettyRequestSender - Using open Channel [id: 0x0a9a60ba, L:/127.0.0.1:56871 - R:localhost/127.0.0.1:59581] for POST '/session/b6f2159a74eb9c3e0d4b102b9980e0ae/execute/sync'
19:26:36.473 [AsyncHttpClient-1-4] DEBUG org.asynchttpclient.netty.handler.HttpHandler - 

Request DefaultHttpRequest(decodeResult: success, version: HTTP/1.1)
POST /session/b6f2159a74eb9c3e0d4b102b9980e0ae/execute/sync HTTP/1.1
User-Agent: selenium/4.1.2 (java windows)
Content-Length: 48780
Content-Type: application/json; charset=utf-8
host: localhost:59581
accept: */*

Response DefaultHttpResponse(decodeResult: success, version: HTTP/1.1)
HTTP/1.1 200 OK
Content-Type: application/json; charset=utf-8
cache-control: no-cache
content-length: 14

19:26:36.473 [AsyncHttpClient-1-4] DEBUG org.asynchttpclient.netty.channel.ChannelManager - Adding key: http://localhost:59581 for channel [id: 0x0a9a60ba, L:/127.0.0.1:56871 - R:localhost/127.0.0.1:59581]
19:26:36.481 [Forwarding screenshot on session b6f2159a74eb9c3e0d4b102b9980e0ae to remote] DEBUG org.asynchttpclient.netty.request.NettyRequestSender - Using pooled Channel '[id: 0x0a9a60ba, L:/127.0.0.1:56871 - R:localhost/127.0.0.1:59581]' for 'GET' to 'http://localhost:59581/session/b6f2159a74eb9c3e0d4b102b9980e0ae/screenshot'
19:26:36.481 [Forwarding screenshot on session b6f2159a74eb9c3e0d4b102b9980e0ae to remote] DEBUG org.asynchttpclient.netty.request.NettyRequestSender - Using open Channel [id: 0x0a9a60ba, L:/127.0.0.1:56871 - R:localhost/127.0.0.1:59581] for GET '/session/b6f2159a74eb9c3e0d4b102b9980e0ae/screenshot'
19:26:36.610 [AsyncHttpClient-1-1] DEBUG org.asynchttpclient.netty.channel.DefaultChannelPool - Entry count for : http://localhost:56872 : 1
19:26:36.667 [AsyncHttpClient-1-4] DEBUG org.asynchttpclient.netty.handler.HttpHandler - 

Request DefaultFullHttpRequest(decodeResult: success, version: HTTP/1.1, content: EmptyByteBufBE)
GET /session/b6f2159a74eb9c3e0d4b102b9980e0ae/screenshot HTTP/1.1
User-Agent: selenium/4.1.2 (java windows)
Cache-Control: no-cache
Content-Type: application/json; charset=utf-8
host: localhost:59581
accept: */*

Response DefaultHttpResponse(decodeResult: success, version: HTTP/1.1)
HTTP/1.1 200 OK
Content-Type: application/json; charset=utf-8
cache-control: no-cache
content-length: 53820

19:26:36.667 [AsyncHttpClient-1-4] DEBUG org.asynchttpclient.netty.channel.ChannelManager - Adding key: http://localhost:59581 for channel [id: 0x0a9a60ba, L:/127.0.0.1:56871 - R:localhost/127.0.0.1:59581]
19:26:36.670 [main] DEBUG net.serenitybdd.core.photography.Darkroom - Send negative for processing for target\site\serenity\92aad7a9e9c087429648f437d26c10b7e4b0706e4d6677ea6eb2e873967ca57c.png
19:26:36.672 [main] DEBUG net.thucydides.core.steps.StepInterceptor - STEP DONE: validateLoginApp
19:26:36.672 [Darkroom Processing Line] DEBUG net.serenitybdd.core.photography.DarkroomProcessingLine - Processing screenshot image in /var/screenshots/screenshot-16818928238551994714
19:26:36.672 [Darkroom Processing Line] DEBUG net.serenitybdd.core.photography.DarkroomProcessingLine - Saving screenshot to target\site\serenity\92aad7a9e9c087429648f437d26c10b7e4b0706e4d6677ea6eb2e873967ca57c.png
19:26:36.682 [main] DEBUG net.thucydides.core.steps.StepInterceptor - STARTING STEP: stepdefinition.iGetThe - displayErrorMessage
19:26:36.687 [main] DEBUG net.thucydides.core.steps.StepInterceptor - STEP DONE: displayErrorMessage
  &amp#27;[32mThen &amp#27;[0m&amp#27;[32mi get the &amp#27;[0m&amp#27;[32m&amp#27;[1m"Login Page"&amp#27;[0m            &amp#27;[90m# starter.stepdefinitions.stepdefinition.iGetThe(java.lang.String)&amp#27;[0m
19:26:36.704 [AsyncHttpClient-1-6] DEBUG org.asynchttpclient.netty.handler.WebSocketHandler - Channel Closed: [id: 0x4a9c4899, L:/127.0.0.1:56882 ! R:localhost/127.0.0.1:56872] with attribute NettyResponseFuture{currentRetry=5,
	isDone=1,
	isCancelled=0,
	asyncHandler=org.asynchttpclient.ws.WebSocketUpgradeHandler@375b3813,
	nettyRequest=org.asynchttpclient.netty.request.NettyRequest@1d4391b8,
	future=java.util.concurrent.CompletableFuture@4fd7087a[Completed normally],
	uri=ws://localhost:56872/devtools/browser/a05a04e3-87ea-4a44-9a67-6ec623eb7f0d,
	keepAlive=true,
	redirectCount=0,
	timeoutsHolder=null,
	inAuth=0,
	touch=1651321587870}
19:26:36.704 [AsyncHttpClient-1-6] DEBUG org.asynchttpclient.netty.channel.ChannelManager - Closing Channel [id: 0x4a9c4899, L:/127.0.0.1:56882 ! R:localhost/127.0.0.1:56872] 
19:26:36.704 [Driver Command Executor] DEBUG org.asynchttpclient.netty.request.NettyRequestSender - Using pooled Channel '[id: 0x0a9a60ba, L:/127.0.0.1:56871 - R:localhost/127.0.0.1:59581]' for 'DELETE' to 'http://localhost:59581/session/b6f2159a74eb9c3e0d4b102b9980e0ae'
19:26:36.705 [Driver Command Executor] DEBUG org.asynchttpclient.netty.request.NettyRequestSender - Using open Channel [id: 0x0a9a60ba, L:/127.0.0.1:56871 - R:localhost/127.0.0.1:59581] for DELETE '/session/b6f2159a74eb9c3e0d4b102b9980e0ae'
19:26:36.768 [AsyncHttpClient-1-5] DEBUG org.asynchttpclient.netty.handler.HttpHandler - Unexpected I/O exception on channel [id: 0x82649b37, L:/127.0.0.1:56881 - R:localhost/127.0.0.1:56872]
java.net.SocketException: Connection reset
	at java.base/sun.nio.ch.SocketChannelImpl.throwConnectionReset(SocketChannelImpl.java:367)
	at java.base/sun.nio.ch.SocketChannelImpl.read(SocketChannelImpl.java:398)
	at io.netty.buffer.PooledByteBuf.setBytes(PooledByteBuf.java:258)
	at io.netty.buffer.AbstractByteBuf.writeBytes(AbstractByteBuf.java:1132)
	at io.netty.channel.socket.nio.NioSocketChannel.doReadBytes(NioSocketChannel.java:350)
	at io.netty.channel.nio.AbstractNioByteChannel$NioByteUnsafe.read(AbstractNioByteChannel.java:151)
	at io.netty.channel.nio.NioEventLoop.processSelectedKey(NioEventLoop.java:722)
	at io.netty.channel.nio.NioEventLoop.processSelectedKeysOptimized(NioEventLoop.java:658)
	at io.netty.channel.nio.NioEventLoop.processSelectedKeys(NioEventLoop.java:584)
	at io.netty.channel.nio.NioEventLoop.run(NioEventLoop.java:496)
	at io.netty.util.concurrent.SingleThreadEventExecutor$4.run(SingleThreadEventExecutor.java:986)
	at io.netty.util.internal.ThreadExecutorMap$2.run(ThreadExecutorMap.java:74)
	at io.netty.util.concurrent.FastThreadLocalRunnable.run(FastThreadLocalRunnable.java:30)
	at java.base/java.lang.Thread.run(Thread.java:832)
19:26:36.768 [AsyncHttpClient-1-5] DEBUG org.asynchttpclient.netty.channel.ChannelManager - Closing Channel [id: 0x82649b37, L:/127.0.0.1:56881 - R:localhost/127.0.0.1:56872] 
19:26:36.768 [AsyncHttpClient-1-5] DEBUG org.asynchttpclient.netty.handler.HttpHandler - Channel Closed: [id: 0x82649b37, L:/127.0.0.1:56881 ! R:localhost/127.0.0.1:56872] with attribute DISCARD
19:26:36.795 [AsyncHttpClient-1-4] DEBUG org.asynchttpclient.netty.handler.HttpHandler - 

Request DefaultFullHttpRequest(decodeResult: success, version: HTTP/1.1, content: EmptyByteBufBE)
DELETE /session/b6f2159a74eb9c3e0d4b102b9980e0ae HTTP/1.1
User-Agent: selenium/4.1.2 (java windows)
Content-Type: application/json; charset=utf-8
host: localhost:59581
accept: */*

Response DefaultHttpResponse(decodeResult: success, version: HTTP/1.1)
HTTP/1.1 200 OK
Content-Type: application/json; charset=utf-8
cache-control: no-cache
content-length: 14

19:26:36.798 [AsyncHttpClient-1-4] DEBUG org.asynchttpclient.netty.channel.ChannelManager - Adding key: http://localhost:59581 for channel [id: 0x0a9a60ba, L:/127.0.0.1:56871 - R:localhost/127.0.0.1:59581]
19:26:36.986 [AsyncHttpClient-1-4] DEBUG org.asynchttpclient.netty.handler.HttpHandler - Channel Closed: [id: 0x0a9a60ba, L:/127.0.0.1:56871 ! R:localhost/127.0.0.1:59581] with attribute DISCARD
]]></system-out>
    <system-err><![CDATA[Starting ChromeDriver 100.0.4896.60 (6a5d10861ce8de5fce22564658033b43cb7de047-refs/branch-heads/4896@{#875}) on port 59581
Only local connections are allowed.
Please see https://chromedriver.chromium.org/security-considerations for suggestions on keeping ChromeDriver safe.
ChromeDriver was started successfully.
Apr 30, 2022 7:26:27 PM org.openqa.selenium.remote.ProtocolHandshake createSession
INFO: Detected dialect: W3C
Apr 30, 2022 7:26:27 PM org.openqa.selenium.devtools.CdpVersionFinder findNearestMatch
WARNING: Unable to find an exact match for CDP version 100, so returning the closest version found: 97
Apr 30, 2022 7:26:27 PM org.openqa.selenium.devtools.CdpVersionFinder findNearestMatch
INFO: Found CDP implementation for version 100 of 97
]]></system-err>
  </testcase>
  <testcase name="Registration scenario" classname="Registration" time="13.172">
    <system-out><![CDATA[19:26:37.508 [main] INFO io.cucumber.core.plugin.SerenityReporter - Running feature from file:///D:/PERKULIAHAN/Semester%206,Hebatt%20glad!/Altera/QE_Gladys-Cindana-Asri-Pardosi/Mini-Project/Web/src/test/resources/features/register.feature
19:26:37.514 [main] DEBUG net.thucydides.core.steps.StepEventBus - Test suite started for story net.thucydides.core.model.Story@9f729512
19:26:37.517 [main] INFO  - Test Suite Started: Registration

@register
Scenario Outline: Registration scenario  &amp#27;[90m# src/test/resources/features/register.feature:21&amp#27;[0m
19:26:37.529 [main] INFO io.cucumber.core.plugin.SerenityReporter - Running feature from file:///D:/PERKULIAHAN/Semester%206,Hebatt%20glad!/Altera/QE_Gladys-Cindana-Asri-Pardosi/Mini-Project/Web/src/test/resources/features/register.feature
19:26:37.537 [main] INFO  - 
  _____   ___   ___   _____     ___   _____     _     ___   _____   ___   ___  
 |_   _| | __| / __| |_   _|   / __| |_   _|   /_\   | _ \ |_   _| | __| |   \ 
   | |   | _|  \__ \   | |     \__ \   | |    / _ \  |   /   | |   | _|  | |) |
   |_|   |___| |___/   |_|     |___/   |_|   /_/ \_\ |_|_\   |_|   |___| |___/ 

Registration scenario(registration;registration-scenario)
--------------------------------------------------------------------------------
19:26:37.579 [main] INFO net.serenitybdd.core.webdriver.driverproviders.ChromeDriverProvider - Using automatically driver download
19:26:37.709 [AsyncHttpClient-1-1] DEBUG org.asynchttpclient.netty.channel.DefaultChannelPool - Entry count for : http://localhost:59581 : 1
19:26:37.709 [AsyncHttpClient-1-1] DEBUG org.asynchttpclient.netty.channel.DefaultChannelPool - Entry count for : http://localhost:56872 : 1
19:26:37.709 [AsyncHttpClient-1-1] DEBUG org.asynchttpclient.netty.channel.DefaultChannelPool - Adding Candidate expired Channel [id: 0x0a9a60ba, L:/127.0.0.1:56871 ! R:localhost/127.0.0.1:59581] isIdleTimeoutExpired=false isRemotelyClosed=true isTtlExpired=false
19:26:37.709 [AsyncHttpClient-1-1] DEBUG org.asynchttpclient.netty.channel.DefaultChannelPool - Closing Idle Channel [id: 0x0a9a60ba, L:/127.0.0.1:56871 ! R:localhost/127.0.0.1:59581]
19:26:37.709 [AsyncHttpClient-1-1] DEBUG org.asynchttpclient.netty.channel.DefaultChannelPool - Adding Candidate expired Channel [id: 0x82649b37, L:/127.0.0.1:56881 ! R:localhost/127.0.0.1:56872] isIdleTimeoutExpired=false isRemotelyClosed=true isTtlExpired=false
19:26:37.709 [AsyncHttpClient-1-1] DEBUG org.asynchttpclient.netty.channel.DefaultChannelPool - Closing Idle Channel [id: 0x82649b37, L:/127.0.0.1:56881 ! R:localhost/127.0.0.1:56872]
19:26:37.709 [AsyncHttpClient-1-1] DEBUG org.asynchttpclient.netty.channel.DefaultChannelPool - Closed 2 connections out of 2 in 0 ms
19:26:37.746 [main] DEBUG io.github.bonigarcia.wdm.cache.ResolutionCache - Resolution chrome=100 in cache (valid until 19:49:42 30/04/2022 WIB)
19:26:37.756 [main] DEBUG io.github.bonigarcia.wdm.cache.ResolutionCache - Resolution chrome100=100.0.4896.60 in cache (valid until 18:49:42 01/05/2022 WIB)
19:26:37.759 [main] INFO io.github.bonigarcia.wdm.WebDriverManager - Using chromedriver 100.0.4896.60 (resolved driver for Chrome 100)
19:26:37.780 [main] DEBUG io.github.bonigarcia.wdm.WebDriverManager - Driver chromedriver 100.0.4896.60 found in cache
19:26:37.782 [main] INFO io.github.bonigarcia.wdm.WebDriverManager - Exporting webdriver.chrome.driver as C:\Users\ASUS\.cache\selenium\chromedriver\win32\100.0.4896.60\chromedriver.exe
19:26:37.944 [main] DEBUG net.serenitybdd.core.webdriver.driverproviders.ProvideNewDriver - Instantiating driver
19:26:37.944 [main] DEBUG net.serenitybdd.core.webdriver.driverproviders.ProvideNewDriver - Driver capabilities: Capabilities {acceptInsecureCerts: false, base.url: , browserName: chrome, goog:chromeOptions: {args: [], extensions: []}}
19:26:38.490 [AsyncHttpClient-1-7] DEBUG org.asynchttpclient.netty.channel.NettyConnectListener - Using new Channel '[id: 0x515be658, L:/127.0.0.1:56909 - R:localhost/127.0.0.1:57305]' for 'POST' to '/session'
19:26:39.957 [AsyncHttpClient-1-7] DEBUG org.asynchttpclient.netty.handler.HttpHandler - 

Request DefaultHttpRequest(decodeResult: success, version: HTTP/1.1)
POST /session HTTP/1.1
User-Agent: selenium/4.1.2 (java windows)
Content-Length: 457
Content-Type: application/json; charset=utf-8
host: localhost:57305
accept: */*

Response DefaultHttpResponse(decodeResult: success, version: HTTP/1.1)
HTTP/1.1 200 OK
Content-Type: application/json; charset=utf-8
cache-control: no-cache
content-length: 790

19:26:39.959 [AsyncHttpClient-1-7] DEBUG org.asynchttpclient.netty.channel.ChannelManager - Adding key: http://localhost:57305 for channel [id: 0x515be658, L:/127.0.0.1:56909 - R:localhost/127.0.0.1:57305]
19:26:39.977 [AsyncHttpClient-1-8] DEBUG org.asynchttpclient.netty.channel.NettyConnectListener - Using new Channel '[id: 0x2cb0ba3e, L:/127.0.0.1:56919 - R:localhost/127.0.0.1:56910]' for 'GET' to '/json/version'
19:26:39.979 [AsyncHttpClient-1-8] DEBUG org.asynchttpclient.netty.handler.HttpHandler - 

Request DefaultFullHttpRequest(decodeResult: success, version: HTTP/1.1, content: EmptyByteBufBE)
GET /json/version HTTP/1.1
User-Agent: selenium/4.1.2 (java windows)
host: localhost:56910
accept: */*

Response DefaultHttpResponse(decodeResult: success, version: HTTP/1.1)
HTTP/1.1 200 OK
Content-Type: application/json; charset=UTF-8
content-length: 429

19:26:39.979 [AsyncHttpClient-1-8] DEBUG org.asynchttpclient.netty.channel.ChannelManager - Adding key: http://localhost:56910 for channel [id: 0x2cb0ba3e, L:/127.0.0.1:56919 - R:localhost/127.0.0.1:56910]
19:26:39.984 [AsyncHttpClient-1-9] DEBUG org.asynchttpclient.netty.channel.NettyConnectListener - Using new Channel '[id: 0xa3564cda, L:/127.0.0.1:56920 - R:localhost/127.0.0.1:56910]' for 'GET' to '/devtools/browser/cff71d81-1118-4e02-a71e-7aa286acf1bb'
19:26:39.987 [AsyncHttpClient-1-9] DEBUG org.asynchttpclient.netty.handler.WebSocketHandler - 

Request DefaultFullHttpRequest(decodeResult: success, version: HTTP/1.1, content: EmptyByteBufBE)
GET /devtools/browser/cff71d81-1118-4e02-a71e-7aa286acf1bb HTTP/1.1
upgrade: websocket
connection: upgrade
sec-websocket-key: 1sQTXdrfbB+JVl9LOyFFUA==
sec-websocket-version: 13
origin: http://localhost:56910
host: localhost:56910
accept: */*
user-agent: AHC/2.1

Response DefaultHttpResponse(decodeResult: success, version: HTTP/1.1)
HTTP/1.1 101 WebSocket Protocol Handshake
Upgrade: WebSocket
Connection: Upgrade
Sec-WebSocket-Accept: /z4+fc0YPTCHYdtijS1cEE+cODg=

19:26:39.999 [Forwarding get on session d9454d953e25f098eb13b689e7306cf4 to remote] DEBUG org.asynchttpclient.netty.request.NettyRequestSender - Using pooled Channel '[id: 0x515be658, L:/127.0.0.1:56909 - R:localhost/127.0.0.1:57305]' for 'POST' to 'http://localhost:57305/session/d9454d953e25f098eb13b689e7306cf4/url'
19:26:39.999 [Forwarding get on session d9454d953e25f098eb13b689e7306cf4 to remote] DEBUG org.asynchttpclient.netty.request.NettyRequestSender - Using open Channel [id: 0x515be658, L:/127.0.0.1:56909 - R:localhost/127.0.0.1:57305] for POST '/session/d9454d953e25f098eb13b689e7306cf4/url'
19:26:41.008 [AsyncHttpClient-1-1] DEBUG org.asynchttpclient.netty.channel.DefaultChannelPool - Entry count for : http://localhost:56910 : 1
19:26:42.110 [AsyncHttpClient-1-1] DEBUG org.asynchttpclient.netty.channel.DefaultChannelPool - Entry count for : http://localhost:56910 : 1
19:26:43.209 [AsyncHttpClient-1-1] DEBUG org.asynchttpclient.netty.channel.DefaultChannelPool - Entry count for : http://localhost:56910 : 1
19:26:44.308 [AsyncHttpClient-1-1] DEBUG org.asynchttpclient.netty.channel.DefaultChannelPool - Entry count for : http://localhost:56910 : 1
19:26:45.410 [AsyncHttpClient-1-1] DEBUG org.asynchttpclient.netty.channel.DefaultChannelPool - Entry count for : http://localhost:56910 : 1
19:26:46.131 [AsyncHttpClient-1-7] DEBUG org.asynchttpclient.netty.handler.HttpHandler - 

Request DefaultHttpRequest(decodeResult: success, version: HTTP/1.1)
POST /session/d9454d953e25f098eb13b689e7306cf4/url HTTP/1.1
User-Agent: selenium/4.1.2 (java windows)
Content-Length: 49
Content-Type: application/json; charset=utf-8
host: localhost:57305
accept: */*

Response DefaultHttpResponse(decodeResult: success, version: HTTP/1.1)
HTTP/1.1 200 OK
Content-Type: application/json; charset=utf-8
cache-control: no-cache
content-length: 14

19:26:46.131 [AsyncHttpClient-1-7] DEBUG org.asynchttpclient.netty.channel.ChannelManager - Adding key: http://localhost:57305 for channel [id: 0x515be658, L:/127.0.0.1:56909 - R:localhost/127.0.0.1:57305]
19:26:46.136 [Forwarding setTimeout on session d9454d953e25f098eb13b689e7306cf4 to remote] DEBUG org.asynchttpclient.netty.request.NettyRequestSender - Using pooled Channel '[id: 0x515be658, L:/127.0.0.1:56909 - R:localhost/127.0.0.1:57305]' for 'POST' to 'http://localhost:57305/session/d9454d953e25f098eb13b689e7306cf4/timeouts'
19:26:46.136 [Forwarding setTimeout on session d9454d953e25f098eb13b689e7306cf4 to remote] DEBUG org.asynchttpclient.netty.request.NettyRequestSender - Using open Channel [id: 0x515be658, L:/127.0.0.1:56909 - R:localhost/127.0.0.1:57305] for POST '/session/d9454d953e25f098eb13b689e7306cf4/timeouts'
19:26:46.136 [AsyncHttpClient-1-7] DEBUG org.asynchttpclient.netty.handler.HttpHandler - 

Request DefaultHttpRequest(decodeResult: success, version: HTTP/1.1)
POST /session/d9454d953e25f098eb13b689e7306cf4/timeouts HTTP/1.1
User-Agent: selenium/4.1.2 (java windows)
Content-Length: 22
Content-Type: application/json; charset=utf-8
host: localhost:57305
accept: */*

Response DefaultHttpResponse(decodeResult: success, version: HTTP/1.1)
HTTP/1.1 200 OK
Content-Type: application/json; charset=utf-8
cache-control: no-cache
content-length: 14

19:26:46.136 [AsyncHttpClient-1-7] DEBUG org.asynchttpclient.netty.channel.ChannelManager - Adding key: http://localhost:57305 for channel [id: 0x515be658, L:/127.0.0.1:56909 - R:localhost/127.0.0.1:57305]
19:26:46.142 [Forwarding getCurrentUrl on session d9454d953e25f098eb13b689e7306cf4 to remote] DEBUG org.asynchttpclient.netty.request.NettyRequestSender - Using pooled Channel '[id: 0x515be658, L:/127.0.0.1:56909 - R:localhost/127.0.0.1:57305]' for 'GET' to 'http://localhost:57305/session/d9454d953e25f098eb13b689e7306cf4/url'
19:26:46.142 [Forwarding getCurrentUrl on session d9454d953e25f098eb13b689e7306cf4 to remote] DEBUG org.asynchttpclient.netty.request.NettyRequestSender - Using open Channel [id: 0x515be658, L:/127.0.0.1:56909 - R:localhost/127.0.0.1:57305] for GET '/session/d9454d953e25f098eb13b689e7306cf4/url'
19:26:46.152 [AsyncHttpClient-1-7] DEBUG org.asynchttpclient.netty.handler.HttpHandler - 

Request DefaultFullHttpRequest(decodeResult: success, version: HTTP/1.1, content: EmptyByteBufBE)
GET /session/d9454d953e25f098eb13b689e7306cf4/url HTTP/1.1
User-Agent: selenium/4.1.2 (java windows)
Cache-Control: no-cache
Content-Type: application/json; charset=utf-8
host: localhost:57305
accept: */*

Response DefaultHttpResponse(decodeResult: success, version: HTTP/1.1)
HTTP/1.1 200 OK
Content-Type: application/json; charset=utf-8
cache-control: no-cache
content-length: 31

19:26:46.152 [AsyncHttpClient-1-7] DEBUG org.asynchttpclient.netty.channel.ChannelManager - Adding key: http://localhost:57305 for channel [id: 0x515be658, L:/127.0.0.1:56909 - R:localhost/127.0.0.1:57305]
  &amp#27;[32mGiven &amp#27;[0m&amp#27;[32mi access the web&amp#27;[0m                 &amp#27;[90m# starter.stepdefinitions.registerStep.iAccessTheWeb()&amp#27;[0m
19:26:46.162 [main] DEBUG net.serenitybdd.core.photography.Darkroom - Opening darkroom
19:26:46.165 [Darkroom Processing Line] DEBUG net.serenitybdd.core.photography.DarkroomProcessingLine - Darkroom processing line starting up
19:26:46.165 [Forwarding screenshot on session d9454d953e25f098eb13b689e7306cf4 to remote] DEBUG org.asynchttpclient.netty.request.NettyRequestSender - Using pooled Channel '[id: 0x515be658, L:/127.0.0.1:56909 - R:localhost/127.0.0.1:57305]' for 'GET' to 'http://localhost:57305/session/d9454d953e25f098eb13b689e7306cf4/screenshot'
19:26:46.165 [Forwarding screenshot on session d9454d953e25f098eb13b689e7306cf4 to remote] DEBUG org.asynchttpclient.netty.request.NettyRequestSender - Using open Channel [id: 0x515be658, L:/127.0.0.1:56909 - R:localhost/127.0.0.1:57305] for GET '/session/d9454d953e25f098eb13b689e7306cf4/screenshot'
19:26:46.370 [AsyncHttpClient-1-7] DEBUG org.asynchttpclient.netty.handler.HttpHandler - 

Request DefaultFullHttpRequest(decodeResult: success, version: HTTP/1.1, content: EmptyByteBufBE)
GET /session/d9454d953e25f098eb13b689e7306cf4/screenshot HTTP/1.1
User-Agent: selenium/4.1.2 (java windows)
Cache-Control: no-cache
Content-Type: application/json; charset=utf-8
host: localhost:57305
accept: */*

Response DefaultHttpResponse(decodeResult: success, version: HTTP/1.1)
HTTP/1.1 200 OK
Content-Type: application/json; charset=utf-8
cache-control: no-cache
content-length: 49788

19:26:46.370 [AsyncHttpClient-1-7] DEBUG org.asynchttpclient.netty.channel.ChannelManager - Adding key: http://localhost:57305 for channel [id: 0x515be658, L:/127.0.0.1:56909 - R:localhost/127.0.0.1:57305]
19:26:46.375 [main] DEBUG net.serenitybdd.core.photography.Darkroom - Send negative for processing for target\site\serenity\e6a63c95d3bdf56a788b726a2a4cb3add5c6ed242822e36dd69a8dc52fd32436.png
19:26:46.385 [Forwarding findElement on session d9454d953e25f098eb13b689e7306cf4 to remote] DEBUG org.asynchttpclient.netty.request.NettyRequestSender - Using pooled Channel '[id: 0x515be658, L:/127.0.0.1:56909 - R:localhost/127.0.0.1:57305]' for 'POST' to 'http://localhost:57305/session/d9454d953e25f098eb13b689e7306cf4/element'
19:26:46.385 [Forwarding findElement on session d9454d953e25f098eb13b689e7306cf4 to remote] DEBUG org.asynchttpclient.netty.request.NettyRequestSender - Using open Channel [id: 0x515be658, L:/127.0.0.1:56909 - R:localhost/127.0.0.1:57305] for POST '/session/d9454d953e25f098eb13b689e7306cf4/element'
19:26:46.410 [AsyncHttpClient-1-7] DEBUG org.asynchttpclient.netty.handler.HttpHandler - 

Request DefaultHttpRequest(decodeResult: success, version: HTTP/1.1)
POST /session/d9454d953e25f098eb13b689e7306cf4/element HTTP/1.1
User-Agent: selenium/4.1.2 (java windows)
Content-Length: 170
Content-Type: application/json; charset=utf-8
host: localhost:57305
accept: */*

Response DefaultHttpResponse(decodeResult: success, version: HTTP/1.1)
HTTP/1.1 200 OK
Content-Type: application/json; charset=utf-8
cache-control: no-cache
content-length: 88

19:26:46.410 [AsyncHttpClient-1-7] DEBUG org.asynchttpclient.netty.channel.ChannelManager - Adding key: http://localhost:57305 for channel [id: 0x515be658, L:/127.0.0.1:56909 - R:localhost/127.0.0.1:57305]
19:26:46.415 [Forwarding getElementTagName on session d9454d953e25f098eb13b689e7306cf4 to remote] DEBUG org.asynchttpclient.netty.request.NettyRequestSender - Using pooled Channel '[id: 0x515be658, L:/127.0.0.1:56909 - R:localhost/127.0.0.1:57305]' for 'GET' to 'http://localhost:57305/session/d9454d953e25f098eb13b689e7306cf4/element/456c698f-a195-47f4-b188-e7aba48e53f3/name'
19:26:46.415 [Forwarding getElementTagName on session d9454d953e25f098eb13b689e7306cf4 to remote] DEBUG org.asynchttpclient.netty.request.NettyRequestSender - Using open Channel [id: 0x515be658, L:/127.0.0.1:56909 - R:localhost/127.0.0.1:57305] for GET '/session/d9454d953e25f098eb13b689e7306cf4/element/456c698f-a195-47f4-b188-e7aba48e53f3/name'
19:26:46.423 [AsyncHttpClient-1-7] DEBUG org.asynchttpclient.netty.handler.HttpHandler - 

Request DefaultFullHttpRequest(decodeResult: success, version: HTTP/1.1, content: EmptyByteBufBE)
GET /session/d9454d953e25f098eb13b689e7306cf4/element/456c698f-a195-47f4-b188-e7aba48e53f3/name HTTP/1.1
User-Agent: selenium/4.1.2 (java windows)
Cache-Control: no-cache
Content-Type: application/json; charset=utf-8
host: localhost:57305
accept: */*

Response DefaultHttpResponse(decodeResult: success, version: HTTP/1.1)
HTTP/1.1 200 OK
Content-Type: application/json; charset=utf-8
cache-control: no-cache
content-length: 13

19:26:46.423 [AsyncHttpClient-1-7] DEBUG org.asynchttpclient.netty.channel.ChannelManager - Adding key: http://localhost:57305 for channel [id: 0x515be658, L:/127.0.0.1:56909 - R:localhost/127.0.0.1:57305]
19:26:46.425 [Forwarding getElementTagName on session d9454d953e25f098eb13b689e7306cf4 to remote] DEBUG org.asynchttpclient.netty.request.NettyRequestSender - Using pooled Channel '[id: 0x515be658, L:/127.0.0.1:56909 - R:localhost/127.0.0.1:57305]' for 'GET' to 'http://localhost:57305/session/d9454d953e25f098eb13b689e7306cf4/element/456c698f-a195-47f4-b188-e7aba48e53f3/name'
19:26:46.425 [Forwarding getElementTagName on session d9454d953e25f098eb13b689e7306cf4 to remote] DEBUG org.asynchttpclient.netty.request.NettyRequestSender - Using open Channel [id: 0x515be658, L:/127.0.0.1:56909 - R:localhost/127.0.0.1:57305] for GET '/session/d9454d953e25f098eb13b689e7306cf4/element/456c698f-a195-47f4-b188-e7aba48e53f3/name'
19:26:46.433 [AsyncHttpClient-1-7] DEBUG org.asynchttpclient.netty.handler.HttpHandler - 

Request DefaultFullHttpRequest(decodeResult: success, version: HTTP/1.1, content: EmptyByteBufBE)
GET /session/d9454d953e25f098eb13b689e7306cf4/element/456c698f-a195-47f4-b188-e7aba48e53f3/name HTTP/1.1
User-Agent: selenium/4.1.2 (java windows)
Cache-Control: no-cache
Content-Type: application/json; charset=utf-8
host: localhost:57305
accept: */*

Response DefaultHttpResponse(decodeResult: success, version: HTTP/1.1)
HTTP/1.1 200 OK
Content-Type: application/json; charset=utf-8
cache-control: no-cache
content-length: 13

19:26:46.435 [AsyncHttpClient-1-7] DEBUG org.asynchttpclient.netty.channel.ChannelManager - Adding key: http://localhost:57305 for channel [id: 0x515be658, L:/127.0.0.1:56909 - R:localhost/127.0.0.1:57305]
19:26:46.438 [Forwarding findElement on session d9454d953e25f098eb13b689e7306cf4 to remote] DEBUG org.asynchttpclient.netty.request.NettyRequestSender - Using pooled Channel '[id: 0x515be658, L:/127.0.0.1:56909 - R:localhost/127.0.0.1:57305]' for 'POST' to 'http://localhost:57305/session/d9454d953e25f098eb13b689e7306cf4/element'
19:26:46.438 [Forwarding findElement on session d9454d953e25f098eb13b689e7306cf4 to remote] DEBUG org.asynchttpclient.netty.request.NettyRequestSender - Using open Channel [id: 0x515be658, L:/127.0.0.1:56909 - R:localhost/127.0.0.1:57305] for POST '/session/d9454d953e25f098eb13b689e7306cf4/element'
19:26:46.458 [AsyncHttpClient-1-7] DEBUG org.asynchttpclient.netty.handler.HttpHandler - 

Request DefaultHttpRequest(decodeResult: success, version: HTTP/1.1)
POST /session/d9454d953e25f098eb13b689e7306cf4/element HTTP/1.1
User-Agent: selenium/4.1.2 (java windows)
Content-Length: 170
Content-Type: application/json; charset=utf-8
host: localhost:57305
accept: */*

Response DefaultHttpResponse(decodeResult: success, version: HTTP/1.1)
HTTP/1.1 200 OK
Content-Type: application/json; charset=utf-8
cache-control: no-cache
content-length: 88

19:26:46.458 [AsyncHttpClient-1-7] DEBUG org.asynchttpclient.netty.channel.ChannelManager - Adding key: http://localhost:57305 for channel [id: 0x515be658, L:/127.0.0.1:56909 - R:localhost/127.0.0.1:57305]
19:26:46.460 [Forwarding clickElement on session d9454d953e25f098eb13b689e7306cf4 to remote] DEBUG org.asynchttpclient.netty.request.NettyRequestSender - Using pooled Channel '[id: 0x515be658, L:/127.0.0.1:56909 - R:localhost/127.0.0.1:57305]' for 'POST' to 'http://localhost:57305/session/d9454d953e25f098eb13b689e7306cf4/element/456c698f-a195-47f4-b188-e7aba48e53f3/click'
19:26:46.460 [Forwarding clickElement on session d9454d953e25f098eb13b689e7306cf4 to remote] DEBUG org.asynchttpclient.netty.request.NettyRequestSender - Using open Channel [id: 0x515be658, L:/127.0.0.1:56909 - R:localhost/127.0.0.1:57305] for POST '/session/d9454d953e25f098eb13b689e7306cf4/element/456c698f-a195-47f4-b188-e7aba48e53f3/click'
19:26:46.508 [AsyncHttpClient-1-1] DEBUG org.asynchttpclient.netty.channel.DefaultChannelPool - Entry count for : http://localhost:56910 : 1
19:26:46.544 [AsyncHttpClient-1-7] DEBUG org.asynchttpclient.netty.handler.HttpHandler - 

Request DefaultHttpRequest(decodeResult: success, version: HTTP/1.1)
POST /session/d9454d953e25f098eb13b689e7306cf4/element/456c698f-a195-47f4-b188-e7aba48e53f3/click HTTP/1.1
User-Agent: selenium/4.1.2 (java windows)
Content-Length: 50
Content-Type: application/json; charset=utf-8
host: localhost:57305
accept: */*

Response DefaultHttpResponse(decodeResult: success, version: HTTP/1.1)
HTTP/1.1 200 OK
Content-Type: application/json; charset=utf-8
cache-control: no-cache
content-length: 14

19:26:46.544 [AsyncHttpClient-1-7] DEBUG org.asynchttpclient.netty.channel.ChannelManager - Adding key: http://localhost:57305 for channel [id: 0x515be658, L:/127.0.0.1:56909 - R:localhost/127.0.0.1:57305]
19:26:46.552 [Forwarding get on session d9454d953e25f098eb13b689e7306cf4 to remote] DEBUG org.asynchttpclient.netty.request.NettyRequestSender - Using pooled Channel '[id: 0x515be658, L:/127.0.0.1:56909 - R:localhost/127.0.0.1:57305]' for 'POST' to 'http://localhost:57305/session/d9454d953e25f098eb13b689e7306cf4/url'
19:26:46.552 [Forwarding get on session d9454d953e25f098eb13b689e7306cf4 to remote] DEBUG org.asynchttpclient.netty.request.NettyRequestSender - Using open Channel [id: 0x515be658, L:/127.0.0.1:56909 - R:localhost/127.0.0.1:57305] for POST '/session/d9454d953e25f098eb13b689e7306cf4/url'
19:26:46.974 [AsyncHttpClient-1-7] DEBUG org.asynchttpclient.netty.handler.HttpHandler - 

Request DefaultHttpRequest(decodeResult: success, version: HTTP/1.1)
POST /session/d9454d953e25f098eb13b689e7306cf4/url HTTP/1.1
User-Agent: selenium/4.1.2 (java windows)
Content-Length: 67
Content-Type: application/json; charset=utf-8
host: localhost:57305
accept: */*

Response DefaultHttpResponse(decodeResult: success, version: HTTP/1.1)
HTTP/1.1 200 OK
Content-Type: application/json; charset=utf-8
cache-control: no-cache
content-length: 14

19:26:46.976 [AsyncHttpClient-1-7] DEBUG org.asynchttpclient.netty.channel.ChannelManager - Adding key: http://localhost:57305 for channel [id: 0x515be658, L:/127.0.0.1:56909 - R:localhost/127.0.0.1:57305]
19:26:46.979 [Forwarding getCurrentUrl on session d9454d953e25f098eb13b689e7306cf4 to remote] DEBUG org.asynchttpclient.netty.request.NettyRequestSender - Using pooled Channel '[id: 0x515be658, L:/127.0.0.1:56909 - R:localhost/127.0.0.1:57305]' for 'GET' to 'http://localhost:57305/session/d9454d953e25f098eb13b689e7306cf4/url'
19:26:46.979 [Forwarding getCurrentUrl on session d9454d953e25f098eb13b689e7306cf4 to remote] DEBUG org.asynchttpclient.netty.request.NettyRequestSender - Using open Channel [id: 0x515be658, L:/127.0.0.1:56909 - R:localhost/127.0.0.1:57305] for GET '/session/d9454d953e25f098eb13b689e7306cf4/url'
19:26:46.987 [AsyncHttpClient-1-7] DEBUG org.asynchttpclient.netty.handler.HttpHandler - 

Request DefaultFullHttpRequest(decodeResult: success, version: HTTP/1.1, content: EmptyByteBufBE)
GET /session/d9454d953e25f098eb13b689e7306cf4/url HTTP/1.1
User-Agent: selenium/4.1.2 (java windows)
Cache-Control: no-cache
Content-Type: application/json; charset=utf-8
host: localhost:57305
accept: */*

Response DefaultHttpResponse(decodeResult: success, version: HTTP/1.1)
HTTP/1.1 200 OK
Content-Type: application/json; charset=utf-8
cache-control: no-cache
content-length: 44

19:26:46.987 [AsyncHttpClient-1-7] DEBUG org.asynchttpclient.netty.channel.ChannelManager - Adding key: http://localhost:57305 for channel [id: 0x515be658, L:/127.0.0.1:56909 - R:localhost/127.0.0.1:57305]
19:26:46.992 [Forwarding findElement on session d9454d953e25f098eb13b689e7306cf4 to remote] DEBUG org.asynchttpclient.netty.request.NettyRequestSender - Using pooled Channel '[id: 0x515be658, L:/127.0.0.1:56909 - R:localhost/127.0.0.1:57305]' for 'POST' to 'http://localhost:57305/session/d9454d953e25f098eb13b689e7306cf4/element'
19:26:46.992 [Forwarding findElement on session d9454d953e25f098eb13b689e7306cf4 to remote] DEBUG org.asynchttpclient.netty.request.NettyRequestSender - Using open Channel [id: 0x515be658, L:/127.0.0.1:56909 - R:localhost/127.0.0.1:57305] for POST '/session/d9454d953e25f098eb13b689e7306cf4/element'
19:26:46.994 [AsyncHttpClient-1-7] DEBUG org.asynchttpclient.netty.handler.HttpHandler - 

Request DefaultHttpRequest(decodeResult: success, version: HTTP/1.1)
POST /session/d9454d953e25f098eb13b689e7306cf4/element HTTP/1.1
User-Agent: selenium/4.1.2 (java windows)
Content-Length: 50
Content-Type: application/json; charset=utf-8
host: localhost:57305
accept: */*

Response DefaultHttpResponse(decodeResult: success, version: HTTP/1.1)
HTTP/1.1 400 Bad Request
Content-Type: application/json; charset=utf-8
cache-control: no-cache
content-length: 958

19:26:46.997 [AsyncHttpClient-1-7] DEBUG org.asynchttpclient.netty.channel.ChannelManager - Adding key: http://localhost:57305 for channel [id: 0x515be658, L:/127.0.0.1:56909 - R:localhost/127.0.0.1:57305]
19:26:46.999 [Forwarding findElement on session d9454d953e25f098eb13b689e7306cf4 to remote] DEBUG org.asynchttpclient.netty.request.NettyRequestSender - Using pooled Channel '[id: 0x515be658, L:/127.0.0.1:56909 - R:localhost/127.0.0.1:57305]' for 'POST' to 'http://localhost:57305/session/d9454d953e25f098eb13b689e7306cf4/element'
19:26:46.999 [Forwarding findElement on session d9454d953e25f098eb13b689e7306cf4 to remote] DEBUG org.asynchttpclient.netty.request.NettyRequestSender - Using open Channel [id: 0x515be658, L:/127.0.0.1:56909 - R:localhost/127.0.0.1:57305] for POST '/session/d9454d953e25f098eb13b689e7306cf4/element'
19:26:47.016 [AsyncHttpClient-1-7] DEBUG org.asynchttpclient.netty.handler.HttpHandler - 

Request DefaultHttpRequest(decodeResult: success, version: HTTP/1.1)
POST /session/d9454d953e25f098eb13b689e7306cf4/element HTTP/1.1
User-Agent: selenium/4.1.2 (java windows)
Content-Length: 60
Content-Type: application/json; charset=utf-8
host: localhost:57305
accept: */*

Response DefaultHttpResponse(decodeResult: success, version: HTTP/1.1)
HTTP/1.1 200 OK
Content-Type: application/json; charset=utf-8
cache-control: no-cache
content-length: 88

19:26:47.019 [AsyncHttpClient-1-7] DEBUG org.asynchttpclient.netty.channel.ChannelManager - Adding key: http://localhost:57305 for channel [id: 0x515be658, L:/127.0.0.1:56909 - R:localhost/127.0.0.1:57305]
19:26:47.024 [Forwarding isElementDisplayed on session d9454d953e25f098eb13b689e7306cf4 to remote] DEBUG org.asynchttpclient.netty.request.NettyRequestSender - Using pooled Channel '[id: 0x515be658, L:/127.0.0.1:56909 - R:localhost/127.0.0.1:57305]' for 'POST' to 'http://localhost:57305/session/d9454d953e25f098eb13b689e7306cf4/execute/sync'
19:26:47.024 [Forwarding isElementDisplayed on session d9454d953e25f098eb13b689e7306cf4 to remote] DEBUG org.asynchttpclient.netty.request.NettyRequestSender - Using open Channel [id: 0x515be658, L:/127.0.0.1:56909 - R:localhost/127.0.0.1:57305] for POST '/session/d9454d953e25f098eb13b689e7306cf4/execute/sync'
19:26:47.044 [AsyncHttpClient-1-7] DEBUG org.asynchttpclient.netty.handler.HttpHandler - 

Request DefaultHttpRequest(decodeResult: success, version: HTTP/1.1)
POST /session/d9454d953e25f098eb13b689e7306cf4/execute/sync HTTP/1.1
User-Agent: selenium/4.1.2 (java windows)
Content-Length: 48780
Content-Type: application/json; charset=utf-8
host: localhost:57305
accept: */*

Response DefaultHttpResponse(decodeResult: success, version: HTTP/1.1)
HTTP/1.1 200 OK
Content-Type: application/json; charset=utf-8
cache-control: no-cache
content-length: 14

19:26:47.044 [AsyncHttpClient-1-7] DEBUG org.asynchttpclient.netty.channel.ChannelManager - Adding key: http://localhost:57305 for channel [id: 0x515be658, L:/127.0.0.1:56909 - R:localhost/127.0.0.1:57305]
  &amp#27;[32mWhen &amp#27;[0m&amp#27;[32mi click icon account and register&amp#27;[0m &amp#27;[90m# starter.stepdefinitions.registerStep.iClickIconAccountAndRegister()&amp#27;[0m
19:26:47.051 [Forwarding screenshot on session d9454d953e25f098eb13b689e7306cf4 to remote] DEBUG org.asynchttpclient.netty.request.NettyRequestSender - Using pooled Channel '[id: 0x515be658, L:/127.0.0.1:56909 - R:localhost/127.0.0.1:57305]' for 'GET' to 'http://localhost:57305/session/d9454d953e25f098eb13b689e7306cf4/screenshot'
19:26:47.054 [Forwarding screenshot on session d9454d953e25f098eb13b689e7306cf4 to remote] DEBUG org.asynchttpclient.netty.request.NettyRequestSender - Using open Channel [id: 0x515be658, L:/127.0.0.1:56909 - R:localhost/127.0.0.1:57305] for GET '/session/d9454d953e25f098eb13b689e7306cf4/screenshot'
19:26:47.200 [AsyncHttpClient-1-7] DEBUG org.asynchttpclient.netty.handler.HttpHandler - 

Request DefaultFullHttpRequest(decodeResult: success, version: HTTP/1.1, content: EmptyByteBufBE)
GET /session/d9454d953e25f098eb13b689e7306cf4/screenshot HTTP/1.1
User-Agent: selenium/4.1.2 (java windows)
Cache-Control: no-cache
Content-Type: application/json; charset=utf-8
host: localhost:57305
accept: */*

Response DefaultHttpResponse(decodeResult: success, version: HTTP/1.1)
HTTP/1.1 200 OK
Content-Type: application/json; charset=utf-8
cache-control: no-cache
content-length: 44716

19:26:47.200 [AsyncHttpClient-1-7] DEBUG org.asynchttpclient.netty.channel.ChannelManager - Adding key: http://localhost:57305 for channel [id: 0x515be658, L:/127.0.0.1:56909 - R:localhost/127.0.0.1:57305]
19:26:47.205 [main] DEBUG net.serenitybdd.core.photography.Darkroom - Send negative for processing for target\site\serenity\33ddfa6718aa2f09fc0e18bea197612047bccd0f362db96346f936c9007dfd9e.png
19:26:47.205 [Darkroom Processing Line] DEBUG net.serenitybdd.core.photography.DarkroomProcessingLine - Processing screenshot image in /var/screenshots/screenshot-6978533372178393129
19:26:47.205 [Darkroom Processing Line] DEBUG net.serenitybdd.core.photography.DarkroomProcessingLine - Saving screenshot to target\site\serenity\33ddfa6718aa2f09fc0e18bea197612047bccd0f362db96346f936c9007dfd9e.png
19:26:47.220 [Forwarding findElement on session d9454d953e25f098eb13b689e7306cf4 to remote] DEBUG org.asynchttpclient.netty.request.NettyRequestSender - Using pooled Channel '[id: 0x515be658, L:/127.0.0.1:56909 - R:localhost/127.0.0.1:57305]' for 'POST' to 'http://localhost:57305/session/d9454d953e25f098eb13b689e7306cf4/element'
19:26:47.220 [Forwarding findElement on session d9454d953e25f098eb13b689e7306cf4 to remote] DEBUG org.asynchttpclient.netty.request.NettyRequestSender - Using open Channel [id: 0x515be658, L:/127.0.0.1:56909 - R:localhost/127.0.0.1:57305] for POST '/session/d9454d953e25f098eb13b689e7306cf4/element'
19:26:47.245 [AsyncHttpClient-1-7] DEBUG org.asynchttpclient.netty.handler.HttpHandler - 

Request DefaultHttpRequest(decodeResult: success, version: HTTP/1.1)
POST /session/d9454d953e25f098eb13b689e7306cf4/element HTTP/1.1
User-Agent: selenium/4.1.2 (java windows)
Content-Length: 93
Content-Type: application/json; charset=utf-8
host: localhost:57305
accept: */*

Response DefaultHttpResponse(decodeResult: success, version: HTTP/1.1)
HTTP/1.1 200 OK
Content-Type: application/json; charset=utf-8
cache-control: no-cache
content-length: 88

19:26:47.245 [AsyncHttpClient-1-7] DEBUG org.asynchttpclient.netty.channel.ChannelManager - Adding key: http://localhost:57305 for channel [id: 0x515be658, L:/127.0.0.1:56909 - R:localhost/127.0.0.1:57305]
19:26:47.248 [Forwarding clearElement on session d9454d953e25f098eb13b689e7306cf4 to remote] DEBUG org.asynchttpclient.netty.request.NettyRequestSender - Using pooled Channel '[id: 0x515be658, L:/127.0.0.1:56909 - R:localhost/127.0.0.1:57305]' for 'POST' to 'http://localhost:57305/session/d9454d953e25f098eb13b689e7306cf4/element/eda483b4-9eea-4046-82ab-9bd42c12c706/clear'
19:26:47.248 [Forwarding clearElement on session d9454d953e25f098eb13b689e7306cf4 to remote] DEBUG org.asynchttpclient.netty.request.NettyRequestSender - Using open Channel [id: 0x515be658, L:/127.0.0.1:56909 - R:localhost/127.0.0.1:57305] for POST '/session/d9454d953e25f098eb13b689e7306cf4/element/eda483b4-9eea-4046-82ab-9bd42c12c706/clear'
19:26:47.316 [AsyncHttpClient-1-7] DEBUG org.asynchttpclient.netty.handler.HttpHandler - 

Request DefaultHttpRequest(decodeResult: success, version: HTTP/1.1)
POST /session/d9454d953e25f098eb13b689e7306cf4/element/eda483b4-9eea-4046-82ab-9bd42c12c706/clear HTTP/1.1
User-Agent: selenium/4.1.2 (java windows)
Content-Length: 50
Content-Type: application/json; charset=utf-8
host: localhost:57305
accept: */*

Response DefaultHttpResponse(decodeResult: success, version: HTTP/1.1)
HTTP/1.1 200 OK
Content-Type: application/json; charset=utf-8
cache-control: no-cache
content-length: 14

19:26:47.316 [AsyncHttpClient-1-7] DEBUG org.asynchttpclient.netty.channel.ChannelManager - Adding key: http://localhost:57305 for channel [id: 0x515be658, L:/127.0.0.1:56909 - R:localhost/127.0.0.1:57305]
19:26:47.321 [Forwarding sendKeysToElement on session d9454d953e25f098eb13b689e7306cf4 to remote] DEBUG org.asynchttpclient.netty.request.NettyRequestSender - Using pooled Channel '[id: 0x515be658, L:/127.0.0.1:56909 - R:localhost/127.0.0.1:57305]' for 'POST' to 'http://localhost:57305/session/d9454d953e25f098eb13b689e7306cf4/element/eda483b4-9eea-4046-82ab-9bd42c12c706/value'
19:26:47.321 [Forwarding sendKeysToElement on session d9454d953e25f098eb13b689e7306cf4 to remote] DEBUG org.asynchttpclient.netty.request.NettyRequestSender - Using open Channel [id: 0x515be658, L:/127.0.0.1:56909 - R:localhost/127.0.0.1:57305] for POST '/session/d9454d953e25f098eb13b689e7306cf4/element/eda483b4-9eea-4046-82ab-9bd42c12c706/value'
19:26:47.529 [AsyncHttpClient-1-7] DEBUG org.asynchttpclient.netty.handler.HttpHandler - 

Request DefaultHttpRequest(decodeResult: success, version: HTTP/1.1)
POST /session/d9454d953e25f098eb13b689e7306cf4/element/eda483b4-9eea-4046-82ab-9bd42c12c706/value HTTP/1.1
User-Agent: selenium/4.1.2 (java windows)
Content-Length: 171
Content-Type: application/json; charset=utf-8
host: localhost:57305
accept: */*

Response DefaultHttpResponse(decodeResult: success, version: HTTP/1.1)
HTTP/1.1 200 OK
Content-Type: application/json; charset=utf-8
cache-control: no-cache
content-length: 14

19:26:47.529 [AsyncHttpClient-1-7] DEBUG org.asynchttpclient.netty.channel.ChannelManager - Adding key: http://localhost:57305 for channel [id: 0x515be658, L:/127.0.0.1:56909 - R:localhost/127.0.0.1:57305]
  &amp#27;[32mAnd &amp#27;[0m&amp#27;[32mi input &amp#27;[0m&amp#27;[32m&amp#27;[1m"sonyaprds"&amp#27;[0m&amp#27;[32m my name&amp#27;[0m        &amp#27;[90m# starter.stepdefinitions.registerStep.iInputMyName(java.lang.String)&amp#27;[0m
19:26:47.544 [Forwarding screenshot on session d9454d953e25f098eb13b689e7306cf4 to remote] DEBUG org.asynchttpclient.netty.request.NettyRequestSender - Using pooled Channel '[id: 0x515be658, L:/127.0.0.1:56909 - R:localhost/127.0.0.1:57305]' for 'GET' to 'http://localhost:57305/session/d9454d953e25f098eb13b689e7306cf4/screenshot'
19:26:47.544 [Forwarding screenshot on session d9454d953e25f098eb13b689e7306cf4 to remote] DEBUG org.asynchttpclient.netty.request.NettyRequestSender - Using open Channel [id: 0x515be658, L:/127.0.0.1:56909 - R:localhost/127.0.0.1:57305] for GET '/session/d9454d953e25f098eb13b689e7306cf4/screenshot'
19:26:47.609 [AsyncHttpClient-1-1] DEBUG org.asynchttpclient.netty.channel.DefaultChannelPool - Entry count for : http://localhost:56910 : 1
19:26:47.790 [AsyncHttpClient-1-7] DEBUG org.asynchttpclient.netty.handler.HttpHandler - 

Request DefaultFullHttpRequest(decodeResult: success, version: HTTP/1.1, content: EmptyByteBufBE)
GET /session/d9454d953e25f098eb13b689e7306cf4/screenshot HTTP/1.1
User-Agent: selenium/4.1.2 (java windows)
Cache-Control: no-cache
Content-Type: application/json; charset=utf-8
host: localhost:57305
accept: */*

Response DefaultHttpResponse(decodeResult: success, version: HTTP/1.1)
HTTP/1.1 200 OK
Content-Type: application/json; charset=utf-8
cache-control: no-cache
content-length: 48484

19:26:47.790 [AsyncHttpClient-1-7] DEBUG org.asynchttpclient.netty.channel.ChannelManager - Adding key: http://localhost:57305 for channel [id: 0x515be658, L:/127.0.0.1:56909 - R:localhost/127.0.0.1:57305]
19:26:47.795 [main] DEBUG net.serenitybdd.core.photography.Darkroom - Send negative for processing for target\site\serenity\4e19ddf158e80afb3f92c2e807f232832c0657cd6aa6de41d056559d6b4d9f4b.png
19:26:47.795 [Darkroom Processing Line] DEBUG net.serenitybdd.core.photography.DarkroomProcessingLine - Processing screenshot image in /var/screenshots/screenshot-17607923085505154562
19:26:47.795 [Darkroom Processing Line] DEBUG net.serenitybdd.core.photography.DarkroomProcessingLine - Saving screenshot to target\site\serenity\4e19ddf158e80afb3f92c2e807f232832c0657cd6aa6de41d056559d6b4d9f4b.png
19:26:47.813 [Forwarding findElement on session d9454d953e25f098eb13b689e7306cf4 to remote] DEBUG org.asynchttpclient.netty.request.NettyRequestSender - Using pooled Channel '[id: 0x515be658, L:/127.0.0.1:56909 - R:localhost/127.0.0.1:57305]' for 'POST' to 'http://localhost:57305/session/d9454d953e25f098eb13b689e7306cf4/element'
19:26:47.813 [Forwarding findElement on session d9454d953e25f098eb13b689e7306cf4 to remote] DEBUG org.asynchttpclient.netty.request.NettyRequestSender - Using open Channel [id: 0x515be658, L:/127.0.0.1:56909 - R:localhost/127.0.0.1:57305] for POST '/session/d9454d953e25f098eb13b689e7306cf4/element'
19:26:47.835 [AsyncHttpClient-1-7] DEBUG org.asynchttpclient.netty.handler.HttpHandler - 

Request DefaultHttpRequest(decodeResult: success, version: HTTP/1.1)
POST /session/d9454d953e25f098eb13b689e7306cf4/element HTTP/1.1
User-Agent: selenium/4.1.2 (java windows)
Content-Length: 86
Content-Type: application/json; charset=utf-8
host: localhost:57305
accept: */*

Response DefaultHttpResponse(decodeResult: success, version: HTTP/1.1)
HTTP/1.1 200 OK
Content-Type: application/json; charset=utf-8
cache-control: no-cache
content-length: 88

19:26:47.838 [AsyncHttpClient-1-7] DEBUG org.asynchttpclient.netty.channel.ChannelManager - Adding key: http://localhost:57305 for channel [id: 0x515be658, L:/127.0.0.1:56909 - R:localhost/127.0.0.1:57305]
19:26:47.840 [Forwarding clearElement on session d9454d953e25f098eb13b689e7306cf4 to remote] DEBUG org.asynchttpclient.netty.request.NettyRequestSender - Using pooled Channel '[id: 0x515be658, L:/127.0.0.1:56909 - R:localhost/127.0.0.1:57305]' for 'POST' to 'http://localhost:57305/session/d9454d953e25f098eb13b689e7306cf4/element/6dfb5dc3-9c79-4f25-a8d8-db2b8bfea49e/clear'
19:26:47.840 [Forwarding clearElement on session d9454d953e25f098eb13b689e7306cf4 to remote] DEBUG org.asynchttpclient.netty.request.NettyRequestSender - Using open Channel [id: 0x515be658, L:/127.0.0.1:56909 - R:localhost/127.0.0.1:57305] for POST '/session/d9454d953e25f098eb13b689e7306cf4/element/6dfb5dc3-9c79-4f25-a8d8-db2b8bfea49e/clear'
19:26:47.894 [AsyncHttpClient-1-7] DEBUG org.asynchttpclient.netty.handler.HttpHandler - 

Request DefaultHttpRequest(decodeResult: success, version: HTTP/1.1)
POST /session/d9454d953e25f098eb13b689e7306cf4/element/6dfb5dc3-9c79-4f25-a8d8-db2b8bfea49e/clear HTTP/1.1
User-Agent: selenium/4.1.2 (java windows)
Content-Length: 50
Content-Type: application/json; charset=utf-8
host: localhost:57305
accept: */*

Response DefaultHttpResponse(decodeResult: success, version: HTTP/1.1)
HTTP/1.1 200 OK
Content-Type: application/json; charset=utf-8
cache-control: no-cache
content-length: 14

19:26:47.894 [AsyncHttpClient-1-7] DEBUG org.asynchttpclient.netty.channel.ChannelManager - Adding key: http://localhost:57305 for channel [id: 0x515be658, L:/127.0.0.1:56909 - R:localhost/127.0.0.1:57305]
19:26:47.899 [Forwarding sendKeysToElement on session d9454d953e25f098eb13b689e7306cf4 to remote] DEBUG org.asynchttpclient.netty.request.NettyRequestSender - Using pooled Channel '[id: 0x515be658, L:/127.0.0.1:56909 - R:localhost/127.0.0.1:57305]' for 'POST' to 'http://localhost:57305/session/d9454d953e25f098eb13b689e7306cf4/element/6dfb5dc3-9c79-4f25-a8d8-db2b8bfea49e/value'
19:26:47.899 [Forwarding sendKeysToElement on session d9454d953e25f098eb13b689e7306cf4 to remote] DEBUG org.asynchttpclient.netty.request.NettyRequestSender - Using open Channel [id: 0x515be658, L:/127.0.0.1:56909 - R:localhost/127.0.0.1:57305] for POST '/session/d9454d953e25f098eb13b689e7306cf4/element/6dfb5dc3-9c79-4f25-a8d8-db2b8bfea49e/value'
19:26:48.091 [AsyncHttpClient-1-7] DEBUG org.asynchttpclient.netty.handler.HttpHandler - 

Request DefaultHttpRequest(decodeResult: success, version: HTTP/1.1)
POST /session/d9454d953e25f098eb13b689e7306cf4/element/6dfb5dc3-9c79-4f25-a8d8-db2b8bfea49e/value HTTP/1.1
User-Agent: selenium/4.1.2 (java windows)
Content-Length: 231
Content-Type: application/json; charset=utf-8
host: localhost:57305
accept: */*

Response DefaultHttpResponse(decodeResult: success, version: HTTP/1.1)
HTTP/1.1 200 OK
Content-Type: application/json; charset=utf-8
cache-control: no-cache
content-length: 14

19:26:48.091 [AsyncHttpClient-1-7] DEBUG org.asynchttpclient.netty.channel.ChannelManager - Adding key: http://localhost:57305 for channel [id: 0x515be658, L:/127.0.0.1:56909 - R:localhost/127.0.0.1:57305]
  &amp#27;[32mAnd &amp#27;[0m&amp#27;[32mi input &amp#27;[0m&amp#27;[32m&amp#27;[1m"sonya@gmail.com"&amp#27;[0m&amp#27;[32m my email&amp#27;[0m &amp#27;[90m# starter.stepdefinitions.registerStep.iInputMyEmail(java.lang.String)&amp#27;[0m
19:26:48.106 [Forwarding screenshot on session d9454d953e25f098eb13b689e7306cf4 to remote] DEBUG org.asynchttpclient.netty.request.NettyRequestSender - Using pooled Channel '[id: 0x515be658, L:/127.0.0.1:56909 - R:localhost/127.0.0.1:57305]' for 'GET' to 'http://localhost:57305/session/d9454d953e25f098eb13b689e7306cf4/screenshot'
19:26:48.106 [Forwarding screenshot on session d9454d953e25f098eb13b689e7306cf4 to remote] DEBUG org.asynchttpclient.netty.request.NettyRequestSender - Using open Channel [id: 0x515be658, L:/127.0.0.1:56909 - R:localhost/127.0.0.1:57305] for GET '/session/d9454d953e25f098eb13b689e7306cf4/screenshot'
19:26:48.331 [AsyncHttpClient-1-7] DEBUG org.asynchttpclient.netty.handler.HttpHandler - 

Request DefaultFullHttpRequest(decodeResult: success, version: HTTP/1.1, content: EmptyByteBufBE)
GET /session/d9454d953e25f098eb13b689e7306cf4/screenshot HTTP/1.1
User-Agent: selenium/4.1.2 (java windows)
Cache-Control: no-cache
Content-Type: application/json; charset=utf-8
host: localhost:57305
accept: */*

Response DefaultHttpResponse(decodeResult: success, version: HTTP/1.1)
HTTP/1.1 200 OK
Content-Type: application/json; charset=utf-8
cache-control: no-cache
content-length: 55284

19:26:48.331 [AsyncHttpClient-1-7] DEBUG org.asynchttpclient.netty.channel.ChannelManager - Adding key: http://localhost:57305 for channel [id: 0x515be658, L:/127.0.0.1:56909 - R:localhost/127.0.0.1:57305]
19:26:48.336 [main] DEBUG net.serenitybdd.core.photography.Darkroom - Send negative for processing for target\site\serenity\84781c2bd17e783b26f8a81d15f490cf99a470207bcc3f1da27ac48a3c751357.png
19:26:48.336 [Darkroom Processing Line] DEBUG net.serenitybdd.core.photography.DarkroomProcessingLine - Processing screenshot image in /var/screenshots/screenshot-3006693471147520129
19:26:48.336 [Darkroom Processing Line] DEBUG net.serenitybdd.core.photography.DarkroomProcessingLine - Saving screenshot to target\site\serenity\84781c2bd17e783b26f8a81d15f490cf99a470207bcc3f1da27ac48a3c751357.png
19:26:48.353 [Forwarding findElement on session d9454d953e25f098eb13b689e7306cf4 to remote] DEBUG org.asynchttpclient.netty.request.NettyRequestSender - Using pooled Channel '[id: 0x515be658, L:/127.0.0.1:56909 - R:localhost/127.0.0.1:57305]' for 'POST' to 'http://localhost:57305/session/d9454d953e25f098eb13b689e7306cf4/element'
19:26:48.353 [Forwarding findElement on session d9454d953e25f098eb13b689e7306cf4 to remote] DEBUG org.asynchttpclient.netty.request.NettyRequestSender - Using open Channel [id: 0x515be658, L:/127.0.0.1:56909 - R:localhost/127.0.0.1:57305] for POST '/session/d9454d953e25f098eb13b689e7306cf4/element'
19:26:48.372 [AsyncHttpClient-1-7] DEBUG org.asynchttpclient.netty.handler.HttpHandler - 

Request DefaultHttpRequest(decodeResult: success, version: HTTP/1.1)
POST /session/d9454d953e25f098eb13b689e7306cf4/element HTTP/1.1
User-Agent: selenium/4.1.2 (java windows)
Content-Length: 89
Content-Type: application/json; charset=utf-8
host: localhost:57305
accept: */*

Response DefaultHttpResponse(decodeResult: success, version: HTTP/1.1)
HTTP/1.1 200 OK
Content-Type: application/json; charset=utf-8
cache-control: no-cache
content-length: 88

19:26:48.372 [AsyncHttpClient-1-7] DEBUG org.asynchttpclient.netty.channel.ChannelManager - Adding key: http://localhost:57305 for channel [id: 0x515be658, L:/127.0.0.1:56909 - R:localhost/127.0.0.1:57305]
19:26:48.375 [Forwarding clearElement on session d9454d953e25f098eb13b689e7306cf4 to remote] DEBUG org.asynchttpclient.netty.request.NettyRequestSender - Using pooled Channel '[id: 0x515be658, L:/127.0.0.1:56909 - R:localhost/127.0.0.1:57305]' for 'POST' to 'http://localhost:57305/session/d9454d953e25f098eb13b689e7306cf4/element/ab3bd311-969d-44bd-a5dd-123714b35cf7/clear'
19:26:48.375 [Forwarding clearElement on session d9454d953e25f098eb13b689e7306cf4 to remote] DEBUG org.asynchttpclient.netty.request.NettyRequestSender - Using open Channel [id: 0x515be658, L:/127.0.0.1:56909 - R:localhost/127.0.0.1:57305] for POST '/session/d9454d953e25f098eb13b689e7306cf4/element/ab3bd311-969d-44bd-a5dd-123714b35cf7/clear'
19:26:48.427 [AsyncHttpClient-1-7] DEBUG org.asynchttpclient.netty.handler.HttpHandler - 

Request DefaultHttpRequest(decodeResult: success, version: HTTP/1.1)
POST /session/d9454d953e25f098eb13b689e7306cf4/element/ab3bd311-969d-44bd-a5dd-123714b35cf7/clear HTTP/1.1
User-Agent: selenium/4.1.2 (java windows)
Content-Length: 50
Content-Type: application/json; charset=utf-8
host: localhost:57305
accept: */*

Response DefaultHttpResponse(decodeResult: success, version: HTTP/1.1)
HTTP/1.1 200 OK
Content-Type: application/json; charset=utf-8
cache-control: no-cache
content-length: 14

19:26:48.427 [AsyncHttpClient-1-7] DEBUG org.asynchttpclient.netty.channel.ChannelManager - Adding key: http://localhost:57305 for channel [id: 0x515be658, L:/127.0.0.1:56909 - R:localhost/127.0.0.1:57305]
19:26:48.434 [Forwarding sendKeysToElement on session d9454d953e25f098eb13b689e7306cf4 to remote] DEBUG org.asynchttpclient.netty.request.NettyRequestSender - Using pooled Channel '[id: 0x515be658, L:/127.0.0.1:56909 - R:localhost/127.0.0.1:57305]' for 'POST' to 'http://localhost:57305/session/d9454d953e25f098eb13b689e7306cf4/element/ab3bd311-969d-44bd-a5dd-123714b35cf7/value'
19:26:48.434 [Forwarding sendKeysToElement on session d9454d953e25f098eb13b689e7306cf4 to remote] DEBUG org.asynchttpclient.netty.request.NettyRequestSender - Using open Channel [id: 0x515be658, L:/127.0.0.1:56909 - R:localhost/127.0.0.1:57305] for POST '/session/d9454d953e25f098eb13b689e7306cf4/element/ab3bd311-969d-44bd-a5dd-123714b35cf7/value'
19:26:48.517 [AsyncHttpClient-1-7] DEBUG org.asynchttpclient.netty.handler.HttpHandler - 

Request DefaultHttpRequest(decodeResult: success, version: HTTP/1.1)
POST /session/d9454d953e25f098eb13b689e7306cf4/element/ab3bd311-969d-44bd-a5dd-123714b35cf7/value HTTP/1.1
User-Agent: selenium/4.1.2 (java windows)
Content-Length: 82
Content-Type: application/json; charset=utf-8
host: localhost:57305
accept: */*

Response DefaultHttpResponse(decodeResult: success, version: HTTP/1.1)
HTTP/1.1 200 OK
Content-Type: application/json; charset=utf-8
cache-control: no-cache
content-length: 14

19:26:48.517 [AsyncHttpClient-1-7] DEBUG org.asynchttpclient.netty.channel.ChannelManager - Adding key: http://localhost:57305 for channel [id: 0x515be658, L:/127.0.0.1:56909 - R:localhost/127.0.0.1:57305]
19:26:48.525 [Forwarding findElement on session d9454d953e25f098eb13b689e7306cf4 to remote] DEBUG org.asynchttpclient.netty.request.NettyRequestSender - Using pooled Channel '[id: 0x515be658, L:/127.0.0.1:56909 - R:localhost/127.0.0.1:57305]' for 'POST' to 'http://localhost:57305/session/d9454d953e25f098eb13b689e7306cf4/element'
19:26:48.525 [Forwarding findElement on session d9454d953e25f098eb13b689e7306cf4 to remote] DEBUG org.asynchttpclient.netty.request.NettyRequestSender - Using open Channel [id: 0x515be658, L:/127.0.0.1:56909 - R:localhost/127.0.0.1:57305] for POST '/session/d9454d953e25f098eb13b689e7306cf4/element'
19:26:48.538 [AsyncHttpClient-1-7] DEBUG org.asynchttpclient.netty.handler.HttpHandler - 

Request DefaultHttpRequest(decodeResult: success, version: HTTP/1.1)
POST /session/d9454d953e25f098eb13b689e7306cf4/element HTTP/1.1
User-Agent: selenium/4.1.2 (java windows)
Content-Length: 89
Content-Type: application/json; charset=utf-8
host: localhost:57305
accept: */*

Response DefaultHttpResponse(decodeResult: success, version: HTTP/1.1)
HTTP/1.1 200 OK
Content-Type: application/json; charset=utf-8
cache-control: no-cache
content-length: 88

19:26:48.538 [AsyncHttpClient-1-7] DEBUG org.asynchttpclient.netty.channel.ChannelManager - Adding key: http://localhost:57305 for channel [id: 0x515be658, L:/127.0.0.1:56909 - R:localhost/127.0.0.1:57305]
19:26:48.540 [Forwarding clearElement on session d9454d953e25f098eb13b689e7306cf4 to remote] DEBUG org.asynchttpclient.netty.request.NettyRequestSender - Using pooled Channel '[id: 0x515be658, L:/127.0.0.1:56909 - R:localhost/127.0.0.1:57305]' for 'POST' to 'http://localhost:57305/session/d9454d953e25f098eb13b689e7306cf4/element/ab3bd311-969d-44bd-a5dd-123714b35cf7/clear'
19:26:48.543 [Forwarding clearElement on session d9454d953e25f098eb13b689e7306cf4 to remote] DEBUG org.asynchttpclient.netty.request.NettyRequestSender - Using open Channel [id: 0x515be658, L:/127.0.0.1:56909 - R:localhost/127.0.0.1:57305] for POST '/session/d9454d953e25f098eb13b689e7306cf4/element/ab3bd311-969d-44bd-a5dd-123714b35cf7/clear'
19:26:48.576 [AsyncHttpClient-1-7] DEBUG org.asynchttpclient.netty.handler.HttpHandler - 

Request DefaultHttpRequest(decodeResult: success, version: HTTP/1.1)
POST /session/d9454d953e25f098eb13b689e7306cf4/element/ab3bd311-969d-44bd-a5dd-123714b35cf7/clear HTTP/1.1
User-Agent: selenium/4.1.2 (java windows)
Content-Length: 50
Content-Type: application/json; charset=utf-8
host: localhost:57305
accept: */*

Response DefaultHttpResponse(decodeResult: success, version: HTTP/1.1)
HTTP/1.1 200 OK
Content-Type: application/json; charset=utf-8
cache-control: no-cache
content-length: 14

19:26:48.576 [AsyncHttpClient-1-7] DEBUG org.asynchttpclient.netty.channel.ChannelManager - Adding key: http://localhost:57305 for channel [id: 0x515be658, L:/127.0.0.1:56909 - R:localhost/127.0.0.1:57305]
19:26:48.578 [Forwarding sendKeysToElement on session d9454d953e25f098eb13b689e7306cf4 to remote] DEBUG org.asynchttpclient.netty.request.NettyRequestSender - Using pooled Channel '[id: 0x515be658, L:/127.0.0.1:56909 - R:localhost/127.0.0.1:57305]' for 'POST' to 'http://localhost:57305/session/d9454d953e25f098eb13b689e7306cf4/element/ab3bd311-969d-44bd-a5dd-123714b35cf7/value'
19:26:48.578 [Forwarding sendKeysToElement on session d9454d953e25f098eb13b689e7306cf4 to remote] DEBUG org.asynchttpclient.netty.request.NettyRequestSender - Using open Channel [id: 0x515be658, L:/127.0.0.1:56909 - R:localhost/127.0.0.1:57305] for POST '/session/d9454d953e25f098eb13b689e7306cf4/element/ab3bd311-969d-44bd-a5dd-123714b35cf7/value'
19:26:48.609 [AsyncHttpClient-1-7] DEBUG org.asynchttpclient.netty.handler.HttpHandler - 

Request DefaultHttpRequest(decodeResult: success, version: HTTP/1.1)
POST /session/d9454d953e25f098eb13b689e7306cf4/element/ab3bd311-969d-44bd-a5dd-123714b35cf7/value HTTP/1.1
User-Agent: selenium/4.1.2 (java windows)
Content-Length: 82
Content-Type: application/json; charset=utf-8
host: localhost:57305
accept: */*

Response DefaultHttpResponse(decodeResult: success, version: HTTP/1.1)
HTTP/1.1 200 OK
Content-Type: application/json; charset=utf-8
cache-control: no-cache
content-length: 14

19:26:48.609 [AsyncHttpClient-1-7] DEBUG org.asynchttpclient.netty.channel.ChannelManager - Adding key: http://localhost:57305 for channel [id: 0x515be658, L:/127.0.0.1:56909 - R:localhost/127.0.0.1:57305]
  &amp#27;[32mAnd &amp#27;[0m&amp#27;[32mi input &amp#27;[0m&amp#27;[32m&amp#27;[1m""&amp#27;[0m&amp#27;[32m my password&amp#27;[0m             &amp#27;[90m# starter.stepdefinitions.registerStep.iInputMyPassword(java.lang.String)&amp#27;[0m
19:26:48.624 [Forwarding screenshot on session d9454d953e25f098eb13b689e7306cf4 to remote] DEBUG org.asynchttpclient.netty.request.NettyRequestSender - Using pooled Channel '[id: 0x515be658, L:/127.0.0.1:56909 - R:localhost/127.0.0.1:57305]' for 'GET' to 'http://localhost:57305/session/d9454d953e25f098eb13b689e7306cf4/screenshot'
19:26:48.624 [Forwarding screenshot on session d9454d953e25f098eb13b689e7306cf4 to remote] DEBUG org.asynchttpclient.netty.request.NettyRequestSender - Using open Channel [id: 0x515be658, L:/127.0.0.1:56909 - R:localhost/127.0.0.1:57305] for GET '/session/d9454d953e25f098eb13b689e7306cf4/screenshot'
19:26:48.709 [AsyncHttpClient-1-1] DEBUG org.asynchttpclient.netty.channel.DefaultChannelPool - Entry count for : http://localhost:56910 : 1
19:26:48.837 [AsyncHttpClient-1-7] DEBUG org.asynchttpclient.netty.handler.HttpHandler - 

Request DefaultFullHttpRequest(decodeResult: success, version: HTTP/1.1, content: EmptyByteBufBE)
GET /session/d9454d953e25f098eb13b689e7306cf4/screenshot HTTP/1.1
User-Agent: selenium/4.1.2 (java windows)
Cache-Control: no-cache
Content-Type: application/json; charset=utf-8
host: localhost:57305
accept: */*

Response DefaultHttpResponse(decodeResult: success, version: HTTP/1.1)
HTTP/1.1 200 OK
Content-Type: application/json; charset=utf-8
cache-control: no-cache
content-length: 53956

19:26:48.837 [AsyncHttpClient-1-7] DEBUG org.asynchttpclient.netty.channel.ChannelManager - Adding key: http://localhost:57305 for channel [id: 0x515be658, L:/127.0.0.1:56909 - R:localhost/127.0.0.1:57305]
19:26:48.842 [main] DEBUG net.serenitybdd.core.photography.Darkroom - Send negative for processing for target\site\serenity\fb9507af397575878b01b26ac7d2cf4473f443d46a4c6c7a63d943f1df5e4568.png
19:26:48.842 [Darkroom Processing Line] DEBUG net.serenitybdd.core.photography.DarkroomProcessingLine - Processing screenshot image in /var/screenshots/screenshot-6476767776603654165
19:26:48.842 [Darkroom Processing Line] DEBUG net.serenitybdd.core.photography.DarkroomProcessingLine - Saving screenshot to target\site\serenity\fb9507af397575878b01b26ac7d2cf4473f443d46a4c6c7a63d943f1df5e4568.png
19:26:48.856 [Forwarding findElement on session d9454d953e25f098eb13b689e7306cf4 to remote] DEBUG org.asynchttpclient.netty.request.NettyRequestSender - Using pooled Channel '[id: 0x515be658, L:/127.0.0.1:56909 - R:localhost/127.0.0.1:57305]' for 'POST' to 'http://localhost:57305/session/d9454d953e25f098eb13b689e7306cf4/element'
19:26:48.856 [Forwarding findElement on session d9454d953e25f098eb13b689e7306cf4 to remote] DEBUG org.asynchttpclient.netty.request.NettyRequestSender - Using open Channel [id: 0x515be658, L:/127.0.0.1:56909 - R:localhost/127.0.0.1:57305] for POST '/session/d9454d953e25f098eb13b689e7306cf4/element'
19:26:48.871 [AsyncHttpClient-1-7] DEBUG org.asynchttpclient.netty.handler.HttpHandler - 

Request DefaultHttpRequest(decodeResult: success, version: HTTP/1.1)
POST /session/d9454d953e25f098eb13b689e7306cf4/element HTTP/1.1
User-Agent: selenium/4.1.2 (java windows)
Content-Length: 75
Content-Type: application/json; charset=utf-8
host: localhost:57305
accept: */*

Response DefaultHttpResponse(decodeResult: success, version: HTTP/1.1)
HTTP/1.1 200 OK
Content-Type: application/json; charset=utf-8
cache-control: no-cache
content-length: 88

19:26:48.871 [AsyncHttpClient-1-7] DEBUG org.asynchttpclient.netty.channel.ChannelManager - Adding key: http://localhost:57305 for channel [id: 0x515be658, L:/127.0.0.1:56909 - R:localhost/127.0.0.1:57305]
19:26:48.873 [Forwarding getElementTagName on session d9454d953e25f098eb13b689e7306cf4 to remote] DEBUG org.asynchttpclient.netty.request.NettyRequestSender - Using pooled Channel '[id: 0x515be658, L:/127.0.0.1:56909 - R:localhost/127.0.0.1:57305]' for 'GET' to 'http://localhost:57305/session/d9454d953e25f098eb13b689e7306cf4/element/664cfdf9-d8f6-4749-9350-a37f49b38932/name'
19:26:48.873 [Forwarding getElementTagName on session d9454d953e25f098eb13b689e7306cf4 to remote] DEBUG org.asynchttpclient.netty.request.NettyRequestSender - Using open Channel [id: 0x515be658, L:/127.0.0.1:56909 - R:localhost/127.0.0.1:57305] for GET '/session/d9454d953e25f098eb13b689e7306cf4/element/664cfdf9-d8f6-4749-9350-a37f49b38932/name'
19:26:48.881 [AsyncHttpClient-1-7] DEBUG org.asynchttpclient.netty.handler.HttpHandler - 

Request DefaultFullHttpRequest(decodeResult: success, version: HTTP/1.1, content: EmptyByteBufBE)
GET /session/d9454d953e25f098eb13b689e7306cf4/element/664cfdf9-d8f6-4749-9350-a37f49b38932/name HTTP/1.1
User-Agent: selenium/4.1.2 (java windows)
Cache-Control: no-cache
Content-Type: application/json; charset=utf-8
host: localhost:57305
accept: */*

Response DefaultHttpResponse(decodeResult: success, version: HTTP/1.1)
HTTP/1.1 200 OK
Content-Type: application/json; charset=utf-8
cache-control: no-cache
content-length: 18

19:26:48.881 [AsyncHttpClient-1-7] DEBUG org.asynchttpclient.netty.channel.ChannelManager - Adding key: http://localhost:57305 for channel [id: 0x515be658, L:/127.0.0.1:56909 - R:localhost/127.0.0.1:57305]
19:26:48.883 [Forwarding getElementTagName on session d9454d953e25f098eb13b689e7306cf4 to remote] DEBUG org.asynchttpclient.netty.request.NettyRequestSender - Using pooled Channel '[id: 0x515be658, L:/127.0.0.1:56909 - R:localhost/127.0.0.1:57305]' for 'GET' to 'http://localhost:57305/session/d9454d953e25f098eb13b689e7306cf4/element/664cfdf9-d8f6-4749-9350-a37f49b38932/name'
19:26:48.883 [Forwarding getElementTagName on session d9454d953e25f098eb13b689e7306cf4 to remote] DEBUG org.asynchttpclient.netty.request.NettyRequestSender - Using open Channel [id: 0x515be658, L:/127.0.0.1:56909 - R:localhost/127.0.0.1:57305] for GET '/session/d9454d953e25f098eb13b689e7306cf4/element/664cfdf9-d8f6-4749-9350-a37f49b38932/name'
19:26:48.891 [AsyncHttpClient-1-7] DEBUG org.asynchttpclient.netty.handler.HttpHandler - 

Request DefaultFullHttpRequest(decodeResult: success, version: HTTP/1.1, content: EmptyByteBufBE)
GET /session/d9454d953e25f098eb13b689e7306cf4/element/664cfdf9-d8f6-4749-9350-a37f49b38932/name HTTP/1.1
User-Agent: selenium/4.1.2 (java windows)
Cache-Control: no-cache
Content-Type: application/json; charset=utf-8
host: localhost:57305
accept: */*

Response DefaultHttpResponse(decodeResult: success, version: HTTP/1.1)
HTTP/1.1 200 OK
Content-Type: application/json; charset=utf-8
cache-control: no-cache
content-length: 18

19:26:48.891 [AsyncHttpClient-1-7] DEBUG org.asynchttpclient.netty.channel.ChannelManager - Adding key: http://localhost:57305 for channel [id: 0x515be658, L:/127.0.0.1:56909 - R:localhost/127.0.0.1:57305]
19:26:48.893 [Forwarding isElementEnabled on session d9454d953e25f098eb13b689e7306cf4 to remote] DEBUG org.asynchttpclient.netty.request.NettyRequestSender - Using pooled Channel '[id: 0x515be658, L:/127.0.0.1:56909 - R:localhost/127.0.0.1:57305]' for 'GET' to 'http://localhost:57305/session/d9454d953e25f098eb13b689e7306cf4/element/664cfdf9-d8f6-4749-9350-a37f49b38932/enabled'
19:26:48.893 [Forwarding isElementEnabled on session d9454d953e25f098eb13b689e7306cf4 to remote] DEBUG org.asynchttpclient.netty.request.NettyRequestSender - Using open Channel [id: 0x515be658, L:/127.0.0.1:56909 - R:localhost/127.0.0.1:57305] for GET '/session/d9454d953e25f098eb13b689e7306cf4/element/664cfdf9-d8f6-4749-9350-a37f49b38932/enabled'
19:26:48.908 [AsyncHttpClient-1-7] DEBUG org.asynchttpclient.netty.handler.HttpHandler - 

Request DefaultFullHttpRequest(decodeResult: success, version: HTTP/1.1, content: EmptyByteBufBE)
GET /session/d9454d953e25f098eb13b689e7306cf4/element/664cfdf9-d8f6-4749-9350-a37f49b38932/enabled HTTP/1.1
User-Agent: selenium/4.1.2 (java windows)
Cache-Control: no-cache
Content-Type: application/json; charset=utf-8
host: localhost:57305
accept: */*

Response DefaultHttpResponse(decodeResult: success, version: HTTP/1.1)
HTTP/1.1 200 OK
Content-Type: application/json; charset=utf-8
cache-control: no-cache
content-length: 14

19:26:48.908 [AsyncHttpClient-1-7] DEBUG org.asynchttpclient.netty.channel.ChannelManager - Adding key: http://localhost:57305 for channel [id: 0x515be658, L:/127.0.0.1:56909 - R:localhost/127.0.0.1:57305]
19:26:48.911 [Forwarding isElementEnabled on session d9454d953e25f098eb13b689e7306cf4 to remote] DEBUG org.asynchttpclient.netty.request.NettyRequestSender - Using pooled Channel '[id: 0x515be658, L:/127.0.0.1:56909 - R:localhost/127.0.0.1:57305]' for 'GET' to 'http://localhost:57305/session/d9454d953e25f098eb13b689e7306cf4/element/664cfdf9-d8f6-4749-9350-a37f49b38932/enabled'
19:26:48.911 [Forwarding isElementEnabled on session d9454d953e25f098eb13b689e7306cf4 to remote] DEBUG org.asynchttpclient.netty.request.NettyRequestSender - Using open Channel [id: 0x515be658, L:/127.0.0.1:56909 - R:localhost/127.0.0.1:57305] for GET '/session/d9454d953e25f098eb13b689e7306cf4/element/664cfdf9-d8f6-4749-9350-a37f49b38932/enabled'
19:26:48.921 [AsyncHttpClient-1-7] DEBUG org.asynchttpclient.netty.handler.HttpHandler - 

Request DefaultFullHttpRequest(decodeResult: success, version: HTTP/1.1, content: EmptyByteBufBE)
GET /session/d9454d953e25f098eb13b689e7306cf4/element/664cfdf9-d8f6-4749-9350-a37f49b38932/enabled HTTP/1.1
User-Agent: selenium/4.1.2 (java windows)
Cache-Control: no-cache
Content-Type: application/json; charset=utf-8
host: localhost:57305
accept: */*

Response DefaultHttpResponse(decodeResult: success, version: HTTP/1.1)
HTTP/1.1 200 OK
Content-Type: application/json; charset=utf-8
cache-control: no-cache
content-length: 14

19:26:48.921 [AsyncHttpClient-1-7] DEBUG org.asynchttpclient.netty.channel.ChannelManager - Adding key: http://localhost:57305 for channel [id: 0x515be658, L:/127.0.0.1:56909 - R:localhost/127.0.0.1:57305]
19:26:48.923 [Forwarding findElement on session d9454d953e25f098eb13b689e7306cf4 to remote] DEBUG org.asynchttpclient.netty.request.NettyRequestSender - Using pooled Channel '[id: 0x515be658, L:/127.0.0.1:56909 - R:localhost/127.0.0.1:57305]' for 'POST' to 'http://localhost:57305/session/d9454d953e25f098eb13b689e7306cf4/element'
19:26:48.923 [Forwarding findElement on session d9454d953e25f098eb13b689e7306cf4 to remote] DEBUG org.asynchttpclient.netty.request.NettyRequestSender - Using open Channel [id: 0x515be658, L:/127.0.0.1:56909 - R:localhost/127.0.0.1:57305] for POST '/session/d9454d953e25f098eb13b689e7306cf4/element'
19:26:48.935 [AsyncHttpClient-1-7] DEBUG org.asynchttpclient.netty.handler.HttpHandler - 

Request DefaultHttpRequest(decodeResult: success, version: HTTP/1.1)
POST /session/d9454d953e25f098eb13b689e7306cf4/element HTTP/1.1
User-Agent: selenium/4.1.2 (java windows)
Content-Length: 75
Content-Type: application/json; charset=utf-8
host: localhost:57305
accept: */*

Response DefaultHttpResponse(decodeResult: success, version: HTTP/1.1)
HTTP/1.1 200 OK
Content-Type: application/json; charset=utf-8
cache-control: no-cache
content-length: 88

19:26:48.935 [AsyncHttpClient-1-7] DEBUG org.asynchttpclient.netty.channel.ChannelManager - Adding key: http://localhost:57305 for channel [id: 0x515be658, L:/127.0.0.1:56909 - R:localhost/127.0.0.1:57305]
19:26:48.938 [Forwarding clickElement on session d9454d953e25f098eb13b689e7306cf4 to remote] DEBUG org.asynchttpclient.netty.request.NettyRequestSender - Using pooled Channel '[id: 0x515be658, L:/127.0.0.1:56909 - R:localhost/127.0.0.1:57305]' for 'POST' to 'http://localhost:57305/session/d9454d953e25f098eb13b689e7306cf4/element/664cfdf9-d8f6-4749-9350-a37f49b38932/click'
19:26:48.938 [Forwarding clickElement on session d9454d953e25f098eb13b689e7306cf4 to remote] DEBUG org.asynchttpclient.netty.request.NettyRequestSender - Using open Channel [id: 0x515be658, L:/127.0.0.1:56909 - R:localhost/127.0.0.1:57305] for POST '/session/d9454d953e25f098eb13b689e7306cf4/element/664cfdf9-d8f6-4749-9350-a37f49b38932/click'
19:26:49.003 [AsyncHttpClient-1-7] DEBUG org.asynchttpclient.netty.handler.HttpHandler - 

Request DefaultHttpRequest(decodeResult: success, version: HTTP/1.1)
POST /session/d9454d953e25f098eb13b689e7306cf4/element/664cfdf9-d8f6-4749-9350-a37f49b38932/click HTTP/1.1
User-Agent: selenium/4.1.2 (java windows)
Content-Length: 50
Content-Type: application/json; charset=utf-8
host: localhost:57305
accept: */*

Response DefaultHttpResponse(decodeResult: success, version: HTTP/1.1)
HTTP/1.1 200 OK
Content-Type: application/json; charset=utf-8
cache-control: no-cache
content-length: 14

19:26:49.003 [AsyncHttpClient-1-7] DEBUG org.asynchttpclient.netty.channel.ChannelManager - Adding key: http://localhost:57305 for channel [id: 0x515be658, L:/127.0.0.1:56909 - R:localhost/127.0.0.1:57305]
  &amp#27;[32mAnd &amp#27;[0m&amp#27;[32mi click register button&amp#27;[0m            &amp#27;[90m# starter.stepdefinitions.registerStep.iClickRegisterButton()&amp#27;[0m
19:26:49.013 [Forwarding screenshot on session d9454d953e25f098eb13b689e7306cf4 to remote] DEBUG org.asynchttpclient.netty.request.NettyRequestSender - Using pooled Channel '[id: 0x515be658, L:/127.0.0.1:56909 - R:localhost/127.0.0.1:57305]' for 'GET' to 'http://localhost:57305/session/d9454d953e25f098eb13b689e7306cf4/screenshot'
19:26:49.013 [Forwarding screenshot on session d9454d953e25f098eb13b689e7306cf4 to remote] DEBUG org.asynchttpclient.netty.request.NettyRequestSender - Using open Channel [id: 0x515be658, L:/127.0.0.1:56909 - R:localhost/127.0.0.1:57305] for GET '/session/d9454d953e25f098eb13b689e7306cf4/screenshot'
19:26:49.460 [AsyncHttpClient-1-7] DEBUG org.asynchttpclient.netty.handler.HttpHandler - 

Request DefaultFullHttpRequest(decodeResult: success, version: HTTP/1.1, content: EmptyByteBufBE)
GET /session/d9454d953e25f098eb13b689e7306cf4/screenshot HTTP/1.1
User-Agent: selenium/4.1.2 (java windows)
Cache-Control: no-cache
Content-Type: application/json; charset=utf-8
host: localhost:57305
accept: */*

Response DefaultHttpResponse(decodeResult: success, version: HTTP/1.1)
HTTP/1.1 200 OK
Content-Type: application/json; charset=utf-8
cache-control: no-cache
content-length: 55028

19:26:49.460 [AsyncHttpClient-1-7] DEBUG org.asynchttpclient.netty.channel.ChannelManager - Adding key: http://localhost:57305 for channel [id: 0x515be658, L:/127.0.0.1:56909 - R:localhost/127.0.0.1:57305]
19:26:49.465 [main] DEBUG net.serenitybdd.core.photography.Darkroom - Send negative for processing for target\site\serenity\8472007436a79a757a1ddecd34b89dcc11b43c7570003327a4ea35b304a702a8.png
19:26:49.467 [Darkroom Processing Line] DEBUG net.serenitybdd.core.photography.DarkroomProcessingLine - Processing screenshot image in /var/screenshots/screenshot-1052442837360005183
19:26:49.467 [Darkroom Processing Line] DEBUG net.serenitybdd.core.photography.DarkroomProcessingLine - Saving screenshot to target\site\serenity\8472007436a79a757a1ddecd34b89dcc11b43c7570003327a4ea35b304a702a8.png
19:26:49.482 [Forwarding findElement on session d9454d953e25f098eb13b689e7306cf4 to remote] DEBUG org.asynchttpclient.netty.request.NettyRequestSender - Using pooled Channel '[id: 0x515be658, L:/127.0.0.1:56909 - R:localhost/127.0.0.1:57305]' for 'POST' to 'http://localhost:57305/session/d9454d953e25f098eb13b689e7306cf4/element'
19:26:49.482 [Forwarding findElement on session d9454d953e25f098eb13b689e7306cf4 to remote] DEBUG org.asynchttpclient.netty.request.NettyRequestSender - Using open Channel [id: 0x515be658, L:/127.0.0.1:56909 - R:localhost/127.0.0.1:57305] for POST '/session/d9454d953e25f098eb13b689e7306cf4/element'
19:26:49.495 [AsyncHttpClient-1-7] DEBUG org.asynchttpclient.netty.handler.HttpHandler - 

Request DefaultHttpRequest(decodeResult: success, version: HTTP/1.1)
POST /session/d9454d953e25f098eb13b689e7306cf4/element HTTP/1.1
User-Agent: selenium/4.1.2 (java windows)
Content-Length: 86
Content-Type: application/json; charset=utf-8
host: localhost:57305
accept: */*

Response DefaultHttpResponse(decodeResult: success, version: HTTP/1.1)
HTTP/1.1 200 OK
Content-Type: application/json; charset=utf-8
cache-control: no-cache
content-length: 88

19:26:49.495 [AsyncHttpClient-1-7] DEBUG org.asynchttpclient.netty.channel.ChannelManager - Adding key: http://localhost:57305 for channel [id: 0x515be658, L:/127.0.0.1:56909 - R:localhost/127.0.0.1:57305]
19:26:49.502 [Forwarding isElementDisplayed on session d9454d953e25f098eb13b689e7306cf4 to remote] DEBUG org.asynchttpclient.netty.request.NettyRequestSender - Using pooled Channel '[id: 0x515be658, L:/127.0.0.1:56909 - R:localhost/127.0.0.1:57305]' for 'POST' to 'http://localhost:57305/session/d9454d953e25f098eb13b689e7306cf4/execute/sync'
19:26:49.502 [Forwarding isElementDisplayed on session d9454d953e25f098eb13b689e7306cf4 to remote] DEBUG org.asynchttpclient.netty.request.NettyRequestSender - Using open Channel [id: 0x515be658, L:/127.0.0.1:56909 - R:localhost/127.0.0.1:57305] for POST '/session/d9454d953e25f098eb13b689e7306cf4/execute/sync'
19:26:49.522 [AsyncHttpClient-1-7] DEBUG org.asynchttpclient.netty.handler.HttpHandler - 

Request DefaultHttpRequest(decodeResult: success, version: HTTP/1.1)
POST /session/d9454d953e25f098eb13b689e7306cf4/execute/sync HTTP/1.1
User-Agent: selenium/4.1.2 (java windows)
Content-Length: 48780
Content-Type: application/json; charset=utf-8
host: localhost:57305
accept: */*

Response DefaultHttpResponse(decodeResult: success, version: HTTP/1.1)
HTTP/1.1 200 OK
Content-Type: application/json; charset=utf-8
cache-control: no-cache
content-length: 14

19:26:49.522 [AsyncHttpClient-1-7] DEBUG org.asynchttpclient.netty.channel.ChannelManager - Adding key: http://localhost:57305 for channel [id: 0x515be658, L:/127.0.0.1:56909 - R:localhost/127.0.0.1:57305]
19:26:49.525 [Forwarding findElement on session d9454d953e25f098eb13b689e7306cf4 to remote] DEBUG org.asynchttpclient.netty.request.NettyRequestSender - Using pooled Channel '[id: 0x515be658, L:/127.0.0.1:56909 - R:localhost/127.0.0.1:57305]' for 'POST' to 'http://localhost:57305/session/d9454d953e25f098eb13b689e7306cf4/element'
19:26:49.525 [Forwarding findElement on session d9454d953e25f098eb13b689e7306cf4 to remote] DEBUG org.asynchttpclient.netty.request.NettyRequestSender - Using open Channel [id: 0x515be658, L:/127.0.0.1:56909 - R:localhost/127.0.0.1:57305] for POST '/session/d9454d953e25f098eb13b689e7306cf4/element'
19:26:49.540 [AsyncHttpClient-1-7] DEBUG org.asynchttpclient.netty.handler.HttpHandler - 

Request DefaultHttpRequest(decodeResult: success, version: HTTP/1.1)
POST /session/d9454d953e25f098eb13b689e7306cf4/element HTTP/1.1
User-Agent: selenium/4.1.2 (java windows)
Content-Length: 149
Content-Type: application/json; charset=utf-8
host: localhost:57305
accept: */*

Response DefaultHttpResponse(decodeResult: success, version: HTTP/1.1)
HTTP/1.1 200 OK
Content-Type: application/json; charset=utf-8
cache-control: no-cache
content-length: 88

19:26:49.542 [AsyncHttpClient-1-7] DEBUG org.asynchttpclient.netty.channel.ChannelManager - Adding key: http://localhost:57305 for channel [id: 0x515be658, L:/127.0.0.1:56909 - R:localhost/127.0.0.1:57305]
19:26:49.547 [Forwarding isElementDisplayed on session d9454d953e25f098eb13b689e7306cf4 to remote] DEBUG org.asynchttpclient.netty.request.NettyRequestSender - Using pooled Channel '[id: 0x515be658, L:/127.0.0.1:56909 - R:localhost/127.0.0.1:57305]' for 'POST' to 'http://localhost:57305/session/d9454d953e25f098eb13b689e7306cf4/execute/sync'
19:26:49.547 [Forwarding isElementDisplayed on session d9454d953e25f098eb13b689e7306cf4 to remote] DEBUG org.asynchttpclient.netty.request.NettyRequestSender - Using open Channel [id: 0x515be658, L:/127.0.0.1:56909 - R:localhost/127.0.0.1:57305] for POST '/session/d9454d953e25f098eb13b689e7306cf4/execute/sync'
19:26:49.562 [AsyncHttpClient-1-7] DEBUG org.asynchttpclient.netty.handler.HttpHandler - 

Request DefaultHttpRequest(decodeResult: success, version: HTTP/1.1)
POST /session/d9454d953e25f098eb13b689e7306cf4/execute/sync HTTP/1.1
User-Agent: selenium/4.1.2 (java windows)
Content-Length: 48780
Content-Type: application/json; charset=utf-8
host: localhost:57305
accept: */*

Response DefaultHttpResponse(decodeResult: success, version: HTTP/1.1)
HTTP/1.1 200 OK
Content-Type: application/json; charset=utf-8
cache-control: no-cache
content-length: 14

19:26:49.562 [AsyncHttpClient-1-7] DEBUG org.asynchttpclient.netty.channel.ChannelManager - Adding key: http://localhost:57305 for channel [id: 0x515be658, L:/127.0.0.1:56909 - R:localhost/127.0.0.1:57305]
  &amp#27;[32mThen &amp#27;[0m&amp#27;[32mi get my &amp#27;[0m&amp#27;[32m&amp#27;[1m"Register Page"&amp#27;[0m          &amp#27;[90m# starter.stepdefinitions.registerStep.iGetMy(java.lang.String)&amp#27;[0m
19:26:49.572 [Forwarding screenshot on session d9454d953e25f098eb13b689e7306cf4 to remote] DEBUG org.asynchttpclient.netty.request.NettyRequestSender - Using pooled Channel '[id: 0x515be658, L:/127.0.0.1:56909 - R:localhost/127.0.0.1:57305]' for 'GET' to 'http://localhost:57305/session/d9454d953e25f098eb13b689e7306cf4/screenshot'
19:26:49.572 [Forwarding screenshot on session d9454d953e25f098eb13b689e7306cf4 to remote] DEBUG org.asynchttpclient.netty.request.NettyRequestSender - Using open Channel [id: 0x515be658, L:/127.0.0.1:56909 - R:localhost/127.0.0.1:57305] for GET '/session/d9454d953e25f098eb13b689e7306cf4/screenshot'
19:26:49.764 [AsyncHttpClient-1-7] DEBUG org.asynchttpclient.netty.handler.HttpHandler - 

Request DefaultFullHttpRequest(decodeResult: success, version: HTTP/1.1, content: EmptyByteBufBE)
GET /session/d9454d953e25f098eb13b689e7306cf4/screenshot HTTP/1.1
User-Agent: selenium/4.1.2 (java windows)
Cache-Control: no-cache
Content-Type: application/json; charset=utf-8
host: localhost:57305
accept: */*

Response DefaultHttpResponse(decodeResult: success, version: HTTP/1.1)
HTTP/1.1 200 OK
Content-Type: application/json; charset=utf-8
cache-control: no-cache
content-length: 56896

19:26:49.766 [AsyncHttpClient-1-7] DEBUG org.asynchttpclient.netty.channel.ChannelManager - Adding key: http://localhost:57305 for channel [id: 0x515be658, L:/127.0.0.1:56909 - R:localhost/127.0.0.1:57305]
19:26:49.770 [main] DEBUG net.serenitybdd.core.photography.Darkroom - Send negative for processing for target\site\serenity\45c3be5bae99d35ce8d22fd3c973b233cdfbffd170771ac2d6b3067dc18ae217.png
19:26:49.771 [Darkroom Processing Line] DEBUG net.serenitybdd.core.photography.DarkroomProcessingLine - Processing screenshot image in /var/screenshots/screenshot-14532131731487353839
19:26:49.771 [Darkroom Processing Line] DEBUG net.serenitybdd.core.photography.DarkroomProcessingLine - Saving screenshot to target\site\serenity\45c3be5bae99d35ce8d22fd3c973b233cdfbffd170771ac2d6b3067dc18ae217.png
19:26:49.780 [AsyncHttpClient-1-9] DEBUG org.asynchttpclient.netty.handler.WebSocketHandler - Channel Closed: [id: 0xa3564cda, L:/127.0.0.1:56920 ! R:localhost/127.0.0.1:56910] with attribute NettyResponseFuture{currentRetry=5,
	isDone=1,
	isCancelled=0,
	asyncHandler=org.asynchttpclient.ws.WebSocketUpgradeHandler@631fc0c9,
	nettyRequest=org.asynchttpclient.netty.request.NettyRequest@5febb345,
	future=java.util.concurrent.CompletableFuture@1b515040[Completed normally],
	uri=ws://localhost:56910/devtools/browser/cff71d81-1118-4e02-a71e-7aa286acf1bb,
	keepAlive=true,
	redirectCount=0,
	timeoutsHolder=null,
	inAuth=0,
	touch=1651321599989}
19:26:49.780 [AsyncHttpClient-1-9] DEBUG org.asynchttpclient.netty.channel.ChannelManager - Closing Channel [id: 0xa3564cda, L:/127.0.0.1:56920 ! R:localhost/127.0.0.1:56910] 
19:26:49.781 [Driver Command Executor] DEBUG org.asynchttpclient.netty.request.NettyRequestSender - Using pooled Channel '[id: 0x515be658, L:/127.0.0.1:56909 - R:localhost/127.0.0.1:57305]' for 'DELETE' to 'http://localhost:57305/session/d9454d953e25f098eb13b689e7306cf4'
19:26:49.781 [Driver Command Executor] DEBUG org.asynchttpclient.netty.request.NettyRequestSender - Using open Channel [id: 0x515be658, L:/127.0.0.1:56909 - R:localhost/127.0.0.1:57305] for DELETE '/session/d9454d953e25f098eb13b689e7306cf4'
19:26:49.810 [AsyncHttpClient-1-1] DEBUG org.asynchttpclient.netty.channel.DefaultChannelPool - Entry count for : http://localhost:56910 : 1
19:26:49.834 [AsyncHttpClient-1-8] DEBUG org.asynchttpclient.netty.handler.HttpHandler - Unexpected I/O exception on channel [id: 0x2cb0ba3e, L:/127.0.0.1:56919 - R:localhost/127.0.0.1:56910]
java.net.SocketException: Connection reset
	at java.base/sun.nio.ch.SocketChannelImpl.throwConnectionReset(SocketChannelImpl.java:367)
	at java.base/sun.nio.ch.SocketChannelImpl.read(SocketChannelImpl.java:398)
	at io.netty.buffer.PooledByteBuf.setBytes(PooledByteBuf.java:258)
	at io.netty.buffer.AbstractByteBuf.writeBytes(AbstractByteBuf.java:1132)
	at io.netty.channel.socket.nio.NioSocketChannel.doReadBytes(NioSocketChannel.java:350)
	at io.netty.channel.nio.AbstractNioByteChannel$NioByteUnsafe.read(AbstractNioByteChannel.java:151)
	at io.netty.channel.nio.NioEventLoop.processSelectedKey(NioEventLoop.java:722)
	at io.netty.channel.nio.NioEventLoop.processSelectedKeysOptimized(NioEventLoop.java:658)
	at io.netty.channel.nio.NioEventLoop.processSelectedKeys(NioEventLoop.java:584)
	at io.netty.channel.nio.NioEventLoop.run(NioEventLoop.java:496)
	at io.netty.util.concurrent.SingleThreadEventExecutor$4.run(SingleThreadEventExecutor.java:986)
	at io.netty.util.internal.ThreadExecutorMap$2.run(ThreadExecutorMap.java:74)
	at io.netty.util.concurrent.FastThreadLocalRunnable.run(FastThreadLocalRunnable.java:30)
	at java.base/java.lang.Thread.run(Thread.java:832)
19:26:49.837 [AsyncHttpClient-1-8] DEBUG org.asynchttpclient.netty.channel.ChannelManager - Closing Channel [id: 0x2cb0ba3e, L:/127.0.0.1:56919 - R:localhost/127.0.0.1:56910] 
19:26:49.837 [AsyncHttpClient-1-8] DEBUG org.asynchttpclient.netty.handler.HttpHandler - Channel Closed: [id: 0x2cb0ba3e, L:/127.0.0.1:56919 ! R:localhost/127.0.0.1:56910] with attribute DISCARD
19:26:49.863 [AsyncHttpClient-1-7] DEBUG org.asynchttpclient.netty.handler.HttpHandler - 

Request DefaultFullHttpRequest(decodeResult: success, version: HTTP/1.1, content: EmptyByteBufBE)
DELETE /session/d9454d953e25f098eb13b689e7306cf4 HTTP/1.1
User-Agent: selenium/4.1.2 (java windows)
Content-Type: application/json; charset=utf-8
host: localhost:57305
accept: */*

Response DefaultHttpResponse(decodeResult: success, version: HTTP/1.1)
HTTP/1.1 200 OK
Content-Type: application/json; charset=utf-8
cache-control: no-cache
content-length: 14

19:26:49.863 [AsyncHttpClient-1-7] DEBUG org.asynchttpclient.netty.channel.ChannelManager - Adding key: http://localhost:57305 for channel [id: 0x515be658, L:/127.0.0.1:56909 - R:localhost/127.0.0.1:57305]
19:26:50.173 [AsyncHttpClient-1-7] DEBUG org.asynchttpclient.netty.handler.HttpHandler - Channel Closed: [id: 0x515be658, L:/127.0.0.1:56909 ! R:localhost/127.0.0.1:57305] with attribute DISCARD
19:26:50.689 [main] INFO  - 
  _____   ___   ___   _____     ___     _     ___   ___   ___   ___  
 |_   _| | __| / __| |_   _|   | _ \   /_\   / __| / __| | __| |   \ 
   | |   | _|  \__ \   | |     |  _/  / _ \  \__ \ \__ \ | _|  | |) |
   |_|   |___| |___/   |_|     |_|   /_/ \_\ |___/ |___/ |___| |___/ 

Registration scenario
----------------------------------------------------------------------
]]></system-out>
    <system-err><![CDATA[Starting ChromeDriver 100.0.4896.60 (6a5d10861ce8de5fce22564658033b43cb7de047-refs/branch-heads/4896@{#875}) on port 57305
Only local connections are allowed.
Please see https://chromedriver.chromium.org/security-considerations for suggestions on keeping ChromeDriver safe.
ChromeDriver was started successfully.
Apr 30, 2022 7:26:39 PM org.openqa.selenium.remote.ProtocolHandshake createSession
INFO: Detected dialect: W3C
Apr 30, 2022 7:26:39 PM org.openqa.selenium.devtools.CdpVersionFinder findNearestMatch
WARNING: Unable to find an exact match for CDP version 100, so returning the closest version found: 97
Apr 30, 2022 7:26:39 PM org.openqa.selenium.devtools.CdpVersionFinder findNearestMatch
INFO: Found CDP implementation for version 100 of 97
]]></system-err>
  </testcase>
</testsuite>